2021-07-11 17:26:13,224 DEBUG [urllib3.connectionpool] _new_conn:971: Starting new HTTPS connection (1): pan.lanzous.com:443
2021-07-11 17:26:13,264 DEBUG [urllib3.connectionpool] _new_conn:971: Starting new HTTPS connection (1): pan.lanzous.com:443
2021-07-11 17:27:21,442 INFO  [DNFCalculating] 计算线程:1354: 开始计算
2021-07-11 17:27:22,048 INFO  [DNFCalculating] log_result_queue_info:1367: calc#1: 排行: try_fetch_result_in_background remaining_qize=0 sync_batch_size=100 processed_result=0, speed=0.00/s totalWork=0
2021-07-11 17:27:22,694 INFO  [DNFCalculating] log_result_queue_info:1367: calc#1: 排行: try_fetch_result_in_background remaining_qize=0 sync_batch_size=100 processed_result=0, speed=0.00/s totalWork=0
2021-07-11 17:27:23,247 INFO  [DNFCalculating] log_result_queue_info:1367: calc#1: 排行: try_fetch_result_in_background remaining_qize=0 sync_batch_size=100 processed_result=0, speed=0.00/s totalWork=7
2021-07-11 17:27:23,755 INFO  [DNFCalculating] log_result_queue_info:1367: calc#1: 排行: try_fetch_result_in_background remaining_qize=3 sync_batch_size=100 processed_result=0, speed=0.00/s totalWork=7
2021-07-11 17:27:24,262 INFO  [DNFCalculating] log_result_queue_info:1367: calc#1: 排行: try_fetch_result_in_background remaining_qize=7 sync_batch_size=100 processed_result=300, speed=124.47/s totalWork=7
2021-07-11 17:27:24,271 INFO  [DNFCalculating] log_result_queue_info:1367: calc#1: 排行: try_fetch_result periodly report remaining_qize=0 sync_batch_size=100 processed_result=1000, speed=413.23/s totalWork=7
2021-07-11 17:27:24,785 INFO  [DNFCalculating] log_result_queue_info:1367: calc#1: 排行: try_fetch_result_in_background remaining_qize=10 sync_batch_size=100 processed_result=1000, speed=340.85/s totalWork=7
2021-07-11 17:27:24,787 INFO  [DNFCalculating] log_result_queue_info:1367: calc#1: 排行: try_fetch_result periodly report remaining_qize=9 sync_batch_size=100 processed_result=1100, speed=374.68/s totalWork=7
2021-07-11 17:27:24,800 INFO  [DNFCalculating] log_result_queue_info:1367: calc#1: 排行: try_fetch_result periodly report remaining_qize=0 sync_batch_size=100 processed_result=2000, speed=678.26/s totalWork=7
2021-07-11 17:27:25,307 INFO  [DNFCalculating] log_result_queue_info:1367: calc#1: 排行: try_fetch_result_in_background remaining_qize=10 sync_batch_size=100 processed_result=2000, speed=578.72/s totalWork=7
2021-07-11 17:27:25,309 INFO  [DNFCalculating] log_result_queue_info:1367: calc#1: 排行: try_fetch_result periodly report remaining_qize=9 sync_batch_size=100 processed_result=2100, speed=607.44/s totalWork=7
2021-07-11 17:27:25,320 INFO  [DNFCalculating] log_result_queue_info:1367: calc#1: 排行: try_fetch_result periodly report remaining_qize=0 sync_batch_size=100 processed_result=3000, speed=864.80/s totalWork=7
2021-07-11 17:27:25,830 INFO  [DNFCalculating] log_result_queue_info:1367: calc#1: 排行: try_fetch_result_in_background remaining_qize=12 sync_batch_size=100 processed_result=3000, speed=754.02/s totalWork=7
2021-07-11 17:27:25,832 INFO  [DNFCalculating] log_result_queue_info:1367: calc#1: 排行: try_fetch_result periodly report remaining_qize=11 sync_batch_size=100 processed_result=3100, speed=778.72/s totalWork=7
2021-07-11 17:27:25,844 INFO  [DNFCalculating] log_result_queue_info:1367: calc#1: 排行: try_fetch_result periodly report remaining_qize=2 sync_batch_size=100 processed_result=4000, speed=1001.93/s totalWork=7
2021-07-11 17:27:26,353 INFO  [DNFCalculating] log_result_queue_info:1367: calc#1: 排行: try_fetch_result_in_background remaining_qize=13 sync_batch_size=100 processed_result=4200, speed=933.08/s totalWork=7
2021-07-11 17:27:26,355 INFO  [DNFCalculating] log_result_queue_info:1367: calc#1: 排行: try_fetch_result periodly report remaining_qize=13 sync_batch_size=100 processed_result=4300, speed=954.78/s totalWork=7
2021-07-11 17:27:26,364 INFO  [DNFCalculating] log_result_queue_info:1367: calc#1: 排行: try_fetch_result periodly report remaining_qize=6 sync_batch_size=100 processed_result=5000, speed=1107.89/s totalWork=7
2021-07-11 17:27:26,875 INFO  [DNFCalculating] log_result_queue_info:1367: calc#1: 排行: try_fetch_result_in_background remaining_qize=12 sync_batch_size=100 processed_result=5600, speed=1114.61/s totalWork=7
2021-07-11 17:27:26,877 INFO  [DNFCalculating] log_result_queue_info:1367: calc#1: 排行: try_fetch_result periodly report remaining_qize=11 sync_batch_size=100 processed_result=5700, speed=1134.11/s totalWork=7
2021-07-11 17:27:26,881 INFO  [DNFCalculating] log_result_queue_info:1367: calc#1: 排行: try_fetch_result periodly report remaining_qize=8 sync_batch_size=100 processed_result=6000, speed=1192.86/s totalWork=7
2021-07-11 17:27:27,398 INFO  [DNFCalculating] log_result_queue_info:1367: calc#1: 排行: try_fetch_result_in_background remaining_qize=8 sync_batch_size=100 processed_result=6800, speed=1225.94/s totalWork=7
2021-07-11 17:27:27,400 INFO  [DNFCalculating] log_result_queue_info:1367: calc#1: 排行: try_fetch_result periodly report remaining_qize=7 sync_batch_size=100 processed_result=6900, speed=1243.52/s totalWork=7
2021-07-11 17:27:27,403 INFO  [DNFCalculating] log_result_queue_info:1367: calc#1: 排行: try_fetch_result periodly report remaining_qize=7 sync_batch_size=100 processed_result=7000, speed=1260.98/s totalWork=7
2021-07-11 17:27:27,921 INFO  [DNFCalculating] log_result_queue_info:1367: calc#1: 排行: try_fetch_result_in_background remaining_qize=13 sync_batch_size=100 processed_result=7700, speed=1268.59/s totalWork=7
2021-07-11 17:27:27,923 INFO  [DNFCalculating] log_result_queue_info:1367: calc#1: 排行: try_fetch_result periodly report remaining_qize=12 sync_batch_size=100 processed_result=7800, speed=1284.68/s totalWork=7
2021-07-11 17:27:27,926 INFO  [DNFCalculating] log_result_queue_info:1367: calc#1: 排行: try_fetch_result periodly report remaining_qize=10 sync_batch_size=100 processed_result=8000, speed=1316.87/s totalWork=7
2021-07-11 17:27:27,940 INFO  [DNFCalculating] log_result_queue_info:1367: calc#1: 排行: try_fetch_result periodly report remaining_qize=0 sync_batch_size=100 processed_result=9000, speed=1478.22/s totalWork=7
2021-07-11 17:27:28,444 INFO  [DNFCalculating] log_result_queue_info:1367: calc#1: 排行: try_fetch_result_in_background remaining_qize=12 sync_batch_size=100 processed_result=9000, speed=1365.19/s totalWork=7
2021-07-11 17:27:28,446 INFO  [DNFCalculating] log_result_queue_info:1367: calc#1: 排行: try_fetch_result periodly report remaining_qize=11 sync_batch_size=100 processed_result=9100, speed=1379.98/s totalWork=7
2021-07-11 17:27:28,457 INFO  [DNFCalculating] log_result_queue_info:1367: calc#1: 排行: try_fetch_result periodly report remaining_qize=2 sync_batch_size=100 processed_result=10000, speed=1513.95/s totalWork=7
2021-07-11 17:27:28,967 INFO  [DNFCalculating] log_result_queue_info:1367: calc#1: 排行: try_fetch_result_in_background remaining_qize=11 sync_batch_size=100 processed_result=10300, speed=1447.58/s totalWork=7
2021-07-11 17:27:28,968 INFO  [DNFCalculating] log_result_queue_info:1367: calc#1: 排行: try_fetch_result periodly report remaining_qize=10 sync_batch_size=100 processed_result=10400, speed=1461.27/s totalWork=7
2021-07-11 17:27:28,976 INFO  [DNFCalculating] log_result_queue_info:1367: calc#1: 排行: try_fetch_result periodly report remaining_qize=5 sync_batch_size=100 processed_result=11000, speed=1543.85/s totalWork=7
2021-07-11 17:27:29,489 INFO  [DNFCalculating] log_result_queue_info:1367: calc#1: 排行: try_fetch_result_in_background remaining_qize=10 sync_batch_size=100 processed_result=11600, speed=1518.70/s totalWork=7
2021-07-11 17:27:29,491 INFO  [DNFCalculating] log_result_queue_info:1367: calc#1: 排行: try_fetch_result periodly report remaining_qize=9 sync_batch_size=100 processed_result=11700, speed=1531.44/s totalWork=7
2021-07-11 17:27:29,495 INFO  [DNFCalculating] log_result_queue_info:1367: calc#1: 排行: try_fetch_result periodly report remaining_qize=6 sync_batch_size=100 processed_result=12000, speed=1569.89/s totalWork=7
2021-07-11 17:27:30,012 INFO  [DNFCalculating] log_result_queue_info:1367: calc#1: 排行: try_fetch_result_in_background remaining_qize=14 sync_batch_size=100 processed_result=12600, speed=1543.97/s totalWork=7
2021-07-11 17:27:30,014 INFO  [DNFCalculating] log_result_queue_info:1367: calc#1: 排行: try_fetch_result periodly report remaining_qize=13 sync_batch_size=100 processed_result=12700, speed=1555.86/s totalWork=7
2021-07-11 17:27:30,018 INFO  [DNFCalculating] log_result_queue_info:1367: calc#1: 排行: try_fetch_result periodly report remaining_qize=10 sync_batch_size=100 processed_result=13000, speed=1591.75/s totalWork=7
2021-07-11 17:27:30,032 INFO  [DNFCalculating] log_result_queue_info:1367: calc#1: 排行: try_fetch_result periodly report remaining_qize=0 sync_batch_size=100 processed_result=14000, speed=1711.38/s totalWork=7
2021-07-11 17:27:30,535 INFO  [DNFCalculating] log_result_queue_info:1367: calc#1: 排行: try_fetch_result_in_background remaining_qize=13 sync_batch_size=100 processed_result=14000, speed=1612.22/s totalWork=7
2021-07-11 17:27:30,537 INFO  [DNFCalculating] log_result_queue_info:1367: calc#1: 排行: try_fetch_result periodly report remaining_qize=12 sync_batch_size=100 processed_result=14100, speed=1623.41/s totalWork=7
2021-07-11 17:27:30,549 INFO  [DNFCalculating] log_result_queue_info:1367: calc#1: 排行: try_fetch_result periodly report remaining_qize=3 sync_batch_size=100 processed_result=15000, speed=1724.66/s totalWork=7
2021-07-11 17:27:31,058 INFO  [DNFCalculating] log_result_queue_info:1367: calc#1: 排行: try_fetch_result_in_background remaining_qize=11 sync_batch_size=100 processed_result=15300, speed=1661.88/s totalWork=7
2021-07-11 17:27:31,060 INFO  [DNFCalculating] log_result_queue_info:1367: calc#1: 排行: try_fetch_result periodly report remaining_qize=10 sync_batch_size=100 processed_result=15400, speed=1672.42/s totalWork=7
2021-07-11 17:27:31,068 INFO  [DNFCalculating] log_result_queue_info:1367: calc#1: 排行: try_fetch_result periodly report remaining_qize=4 sync_batch_size=100 processed_result=16000, speed=1735.99/s totalWork=7
2021-07-11 17:27:31,580 INFO  [DNFCalculating] log_result_queue_info:1367: calc#1: 排行: try_fetch_result_in_background remaining_qize=14 sync_batch_size=100 processed_result=16400, speed=1685.68/s totalWork=7
2021-07-11 17:27:31,583 INFO  [DNFCalculating] log_result_queue_info:1367: calc#1: 排行: try_fetch_result periodly report remaining_qize=13 sync_batch_size=100 processed_result=16500, speed=1695.52/s totalWork=7
2021-07-11 17:27:31,590 INFO  [DNFCalculating] log_result_queue_info:1367: calc#1: 排行: try_fetch_result periodly report remaining_qize=8 sync_batch_size=100 processed_result=17000, speed=1745.66/s totalWork=7
2021-07-11 17:27:32,103 INFO  [DNFCalculating] log_result_queue_info:1367: calc#1: 排行: try_fetch_result_in_background remaining_qize=10 sync_batch_size=100 processed_result=17800, speed=1736.26/s totalWork=7
2021-07-11 17:27:32,106 INFO  [DNFCalculating] log_result_queue_info:1367: calc#1: 排行: try_fetch_result periodly report remaining_qize=9 sync_batch_size=100 processed_result=17900, speed=1745.61/s totalWork=7
2021-07-11 17:27:32,108 INFO  [DNFCalculating] log_result_queue_info:1367: calc#1: 排行: try_fetch_result periodly report remaining_qize=8 sync_batch_size=100 processed_result=18000, speed=1755.02/s totalWork=7
2021-07-11 17:27:32,626 INFO  [DNFCalculating] log_result_queue_info:1367: calc#1: 排行: try_fetch_result_in_background remaining_qize=12 sync_batch_size=100 processed_result=18900, speed=1754.07/s totalWork=7
2021-07-11 17:27:32,628 INFO  [DNFCalculating] log_result_queue_info:1367: calc#1: 排行: try_fetch_result periodly report remaining_qize=11 sync_batch_size=100 processed_result=19000, speed=1763.08/s totalWork=7
2021-07-11 17:27:32,642 INFO  [DNFCalculating] log_result_queue_info:1367: calc#1: 排行: try_fetch_result periodly report remaining_qize=1 sync_batch_size=100 processed_result=20000, speed=1853.40/s totalWork=7
2021-07-11 17:27:33,149 INFO  [DNFCalculating] log_result_queue_info:1367: calc#1: 排行: try_fetch_result_in_background remaining_qize=14 sync_batch_size=100 processed_result=20100, speed=1779.15/s totalWork=7
2021-07-11 17:27:33,151 INFO  [DNFCalculating] log_result_queue_info:1367: calc#1: 排行: try_fetch_result periodly report remaining_qize=13 sync_batch_size=100 processed_result=20200, speed=1787.67/s totalWork=7
2021-07-11 17:27:33,163 INFO  [DNFCalculating] log_result_queue_info:1367: calc#1: 排行: try_fetch_result periodly report remaining_qize=5 sync_batch_size=100 processed_result=21000, speed=1856.55/s totalWork=7
2021-07-11 17:27:33,671 INFO  [DNFCalculating] log_result_queue_info:1367: calc#1: 排行: try_fetch_result_in_background remaining_qize=10 sync_batch_size=100 processed_result=21500, speed=1818.93/s totalWork=7
2021-07-11 17:27:33,673 INFO  [DNFCalculating] log_result_queue_info:1367: calc#1: 排行: try_fetch_result periodly report remaining_qize=9 sync_batch_size=100 processed_result=21600, speed=1827.08/s totalWork=7
2021-07-11 17:27:33,679 INFO  [DNFCalculating] log_result_queue_info:1367: calc#1: 排行: try_fetch_result periodly report remaining_qize=5 sync_batch_size=100 processed_result=22000, speed=1859.98/s totalWork=7
2021-07-11 17:27:34,195 INFO  [DNFCalculating] log_result_queue_info:1367: calc#1: 排行: try_fetch_result_in_background remaining_qize=13 sync_batch_size=100 processed_result=22500, speed=1822.84/s totalWork=7
2021-07-11 17:27:34,197 INFO  [DNFCalculating] log_result_queue_info:1367: calc#1: 排行: try_fetch_result periodly report remaining_qize=12 sync_batch_size=100 processed_result=22600, speed=1830.64/s totalWork=7
2021-07-11 17:27:34,203 INFO  [DNFCalculating] log_result_queue_info:1367: calc#1: 排行: try_fetch_result periodly report remaining_qize=8 sync_batch_size=100 processed_result=23000, speed=1862.14/s totalWork=7
2021-07-11 17:27:34,717 INFO  [DNFCalculating] log_result_queue_info:1367: calc#1: 排行: try_fetch_result_in_background remaining_qize=12 sync_batch_size=100 processed_result=23800, speed=1849.88/s totalWork=7
2021-07-11 17:27:34,719 INFO  [DNFCalculating] log_result_queue_info:1367: calc#1: 排行: try_fetch_result periodly report remaining_qize=11 sync_batch_size=100 processed_result=23900, speed=1857.34/s totalWork=7
2021-07-11 17:27:34,721 INFO  [DNFCalculating] log_result_queue_info:1367: calc#1: 排行: try_fetch_result periodly report remaining_qize=10 sync_batch_size=100 processed_result=24000, speed=1864.85/s totalWork=7
2021-07-11 17:27:34,735 INFO  [DNFCalculating] log_result_queue_info:1367: calc#1: 排行: try_fetch_result periodly report remaining_qize=0 sync_batch_size=100 processed_result=25000, speed=1940.38/s totalWork=7
2021-07-11 17:27:35,240 INFO  [DNFCalculating] log_result_queue_info:1367: calc#1: 排行: try_fetch_result_in_background remaining_qize=11 sync_batch_size=100 processed_result=25000, speed=1867.25/s totalWork=7
2021-07-11 17:27:35,242 INFO  [DNFCalculating] log_result_queue_info:1367: calc#1: 排行: try_fetch_result periodly report remaining_qize=10 sync_batch_size=100 processed_result=25100, speed=1874.39/s totalWork=7
2021-07-11 17:27:35,255 INFO  [DNFCalculating] log_result_queue_info:1367: calc#1: 排行: try_fetch_result periodly report remaining_qize=2 sync_batch_size=100 processed_result=26000, speed=1939.81/s totalWork=7
2021-07-11 17:27:35,762 INFO  [DNFCalculating] log_result_queue_info:1367: calc#1: 排行: try_fetch_result_in_background remaining_qize=11 sync_batch_size=100 processed_result=26200, speed=1883.40/s totalWork=7
2021-07-11 17:27:35,765 INFO  [DNFCalculating] log_result_queue_info:1367: calc#1: 排行: try_fetch_result periodly report remaining_qize=10 sync_batch_size=100 processed_result=26300, speed=1890.27/s totalWork=7
2021-07-11 17:27:35,774 INFO  [DNFCalculating] log_result_queue_info:1367: calc#1: 排行: try_fetch_result periodly report remaining_qize=3 sync_batch_size=100 processed_result=27000, speed=1939.28/s totalWork=7
2021-07-11 17:27:36,285 INFO  [DNFCalculating] log_result_queue_info:1367: calc#1: 排行: try_fetch_result_in_background remaining_qize=13 sync_batch_size=100 processed_result=27300, speed=1891.35/s totalWork=7
2021-07-11 17:27:36,288 INFO  [DNFCalculating] log_result_queue_info:1367: calc#1: 排行: try_fetch_result periodly report remaining_qize=13 sync_batch_size=100 processed_result=27400, speed=1897.96/s totalWork=7
2021-07-11 17:27:36,297 INFO  [DNFCalculating] log_result_queue_info:1367: calc#1: 排行: try_fetch_result periodly report remaining_qize=7 sync_batch_size=100 processed_result=28000, speed=1938.32/s totalWork=7
2021-07-11 17:27:36,808 INFO  [DNFCalculating] log_result_queue_info:1367: calc#1: 排行: try_fetch_result_in_background remaining_qize=11 sync_batch_size=100 processed_result=28700, speed=1918.92/s totalWork=7
2021-07-11 17:27:36,810 INFO  [DNFCalculating] log_result_queue_info:1367: calc#1: 排行: try_fetch_result periodly report remaining_qize=10 sync_batch_size=100 processed_result=28800, speed=1925.35/s totalWork=7
2021-07-11 17:27:36,813 INFO  [DNFCalculating] log_result_queue_info:1367: calc#1: 排行: try_fetch_result periodly report remaining_qize=8 sync_batch_size=100 processed_result=29000, speed=1938.33/s totalWork=7
2021-07-11 17:27:37,331 INFO  [DNFCalculating] log_result_queue_info:1367: calc#1: 排行: try_fetch_result_in_background remaining_qize=10 sync_batch_size=100 processed_result=29800, speed=1925.13/s totalWork=7
2021-07-11 17:27:37,332 INFO  [DNFCalculating] log_result_queue_info:1367: calc#1: 排行: try_fetch_result periodly report remaining_qize=9 sync_batch_size=100 processed_result=29900, speed=1931.38/s totalWork=7
2021-07-11 17:27:37,334 INFO  [DNFCalculating] log_result_queue_info:1367: calc#1: 排行: try_fetch_result periodly report remaining_qize=8 sync_batch_size=100 processed_result=30000, speed=1937.59/s totalWork=7
2021-07-11 17:27:37,854 INFO  [DNFCalculating] log_result_queue_info:1367: calc#1: 排行: try_fetch_result_in_background remaining_qize=12 sync_batch_size=100 processed_result=30800, speed=1924.70/s totalWork=7
2021-07-11 17:27:37,856 INFO  [DNFCalculating] log_result_queue_info:1367: calc#1: 排行: try_fetch_result periodly report remaining_qize=11 sync_batch_size=100 processed_result=30900, speed=1930.72/s totalWork=7
2021-07-11 17:27:37,858 INFO  [DNFCalculating] log_result_queue_info:1367: calc#1: 排行: try_fetch_result periodly report remaining_qize=10 sync_batch_size=100 processed_result=31000, speed=1936.73/s totalWork=7
2021-07-11 17:27:37,873 INFO  [DNFCalculating] log_result_queue_info:1367: calc#1: 排行: try_fetch_result periodly report remaining_qize=1 sync_batch_size=100 processed_result=32000, speed=1997.28/s totalWork=7
2021-07-11 17:27:38,376 INFO  [DNFCalculating] log_result_queue_info:1367: calc#1: 排行: try_fetch_result_in_background remaining_qize=10 sync_batch_size=100 processed_result=32100, speed=1942.54/s totalWork=7
2021-07-11 17:27:38,378 INFO  [DNFCalculating] log_result_queue_info:1367: calc#1: 排行: try_fetch_result periodly report remaining_qize=9 sync_batch_size=100 processed_result=32200, speed=1948.36/s totalWork=7
2021-07-11 17:27:38,416 INFO  [DNFCalculating] log_result_queue_info:1367: calc#1: 排行: try_fetch_result periodly report remaining_qize=2 sync_batch_size=100 processed_result=33000, speed=1992.22/s totalWork=7
2021-07-11 17:27:38,930 INFO  [DNFCalculating] log_result_queue_info:1367: calc#1: 排行: try_fetch_result_in_background remaining_qize=9 sync_batch_size=100 processed_result=33200, speed=1943.97/s totalWork=7
2021-07-11 17:27:38,932 INFO  [DNFCalculating] log_result_queue_info:1367: calc#1: 排行: try_fetch_result periodly report remaining_qize=8 sync_batch_size=100 processed_result=33300, speed=1949.57/s totalWork=7
2021-07-11 17:27:38,943 INFO  [DNFCalculating] log_result_queue_info:1367: calc#1: 排行: try_fetch_result periodly report remaining_qize=0 sync_batch_size=100 processed_result=34046, speed=1992.00/s totalWork=7
2021-07-11 17:27:39,452 INFO  [DNFCalculating] log_result_queue_info:1367: calc#1: 排行: try_fetch_result_in_background remaining_qize=0 sync_batch_size=100 processed_result=34046, speed=1934.32/s totalWork=7
2021-07-11 17:27:39,960 INFO  [DNFCalculating] log_result_queue_info:1367: calc#1: 排行: try_fetch_result_in_background remaining_qize=9 sync_batch_size=100 processed_result=34046, speed=1880.09/s totalWork=7
2021-07-11 17:27:39,962 INFO  [DNFCalculating] log_result_queue_info:1367: calc#1: 排行: try_fetch_result periodly report remaining_qize=8 sync_batch_size=100 processed_result=34146, speed=1885.41/s totalWork=7
2021-07-11 17:27:40,483 INFO  [DNFCalculating] log_result_queue_info:1367: calc#1: 排行: try_fetch_result_in_background remaining_qize=12 sync_batch_size=100 processed_result=34946, speed=1875.62/s totalWork=7
2021-07-11 17:27:40,485 INFO  [DNFCalculating] log_result_queue_info:1367: calc#1: 排行: try_fetch_result periodly report remaining_qize=11 sync_batch_size=100 processed_result=35046, speed=1880.81/s totalWork=7
2021-07-11 17:27:40,500 INFO  [DNFCalculating] log_result_queue_info:1367: calc#1: 排行: try_fetch_result periodly report remaining_qize=0 sync_batch_size=100 processed_result=36038, speed=1932.50/s totalWork=7
2021-07-11 17:27:41,006 INFO  [DNFCalculating] log_result_queue_info:1367: calc#1: 排行: try_fetch_result_in_background remaining_qize=8 sync_batch_size=100 processed_result=36038, speed=1881.43/s totalWork=7
2021-07-11 17:27:41,008 INFO  [DNFCalculating] log_result_queue_info:1367: calc#1: 排行: try_fetch_result periodly report remaining_qize=7 sync_batch_size=100 processed_result=36138, speed=1886.48/s totalWork=7
2021-07-11 17:27:41,055 WARNI [DNFCalculating] 计算线程:1476: 所有工作线程均已完成计算，总计用时=19.61s
2021-07-11 17:27:41,530 INFO  [DNFCalculating] log_result_queue_info:1367: calc#1: 排行: after join remaining_qize=1 sync_batch_size=100 processed_result=36675, speed=1863.70/s totalWork=7
2021-07-11 17:27:41,531 INFO  [DNFCalculating] log_result_queue_info:1367: calc#1: 排行: try_fetch_result periodly report remaining_qize=0 sync_batch_size=100 processed_result=36720, speed=1865.84/s totalWork=7
2021-07-11 17:27:41,532 INFO  [DNFCalculating] log_result_queue_info:1367: calc#1: 排行: after final remaining_qize=0 sync_batch_size=100 processed_result=36720, speed=1865.80/s totalWork=7
2021-07-11 17:27:54,345 ERROR [DNFCalculating] 载入json:3481: list index out of range
2021-07-11 17:28:27,283 INFO  [DNFCalculating] 计算线程:1354: 开始计算
2021-07-11 17:28:27,801 INFO  [DNFCalculating] log_result_queue_info:1367: calc#2: 排行: try_fetch_result_in_background remaining_qize=0 sync_batch_size=100 processed_result=0, speed=0.00/s totalWork=0
2021-07-11 17:28:28,447 INFO  [DNFCalculating] log_result_queue_info:1367: calc#2: 排行: try_fetch_result_in_background remaining_qize=0 sync_batch_size=100 processed_result=0, speed=0.00/s totalWork=0
2021-07-11 17:28:29,047 INFO  [DNFCalculating] log_result_queue_info:1367: calc#2: 排行: try_fetch_result_in_background remaining_qize=0 sync_batch_size=100 processed_result=0, speed=0.00/s totalWork=7
2021-07-11 17:28:29,554 INFO  [DNFCalculating] log_result_queue_info:1367: calc#2: 排行: try_fetch_result_in_background remaining_qize=3 sync_batch_size=100 processed_result=0, speed=0.00/s totalWork=7
2021-07-11 17:28:30,061 INFO  [DNFCalculating] log_result_queue_info:1367: calc#2: 排行: try_fetch_result_in_background remaining_qize=7 sync_batch_size=100 processed_result=300, speed=126.34/s totalWork=7
2021-07-11 17:28:30,072 INFO  [DNFCalculating] log_result_queue_info:1367: calc#2: 排行: try_fetch_result periodly report remaining_qize=0 sync_batch_size=100 processed_result=1000, speed=419.22/s totalWork=7
2021-07-11 17:28:30,584 INFO  [DNFCalculating] log_result_queue_info:1367: calc#2: 排行: try_fetch_result_in_background remaining_qize=5 sync_batch_size=100 processed_result=1000, speed=345.13/s totalWork=7
2021-07-11 17:28:30,586 INFO  [DNFCalculating] log_result_queue_info:1367: calc#2: 排行: try_fetch_result periodly report remaining_qize=4 sync_batch_size=100 processed_result=1100, speed=379.41/s totalWork=7
2021-07-11 17:28:31,107 INFO  [DNFCalculating] log_result_queue_info:1367: calc#2: 排行: try_fetch_result_in_background remaining_qize=13 sync_batch_size=100 processed_result=1500, speed=438.59/s totalWork=7
2021-07-11 17:28:31,109 INFO  [DNFCalculating] log_result_queue_info:1367: calc#2: 排行: try_fetch_result periodly report remaining_qize=12 sync_batch_size=100 processed_result=1600, speed=467.56/s totalWork=7
2021-07-11 17:28:31,116 INFO  [DNFCalculating] log_result_queue_info:1367: calc#2: 排行: try_fetch_result periodly report remaining_qize=8 sync_batch_size=100 processed_result=2000, speed=583.35/s totalWork=7
2021-07-11 17:28:31,630 INFO  [DNFCalculating] log_result_queue_info:1367: calc#2: 排行: try_fetch_result_in_background remaining_qize=9 sync_batch_size=100 processed_result=2800, speed=710.15/s totalWork=7
2021-07-11 17:28:31,632 INFO  [DNFCalculating] log_result_queue_info:1367: calc#2: 排行: try_fetch_result periodly report remaining_qize=8 sync_batch_size=100 processed_result=2900, speed=735.14/s totalWork=7
2021-07-11 17:28:31,634 INFO  [DNFCalculating] log_result_queue_info:1367: calc#2: 排行: try_fetch_result periodly report remaining_qize=7 sync_batch_size=100 processed_result=3000, speed=760.02/s totalWork=7
2021-07-11 17:28:32,153 INFO  [DNFCalculating] log_result_queue_info:1367: calc#2: 排行: try_fetch_result_in_background remaining_qize=12 sync_batch_size=100 processed_result=3700, speed=828.56/s totalWork=7
2021-07-11 17:28:32,155 INFO  [DNFCalculating] log_result_queue_info:1367: calc#2: 排行: try_fetch_result periodly report remaining_qize=11 sync_batch_size=100 processed_result=3800, speed=850.57/s totalWork=7
2021-07-11 17:28:32,158 INFO  [DNFCalculating] log_result_queue_info:1367: calc#2: 排行: try_fetch_result periodly report remaining_qize=9 sync_batch_size=100 processed_result=4000, speed=894.54/s totalWork=7
2021-07-11 17:28:32,675 INFO  [DNFCalculating] log_result_queue_info:1367: calc#2: 排行: try_fetch_result_in_background remaining_qize=11 sync_batch_size=100 processed_result=4900, speed=982.26/s totalWork=7
2021-07-11 17:28:32,677 INFO  [DNFCalculating] log_result_queue_info:1367: calc#2: 排行: try_fetch_result periodly report remaining_qize=10 sync_batch_size=100 processed_result=5000, speed=1001.89/s totalWork=7
2021-07-11 17:28:32,692 INFO  [DNFCalculating] log_result_queue_info:1367: calc#2: 排行: try_fetch_result periodly report remaining_qize=0 sync_batch_size=100 processed_result=6000, speed=1198.74/s totalWork=7
2021-07-11 17:28:33,198 INFO  [DNFCalculating] log_result_queue_info:1367: calc#2: 排行: try_fetch_result_in_background remaining_qize=11 sync_batch_size=100 processed_result=6000, speed=1088.68/s totalWork=7
2021-07-11 17:28:33,201 INFO  [DNFCalculating] log_result_queue_info:1367: calc#2: 排行: try_fetch_result periodly report remaining_qize=10 sync_batch_size=100 processed_result=6100, speed=1106.35/s totalWork=7
2021-07-11 17:28:33,215 INFO  [DNFCalculating] log_result_queue_info:1367: calc#2: 排行: try_fetch_result periodly report remaining_qize=1 sync_batch_size=100 processed_result=7000, speed=1266.38/s totalWork=7
2021-07-11 17:28:33,721 INFO  [DNFCalculating] log_result_queue_info:1367: calc#2: 排行: try_fetch_result_in_background remaining_qize=9 sync_batch_size=100 processed_result=7100, speed=1176.58/s totalWork=7
2021-07-11 17:28:33,723 INFO  [DNFCalculating] log_result_queue_info:1367: calc#2: 排行: try_fetch_result periodly report remaining_qize=8 sync_batch_size=100 processed_result=7200, speed=1192.76/s totalWork=7
2021-07-11 17:28:33,735 INFO  [DNFCalculating] log_result_queue_info:1367: calc#2: 排行: try_fetch_result periodly report remaining_qize=1 sync_batch_size=100 processed_result=8000, speed=1322.68/s totalWork=7
2021-07-11 17:28:34,244 INFO  [DNFCalculating] log_result_queue_info:1367: calc#2: 排行: try_fetch_result_in_background remaining_qize=11 sync_batch_size=100 processed_result=8100, speed=1235.37/s totalWork=7
2021-07-11 17:28:34,246 INFO  [DNFCalculating] log_result_queue_info:1367: calc#2: 排行: try_fetch_result periodly report remaining_qize=10 sync_batch_size=100 processed_result=8200, speed=1250.15/s totalWork=7
2021-07-11 17:28:34,259 INFO  [DNFCalculating] log_result_queue_info:1367: calc#2: 排行: try_fetch_result periodly report remaining_qize=2 sync_batch_size=100 processed_result=9000, speed=1369.53/s totalWork=7
2021-07-11 17:28:34,767 INFO  [DNFCalculating] log_result_queue_info:1367: calc#2: 排行: try_fetch_result_in_background remaining_qize=10 sync_batch_size=100 processed_result=9200, speed=1299.51/s totalWork=7
2021-07-11 17:28:34,769 INFO  [DNFCalculating] log_result_queue_info:1367: calc#2: 排行: try_fetch_result periodly report remaining_qize=9 sync_batch_size=100 processed_result=9300, speed=1313.19/s totalWork=7
2021-07-11 17:28:34,779 INFO  [DNFCalculating] log_result_queue_info:1367: calc#2: 排行: try_fetch_result periodly report remaining_qize=2 sync_batch_size=100 processed_result=10000, speed=1410.06/s totalWork=7
2021-07-11 17:28:35,290 INFO  [DNFCalculating] log_result_queue_info:1367: calc#2: 排行: try_fetch_result_in_background remaining_qize=11 sync_batch_size=100 processed_result=10200, speed=1341.61/s totalWork=7
2021-07-11 17:28:35,292 INFO  [DNFCalculating] log_result_queue_info:1367: calc#2: 排行: try_fetch_result periodly report remaining_qize=10 sync_batch_size=100 processed_result=10300, speed=1354.41/s totalWork=7
2021-07-11 17:28:35,302 INFO  [DNFCalculating] log_result_queue_info:1367: calc#2: 排行: try_fetch_result periodly report remaining_qize=3 sync_batch_size=100 processed_result=11000, speed=1444.48/s totalWork=7
2021-07-11 17:28:35,813 INFO  [DNFCalculating] log_result_queue_info:1367: calc#2: 排行: try_fetch_result_in_background remaining_qize=12 sync_batch_size=100 processed_result=11300, speed=1390.75/s totalWork=7
2021-07-11 17:28:35,814 INFO  [DNFCalculating] log_result_queue_info:1367: calc#2: 排行: try_fetch_result periodly report remaining_qize=11 sync_batch_size=100 processed_result=11400, speed=1402.72/s totalWork=7
2021-07-11 17:28:35,823 INFO  [DNFCalculating] log_result_queue_info:1367: calc#2: 排行: try_fetch_result periodly report remaining_qize=5 sync_batch_size=100 processed_result=12000, speed=1474.84/s totalWork=7
2021-07-11 17:28:36,335 INFO  [DNFCalculating] log_result_queue_info:1367: calc#2: 排行: try_fetch_result_in_background remaining_qize=10 sync_batch_size=100 processed_result=12500, speed=1445.40/s totalWork=7
2021-07-11 17:28:36,337 INFO  [DNFCalculating] log_result_queue_info:1367: calc#2: 排行: try_fetch_result periodly report remaining_qize=9 sync_batch_size=100 processed_result=12600, speed=1456.67/s totalWork=7
2021-07-11 17:28:36,342 INFO  [DNFCalculating] log_result_queue_info:1367: calc#2: 排行: try_fetch_result periodly report remaining_qize=5 sync_batch_size=100 processed_result=13000, speed=1501.97/s totalWork=7
2021-07-11 17:28:36,858 INFO  [DNFCalculating] log_result_queue_info:1367: calc#2: 排行: try_fetch_result_in_background remaining_qize=11 sync_batch_size=100 processed_result=13500, speed=1472.04/s totalWork=7
2021-07-11 17:28:36,860 INFO  [DNFCalculating] log_result_queue_info:1367: calc#2: 排行: try_fetch_result periodly report remaining_qize=10 sync_batch_size=100 processed_result=13600, speed=1482.67/s totalWork=7
2021-07-11 17:28:36,871 INFO  [DNFCalculating] log_result_queue_info:1367: calc#2: 排行: try_fetch_result periodly report remaining_qize=6 sync_batch_size=100 processed_result=14000, speed=1524.30/s totalWork=7
2021-07-11 17:28:37,381 INFO  [DNFCalculating] log_result_queue_info:1367: calc#2: 排行: try_fetch_result_in_background remaining_qize=10 sync_batch_size=100 processed_result=14600, speed=1506.17/s totalWork=7
2021-07-11 17:28:37,382 INFO  [DNFCalculating] log_result_queue_info:1367: calc#2: 排行: try_fetch_result periodly report remaining_qize=9 sync_batch_size=100 processed_result=14700, speed=1516.18/s totalWork=7
2021-07-11 17:28:37,387 INFO  [DNFCalculating] log_result_queue_info:1367: calc#2: 排行: try_fetch_result periodly report remaining_qize=6 sync_batch_size=100 processed_result=15000, speed=1546.41/s totalWork=7
2021-07-11 17:28:37,904 INFO  [DNFCalculating] log_result_queue_info:1367: calc#2: 排行: try_fetch_result_in_background remaining_qize=10 sync_batch_size=100 processed_result=15600, speed=1526.98/s totalWork=7
2021-07-11 17:28:37,906 INFO  [DNFCalculating] log_result_queue_info:1367: calc#2: 排行: try_fetch_result periodly report remaining_qize=10 sync_batch_size=100 processed_result=15700, speed=1536.40/s totalWork=7
2021-07-11 17:28:37,910 INFO  [DNFCalculating] log_result_queue_info:1367: calc#2: 排行: try_fetch_result periodly report remaining_qize=7 sync_batch_size=100 processed_result=16000, speed=1565.07/s totalWork=7
2021-07-11 17:28:38,426 INFO  [DNFCalculating] log_result_queue_info:1367: calc#2: 排行: try_fetch_result_in_background remaining_qize=10 sync_batch_size=100 processed_result=16700, speed=1555.06/s totalWork=7
2021-07-11 17:28:38,428 INFO  [DNFCalculating] log_result_queue_info:1367: calc#2: 排行: try_fetch_result periodly report remaining_qize=9 sync_batch_size=100 processed_result=16800, speed=1564.03/s totalWork=7
2021-07-11 17:28:38,431 INFO  [DNFCalculating] log_result_queue_info:1367: calc#2: 排行: try_fetch_result periodly report remaining_qize=7 sync_batch_size=100 processed_result=17000, speed=1582.21/s totalWork=7
2021-07-11 17:28:38,949 INFO  [DNFCalculating] log_result_queue_info:1367: calc#2: 排行: try_fetch_result_in_background remaining_qize=11 sync_batch_size=100 processed_result=17700, speed=1571.65/s totalWork=7
2021-07-11 17:28:38,951 INFO  [DNFCalculating] log_result_queue_info:1367: calc#2: 排行: try_fetch_result periodly report remaining_qize=10 sync_batch_size=100 processed_result=17800, speed=1580.29/s totalWork=7
2021-07-11 17:28:38,954 INFO  [DNFCalculating] log_result_queue_info:1367: calc#2: 排行: try_fetch_result periodly report remaining_qize=8 sync_batch_size=100 processed_result=18000, speed=1597.55/s totalWork=7
2021-07-11 17:28:39,472 INFO  [DNFCalculating] log_result_queue_info:1367: calc#2: 排行: try_fetch_result_in_background remaining_qize=10 sync_batch_size=100 processed_result=18800, speed=1595.29/s totalWork=7
2021-07-11 17:28:39,473 INFO  [DNFCalculating] log_result_queue_info:1367: calc#2: 排行: try_fetch_result periodly report remaining_qize=9 sync_batch_size=100 processed_result=18900, speed=1603.52/s totalWork=7
2021-07-11 17:28:39,476 INFO  [DNFCalculating] log_result_queue_info:1367: calc#2: 排行: try_fetch_result periodly report remaining_qize=8 sync_batch_size=100 processed_result=19000, speed=1611.67/s totalWork=7
2021-07-11 17:28:39,995 INFO  [DNFCalculating] log_result_queue_info:1367: calc#2: 排行: try_fetch_result_in_background remaining_qize=11 sync_batch_size=100 processed_result=19800, speed=1608.76/s totalWork=7
2021-07-11 17:28:39,996 INFO  [DNFCalculating] log_result_queue_info:1367: calc#2: 排行: try_fetch_result periodly report remaining_qize=10 sync_batch_size=100 processed_result=19900, speed=1616.66/s totalWork=7
2021-07-11 17:28:39,998 INFO  [DNFCalculating] log_result_queue_info:1367: calc#2: 排行: try_fetch_result periodly report remaining_qize=9 sync_batch_size=100 processed_result=20000, speed=1624.52/s totalWork=7
2021-07-11 17:28:40,517 INFO  [DNFCalculating] log_result_queue_info:1367: calc#2: 排行: try_fetch_result_in_background remaining_qize=9 sync_batch_size=100 processed_result=20900, speed=1629.02/s totalWork=7
2021-07-11 17:28:40,519 INFO  [DNFCalculating] log_result_queue_info:1367: calc#2: 排行: try_fetch_result periodly report remaining_qize=8 sync_batch_size=100 processed_result=21000, speed=1636.57/s totalWork=7
2021-07-11 17:28:41,040 INFO  [DNFCalculating] log_result_queue_info:1367: calc#2: 排行: try_fetch_result_in_background remaining_qize=11 sync_batch_size=100 processed_result=21800, speed=1632.63/s totalWork=7
2021-07-11 17:28:41,041 INFO  [DNFCalculating] log_result_queue_info:1367: calc#2: 排行: try_fetch_result periodly report remaining_qize=10 sync_batch_size=100 processed_result=21900, speed=1639.91/s totalWork=7
2021-07-11 17:28:41,043 INFO  [DNFCalculating] log_result_queue_info:1367: calc#2: 排行: try_fetch_result periodly report remaining_qize=9 sync_batch_size=100 processed_result=22000, speed=1647.15/s totalWork=7
2021-07-11 17:28:41,563 INFO  [DNFCalculating] log_result_queue_info:1367: calc#2: 排行: try_fetch_result_in_background remaining_qize=9 sync_batch_size=100 processed_result=22900, speed=1650.39/s totalWork=7
2021-07-11 17:28:41,565 INFO  [DNFCalculating] log_result_queue_info:1367: calc#2: 排行: try_fetch_result periodly report remaining_qize=8 sync_batch_size=100 processed_result=23000, speed=1657.34/s totalWork=7
2021-07-11 17:28:42,085 INFO  [DNFCalculating] log_result_queue_info:1367: calc#2: 排行: try_fetch_result_in_background remaining_qize=11 sync_batch_size=100 processed_result=23800, speed=1652.98/s totalWork=7
2021-07-11 17:28:42,087 INFO  [DNFCalculating] log_result_queue_info:1367: calc#2: 排行: try_fetch_result periodly report remaining_qize=10 sync_batch_size=100 processed_result=23900, speed=1659.67/s totalWork=7
2021-07-11 17:28:42,089 INFO  [DNFCalculating] log_result_queue_info:1367: calc#2: 排行: try_fetch_result periodly report remaining_qize=9 sync_batch_size=100 processed_result=24000, speed=1666.44/s totalWork=7
2021-07-11 17:28:42,608 INFO  [DNFCalculating] log_result_queue_info:1367: calc#2: 排行: try_fetch_result_in_background remaining_qize=10 sync_batch_size=100 processed_result=24900, speed=1668.80/s totalWork=7
2021-07-11 17:28:42,610 INFO  [DNFCalculating] log_result_queue_info:1367: calc#2: 排行: try_fetch_result periodly report remaining_qize=9 sync_batch_size=100 processed_result=25000, speed=1675.29/s totalWork=7
2021-07-11 17:28:43,131 INFO  [DNFCalculating] log_result_queue_info:1367: calc#2: 排行: try_fetch_result_in_background remaining_qize=11 sync_batch_size=100 processed_result=25900, speed=1677.07/s totalWork=7
2021-07-11 17:28:43,132 INFO  [DNFCalculating] log_result_queue_info:1367: calc#2: 排行: try_fetch_result periodly report remaining_qize=10 sync_batch_size=100 processed_result=26000, speed=1683.33/s totalWork=7
2021-07-11 17:28:43,148 INFO  [DNFCalculating] log_result_queue_info:1367: calc#2: 排行: try_fetch_result periodly report remaining_qize=0 sync_batch_size=100 processed_result=27000, speed=1746.34/s totalWork=7
2021-07-11 17:28:43,654 INFO  [DNFCalculating] log_result_queue_info:1367: calc#2: 排行: try_fetch_result_in_background remaining_qize=10 sync_batch_size=100 processed_result=27000, speed=1691.06/s totalWork=7
2021-07-11 17:28:43,656 INFO  [DNFCalculating] log_result_queue_info:1367: calc#2: 排行: try_fetch_result periodly report remaining_qize=9 sync_batch_size=100 processed_result=27100, speed=1697.06/s totalWork=7
2021-07-11 17:28:43,669 INFO  [DNFCalculating] log_result_queue_info:1367: calc#2: 排行: try_fetch_result periodly report remaining_qize=0 sync_batch_size=100 processed_result=28000, speed=1751.95/s totalWork=7
2021-07-11 17:28:44,176 INFO  [DNFCalculating] log_result_queue_info:1367: calc#2: 排行: try_fetch_result_in_background remaining_qize=10 sync_batch_size=100 processed_result=28000, speed=1698.09/s totalWork=7
2021-07-11 17:28:44,178 INFO  [DNFCalculating] log_result_queue_info:1367: calc#2: 排行: try_fetch_result periodly report remaining_qize=9 sync_batch_size=100 processed_result=28100, speed=1703.95/s totalWork=7
2021-07-11 17:28:44,196 INFO  [DNFCalculating] log_result_queue_info:1367: calc#2: 排行: try_fetch_result periodly report remaining_qize=1 sync_batch_size=100 processed_result=29000, speed=1756.57/s totalWork=7
2021-07-11 17:28:44,714 INFO  [DNFCalculating] log_result_queue_info:1367: calc#2: 排行: try_fetch_result_in_background remaining_qize=10 sync_batch_size=100 processed_result=29100, speed=1708.99/s totalWork=7
2021-07-11 17:28:44,717 INFO  [DNFCalculating] log_result_queue_info:1367: calc#2: 排行: try_fetch_result periodly report remaining_qize=10 sync_batch_size=100 processed_result=29200, speed=1714.65/s totalWork=7
2021-07-11 17:28:44,729 INFO  [DNFCalculating] log_result_queue_info:1367: calc#2: 排行: try_fetch_result periodly report remaining_qize=2 sync_batch_size=100 processed_result=30000, speed=1760.34/s totalWork=7
2021-07-11 17:28:45,237 INFO  [DNFCalculating] log_result_queue_info:1367: calc#2: 排行: try_fetch_result_in_background remaining_qize=8 sync_batch_size=100 processed_result=30200, speed=1720.77/s totalWork=7
2021-07-11 17:28:45,240 INFO  [DNFCalculating] log_result_queue_info:1367: calc#2: 排行: try_fetch_result periodly report remaining_qize=8 sync_batch_size=100 processed_result=30300, speed=1726.15/s totalWork=7
2021-07-11 17:28:45,251 INFO  [DNFCalculating] log_result_queue_info:1367: calc#2: 排行: try_fetch_result periodly report remaining_qize=1 sync_batch_size=100 processed_result=31000, speed=1764.93/s totalWork=7
2021-07-11 17:28:45,760 INFO  [DNFCalculating] log_result_queue_info:1367: calc#2: 排行: try_fetch_result_in_background remaining_qize=11 sync_batch_size=100 processed_result=31100, speed=1720.78/s totalWork=7
2021-07-11 17:28:45,762 INFO  [DNFCalculating] log_result_queue_info:1367: calc#2: 排行: try_fetch_result periodly report remaining_qize=10 sync_batch_size=100 processed_result=31200, speed=1726.11/s totalWork=7
2021-07-11 17:28:45,775 INFO  [DNFCalculating] log_result_queue_info:1367: calc#2: 排行: try_fetch_result periodly report remaining_qize=3 sync_batch_size=100 processed_result=32000, speed=1769.10/s totalWork=7
2021-07-11 17:28:46,283 INFO  [DNFCalculating] log_result_queue_info:1367: calc#2: 排行: try_fetch_result_in_background remaining_qize=7 sync_batch_size=100 processed_result=32300, speed=1736.95/s totalWork=7
2021-07-11 17:28:46,285 INFO  [DNFCalculating] log_result_queue_info:1367: calc#2: 排行: try_fetch_result periodly report remaining_qize=6 sync_batch_size=100 processed_result=32400, speed=1742.16/s totalWork=7
2021-07-11 17:28:46,294 INFO  [DNFCalculating] log_result_queue_info:1367: calc#2: 排行: try_fetch_result periodly report remaining_qize=0 sync_batch_size=100 processed_result=33000, speed=1773.52/s totalWork=7
2021-07-11 17:28:46,806 INFO  [DNFCalculating] log_result_queue_info:1367: calc#2: 排行: try_fetch_result_in_background remaining_qize=12 sync_batch_size=100 processed_result=33000, speed=1726.05/s totalWork=7
2021-07-11 17:28:46,808 INFO  [DNFCalculating] log_result_queue_info:1367: calc#2: 排行: try_fetch_result periodly report remaining_qize=11 sync_batch_size=100 processed_result=33100, speed=1731.14/s totalWork=7
2021-07-11 17:28:46,826 INFO  [DNFCalculating] log_result_queue_info:1367: calc#2: 排行: try_fetch_result periodly report remaining_qize=2 sync_batch_size=100 processed_result=34000, speed=1776.50/s totalWork=7
2021-07-11 17:28:47,344 INFO  [DNFCalculating] log_result_queue_info:1367: calc#2: 排行: try_fetch_result_in_background remaining_qize=9 sync_batch_size=100 processed_result=34200, speed=1739.83/s totalWork=7
2021-07-11 17:28:47,346 INFO  [DNFCalculating] log_result_queue_info:1367: calc#2: 排行: try_fetch_result periodly report remaining_qize=8 sync_batch_size=100 processed_result=34300, speed=1744.74/s totalWork=7
2021-07-11 17:28:47,357 INFO  [DNFCalculating] log_result_queue_info:1367: calc#2: 排行: try_fetch_result periodly report remaining_qize=0 sync_batch_size=100 processed_result=35020, speed=1780.33/s totalWork=7
2021-07-11 17:28:47,866 INFO  [DNFCalculating] log_result_queue_info:1367: calc#2: 排行: try_fetch_result_in_background remaining_qize=7 sync_batch_size=100 processed_result=35020, speed=1735.42/s totalWork=7
2021-07-11 17:28:47,869 INFO  [DNFCalculating] log_result_queue_info:1367: calc#2: 排行: try_fetch_result periodly report remaining_qize=6 sync_batch_size=100 processed_result=35120, speed=1740.18/s totalWork=7
2021-07-11 17:28:48,390 INFO  [DNFCalculating] log_result_queue_info:1367: calc#2: 排行: try_fetch_result_in_background remaining_qize=9 sync_batch_size=100 processed_result=35720, speed=1725.38/s totalWork=7
2021-07-11 17:28:48,392 INFO  [DNFCalculating] log_result_queue_info:1367: calc#2: 排行: try_fetch_result periodly report remaining_qize=8 sync_batch_size=100 processed_result=35820, speed=1730.05/s totalWork=7
2021-07-11 17:28:48,396 INFO  [DNFCalculating] log_result_queue_info:1367: calc#2: 排行: try_fetch_result periodly report remaining_qize=7 sync_batch_size=100 processed_result=36020, speed=1739.36/s totalWork=7
2021-07-11 17:28:48,912 INFO  [DNFCalculating] log_result_queue_info:1367: calc#2: 排行: try_fetch_result_in_background remaining_qize=7 sync_batch_size=100 processed_result=36720, speed=1730.00/s totalWork=7
2021-07-11 17:28:48,914 INFO  [DNFCalculating] log_result_queue_info:1367: calc#2: 排行: try_fetch_result periodly report remaining_qize=6 sync_batch_size=100 processed_result=36740, speed=1730.84/s totalWork=7
2021-07-11 17:28:48,918 INFO  [DNFCalculating] log_result_queue_info:1367: calc#2: 排行: try_fetch_result periodly report remaining_qize=3 sync_batch_size=100 processed_result=37040, speed=1744.59/s totalWork=7
2021-07-11 17:28:49,435 INFO  [DNFCalculating] log_result_queue_info:1367: calc#2: 排行: try_fetch_result_in_background remaining_qize=8 sync_batch_size=100 processed_result=37340, speed=1716.96/s totalWork=7
2021-07-11 17:28:49,437 INFO  [DNFCalculating] log_result_queue_info:1367: calc#2: 排行: try_fetch_result periodly report remaining_qize=7 sync_batch_size=100 processed_result=37440, speed=1721.44/s totalWork=7
2021-07-11 17:28:49,447 INFO  [DNFCalculating] log_result_queue_info:1367: calc#2: 排行: try_fetch_result periodly report remaining_qize=0 sync_batch_size=100 processed_result=38080, speed=1749.99/s totalWork=7
2021-07-11 17:28:49,957 INFO  [DNFCalculating] log_result_queue_info:1367: calc#2: 排行: try_fetch_result_in_background remaining_qize=6 sync_batch_size=100 processed_result=38080, speed=1709.92/s totalWork=7
2021-07-11 17:28:49,959 INFO  [DNFCalculating] log_result_queue_info:1367: calc#2: 排行: try_fetch_result periodly report remaining_qize=5 sync_batch_size=100 processed_result=38180, speed=1714.22/s totalWork=7
2021-07-11 17:28:50,051 WARNI [DNFCalculating] 计算线程:1476: 所有工作线程均已完成计算，总计用时=22.77s
2021-07-11 17:28:50,466 INFO  [DNFCalculating] log_result_queue_info:1367: calc#2: 排行: after join remaining_qize=2 sync_batch_size=100 processed_result=38520, speed=1691.04/s totalWork=7
2021-07-11 17:28:50,468 INFO  [DNFCalculating] log_result_queue_info:1367: calc#2: 排行: try_fetch_result periodly report remaining_qize=1 sync_batch_size=100 processed_result=38620, speed=1695.25/s totalWork=7
2021-07-11 17:28:50,469 INFO  [DNFCalculating] log_result_queue_info:1367: calc#2: 排行: after final remaining_qize=0 sync_batch_size=100 processed_result=38640, speed=1696.09/s totalWork=7
2021-07-11 17:29:41,686 INFO  [DNFCalculating] 计算线程:1354: 开始计算
2021-07-11 17:29:42,369 INFO  [DNFCalculating] log_result_queue_info:1367: calc#3: 排行: try_fetch_result_in_background remaining_qize=0 sync_batch_size=100 processed_result=0, speed=0.00/s totalWork=0
2021-07-11 17:29:43,031 INFO  [DNFCalculating] log_result_queue_info:1367: calc#3: 排行: try_fetch_result_in_background remaining_qize=0 sync_batch_size=100 processed_result=0, speed=0.00/s totalWork=0
2021-07-11 17:29:43,569 INFO  [DNFCalculating] log_result_queue_info:1367: calc#3: 排行: try_fetch_result_in_background remaining_qize=0 sync_batch_size=100 processed_result=0, speed=0.00/s totalWork=7
2021-07-11 17:29:44,076 INFO  [DNFCalculating] log_result_queue_info:1367: calc#3: 排行: try_fetch_result_in_background remaining_qize=3 sync_batch_size=100 processed_result=0, speed=0.00/s totalWork=7
2021-07-11 17:29:44,583 INFO  [DNFCalculating] log_result_queue_info:1367: calc#3: 排行: try_fetch_result_in_background remaining_qize=4 sync_batch_size=100 processed_result=300, speed=123.67/s totalWork=7
2021-07-11 17:29:45,091 INFO  [DNFCalculating] log_result_queue_info:1367: calc#3: 排行: try_fetch_result_in_background remaining_qize=7 sync_batch_size=100 processed_result=700, speed=238.60/s totalWork=7
2021-07-11 17:29:45,097 INFO  [DNFCalculating] log_result_queue_info:1367: calc#3: 排行: try_fetch_result periodly report remaining_qize=4 sync_batch_size=100 processed_result=1000, speed=340.25/s totalWork=7
2021-07-11 17:29:45,614 INFO  [DNFCalculating] log_result_queue_info:1367: calc#3: 排行: try_fetch_result_in_background remaining_qize=7 sync_batch_size=100 processed_result=1400, speed=405.05/s totalWork=7
2021-07-11 17:29:45,616 INFO  [DNFCalculating] log_result_queue_info:1367: calc#3: 排行: try_fetch_result periodly report remaining_qize=6 sync_batch_size=100 processed_result=1500, speed=433.71/s totalWork=7
2021-07-11 17:29:45,623 INFO  [DNFCalculating] log_result_queue_info:1367: calc#3: 排行: try_fetch_result periodly report remaining_qize=1 sync_batch_size=100 processed_result=2000, speed=577.04/s totalWork=7
2021-07-11 17:29:46,137 INFO  [DNFCalculating] log_result_queue_info:1367: calc#3: 排行: try_fetch_result_in_background remaining_qize=8 sync_batch_size=100 processed_result=2100, speed=527.79/s totalWork=7
2021-07-11 17:29:46,139 INFO  [DNFCalculating] log_result_queue_info:1367: calc#3: 排行: try_fetch_result periodly report remaining_qize=7 sync_batch_size=100 processed_result=2200, speed=552.58/s totalWork=7
2021-07-11 17:29:46,151 INFO  [DNFCalculating] log_result_queue_info:1367: calc#3: 排行: try_fetch_result periodly report remaining_qize=0 sync_batch_size=100 processed_result=3000, speed=751.18/s totalWork=7
2021-07-11 17:29:46,659 INFO  [DNFCalculating] log_result_queue_info:1367: calc#3: 排行: try_fetch_result_in_background remaining_qize=9 sync_batch_size=100 processed_result=3000, speed=666.38/s totalWork=7
2021-07-11 17:29:46,662 INFO  [DNFCalculating] log_result_queue_info:1367: calc#3: 排行: try_fetch_result periodly report remaining_qize=8 sync_batch_size=100 processed_result=3100, speed=688.26/s totalWork=7
2021-07-11 17:29:47,181 INFO  [DNFCalculating] log_result_queue_info:1367: calc#3: 排行: try_fetch_result_in_background remaining_qize=9 sync_batch_size=100 processed_result=3900, speed=776.29/s totalWork=7
2021-07-11 17:29:47,184 INFO  [DNFCalculating] log_result_queue_info:1367: calc#3: 排行: try_fetch_result periodly report remaining_qize=8 sync_batch_size=100 processed_result=4000, speed=795.80/s totalWork=7
2021-07-11 17:29:47,705 INFO  [DNFCalculating] log_result_queue_info:1367: calc#3: 排行: try_fetch_result_in_background remaining_qize=10 sync_batch_size=100 processed_result=4800, speed=865.33/s totalWork=7
2021-07-11 17:29:47,707 INFO  [DNFCalculating] log_result_queue_info:1367: calc#3: 排行: try_fetch_result periodly report remaining_qize=9 sync_batch_size=100 processed_result=4900, speed=883.01/s totalWork=7
2021-07-11 17:29:47,709 INFO  [DNFCalculating] log_result_queue_info:1367: calc#3: 排行: try_fetch_result periodly report remaining_qize=8 sync_batch_size=100 processed_result=5000, speed=900.63/s totalWork=7
2021-07-11 17:29:48,227 INFO  [DNFCalculating] log_result_queue_info:1367: calc#3: 排行: try_fetch_result_in_background remaining_qize=7 sync_batch_size=100 processed_result=5800, speed=955.60/s totalWork=7
2021-07-11 17:29:48,229 INFO  [DNFCalculating] log_result_queue_info:1367: calc#3: 排行: try_fetch_result periodly report remaining_qize=7 sync_batch_size=100 processed_result=5900, speed=971.76/s totalWork=7
2021-07-11 17:29:48,232 INFO  [DNFCalculating] log_result_queue_info:1367: calc#3: 排行: try_fetch_result periodly report remaining_qize=6 sync_batch_size=100 processed_result=6000, speed=987.74/s totalWork=7
2021-07-11 17:29:48,750 INFO  [DNFCalculating] log_result_queue_info:1367: calc#3: 排行: try_fetch_result_in_background remaining_qize=10 sync_batch_size=100 processed_result=6600, speed=1001.11/s totalWork=7
2021-07-11 17:29:48,752 INFO  [DNFCalculating] log_result_queue_info:1367: calc#3: 排行: try_fetch_result periodly report remaining_qize=9 sync_batch_size=100 processed_result=6700, speed=1015.92/s totalWork=7
2021-07-11 17:29:48,758 INFO  [DNFCalculating] log_result_queue_info:1367: calc#3: 排行: try_fetch_result periodly report remaining_qize=6 sync_batch_size=100 processed_result=7000, speed=1060.49/s totalWork=7
2021-07-11 17:29:49,273 INFO  [DNFCalculating] log_result_queue_info:1367: calc#3: 排行: try_fetch_result_in_background remaining_qize=7 sync_batch_size=100 processed_result=7600, speed=1068.08/s totalWork=7
2021-07-11 17:29:49,276 INFO  [DNFCalculating] log_result_queue_info:1367: calc#3: 排行: try_fetch_result periodly report remaining_qize=6 sync_batch_size=100 processed_result=7700, speed=1081.84/s totalWork=7
2021-07-11 17:29:49,280 INFO  [DNFCalculating] log_result_queue_info:1367: calc#3: 排行: try_fetch_result periodly report remaining_qize=4 sync_batch_size=100 processed_result=8000, speed=1123.20/s totalWork=7
2021-07-11 17:29:49,796 INFO  [DNFCalculating] log_result_queue_info:1367: calc#3: 排行: try_fetch_result_in_background remaining_qize=9 sync_batch_size=100 processed_result=8400, speed=1099.79/s totalWork=7
2021-07-11 17:29:49,798 INFO  [DNFCalculating] log_result_queue_info:1367: calc#3: 排行: try_fetch_result periodly report remaining_qize=8 sync_batch_size=100 processed_result=8500, speed=1112.52/s totalWork=7
2021-07-11 17:29:49,806 INFO  [DNFCalculating] log_result_queue_info:1367: calc#3: 排行: try_fetch_result periodly report remaining_qize=3 sync_batch_size=100 processed_result=9000, speed=1176.74/s totalWork=7
2021-07-11 17:29:50,319 INFO  [DNFCalculating] log_result_queue_info:1367: calc#3: 排行: try_fetch_result_in_background remaining_qize=7 sync_batch_size=100 processed_result=9300, speed=1139.60/s totalWork=7
2021-07-11 17:29:50,321 INFO  [DNFCalculating] log_result_queue_info:1367: calc#3: 排行: try_fetch_result periodly report remaining_qize=6 sync_batch_size=100 processed_result=9400, speed=1151.45/s totalWork=7
2021-07-11 17:29:50,330 INFO  [DNFCalculating] log_result_queue_info:1367: calc#3: 排行: try_fetch_result periodly report remaining_qize=0 sync_batch_size=100 processed_result=10000, speed=1223.61/s totalWork=7
2021-07-11 17:29:50,841 INFO  [DNFCalculating] log_result_queue_info:1367: calc#3: 排行: try_fetch_result_in_background remaining_qize=10 sync_batch_size=100 processed_result=10000, speed=1151.59/s totalWork=7
2021-07-11 17:29:50,843 INFO  [DNFCalculating] log_result_queue_info:1367: calc#3: 排行: try_fetch_result periodly report remaining_qize=9 sync_batch_size=100 processed_result=10100, speed=1162.87/s totalWork=7
2021-07-11 17:29:50,857 INFO  [DNFCalculating] log_result_queue_info:1367: calc#3: 排行: try_fetch_result periodly report remaining_qize=1 sync_batch_size=100 processed_result=11000, speed=1264.40/s totalWork=7
2021-07-11 17:29:51,364 INFO  [DNFCalculating] log_result_queue_info:1367: calc#3: 排行: try_fetch_result_in_background remaining_qize=8 sync_batch_size=100 processed_result=11100, speed=1205.78/s totalWork=7
2021-07-11 17:29:51,366 INFO  [DNFCalculating] log_result_queue_info:1367: calc#3: 排行: try_fetch_result periodly report remaining_qize=7 sync_batch_size=100 processed_result=11200, speed=1216.25/s totalWork=7
2021-07-11 17:29:51,886 INFO  [DNFCalculating] log_result_queue_info:1367: calc#3: 排行: try_fetch_result_in_background remaining_qize=8 sync_batch_size=100 processed_result=11900, speed=1223.15/s totalWork=7
2021-07-11 17:29:51,888 INFO  [DNFCalculating] log_result_queue_info:1367: calc#3: 排行: try_fetch_result periodly report remaining_qize=7 sync_batch_size=100 processed_result=12000, speed=1233.18/s totalWork=7
2021-07-11 17:29:52,409 INFO  [DNFCalculating] log_result_queue_info:1367: calc#3: 排行: try_fetch_result_in_background remaining_qize=10 sync_batch_size=100 processed_result=12700, speed=1238.87/s totalWork=7
2021-07-11 17:29:52,411 INFO  [DNFCalculating] log_result_queue_info:1367: calc#3: 排行: try_fetch_result periodly report remaining_qize=9 sync_batch_size=100 processed_result=12800, speed=1248.33/s totalWork=7
2021-07-11 17:29:52,414 INFO  [DNFCalculating] log_result_queue_info:1367: calc#3: 排行: try_fetch_result periodly report remaining_qize=7 sync_batch_size=100 processed_result=13000, speed=1267.46/s totalWork=7
2021-07-11 17:29:52,932 INFO  [DNFCalculating] log_result_queue_info:1367: calc#3: 排行: try_fetch_result_in_background remaining_qize=7 sync_batch_size=100 processed_result=13700, speed=1271.52/s totalWork=7
2021-07-11 17:29:52,934 INFO  [DNFCalculating] log_result_queue_info:1367: calc#3: 排行: try_fetch_result periodly report remaining_qize=6 sync_batch_size=100 processed_result=13800, speed=1280.56/s totalWork=7
2021-07-11 17:29:52,938 INFO  [DNFCalculating] log_result_queue_info:1367: calc#3: 排行: try_fetch_result periodly report remaining_qize=4 sync_batch_size=100 processed_result=14000, speed=1298.64/s totalWork=7
2021-07-11 17:29:53,455 INFO  [DNFCalculating] log_result_queue_info:1367: calc#3: 排行: try_fetch_result_in_background remaining_qize=10 sync_batch_size=100 processed_result=14500, speed=1283.49/s totalWork=7
2021-07-11 17:29:53,457 INFO  [DNFCalculating] log_result_queue_info:1367: calc#3: 排行: try_fetch_result periodly report remaining_qize=9 sync_batch_size=100 processed_result=14600, speed=1292.06/s totalWork=7
2021-07-11 17:29:53,464 INFO  [DNFCalculating] log_result_queue_info:1367: calc#3: 排行: try_fetch_result periodly report remaining_qize=5 sync_batch_size=100 processed_result=15000, speed=1326.70/s totalWork=7
2021-07-11 17:29:53,977 INFO  [DNFCalculating] log_result_queue_info:1367: calc#3: 排行: try_fetch_result_in_background remaining_qize=8 sync_batch_size=100 processed_result=15500, speed=1311.37/s totalWork=7
2021-07-11 17:29:53,979 INFO  [DNFCalculating] log_result_queue_info:1367: calc#3: 排行: try_fetch_result periodly report remaining_qize=7 sync_batch_size=100 processed_result=15600, speed=1319.59/s totalWork=7
2021-07-11 17:29:53,986 INFO  [DNFCalculating] log_result_queue_info:1367: calc#3: 排行: try_fetch_result periodly report remaining_qize=3 sync_batch_size=100 processed_result=16000, speed=1352.77/s totalWork=7
2021-07-11 17:29:54,500 INFO  [DNFCalculating] log_result_queue_info:1367: calc#3: 排行: try_fetch_result_in_background remaining_qize=7 sync_batch_size=100 processed_result=16300, speed=1320.71/s totalWork=7
2021-07-11 17:29:54,502 INFO  [DNFCalculating] log_result_queue_info:1367: calc#3: 排行: try_fetch_result periodly report remaining_qize=6 sync_batch_size=100 processed_result=16400, speed=1328.54/s totalWork=7
2021-07-11 17:29:54,512 INFO  [DNFCalculating] log_result_queue_info:1367: calc#3: 排行: try_fetch_result periodly report remaining_qize=0 sync_batch_size=100 processed_result=17000, speed=1376.03/s totalWork=7
2021-07-11 17:29:55,022 INFO  [DNFCalculating] log_result_queue_info:1367: calc#3: 排行: try_fetch_result_in_background remaining_qize=9 sync_batch_size=100 processed_result=17000, speed=1321.45/s totalWork=7
2021-07-11 17:29:55,024 INFO  [DNFCalculating] log_result_queue_info:1367: calc#3: 排行: try_fetch_result periodly report remaining_qize=8 sync_batch_size=100 processed_result=17100, speed=1329.02/s totalWork=7
2021-07-11 17:29:55,545 INFO  [DNFCalculating] log_result_queue_info:1367: calc#3: 排行: try_fetch_result_in_background remaining_qize=9 sync_batch_size=100 processed_result=17900, speed=1337.04/s totalWork=7
2021-07-11 17:29:55,547 INFO  [DNFCalculating] log_result_queue_info:1367: calc#3: 排行: try_fetch_result periodly report remaining_qize=8 sync_batch_size=100 processed_result=18000, speed=1344.29/s totalWork=7
2021-07-11 17:29:56,068 INFO  [DNFCalculating] log_result_queue_info:1367: calc#3: 排行: try_fetch_result_in_background remaining_qize=7 sync_batch_size=100 processed_result=18800, speed=1351.47/s totalWork=7
2021-07-11 17:29:56,071 INFO  [DNFCalculating] log_result_queue_info:1367: calc#3: 排行: try_fetch_result periodly report remaining_qize=6 sync_batch_size=100 processed_result=18900, speed=1358.42/s totalWork=7
2021-07-11 17:29:56,073 INFO  [DNFCalculating] log_result_queue_info:1367: calc#3: 排行: try_fetch_result periodly report remaining_qize=5 sync_batch_size=100 processed_result=19000, speed=1365.41/s totalWork=7
2021-07-11 17:29:56,591 INFO  [DNFCalculating] log_result_queue_info:1367: calc#3: 排行: try_fetch_result_in_background remaining_qize=9 sync_batch_size=100 processed_result=19500, speed=1351.02/s totalWork=7
2021-07-11 17:29:56,593 INFO  [DNFCalculating] log_result_queue_info:1367: calc#3: 排行: try_fetch_result periodly report remaining_qize=8 sync_batch_size=100 processed_result=19600, speed=1357.76/s totalWork=7
2021-07-11 17:29:56,600 INFO  [DNFCalculating] log_result_queue_info:1367: calc#3: 排行: try_fetch_result periodly report remaining_qize=5 sync_batch_size=100 processed_result=20000, speed=1384.81/s totalWork=7
2021-07-11 17:29:57,114 INFO  [DNFCalculating] log_result_queue_info:1367: calc#3: 排行: try_fetch_result_in_background remaining_qize=7 sync_batch_size=100 processed_result=20500, speed=1370.66/s totalWork=7
2021-07-11 17:29:57,116 INFO  [DNFCalculating] log_result_queue_info:1367: calc#3: 排行: try_fetch_result periodly report remaining_qize=6 sync_batch_size=100 processed_result=20600, speed=1377.15/s totalWork=7
2021-07-11 17:29:57,122 INFO  [DNFCalculating] log_result_queue_info:1367: calc#3: 排行: try_fetch_result periodly report remaining_qize=2 sync_batch_size=100 processed_result=21000, speed=1403.30/s totalWork=7
2021-07-11 17:29:57,637 INFO  [DNFCalculating] log_result_queue_info:1367: calc#3: 排行: try_fetch_result_in_background remaining_qize=6 sync_batch_size=100 processed_result=21200, speed=1369.61/s totalWork=7
2021-07-11 17:29:57,639 INFO  [DNFCalculating] log_result_queue_info:1367: calc#3: 排行: try_fetch_result periodly report remaining_qize=5 sync_batch_size=100 processed_result=21300, speed=1375.87/s totalWork=7
2021-07-11 17:29:58,159 INFO  [DNFCalculating] log_result_queue_info:1367: calc#3: 排行: try_fetch_result_in_background remaining_qize=8 sync_batch_size=100 processed_result=21800, speed=1362.35/s totalWork=7
2021-07-11 17:29:58,161 INFO  [DNFCalculating] log_result_queue_info:1367: calc#3: 排行: try_fetch_result periodly report remaining_qize=7 sync_batch_size=100 processed_result=21900, speed=1368.42/s totalWork=7
2021-07-11 17:29:58,163 INFO  [DNFCalculating] log_result_queue_info:1367: calc#3: 排行: try_fetch_result periodly report remaining_qize=6 sync_batch_size=100 processed_result=22000, speed=1374.50/s totalWork=7
2021-07-11 17:29:58,682 INFO  [DNFCalculating] log_result_queue_info:1367: calc#3: 排行: try_fetch_result_in_background remaining_qize=9 sync_batch_size=100 processed_result=22600, speed=1367.65/s totalWork=7
2021-07-11 17:29:58,684 INFO  [DNFCalculating] log_result_queue_info:1367: calc#3: 排行: try_fetch_result periodly report remaining_qize=8 sync_batch_size=100 processed_result=22700, speed=1373.54/s totalWork=7
2021-07-11 17:29:58,690 INFO  [DNFCalculating] log_result_queue_info:1367: calc#3: 排行: try_fetch_result periodly report remaining_qize=5 sync_batch_size=100 processed_result=23000, speed=1391.23/s totalWork=7
2021-07-11 17:29:59,204 INFO  [DNFCalculating] log_result_queue_info:1367: calc#3: 排行: try_fetch_result_in_background remaining_qize=7 sync_batch_size=100 processed_result=23500, speed=1378.55/s totalWork=7
2021-07-11 17:29:59,207 INFO  [DNFCalculating] log_result_queue_info:1367: calc#3: 排行: try_fetch_result periodly report remaining_qize=6 sync_batch_size=100 processed_result=23600, speed=1384.24/s totalWork=7
2021-07-11 17:29:59,214 INFO  [DNFCalculating] log_result_queue_info:1367: calc#3: 排行: try_fetch_result periodly report remaining_qize=2 sync_batch_size=100 processed_result=24000, speed=1407.10/s totalWork=7
2021-07-11 17:29:59,727 INFO  [DNFCalculating] log_result_queue_info:1367: calc#3: 排行: try_fetch_result_in_background remaining_qize=7 sync_batch_size=100 processed_result=24200, speed=1377.35/s totalWork=7
2021-07-11 17:29:59,730 INFO  [DNFCalculating] log_result_queue_info:1367: calc#3: 排行: try_fetch_result periodly report remaining_qize=6 sync_batch_size=100 processed_result=24300, speed=1382.87/s totalWork=7
2021-07-11 17:30:00,251 INFO  [DNFCalculating] log_result_queue_info:1367: calc#3: 排行: try_fetch_result_in_background remaining_qize=8 sync_batch_size=100 processed_result=24900, speed=1376.22/s totalWork=7
2021-07-11 17:30:00,252 INFO  [DNFCalculating] log_result_queue_info:1367: calc#3: 排行: try_fetch_result periodly report remaining_qize=7 sync_batch_size=100 processed_result=25000, speed=1381.60/s totalWork=7
2021-07-11 17:30:00,773 INFO  [DNFCalculating] log_result_queue_info:1367: calc#3: 排行: try_fetch_result_in_background remaining_qize=8 sync_batch_size=100 processed_result=25700, speed=1380.59/s totalWork=7
2021-07-11 17:30:00,776 INFO  [DNFCalculating] log_result_queue_info:1367: calc#3: 排行: try_fetch_result periodly report remaining_qize=7 sync_batch_size=100 processed_result=25800, speed=1385.74/s totalWork=7
2021-07-11 17:30:00,779 INFO  [DNFCalculating] log_result_queue_info:1367: calc#3: 排行: try_fetch_result periodly report remaining_qize=5 sync_batch_size=100 processed_result=26000, speed=1396.22/s totalWork=7
2021-07-11 17:30:01,296 INFO  [DNFCalculating] log_result_queue_info:1367: calc#3: 排行: try_fetch_result_in_background remaining_qize=7 sync_batch_size=100 processed_result=26600, speed=1389.88/s totalWork=7
2021-07-11 17:30:01,298 INFO  [DNFCalculating] log_result_queue_info:1367: calc#3: 排行: try_fetch_result periodly report remaining_qize=6 sync_batch_size=100 processed_result=26700, speed=1394.94/s totalWork=7
2021-07-11 17:30:01,303 INFO  [DNFCalculating] log_result_queue_info:1367: calc#3: 排行: try_fetch_result periodly report remaining_qize=3 sync_batch_size=100 processed_result=27000, speed=1410.25/s totalWork=7
2021-07-11 17:30:01,819 INFO  [DNFCalculating] log_result_queue_info:1367: calc#3: 排行: try_fetch_result_in_background remaining_qize=7 sync_batch_size=100 processed_result=27300, speed=1388.51/s totalWork=7
2021-07-11 17:30:01,821 INFO  [DNFCalculating] log_result_queue_info:1367: calc#3: 排行: try_fetch_result periodly report remaining_qize=6 sync_batch_size=100 processed_result=27400, speed=1393.46/s totalWork=7
2021-07-11 17:30:01,831 INFO  [DNFCalculating] log_result_queue_info:1367: calc#3: 排行: try_fetch_result periodly report remaining_qize=0 sync_batch_size=100 processed_result=28000, speed=1423.22/s totalWork=7
2021-07-11 17:30:02,341 INFO  [DNFCalculating] log_result_queue_info:1367: calc#3: 排行: try_fetch_result_in_background remaining_qize=7 sync_batch_size=100 processed_result=28000, speed=1387.24/s totalWork=7
2021-07-11 17:30:02,344 INFO  [DNFCalculating] log_result_queue_info:1367: calc#3: 排行: try_fetch_result periodly report remaining_qize=6 sync_batch_size=100 processed_result=28100, speed=1392.05/s totalWork=7
2021-07-11 17:30:02,864 INFO  [DNFCalculating] log_result_queue_info:1367: calc#3: 排行: try_fetch_result_in_background remaining_qize=9 sync_batch_size=100 processed_result=28700, speed=1386.01/s totalWork=7
2021-07-11 17:30:02,866 INFO  [DNFCalculating] log_result_queue_info:1367: calc#3: 排行: try_fetch_result periodly report remaining_qize=8 sync_batch_size=100 processed_result=28800, speed=1390.71/s totalWork=7
2021-07-11 17:30:02,870 INFO  [DNFCalculating] log_result_queue_info:1367: calc#3: 排行: try_fetch_result periodly report remaining_qize=6 sync_batch_size=100 processed_result=29000, speed=1400.13/s totalWork=7
2021-07-11 17:30:03,387 INFO  [DNFCalculating] log_result_queue_info:1367: calc#3: 排行: try_fetch_result_in_background remaining_qize=8 sync_batch_size=100 processed_result=29600, speed=1394.27/s totalWork=7
2021-07-11 17:30:03,390 INFO  [DNFCalculating] log_result_queue_info:1367: calc#3: 排行: try_fetch_result periodly report remaining_qize=7 sync_batch_size=100 processed_result=29700, speed=1398.82/s totalWork=7
2021-07-11 17:30:03,395 INFO  [DNFCalculating] log_result_queue_info:1367: calc#3: 排行: try_fetch_result periodly report remaining_qize=4 sync_batch_size=100 processed_result=30000, speed=1412.59/s totalWork=7
2021-07-11 17:30:03,909 INFO  [DNFCalculating] log_result_queue_info:1367: calc#3: 排行: try_fetch_result_in_background remaining_qize=7 sync_batch_size=100 processed_result=30400, speed=1397.59/s totalWork=7
2021-07-11 17:30:03,911 INFO  [DNFCalculating] log_result_queue_info:1367: calc#3: 排行: try_fetch_result periodly report remaining_qize=6 sync_batch_size=100 processed_result=30500, speed=1402.04/s totalWork=7
2021-07-11 17:30:03,919 INFO  [DNFCalculating] log_result_queue_info:1367: calc#3: 排行: try_fetch_result periodly report remaining_qize=1 sync_batch_size=100 processed_result=31000, speed=1424.51/s totalWork=7
2021-07-11 17:30:04,432 INFO  [DNFCalculating] log_result_queue_info:1367: calc#3: 排行: try_fetch_result_in_background remaining_qize=7 sync_batch_size=100 processed_result=31100, speed=1396.22/s totalWork=7
2021-07-11 17:30:04,434 INFO  [DNFCalculating] log_result_queue_info:1367: calc#3: 排行: try_fetch_result periodly report remaining_qize=6 sync_batch_size=100 processed_result=31200, speed=1400.56/s totalWork=7
2021-07-11 17:30:04,955 INFO  [DNFCalculating] log_result_queue_info:1367: calc#3: 排行: try_fetch_result_in_background remaining_qize=9 sync_batch_size=100 processed_result=31800, speed=1394.89/s totalWork=7
2021-07-11 17:30:04,958 INFO  [DNFCalculating] log_result_queue_info:1367: calc#3: 排行: try_fetch_result periodly report remaining_qize=8 sync_batch_size=100 processed_result=31900, speed=1399.15/s totalWork=7
2021-07-11 17:30:04,960 INFO  [DNFCalculating] log_result_queue_info:1367: calc#3: 排行: try_fetch_result periodly report remaining_qize=7 sync_batch_size=100 processed_result=32000, speed=1403.38/s totalWork=7
2021-07-11 17:30:05,477 INFO  [DNFCalculating] log_result_queue_info:1367: calc#3: 排行: try_fetch_result_in_background remaining_qize=6 sync_batch_size=100 processed_result=32620, speed=1398.83/s totalWork=7
2021-07-11 17:30:05,478 INFO  [DNFCalculating] log_result_queue_info:1367: calc#3: 排行: try_fetch_result periodly report remaining_qize=5 sync_batch_size=100 processed_result=32640, speed=1399.61/s totalWork=7
2021-07-11 17:30:05,486 INFO  [DNFCalculating] log_result_queue_info:1367: calc#3: 排行: try_fetch_result periodly report remaining_qize=1 sync_batch_size=100 processed_result=33040, speed=1416.31/s totalWork=7
2021-07-11 17:30:06,000 INFO  [DNFCalculating] log_result_queue_info:1367: calc#3: 排行: try_fetch_result_in_background remaining_qize=5 sync_batch_size=100 processed_result=33140, speed=1389.97/s totalWork=7
2021-07-11 17:30:06,002 INFO  [DNFCalculating] log_result_queue_info:1367: calc#3: 排行: try_fetch_result periodly report remaining_qize=4 sync_batch_size=100 processed_result=33240, speed=1394.03/s totalWork=7
2021-07-11 17:30:06,523 INFO  [DNFCalculating] log_result_queue_info:1367: calc#3: 排行: try_fetch_result_in_background remaining_qize=5 sync_batch_size=100 processed_result=33740, speed=1384.75/s totalWork=7
2021-07-11 17:30:06,525 INFO  [DNFCalculating] log_result_queue_info:1367: calc#3: 排行: try_fetch_result periodly report remaining_qize=4 sync_batch_size=100 processed_result=33840, speed=1388.74/s totalWork=7
2021-07-11 17:30:06,528 INFO  [DNFCalculating] log_result_queue_info:1367: calc#3: 排行: try_fetch_result periodly report remaining_qize=2 sync_batch_size=100 processed_result=34040, speed=1396.75/s totalWork=7
2021-07-11 17:30:07,046 INFO  [DNFCalculating] log_result_queue_info:1367: calc#3: 排行: try_fetch_result_in_background remaining_qize=6 sync_batch_size=100 processed_result=34240, speed=1375.78/s totalWork=7
2021-07-11 17:30:07,048 INFO  [DNFCalculating] log_result_queue_info:1367: calc#3: 排行: try_fetch_result periodly report remaining_qize=5 sync_batch_size=100 processed_result=34340, speed=1379.66/s totalWork=7
2021-07-11 17:30:07,568 INFO  [DNFCalculating] log_result_queue_info:1367: calc#3: 排行: try_fetch_result_in_background remaining_qize=6 sync_batch_size=100 processed_result=34840, speed=1371.09/s totalWork=7
2021-07-11 17:30:07,570 INFO  [DNFCalculating] log_result_queue_info:1367: calc#3: 排行: try_fetch_result periodly report remaining_qize=5 sync_batch_size=100 processed_result=34940, speed=1374.89/s totalWork=7
2021-07-11 17:30:07,572 INFO  [DNFCalculating] log_result_queue_info:1367: calc#3: 排行: try_fetch_result periodly report remaining_qize=4 sync_batch_size=100 processed_result=35040, speed=1378.72/s totalWork=7
2021-07-11 17:30:08,091 INFO  [DNFCalculating] log_result_queue_info:1367: calc#3: 排行: try_fetch_result_in_background remaining_qize=5 sync_batch_size=100 processed_result=35440, speed=1366.59/s totalWork=7
2021-07-11 17:30:08,093 INFO  [DNFCalculating] log_result_queue_info:1367: calc#3: 排行: try_fetch_result periodly report remaining_qize=4 sync_batch_size=100 processed_result=35540, speed=1370.31/s totalWork=7
2021-07-11 17:30:08,614 INFO  [DNFCalculating] log_result_queue_info:1367: calc#3: 排行: try_fetch_result_in_background remaining_qize=5 sync_batch_size=100 processed_result=35940, speed=1358.48/s totalWork=7
2021-07-11 17:30:08,616 INFO  [DNFCalculating] log_result_queue_info:1367: calc#3: 排行: try_fetch_result periodly report remaining_qize=4 sync_batch_size=100 processed_result=36040, speed=1362.13/s totalWork=7
2021-07-11 17:30:09,136 INFO  [DNFCalculating] log_result_queue_info:1367: calc#3: 排行: try_fetch_result_in_background remaining_qize=7 sync_batch_size=100 processed_result=36440, speed=1350.71/s totalWork=7
2021-07-11 17:30:09,139 INFO  [DNFCalculating] log_result_queue_info:1367: calc#3: 排行: try_fetch_result periodly report remaining_qize=6 sync_batch_size=100 processed_result=36540, speed=1354.29/s totalWork=7
2021-07-11 17:30:09,147 INFO  [DNFCalculating] log_result_queue_info:1367: calc#3: 排行: try_fetch_result periodly report remaining_qize=0 sync_batch_size=100 processed_result=37060, speed=1373.11/s totalWork=7
2021-07-11 17:30:09,658 INFO  [DNFCalculating] log_result_queue_info:1367: calc#3: 排行: try_fetch_result_in_background remaining_qize=6 sync_batch_size=100 processed_result=37060, speed=1347.61/s totalWork=7
2021-07-11 17:30:09,660 INFO  [DNFCalculating] log_result_queue_info:1367: calc#3: 排行: try_fetch_result periodly report remaining_qize=5 sync_batch_size=100 processed_result=37160, speed=1351.17/s totalWork=7
2021-07-11 17:30:10,180 INFO  [DNFCalculating] log_result_queue_info:1367: calc#3: 排行: try_fetch_result_in_background remaining_qize=5 sync_batch_size=100 processed_result=37580, speed=1341.07/s totalWork=7
2021-07-11 17:30:10,182 INFO  [DNFCalculating] log_result_queue_info:1367: calc#3: 排行: try_fetch_result periodly report remaining_qize=4 sync_batch_size=100 processed_result=37680, speed=1344.52/s totalWork=7
2021-07-11 17:30:10,187 INFO  [DNFCalculating] log_result_queue_info:1367: calc#3: 排行: try_fetch_result periodly report remaining_qize=0 sync_batch_size=100 processed_result=38080, speed=1358.55/s totalWork=7
2021-07-11 17:30:10,703 INFO  [DNFCalculating] log_result_queue_info:1367: calc#3: 排行: try_fetch_result_in_background remaining_qize=5 sync_batch_size=100 processed_result=38080, speed=1334.02/s totalWork=7
2021-07-11 17:30:10,705 INFO  [DNFCalculating] log_result_queue_info:1367: calc#3: 排行: try_fetch_result periodly report remaining_qize=4 sync_batch_size=100 processed_result=38180, speed=1337.41/s totalWork=7
2021-07-11 17:30:10,846 WARNI [DNFCalculating] 计算线程:1476: 所有工作线程均已完成计算，总计用时=29.16s
2021-07-11 17:30:11,226 INFO  [DNFCalculating] log_result_queue_info:1367: calc#3: 排行: after join remaining_qize=3 sync_batch_size=100 processed_result=38500, speed=1324.45/s totalWork=7
2021-07-11 17:30:11,228 INFO  [DNFCalculating] log_result_queue_info:1367: calc#3: 排行: try_fetch_result periodly report remaining_qize=2 sync_batch_size=100 processed_result=38600, speed=1327.80/s totalWork=7
2021-07-11 17:30:11,229 INFO  [DNFCalculating] log_result_queue_info:1367: calc#3: 排行: after final remaining_qize=0 sync_batch_size=100 processed_result=38640, speed=1329.13/s totalWork=7
