2021-07-17 20:34:37,546 DEBUG [urllib3.connectionpool] _new_conn:971: Starting new HTTPS connection (1): wwx.lanzoui.com:443
2021-07-17 20:34:38,203 DEBUG [urllib3.connectionpool] _make_request:452: https://wwx.lanzoui.com:443 "GET /b01bfj76f HTTP/1.1" 200 None
2021-07-17 20:34:38,235 DEBUG [urllib3.connectionpool] _new_conn:971: Starting new HTTPS connection (1): wwx.lanzoui.com:443
2021-07-17 20:34:38,566 DEBUG [urllib3.connectionpool] _make_request:452: https://wwx.lanzoui.com:443 "GET /b01bfj76f HTTP/1.1" 200 5918
2021-07-17 20:34:38,597 DEBUG [urllib3.connectionpool] _new_conn:971: Starting new HTTPS connection (1): wwx.lanzoui.com:443
2021-07-17 20:34:38,870 DEBUG [urllib3.connectionpool] _make_request:452: https://wwx.lanzoui.com:443 "POST /filemoreajax.php HTTP/1.1" 200 341
2021-07-17 20:34:39,567 DEBUG [urllib3.connectionpool] _make_request:452: https://wwx.lanzoui.com:443 "POST /filemoreajax.php HTTP/1.1" 200 None
2021-07-17 20:34:40,273 DEBUG [urllib3.connectionpool] _make_request:452: https://wwx.lanzoui.com:443 "POST /filemoreajax.php HTTP/1.1" 200 None
2021-07-17 20:35:19,359 ERROR [DNFCalculating] 载入json:3426: list index out of range
2021-07-17 20:35:19,480 ERROR [DNFCalculating] 载入json:3542: '阿斯特罗斯选项'
2021-07-17 20:35:19,480 ERROR [DNFCalculating] 载入json:3568: '奥兹玛选择'
2021-07-17 20:35:40,514 INFO  [DNFCalculating] 计算线程:1459: 开始计算
2021-07-17 20:35:41,529 INFO  [DNFCalculating] log_result_queue_info:1472: calc#1: 排行: try_fetch_result_in_background remaining_qize=0 sync_batch_size=100 processed_result=0, speed=0.00/s totalWork=0
2021-07-17 20:35:42,114 INFO  [DNFCalculating] log_result_queue_info:1472: calc#1: 排行: try_fetch_result_in_background remaining_qize=0 sync_batch_size=100 processed_result=0, speed=0.00/s totalWork=0
2021-07-17 20:35:42,698 INFO  [DNFCalculating] log_result_queue_info:1472: calc#1: 排行: try_fetch_result_in_background remaining_qize=0 sync_batch_size=100 processed_result=0, speed=0.00/s totalWork=0
2021-07-17 20:35:43,298 INFO  [DNFCalculating] log_result_queue_info:1472: calc#1: 排行: try_fetch_result_in_background remaining_qize=0 sync_batch_size=100 processed_result=0, speed=0.00/s totalWork=0
2021-07-17 20:35:43,851 INFO  [DNFCalculating] log_result_queue_info:1472: calc#1: 排行: try_fetch_result_in_background remaining_qize=0 sync_batch_size=100 processed_result=0, speed=0.00/s totalWork=7
2021-07-17 20:35:44,359 INFO  [DNFCalculating] log_result_queue_info:1472: calc#1: 排行: try_fetch_result_in_background remaining_qize=1 sync_batch_size=100 processed_result=0, speed=0.00/s totalWork=7
2021-07-17 20:35:44,867 INFO  [DNFCalculating] log_result_queue_info:1472: calc#1: 排行: try_fetch_result_in_background remaining_qize=1 sync_batch_size=100 processed_result=100, speed=28.31/s totalWork=7
2021-07-17 20:35:45,373 INFO  [DNFCalculating] log_result_queue_info:1472: calc#1: 排行: try_fetch_result_in_background remaining_qize=3 sync_batch_size=100 processed_result=200, speed=49.51/s totalWork=7
2021-07-17 20:35:45,881 INFO  [DNFCalculating] log_result_queue_info:1472: calc#1: 排行: try_fetch_result_in_background remaining_qize=2 sync_batch_size=100 processed_result=500, speed=109.96/s totalWork=7
2021-07-17 20:35:46,388 INFO  [DNFCalculating] log_result_queue_info:1472: calc#1: 排行: try_fetch_result_in_background remaining_qize=5 sync_batch_size=100 processed_result=700, speed=138.50/s totalWork=7
2021-07-17 20:35:46,395 INFO  [DNFCalculating] log_result_queue_info:1472: calc#1: 排行: try_fetch_result periodly report remaining_qize=2 sync_batch_size=100 processed_result=1000, speed=197.62/s totalWork=7
2021-07-17 20:35:46,912 INFO  [DNFCalculating] log_result_queue_info:1472: calc#1: 排行: try_fetch_result_in_background remaining_qize=4 sync_batch_size=100 processed_result=1200, speed=215.17/s totalWork=7
2021-07-17 20:35:46,914 INFO  [DNFCalculating] log_result_queue_info:1472: calc#1: 排行: try_fetch_result periodly report remaining_qize=3 sync_batch_size=100 processed_result=1300, speed=232.98/s totalWork=7
2021-07-17 20:35:47,434 INFO  [DNFCalculating] log_result_queue_info:1472: calc#1: 排行: try_fetch_result_in_background remaining_qize=6 sync_batch_size=100 processed_result=1600, speed=262.28/s totalWork=7
2021-07-17 20:35:47,437 INFO  [DNFCalculating] log_result_queue_info:1472: calc#1: 排行: try_fetch_result periodly report remaining_qize=5 sync_batch_size=100 processed_result=1700, speed=278.56/s totalWork=7
2021-07-17 20:35:47,443 INFO  [DNFCalculating] log_result_queue_info:1472: calc#1: 排行: try_fetch_result periodly report remaining_qize=2 sync_batch_size=100 processed_result=2000, speed=327.40/s totalWork=7
2021-07-17 20:35:47,957 INFO  [DNFCalculating] log_result_queue_info:1472: calc#1: 排行: try_fetch_result_in_background remaining_qize=6 sync_batch_size=100 processed_result=2200, speed=332.20/s totalWork=7
2021-07-17 20:35:47,960 INFO  [DNFCalculating] log_result_queue_info:1472: calc#1: 排行: try_fetch_result periodly report remaining_qize=5 sync_batch_size=100 processed_result=2300, speed=347.14/s totalWork=7
2021-07-17 20:35:48,479 INFO  [DNFCalculating] log_result_queue_info:1472: calc#1: 排行: try_fetch_result_in_background remaining_qize=7 sync_batch_size=100 processed_result=2800, speed=391.86/s totalWork=7
2021-07-17 20:35:48,482 INFO  [DNFCalculating] log_result_queue_info:1472: calc#1: 排行: try_fetch_result periodly report remaining_qize=6 sync_batch_size=100 processed_result=2900, speed=405.69/s totalWork=7
2021-07-17 20:35:48,485 INFO  [DNFCalculating] log_result_queue_info:1472: calc#1: 排行: try_fetch_result periodly report remaining_qize=5 sync_batch_size=100 processed_result=3000, speed=419.53/s totalWork=7
2021-07-17 20:35:49,003 INFO  [DNFCalculating] log_result_queue_info:1472: calc#1: 排行: try_fetch_result_in_background remaining_qize=7 sync_batch_size=100 processed_result=3500, speed=456.40/s totalWork=7
2021-07-17 20:35:49,006 INFO  [DNFCalculating] log_result_queue_info:1472: calc#1: 排行: try_fetch_result periodly report remaining_qize=7 sync_batch_size=100 processed_result=3600, speed=469.29/s totalWork=7
2021-07-17 20:35:49,013 INFO  [DNFCalculating] log_result_queue_info:1472: calc#1: 排行: try_fetch_result periodly report remaining_qize=3 sync_batch_size=100 processed_result=4000, speed=520.90/s totalWork=7
2021-07-17 20:35:49,525 INFO  [DNFCalculating] log_result_queue_info:1472: calc#1: 排行: try_fetch_result_in_background remaining_qize=7 sync_batch_size=100 processed_result=4300, speed=524.97/s totalWork=7
2021-07-17 20:35:49,528 INFO  [DNFCalculating] log_result_queue_info:1472: calc#1: 排行: try_fetch_result periodly report remaining_qize=6 sync_batch_size=100 processed_result=4400, speed=536.98/s totalWork=7
2021-07-17 20:35:49,540 INFO  [DNFCalculating] log_result_queue_info:1472: calc#1: 排行: try_fetch_result periodly report remaining_qize=0 sync_batch_size=100 processed_result=5000, speed=609.32/s totalWork=7
2021-07-17 20:35:50,048 INFO  [DNFCalculating] log_result_queue_info:1472: calc#1: 排行: try_fetch_result_in_background remaining_qize=7 sync_batch_size=100 processed_result=5000, speed=573.81/s totalWork=7
2021-07-17 20:35:50,050 INFO  [DNFCalculating] log_result_queue_info:1472: calc#1: 排行: try_fetch_result periodly report remaining_qize=6 sync_batch_size=100 processed_result=5100, speed=585.12/s totalWork=7
2021-07-17 20:35:50,571 INFO  [DNFCalculating] log_result_queue_info:1472: calc#1: 排行: try_fetch_result_in_background remaining_qize=9 sync_batch_size=100 processed_result=5700, speed=617.08/s totalWork=7
2021-07-17 20:35:50,574 INFO  [DNFCalculating] log_result_queue_info:1472: calc#1: 排行: try_fetch_result periodly report remaining_qize=8 sync_batch_size=100 processed_result=5800, speed=627.74/s totalWork=7
2021-07-17 20:35:50,578 INFO  [DNFCalculating] log_result_queue_info:1472: calc#1: 排行: try_fetch_result periodly report remaining_qize=6 sync_batch_size=100 processed_result=6000, speed=649.11/s totalWork=7
2021-07-17 20:35:51,094 INFO  [DNFCalculating] log_result_queue_info:1472: calc#1: 排行: try_fetch_result_in_background remaining_qize=8 sync_batch_size=100 processed_result=6700, speed=686.46/s totalWork=7
2021-07-17 20:35:51,097 INFO  [DNFCalculating] log_result_queue_info:1472: calc#1: 排行: try_fetch_result periodly report remaining_qize=7 sync_batch_size=100 processed_result=6800, speed=696.49/s totalWork=7
2021-07-17 20:35:51,101 INFO  [DNFCalculating] log_result_queue_info:1472: calc#1: 排行: try_fetch_result periodly report remaining_qize=5 sync_batch_size=100 processed_result=7000, speed=716.72/s totalWork=7
2021-07-17 20:35:51,617 INFO  [DNFCalculating] log_result_queue_info:1472: calc#1: 排行: try_fetch_result_in_background remaining_qize=12 sync_batch_size=100 processed_result=7500, speed=729.43/s totalWork=7
2021-07-17 20:35:51,619 INFO  [DNFCalculating] log_result_queue_info:1472: calc#1: 排行: try_fetch_result periodly report remaining_qize=11 sync_batch_size=100 processed_result=7600, speed=738.97/s totalWork=7
2021-07-17 20:35:51,626 INFO  [DNFCalculating] log_result_queue_info:1472: calc#1: 排行: try_fetch_result periodly report remaining_qize=7 sync_batch_size=100 processed_result=8000, speed=777.34/s totalWork=7
2021-07-17 20:35:52,139 INFO  [DNFCalculating] log_result_queue_info:1472: calc#1: 排行: try_fetch_result_in_background remaining_qize=15 sync_batch_size=100 processed_result=8700, speed=805.19/s totalWork=7
2021-07-17 20:35:52,141 INFO  [DNFCalculating] log_result_queue_info:1472: calc#1: 排行: try_fetch_result periodly report remaining_qize=14 sync_batch_size=100 processed_result=8800, speed=814.30/s totalWork=7
2021-07-17 20:35:52,144 INFO  [DNFCalculating] log_result_queue_info:1472: calc#1: 排行: try_fetch_result periodly report remaining_qize=12 sync_batch_size=100 processed_result=9000, speed=832.54/s totalWork=7
2021-07-17 20:35:52,159 INFO  [DNFCalculating] log_result_queue_info:1472: calc#1: 排行: try_fetch_result periodly report remaining_qize=2 sync_batch_size=100 processed_result=10000, speed=923.81/s totalWork=7
2021-07-17 20:35:52,662 INFO  [DNFCalculating] log_result_queue_info:1472: calc#1: 排行: try_fetch_result_in_background remaining_qize=15 sync_batch_size=100 processed_result=10200, speed=900.45/s totalWork=7
2021-07-17 20:35:52,665 INFO  [DNFCalculating] log_result_queue_info:1472: calc#1: 排行: try_fetch_result periodly report remaining_qize=14 sync_batch_size=100 processed_result=10300, speed=909.04/s totalWork=7
2021-07-17 20:35:52,675 INFO  [DNFCalculating] log_result_queue_info:1472: calc#1: 排行: try_fetch_result periodly report remaining_qize=7 sync_batch_size=100 processed_result=11000, speed=969.93/s totalWork=7
2021-07-17 20:35:53,200 INFO  [DNFCalculating] log_result_queue_info:1472: calc#1: 排行: try_fetch_result_in_background remaining_qize=13 sync_batch_size=100 processed_result=11700, speed=986.03/s totalWork=7
2021-07-17 20:35:53,202 INFO  [DNFCalculating] log_result_queue_info:1472: calc#1: 排行: try_fetch_result periodly report remaining_qize=12 sync_batch_size=100 processed_result=11800, speed=994.29/s totalWork=7
2021-07-17 20:35:53,205 INFO  [DNFCalculating] log_result_queue_info:1472: calc#1: 排行: try_fetch_result periodly report remaining_qize=10 sync_batch_size=100 processed_result=12000, speed=1010.85/s totalWork=7
2021-07-17 20:35:53,219 INFO  [DNFCalculating] log_result_queue_info:1472: calc#1: 排行: try_fetch_result periodly report remaining_qize=0 sync_batch_size=100 processed_result=13000, speed=1093.80/s totalWork=7
2021-07-17 20:35:53,723 INFO  [DNFCalculating] log_result_queue_info:1472: calc#1: 排行: try_fetch_result_in_background remaining_qize=14 sync_batch_size=100 processed_result=13000, speed=1049.35/s totalWork=7
2021-07-17 20:35:53,725 INFO  [DNFCalculating] log_result_queue_info:1472: calc#1: 排行: try_fetch_result periodly report remaining_qize=13 sync_batch_size=100 processed_result=13100, speed=1057.21/s totalWork=7
2021-07-17 20:35:53,738 INFO  [DNFCalculating] log_result_queue_info:1472: calc#1: 排行: try_fetch_result periodly report remaining_qize=4 sync_batch_size=100 processed_result=14000, speed=1128.72/s totalWork=7
2021-07-17 20:35:54,246 INFO  [DNFCalculating] log_result_queue_info:1472: calc#1: 排行: try_fetch_result_in_background remaining_qize=14 sync_batch_size=100 processed_result=14500, speed=1123.04/s totalWork=7
2021-07-17 20:35:54,248 INFO  [DNFCalculating] log_result_queue_info:1472: calc#1: 排行: try_fetch_result periodly report remaining_qize=13 sync_batch_size=100 processed_result=14600, speed=1130.57/s totalWork=7
2021-07-17 20:35:54,254 INFO  [DNFCalculating] log_result_queue_info:1472: calc#1: 排行: try_fetch_result periodly report remaining_qize=9 sync_batch_size=100 processed_result=15000, speed=1161.01/s totalWork=7
2021-07-17 20:35:54,769 INFO  [DNFCalculating] log_result_queue_info:1472: calc#1: 排行: try_fetch_result_in_background remaining_qize=13 sync_batch_size=100 processed_result=15900, speed=1183.51/s totalWork=7
2021-07-17 20:35:54,771 INFO  [DNFCalculating] log_result_queue_info:1472: calc#1: 排行: try_fetch_result periodly report remaining_qize=12 sync_batch_size=100 processed_result=16000, speed=1190.73/s totalWork=7
2021-07-17 20:35:54,786 INFO  [DNFCalculating] log_result_queue_info:1472: calc#1: 排行: try_fetch_result periodly report remaining_qize=3 sync_batch_size=100 processed_result=17000, speed=1263.75/s totalWork=7
2021-07-17 20:35:55,291 INFO  [DNFCalculating] log_result_queue_info:1472: calc#1: 排行: try_fetch_result_in_background remaining_qize=14 sync_batch_size=100 processed_result=17300, speed=1239.53/s totalWork=7
2021-07-17 20:35:55,293 INFO  [DNFCalculating] log_result_queue_info:1472: calc#1: 排行: try_fetch_result periodly report remaining_qize=13 sync_batch_size=100 processed_result=17400, speed=1246.47/s totalWork=7
2021-07-17 20:35:55,303 INFO  [DNFCalculating] log_result_queue_info:1472: calc#1: 排行: try_fetch_result periodly report remaining_qize=7 sync_batch_size=100 processed_result=18000, speed=1288.58/s totalWork=7
2021-07-17 20:35:55,829 INFO  [DNFCalculating] log_result_queue_info:1472: calc#1: 排行: try_fetch_result_in_background remaining_qize=12 sync_batch_size=100 processed_result=18800, speed=1296.99/s totalWork=7
2021-07-17 20:35:55,831 INFO  [DNFCalculating] log_result_queue_info:1472: calc#1: 排行: try_fetch_result periodly report remaining_qize=11 sync_batch_size=100 processed_result=18900, speed=1303.71/s totalWork=7
2021-07-17 20:35:55,833 INFO  [DNFCalculating] log_result_queue_info:1472: calc#1: 排行: try_fetch_result periodly report remaining_qize=10 sync_batch_size=100 processed_result=19000, speed=1310.43/s totalWork=7
2021-07-17 20:35:55,848 INFO  [DNFCalculating] log_result_queue_info:1472: calc#1: 排行: try_fetch_result periodly report remaining_qize=1 sync_batch_size=100 processed_result=20000, speed=1378.03/s totalWork=7
2021-07-17 20:35:56,352 INFO  [DNFCalculating] log_result_queue_info:1472: calc#1: 排行: try_fetch_result_in_background remaining_qize=15 sync_batch_size=100 processed_result=20100, speed=1338.36/s totalWork=7
2021-07-17 20:35:56,354 INFO  [DNFCalculating] log_result_queue_info:1472: calc#1: 排行: try_fetch_result periodly report remaining_qize=14 sync_batch_size=100 processed_result=20200, speed=1344.84/s totalWork=7
2021-07-17 20:35:56,367 INFO  [DNFCalculating] log_result_queue_info:1472: calc#1: 排行: try_fetch_result periodly report remaining_qize=7 sync_batch_size=100 processed_result=21000, speed=1396.95/s totalWork=7
2021-07-17 20:35:56,890 INFO  [DNFCalculating] log_result_queue_info:1472: calc#1: 排行: try_fetch_result_in_background remaining_qize=13 sync_batch_size=100 processed_result=21700, speed=1394.96/s totalWork=7
2021-07-17 20:35:56,893 INFO  [DNFCalculating] log_result_queue_info:1472: calc#1: 排行: try_fetch_result periodly report remaining_qize=12 sync_batch_size=100 processed_result=21800, speed=1401.21/s totalWork=7
2021-07-17 20:35:56,896 INFO  [DNFCalculating] log_result_queue_info:1472: calc#1: 排行: try_fetch_result periodly report remaining_qize=10 sync_batch_size=100 processed_result=22000, speed=1413.75/s totalWork=7
2021-07-17 20:35:56,911 INFO  [DNFCalculating] log_result_queue_info:1472: calc#1: 排行: try_fetch_result periodly report remaining_qize=1 sync_batch_size=100 processed_result=23000, speed=1476.55/s totalWork=7
2021-07-17 20:35:57,428 INFO  [DNFCalculating] log_result_queue_info:1472: calc#1: 排行: try_fetch_result_in_background remaining_qize=14 sync_batch_size=100 processed_result=23100, speed=1435.30/s totalWork=7
2021-07-17 20:35:57,430 INFO  [DNFCalculating] log_result_queue_info:1472: calc#1: 排行: try_fetch_result periodly report remaining_qize=13 sync_batch_size=100 processed_result=23200, speed=1441.34/s totalWork=7
2021-07-17 20:35:57,442 INFO  [DNFCalculating] log_result_queue_info:1472: calc#1: 排行: try_fetch_result periodly report remaining_qize=5 sync_batch_size=100 processed_result=24000, speed=1489.94/s totalWork=7
2021-07-17 20:35:57,967 INFO  [DNFCalculating] log_result_queue_info:1472: calc#1: 排行: try_fetch_result_in_background remaining_qize=13 sync_batch_size=100 processed_result=24600, speed=1479.04/s totalWork=7
2021-07-17 20:35:57,969 INFO  [DNFCalculating] log_result_queue_info:1472: calc#1: 排行: try_fetch_result periodly report remaining_qize=12 sync_batch_size=100 processed_result=24700, speed=1484.84/s totalWork=7
2021-07-17 20:35:57,973 INFO  [DNFCalculating] log_result_queue_info:1472: calc#1: 排行: try_fetch_result periodly report remaining_qize=9 sync_batch_size=100 processed_result=25000, speed=1502.47/s totalWork=7
2021-07-17 20:35:58,489 INFO  [DNFCalculating] log_result_queue_info:1472: calc#1: 排行: try_fetch_result_in_background remaining_qize=13 sync_batch_size=100 processed_result=25900, speed=1509.75/s totalWork=7
2021-07-17 20:35:58,491 INFO  [DNFCalculating] log_result_queue_info:1472: calc#1: 排行: try_fetch_result periodly report remaining_qize=12 sync_batch_size=100 processed_result=26000, speed=1515.41/s totalWork=7
2021-07-17 20:35:58,507 INFO  [DNFCalculating] log_result_queue_info:1472: calc#1: 排行: try_fetch_result periodly report remaining_qize=2 sync_batch_size=100 processed_result=27000, speed=1572.33/s totalWork=7
2021-07-17 20:35:59,012 INFO  [DNFCalculating] log_result_queue_info:1472: calc#1: 排行: try_fetch_result_in_background remaining_qize=13 sync_batch_size=100 processed_result=27300, speed=1544.30/s totalWork=7
2021-07-17 20:35:59,015 INFO  [DNFCalculating] log_result_queue_info:1472: calc#1: 排行: try_fetch_result periodly report remaining_qize=12 sync_batch_size=100 processed_result=27400, speed=1549.70/s totalWork=7
2021-07-17 20:35:59,025 INFO  [DNFCalculating] log_result_queue_info:1472: calc#1: 排行: try_fetch_result periodly report remaining_qize=7 sync_batch_size=100 processed_result=28000, speed=1582.70/s totalWork=7
2021-07-17 20:35:59,566 INFO  [DNFCalculating] log_result_queue_info:1472: calc#1: 排行: try_fetch_result_in_background remaining_qize=11 sync_batch_size=100 processed_result=28900, speed=1585.17/s totalWork=7
2021-07-17 20:35:59,567 INFO  [DNFCalculating] log_result_queue_info:1472: calc#1: 排行: try_fetch_result periodly report remaining_qize=10 sync_batch_size=100 processed_result=29000, speed=1590.49/s totalWork=7
2021-07-17 20:35:59,582 INFO  [DNFCalculating] log_result_queue_info:1472: calc#1: 排行: try_fetch_result periodly report remaining_qize=1 sync_batch_size=100 processed_result=30000, speed=1644.03/s totalWork=7
2021-07-17 20:36:00,088 INFO  [DNFCalculating] log_result_queue_info:1472: calc#1: 排行: try_fetch_result_in_background remaining_qize=13 sync_batch_size=100 processed_result=30100, speed=1604.97/s totalWork=7
2021-07-17 20:36:00,091 INFO  [DNFCalculating] log_result_queue_info:1472: calc#1: 排行: try_fetch_result periodly report remaining_qize=12 sync_batch_size=100 processed_result=30200, speed=1610.09/s totalWork=7
2021-07-17 20:36:00,104 INFO  [DNFCalculating] log_result_queue_info:1472: calc#1: 排行: try_fetch_result periodly report remaining_qize=5 sync_batch_size=100 processed_result=31000, speed=1651.61/s totalWork=7
2021-07-17 20:36:00,626 INFO  [DNFCalculating] log_result_queue_info:1472: calc#1: 排行: try_fetch_result_in_background remaining_qize=14 sync_batch_size=100 processed_result=31500, speed=1632.77/s totalWork=7
2021-07-17 20:36:00,628 INFO  [DNFCalculating] log_result_queue_info:1472: calc#1: 排行: try_fetch_result periodly report remaining_qize=13 sync_batch_size=100 processed_result=31600, speed=1637.78/s totalWork=7
2021-07-17 20:36:00,637 INFO  [DNFCalculating] log_result_queue_info:1472: calc#1: 排行: try_fetch_result periodly report remaining_qize=8 sync_batch_size=100 processed_result=32086, speed=1662.25/s totalWork=7
2021-07-17 20:36:01,165 INFO  [DNFCalculating] log_result_queue_info:1472: calc#1: 排行: try_fetch_result_in_background remaining_qize=12 sync_batch_size=100 processed_result=32886, speed=1658.35/s totalWork=7
2021-07-17 20:36:01,167 INFO  [DNFCalculating] log_result_queue_info:1472: calc#1: 排行: try_fetch_result periodly report remaining_qize=11 sync_batch_size=100 processed_result=32986, speed=1663.19/s totalWork=7
2021-07-17 20:36:01,169 INFO  [DNFCalculating] log_result_queue_info:1472: calc#1: 排行: try_fetch_result periodly report remaining_qize=10 sync_batch_size=100 processed_result=33086, speed=1668.10/s totalWork=7
2021-07-17 20:36:01,184 INFO  [DNFCalculating] log_result_queue_info:1472: calc#1: 排行: try_fetch_result periodly report remaining_qize=0 sync_batch_size=100 processed_result=34072, speed=1716.48/s totalWork=7
2021-07-17 20:36:01,687 INFO  [DNFCalculating] log_result_queue_info:1472: calc#1: 排行: try_fetch_result_in_background remaining_qize=10 sync_batch_size=100 processed_result=34072, speed=1674.03/s totalWork=7
2021-07-17 20:36:01,690 INFO  [DNFCalculating] log_result_queue_info:1472: calc#1: 排行: try_fetch_result periodly report remaining_qize=9 sync_batch_size=100 processed_result=34172, speed=1678.73/s totalWork=7
2021-07-17 20:36:01,703 INFO  [DNFCalculating] log_result_queue_info:1472: calc#1: 排行: try_fetch_result periodly report remaining_qize=0 sync_batch_size=100 processed_result=35058, speed=1721.17/s totalWork=7
2021-07-17 20:36:02,210 INFO  [DNFCalculating] log_result_queue_info:1472: calc#1: 排行: try_fetch_result_in_background remaining_qize=11 sync_batch_size=100 processed_result=35058, speed=1679.34/s totalWork=7
2021-07-17 20:36:02,213 INFO  [DNFCalculating] log_result_queue_info:1472: calc#1: 排行: try_fetch_result periodly report remaining_qize=10 sync_batch_size=100 processed_result=35158, speed=1683.93/s totalWork=7
2021-07-17 20:36:02,227 INFO  [DNFCalculating] log_result_queue_info:1472: calc#1: 排行: try_fetch_result periodly report remaining_qize=1 sync_batch_size=100 processed_result=36058, speed=1725.88/s totalWork=7
2021-07-17 20:36:02,733 INFO  [DNFCalculating] log_result_queue_info:1472: calc#1: 排行: try_fetch_result_in_background remaining_qize=8 sync_batch_size=100 processed_result=36158, speed=1689.67/s totalWork=7
2021-07-17 20:36:02,735 INFO  [DNFCalculating] log_result_queue_info:1472: calc#1: 排行: try_fetch_result periodly report remaining_qize=7 sync_batch_size=100 processed_result=36258, speed=1694.19/s totalWork=7
2021-07-17 20:36:03,256 INFO  [DNFCalculating] log_result_queue_info:1472: calc#1: 排行: try_fetch_result_in_background remaining_qize=8 sync_batch_size=100 processed_result=36944, speed=1685.23/s totalWork=7
2021-07-17 20:36:03,258 INFO  [DNFCalculating] log_result_queue_info:1472: calc#1: 排行: try_fetch_result periodly report remaining_qize=7 sync_batch_size=100 processed_result=37044, speed=1689.68/s totalWork=7
2021-07-17 20:36:03,779 INFO  [DNFCalculating] log_result_queue_info:1472: calc#1: 排行: try_fetch_result_in_background remaining_qize=5 sync_batch_size=100 processed_result=37830, speed=1685.49/s totalWork=7
2021-07-17 20:36:03,780 INFO  [DNFCalculating] log_result_queue_info:1472: calc#1: 排行: try_fetch_result periodly report remaining_qize=4 sync_batch_size=100 processed_result=37930, speed=1689.84/s totalWork=7
2021-07-17 20:36:03,781 INFO  [DNFCalculating] log_result_queue_info:1472: calc#1: 排行: try_fetch_result periodly report remaining_qize=3 sync_batch_size=100 processed_result=38030, speed=1694.21/s totalWork=7
2021-07-17 20:36:03,830 WARNI [DNFCalculating] 计算线程:1581: 所有工作线程均已完成计算，总计用时=23.31s
2021-07-17 20:36:04,287 INFO  [DNFCalculating] log_result_queue_info:1472: calc#1: 排行: after join remaining_qize=1 sync_batch_size=100 processed_result=38315, speed=1669.31/s totalWork=7
2021-07-17 20:36:04,288 INFO  [DNFCalculating] log_result_queue_info:1472: calc#1: 排行: try_fetch_result periodly report remaining_qize=0 sync_batch_size=100 processed_result=38400, speed=1672.90/s totalWork=7
2021-07-17 20:36:04,289 INFO  [DNFCalculating] log_result_queue_info:1472: calc#1: 排行: after final remaining_qize=0 sync_batch_size=100 processed_result=38400, speed=1672.83/s totalWork=7
2021-07-17 20:36:13,482 INFO  [DNFCalculating] 计算线程:1459: 开始计算
2021-07-17 20:36:14,255 INFO  [DNFCalculating] log_result_queue_info:1472: calc#2: 排行: try_fetch_result_in_background remaining_qize=0 sync_batch_size=100 processed_result=0, speed=0.00/s totalWork=0
2021-07-17 20:36:14,870 INFO  [DNFCalculating] log_result_queue_info:1472: calc#2: 排行: try_fetch_result_in_background remaining_qize=0 sync_batch_size=100 processed_result=0, speed=0.00/s totalWork=0
2021-07-17 20:36:15,469 INFO  [DNFCalculating] log_result_queue_info:1472: calc#2: 排行: try_fetch_result_in_background remaining_qize=0 sync_batch_size=100 processed_result=0, speed=0.00/s totalWork=0
2021-07-17 20:36:16,069 INFO  [DNFCalculating] log_result_queue_info:1472: calc#2: 排行: try_fetch_result_in_background remaining_qize=0 sync_batch_size=100 processed_result=0, speed=0.00/s totalWork=0
2021-07-17 20:36:16,653 INFO  [DNFCalculating] log_result_queue_info:1472: calc#2: 排行: try_fetch_result_in_background remaining_qize=0 sync_batch_size=100 processed_result=0, speed=0.00/s totalWork=0
2021-07-17 20:36:17,207 INFO  [DNFCalculating] log_result_queue_info:1472: calc#2: 排行: try_fetch_result_in_background remaining_qize=0 sync_batch_size=100 processed_result=0, speed=0.00/s totalWork=7
2021-07-17 20:36:17,715 INFO  [DNFCalculating] log_result_queue_info:1472: calc#2: 排行: try_fetch_result_in_background remaining_qize=1 sync_batch_size=100 processed_result=0, speed=0.00/s totalWork=7
2021-07-17 20:36:18,222 INFO  [DNFCalculating] log_result_queue_info:1472: calc#2: 排行: try_fetch_result_in_background remaining_qize=2 sync_batch_size=100 processed_result=100, speed=24.32/s totalWork=7
2021-07-17 20:36:18,727 INFO  [DNFCalculating] log_result_queue_info:1472: calc#2: 排行: try_fetch_result_in_background remaining_qize=3 sync_batch_size=100 processed_result=300, speed=64.99/s totalWork=7
2021-07-17 20:36:19,237 INFO  [DNFCalculating] log_result_queue_info:1472: calc#2: 排行: try_fetch_result_in_background remaining_qize=2 sync_batch_size=100 processed_result=600, speed=117.05/s totalWork=7
2021-07-17 20:36:19,744 INFO  [DNFCalculating] log_result_queue_info:1472: calc#2: 排行: try_fetch_result_in_background remaining_qize=5 sync_batch_size=100 processed_result=800, speed=142.01/s totalWork=7
2021-07-17 20:36:19,748 INFO  [DNFCalculating] log_result_queue_info:1472: calc#2: 排行: try_fetch_result periodly report remaining_qize=3 sync_batch_size=100 processed_result=1000, speed=177.38/s totalWork=7
2021-07-17 20:36:20,267 INFO  [DNFCalculating] log_result_queue_info:1472: calc#2: 排行: try_fetch_result_in_background remaining_qize=4 sync_batch_size=100 processed_result=1300, speed=211.18/s totalWork=7
2021-07-17 20:36:20,270 INFO  [DNFCalculating] log_result_queue_info:1472: calc#2: 排行: try_fetch_result periodly report remaining_qize=3 sync_batch_size=100 processed_result=1400, speed=227.32/s totalWork=7
2021-07-17 20:36:20,790 INFO  [DNFCalculating] log_result_queue_info:1472: calc#2: 排行: try_fetch_result_in_background remaining_qize=5 sync_batch_size=100 processed_result=1700, speed=254.54/s totalWork=7
2021-07-17 20:36:20,792 INFO  [DNFCalculating] log_result_queue_info:1472: calc#2: 排行: try_fetch_result periodly report remaining_qize=4 sync_batch_size=100 processed_result=1800, speed=269.40/s totalWork=7
2021-07-17 20:36:20,797 INFO  [DNFCalculating] log_result_queue_info:1472: calc#2: 排行: try_fetch_result periodly report remaining_qize=2 sync_batch_size=100 processed_result=2000, speed=299.13/s totalWork=7
2021-07-17 20:36:21,313 INFO  [DNFCalculating] log_result_queue_info:1472: calc#2: 排行: try_fetch_result_in_background remaining_qize=6 sync_batch_size=100 processed_result=2200, speed=305.47/s totalWork=7
2021-07-17 20:36:21,315 INFO  [DNFCalculating] log_result_queue_info:1472: calc#2: 排行: try_fetch_result periodly report remaining_qize=5 sync_batch_size=100 processed_result=2300, speed=319.25/s totalWork=7
2021-07-17 20:36:21,835 INFO  [DNFCalculating] log_result_queue_info:1472: calc#2: 排行: try_fetch_result_in_background remaining_qize=7 sync_batch_size=100 processed_result=2800, speed=362.47/s totalWork=7
2021-07-17 20:36:21,838 INFO  [DNFCalculating] log_result_queue_info:1472: calc#2: 排行: try_fetch_result periodly report remaining_qize=6 sync_batch_size=100 processed_result=2900, speed=375.27/s totalWork=7
2021-07-17 20:36:21,841 INFO  [DNFCalculating] log_result_queue_info:1472: calc#2: 排行: try_fetch_result periodly report remaining_qize=5 sync_batch_size=100 processed_result=3000, speed=388.12/s totalWork=7
2021-07-17 20:36:22,358 INFO  [DNFCalculating] log_result_queue_info:1472: calc#2: 排行: try_fetch_result_in_background remaining_qize=5 sync_batch_size=100 processed_result=3600, speed=436.52/s totalWork=7
2021-07-17 20:36:22,361 INFO  [DNFCalculating] log_result_queue_info:1472: calc#2: 排行: try_fetch_result periodly report remaining_qize=4 sync_batch_size=100 processed_result=3700, speed=448.49/s totalWork=7
2021-07-17 20:36:22,367 INFO  [DNFCalculating] log_result_queue_info:1472: calc#2: 排行: try_fetch_result periodly report remaining_qize=1 sync_batch_size=100 processed_result=4000, speed=484.50/s totalWork=7
2021-07-17 20:36:22,881 INFO  [DNFCalculating] log_result_queue_info:1472: calc#2: 排行: try_fetch_result_in_background remaining_qize=9 sync_batch_size=100 processed_result=4100, speed=467.49/s totalWork=7
2021-07-17 20:36:22,883 INFO  [DNFCalculating] log_result_queue_info:1472: calc#2: 排行: try_fetch_result periodly report remaining_qize=8 sync_batch_size=100 processed_result=4200, speed=478.76/s totalWork=7
2021-07-17 20:36:22,899 INFO  [DNFCalculating] log_result_queue_info:1472: calc#2: 排行: try_fetch_result periodly report remaining_qize=1 sync_batch_size=100 processed_result=5000, speed=568.95/s totalWork=7
2021-07-17 20:36:23,404 INFO  [DNFCalculating] log_result_queue_info:1472: calc#2: 排行: try_fetch_result_in_background remaining_qize=7 sync_batch_size=100 processed_result=5100, speed=548.80/s totalWork=7
2021-07-17 20:36:23,406 INFO  [DNFCalculating] log_result_queue_info:1472: calc#2: 排行: try_fetch_result periodly report remaining_qize=6 sync_batch_size=100 processed_result=5200, speed=559.44/s totalWork=7
2021-07-17 20:36:23,927 INFO  [DNFCalculating] log_result_queue_info:1472: calc#2: 排行: try_fetch_result_in_background remaining_qize=10 sync_batch_size=100 processed_result=5800, speed=590.91/s totalWork=7
2021-07-17 20:36:23,929 INFO  [DNFCalculating] log_result_queue_info:1472: calc#2: 排行: try_fetch_result periodly report remaining_qize=9 sync_batch_size=100 processed_result=5900, speed=600.92/s totalWork=7
2021-07-17 20:36:23,932 INFO  [DNFCalculating] log_result_queue_info:1472: calc#2: 排行: try_fetch_result periodly report remaining_qize=8 sync_batch_size=100 processed_result=6000, speed=610.92/s totalWork=7
2021-07-17 20:36:24,465 INFO  [DNFCalculating] log_result_queue_info:1472: calc#2: 排行: try_fetch_result_in_background remaining_qize=8 sync_batch_size=100 processed_result=6900, speed=666.44/s totalWork=7
2021-07-17 20:36:24,467 INFO  [DNFCalculating] log_result_queue_info:1472: calc#2: 排行: try_fetch_result periodly report remaining_qize=7 sync_batch_size=100 processed_result=7000, speed=675.94/s totalWork=7
2021-07-17 20:36:24,987 INFO  [DNFCalculating] log_result_queue_info:1472: calc#2: 排行: try_fetch_result_in_background remaining_qize=10 sync_batch_size=100 processed_result=7700, speed=707.96/s totalWork=7
2021-07-17 20:36:24,989 INFO  [DNFCalculating] log_result_queue_info:1472: calc#2: 排行: try_fetch_result periodly report remaining_qize=9 sync_batch_size=100 processed_result=7800, speed=716.99/s totalWork=7
2021-07-17 20:36:24,994 INFO  [DNFCalculating] log_result_queue_info:1472: calc#2: 排行: try_fetch_result periodly report remaining_qize=7 sync_batch_size=100 processed_result=8000, speed=735.08/s totalWork=7
2021-07-17 20:36:25,014 INFO  [DNFCalculating] log_result_queue_info:1472: calc#2: 排行: try_fetch_result periodly report remaining_qize=0 sync_batch_size=100 processed_result=9000, speed=825.46/s totalWork=7
2021-07-17 20:36:25,525 INFO  [DNFCalculating] log_result_queue_info:1472: calc#2: 排行: try_fetch_result_in_background remaining_qize=9 sync_batch_size=100 processed_result=9000, speed=788.48/s totalWork=7
2021-07-17 20:36:25,528 INFO  [DNFCalculating] log_result_queue_info:1472: calc#2: 排行: try_fetch_result periodly report remaining_qize=8 sync_batch_size=100 processed_result=9100, speed=797.06/s totalWork=7
2021-07-17 20:36:26,043 INFO  [DNFCalculating] log_result_queue_info:1472: calc#2: 排行: try_fetch_result_in_background remaining_qize=7 sync_batch_size=100 processed_result=9900, speed=829.68/s totalWork=7
2021-07-17 20:36:26,045 INFO  [DNFCalculating] log_result_queue_info:1472: calc#2: 排行: try_fetch_result periodly report remaining_qize=6 sync_batch_size=100 processed_result=10000, speed=837.89/s totalWork=7
2021-07-17 20:36:26,571 INFO  [DNFCalculating] log_result_queue_info:1472: calc#2: 排行: try_fetch_result_in_background remaining_qize=12 sync_batch_size=100 processed_result=10600, speed=850.72/s totalWork=7
2021-07-17 20:36:26,574 INFO  [DNFCalculating] log_result_queue_info:1472: calc#2: 排行: try_fetch_result periodly report remaining_qize=11 sync_batch_size=100 processed_result=10700, speed=858.58/s totalWork=7
2021-07-17 20:36:26,580 INFO  [DNFCalculating] log_result_queue_info:1472: calc#2: 排行: try_fetch_result periodly report remaining_qize=8 sync_batch_size=100 processed_result=11000, speed=882.19/s totalWork=7
2021-07-17 20:36:27,109 INFO  [DNFCalculating] log_result_queue_info:1472: calc#2: 排行: try_fetch_result_in_background remaining_qize=9 sync_batch_size=100 processed_result=11800, speed=907.82/s totalWork=7
2021-07-17 20:36:27,111 INFO  [DNFCalculating] log_result_queue_info:1472: calc#2: 排行: try_fetch_result periodly report remaining_qize=8 sync_batch_size=100 processed_result=11900, speed=915.34/s totalWork=7
2021-07-17 20:36:27,114 INFO  [DNFCalculating] log_result_queue_info:1472: calc#2: 排行: try_fetch_result periodly report remaining_qize=7 sync_batch_size=100 processed_result=12000, speed=922.85/s totalWork=7
2021-07-17 20:36:27,632 INFO  [DNFCalculating] log_result_queue_info:1472: calc#2: 排行: try_fetch_result_in_background remaining_qize=13 sync_batch_size=100 processed_result=12700, speed=939.25/s totalWork=7
2021-07-17 20:36:27,635 INFO  [DNFCalculating] log_result_queue_info:1472: calc#2: 排行: try_fetch_result periodly report remaining_qize=12 sync_batch_size=100 processed_result=12800, speed=946.44/s totalWork=7
2021-07-17 20:36:27,639 INFO  [DNFCalculating] log_result_queue_info:1472: calc#2: 排行: try_fetch_result periodly report remaining_qize=10 sync_batch_size=100 processed_result=13000, speed=960.94/s totalWork=7
2021-07-17 20:36:27,658 INFO  [DNFCalculating] log_result_queue_info:1472: calc#2: 排行: try_fetch_result periodly report remaining_qize=0 sync_batch_size=100 processed_result=14000, speed=1033.42/s totalWork=7
2021-07-17 20:36:28,170 INFO  [DNFCalculating] log_result_queue_info:1472: calc#2: 排行: try_fetch_result_in_background remaining_qize=10 sync_batch_size=100 processed_result=14000, speed=995.80/s totalWork=7
2021-07-17 20:36:28,173 INFO  [DNFCalculating] log_result_queue_info:1472: calc#2: 排行: try_fetch_result periodly report remaining_qize=9 sync_batch_size=100 processed_result=14100, speed=1002.70/s totalWork=7
2021-07-17 20:36:28,189 INFO  [DNFCalculating] log_result_queue_info:1472: calc#2: 排行: try_fetch_result periodly report remaining_qize=0 sync_batch_size=100 processed_result=15000, speed=1065.50/s totalWork=7
2021-07-17 20:36:28,693 INFO  [DNFCalculating] log_result_queue_info:1472: calc#2: 排行: try_fetch_result_in_background remaining_qize=10 sync_batch_size=100 processed_result=15000, speed=1028.67/s totalWork=7
2021-07-17 20:36:28,695 INFO  [DNFCalculating] log_result_queue_info:1472: calc#2: 排行: try_fetch_result periodly report remaining_qize=9 sync_batch_size=100 processed_result=15100, speed=1035.36/s totalWork=7
2021-07-17 20:36:28,711 INFO  [DNFCalculating] log_result_queue_info:1472: calc#2: 排行: try_fetch_result periodly report remaining_qize=1 sync_batch_size=100 processed_result=16000, speed=1095.84/s totalWork=7
2021-07-17 20:36:29,216 INFO  [DNFCalculating] log_result_queue_info:1472: calc#2: 排行: try_fetch_result_in_background remaining_qize=11 sync_batch_size=100 processed_result=16100, speed=1065.86/s totalWork=7
2021-07-17 20:36:29,218 INFO  [DNFCalculating] log_result_queue_info:1472: calc#2: 排行: try_fetch_result periodly report remaining_qize=10 sync_batch_size=100 processed_result=16200, speed=1072.34/s totalWork=7
2021-07-17 20:36:29,234 INFO  [DNFCalculating] log_result_queue_info:1472: calc#2: 排行: try_fetch_result periodly report remaining_qize=2 sync_batch_size=100 processed_result=17000, speed=1124.11/s totalWork=7
2021-07-17 20:36:29,739 INFO  [DNFCalculating] log_result_queue_info:1472: calc#2: 排行: try_fetch_result_in_background remaining_qize=11 sync_batch_size=100 processed_result=17200, speed=1100.63/s totalWork=7
2021-07-17 20:36:29,742 INFO  [DNFCalculating] log_result_queue_info:1472: calc#2: 排行: try_fetch_result periodly report remaining_qize=10 sync_batch_size=100 processed_result=17300, speed=1106.78/s totalWork=7
2021-07-17 20:36:29,753 INFO  [DNFCalculating] log_result_queue_info:1472: calc#2: 排行: try_fetch_result periodly report remaining_qize=3 sync_batch_size=100 processed_result=18000, speed=1150.72/s totalWork=7
2021-07-17 20:36:30,261 INFO  [DNFCalculating] log_result_queue_info:1472: calc#2: 排行: try_fetch_result_in_background remaining_qize=10 sync_batch_size=100 processed_result=18300, speed=1133.07/s totalWork=7
2021-07-17 20:36:30,264 INFO  [DNFCalculating] log_result_queue_info:1472: calc#2: 排行: try_fetch_result periodly report remaining_qize=9 sync_batch_size=100 processed_result=18400, speed=1139.06/s totalWork=7
2021-07-17 20:36:30,276 INFO  [DNFCalculating] log_result_queue_info:1472: calc#2: 排行: try_fetch_result periodly report remaining_qize=3 sync_batch_size=100 processed_result=19000, speed=1175.37/s totalWork=7
2021-07-17 20:36:30,784 INFO  [DNFCalculating] log_result_queue_info:1472: calc#2: 排行: try_fetch_result_in_background remaining_qize=12 sync_batch_size=100 processed_result=19300, speed=1157.56/s totalWork=7
2021-07-17 20:36:30,787 INFO  [DNFCalculating] log_result_queue_info:1472: calc#2: 排行: try_fetch_result periodly report remaining_qize=11 sync_batch_size=100 processed_result=19400, speed=1163.38/s totalWork=7
2021-07-17 20:36:30,797 INFO  [DNFCalculating] log_result_queue_info:1472: calc#2: 排行: try_fetch_result periodly report remaining_qize=5 sync_batch_size=100 processed_result=20000, speed=1198.58/s totalWork=7
2021-07-17 20:36:31,307 INFO  [DNFCalculating] log_result_queue_info:1472: calc#2: 排行: try_fetch_result_in_background remaining_qize=10 sync_batch_size=100 processed_result=20500, speed=1192.12/s totalWork=7
2021-07-17 20:36:31,310 INFO  [DNFCalculating] log_result_queue_info:1472: calc#2: 排行: try_fetch_result periodly report remaining_qize=9 sync_batch_size=100 processed_result=20600, speed=1197.69/s totalWork=7
2021-07-17 20:36:31,319 INFO  [DNFCalculating] log_result_queue_info:1472: calc#2: 排行: try_fetch_result periodly report remaining_qize=5 sync_batch_size=100 processed_result=21000, speed=1220.35/s totalWork=7
2021-07-17 20:36:31,830 INFO  [DNFCalculating] log_result_queue_info:1472: calc#2: 排行: try_fetch_result_in_background remaining_qize=11 sync_batch_size=100 processed_result=21500, speed=1213.38/s totalWork=7
2021-07-17 20:36:31,832 INFO  [DNFCalculating] log_result_queue_info:1472: calc#2: 排行: try_fetch_result periodly report remaining_qize=10 sync_batch_size=100 processed_result=21600, speed=1218.89/s totalWork=7
2021-07-17 20:36:31,840 INFO  [DNFCalculating] log_result_queue_info:1472: calc#2: 排行: try_fetch_result periodly report remaining_qize=6 sync_batch_size=100 processed_result=22000, speed=1240.90/s totalWork=7
2021-07-17 20:36:32,353 INFO  [DNFCalculating] log_result_queue_info:1472: calc#2: 排行: try_fetch_result_in_background remaining_qize=9 sync_batch_size=100 processed_result=22600, speed=1238.91/s totalWork=7
2021-07-17 20:36:32,355 INFO  [DNFCalculating] log_result_queue_info:1472: calc#2: 排行: try_fetch_result periodly report remaining_qize=8 sync_batch_size=100 processed_result=22700, speed=1244.25/s totalWork=7
2021-07-17 20:36:32,361 INFO  [DNFCalculating] log_result_queue_info:1472: calc#2: 排行: try_fetch_result periodly report remaining_qize=5 sync_batch_size=100 processed_result=23000, speed=1260.29/s totalWork=7
2021-07-17 20:36:32,875 INFO  [DNFCalculating] log_result_queue_info:1472: calc#2: 排行: try_fetch_result_in_background remaining_qize=10 sync_batch_size=100 processed_result=23700, speed=1263.01/s totalWork=7
2021-07-17 20:36:32,878 INFO  [DNFCalculating] log_result_queue_info:1472: calc#2: 排行: try_fetch_result periodly report remaining_qize=9 sync_batch_size=100 processed_result=23800, speed=1268.17/s totalWork=7
2021-07-17 20:36:32,883 INFO  [DNFCalculating] log_result_queue_info:1472: calc#2: 排行: try_fetch_result periodly report remaining_qize=7 sync_batch_size=100 processed_result=24000, speed=1278.49/s totalWork=7
2021-07-17 20:36:33,398 INFO  [DNFCalculating] log_result_queue_info:1472: calc#2: 排行: try_fetch_result_in_background remaining_qize=9 sync_batch_size=100 processed_result=24700, speed=1280.63/s totalWork=7
2021-07-17 20:36:33,400 INFO  [DNFCalculating] log_result_queue_info:1472: calc#2: 排行: try_fetch_result periodly report remaining_qize=8 sync_batch_size=100 processed_result=24800, speed=1285.71/s totalWork=7
2021-07-17 20:36:33,403 INFO  [DNFCalculating] log_result_queue_info:1472: calc#2: 排行: try_fetch_result periodly report remaining_qize=6 sync_batch_size=100 processed_result=25000, speed=1295.85/s totalWork=7
2021-07-17 20:36:33,921 INFO  [DNFCalculating] log_result_queue_info:1472: calc#2: 排行: try_fetch_result_in_background remaining_qize=15 sync_batch_size=100 processed_result=25600, speed=1292.26/s totalWork=7
2021-07-17 20:36:33,922 INFO  [DNFCalculating] log_result_queue_info:1472: calc#2: 排行: try_fetch_result periodly report remaining_qize=14 sync_batch_size=100 processed_result=25700, speed=1297.21/s totalWork=7
2021-07-17 20:36:33,927 INFO  [DNFCalculating] log_result_queue_info:1472: calc#2: 排行: try_fetch_result periodly report remaining_qize=11 sync_batch_size=100 processed_result=26000, speed=1312.03/s totalWork=7
2021-07-17 20:36:33,942 INFO  [DNFCalculating] log_result_queue_info:1472: calc#2: 排行: try_fetch_result periodly report remaining_qize=1 sync_batch_size=100 processed_result=27000, speed=1361.50/s totalWork=7
2021-07-17 20:36:34,459 INFO  [DNFCalculating] log_result_queue_info:1472: calc#2: 排行: try_fetch_result_in_background remaining_qize=13 sync_batch_size=100 processed_result=27100, speed=1331.83/s totalWork=7
2021-07-17 20:36:34,461 INFO  [DNFCalculating] log_result_queue_info:1472: calc#2: 排行: try_fetch_result periodly report remaining_qize=12 sync_batch_size=100 processed_result=27200, speed=1336.62/s totalWork=7
2021-07-17 20:36:34,472 INFO  [DNFCalculating] log_result_queue_info:1472: calc#2: 排行: try_fetch_result periodly report remaining_qize=6 sync_batch_size=100 processed_result=28000, speed=1375.13/s totalWork=7
2021-07-17 20:36:34,997 INFO  [DNFCalculating] log_result_queue_info:1472: calc#2: 排行: try_fetch_result_in_background remaining_qize=15 sync_batch_size=100 processed_result=28600, speed=1369.34/s totalWork=7
2021-07-17 20:36:34,999 INFO  [DNFCalculating] log_result_queue_info:1472: calc#2: 排行: try_fetch_result periodly report remaining_qize=14 sync_batch_size=100 processed_result=28700, speed=1373.99/s totalWork=7
2021-07-17 20:36:35,004 INFO  [DNFCalculating] log_result_queue_info:1472: calc#2: 排行: try_fetch_result periodly report remaining_qize=11 sync_batch_size=100 processed_result=29000, speed=1388.03/s totalWork=7
2021-07-17 20:36:35,019 INFO  [DNFCalculating] log_result_queue_info:1472: calc#2: 排行: try_fetch_result periodly report remaining_qize=1 sync_batch_size=100 processed_result=30000, speed=1434.87/s totalWork=7
2021-07-17 20:36:35,535 INFO  [DNFCalculating] log_result_queue_info:1472: calc#2: 排行: try_fetch_result_in_background remaining_qize=13 sync_batch_size=100 processed_result=30100, speed=1404.95/s totalWork=7
2021-07-17 20:36:35,537 INFO  [DNFCalculating] log_result_queue_info:1472: calc#2: 排行: try_fetch_result periodly report remaining_qize=12 sync_batch_size=100 processed_result=30200, speed=1409.46/s totalWork=7
2021-07-17 20:36:35,549 INFO  [DNFCalculating] log_result_queue_info:1472: calc#2: 排行: try_fetch_result periodly report remaining_qize=3 sync_batch_size=100 processed_result=31023, speed=1447.06/s totalWork=7
2021-07-17 20:36:36,058 INFO  [DNFCalculating] log_result_queue_info:1472: calc#2: 排行: try_fetch_result_in_background remaining_qize=13 sync_batch_size=100 processed_result=31323, speed=1427.21/s totalWork=7
2021-07-17 20:36:36,060 INFO  [DNFCalculating] log_result_queue_info:1472: calc#2: 排行: try_fetch_result periodly report remaining_qize=12 sync_batch_size=100 processed_result=31423, speed=1431.64/s totalWork=7
2021-07-17 20:36:36,069 INFO  [DNFCalculating] log_result_queue_info:1472: calc#2: 排行: try_fetch_result periodly report remaining_qize=7 sync_batch_size=100 processed_result=32023, speed=1458.38/s totalWork=7
2021-07-17 20:36:36,581 INFO  [DNFCalculating] log_result_queue_info:1472: calc#2: 排行: try_fetch_result_in_background remaining_qize=11 sync_batch_size=100 processed_result=32646, speed=1452.89/s totalWork=7
2021-07-17 20:36:36,583 INFO  [DNFCalculating] log_result_queue_info:1472: calc#2: 排行: try_fetch_result periodly report remaining_qize=10 sync_batch_size=100 processed_result=32746, speed=1457.18/s totalWork=7
2021-07-17 20:36:36,588 INFO  [DNFCalculating] log_result_queue_info:1472: calc#2: 排行: try_fetch_result periodly report remaining_qize=7 sync_batch_size=100 processed_result=33046, speed=1470.20/s totalWork=7
2021-07-17 20:36:37,104 INFO  [DNFCalculating] log_result_queue_info:1472: calc#2: 排行: try_fetch_result_in_background remaining_qize=10 sync_batch_size=100 processed_result=33746, speed=1467.66/s totalWork=7
2021-07-17 20:36:37,106 INFO  [DNFCalculating] log_result_queue_info:1472: calc#2: 排行: try_fetch_result periodly report remaining_qize=9 sync_batch_size=100 processed_result=33846, speed=1471.92/s totalWork=7
2021-07-17 20:36:37,110 INFO  [DNFCalculating] log_result_queue_info:1472: calc#2: 排行: try_fetch_result periodly report remaining_qize=7 sync_batch_size=100 processed_result=34046, speed=1480.33/s totalWork=7
2021-07-17 20:36:37,626 INFO  [DNFCalculating] log_result_queue_info:1472: calc#2: 排行: try_fetch_result_in_background remaining_qize=12 sync_batch_size=100 processed_result=34669, speed=1474.31/s totalWork=7
2021-07-17 20:36:37,628 INFO  [DNFCalculating] log_result_queue_info:1472: calc#2: 排行: try_fetch_result periodly report remaining_qize=11 sync_batch_size=100 processed_result=34769, speed=1478.44/s totalWork=7
2021-07-17 20:36:37,633 INFO  [DNFCalculating] log_result_queue_info:1472: calc#2: 排行: try_fetch_result periodly report remaining_qize=8 sync_batch_size=100 processed_result=35069, speed=1490.88/s totalWork=7
2021-07-17 20:36:38,149 INFO  [DNFCalculating] log_result_queue_info:1472: calc#2: 排行: try_fetch_result_in_background remaining_qize=8 sync_batch_size=100 processed_result=35792, speed=1488.97/s totalWork=7
2021-07-17 20:36:38,151 INFO  [DNFCalculating] log_result_queue_info:1472: calc#2: 排行: try_fetch_result periodly report remaining_qize=7 sync_batch_size=100 processed_result=35892, speed=1493.01/s totalWork=7
2021-07-17 20:36:38,153 INFO  [DNFCalculating] log_result_queue_info:1472: calc#2: 排行: try_fetch_result periodly report remaining_qize=5 sync_batch_size=100 processed_result=36092, speed=1501.17/s totalWork=7
2021-07-17 20:36:38,672 INFO  [DNFCalculating] log_result_queue_info:1472: calc#2: 排行: try_fetch_result_in_background remaining_qize=7 sync_batch_size=100 processed_result=36515, speed=1486.71/s totalWork=7
2021-07-17 20:36:38,674 INFO  [DNFCalculating] log_result_queue_info:1472: calc#2: 排行: try_fetch_result periodly report remaining_qize=6 sync_batch_size=100 processed_result=36615, speed=1490.63/s totalWork=7
2021-07-17 20:36:38,679 INFO  [DNFCalculating] log_result_queue_info:1472: calc#2: 排行: try_fetch_result periodly report remaining_qize=1 sync_batch_size=100 processed_result=37038, speed=1507.55/s totalWork=7
2021-07-17 20:36:38,885 WARNI [DNFCalculating] 计算线程:1581: 所有工作线程均已完成计算，总计用时=25.40s
2021-07-17 20:36:39,196 INFO  [DNFCalculating] log_result_queue_info:1472: calc#2: 排行: after join remaining_qize=2 sync_batch_size=100 processed_result=37138, speed=1480.50/s totalWork=7
2021-07-17 20:36:39,197 INFO  [DNFCalculating] log_result_queue_info:1472: calc#2: 排行: try_fetch_result periodly report remaining_qize=1 sync_batch_size=100 processed_result=37238, speed=1484.42/s totalWork=7
2021-07-17 20:36:39,198 INFO  [DNFCalculating] log_result_queue_info:1472: calc#2: 排行: after final remaining_qize=0 sync_batch_size=100 processed_result=37260, speed=1485.21/s totalWork=7
