2021-03-22 23:24:16,491 DEBUG [urllib3.connectionpool] _new_conn:971: Starting new HTTPS connection (1): pan.lanzous.com:443
2021-03-22 23:24:16,866 DEBUG [urllib3.connectionpool] _make_request:452: https://pan.lanzous.com:443 "GET /b01bfj76f HTTP/1.1" 200 None
2021-03-22 23:24:16,889 DEBUG [urllib3.connectionpool] _new_conn:971: Starting new HTTPS connection (1): pan.lanzous.com:443
2021-03-22 23:24:17,045 DEBUG [urllib3.connectionpool] _make_request:452: https://pan.lanzous.com:443 "GET /b01bfj76f HTTP/1.1" 200 None
2021-03-22 23:24:17,070 DEBUG [urllib3.connectionpool] _new_conn:971: Starting new HTTPS connection (1): pan.lanzous.com:443
2021-03-22 23:24:17,303 DEBUG [urllib3.connectionpool] _make_request:452: https://pan.lanzous.com:443 "POST /filemoreajax.php HTTP/1.1" 200 None
2021-03-22 23:24:17,985 DEBUG [urllib3.connectionpool] _make_request:452: https://pan.lanzous.com:443 "POST /filemoreajax.php HTTP/1.1" 200 None
2021-03-22 23:24:18,668 DEBUG [urllib3.connectionpool] _make_request:452: https://pan.lanzous.com:443 "POST /filemoreajax.php HTTP/1.1" 200 None
2021-03-22 23:24:19,354 DEBUG [urllib3.connectionpool] _make_request:452: https://pan.lanzous.com:443 "POST /filemoreajax.php HTTP/1.1" 200 None
2021-03-22 23:24:49,724 INFO  [DNFCalculating] 计算线程:1224: 开始计算
2021-03-22 23:24:50,087 INFO  [DNFCalculating] log_result_queue_info:1237: calc#1: 排行: try_fetch_result_in_background remaining_qize=0 sync_batch_size=100 processed_result=0, speed=0.00/s totalWork=1
2021-03-22 23:24:50,106 WARNI [DNFCalculating] 计算线程:1336: 所有工作线程均已完成计算，总计用时=0.38s
2021-03-22 23:24:50,589 INFO  [DNFCalculating] log_result_queue_info:1237: calc#1: 排行: after join remaining_qize=1 sync_batch_size=100 processed_result=0, speed=0.00/s totalWork=1
2021-03-22 23:24:50,590 INFO  [DNFCalculating] log_result_queue_info:1237: calc#1: 排行: after final remaining_qize=0 sync_batch_size=100 processed_result=1, speed=1.98/s totalWork=1
2021-03-22 23:25:07,123 INFO  [DNFCalculating] 计算线程:1224: 开始计算
2021-03-22 23:25:07,479 INFO  [DNFCalculating] log_result_queue_info:1237: calc#2: 排行: try_fetch_result_in_background remaining_qize=0 sync_batch_size=100 processed_result=0, speed=0.00/s totalWork=1
2021-03-22 23:25:07,498 WARNI [DNFCalculating] 计算线程:1336: 所有工作线程均已完成计算，总计用时=0.37s
2021-03-22 23:25:07,982 INFO  [DNFCalculating] log_result_queue_info:1237: calc#2: 排行: after join remaining_qize=1 sync_batch_size=100 processed_result=0, speed=0.00/s totalWork=1
2021-03-22 23:25:07,983 INFO  [DNFCalculating] log_result_queue_info:1237: calc#2: 排行: after final remaining_qize=0 sync_batch_size=100 processed_result=1, speed=1.98/s totalWork=1
2021-03-22 23:25:25,603 INFO  [DNFCalculating] 计算线程:1224: 开始计算
2021-03-22 23:25:25,955 INFO  [DNFCalculating] log_result_queue_info:1237: calc#3: 排行: try_fetch_result_in_background remaining_qize=0 sync_batch_size=100 processed_result=0, speed=0.00/s totalWork=0
2021-03-22 23:25:26,014 WARNI [DNFCalculating] 计算线程:1336: 所有工作线程均已完成计算，总计用时=0.41s
2021-03-22 23:25:26,458 INFO  [DNFCalculating] log_result_queue_info:1237: calc#3: 排行: after join remaining_qize=1 sync_batch_size=100 processed_result=0, speed=0.00/s totalWork=1
2021-03-22 23:25:26,459 INFO  [DNFCalculating] log_result_queue_info:1237: calc#3: 排行: after final remaining_qize=0 sync_batch_size=100 processed_result=1, speed=1.98/s totalWork=1
2021-03-22 23:25:40,796 INFO  [DNFCalculating] 计算线程:1224: 开始计算
2021-03-22 23:25:41,154 INFO  [DNFCalculating] log_result_queue_info:1237: calc#4: 排行: try_fetch_result_in_background remaining_qize=0 sync_batch_size=100 processed_result=0, speed=0.00/s totalWork=1
2021-03-22 23:25:41,173 WARNI [DNFCalculating] 计算线程:1336: 所有工作线程均已完成计算，总计用时=0.38s
2021-03-22 23:25:41,656 INFO  [DNFCalculating] log_result_queue_info:1237: calc#4: 排行: after join remaining_qize=1 sync_batch_size=100 processed_result=0, speed=0.00/s totalWork=1
2021-03-22 23:25:41,657 INFO  [DNFCalculating] log_result_queue_info:1237: calc#4: 排行: after final remaining_qize=0 sync_batch_size=100 processed_result=1, speed=1.98/s totalWork=1
2021-03-22 23:25:53,595 INFO  [DNFCalculating] 计算线程:1224: 开始计算
2021-03-22 23:25:53,943 INFO  [DNFCalculating] log_result_queue_info:1237: calc#5: 排行: try_fetch_result_in_background remaining_qize=0 sync_batch_size=100 processed_result=0, speed=0.00/s totalWork=0
2021-03-22 23:25:54,036 WARNI [DNFCalculating] 计算线程:1336: 所有工作线程均已完成计算，总计用时=0.44s
2021-03-22 23:25:54,446 INFO  [DNFCalculating] log_result_queue_info:1237: calc#5: 排行: after join remaining_qize=1 sync_batch_size=100 processed_result=0, speed=0.00/s totalWork=1
2021-03-22 23:25:54,446 INFO  [DNFCalculating] log_result_queue_info:1237: calc#5: 排行: after final remaining_qize=0 sync_batch_size=100 processed_result=1, speed=1.98/s totalWork=1
2021-03-22 23:26:16,956 INFO  [DNFCalculating] 计算线程:1224: 开始计算
2021-03-22 23:26:17,311 INFO  [DNFCalculating] log_result_queue_info:1237: calc#6: 排行: try_fetch_result_in_background remaining_qize=0 sync_batch_size=100 processed_result=0, speed=0.00/s totalWork=1
2021-03-22 23:26:17,331 WARNI [DNFCalculating] 计算线程:1336: 所有工作线程均已完成计算，总计用时=0.37s
2021-03-22 23:26:17,814 INFO  [DNFCalculating] log_result_queue_info:1237: calc#6: 排行: after join remaining_qize=1 sync_batch_size=100 processed_result=0, speed=0.00/s totalWork=1
2021-03-22 23:26:17,815 INFO  [DNFCalculating] log_result_queue_info:1237: calc#6: 排行: after final remaining_qize=0 sync_batch_size=100 processed_result=1, speed=1.98/s totalWork=1
2021-03-22 23:26:34,764 INFO  [DNFCalculating] 计算线程:1224: 开始计算
2021-03-22 23:26:35,132 WARNI [DNFCalculating] 计算线程:1336: 所有工作线程均已完成计算，总计用时=0.37s
2021-03-22 23:26:35,198 INFO  [DNFCalculating] log_result_queue_info:1237: calc#7: 排行: try_fetch_result_in_background remaining_qize=1 sync_batch_size=100 processed_result=0, speed=0.00/s totalWork=1
2021-03-22 23:26:35,700 INFO  [DNFCalculating] log_result_queue_info:1237: calc#7: 排行: after join remaining_qize=0 sync_batch_size=100 processed_result=1, speed=1.69/s totalWork=1
2021-03-22 23:26:35,700 INFO  [DNFCalculating] log_result_queue_info:1237: calc#7: 排行: after final remaining_qize=0 sync_batch_size=100 processed_result=1, speed=1.69/s totalWork=1
2021-03-22 23:26:42,058 INFO  [DNFCalculating] 计算线程:1224: 开始计算
2021-03-22 23:26:42,420 INFO  [DNFCalculating] log_result_queue_info:1237: calc#8: 排行: try_fetch_result_in_background remaining_qize=0 sync_batch_size=100 processed_result=0, speed=0.00/s totalWork=1
2021-03-22 23:26:42,442 WARNI [DNFCalculating] 计算线程:1336: 所有工作线程均已完成计算，总计用时=0.38s
2021-03-22 23:26:42,922 INFO  [DNFCalculating] log_result_queue_info:1237: calc#8: 排行: after join remaining_qize=1 sync_batch_size=100 processed_result=0, speed=0.00/s totalWork=1
2021-03-22 23:26:42,923 INFO  [DNFCalculating] log_result_queue_info:1237: calc#8: 排行: after final remaining_qize=0 sync_batch_size=100 processed_result=1, speed=1.98/s totalWork=1
2021-03-22 23:26:51,115 INFO  [DNFCalculating] 计算线程:1224: 开始计算
2021-03-22 23:26:51,476 INFO  [DNFCalculating] log_result_queue_info:1237: calc#9: 排行: try_fetch_result_in_background remaining_qize=0 sync_batch_size=100 processed_result=0, speed=0.00/s totalWork=1
2021-03-22 23:26:51,480 WARNI [DNFCalculating] 计算线程:1336: 所有工作线程均已完成计算，总计用时=0.36s
2021-03-22 23:26:51,978 INFO  [DNFCalculating] log_result_queue_info:1237: calc#9: 排行: after join remaining_qize=1 sync_batch_size=100 processed_result=0, speed=0.00/s totalWork=1
2021-03-22 23:26:51,979 INFO  [DNFCalculating] log_result_queue_info:1237: calc#9: 排行: after final remaining_qize=0 sync_batch_size=100 processed_result=1, speed=1.98/s totalWork=1
2021-03-22 23:27:05,754 INFO  [DNFCalculating] 计算线程:1224: 开始计算
2021-03-22 23:27:06,148 INFO  [DNFCalculating] log_result_queue_info:1237: calc#10: 排行: try_fetch_result_in_background remaining_qize=0 sync_batch_size=100 processed_result=0, speed=0.00/s totalWork=0
2021-03-22 23:27:06,677 INFO  [DNFCalculating] log_result_queue_info:1237: calc#10: 排行: try_fetch_result_in_background remaining_qize=0 sync_batch_size=100 processed_result=0, speed=0.00/s totalWork=0
2021-03-22 23:27:07,189 INFO  [DNFCalculating] log_result_queue_info:1237: calc#10: 排行: try_fetch_result_in_background remaining_qize=1 sync_batch_size=100 processed_result=0, speed=0.00/s totalWork=7
2021-03-22 23:27:07,691 INFO  [DNFCalculating] log_result_queue_info:1237: calc#10: 排行: try_fetch_result_in_background remaining_qize=8 sync_batch_size=100 processed_result=100, speed=63.18/s totalWork=7
2021-03-22 23:27:08,197 INFO  [DNFCalculating] log_result_queue_info:1237: calc#10: 排行: try_fetch_result_in_background remaining_qize=15 sync_batch_size=100 processed_result=900, speed=430.85/s totalWork=7
2021-03-22 23:27:08,198 INFO  [DNFCalculating] log_result_queue_info:1237: calc#10: 排行: try_fetch_result periodly report remaining_qize=14 sync_batch_size=100 processed_result=1000, speed=478.48/s totalWork=7
2021-03-22 23:27:08,204 INFO  [DNFCalculating] log_result_queue_info:1237: calc#10: 排行: try_fetch_result periodly report remaining_qize=4 sync_batch_size=100 processed_result=2000, speed=954.02/s totalWork=7
2021-03-22 23:27:08,708 INFO  [DNFCalculating] log_result_queue_info:1237: calc#10: 排行: try_fetch_result_in_background remaining_qize=23 sync_batch_size=100 processed_result=2400, speed=923.00/s totalWork=7
2021-03-22 23:27:08,709 INFO  [DNFCalculating] log_result_queue_info:1237: calc#10: 排行: try_fetch_result periodly report remaining_qize=22 sync_batch_size=100 processed_result=2500, speed=961.09/s totalWork=7
2021-03-22 23:27:08,713 INFO  [DNFCalculating] log_result_queue_info:1237: calc#10: 排行: try_fetch_result periodly report remaining_qize=17 sync_batch_size=100 processed_result=3000, speed=1151.54/s totalWork=7
2021-03-22 23:27:08,720 INFO  [DNFCalculating] log_result_queue_info:1237: calc#10: 排行: try_fetch_result periodly report remaining_qize=7 sync_batch_size=100 processed_result=4000, speed=1531.28/s totalWork=7
2021-03-22 23:27:09,225 INFO  [DNFCalculating] log_result_queue_info:1237: calc#10: 排行: try_fetch_result_in_background remaining_qize=28 sync_batch_size=100 processed_result=4700, speed=1507.69/s totalWork=7
2021-03-22 23:27:09,226 INFO  [DNFCalculating] log_result_queue_info:1237: calc#10: 排行: try_fetch_result periodly report remaining_qize=27 sync_batch_size=100 processed_result=4800, speed=1539.28/s totalWork=7
2021-03-22 23:27:09,228 INFO  [DNFCalculating] log_result_queue_info:1237: calc#10: 排行: try_fetch_result periodly report remaining_qize=25 sync_batch_size=100 processed_result=5000, speed=1602.39/s totalWork=7
2021-03-22 23:27:09,234 INFO  [DNFCalculating] log_result_queue_info:1237: calc#10: 排行: try_fetch_result periodly report remaining_qize=15 sync_batch_size=100 processed_result=6000, speed=1919.08/s totalWork=7
2021-03-22 23:27:09,242 INFO  [DNFCalculating] log_result_queue_info:1237: calc#10: 排行: try_fetch_result periodly report remaining_qize=5 sync_batch_size=100 processed_result=7000, speed=2233.19/s totalWork=7
2021-03-22 23:27:09,747 INFO  [DNFCalculating] log_result_queue_info:1237: calc#10: 排行: try_fetch_result_in_background remaining_qize=28 sync_batch_size=100 processed_result=7500, speed=2060.91/s totalWork=7
2021-03-22 23:27:09,748 INFO  [DNFCalculating] log_result_queue_info:1237: calc#10: 排行: try_fetch_result periodly report remaining_qize=27 sync_batch_size=100 processed_result=7600, speed=2087.81/s totalWork=7
2021-03-22 23:27:09,751 INFO  [DNFCalculating] log_result_queue_info:1237: calc#10: 排行: try_fetch_result periodly report remaining_qize=23 sync_batch_size=100 processed_result=8000, speed=2195.89/s totalWork=7
2021-03-22 23:27:09,757 INFO  [DNFCalculating] log_result_queue_info:1237: calc#10: 排行: try_fetch_result periodly report remaining_qize=13 sync_batch_size=100 processed_result=9000, speed=2466.32/s totalWork=7
2021-03-22 23:27:09,764 INFO  [DNFCalculating] log_result_queue_info:1237: calc#10: 排行: try_fetch_result periodly report remaining_qize=3 sync_batch_size=100 processed_result=10000, speed=2735.13/s totalWork=7
2021-03-22 23:27:10,267 INFO  [DNFCalculating] log_result_queue_info:1237: calc#10: 排行: try_fetch_result_in_background remaining_qize=24 sync_batch_size=100 processed_result=10300, speed=2476.38/s totalWork=7
2021-03-22 23:27:10,268 INFO  [DNFCalculating] log_result_queue_info:1237: calc#10: 排行: try_fetch_result periodly report remaining_qize=23 sync_batch_size=100 processed_result=10400, speed=2499.83/s totalWork=7
2021-03-22 23:27:10,273 INFO  [DNFCalculating] log_result_queue_info:1237: calc#10: 排行: try_fetch_result periodly report remaining_qize=17 sync_batch_size=100 processed_result=11000, speed=2640.88/s totalWork=7
2021-03-22 23:27:10,282 INFO  [DNFCalculating] log_result_queue_info:1237: calc#10: 排行: try_fetch_result periodly report remaining_qize=8 sync_batch_size=100 processed_result=12000, speed=2874.80/s totalWork=7
2021-03-22 23:27:10,291 INFO  [DNFCalculating] log_result_queue_info:1237: calc#10: 排行: try_fetch_result periodly report remaining_qize=0 sync_batch_size=100 processed_result=13000, speed=3107.59/s totalWork=7
2021-03-22 23:27:10,792 INFO  [DNFCalculating] log_result_queue_info:1237: calc#10: 排行: try_fetch_result_in_background remaining_qize=24 sync_batch_size=100 processed_result=13000, speed=2775.41/s totalWork=7
2021-03-22 23:27:10,793 INFO  [DNFCalculating] log_result_queue_info:1237: calc#10: 排行: try_fetch_result periodly report remaining_qize=23 sync_batch_size=100 processed_result=13100, speed=2796.16/s totalWork=7
2021-03-22 23:27:10,800 INFO  [DNFCalculating] log_result_queue_info:1237: calc#10: 排行: try_fetch_result periodly report remaining_qize=14 sync_batch_size=100 processed_result=14000, speed=2983.76/s totalWork=7
2021-03-22 23:27:10,807 INFO  [DNFCalculating] log_result_queue_info:1237: calc#10: 排行: try_fetch_result periodly report remaining_qize=4 sync_batch_size=100 processed_result=15000, speed=3192.20/s totalWork=7
2021-03-22 23:27:11,312 INFO  [DNFCalculating] log_result_queue_info:1237: calc#10: 排行: try_fetch_result_in_background remaining_qize=26 sync_batch_size=100 processed_result=15400, speed=2959.37/s totalWork=7
2021-03-22 23:27:11,313 INFO  [DNFCalculating] log_result_queue_info:1237: calc#10: 排行: try_fetch_result periodly report remaining_qize=25 sync_batch_size=100 processed_result=15500, speed=2978.02/s totalWork=7
2021-03-22 23:27:11,317 INFO  [DNFCalculating] log_result_queue_info:1237: calc#10: 排行: try_fetch_result periodly report remaining_qize=21 sync_batch_size=100 processed_result=16000, speed=3071.73/s totalWork=7
2021-03-22 23:27:11,324 INFO  [DNFCalculating] log_result_queue_info:1237: calc#10: 排行: try_fetch_result periodly report remaining_qize=11 sync_batch_size=100 processed_result=17000, speed=3259.34/s totalWork=7
2021-03-22 23:27:11,332 INFO  [DNFCalculating] log_result_queue_info:1237: calc#10: 排行: try_fetch_result periodly report remaining_qize=1 sync_batch_size=100 processed_result=18000, speed=3445.74/s totalWork=7
2021-03-22 23:27:11,834 INFO  [DNFCalculating] log_result_queue_info:1237: calc#10: 排行: try_fetch_result_in_background remaining_qize=24 sync_batch_size=100 processed_result=18100, speed=3161.05/s totalWork=7
2021-03-22 23:27:11,835 INFO  [DNFCalculating] log_result_queue_info:1237: calc#10: 排行: try_fetch_result periodly report remaining_qize=23 sync_batch_size=100 processed_result=18200, speed=3177.96/s totalWork=7
2021-03-22 23:27:11,840 INFO  [DNFCalculating] log_result_queue_info:1237: calc#10: 排行: try_fetch_result periodly report remaining_qize=16 sync_batch_size=100 processed_result=19000, speed=3314.46/s totalWork=7
2021-03-22 23:27:11,849 INFO  [DNFCalculating] log_result_queue_info:1237: calc#10: 排行: try_fetch_result periodly report remaining_qize=7 sync_batch_size=100 processed_result=20000, speed=3483.69/s totalWork=7
2021-03-22 23:27:12,356 INFO  [DNFCalculating] log_result_queue_info:1237: calc#10: 排行: try_fetch_result_in_background remaining_qize=22 sync_batch_size=100 processed_result=20800, speed=3328.93/s totalWork=7
2021-03-22 23:27:12,357 INFO  [DNFCalculating] log_result_queue_info:1237: calc#10: 排行: try_fetch_result periodly report remaining_qize=21 sync_batch_size=100 processed_result=20900, speed=3344.40/s totalWork=7
2021-03-22 23:27:12,358 INFO  [DNFCalculating] log_result_queue_info:1237: calc#10: 排行: try_fetch_result periodly report remaining_qize=20 sync_batch_size=100 processed_result=21000, speed=3359.86/s totalWork=7
2021-03-22 23:27:12,365 INFO  [DNFCalculating] log_result_queue_info:1237: calc#10: 排行: try_fetch_result periodly report remaining_qize=10 sync_batch_size=100 processed_result=22000, speed=3515.93/s totalWork=7
2021-03-22 23:27:12,373 INFO  [DNFCalculating] log_result_queue_info:1237: calc#10: 排行: try_fetch_result periodly report remaining_qize=1 sync_batch_size=100 processed_result=23000, speed=3670.93/s totalWork=7
2021-03-22 23:27:12,875 INFO  [DNFCalculating] log_result_queue_info:1237: calc#10: 排行: try_fetch_result_in_background remaining_qize=25 sync_batch_size=100 processed_result=23100, speed=3413.46/s totalWork=7
2021-03-22 23:27:12,876 INFO  [DNFCalculating] log_result_queue_info:1237: calc#10: 排行: try_fetch_result periodly report remaining_qize=24 sync_batch_size=100 processed_result=23200, speed=3427.73/s totalWork=7
2021-03-22 23:27:12,882 INFO  [DNFCalculating] log_result_queue_info:1237: calc#10: 排行: try_fetch_result periodly report remaining_qize=16 sync_batch_size=100 processed_result=24000, speed=3542.80/s totalWork=7
2021-03-22 23:27:12,889 INFO  [DNFCalculating] log_result_queue_info:1237: calc#10: 排行: try_fetch_result periodly report remaining_qize=6 sync_batch_size=100 processed_result=25000, speed=3686.61/s totalWork=7
2021-03-22 23:27:13,396 INFO  [DNFCalculating] log_result_queue_info:1237: calc#10: 排行: try_fetch_result_in_background remaining_qize=26 sync_batch_size=100 processed_result=25600, speed=3512.68/s totalWork=7
2021-03-22 23:27:13,397 INFO  [DNFCalculating] log_result_queue_info:1237: calc#10: 排行: try_fetch_result periodly report remaining_qize=25 sync_batch_size=100 processed_result=25700, speed=3525.92/s totalWork=7
2021-03-22 23:27:13,400 INFO  [DNFCalculating] log_result_queue_info:1237: calc#10: 排行: try_fetch_result periodly report remaining_qize=22 sync_batch_size=100 processed_result=26000, speed=3566.10/s totalWork=7
2021-03-22 23:27:13,407 INFO  [DNFCalculating] log_result_queue_info:1237: calc#10: 排行: try_fetch_result periodly report remaining_qize=12 sync_batch_size=100 processed_result=27000, speed=3699.20/s totalWork=7
2021-03-22 23:27:13,437 INFO  [DNFCalculating] log_result_queue_info:1237: calc#10: 排行: try_fetch_result periodly report remaining_qize=2 sync_batch_size=100 processed_result=28000, speed=3820.50/s totalWork=7
2021-03-22 23:27:13,939 INFO  [DNFCalculating] log_result_queue_info:1237: calc#10: 排行: try_fetch_result_in_background remaining_qize=25 sync_batch_size=100 processed_result=28200, speed=3601.19/s totalWork=7
2021-03-22 23:27:13,940 INFO  [DNFCalculating] log_result_queue_info:1237: calc#10: 排行: try_fetch_result periodly report remaining_qize=24 sync_batch_size=100 processed_result=28300, speed=3613.50/s totalWork=7
2021-03-22 23:27:13,945 INFO  [DNFCalculating] log_result_queue_info:1237: calc#10: 排行: try_fetch_result periodly report remaining_qize=17 sync_batch_size=100 processed_result=29000, speed=3700.52/s totalWork=7
2021-03-22 23:27:13,953 INFO  [DNFCalculating] log_result_queue_info:1237: calc#10: 排行: try_fetch_result periodly report remaining_qize=7 sync_batch_size=100 processed_result=30000, speed=3824.23/s totalWork=7
2021-03-22 23:27:14,459 INFO  [DNFCalculating] log_result_queue_info:1237: calc#10: 排行: try_fetch_result_in_background remaining_qize=22 sync_batch_size=100 processed_result=30700, speed=3676.22/s totalWork=7
2021-03-22 23:27:14,460 INFO  [DNFCalculating] log_result_queue_info:1237: calc#10: 排行: try_fetch_result periodly report remaining_qize=21 sync_batch_size=100 processed_result=30800, speed=3687.71/s totalWork=7
2021-03-22 23:27:14,462 INFO  [DNFCalculating] log_result_queue_info:1237: calc#10: 排行: try_fetch_result periodly report remaining_qize=19 sync_batch_size=100 processed_result=31000, speed=3710.79/s totalWork=7
2021-03-22 23:27:14,470 INFO  [DNFCalculating] log_result_queue_info:1237: calc#10: 排行: try_fetch_result periodly report remaining_qize=9 sync_batch_size=100 processed_result=32000, speed=3827.30/s totalWork=7
2021-03-22 23:27:14,977 INFO  [DNFCalculating] log_result_queue_info:1237: calc#10: 排行: try_fetch_result_in_background remaining_qize=24 sync_batch_size=100 processed_result=32900, speed=3709.47/s totalWork=7
2021-03-22 23:27:14,978 INFO  [DNFCalculating] log_result_queue_info:1237: calc#10: 排行: try_fetch_result periodly report remaining_qize=23 sync_batch_size=100 processed_result=33000, speed=3720.35/s totalWork=7
2021-03-22 23:27:14,987 INFO  [DNFCalculating] log_result_queue_info:1237: calc#10: 排行: try_fetch_result periodly report remaining_qize=14 sync_batch_size=100 processed_result=34000, speed=3829.36/s totalWork=7
2021-03-22 23:27:15,000 INFO  [DNFCalculating] log_result_queue_info:1237: calc#10: 排行: try_fetch_result periodly report remaining_qize=5 sync_batch_size=100 processed_result=35000, speed=3936.23/s totalWork=7
2021-03-22 23:27:15,506 INFO  [DNFCalculating] log_result_queue_info:1237: calc#10: 排行: try_fetch_result_in_background remaining_qize=22 sync_batch_size=100 processed_result=35500, speed=3777.19/s totalWork=7
2021-03-22 23:27:15,507 INFO  [DNFCalculating] log_result_queue_info:1237: calc#10: 排行: try_fetch_result periodly report remaining_qize=21 sync_batch_size=100 processed_result=35600, speed=3787.43/s totalWork=7
2021-03-22 23:27:15,511 INFO  [DNFCalculating] log_result_queue_info:1237: calc#10: 排行: try_fetch_result periodly report remaining_qize=17 sync_batch_size=100 processed_result=36000, speed=3828.36/s totalWork=7
2021-03-22 23:27:15,518 INFO  [DNFCalculating] log_result_queue_info:1237: calc#10: 排行: try_fetch_result periodly report remaining_qize=7 sync_batch_size=100 processed_result=37000, speed=3931.79/s totalWork=7
2021-03-22 23:27:16,025 INFO  [DNFCalculating] log_result_queue_info:1237: calc#10: 排行: try_fetch_result_in_background remaining_qize=23 sync_batch_size=100 processed_result=37700, speed=3801.67/s totalWork=7
2021-03-22 23:27:16,026 INFO  [DNFCalculating] log_result_queue_info:1237: calc#10: 排行: try_fetch_result periodly report remaining_qize=22 sync_batch_size=100 processed_result=37800, speed=3811.38/s totalWork=7
2021-03-22 23:27:16,029 INFO  [DNFCalculating] log_result_queue_info:1237: calc#10: 排行: try_fetch_result periodly report remaining_qize=20 sync_batch_size=100 processed_result=38000, speed=3830.39/s totalWork=7
2021-03-22 23:27:16,036 INFO  [DNFCalculating] log_result_queue_info:1237: calc#10: 排行: try_fetch_result periodly report remaining_qize=10 sync_batch_size=100 processed_result=39000, speed=3928.19/s totalWork=7
2021-03-22 23:27:16,044 INFO  [DNFCalculating] log_result_queue_info:1237: calc#10: 排行: try_fetch_result periodly report remaining_qize=0 sync_batch_size=100 processed_result=40000, speed=4025.67/s totalWork=7
2021-03-22 23:27:16,545 INFO  [DNFCalculating] log_result_queue_info:1237: calc#10: 排行: try_fetch_result_in_background remaining_qize=22 sync_batch_size=100 processed_result=40000, speed=3832.47/s totalWork=7
2021-03-22 23:27:16,546 INFO  [DNFCalculating] log_result_queue_info:1237: calc#10: 排行: try_fetch_result periodly report remaining_qize=21 sync_batch_size=100 processed_result=40100, speed=3841.68/s totalWork=7
2021-03-22 23:27:16,553 INFO  [DNFCalculating] log_result_queue_info:1237: calc#10: 排行: try_fetch_result periodly report remaining_qize=12 sync_batch_size=100 processed_result=41000, speed=3925.28/s totalWork=7
2021-03-22 23:27:16,562 INFO  [DNFCalculating] log_result_queue_info:1237: calc#10: 排行: try_fetch_result periodly report remaining_qize=2 sync_batch_size=100 processed_result=42000, speed=4017.95/s totalWork=7
2021-03-22 23:27:17,064 INFO  [DNFCalculating] log_result_queue_info:1237: calc#10: 排行: try_fetch_result_in_background remaining_qize=21 sync_batch_size=100 processed_result=42300, speed=3860.82/s totalWork=7
2021-03-22 23:27:17,065 INFO  [DNFCalculating] log_result_queue_info:1237: calc#10: 排行: try_fetch_result periodly report remaining_qize=20 sync_batch_size=100 processed_result=42400, speed=3869.59/s totalWork=7
2021-03-22 23:27:17,070 INFO  [DNFCalculating] log_result_queue_info:1237: calc#10: 排行: try_fetch_result periodly report remaining_qize=14 sync_batch_size=100 processed_result=43000, speed=3922.57/s totalWork=7
2021-03-22 23:27:17,079 INFO  [DNFCalculating] log_result_queue_info:1237: calc#10: 排行: try_fetch_result periodly report remaining_qize=4 sync_batch_size=100 processed_result=44000, speed=4010.51/s totalWork=7
2021-03-22 23:27:17,583 INFO  [DNFCalculating] log_result_queue_info:1237: calc#10: 排行: try_fetch_result_in_background remaining_qize=22 sync_batch_size=100 processed_result=44400, speed=3869.13/s totalWork=7
2021-03-22 23:27:17,584 INFO  [DNFCalculating] log_result_queue_info:1237: calc#10: 排行: try_fetch_result periodly report remaining_qize=21 sync_batch_size=100 processed_result=44500, speed=3877.51/s totalWork=7
2021-03-22 23:27:17,588 INFO  [DNFCalculating] log_result_queue_info:1237: calc#10: 排行: try_fetch_result periodly report remaining_qize=16 sync_batch_size=100 processed_result=45000, speed=3919.71/s totalWork=7
2021-03-22 23:27:17,597 INFO  [DNFCalculating] log_result_queue_info:1237: calc#10: 排行: try_fetch_result periodly report remaining_qize=7 sync_batch_size=100 processed_result=46000, speed=4003.79/s totalWork=7
2021-03-22 23:27:18,105 INFO  [DNFCalculating] log_result_queue_info:1237: calc#10: 排行: try_fetch_result_in_background remaining_qize=21 sync_batch_size=100 processed_result=46700, speed=3892.73/s totalWork=7
2021-03-22 23:27:18,106 INFO  [DNFCalculating] log_result_queue_info:1237: calc#10: 排行: try_fetch_result periodly report remaining_qize=20 sync_batch_size=100 processed_result=46800, speed=3900.60/s totalWork=7
2021-03-22 23:27:18,108 INFO  [DNFCalculating] log_result_queue_info:1237: calc#10: 排行: try_fetch_result periodly report remaining_qize=18 sync_batch_size=100 processed_result=47000, speed=3916.94/s totalWork=7
2021-03-22 23:27:18,116 INFO  [DNFCalculating] log_result_queue_info:1237: calc#10: 排行: try_fetch_result periodly report remaining_qize=8 sync_batch_size=100 processed_result=48000, speed=3997.29/s totalWork=7
2021-03-22 23:27:18,624 INFO  [DNFCalculating] log_result_queue_info:1237: calc#10: 排行: try_fetch_result_in_background remaining_qize=21 sync_batch_size=100 processed_result=48800, speed=3899.04/s totalWork=7
2021-03-22 23:27:18,625 INFO  [DNFCalculating] log_result_queue_info:1237: calc#10: 排行: try_fetch_result periodly report remaining_qize=20 sync_batch_size=100 processed_result=48900, speed=3906.73/s totalWork=7
2021-03-22 23:27:18,626 INFO  [DNFCalculating] log_result_queue_info:1237: calc#10: 排行: try_fetch_result periodly report remaining_qize=19 sync_batch_size=100 processed_result=49000, speed=3914.41/s totalWork=7
2021-03-22 23:27:18,635 INFO  [DNFCalculating] log_result_queue_info:1237: calc#10: 排行: try_fetch_result periodly report remaining_qize=9 sync_batch_size=100 processed_result=50000, speed=3991.35/s totalWork=7
2021-03-22 23:27:19,144 INFO  [DNFCalculating] log_result_queue_info:1237: calc#10: 排行: try_fetch_result_in_background remaining_qize=21 sync_batch_size=100 processed_result=50900, speed=3904.46/s totalWork=7
2021-03-22 23:27:19,145 INFO  [DNFCalculating] log_result_queue_info:1237: calc#10: 排行: try_fetch_result periodly report remaining_qize=20 sync_batch_size=100 processed_result=51000, speed=3911.86/s totalWork=7
2021-03-22 23:27:19,153 INFO  [DNFCalculating] log_result_queue_info:1237: calc#10: 排行: try_fetch_result periodly report remaining_qize=10 sync_batch_size=100 processed_result=52000, speed=3986.13/s totalWork=7
2021-03-22 23:27:19,161 INFO  [DNFCalculating] log_result_queue_info:1237: calc#10: 排行: try_fetch_result periodly report remaining_qize=0 sync_batch_size=100 processed_result=53000, speed=4060.30/s totalWork=7
2021-03-22 23:27:19,663 INFO  [DNFCalculating] log_result_queue_info:1237: calc#10: 排行: try_fetch_result_in_background remaining_qize=21 sync_batch_size=100 processed_result=53000, speed=3910.08/s totalWork=7
2021-03-22 23:27:19,664 INFO  [DNFCalculating] log_result_queue_info:1237: calc#10: 排行: try_fetch_result periodly report remaining_qize=20 sync_batch_size=100 processed_result=53100, speed=3917.17/s totalWork=7
2021-03-22 23:27:19,671 INFO  [DNFCalculating] log_result_queue_info:1237: calc#10: 排行: try_fetch_result periodly report remaining_qize=12 sync_batch_size=100 processed_result=54000, speed=3981.28/s totalWork=7
2021-03-22 23:27:19,679 INFO  [DNFCalculating] log_result_queue_info:1237: calc#10: 排行: try_fetch_result periodly report remaining_qize=2 sync_batch_size=100 processed_result=55000, speed=4052.68/s totalWork=7
2021-03-22 23:27:20,183 INFO  [DNFCalculating] log_result_queue_info:1237: calc#10: 排行: try_fetch_result_in_background remaining_qize=18 sync_batch_size=100 processed_result=55200, speed=3921.87/s totalWork=7
2021-03-22 23:27:20,184 INFO  [DNFCalculating] log_result_queue_info:1237: calc#10: 排行: try_fetch_result periodly report remaining_qize=17 sync_batch_size=100 processed_result=55300, speed=3928.68/s totalWork=7
2021-03-22 23:27:20,190 INFO  [DNFCalculating] log_result_queue_info:1237: calc#10: 排行: try_fetch_result periodly report remaining_qize=10 sync_batch_size=100 processed_result=56000, speed=3976.73/s totalWork=7
2021-03-22 23:27:20,199 INFO  [DNFCalculating] log_result_queue_info:1237: calc#10: 排行: try_fetch_result periodly report remaining_qize=0 sync_batch_size=100 processed_result=57000, speed=4045.02/s totalWork=7
2021-03-22 23:27:20,702 INFO  [DNFCalculating] log_result_queue_info:1237: calc#10: 排行: try_fetch_result_in_background remaining_qize=18 sync_batch_size=100 processed_result=57100, speed=3912.65/s totalWork=7
2021-03-22 23:27:20,704 INFO  [DNFCalculating] log_result_queue_info:1237: calc#10: 排行: try_fetch_result periodly report remaining_qize=17 sync_batch_size=100 processed_result=57200, speed=3918.94/s totalWork=7
2021-03-22 23:27:20,710 INFO  [DNFCalculating] log_result_queue_info:1237: calc#10: 排行: try_fetch_result periodly report remaining_qize=9 sync_batch_size=100 processed_result=58000, speed=3972.12/s totalWork=7
2021-03-22 23:27:20,719 INFO  [DNFCalculating] log_result_queue_info:1237: calc#10: 排行: try_fetch_result periodly report remaining_qize=1 sync_batch_size=100 processed_result=59000, speed=4038.00/s totalWork=7
2021-03-22 23:27:21,221 INFO  [DNFCalculating] log_result_queue_info:1237: calc#10: 排行: try_fetch_result_in_background remaining_qize=19 sync_batch_size=100 processed_result=59100, speed=3910.44/s totalWork=7
2021-03-22 23:27:21,222 INFO  [DNFCalculating] log_result_queue_info:1237: calc#10: 排行: try_fetch_result periodly report remaining_qize=18 sync_batch_size=100 processed_result=59200, speed=3916.80/s totalWork=7
2021-03-22 23:27:21,230 INFO  [DNFCalculating] log_result_queue_info:1237: calc#10: 排行: try_fetch_result periodly report remaining_qize=10 sync_batch_size=100 processed_result=60000, speed=3967.67/s totalWork=7
2021-03-22 23:27:21,238 INFO  [DNFCalculating] log_result_queue_info:1237: calc#10: 排行: try_fetch_result periodly report remaining_qize=0 sync_batch_size=100 processed_result=61000, speed=4031.78/s totalWork=7
2021-03-22 23:27:21,739 INFO  [DNFCalculating] log_result_queue_info:1237: calc#10: 排行: try_fetch_result_in_background remaining_qize=20 sync_batch_size=100 processed_result=61000, speed=3902.38/s totalWork=7
2021-03-22 23:27:21,740 INFO  [DNFCalculating] log_result_queue_info:1237: calc#10: 排行: try_fetch_result periodly report remaining_qize=19 sync_batch_size=100 processed_result=61100, speed=3908.53/s totalWork=7
2021-03-22 23:27:21,749 INFO  [DNFCalculating] log_result_queue_info:1237: calc#10: 排行: try_fetch_result periodly report remaining_qize=10 sync_batch_size=100 processed_result=62000, speed=3964.03/s totalWork=7
2021-03-22 23:27:21,756 INFO  [DNFCalculating] log_result_queue_info:1237: calc#10: 排行: try_fetch_result periodly report remaining_qize=0 sync_batch_size=100 processed_result=63000, speed=4025.91/s totalWork=7
2021-03-22 23:27:22,258 INFO  [DNFCalculating] log_result_queue_info:1237: calc#10: 排行: try_fetch_result_in_background remaining_qize=17 sync_batch_size=100 processed_result=63000, speed=3900.92/s totalWork=7
2021-03-22 23:27:22,259 INFO  [DNFCalculating] log_result_queue_info:1237: calc#10: 排行: try_fetch_result periodly report remaining_qize=16 sync_batch_size=100 processed_result=63100, speed=3906.87/s totalWork=7
2021-03-22 23:27:22,267 INFO  [DNFCalculating] log_result_queue_info:1237: calc#10: 排行: try_fetch_result periodly report remaining_qize=7 sync_batch_size=100 processed_result=64000, speed=3960.63/s totalWork=7
2021-03-22 23:27:22,774 INFO  [DNFCalculating] log_result_queue_info:1237: calc#10: 排行: try_fetch_result_in_background remaining_qize=20 sync_batch_size=100 processed_result=64800, speed=3888.14/s totalWork=7
2021-03-22 23:27:22,776 INFO  [DNFCalculating] log_result_queue_info:1237: calc#10: 排行: try_fetch_result periodly report remaining_qize=19 sync_batch_size=100 processed_result=64900, speed=3893.68/s totalWork=7
2021-03-22 23:27:22,777 INFO  [DNFCalculating] log_result_queue_info:1237: calc#10: 排行: try_fetch_result periodly report remaining_qize=18 sync_batch_size=100 processed_result=65000, speed=3899.44/s totalWork=7
2021-03-22 23:27:22,786 INFO  [DNFCalculating] log_result_queue_info:1237: calc#10: 排行: try_fetch_result periodly report remaining_qize=8 sync_batch_size=100 processed_result=66000, speed=3957.23/s totalWork=7
2021-03-22 23:27:23,294 INFO  [DNFCalculating] log_result_queue_info:1237: calc#10: 排行: try_fetch_result_in_background remaining_qize=19 sync_batch_size=100 processed_result=66800, speed=3886.94/s totalWork=7
2021-03-22 23:27:23,296 INFO  [DNFCalculating] log_result_queue_info:1237: calc#10: 排行: try_fetch_result periodly report remaining_qize=18 sync_batch_size=100 processed_result=66900, speed=3892.30/s totalWork=7
2021-03-22 23:27:23,298 INFO  [DNFCalculating] log_result_queue_info:1237: calc#10: 排行: try_fetch_result periodly report remaining_qize=17 sync_batch_size=100 processed_result=67000, speed=3897.67/s totalWork=7
2021-03-22 23:27:23,309 INFO  [DNFCalculating] log_result_queue_info:1237: calc#10: 排行: try_fetch_result periodly report remaining_qize=7 sync_batch_size=100 processed_result=68000, speed=3953.32/s totalWork=7
2021-03-22 23:27:23,822 INFO  [DNFCalculating] log_result_queue_info:1237: calc#10: 排行: try_fetch_result_in_background remaining_qize=15 sync_batch_size=100 processed_result=68800, speed=3883.87/s totalWork=7
2021-03-22 23:27:23,823 INFO  [DNFCalculating] log_result_queue_info:1237: calc#10: 排行: try_fetch_result periodly report remaining_qize=14 sync_batch_size=100 processed_result=68900, speed=3889.30/s totalWork=7
2021-03-22 23:27:23,824 INFO  [DNFCalculating] log_result_queue_info:1237: calc#10: 排行: try_fetch_result periodly report remaining_qize=13 sync_batch_size=100 processed_result=69000, speed=3894.72/s totalWork=7
2021-03-22 23:27:23,833 INFO  [DNFCalculating] log_result_queue_info:1237: calc#10: 排行: try_fetch_result periodly report remaining_qize=3 sync_batch_size=100 processed_result=70000, speed=3949.15/s totalWork=7
2021-03-22 23:27:24,337 INFO  [DNFCalculating] log_result_queue_info:1237: calc#10: 排行: try_fetch_result_in_background remaining_qize=20 sync_batch_size=100 processed_result=70300, speed=3856.46/s totalWork=7
2021-03-22 23:27:24,338 INFO  [DNFCalculating] log_result_queue_info:1237: calc#10: 排行: try_fetch_result periodly report remaining_qize=19 sync_batch_size=100 processed_result=70400, speed=3861.73/s totalWork=7
2021-03-22 23:27:24,345 INFO  [DNFCalculating] log_result_queue_info:1237: calc#10: 排行: try_fetch_result periodly report remaining_qize=13 sync_batch_size=100 processed_result=71000, speed=3893.24/s totalWork=7
2021-03-22 23:27:24,354 INFO  [DNFCalculating] log_result_queue_info:1237: calc#10: 排行: try_fetch_result periodly report remaining_qize=3 sync_batch_size=100 processed_result=72000, speed=3946.03/s totalWork=7
2021-03-22 23:27:24,858 INFO  [DNFCalculating] log_result_queue_info:1237: calc#10: 排行: try_fetch_result_in_background remaining_qize=17 sync_batch_size=100 processed_result=72300, speed=3855.94/s totalWork=7
2021-03-22 23:27:24,860 INFO  [DNFCalculating] log_result_queue_info:1237: calc#10: 排行: try_fetch_result periodly report remaining_qize=16 sync_batch_size=100 processed_result=72400, speed=3860.86/s totalWork=7
2021-03-22 23:27:24,866 INFO  [DNFCalculating] log_result_queue_info:1237: calc#10: 排行: try_fetch_result periodly report remaining_qize=10 sync_batch_size=100 processed_result=73000, speed=3891.82/s totalWork=7
2021-03-22 23:27:24,874 INFO  [DNFCalculating] log_result_queue_info:1237: calc#10: 排行: try_fetch_result periodly report remaining_qize=1 sync_batch_size=100 processed_result=74000, speed=3943.23/s totalWork=7
2021-03-22 23:27:25,376 INFO  [DNFCalculating] log_result_queue_info:1237: calc#10: 排行: try_fetch_result_in_background remaining_qize=15 sync_batch_size=100 processed_result=74100, speed=3845.75/s totalWork=7
2021-03-22 23:27:25,378 INFO  [DNFCalculating] log_result_queue_info:1237: calc#10: 排行: try_fetch_result periodly report remaining_qize=14 sync_batch_size=100 processed_result=74200, speed=3850.54/s totalWork=7
2021-03-22 23:27:25,385 INFO  [DNFCalculating] log_result_queue_info:1237: calc#10: 排行: try_fetch_result periodly report remaining_qize=7 sync_batch_size=100 processed_result=75000, speed=3890.64/s totalWork=7
2021-03-22 23:27:25,892 INFO  [DNFCalculating] log_result_queue_info:1237: calc#10: 排行: try_fetch_result_in_background remaining_qize=16 sync_batch_size=100 processed_result=75700, speed=3826.22/s totalWork=7
2021-03-22 23:27:25,894 INFO  [DNFCalculating] log_result_queue_info:1237: calc#10: 排行: try_fetch_result periodly report remaining_qize=15 sync_batch_size=100 processed_result=75800, speed=3831.06/s totalWork=7
2021-03-22 23:27:25,896 INFO  [DNFCalculating] log_result_queue_info:1237: calc#10: 排行: try_fetch_result periodly report remaining_qize=13 sync_batch_size=100 processed_result=76000, speed=3840.78/s totalWork=7
2021-03-22 23:27:25,904 INFO  [DNFCalculating] log_result_queue_info:1237: calc#10: 排行: try_fetch_result periodly report remaining_qize=3 sync_batch_size=100 processed_result=77000, speed=3889.75/s totalWork=7
2021-03-22 23:27:26,407 INFO  [DNFCalculating] log_result_queue_info:1237: calc#10: 排行: try_fetch_result_in_background remaining_qize=14 sync_batch_size=100 processed_result=77300, speed=3808.07/s totalWork=7
2021-03-22 23:27:26,408 INFO  [DNFCalculating] log_result_queue_info:1237: calc#10: 排行: try_fetch_result periodly report remaining_qize=13 sync_batch_size=100 processed_result=77400, speed=3812.80/s totalWork=7
2021-03-22 23:27:26,413 INFO  [DNFCalculating] log_result_queue_info:1237: calc#10: 排行: try_fetch_result periodly report remaining_qize=8 sync_batch_size=100 processed_result=78000, speed=3841.41/s totalWork=7
2021-03-22 23:27:26,921 INFO  [DNFCalculating] log_result_queue_info:1237: calc#10: 排行: try_fetch_result_in_background remaining_qize=16 sync_batch_size=100 processed_result=78800, speed=3786.04/s totalWork=7
2021-03-22 23:27:26,923 INFO  [DNFCalculating] log_result_queue_info:1237: calc#10: 排行: try_fetch_result periodly report remaining_qize=15 sync_batch_size=100 processed_result=78900, speed=3790.45/s totalWork=7
2021-03-22 23:27:26,926 INFO  [DNFCalculating] log_result_queue_info:1237: calc#10: 排行: try_fetch_result periodly report remaining_qize=14 sync_batch_size=100 processed_result=79000, speed=3794.86/s totalWork=7
2021-03-22 23:27:26,934 INFO  [DNFCalculating] log_result_queue_info:1237: calc#10: 排行: try_fetch_result periodly report remaining_qize=4 sync_batch_size=100 processed_result=80000, speed=3841.26/s totalWork=7
2021-03-22 23:27:27,447 INFO  [DNFCalculating] log_result_queue_info:1237: calc#10: 排行: try_fetch_result_in_background remaining_qize=16 sync_batch_size=100 processed_result=80400, speed=3767.78/s totalWork=7
2021-03-22 23:27:27,449 INFO  [DNFCalculating] log_result_queue_info:1237: calc#10: 排行: try_fetch_result periodly report remaining_qize=15 sync_batch_size=100 processed_result=80500, speed=3772.11/s totalWork=7
2021-03-22 23:27:27,454 INFO  [DNFCalculating] log_result_queue_info:1237: calc#10: 排行: try_fetch_result periodly report remaining_qize=10 sync_batch_size=100 processed_result=81000, speed=3794.65/s totalWork=7
2021-03-22 23:27:27,463 INFO  [DNFCalculating] log_result_queue_info:1237: calc#10: 排行: try_fetch_result periodly report remaining_qize=0 sync_batch_size=100 processed_result=82000, speed=3839.89/s totalWork=7
2021-03-22 23:27:27,964 INFO  [DNFCalculating] log_result_queue_info:1237: calc#10: 排行: try_fetch_result_in_background remaining_qize=10 sync_batch_size=100 processed_result=82000, speed=3751.85/s totalWork=7
2021-03-22 23:27:27,965 INFO  [DNFCalculating] log_result_queue_info:1237: calc#10: 排行: try_fetch_result periodly report remaining_qize=9 sync_batch_size=100 processed_result=82100, speed=3756.26/s totalWork=7
2021-03-22 23:27:27,973 INFO  [DNFCalculating] log_result_queue_info:1237: calc#10: 排行: try_fetch_result periodly report remaining_qize=0 sync_batch_size=100 processed_result=83000, speed=3796.02/s totalWork=7
2021-03-22 23:27:28,474 INFO  [DNFCalculating] log_result_queue_info:1237: calc#10: 排行: try_fetch_result_in_background remaining_qize=15 sync_batch_size=100 processed_result=83000, speed=3710.90/s totalWork=7
2021-03-22 23:27:28,475 INFO  [DNFCalculating] log_result_queue_info:1237: calc#10: 排行: try_fetch_result periodly report remaining_qize=14 sync_batch_size=100 processed_result=83100, speed=3715.20/s totalWork=7
2021-03-22 23:27:28,485 INFO  [DNFCalculating] log_result_queue_info:1237: calc#10: 排行: try_fetch_result periodly report remaining_qize=6 sync_batch_size=100 processed_result=84000, speed=3753.91/s totalWork=7
2021-03-22 23:27:28,991 INFO  [DNFCalculating] log_result_queue_info:1237: calc#10: 排行: try_fetch_result_in_background remaining_qize=16 sync_batch_size=100 processed_result=84600, speed=3697.01/s totalWork=7
2021-03-22 23:27:28,993 INFO  [DNFCalculating] log_result_queue_info:1237: calc#10: 排行: try_fetch_result periodly report remaining_qize=15 sync_batch_size=100 processed_result=84700, speed=3701.04/s totalWork=7
2021-03-22 23:27:28,995 INFO  [DNFCalculating] log_result_queue_info:1237: calc#10: 排行: try_fetch_result periodly report remaining_qize=12 sync_batch_size=100 processed_result=85000, speed=3713.82/s totalWork=7
2021-03-22 23:27:29,004 INFO  [DNFCalculating] log_result_queue_info:1237: calc#10: 排行: try_fetch_result periodly report remaining_qize=2 sync_batch_size=100 processed_result=86000, speed=3756.04/s totalWork=7
2021-03-22 23:27:29,507 INFO  [DNFCalculating] log_result_queue_info:1237: calc#10: 排行: try_fetch_result_in_background remaining_qize=16 sync_batch_size=100 processed_result=86200, speed=3683.84/s totalWork=7
2021-03-22 23:27:29,509 INFO  [DNFCalculating] log_result_queue_info:1237: calc#10: 排行: try_fetch_result periodly report remaining_qize=15 sync_batch_size=100 processed_result=86300, speed=3687.80/s totalWork=7
2021-03-22 23:27:29,515 INFO  [DNFCalculating] log_result_queue_info:1237: calc#10: 排行: try_fetch_result periodly report remaining_qize=8 sync_batch_size=100 processed_result=87000, speed=3716.74/s totalWork=7
2021-03-22 23:27:30,023 INFO  [DNFCalculating] log_result_queue_info:1237: calc#10: 排行: try_fetch_result_in_background remaining_qize=11 sync_batch_size=100 processed_result=87800, speed=3671.30/s totalWork=7
2021-03-22 23:27:30,025 INFO  [DNFCalculating] log_result_queue_info:1237: calc#10: 排行: try_fetch_result periodly report remaining_qize=10 sync_batch_size=100 processed_result=87900, speed=3675.33/s totalWork=7
2021-03-22 23:27:30,026 INFO  [DNFCalculating] log_result_queue_info:1237: calc#10: 排行: try_fetch_result periodly report remaining_qize=9 sync_batch_size=100 processed_result=88000, speed=3679.21/s totalWork=7
2021-03-22 23:27:30,535 INFO  [DNFCalculating] log_result_queue_info:1237: calc#10: 排行: try_fetch_result_in_background remaining_qize=14 sync_batch_size=100 processed_result=88900, speed=3639.45/s totalWork=7
2021-03-22 23:27:30,536 INFO  [DNFCalculating] log_result_queue_info:1237: calc#10: 排行: try_fetch_result periodly report remaining_qize=13 sync_batch_size=100 processed_result=89000, speed=3643.40/s totalWork=7
2021-03-22 23:27:30,544 INFO  [DNFCalculating] log_result_queue_info:1237: calc#10: 排行: try_fetch_result periodly report remaining_qize=3 sync_batch_size=100 processed_result=90000, speed=3683.13/s totalWork=7
2021-03-22 23:27:31,047 INFO  [DNFCalculating] log_result_queue_info:1237: calc#10: 排行: try_fetch_result_in_background remaining_qize=11 sync_batch_size=100 processed_result=90300, speed=3620.76/s totalWork=7
2021-03-22 23:27:31,048 INFO  [DNFCalculating] log_result_queue_info:1237: calc#10: 排行: try_fetch_result periodly report remaining_qize=10 sync_batch_size=100 processed_result=90400, speed=3624.63/s totalWork=7
2021-03-22 23:27:31,054 INFO  [DNFCalculating] log_result_queue_info:1237: calc#10: 排行: try_fetch_result periodly report remaining_qize=4 sync_batch_size=100 processed_result=91000, speed=3647.81/s totalWork=7
2021-03-22 23:27:31,559 INFO  [DNFCalculating] log_result_queue_info:1237: calc#10: 排行: try_fetch_result_in_background remaining_qize=13 sync_batch_size=100 processed_result=91400, speed=3591.21/s totalWork=7
2021-03-22 23:27:31,560 INFO  [DNFCalculating] log_result_queue_info:1237: calc#10: 排行: try_fetch_result periodly report remaining_qize=12 sync_batch_size=100 processed_result=91500, speed=3595.03/s totalWork=7
2021-03-22 23:27:31,564 INFO  [DNFCalculating] log_result_queue_info:1237: calc#10: 排行: try_fetch_result periodly report remaining_qize=7 sync_batch_size=100 processed_result=92000, speed=3614.09/s totalWork=7
2021-03-22 23:27:32,070 INFO  [DNFCalculating] log_result_queue_info:1237: calc#10: 排行: try_fetch_result_in_background remaining_qize=12 sync_batch_size=100 processed_result=92700, speed=3570.57/s totalWork=7
2021-03-22 23:27:32,072 INFO  [DNFCalculating] log_result_queue_info:1237: calc#10: 排行: try_fetch_result periodly report remaining_qize=11 sync_batch_size=100 processed_result=92800, speed=3574.14/s totalWork=7
2021-03-22 23:27:32,074 INFO  [DNFCalculating] log_result_queue_info:1237: calc#10: 排行: try_fetch_result periodly report remaining_qize=9 sync_batch_size=100 processed_result=93000, speed=3581.56/s totalWork=7
2021-03-22 23:27:32,582 INFO  [DNFCalculating] log_result_queue_info:1237: calc#10: 排行: try_fetch_result_in_background remaining_qize=14 sync_batch_size=100 processed_result=93900, speed=3546.81/s totalWork=7
2021-03-22 23:27:32,583 INFO  [DNFCalculating] log_result_queue_info:1237: calc#10: 排行: try_fetch_result periodly report remaining_qize=13 sync_batch_size=100 processed_result=94000, speed=3550.46/s totalWork=7
2021-03-22 23:27:32,593 INFO  [DNFCalculating] log_result_queue_info:1237: calc#10: 排行: try_fetch_result periodly report remaining_qize=3 sync_batch_size=100 processed_result=95000, speed=3586.88/s totalWork=7
2021-03-22 23:27:33,096 INFO  [DNFCalculating] log_result_queue_info:1237: calc#10: 排行: try_fetch_result_in_background remaining_qize=12 sync_batch_size=100 processed_result=95300, speed=3531.12/s totalWork=7
2021-03-22 23:27:33,097 INFO  [DNFCalculating] log_result_queue_info:1237: calc#10: 排行: try_fetch_result periodly report remaining_qize=11 sync_batch_size=100 processed_result=95400, speed=3534.70/s totalWork=7
2021-03-22 23:27:33,103 INFO  [DNFCalculating] log_result_queue_info:1237: calc#10: 排行: try_fetch_result periodly report remaining_qize=5 sync_batch_size=100 processed_result=96000, speed=3556.17/s totalWork=7
2021-03-22 23:27:33,609 INFO  [DNFCalculating] log_result_queue_info:1237: calc#10: 排行: try_fetch_result_in_background remaining_qize=13 sync_batch_size=100 processed_result=96500, speed=3508.94/s totalWork=7
2021-03-22 23:27:33,610 INFO  [DNFCalculating] log_result_queue_info:1237: calc#10: 排行: try_fetch_result periodly report remaining_qize=12 sync_batch_size=100 processed_result=96600, speed=3512.45/s totalWork=7
2021-03-22 23:27:33,614 INFO  [DNFCalculating] log_result_queue_info:1237: calc#10: 排行: try_fetch_result periodly report remaining_qize=8 sync_batch_size=100 processed_result=97000, speed=3526.45/s totalWork=7
2021-03-22 23:27:34,121 INFO  [DNFCalculating] log_result_queue_info:1237: calc#10: 排行: try_fetch_result_in_background remaining_qize=10 sync_batch_size=100 processed_result=97800, speed=3491.21/s totalWork=7
2021-03-22 23:27:34,122 INFO  [DNFCalculating] log_result_queue_info:1237: calc#10: 排行: try_fetch_result periodly report remaining_qize=9 sync_batch_size=100 processed_result=97900, speed=3494.66/s totalWork=7
2021-03-22 23:27:34,123 INFO  [DNFCalculating] log_result_queue_info:1237: calc#10: 排行: try_fetch_result periodly report remaining_qize=8 sync_batch_size=100 processed_result=98000, speed=3498.11/s totalWork=7
2021-03-22 23:27:34,633 INFO  [DNFCalculating] log_result_queue_info:1237: calc#10: 排行: try_fetch_result_in_background remaining_qize=10 sync_batch_size=100 processed_result=98900, speed=3467.12/s totalWork=7
2021-03-22 23:27:34,634 INFO  [DNFCalculating] log_result_queue_info:1237: calc#10: 排行: try_fetch_result periodly report remaining_qize=9 sync_batch_size=100 processed_result=99000, speed=3470.51/s totalWork=7
2021-03-22 23:27:35,144 INFO  [DNFCalculating] log_result_queue_info:1237: calc#10: 排行: try_fetch_result_in_background remaining_qize=11 sync_batch_size=100 processed_result=99900, speed=3440.53/s totalWork=7
2021-03-22 23:27:35,145 INFO  [DNFCalculating] log_result_queue_info:1237: calc#10: 排行: try_fetch_result periodly report remaining_qize=10 sync_batch_size=100 processed_result=100000, speed=3443.85/s totalWork=7
2021-03-22 23:27:35,153 INFO  [DNFCalculating] log_result_queue_info:1237: calc#10: 排行: try_fetch_result periodly report remaining_qize=0 sync_batch_size=100 processed_result=101000, speed=3477.34/s totalWork=7
2021-03-22 23:27:35,655 INFO  [DNFCalculating] log_result_queue_info:1237: calc#10: 排行: try_fetch_result_in_background remaining_qize=12 sync_batch_size=100 processed_result=101000, speed=3418.30/s totalWork=7
2021-03-22 23:27:35,656 INFO  [DNFCalculating] log_result_queue_info:1237: calc#10: 排行: try_fetch_result periodly report remaining_qize=11 sync_batch_size=100 processed_result=101100, speed=3421.57/s totalWork=7
2021-03-22 23:27:35,663 INFO  [DNFCalculating] log_result_queue_info:1237: calc#10: 排行: try_fetch_result periodly report remaining_qize=2 sync_batch_size=100 processed_result=102000, speed=3451.15/s totalWork=7
2021-03-22 23:27:36,167 INFO  [DNFCalculating] log_result_queue_info:1237: calc#10: 排行: try_fetch_result_in_background remaining_qize=12 sync_batch_size=100 processed_result=102200, speed=3399.96/s totalWork=7
2021-03-22 23:27:36,168 INFO  [DNFCalculating] log_result_queue_info:1237: calc#10: 排行: try_fetch_result periodly report remaining_qize=11 sync_batch_size=100 processed_result=102300, speed=3403.17/s totalWork=7
2021-03-22 23:27:36,175 INFO  [DNFCalculating] log_result_queue_info:1237: calc#10: 排行: try_fetch_result periodly report remaining_qize=4 sync_batch_size=100 processed_result=103000, speed=3425.64/s totalWork=7
2021-03-22 23:27:36,681 INFO  [DNFCalculating] log_result_queue_info:1237: calc#10: 排行: try_fetch_result_in_background remaining_qize=10 sync_batch_size=100 processed_result=103400, speed=3382.05/s totalWork=7
2021-03-22 23:27:36,682 INFO  [DNFCalculating] log_result_queue_info:1237: calc#10: 排行: try_fetch_result periodly report remaining_qize=9 sync_batch_size=100 processed_result=103500, speed=3385.21/s totalWork=7
2021-03-22 23:27:36,687 INFO  [DNFCalculating] log_result_queue_info:1237: calc#10: 排行: try_fetch_result periodly report remaining_qize=4 sync_batch_size=100 processed_result=104000, speed=3401.01/s totalWork=7
2021-03-22 23:27:37,192 INFO  [DNFCalculating] log_result_queue_info:1237: calc#10: 排行: try_fetch_result_in_background remaining_qize=11 sync_batch_size=100 processed_result=104400, speed=3358.67/s totalWork=7
2021-03-22 23:27:37,193 INFO  [DNFCalculating] log_result_queue_info:1237: calc#10: 排行: try_fetch_result periodly report remaining_qize=10 sync_batch_size=100 processed_result=104500, speed=3361.73/s totalWork=7
2021-03-22 23:27:37,199 INFO  [DNFCalculating] log_result_queue_info:1237: calc#10: 排行: try_fetch_result periodly report remaining_qize=5 sync_batch_size=100 processed_result=105000, speed=3377.21/s totalWork=7
2021-03-22 23:27:37,704 INFO  [DNFCalculating] log_result_queue_info:1237: calc#10: 排行: try_fetch_result_in_background remaining_qize=10 sync_batch_size=100 processed_result=105500, speed=3339.02/s totalWork=7
2021-03-22 23:27:37,705 INFO  [DNFCalculating] log_result_queue_info:1237: calc#10: 排行: try_fetch_result periodly report remaining_qize=9 sync_batch_size=100 processed_result=105600, speed=3342.09/s totalWork=7
2021-03-22 23:27:37,710 INFO  [DNFCalculating] log_result_queue_info:1237: calc#10: 排行: try_fetch_result periodly report remaining_qize=5 sync_batch_size=100 processed_result=106000, speed=3354.21/s totalWork=7
2021-03-22 23:27:38,216 INFO  [DNFCalculating] log_result_queue_info:1237: calc#10: 排行: try_fetch_result_in_background remaining_qize=11 sync_batch_size=100 processed_result=106500, speed=3316.93/s totalWork=7
2021-03-22 23:27:38,218 INFO  [DNFCalculating] log_result_queue_info:1237: calc#10: 排行: try_fetch_result periodly report remaining_qize=10 sync_batch_size=100 processed_result=106600, speed=3319.83/s totalWork=7
2021-03-22 23:27:38,222 INFO  [DNFCalculating] log_result_queue_info:1237: calc#10: 排行: try_fetch_result periodly report remaining_qize=6 sync_batch_size=100 processed_result=107000, speed=3331.88/s totalWork=7
2021-03-22 23:27:38,729 INFO  [DNFCalculating] log_result_queue_info:1237: calc#10: 排行: try_fetch_result_in_background remaining_qize=10 sync_batch_size=100 processed_result=107600, speed=3298.52/s totalWork=7
2021-03-22 23:27:38,730 INFO  [DNFCalculating] log_result_queue_info:1237: calc#10: 排行: try_fetch_result periodly report remaining_qize=9 sync_batch_size=100 processed_result=107700, speed=3301.48/s totalWork=7
2021-03-22 23:27:38,734 INFO  [DNFCalculating] log_result_queue_info:1237: calc#10: 排行: try_fetch_result periodly report remaining_qize=6 sync_batch_size=100 processed_result=108000, speed=3310.27/s totalWork=7
2021-03-22 23:27:39,240 INFO  [DNFCalculating] log_result_queue_info:1237: calc#10: 排行: try_fetch_result_in_background remaining_qize=11 sync_batch_size=100 processed_result=108600, speed=3277.78/s totalWork=7
2021-03-22 23:27:39,242 INFO  [DNFCalculating] log_result_queue_info:1237: calc#10: 排行: try_fetch_result periodly report remaining_qize=10 sync_batch_size=100 processed_result=108700, speed=3280.60/s totalWork=7
2021-03-22 23:27:39,246 INFO  [DNFCalculating] log_result_queue_info:1237: calc#10: 排行: try_fetch_result periodly report remaining_qize=7 sync_batch_size=100 processed_result=109000, speed=3289.36/s totalWork=7
2021-03-22 23:27:39,753 INFO  [DNFCalculating] log_result_queue_info:1237: calc#10: 排行: try_fetch_result_in_background remaining_qize=10 sync_batch_size=100 processed_result=109700, speed=3260.53/s totalWork=7
2021-03-22 23:27:39,755 INFO  [DNFCalculating] log_result_queue_info:1237: calc#10: 排行: try_fetch_result periodly report remaining_qize=9 sync_batch_size=100 processed_result=109800, speed=3263.30/s totalWork=7
2021-03-22 23:27:39,757 INFO  [DNFCalculating] log_result_queue_info:1237: calc#10: 排行: try_fetch_result periodly report remaining_qize=7 sync_batch_size=100 processed_result=110000, speed=3269.05/s totalWork=7
2021-03-22 23:27:40,263 INFO  [DNFCalculating] log_result_queue_info:1237: calc#10: 排行: try_fetch_result_in_background remaining_qize=12 sync_batch_size=100 processed_result=110700, speed=3241.10/s totalWork=7
2021-03-22 23:27:40,264 INFO  [DNFCalculating] log_result_queue_info:1237: calc#10: 排行: try_fetch_result periodly report remaining_qize=11 sync_batch_size=100 processed_result=110800, speed=3243.89/s totalWork=7
2021-03-22 23:27:40,267 INFO  [DNFCalculating] log_result_queue_info:1237: calc#10: 排行: try_fetch_result periodly report remaining_qize=9 sync_batch_size=100 processed_result=111000, speed=3249.46/s totalWork=7
2021-03-22 23:27:40,779 INFO  [DNFCalculating] log_result_queue_info:1237: calc#10: 排行: try_fetch_result_in_background remaining_qize=9 sync_batch_size=100 processed_result=111900, speed=3227.47/s totalWork=7
2021-03-22 23:27:40,783 INFO  [DNFCalculating] log_result_queue_info:1237: calc#10: 排行: try_fetch_result periodly report remaining_qize=8 sync_batch_size=100 processed_result=112000, speed=3230.00/s totalWork=7
2021-03-22 23:27:41,291 INFO  [DNFCalculating] log_result_queue_info:1237: calc#10: 排行: try_fetch_result_in_background remaining_qize=10 sync_batch_size=100 processed_result=112800, speed=3206.05/s totalWork=7
2021-03-22 23:27:41,293 INFO  [DNFCalculating] log_result_queue_info:1237: calc#10: 排行: try_fetch_result periodly report remaining_qize=9 sync_batch_size=100 processed_result=112900, speed=3208.71/s totalWork=7
2021-03-22 23:27:41,294 INFO  [DNFCalculating] log_result_queue_info:1237: calc#10: 排行: try_fetch_result periodly report remaining_qize=8 sync_batch_size=100 processed_result=113000, speed=3211.46/s totalWork=7
2021-03-22 23:27:41,802 INFO  [DNFCalculating] log_result_queue_info:1237: calc#10: 排行: try_fetch_result_in_background remaining_qize=11 sync_batch_size=100 processed_result=113800, speed=3188.20/s totalWork=7
2021-03-22 23:27:41,803 INFO  [DNFCalculating] log_result_queue_info:1237: calc#10: 排行: try_fetch_result periodly report remaining_qize=10 sync_batch_size=100 processed_result=113900, speed=3190.91/s totalWork=7
2021-03-22 23:27:41,805 INFO  [DNFCalculating] log_result_queue_info:1237: calc#10: 排行: try_fetch_result periodly report remaining_qize=9 sync_batch_size=100 processed_result=114000, speed=3193.53/s totalWork=7
2021-03-22 23:27:42,314 INFO  [DNFCalculating] log_result_queue_info:1237: calc#10: 排行: try_fetch_result_in_background remaining_qize=9 sync_batch_size=100 processed_result=114900, speed=3173.51/s totalWork=7
2021-03-22 23:27:42,316 INFO  [DNFCalculating] log_result_queue_info:1237: calc#10: 排行: try_fetch_result periodly report remaining_qize=8 sync_batch_size=100 processed_result=115000, speed=3176.11/s totalWork=7
2021-03-22 23:27:42,823 INFO  [DNFCalculating] log_result_queue_info:1237: calc#10: 排行: try_fetch_result_in_background remaining_qize=11 sync_batch_size=100 processed_result=115800, speed=3154.02/s totalWork=7
2021-03-22 23:27:42,825 INFO  [DNFCalculating] log_result_queue_info:1237: calc#10: 排行: try_fetch_result periodly report remaining_qize=10 sync_batch_size=100 processed_result=115900, speed=3156.57/s totalWork=7
2021-03-22 23:27:42,827 INFO  [DNFCalculating] log_result_queue_info:1237: calc#10: 排行: try_fetch_result periodly report remaining_qize=9 sync_batch_size=100 processed_result=116000, speed=3159.14/s totalWork=7
2021-03-22 23:27:43,336 INFO  [DNFCalculating] log_result_queue_info:1237: calc#10: 排行: try_fetch_result_in_background remaining_qize=10 sync_batch_size=100 processed_result=116900, speed=3140.07/s totalWork=7
2021-03-22 23:27:43,337 INFO  [DNFCalculating] log_result_queue_info:1237: calc#10: 排行: try_fetch_result periodly report remaining_qize=9 sync_batch_size=100 processed_result=117000, speed=3142.67/s totalWork=7
2021-03-22 23:27:43,847 INFO  [DNFCalculating] log_result_queue_info:1237: calc#10: 排行: try_fetch_result_in_background remaining_qize=9 sync_batch_size=100 processed_result=117900, speed=3124.12/s totalWork=7
2021-03-22 23:27:43,848 INFO  [DNFCalculating] log_result_queue_info:1237: calc#10: 排行: try_fetch_result periodly report remaining_qize=8 sync_batch_size=100 processed_result=118000, speed=3126.69/s totalWork=7
2021-03-22 23:27:44,358 INFO  [DNFCalculating] log_result_queue_info:1237: calc#10: 排行: try_fetch_result_in_background remaining_qize=10 sync_batch_size=100 processed_result=118900, speed=3108.47/s totalWork=7
2021-03-22 23:27:44,360 INFO  [DNFCalculating] log_result_queue_info:1237: calc#10: 排行: try_fetch_result periodly report remaining_qize=9 sync_batch_size=100 processed_result=119000, speed=3110.92/s totalWork=7
2021-03-22 23:27:44,869 INFO  [DNFCalculating] log_result_queue_info:1237: calc#10: 排行: try_fetch_result_in_background remaining_qize=8 sync_batch_size=100 processed_result=119900, speed=3093.29/s totalWork=7
2021-03-22 23:27:44,870 INFO  [DNFCalculating] log_result_queue_info:1237: calc#10: 排行: try_fetch_result periodly report remaining_qize=7 sync_batch_size=100 processed_result=120000, speed=3095.79/s totalWork=7
2021-03-22 23:27:45,377 INFO  [DNFCalculating] log_result_queue_info:1237: calc#10: 排行: try_fetch_result_in_background remaining_qize=11 sync_batch_size=100 processed_result=120700, speed=3073.65/s totalWork=7
2021-03-22 23:27:45,378 INFO  [DNFCalculating] log_result_queue_info:1237: calc#10: 排行: try_fetch_result periodly report remaining_qize=11 sync_batch_size=100 processed_result=120800, speed=3076.09/s totalWork=7
2021-03-22 23:27:45,381 INFO  [DNFCalculating] log_result_queue_info:1237: calc#10: 排行: try_fetch_result periodly report remaining_qize=9 sync_batch_size=100 processed_result=121000, speed=3081.02/s totalWork=7
2021-03-22 23:27:45,889 INFO  [DNFCalculating] log_result_queue_info:1237: calc#10: 排行: try_fetch_result_in_background remaining_qize=8 sync_batch_size=100 processed_result=121900, speed=3064.27/s totalWork=7
2021-03-22 23:27:45,890 INFO  [DNFCalculating] log_result_queue_info:1237: calc#10: 排行: try_fetch_result periodly report remaining_qize=7 sync_batch_size=100 processed_result=122000, speed=3066.71/s totalWork=7
2021-03-22 23:27:46,398 INFO  [DNFCalculating] log_result_queue_info:1237: calc#10: 排行: try_fetch_result_in_background remaining_qize=10 sync_batch_size=100 processed_result=122700, speed=3045.43/s totalWork=7
2021-03-22 23:27:46,399 INFO  [DNFCalculating] log_result_queue_info:1237: calc#10: 排行: try_fetch_result periodly report remaining_qize=9 sync_batch_size=100 processed_result=122800, speed=3047.82/s totalWork=7
2021-03-22 23:27:46,402 INFO  [DNFCalculating] log_result_queue_info:1237: calc#10: 排行: try_fetch_result periodly report remaining_qize=7 sync_batch_size=100 processed_result=123000, speed=3052.58/s totalWork=7
2021-03-22 23:27:46,909 INFO  [DNFCalculating] log_result_queue_info:1237: calc#10: 排行: try_fetch_result_in_background remaining_qize=10 sync_batch_size=100 processed_result=123700, speed=3031.79/s totalWork=7
2021-03-22 23:27:46,910 INFO  [DNFCalculating] log_result_queue_info:1237: calc#10: 排行: try_fetch_result periodly report remaining_qize=9 sync_batch_size=100 processed_result=123800, speed=3034.18/s totalWork=7
2021-03-22 23:27:46,913 INFO  [DNFCalculating] log_result_queue_info:1237: calc#10: 排行: try_fetch_result periodly report remaining_qize=7 sync_batch_size=100 processed_result=124000, speed=3038.86/s totalWork=7
2021-03-22 23:27:47,419 INFO  [DNFCalculating] log_result_queue_info:1237: calc#10: 排行: try_fetch_result_in_background remaining_qize=9 sync_batch_size=100 processed_result=124700, speed=3018.56/s totalWork=7
2021-03-22 23:27:47,420 INFO  [DNFCalculating] log_result_queue_info:1237: calc#10: 排行: try_fetch_result periodly report remaining_qize=8 sync_batch_size=100 processed_result=124800, speed=3020.91/s totalWork=7
2021-03-22 23:27:47,422 INFO  [DNFCalculating] log_result_queue_info:1237: calc#10: 排行: try_fetch_result periodly report remaining_qize=6 sync_batch_size=100 processed_result=125000, speed=3025.60/s totalWork=7
2021-03-22 23:27:47,929 INFO  [DNFCalculating] log_result_queue_info:1237: calc#10: 排行: try_fetch_result_in_background remaining_qize=9 sync_batch_size=100 processed_result=125600, speed=3003.26/s totalWork=7
2021-03-22 23:27:47,930 INFO  [DNFCalculating] log_result_queue_info:1237: calc#10: 排行: try_fetch_result periodly report remaining_qize=8 sync_batch_size=100 processed_result=125700, speed=3005.58/s totalWork=7
2021-03-22 23:27:47,934 INFO  [DNFCalculating] log_result_queue_info:1237: calc#10: 排行: try_fetch_result periodly report remaining_qize=5 sync_batch_size=100 processed_result=126000, speed=3012.47/s totalWork=7
2021-03-22 23:27:48,439 INFO  [DNFCalculating] log_result_queue_info:1237: calc#10: 排行: try_fetch_result_in_background remaining_qize=10 sync_batch_size=100 processed_result=126500, speed=2988.34/s totalWork=7
2021-03-22 23:27:48,440 INFO  [DNFCalculating] log_result_queue_info:1237: calc#10: 排行: try_fetch_result periodly report remaining_qize=9 sync_batch_size=100 processed_result=126600, speed=2990.63/s totalWork=7
2021-03-22 23:27:48,445 INFO  [DNFCalculating] log_result_queue_info:1237: calc#10: 排行: try_fetch_result periodly report remaining_qize=5 sync_batch_size=100 processed_result=127000, speed=2999.73/s totalWork=7
2021-03-22 23:27:48,951 INFO  [DNFCalculating] log_result_queue_info:1237: calc#10: 排行: try_fetch_result_in_background remaining_qize=10 sync_batch_size=100 processed_result=127500, speed=2975.99/s totalWork=7
2021-03-22 23:27:48,952 INFO  [DNFCalculating] log_result_queue_info:1237: calc#10: 排行: try_fetch_result periodly report remaining_qize=9 sync_batch_size=100 processed_result=127600, speed=2978.25/s totalWork=7
2021-03-22 23:27:48,956 INFO  [DNFCalculating] log_result_queue_info:1237: calc#10: 排行: try_fetch_result periodly report remaining_qize=5 sync_batch_size=100 processed_result=128000, speed=2987.28/s totalWork=7
2021-03-22 23:27:49,461 INFO  [DNFCalculating] log_result_queue_info:1237: calc#10: 排行: try_fetch_result_in_background remaining_qize=8 sync_batch_size=100 processed_result=128500, speed=2964.01/s totalWork=7
2021-03-22 23:27:49,462 INFO  [DNFCalculating] log_result_queue_info:1237: calc#10: 排行: try_fetch_result periodly report remaining_qize=7 sync_batch_size=100 processed_result=128600, speed=2966.25/s totalWork=7
2021-03-22 23:27:49,466 INFO  [DNFCalculating] log_result_queue_info:1237: calc#10: 排行: try_fetch_result periodly report remaining_qize=3 sync_batch_size=100 processed_result=129000, speed=2975.19/s totalWork=7
2021-03-22 23:27:49,971 INFO  [DNFCalculating] log_result_queue_info:1237: calc#10: 排行: try_fetch_result_in_background remaining_qize=9 sync_batch_size=100 processed_result=129300, speed=2947.84/s totalWork=7
2021-03-22 23:27:49,972 INFO  [DNFCalculating] log_result_queue_info:1237: calc#10: 排行: try_fetch_result periodly report remaining_qize=8 sync_batch_size=100 processed_result=129400, speed=2950.04/s totalWork=7
2021-03-22 23:27:49,979 INFO  [DNFCalculating] log_result_queue_info:1237: calc#10: 排行: try_fetch_result periodly report remaining_qize=2 sync_batch_size=100 processed_result=130000, speed=2963.22/s totalWork=7
2021-03-22 23:27:50,481 INFO  [DNFCalculating] log_result_queue_info:1237: calc#10: 排行: try_fetch_result_in_background remaining_qize=11 sync_batch_size=100 processed_result=130200, speed=2934.20/s totalWork=7
2021-03-22 23:27:50,483 INFO  [DNFCalculating] log_result_queue_info:1237: calc#10: 排行: try_fetch_result periodly report remaining_qize=10 sync_batch_size=100 processed_result=130300, speed=2936.31/s totalWork=7
2021-03-22 23:27:50,491 INFO  [DNFCalculating] log_result_queue_info:1237: calc#10: 排行: try_fetch_result periodly report remaining_qize=3 sync_batch_size=100 processed_result=131000, speed=2951.59/s totalWork=7
2021-03-22 23:27:50,994 INFO  [DNFCalculating] log_result_queue_info:1237: calc#10: 排行: try_fetch_result_in_background remaining_qize=8 sync_batch_size=100 processed_result=131300, speed=2925.17/s totalWork=7
2021-03-22 23:27:50,995 INFO  [DNFCalculating] log_result_queue_info:1237: calc#10: 排行: try_fetch_result periodly report remaining_qize=7 sync_batch_size=100 processed_result=131400, speed=2927.34/s totalWork=7
2021-03-22 23:27:51,001 INFO  [DNFCalculating] log_result_queue_info:1237: calc#10: 排行: try_fetch_result periodly report remaining_qize=1 sync_batch_size=100 processed_result=132000, speed=2940.31/s totalWork=7
2021-03-22 23:27:51,503 INFO  [DNFCalculating] log_result_queue_info:1237: calc#10: 排行: try_fetch_result_in_background remaining_qize=10 sync_batch_size=100 processed_result=132100, speed=2910.00/s totalWork=7
2021-03-22 23:27:51,505 INFO  [DNFCalculating] log_result_queue_info:1237: calc#10: 排行: try_fetch_result periodly report remaining_qize=9 sync_batch_size=100 processed_result=132200, speed=2912.10/s totalWork=7
2021-03-22 23:27:51,512 INFO  [DNFCalculating] log_result_queue_info:1237: calc#10: 排行: try_fetch_result periodly report remaining_qize=1 sync_batch_size=100 processed_result=133000, speed=2929.28/s totalWork=7
2021-03-22 23:27:52,015 INFO  [DNFCalculating] log_result_queue_info:1237: calc#10: 排行: try_fetch_result_in_background remaining_qize=10 sync_batch_size=100 processed_result=133100, speed=2899.35/s totalWork=7
2021-03-22 23:27:52,017 INFO  [DNFCalculating] log_result_queue_info:1237: calc#10: 排行: try_fetch_result periodly report remaining_qize=9 sync_batch_size=100 processed_result=133200, speed=2901.41/s totalWork=7
2021-03-22 23:27:52,024 INFO  [DNFCalculating] log_result_queue_info:1237: calc#10: 排行: try_fetch_result periodly report remaining_qize=1 sync_batch_size=100 processed_result=134000, speed=2918.39/s totalWork=7
2021-03-22 23:27:52,526 INFO  [DNFCalculating] log_result_queue_info:1237: calc#10: 排行: try_fetch_result_in_background remaining_qize=8 sync_batch_size=100 processed_result=134100, speed=2888.95/s totalWork=7
2021-03-22 23:27:52,528 INFO  [DNFCalculating] log_result_queue_info:1237: calc#10: 排行: try_fetch_result periodly report remaining_qize=7 sync_batch_size=100 processed_result=134200, speed=2891.00/s totalWork=7
2021-03-22 23:27:53,035 INFO  [DNFCalculating] log_result_queue_info:1237: calc#10: 排行: try_fetch_result_in_background remaining_qize=10 sync_batch_size=100 processed_result=134900, speed=2874.67/s totalWork=7
2021-03-22 23:27:53,036 INFO  [DNFCalculating] log_result_queue_info:1237: calc#10: 排行: try_fetch_result periodly report remaining_qize=9 sync_batch_size=100 processed_result=135000, speed=2876.74/s totalWork=7
2021-03-22 23:27:53,546 INFO  [DNFCalculating] log_result_queue_info:1237: calc#10: 排行: try_fetch_result_in_background remaining_qize=9 sync_batch_size=100 processed_result=135900, speed=2864.78/s totalWork=7
2021-03-22 23:27:53,548 INFO  [DNFCalculating] log_result_queue_info:1237: calc#10: 排行: try_fetch_result periodly report remaining_qize=8 sync_batch_size=100 processed_result=136000, speed=2866.76/s totalWork=7
2021-03-22 23:27:54,056 INFO  [DNFCalculating] log_result_queue_info:1237: calc#10: 排行: try_fetch_result_in_background remaining_qize=9 sync_batch_size=100 processed_result=136800, speed=2853.08/s totalWork=7
2021-03-22 23:27:54,058 INFO  [DNFCalculating] log_result_queue_info:1237: calc#10: 排行: try_fetch_result periodly report remaining_qize=8 sync_batch_size=100 processed_result=136900, speed=2855.05/s totalWork=7
2021-03-22 23:27:54,059 INFO  [DNFCalculating] log_result_queue_info:1237: calc#10: 排行: try_fetch_result periodly report remaining_qize=7 sync_batch_size=100 processed_result=137000, speed=2857.08/s totalWork=7
2021-03-22 23:27:54,566 INFO  [DNFCalculating] log_result_queue_info:1237: calc#10: 排行: try_fetch_result_in_background remaining_qize=8 sync_batch_size=100 processed_result=137700, speed=2841.62/s totalWork=7
2021-03-22 23:27:54,567 INFO  [DNFCalculating] log_result_queue_info:1237: calc#10: 排行: try_fetch_result periodly report remaining_qize=7 sync_batch_size=100 processed_result=137800, speed=2843.62/s totalWork=7
2021-03-22 23:27:54,570 INFO  [DNFCalculating] log_result_queue_info:1237: calc#10: 排行: try_fetch_result periodly report remaining_qize=5 sync_batch_size=100 processed_result=138000, speed=2847.60/s totalWork=7
2021-03-22 23:27:55,076 INFO  [DNFCalculating] log_result_queue_info:1237: calc#10: 排行: try_fetch_result_in_background remaining_qize=10 sync_batch_size=100 processed_result=138500, speed=2828.35/s totalWork=7
2021-03-22 23:27:55,078 INFO  [DNFCalculating] log_result_queue_info:1237: calc#10: 排行: try_fetch_result periodly report remaining_qize=9 sync_batch_size=100 processed_result=138600, speed=2830.35/s totalWork=7
2021-03-22 23:27:55,081 INFO  [DNFCalculating] log_result_queue_info:1237: calc#10: 排行: try_fetch_result periodly report remaining_qize=5 sync_batch_size=100 processed_result=139000, speed=2838.27/s totalWork=7
2021-03-22 23:27:55,587 INFO  [DNFCalculating] log_result_queue_info:1237: calc#10: 排行: try_fetch_result_in_background remaining_qize=8 sync_batch_size=100 processed_result=139500, speed=2819.35/s totalWork=7
2021-03-22 23:27:55,588 INFO  [DNFCalculating] log_result_queue_info:1237: calc#10: 排行: try_fetch_result periodly report remaining_qize=7 sync_batch_size=100 processed_result=139600, speed=2821.31/s totalWork=7
2021-03-22 23:27:55,593 INFO  [DNFCalculating] log_result_queue_info:1237: calc#10: 排行: try_fetch_result periodly report remaining_qize=3 sync_batch_size=100 processed_result=140000, speed=2829.14/s totalWork=7
2021-03-22 23:27:56,097 INFO  [DNFCalculating] log_result_queue_info:1237: calc#10: 排行: try_fetch_result_in_background remaining_qize=10 sync_batch_size=100 processed_result=140300, speed=2806.63/s totalWork=7
2021-03-22 23:27:56,098 INFO  [DNFCalculating] log_result_queue_info:1237: calc#10: 排行: try_fetch_result periodly report remaining_qize=9 sync_batch_size=100 processed_result=140400, speed=2808.57/s totalWork=7
2021-03-22 23:27:56,104 INFO  [DNFCalculating] log_result_queue_info:1237: calc#10: 排行: try_fetch_result periodly report remaining_qize=3 sync_batch_size=100 processed_result=141000, speed=2820.24/s totalWork=7
2021-03-22 23:27:56,608 INFO  [DNFCalculating] log_result_queue_info:1237: calc#10: 排行: try_fetch_result_in_background remaining_qize=8 sync_batch_size=100 processed_result=141300, speed=2798.00/s totalWork=7
2021-03-22 23:27:56,609 INFO  [DNFCalculating] log_result_queue_info:1237: calc#10: 排行: try_fetch_result periodly report remaining_qize=7 sync_batch_size=100 processed_result=141400, speed=2799.93/s totalWork=7
2021-03-22 23:27:56,615 INFO  [DNFCalculating] log_result_queue_info:1237: calc#10: 排行: try_fetch_result periodly report remaining_qize=1 sync_batch_size=100 processed_result=142000, speed=2811.48/s totalWork=7
2021-03-22 23:27:57,118 INFO  [DNFCalculating] log_result_queue_info:1237: calc#10: 排行: try_fetch_result_in_background remaining_qize=9 sync_batch_size=100 processed_result=142183, speed=2787.34/s totalWork=7
2021-03-22 23:27:57,119 INFO  [DNFCalculating] log_result_queue_info:1237: calc#10: 排行: try_fetch_result periodly report remaining_qize=8 sync_batch_size=100 processed_result=142283, speed=2789.23/s totalWork=7
2021-03-22 23:27:57,127 INFO  [DNFCalculating] log_result_queue_info:1237: calc#10: 排行: try_fetch_result periodly report remaining_qize=0 sync_batch_size=100 processed_result=143083, speed=2804.49/s totalWork=7
2021-03-22 23:27:57,629 INFO  [DNFCalculating] log_result_queue_info:1237: calc#10: 排行: try_fetch_result_in_background remaining_qize=7 sync_batch_size=100 processed_result=143083, speed=2777.16/s totalWork=7
2021-03-22 23:27:57,631 INFO  [DNFCalculating] log_result_queue_info:1237: calc#10: 排行: try_fetch_result periodly report remaining_qize=6 sync_batch_size=100 processed_result=143183, speed=2779.00/s totalWork=7
2021-03-22 23:27:58,137 INFO  [DNFCalculating] log_result_queue_info:1237: calc#10: 排行: try_fetch_result_in_background remaining_qize=9 sync_batch_size=100 processed_result=143783, speed=2763.50/s totalWork=7
2021-03-22 23:27:58,139 INFO  [DNFCalculating] log_result_queue_info:1237: calc#10: 排行: try_fetch_result periodly report remaining_qize=8 sync_batch_size=100 processed_result=143883, speed=2765.31/s totalWork=7
2021-03-22 23:27:58,141 INFO  [DNFCalculating] log_result_queue_info:1237: calc#10: 排行: try_fetch_result periodly report remaining_qize=6 sync_batch_size=100 processed_result=144083, speed=2769.04/s totalWork=7
2021-03-22 23:27:58,648 INFO  [DNFCalculating] log_result_queue_info:1237: calc#10: 排行: try_fetch_result_in_background remaining_qize=8 sync_batch_size=100 processed_result=144683, speed=2753.75/s totalWork=7
2021-03-22 23:27:58,649 INFO  [DNFCalculating] log_result_queue_info:1237: calc#10: 排行: try_fetch_result periodly report remaining_qize=7 sync_batch_size=100 processed_result=144783, speed=2755.61/s totalWork=7
2021-03-22 23:27:58,652 INFO  [DNFCalculating] log_result_queue_info:1237: calc#10: 排行: try_fetch_result periodly report remaining_qize=4 sync_batch_size=100 processed_result=145066, speed=2760.83/s totalWork=7
2021-03-22 23:27:59,157 INFO  [DNFCalculating] log_result_queue_info:1237: calc#10: 排行: try_fetch_result_in_background remaining_qize=8 sync_batch_size=100 processed_result=145449, speed=2741.82/s totalWork=7
2021-03-22 23:27:59,159 INFO  [DNFCalculating] log_result_queue_info:1237: calc#10: 排行: try_fetch_result periodly report remaining_qize=7 sync_batch_size=100 processed_result=145549, speed=2743.59/s totalWork=7
2021-03-22 23:27:59,162 INFO  [DNFCalculating] log_result_queue_info:1237: calc#10: 排行: try_fetch_result periodly report remaining_qize=2 sync_batch_size=100 processed_result=146049, speed=2752.82/s totalWork=7
2021-03-22 23:27:59,665 INFO  [DNFCalculating] log_result_queue_info:1237: calc#10: 排行: try_fetch_result_in_background remaining_qize=6 sync_batch_size=100 processed_result=146232, speed=2730.39/s totalWork=7
2021-03-22 23:27:59,666 INFO  [DNFCalculating] log_result_queue_info:1237: calc#10: 排行: try_fetch_result periodly report remaining_qize=5 sync_batch_size=100 processed_result=146332, speed=2732.21/s totalWork=7
2021-03-22 23:27:59,676 WARNI [DNFCalculating] 计算线程:1336: 所有工作线程均已完成计算，总计用时=53.92s
2021-03-22 23:28:00,170 INFO  [DNFCalculating] log_result_queue_info:1237: calc#10: 排行: after join remaining_qize=1 sync_batch_size=100 processed_result=146797, speed=2715.32/s totalWork=7
2021-03-22 23:28:00,171 INFO  [DNFCalculating] log_result_queue_info:1237: calc#10: 排行: try_fetch_result periodly report remaining_qize=0 sync_batch_size=100 processed_result=146880, speed=2716.81/s totalWork=7
2021-03-22 23:28:00,172 INFO  [DNFCalculating] log_result_queue_info:1237: calc#10: 排行: after final remaining_qize=0 sync_batch_size=100 processed_result=146880, speed=2716.75/s totalWork=7
