2021-07-11 20:34:06,011 DEBUG [urllib3.connectionpool] _new_conn:971: Starting new HTTPS connection (1): wwx.lanzoui.com:443
2021-07-11 20:34:06,783 DEBUG [urllib3.connectionpool] _make_request:452: https://wwx.lanzoui.com:443 "GET /b01bfj76f HTTP/1.1" 200 None
2021-07-11 20:34:06,814 DEBUG [urllib3.connectionpool] _new_conn:971: Starting new HTTPS connection (1): wwx.lanzoui.com:443
2021-07-11 20:34:08,014 DEBUG [urllib3.connectionpool] _make_request:452: https://wwx.lanzoui.com:443 "GET /b01bfj76f HTTP/1.1" 200 None
2021-07-11 20:34:08,057 DEBUG [urllib3.connectionpool] _new_conn:971: Starting new HTTPS connection (1): wwx.lanzoui.com:443
2021-07-11 20:34:08,418 DEBUG [urllib3.connectionpool] _make_request:452: https://wwx.lanzoui.com:443 "POST /filemoreajax.php HTTP/1.1" 200 None
2021-07-11 20:34:09,155 DEBUG [urllib3.connectionpool] _make_request:452: https://wwx.lanzoui.com:443 "POST /filemoreajax.php HTTP/1.1" 200 None
2021-07-11 20:34:09,947 DEBUG [urllib3.connectionpool] _make_request:452: https://wwx.lanzoui.com:443 "POST /filemoreajax.php HTTP/1.1" 200 53
2021-07-11 20:34:34,314 ERROR [DNFCalculating] 载入json:3426: list index out of range
2021-07-11 20:34:34,464 ERROR [DNFCalculating] 载入json:3542: '阿斯特罗斯选项'
2021-07-11 20:34:34,464 ERROR [DNFCalculating] 载入json:3568: '奥兹玛选择'
2021-07-11 20:35:21,193 INFO  [DNFCalculating] 计算线程:1459: 开始计算
2021-07-11 20:35:21,821 INFO  [DNFCalculating] log_result_queue_info:1472: calc#1: 排行: try_fetch_result_in_background remaining_qize=0 sync_batch_size=100 processed_result=0, speed=0.00/s totalWork=4
2021-07-11 20:35:21,911 WARNI [DNFCalculating] 计算线程:1581: 所有工作线程均已完成计算，总计用时=0.71s
2021-07-11 20:35:22,333 INFO  [DNFCalculating] log_result_queue_info:1472: calc#1: 排行: after join remaining_qize=7 sync_batch_size=100 processed_result=0, speed=0.00/s totalWork=7
2021-07-11 20:35:22,336 INFO  [DNFCalculating] log_result_queue_info:1472: calc#1: 排行: after final remaining_qize=0 sync_batch_size=100 processed_result=8, speed=15.28/s totalWork=7
2021-07-11 20:35:47,956 INFO  [DNFCalculating] 计算线程:1459: 开始计算
2021-07-11 20:35:48,585 INFO  [DNFCalculating] log_result_queue_info:1472: calc#2: 排行: try_fetch_result_in_background remaining_qize=0 sync_batch_size=100 processed_result=0, speed=0.00/s totalWork=7
2021-07-11 20:35:48,630 WARNI [DNFCalculating] 计算线程:1581: 所有工作线程均已完成计算，总计用时=0.67s
2021-07-11 20:35:49,102 INFO  [DNFCalculating] log_result_queue_info:1472: calc#2: 排行: after join remaining_qize=7 sync_batch_size=100 processed_result=0, speed=0.00/s totalWork=7
2021-07-11 20:35:49,104 INFO  [DNFCalculating] log_result_queue_info:1472: calc#2: 排行: after final remaining_qize=0 sync_batch_size=100 processed_result=8, speed=15.16/s totalWork=7
2021-07-11 20:36:30,457 INFO  [DNFCalculating] 计算线程:1459: 开始计算
2021-07-11 20:36:31,069 INFO  [DNFCalculating] log_result_queue_info:1472: calc#3: 排行: try_fetch_result_in_background remaining_qize=0 sync_batch_size=100 processed_result=0, speed=0.00/s totalWork=7
2021-07-11 20:36:31,091 WARNI [DNFCalculating] 计算线程:1581: 所有工作线程均已完成计算，总计用时=0.63s
2021-07-11 20:36:31,582 INFO  [DNFCalculating] log_result_queue_info:1472: calc#3: 排行: after join remaining_qize=7 sync_batch_size=100 processed_result=0, speed=0.00/s totalWork=7
2021-07-11 20:36:31,585 INFO  [DNFCalculating] log_result_queue_info:1472: calc#3: 排行: after final remaining_qize=0 sync_batch_size=100 processed_result=16, speed=30.36/s totalWork=7
2021-07-11 20:36:50,520 ERROR [DNFCalculating] 载入json:3426: list index out of range
2021-07-11 20:36:50,525 ERROR [DNFCalculating] 载入json:3542: '阿斯特罗斯选项'
2021-07-11 20:36:50,525 ERROR [DNFCalculating] 载入json:3568: '奥兹玛选择'
2021-07-11 20:37:20,259 INFO  [DNFCalculating] 计算线程:1459: 开始计算
2021-07-11 20:37:20,933 INFO  [DNFCalculating] log_result_queue_info:1472: calc#4: 排行: try_fetch_result_in_background remaining_qize=0 sync_batch_size=100 processed_result=0, speed=0.00/s totalWork=0
2021-07-11 20:37:21,609 INFO  [DNFCalculating] log_result_queue_info:1472: calc#4: 排行: try_fetch_result_in_background remaining_qize=0 sync_batch_size=100 processed_result=0, speed=0.00/s totalWork=0
2021-07-11 20:37:22,224 INFO  [DNFCalculating] log_result_queue_info:1472: calc#4: 排行: try_fetch_result_in_background remaining_qize=0 sync_batch_size=100 processed_result=0, speed=0.00/s totalWork=0
2021-07-11 20:37:22,809 INFO  [DNFCalculating] log_result_queue_info:1472: calc#4: 排行: try_fetch_result_in_background remaining_qize=0 sync_batch_size=100 processed_result=0, speed=0.00/s totalWork=0
2021-07-11 20:37:23,393 INFO  [DNFCalculating] log_result_queue_info:1472: calc#4: 排行: try_fetch_result_in_background remaining_qize=0 sync_batch_size=100 processed_result=0, speed=0.00/s totalWork=7
2021-07-11 20:37:23,901 INFO  [DNFCalculating] log_result_queue_info:1472: calc#4: 排行: try_fetch_result_in_background remaining_qize=1 sync_batch_size=100 processed_result=0, speed=0.00/s totalWork=7
2021-07-11 20:37:24,408 INFO  [DNFCalculating] log_result_queue_info:1472: calc#4: 排行: try_fetch_result_in_background remaining_qize=2 sync_batch_size=100 processed_result=100, speed=27.70/s totalWork=7
2021-07-11 20:37:24,915 INFO  [DNFCalculating] log_result_queue_info:1472: calc#4: 排行: try_fetch_result_in_background remaining_qize=4 sync_batch_size=100 processed_result=300, speed=72.85/s totalWork=7
2021-07-11 20:37:25,422 INFO  [DNFCalculating] log_result_queue_info:1472: calc#4: 排行: try_fetch_result_in_background remaining_qize=3 sync_batch_size=100 processed_result=700, speed=151.36/s totalWork=7
2021-07-11 20:37:25,426 INFO  [DNFCalculating] log_result_queue_info:1472: calc#4: 排行: try_fetch_result periodly report remaining_qize=0 sync_batch_size=100 processed_result=1000, speed=216.02/s totalWork=7
2021-07-11 20:37:25,930 INFO  [DNFCalculating] log_result_queue_info:1472: calc#4: 排行: try_fetch_result_in_background remaining_qize=5 sync_batch_size=100 processed_result=1000, speed=194.83/s totalWork=7
2021-07-11 20:37:25,931 INFO  [DNFCalculating] log_result_queue_info:1472: calc#4: 排行: try_fetch_result periodly report remaining_qize=4 sync_batch_size=100 processed_result=1100, speed=214.25/s totalWork=7
2021-07-11 20:37:26,452 INFO  [DNFCalculating] log_result_queue_info:1472: calc#4: 排行: try_fetch_result_in_background remaining_qize=6 sync_batch_size=100 processed_result=1500, speed=265.26/s totalWork=7
2021-07-11 20:37:26,454 INFO  [DNFCalculating] log_result_queue_info:1472: calc#4: 排行: try_fetch_result periodly report remaining_qize=5 sync_batch_size=100 processed_result=1600, speed=282.84/s totalWork=7
2021-07-11 20:37:26,460 INFO  [DNFCalculating] log_result_queue_info:1472: calc#4: 排行: try_fetch_result periodly report remaining_qize=2 sync_batch_size=100 processed_result=2000, speed=353.18/s totalWork=7
2021-07-11 20:37:26,975 INFO  [DNFCalculating] log_result_queue_info:1472: calc#4: 排行: try_fetch_result_in_background remaining_qize=8 sync_batch_size=100 processed_result=2200, speed=356.12/s totalWork=7
2021-07-11 20:37:26,977 INFO  [DNFCalculating] log_result_queue_info:1472: calc#4: 排行: try_fetch_result periodly report remaining_qize=7 sync_batch_size=100 processed_result=2300, speed=372.19/s totalWork=7
2021-07-11 20:37:26,986 INFO  [DNFCalculating] log_result_queue_info:1472: calc#4: 排行: try_fetch_result periodly report remaining_qize=0 sync_batch_size=100 processed_result=3000, speed=484.76/s totalWork=7
2021-07-11 20:37:27,498 INFO  [DNFCalculating] log_result_queue_info:1472: calc#4: 排行: try_fetch_result_in_background remaining_qize=8 sync_batch_size=100 processed_result=3000, speed=447.72/s totalWork=7
2021-07-11 20:37:27,500 INFO  [DNFCalculating] log_result_queue_info:1472: calc#4: 排行: try_fetch_result periodly report remaining_qize=7 sync_batch_size=100 processed_result=3100, speed=462.52/s totalWork=7
2021-07-11 20:37:28,021 INFO  [DNFCalculating] log_result_queue_info:1472: calc#4: 排行: try_fetch_result_in_background remaining_qize=11 sync_batch_size=100 processed_result=3800, speed=526.06/s totalWork=7
2021-07-11 20:37:28,023 INFO  [DNFCalculating] log_result_queue_info:1472: calc#4: 排行: try_fetch_result periodly report remaining_qize=10 sync_batch_size=100 processed_result=3900, speed=539.78/s totalWork=7
2021-07-11 20:37:28,024 INFO  [DNFCalculating] log_result_queue_info:1472: calc#4: 排行: try_fetch_result periodly report remaining_qize=9 sync_batch_size=100 processed_result=4000, speed=553.46/s totalWork=7
2021-07-11 20:37:28,544 INFO  [DNFCalculating] log_result_queue_info:1472: calc#4: 排行: try_fetch_result_in_background remaining_qize=11 sync_batch_size=100 processed_result=4900, speed=632.54/s totalWork=7
2021-07-11 20:37:28,545 INFO  [DNFCalculating] log_result_queue_info:1472: calc#4: 排行: try_fetch_result periodly report remaining_qize=10 sync_batch_size=100 processed_result=5000, speed=645.33/s totalWork=7
2021-07-11 20:37:28,560 INFO  [DNFCalculating] log_result_queue_info:1472: calc#4: 排行: try_fetch_result periodly report remaining_qize=0 sync_batch_size=100 processed_result=6000, speed=772.96/s totalWork=7
2021-07-11 20:37:29,066 INFO  [DNFCalculating] log_result_queue_info:1472: calc#4: 排行: try_fetch_result_in_background remaining_qize=12 sync_batch_size=100 processed_result=6000, speed=725.62/s totalWork=7
2021-07-11 20:37:29,069 INFO  [DNFCalculating] log_result_queue_info:1472: calc#4: 排行: try_fetch_result periodly report remaining_qize=11 sync_batch_size=100 processed_result=6100, speed=737.49/s totalWork=7
2021-07-11 20:37:29,081 INFO  [DNFCalculating] log_result_queue_info:1472: calc#4: 排行: try_fetch_result periodly report remaining_qize=2 sync_batch_size=100 processed_result=7000, speed=845.03/s totalWork=7
2021-07-11 20:37:29,589 INFO  [DNFCalculating] log_result_queue_info:1472: calc#4: 排行: try_fetch_result_in_background remaining_qize=13 sync_batch_size=100 processed_result=7200, speed=818.95/s totalWork=7
2021-07-11 20:37:29,591 INFO  [DNFCalculating] log_result_queue_info:1472: calc#4: 排行: try_fetch_result periodly report remaining_qize=12 sync_batch_size=100 processed_result=7300, speed=830.15/s totalWork=7
2021-07-11 20:37:29,601 INFO  [DNFCalculating] log_result_queue_info:1472: calc#4: 排行: try_fetch_result periodly report remaining_qize=6 sync_batch_size=100 processed_result=8000, speed=908.73/s totalWork=7
2021-07-11 20:37:30,112 INFO  [DNFCalculating] log_result_queue_info:1472: calc#4: 排行: try_fetch_result_in_background remaining_qize=13 sync_batch_size=100 processed_result=8600, speed=923.30/s totalWork=7
2021-07-11 20:37:30,114 INFO  [DNFCalculating] log_result_queue_info:1472: calc#4: 排行: try_fetch_result periodly report remaining_qize=12 sync_batch_size=100 processed_result=8700, speed=933.84/s totalWork=7
2021-07-11 20:37:30,119 INFO  [DNFCalculating] log_result_queue_info:1472: calc#4: 排行: try_fetch_result periodly report remaining_qize=9 sync_batch_size=100 processed_result=9000, speed=965.53/s totalWork=7
2021-07-11 20:37:30,634 INFO  [DNFCalculating] log_result_queue_info:1472: calc#4: 排行: try_fetch_result_in_background remaining_qize=10 sync_batch_size=100 processed_result=9900, speed=1006.39/s totalWork=7
2021-07-11 20:37:30,637 INFO  [DNFCalculating] log_result_queue_info:1472: calc#4: 排行: try_fetch_result periodly report remaining_qize=9 sync_batch_size=100 processed_result=10000, speed=1016.30/s totalWork=7
2021-07-11 20:37:30,652 INFO  [DNFCalculating] log_result_queue_info:1472: calc#4: 排行: try_fetch_result periodly report remaining_qize=1 sync_batch_size=100 processed_result=11000, speed=1116.18/s totalWork=7
2021-07-11 20:37:31,160 INFO  [DNFCalculating] log_result_queue_info:1472: calc#4: 排行: try_fetch_result_in_background remaining_qize=11 sync_batch_size=100 processed_result=11200, speed=1080.83/s totalWork=7
2021-07-11 20:37:31,162 INFO  [DNFCalculating] log_result_queue_info:1472: calc#4: 排行: try_fetch_result periodly report remaining_qize=10 sync_batch_size=100 processed_result=11300, speed=1090.27/s totalWork=7
2021-07-11 20:37:31,172 INFO  [DNFCalculating] log_result_queue_info:1472: calc#4: 排行: try_fetch_result periodly report remaining_qize=3 sync_batch_size=100 processed_result=12000, speed=1156.65/s totalWork=7
2021-07-11 20:37:31,680 INFO  [DNFCalculating] log_result_queue_info:1472: calc#4: 排行: try_fetch_result_in_background remaining_qize=11 sync_batch_size=100 processed_result=12300, speed=1130.23/s totalWork=7
2021-07-11 20:37:31,682 INFO  [DNFCalculating] log_result_queue_info:1472: calc#4: 排行: try_fetch_result periodly report remaining_qize=10 sync_batch_size=100 processed_result=12400, speed=1139.16/s totalWork=7
2021-07-11 20:37:31,691 INFO  [DNFCalculating] log_result_queue_info:1472: calc#4: 排行: try_fetch_result periodly report remaining_qize=4 sync_batch_size=100 processed_result=13000, speed=1193.36/s totalWork=7
2021-07-11 20:37:32,203 INFO  [DNFCalculating] log_result_queue_info:1472: calc#4: 排行: try_fetch_result_in_background remaining_qize=14 sync_batch_size=100 processed_result=13400, speed=1174.87/s totalWork=7
2021-07-11 20:37:32,205 INFO  [DNFCalculating] log_result_queue_info:1472: calc#4: 排行: try_fetch_result periodly report remaining_qize=13 sync_batch_size=100 processed_result=13500, speed=1183.43/s totalWork=7
2021-07-11 20:37:32,213 INFO  [DNFCalculating] log_result_queue_info:1472: calc#4: 排行: try_fetch_result periodly report remaining_qize=8 sync_batch_size=100 processed_result=14000, speed=1226.36/s totalWork=7
2021-07-11 20:37:32,726 INFO  [DNFCalculating] log_result_queue_info:1472: calc#4: 排行: try_fetch_result_in_background remaining_qize=12 sync_batch_size=100 processed_result=14800, speed=1240.74/s totalWork=7
2021-07-11 20:37:32,728 INFO  [DNFCalculating] log_result_queue_info:1472: calc#4: 排行: try_fetch_result periodly report remaining_qize=11 sync_batch_size=100 processed_result=14900, speed=1248.92/s totalWork=7
2021-07-11 20:37:32,729 INFO  [DNFCalculating] log_result_queue_info:1472: calc#4: 排行: try_fetch_result periodly report remaining_qize=10 sync_batch_size=100 processed_result=15000, speed=1257.12/s totalWork=7
2021-07-11 20:37:32,743 INFO  [DNFCalculating] log_result_queue_info:1472: calc#4: 排行: try_fetch_result periodly report remaining_qize=0 sync_batch_size=100 processed_result=16000, speed=1339.34/s totalWork=7
2021-07-11 20:37:33,248 INFO  [DNFCalculating] log_result_queue_info:1472: calc#4: 排行: try_fetch_result_in_background remaining_qize=11 sync_batch_size=100 processed_result=16000, speed=1285.02/s totalWork=7
2021-07-11 20:37:33,251 INFO  [DNFCalculating] log_result_queue_info:1472: calc#4: 排行: try_fetch_result periodly report remaining_qize=10 sync_batch_size=100 processed_result=16100, speed=1292.80/s totalWork=7
2021-07-11 20:37:33,266 INFO  [DNFCalculating] log_result_queue_info:1472: calc#4: 排行: try_fetch_result periodly report remaining_qize=3 sync_batch_size=100 processed_result=17000, speed=1363.44/s totalWork=7
2021-07-11 20:37:33,787 INFO  [DNFCalculating] log_result_queue_info:1472: calc#4: 排行: try_fetch_result_in_background remaining_qize=12 sync_batch_size=100 processed_result=17300, speed=1331.87/s totalWork=7
2021-07-11 20:37:33,789 INFO  [DNFCalculating] log_result_queue_info:1472: calc#4: 排行: try_fetch_result periodly report remaining_qize=11 sync_batch_size=100 processed_result=17400, speed=1339.37/s totalWork=7
2021-07-11 20:37:33,827 INFO  [DNFCalculating] log_result_queue_info:1472: calc#4: 排行: try_fetch_result periodly report remaining_qize=6 sync_batch_size=100 processed_result=18000, speed=1381.49/s totalWork=7
2021-07-11 20:37:34,341 INFO  [DNFCalculating] log_result_queue_info:1472: calc#4: 排行: try_fetch_result_in_background remaining_qize=10 sync_batch_size=100 processed_result=18700, speed=1380.76/s totalWork=7
2021-07-11 20:37:34,343 INFO  [DNFCalculating] log_result_queue_info:1472: calc#4: 排行: try_fetch_result periodly report remaining_qize=9 sync_batch_size=100 processed_result=18800, speed=1387.94/s totalWork=7
2021-07-11 20:37:34,346 INFO  [DNFCalculating] log_result_queue_info:1472: calc#4: 排行: try_fetch_result periodly report remaining_qize=7 sync_batch_size=100 processed_result=19000, speed=1402.35/s totalWork=7
2021-07-11 20:37:34,878 INFO  [DNFCalculating] log_result_queue_info:1472: calc#4: 排行: try_fetch_result_in_background remaining_qize=11 sync_batch_size=100 processed_result=19800, speed=1406.16/s totalWork=7
2021-07-11 20:37:34,880 INFO  [DNFCalculating] log_result_queue_info:1472: calc#4: 排行: try_fetch_result periodly report remaining_qize=10 sync_batch_size=100 processed_result=19900, speed=1413.06/s totalWork=7
2021-07-11 20:37:34,882 INFO  [DNFCalculating] log_result_queue_info:1472: calc#4: 排行: try_fetch_result periodly report remaining_qize=9 sync_batch_size=100 processed_result=20000, speed=1420.01/s totalWork=7
2021-07-11 20:37:34,896 INFO  [DNFCalculating] log_result_queue_info:1472: calc#4: 排行: try_fetch_result periodly report remaining_qize=0 sync_batch_size=100 processed_result=21000, speed=1489.54/s totalWork=7
2021-07-11 20:37:35,401 INFO  [DNFCalculating] log_result_queue_info:1472: calc#4: 排行: try_fetch_result_in_background remaining_qize=12 sync_batch_size=100 processed_result=21000, speed=1437.99/s totalWork=7
2021-07-11 20:37:35,403 INFO  [DNFCalculating] log_result_queue_info:1472: calc#4: 排行: try_fetch_result periodly report remaining_qize=11 sync_batch_size=100 processed_result=21100, speed=1444.64/s totalWork=7
2021-07-11 20:37:35,416 INFO  [DNFCalculating] log_result_queue_info:1472: calc#4: 排行: try_fetch_result periodly report remaining_qize=2 sync_batch_size=100 processed_result=22000, speed=1504.92/s totalWork=7
2021-07-11 20:37:35,924 INFO  [DNFCalculating] log_result_queue_info:1472: calc#4: 排行: try_fetch_result_in_background remaining_qize=12 sync_batch_size=100 processed_result=22200, speed=1467.60/s totalWork=7
2021-07-11 20:37:35,926 INFO  [DNFCalculating] log_result_queue_info:1472: calc#4: 排行: try_fetch_result periodly report remaining_qize=12 sync_batch_size=100 processed_result=22300, speed=1474.04/s totalWork=7
2021-07-11 20:37:35,936 INFO  [DNFCalculating] log_result_queue_info:1472: calc#4: 排行: try_fetch_result periodly report remaining_qize=5 sync_batch_size=100 processed_result=23000, speed=1519.27/s totalWork=7
2021-07-11 20:37:36,446 INFO  [DNFCalculating] log_result_queue_info:1472: calc#4: 排行: try_fetch_result_in_background remaining_qize=10 sync_batch_size=100 processed_result=23600, speed=1508.10/s totalWork=7
2021-07-11 20:37:36,448 INFO  [DNFCalculating] log_result_queue_info:1472: calc#4: 排行: try_fetch_result periodly report remaining_qize=9 sync_batch_size=100 processed_result=23700, speed=1514.30/s totalWork=7
2021-07-11 20:37:36,454 INFO  [DNFCalculating] log_result_queue_info:1472: calc#4: 排行: try_fetch_result periodly report remaining_qize=6 sync_batch_size=100 processed_result=24000, speed=1532.94/s totalWork=7
2021-07-11 20:37:36,969 INFO  [DNFCalculating] log_result_queue_info:1472: calc#4: 排行: try_fetch_result_in_background remaining_qize=12 sync_batch_size=100 processed_result=24600, speed=1521.18/s totalWork=7
2021-07-11 20:37:36,971 INFO  [DNFCalculating] log_result_queue_info:1472: calc#4: 排行: try_fetch_result periodly report remaining_qize=11 sync_batch_size=100 processed_result=24700, speed=1527.14/s totalWork=7
2021-07-11 20:37:36,976 INFO  [DNFCalculating] log_result_queue_info:1472: calc#4: 排行: try_fetch_result periodly report remaining_qize=8 sync_batch_size=100 processed_result=25000, speed=1545.21/s totalWork=7
2021-07-11 20:37:37,492 INFO  [DNFCalculating] log_result_queue_info:1472: calc#4: 排行: try_fetch_result_in_background remaining_qize=11 sync_batch_size=100 processed_result=25800, speed=1545.43/s totalWork=7
2021-07-11 20:37:37,494 INFO  [DNFCalculating] log_result_queue_info:1472: calc#4: 排行: try_fetch_result periodly report remaining_qize=10 sync_batch_size=100 processed_result=25900, speed=1551.24/s totalWork=7
2021-07-11 20:37:37,496 INFO  [DNFCalculating] log_result_queue_info:1472: calc#4: 排行: try_fetch_result periodly report remaining_qize=10 sync_batch_size=100 processed_result=26000, speed=1557.04/s totalWork=7
2021-07-11 20:37:37,509 INFO  [DNFCalculating] log_result_queue_info:1472: calc#4: 排行: try_fetch_result periodly report remaining_qize=0 sync_batch_size=100 processed_result=27000, speed=1615.63/s totalWork=7
2021-07-11 20:37:38,015 INFO  [DNFCalculating] log_result_queue_info:1472: calc#4: 排行: try_fetch_result_in_background remaining_qize=13 sync_batch_size=100 processed_result=27000, speed=1568.21/s totalWork=7
2021-07-11 20:37:38,018 INFO  [DNFCalculating] log_result_queue_info:1472: calc#4: 排行: try_fetch_result periodly report remaining_qize=12 sync_batch_size=100 processed_result=27100, speed=1573.70/s totalWork=7
2021-07-11 20:37:38,033 INFO  [DNFCalculating] log_result_queue_info:1472: calc#4: 排行: try_fetch_result periodly report remaining_qize=3 sync_batch_size=100 processed_result=28000, speed=1624.56/s totalWork=7
2021-07-11 20:37:38,553 INFO  [DNFCalculating] log_result_queue_info:1472: calc#4: 排行: try_fetch_result_in_background remaining_qize=11 sync_batch_size=100 processed_result=28300, speed=1593.89/s totalWork=7
2021-07-11 20:37:38,555 INFO  [DNFCalculating] log_result_queue_info:1472: calc#4: 排行: try_fetch_result periodly report remaining_qize=10 sync_batch_size=100 processed_result=28400, speed=1599.30/s totalWork=7
2021-07-11 20:37:38,564 INFO  [DNFCalculating] log_result_queue_info:1472: calc#4: 排行: try_fetch_result periodly report remaining_qize=5 sync_batch_size=100 processed_result=29000, speed=1632.22/s totalWork=7
2021-07-11 20:37:39,076 INFO  [DNFCalculating] log_result_queue_info:1472: calc#4: 排行: try_fetch_result_in_background remaining_qize=13 sync_batch_size=100 processed_result=29500, speed=1613.96/s totalWork=7
2021-07-11 20:37:39,078 INFO  [DNFCalculating] log_result_queue_info:1472: calc#4: 排行: try_fetch_result periodly report remaining_qize=12 sync_batch_size=100 processed_result=29600, speed=1619.21/s totalWork=7
2021-07-11 20:37:39,084 INFO  [DNFCalculating] log_result_queue_info:1472: calc#4: 排行: try_fetch_result periodly report remaining_qize=8 sync_batch_size=100 processed_result=30000, speed=1640.51/s totalWork=7
2021-07-11 20:37:39,598 INFO  [DNFCalculating] log_result_queue_info:1472: calc#4: 排行: try_fetch_result_in_background remaining_qize=10 sync_batch_size=100 processed_result=30800, speed=1638.22/s totalWork=7
2021-07-11 20:37:39,600 INFO  [DNFCalculating] log_result_queue_info:1472: calc#4: 排行: try_fetch_result periodly report remaining_qize=9 sync_batch_size=100 processed_result=30900, speed=1643.37/s totalWork=7
2021-07-11 20:37:39,603 INFO  [DNFCalculating] log_result_queue_info:1472: calc#4: 排行: try_fetch_result periodly report remaining_qize=8 sync_batch_size=100 processed_result=31000, speed=1648.47/s totalWork=7
2021-07-11 20:37:40,121 INFO  [DNFCalculating] log_result_queue_info:1472: calc#4: 排行: try_fetch_result_in_background remaining_qize=14 sync_batch_size=100 processed_result=31800, speed=1645.65/s totalWork=7
2021-07-11 20:37:40,123 INFO  [DNFCalculating] log_result_queue_info:1472: calc#4: 排行: try_fetch_result periodly report remaining_qize=13 sync_batch_size=100 processed_result=31900, speed=1650.62/s totalWork=7
2021-07-11 20:37:40,125 INFO  [DNFCalculating] log_result_queue_info:1472: calc#4: 排行: try_fetch_result periodly report remaining_qize=12 sync_batch_size=100 processed_result=32000, speed=1655.62/s totalWork=7
2021-07-11 20:37:40,140 INFO  [DNFCalculating] log_result_queue_info:1472: calc#4: 排行: try_fetch_result periodly report remaining_qize=2 sync_batch_size=100 processed_result=33000, speed=1706.04/s totalWork=7
2021-07-11 20:37:40,644 INFO  [DNFCalculating] log_result_queue_info:1472: calc#4: 排行: try_fetch_result_in_background remaining_qize=12 sync_batch_size=100 processed_result=33115, speed=1668.56/s totalWork=7
2021-07-11 20:37:40,646 INFO  [DNFCalculating] log_result_queue_info:1472: calc#4: 排行: try_fetch_result periodly report remaining_qize=11 sync_batch_size=100 processed_result=33215, speed=1673.43/s totalWork=7
2021-07-11 20:37:40,659 INFO  [DNFCalculating] log_result_queue_info:1472: calc#4: 排行: try_fetch_result periodly report remaining_qize=3 sync_batch_size=100 processed_result=34015, speed=1712.63/s totalWork=7
2021-07-11 20:37:41,167 INFO  [DNFCalculating] log_result_queue_info:1472: calc#4: 排行: try_fetch_result_in_background remaining_qize=11 sync_batch_size=100 processed_result=34315, speed=1684.61/s totalWork=7
2021-07-11 20:37:41,168 INFO  [DNFCalculating] log_result_queue_info:1472: calc#4: 排行: try_fetch_result periodly report remaining_qize=10 sync_batch_size=100 processed_result=34415, speed=1689.40/s totalWork=7
2021-07-11 20:37:41,178 INFO  [DNFCalculating] log_result_queue_info:1472: calc#4: 排行: try_fetch_result periodly report remaining_qize=4 sync_batch_size=100 processed_result=35015, speed=1718.05/s totalWork=7
2021-07-11 20:37:41,689 INFO  [DNFCalculating] log_result_queue_info:1472: calc#4: 排行: try_fetch_result_in_background remaining_qize=9 sync_batch_size=100 processed_result=35415, speed=1695.15/s totalWork=7
2021-07-11 20:37:41,690 INFO  [DNFCalculating] log_result_queue_info:1472: calc#4: 排行: try_fetch_result periodly report remaining_qize=8 sync_batch_size=100 processed_result=35430, speed=1695.78/s totalWork=7
2021-07-11 20:37:41,700 INFO  [DNFCalculating] log_result_queue_info:1472: calc#4: 排行: try_fetch_result periodly report remaining_qize=2 sync_batch_size=100 processed_result=36030, speed=1723.73/s totalWork=7
2021-07-11 20:37:42,212 INFO  [DNFCalculating] log_result_queue_info:1472: calc#4: 排行: try_fetch_result_in_background remaining_qize=11 sync_batch_size=100 processed_result=36230, speed=1691.81/s totalWork=7
2021-07-11 20:37:42,215 INFO  [DNFCalculating] log_result_queue_info:1472: calc#4: 排行: try_fetch_result periodly report remaining_qize=10 sync_batch_size=100 processed_result=36330, speed=1696.30/s totalWork=7
2021-07-11 20:37:42,225 INFO  [DNFCalculating] log_result_queue_info:1472: calc#4: 排行: try_fetch_result periodly report remaining_qize=2 sync_batch_size=100 processed_result=37044, speed=1728.79/s totalWork=7
2021-07-11 20:37:42,735 INFO  [DNFCalculating] log_result_queue_info:1472: calc#4: 排行: try_fetch_result_in_background remaining_qize=8 sync_batch_size=100 processed_result=37244, speed=1697.70/s totalWork=7
2021-07-11 20:37:42,737 INFO  [DNFCalculating] log_result_queue_info:1472: calc#4: 排行: try_fetch_result periodly report remaining_qize=7 sync_batch_size=100 processed_result=37344, speed=1702.09/s totalWork=7
2021-07-11 20:37:42,748 INFO  [DNFCalculating] log_result_queue_info:1472: calc#4: 排行: try_fetch_result periodly report remaining_qize=0 sync_batch_size=100 processed_result=38044, speed=1733.14/s totalWork=7
2021-07-11 20:37:43,258 INFO  [DNFCalculating] log_result_queue_info:1472: calc#4: 排行: try_fetch_result_in_background remaining_qize=8 sync_batch_size=100 processed_result=38044, speed=1693.79/s totalWork=7
2021-07-11 20:37:43,260 INFO  [DNFCalculating] log_result_queue_info:1472: calc#4: 排行: try_fetch_result periodly report remaining_qize=7 sync_batch_size=100 processed_result=38144, speed=1698.09/s totalWork=7
2021-07-11 20:37:43,781 INFO  [DNFCalculating] log_result_queue_info:1472: calc#4: 排行: try_fetch_result_in_background remaining_qize=7 sync_batch_size=100 processed_result=38758, speed=1686.36/s totalWork=7
2021-07-11 20:37:43,782 INFO  [DNFCalculating] log_result_queue_info:1472: calc#4: 排行: try_fetch_result periodly report remaining_qize=6 sync_batch_size=100 processed_result=38858, speed=1690.57/s totalWork=7
2021-07-11 20:37:43,786 INFO  [DNFCalculating] log_result_queue_info:1472: calc#4: 排行: try_fetch_result periodly report remaining_qize=3 sync_batch_size=100 processed_result=39072, speed=1699.63/s totalWork=7
2021-07-11 20:37:44,303 INFO  [DNFCalculating] log_result_queue_info:1472: calc#4: 排行: try_fetch_result_in_background remaining_qize=4 sync_batch_size=100 processed_result=39372, speed=1674.97/s totalWork=7
2021-07-11 20:37:44,306 INFO  [DNFCalculating] log_result_queue_info:1472: calc#4: 排行: try_fetch_result periodly report remaining_qize=3 sync_batch_size=100 processed_result=39472, speed=1679.06/s totalWork=7
2021-07-11 20:37:44,745 WARNI [DNFCalculating] 计算线程:1581: 所有工作线程均已完成计算，总计用时=24.48s
2021-07-11 20:37:44,812 INFO  [DNFCalculating] log_result_queue_info:1472: calc#4: 排行: after join remaining_qize=4 sync_batch_size=100 processed_result=39686, speed=1652.60/s totalWork=7
2021-07-11 20:37:44,813 INFO  [DNFCalculating] log_result_queue_info:1472: calc#4: 排行: try_fetch_result periodly report remaining_qize=3 sync_batch_size=100 processed_result=39786, speed=1656.66/s totalWork=7
2021-07-11 20:37:44,817 INFO  [DNFCalculating] log_result_queue_info:1472: calc#4: 排行: try_fetch_result periodly report remaining_qize=0 sync_batch_size=100 processed_result=40000, speed=1665.36/s totalWork=7
2021-07-11 20:37:44,817 INFO  [DNFCalculating] log_result_queue_info:1472: calc#4: 排行: after final remaining_qize=0 sync_batch_size=100 processed_result=40000, speed=1665.30/s totalWork=7
