2021-07-14 19:52:40,429 DEBUG [urllib3.connectionpool] _new_conn:971: Starting new HTTPS connection (1): wwx.lanzoui.com:443
2021-07-14 19:52:40,788 DEBUG [urllib3.connectionpool] _make_request:452: https://wwx.lanzoui.com:443 "GET /b01bfj76f HTTP/1.1" 200 None
2021-07-14 19:52:40,811 DEBUG [urllib3.connectionpool] _new_conn:971: Starting new HTTPS connection (1): wwx.lanzoui.com:443
2021-07-14 19:52:40,988 DEBUG [urllib3.connectionpool] _make_request:452: https://wwx.lanzoui.com:443 "GET /b01bfj76f HTTP/1.1" 200 None
2021-07-14 19:52:41,011 DEBUG [urllib3.connectionpool] _new_conn:971: Starting new HTTPS connection (1): wwx.lanzoui.com:443
2021-07-14 19:52:41,230 DEBUG [urllib3.connectionpool] _make_request:452: https://wwx.lanzoui.com:443 "POST /filemoreajax.php HTTP/1.1" 200 327
2021-07-14 19:52:41,911 DEBUG [urllib3.connectionpool] _make_request:452: https://wwx.lanzoui.com:443 "POST /filemoreajax.php HTTP/1.1" 200 None
2021-07-14 19:52:42,613 DEBUG [urllib3.connectionpool] _make_request:452: https://wwx.lanzoui.com:443 "POST /filemoreajax.php HTTP/1.1" 200 None
2021-07-14 19:53:15,607 INFO  [DNFCalculating] 计算线程:1459: 开始计算
2021-07-14 19:53:16,080 INFO  [DNFCalculating] log_result_queue_info:1472: calc#1: 排行: try_fetch_result_in_background remaining_qize=0 sync_batch_size=100 processed_result=0, speed=0.00/s totalWork=0
2021-07-14 19:53:16,652 INFO  [DNFCalculating] log_result_queue_info:1472: calc#1: 排行: try_fetch_result_in_background remaining_qize=0 sync_batch_size=100 processed_result=0, speed=0.00/s totalWork=0
2021-07-14 19:53:17,203 INFO  [DNFCalculating] log_result_queue_info:1472: calc#1: 排行: try_fetch_result_in_background remaining_qize=0 sync_batch_size=100 processed_result=0, speed=0.00/s totalWork=0
2021-07-14 19:53:17,755 INFO  [DNFCalculating] log_result_queue_info:1472: calc#1: 排行: try_fetch_result_in_background remaining_qize=2 sync_batch_size=100 processed_result=0, speed=0.00/s totalWork=7
2021-07-14 19:53:18,264 INFO  [DNFCalculating] log_result_queue_info:1472: calc#1: 排行: try_fetch_result_in_background remaining_qize=5 sync_batch_size=100 processed_result=200, speed=85.64/s totalWork=7
2021-07-14 19:53:18,783 INFO  [DNFCalculating] log_result_queue_info:1472: calc#1: 排行: try_fetch_result_in_background remaining_qize=9 sync_batch_size=100 processed_result=700, speed=245.26/s totalWork=7
2021-07-14 19:53:18,785 INFO  [DNFCalculating] log_result_queue_info:1472: calc#1: 排行: try_fetch_result periodly report remaining_qize=6 sync_batch_size=100 processed_result=1000, speed=350.14/s totalWork=7
2021-07-14 19:53:19,304 INFO  [DNFCalculating] log_result_queue_info:1472: calc#1: 排行: try_fetch_result_in_background remaining_qize=12 sync_batch_size=100 processed_result=1600, speed=473.96/s totalWork=7
2021-07-14 19:53:19,305 INFO  [DNFCalculating] log_result_queue_info:1472: calc#1: 排行: try_fetch_result periodly report remaining_qize=11 sync_batch_size=100 processed_result=1700, speed=503.46/s totalWork=7
2021-07-14 19:53:19,307 INFO  [DNFCalculating] log_result_queue_info:1472: calc#1: 排行: try_fetch_result periodly report remaining_qize=8 sync_batch_size=100 processed_result=2000, speed=591.96/s totalWork=7
2021-07-14 19:53:19,822 INFO  [DNFCalculating] log_result_queue_info:1472: calc#1: 排行: try_fetch_result_in_background remaining_qize=14 sync_batch_size=100 processed_result=2800, speed=719.20/s totalWork=7
2021-07-14 19:53:19,823 INFO  [DNFCalculating] log_result_queue_info:1472: calc#1: 排行: try_fetch_result periodly report remaining_qize=13 sync_batch_size=100 processed_result=2900, speed=744.70/s totalWork=7
2021-07-14 19:53:19,824 INFO  [DNFCalculating] log_result_queue_info:1472: calc#1: 排行: try_fetch_result periodly report remaining_qize=12 sync_batch_size=100 processed_result=3000, speed=770.18/s totalWork=7
2021-07-14 19:53:19,830 INFO  [DNFCalculating] log_result_queue_info:1472: calc#1: 排行: try_fetch_result periodly report remaining_qize=2 sync_batch_size=100 processed_result=4000, speed=1025.33/s totalWork=7
2021-07-14 19:53:20,346 INFO  [DNFCalculating] log_result_queue_info:1472: calc#1: 排行: try_fetch_result_in_background remaining_qize=18 sync_batch_size=100 processed_result=4200, speed=950.86/s totalWork=7
2021-07-14 19:53:20,347 INFO  [DNFCalculating] log_result_queue_info:1472: calc#1: 排行: try_fetch_result periodly report remaining_qize=17 sync_batch_size=100 processed_result=4300, speed=973.27/s totalWork=7
2021-07-14 19:53:20,352 INFO  [DNFCalculating] log_result_queue_info:1472: calc#1: 排行: try_fetch_result periodly report remaining_qize=11 sync_batch_size=100 processed_result=5000, speed=1130.41/s totalWork=7
2021-07-14 19:53:20,358 INFO  [DNFCalculating] log_result_queue_info:1472: calc#1: 排行: try_fetch_result periodly report remaining_qize=1 sync_batch_size=100 processed_result=6000, speed=1354.47/s totalWork=7
2021-07-14 19:53:20,866 INFO  [DNFCalculating] log_result_queue_info:1472: calc#1: 排行: try_fetch_result_in_background remaining_qize=20 sync_batch_size=100 processed_result=6100, speed=1235.42/s totalWork=7
2021-07-14 19:53:20,867 INFO  [DNFCalculating] log_result_queue_info:1472: calc#1: 排行: try_fetch_result periodly report remaining_qize=19 sync_batch_size=100 processed_result=6200, speed=1255.45/s totalWork=7
2021-07-14 19:53:20,873 INFO  [DNFCalculating] log_result_queue_info:1472: calc#1: 排行: try_fetch_result periodly report remaining_qize=11 sync_batch_size=100 processed_result=7000, speed=1415.74/s totalWork=7
2021-07-14 19:53:20,879 INFO  [DNFCalculating] log_result_queue_info:1472: calc#1: 排行: try_fetch_result periodly report remaining_qize=1 sync_batch_size=100 processed_result=8000, speed=1616.03/s totalWork=7
2021-07-14 19:53:21,390 INFO  [DNFCalculating] log_result_queue_info:1472: calc#1: 排行: try_fetch_result_in_background remaining_qize=23 sync_batch_size=100 processed_result=8100, speed=1483.24/s totalWork=7
2021-07-14 19:53:21,391 INFO  [DNFCalculating] log_result_queue_info:1472: calc#1: 排行: try_fetch_result periodly report remaining_qize=22 sync_batch_size=100 processed_result=8200, speed=1501.28/s totalWork=7
2021-07-14 19:53:21,397 INFO  [DNFCalculating] log_result_queue_info:1472: calc#1: 排行: try_fetch_result periodly report remaining_qize=14 sync_batch_size=100 processed_result=9000, speed=1645.94/s totalWork=7
2021-07-14 19:53:21,404 INFO  [DNFCalculating] log_result_queue_info:1472: calc#1: 排行: try_fetch_result periodly report remaining_qize=4 sync_batch_size=100 processed_result=10000, speed=1826.49/s totalWork=7
2021-07-14 19:53:21,910 INFO  [DNFCalculating] log_result_queue_info:1472: calc#1: 排行: try_fetch_result_in_background remaining_qize=21 sync_batch_size=100 processed_result=10400, speed=1738.62/s totalWork=7
2021-07-14 19:53:21,911 INFO  [DNFCalculating] log_result_queue_info:1472: calc#1: 排行: try_fetch_result periodly report remaining_qize=20 sync_batch_size=100 processed_result=10500, speed=1755.08/s totalWork=7
2021-07-14 19:53:21,914 INFO  [DNFCalculating] log_result_queue_info:1472: calc#1: 排行: try_fetch_result periodly report remaining_qize=15 sync_batch_size=100 processed_result=11000, speed=1837.74/s totalWork=7
2021-07-14 19:53:21,922 INFO  [DNFCalculating] log_result_queue_info:1472: calc#1: 排行: try_fetch_result periodly report remaining_qize=6 sync_batch_size=100 processed_result=12000, speed=2002.14/s totalWork=7
2021-07-14 19:53:22,431 INFO  [DNFCalculating] log_result_queue_info:1472: calc#1: 排行: try_fetch_result_in_background remaining_qize=21 sync_batch_size=100 processed_result=12600, speed=1937.74/s totalWork=7
2021-07-14 19:53:22,432 INFO  [DNFCalculating] log_result_queue_info:1472: calc#1: 排行: try_fetch_result periodly report remaining_qize=20 sync_batch_size=100 processed_result=12700, speed=1952.80/s totalWork=7
2021-07-14 19:53:22,434 INFO  [DNFCalculating] log_result_queue_info:1472: calc#1: 排行: try_fetch_result periodly report remaining_qize=17 sync_batch_size=100 processed_result=13000, speed=1998.39/s totalWork=7
2021-07-14 19:53:22,441 INFO  [DNFCalculating] log_result_queue_info:1472: calc#1: 排行: try_fetch_result periodly report remaining_qize=7 sync_batch_size=100 processed_result=14000, speed=2149.81/s totalWork=7
2021-07-14 19:53:22,952 INFO  [DNFCalculating] log_result_queue_info:1472: calc#1: 排行: try_fetch_result_in_background remaining_qize=20 sync_batch_size=100 processed_result=14700, speed=2093.12/s totalWork=7
2021-07-14 19:53:22,952 INFO  [DNFCalculating] log_result_queue_info:1472: calc#1: 排行: try_fetch_result periodly report remaining_qize=19 sync_batch_size=100 processed_result=14800, speed=2107.11/s totalWork=7
2021-07-14 19:53:22,954 INFO  [DNFCalculating] log_result_queue_info:1472: calc#1: 排行: try_fetch_result periodly report remaining_qize=17 sync_batch_size=100 processed_result=15000, speed=2134.98/s totalWork=7
2021-07-14 19:53:22,961 INFO  [DNFCalculating] log_result_queue_info:1472: calc#1: 排行: try_fetch_result periodly report remaining_qize=7 sync_batch_size=100 processed_result=16000, speed=2275.05/s totalWork=7
2021-07-14 19:53:23,471 INFO  [DNFCalculating] log_result_queue_info:1472: calc#1: 排行: try_fetch_result_in_background remaining_qize=21 sync_batch_size=100 processed_result=16700, speed=2214.08/s totalWork=7
2021-07-14 19:53:23,472 INFO  [DNFCalculating] log_result_queue_info:1472: calc#1: 排行: try_fetch_result periodly report remaining_qize=20 sync_batch_size=100 processed_result=16800, speed=2227.10/s totalWork=7
2021-07-14 19:53:23,474 INFO  [DNFCalculating] log_result_queue_info:1472: calc#1: 排行: try_fetch_result periodly report remaining_qize=18 sync_batch_size=100 processed_result=17000, speed=2253.02/s totalWork=7
2021-07-14 19:53:23,481 INFO  [DNFCalculating] log_result_queue_info:1472: calc#1: 排行: try_fetch_result periodly report remaining_qize=8 sync_batch_size=100 processed_result=18000, speed=2383.34/s totalWork=7
2021-07-14 19:53:23,992 INFO  [DNFCalculating] log_result_queue_info:1472: calc#1: 排行: try_fetch_result_in_background remaining_qize=21 sync_batch_size=100 processed_result=18800, speed=2331.58/s totalWork=7
2021-07-14 19:53:23,993 INFO  [DNFCalculating] log_result_queue_info:1472: calc#1: 排行: try_fetch_result periodly report remaining_qize=20 sync_batch_size=100 processed_result=18900, speed=2343.63/s totalWork=7
2021-07-14 19:53:23,994 INFO  [DNFCalculating] log_result_queue_info:1472: calc#1: 排行: try_fetch_result periodly report remaining_qize=19 sync_batch_size=100 processed_result=19000, speed=2355.84/s totalWork=7
2021-07-14 19:53:24,001 INFO  [DNFCalculating] log_result_queue_info:1472: calc#1: 排行: try_fetch_result periodly report remaining_qize=9 sync_batch_size=100 processed_result=20000, speed=2477.69/s totalWork=7
2021-07-14 19:53:24,511 INFO  [DNFCalculating] log_result_queue_info:1472: calc#1: 排行: try_fetch_result_in_background remaining_qize=21 sync_batch_size=100 processed_result=20900, speed=2435.12/s totalWork=7
2021-07-14 19:53:24,512 INFO  [DNFCalculating] log_result_queue_info:1472: calc#1: 排行: try_fetch_result periodly report remaining_qize=20 sync_batch_size=100 processed_result=21000, speed=2446.51/s totalWork=7
2021-07-14 19:53:24,519 INFO  [DNFCalculating] log_result_queue_info:1472: calc#1: 排行: try_fetch_result periodly report remaining_qize=10 sync_batch_size=100 processed_result=22000, speed=2560.92/s totalWork=7
2021-07-14 19:53:24,526 INFO  [DNFCalculating] log_result_queue_info:1472: calc#1: 排行: try_fetch_result periodly report remaining_qize=0 sync_batch_size=100 processed_result=23000, speed=2675.16/s totalWork=7
2021-07-14 19:53:25,032 INFO  [DNFCalculating] log_result_queue_info:1472: calc#1: 排行: try_fetch_result_in_background remaining_qize=20 sync_batch_size=100 processed_result=23000, speed=2526.43/s totalWork=7
2021-07-14 19:53:25,033 INFO  [DNFCalculating] log_result_queue_info:1472: calc#1: 排行: try_fetch_result periodly report remaining_qize=19 sync_batch_size=100 processed_result=23100, speed=2537.27/s totalWork=7
2021-07-14 19:53:25,040 INFO  [DNFCalculating] log_result_queue_info:1472: calc#1: 排行: try_fetch_result periodly report remaining_qize=11 sync_batch_size=100 processed_result=24000, speed=2634.11/s totalWork=7
2021-07-14 19:53:25,047 INFO  [DNFCalculating] log_result_queue_info:1472: calc#1: 排行: try_fetch_result periodly report remaining_qize=1 sync_batch_size=100 processed_result=25000, speed=2741.76/s totalWork=7
2021-07-14 19:53:25,556 INFO  [DNFCalculating] log_result_queue_info:1472: calc#1: 排行: try_fetch_result_in_background remaining_qize=17 sync_batch_size=100 processed_result=25100, speed=2607.24/s totalWork=7
2021-07-14 19:53:25,557 INFO  [DNFCalculating] log_result_queue_info:1472: calc#1: 排行: try_fetch_result periodly report remaining_qize=16 sync_batch_size=100 processed_result=25200, speed=2617.40/s totalWork=7
2021-07-14 19:53:25,563 INFO  [DNFCalculating] log_result_queue_info:1472: calc#1: 排行: try_fetch_result periodly report remaining_qize=8 sync_batch_size=100 processed_result=26000, speed=2698.82/s totalWork=7
2021-07-14 19:53:26,076 INFO  [DNFCalculating] log_result_queue_info:1472: calc#1: 排行: try_fetch_result_in_background remaining_qize=20 sync_batch_size=100 processed_result=26800, speed=2641.00/s totalWork=7
2021-07-14 19:53:26,077 INFO  [DNFCalculating] log_result_queue_info:1472: calc#1: 排行: try_fetch_result periodly report remaining_qize=19 sync_batch_size=100 processed_result=26900, speed=2650.64/s totalWork=7
2021-07-14 19:53:26,078 INFO  [DNFCalculating] log_result_queue_info:1472: calc#1: 排行: try_fetch_result periodly report remaining_qize=18 sync_batch_size=100 processed_result=27000, speed=2660.24/s totalWork=7
2021-07-14 19:53:26,086 INFO  [DNFCalculating] log_result_queue_info:1472: calc#1: 排行: try_fetch_result periodly report remaining_qize=8 sync_batch_size=100 processed_result=28000, speed=2756.60/s totalWork=7
2021-07-14 19:53:26,629 INFO  [DNFCalculating] log_result_queue_info:1472: calc#1: 排行: try_fetch_result_in_background remaining_qize=20 sync_batch_size=100 processed_result=28800, speed=2691.55/s totalWork=7
2021-07-14 19:53:26,630 INFO  [DNFCalculating] log_result_queue_info:1472: calc#1: 排行: try_fetch_result periodly report remaining_qize=20 sync_batch_size=100 processed_result=28900, speed=2700.68/s totalWork=7
2021-07-14 19:53:26,631 INFO  [DNFCalculating] log_result_queue_info:1472: calc#1: 排行: try_fetch_result periodly report remaining_qize=19 sync_batch_size=100 processed_result=29000, speed=2709.77/s totalWork=7
2021-07-14 19:53:26,639 INFO  [DNFCalculating] log_result_queue_info:1472: calc#1: 排行: try_fetch_result periodly report remaining_qize=9 sync_batch_size=100 processed_result=30000, speed=2801.13/s totalWork=7
2021-07-14 19:53:27,151 INFO  [DNFCalculating] log_result_queue_info:1472: calc#1: 排行: try_fetch_result_in_background remaining_qize=19 sync_batch_size=100 processed_result=30900, speed=2753.33/s totalWork=7
2021-07-14 19:53:27,152 INFO  [DNFCalculating] log_result_queue_info:1472: calc#1: 排行: try_fetch_result periodly report remaining_qize=18 sync_batch_size=100 processed_result=31000, speed=2762.04/s totalWork=7
2021-07-14 19:53:27,160 INFO  [DNFCalculating] log_result_queue_info:1472: calc#1: 排行: try_fetch_result periodly report remaining_qize=8 sync_batch_size=100 processed_result=32000, speed=2849.11/s totalWork=7
2021-07-14 19:53:27,675 INFO  [DNFCalculating] log_result_queue_info:1472: calc#1: 排行: try_fetch_result_in_background remaining_qize=17 sync_batch_size=100 processed_result=32900, speed=2800.85/s totalWork=7
2021-07-14 19:53:27,676 INFO  [DNFCalculating] log_result_queue_info:1472: calc#1: 排行: try_fetch_result periodly report remaining_qize=16 sync_batch_size=100 processed_result=33000, speed=2809.18/s totalWork=7
2021-07-14 19:53:27,684 INFO  [DNFCalculating] log_result_queue_info:1472: calc#1: 排行: try_fetch_result periodly report remaining_qize=6 sync_batch_size=100 processed_result=34000, speed=2892.34/s totalWork=7
2021-07-14 19:53:28,195 INFO  [DNFCalculating] log_result_queue_info:1472: calc#1: 排行: try_fetch_result_in_background remaining_qize=19 sync_batch_size=100 processed_result=34600, speed=2820.81/s totalWork=7
2021-07-14 19:53:28,195 INFO  [DNFCalculating] log_result_queue_info:1472: calc#1: 排行: try_fetch_result periodly report remaining_qize=18 sync_batch_size=100 processed_result=34700, speed=2828.77/s totalWork=7
2021-07-14 19:53:28,198 INFO  [DNFCalculating] log_result_queue_info:1472: calc#1: 排行: try_fetch_result periodly report remaining_qize=15 sync_batch_size=100 processed_result=35000, speed=2852.53/s totalWork=7
2021-07-14 19:53:28,206 INFO  [DNFCalculating] log_result_queue_info:1472: calc#1: 排行: try_fetch_result periodly report remaining_qize=5 sync_batch_size=100 processed_result=36000, speed=2932.36/s totalWork=7
2021-07-14 19:53:28,714 INFO  [DNFCalculating] log_result_queue_info:1472: calc#1: 排行: try_fetch_result_in_background remaining_qize=17 sync_batch_size=100 processed_result=36500, speed=2854.78/s totalWork=7
2021-07-14 19:53:28,715 INFO  [DNFCalculating] log_result_queue_info:1472: calc#1: 排行: try_fetch_result periodly report remaining_qize=16 sync_batch_size=100 processed_result=36600, speed=2862.41/s totalWork=7
2021-07-14 19:53:28,718 INFO  [DNFCalculating] log_result_queue_info:1472: calc#1: 排行: try_fetch_result periodly report remaining_qize=12 sync_batch_size=100 processed_result=37000, speed=2893.02/s totalWork=7
2021-07-14 19:53:28,727 INFO  [DNFCalculating] log_result_queue_info:1472: calc#1: 排行: try_fetch_result periodly report remaining_qize=3 sync_batch_size=100 processed_result=38000, speed=2969.12/s totalWork=7
2021-07-14 19:53:29,233 INFO  [DNFCalculating] log_result_queue_info:1472: calc#1: 排行: try_fetch_result_in_background remaining_qize=17 sync_batch_size=100 processed_result=38300, speed=2878.80/s totalWork=7
2021-07-14 19:53:29,234 INFO  [DNFCalculating] log_result_queue_info:1472: calc#1: 排行: try_fetch_result periodly report remaining_qize=16 sync_batch_size=100 processed_result=38400, speed=2886.12/s totalWork=7
2021-07-14 19:53:29,239 INFO  [DNFCalculating] log_result_queue_info:1472: calc#1: 排行: try_fetch_result periodly report remaining_qize=10 sync_batch_size=100 processed_result=39000, speed=2930.12/s totalWork=7
2021-07-14 19:53:29,247 INFO  [DNFCalculating] log_result_queue_info:1472: calc#1: 排行: try_fetch_result periodly report remaining_qize=0 sync_batch_size=100 processed_result=40000, speed=3003.45/s totalWork=7
2021-07-14 19:53:29,751 INFO  [DNFCalculating] log_result_queue_info:1472: calc#1: 排行: try_fetch_result_in_background remaining_qize=19 sync_batch_size=100 processed_result=40000, speed=2893.79/s totalWork=7
2021-07-14 19:53:29,752 INFO  [DNFCalculating] log_result_queue_info:1472: calc#1: 排行: try_fetch_result periodly report remaining_qize=18 sync_batch_size=100 processed_result=40100, speed=2900.83/s totalWork=7
2021-07-14 19:53:29,759 INFO  [DNFCalculating] log_result_queue_info:1472: calc#1: 排行: try_fetch_result periodly report remaining_qize=9 sync_batch_size=100 processed_result=41000, speed=2964.44/s totalWork=7
2021-07-14 19:53:30,271 INFO  [DNFCalculating] log_result_queue_info:1472: calc#1: 排行: try_fetch_result_in_background remaining_qize=15 sync_batch_size=100 processed_result=41900, speed=2921.39/s totalWork=7
2021-07-14 19:53:30,272 INFO  [DNFCalculating] log_result_queue_info:1472: calc#1: 排行: try_fetch_result periodly report remaining_qize=14 sync_batch_size=100 processed_result=42000, speed=2928.21/s totalWork=7
2021-07-14 19:53:30,280 INFO  [DNFCalculating] log_result_queue_info:1472: calc#1: 排行: try_fetch_result periodly report remaining_qize=5 sync_batch_size=100 processed_result=43000, speed=2996.26/s totalWork=7
2021-07-14 19:53:30,793 INFO  [DNFCalculating] log_result_queue_info:1472: calc#1: 排行: try_fetch_result_in_background remaining_qize=17 sync_batch_size=100 processed_result=43500, speed=2926.53/s totalWork=7
2021-07-14 19:53:30,794 INFO  [DNFCalculating] log_result_queue_info:1472: calc#1: 排行: try_fetch_result periodly report remaining_qize=16 sync_batch_size=100 processed_result=43600, speed=2933.09/s totalWork=7
2021-07-14 19:53:30,797 INFO  [DNFCalculating] log_result_queue_info:1472: calc#1: 排行: try_fetch_result periodly report remaining_qize=12 sync_batch_size=100 processed_result=44000, speed=2959.21/s totalWork=7
2021-07-14 19:53:30,804 INFO  [DNFCalculating] log_result_queue_info:1472: calc#1: 排行: try_fetch_result periodly report remaining_qize=3 sync_batch_size=100 processed_result=45000, speed=3025.04/s totalWork=7
2021-07-14 19:53:31,315 INFO  [DNFCalculating] log_result_queue_info:1472: calc#1: 排行: try_fetch_result_in_background remaining_qize=15 sync_batch_size=100 processed_result=45300, speed=2944.14/s totalWork=7
2021-07-14 19:53:31,316 INFO  [DNFCalculating] log_result_queue_info:1472: calc#1: 排行: try_fetch_result periodly report remaining_qize=14 sync_batch_size=100 processed_result=45400, speed=2950.45/s totalWork=7
2021-07-14 19:53:31,321 INFO  [DNFCalculating] log_result_queue_info:1472: calc#1: 排行: try_fetch_result periodly report remaining_qize=9 sync_batch_size=100 processed_result=46000, speed=2988.48/s totalWork=7
2021-07-14 19:53:31,836 INFO  [DNFCalculating] log_result_queue_info:1472: calc#1: 排行: try_fetch_result_in_background remaining_qize=17 sync_batch_size=100 processed_result=46900, speed=2948.34/s totalWork=7
2021-07-14 19:53:31,837 INFO  [DNFCalculating] log_result_queue_info:1472: calc#1: 排行: try_fetch_result periodly report remaining_qize=16 sync_batch_size=100 processed_result=47000, speed=2954.47/s totalWork=7
2021-07-14 19:53:31,845 INFO  [DNFCalculating] log_result_queue_info:1472: calc#1: 排行: try_fetch_result periodly report remaining_qize=6 sync_batch_size=100 processed_result=48000, speed=3015.82/s totalWork=7
2021-07-14 19:53:32,359 INFO  [DNFCalculating] log_result_queue_info:1472: calc#1: 排行: try_fetch_result_in_background remaining_qize=17 sync_batch_size=100 processed_result=48700, speed=2963.94/s totalWork=7
2021-07-14 19:53:32,360 INFO  [DNFCalculating] log_result_queue_info:1472: calc#1: 排行: try_fetch_result periodly report remaining_qize=16 sync_batch_size=100 processed_result=48800, speed=2969.87/s totalWork=7
2021-07-14 19:53:32,362 INFO  [DNFCalculating] log_result_queue_info:1472: calc#1: 排行: try_fetch_result periodly report remaining_qize=14 sync_batch_size=100 processed_result=49000, speed=2981.68/s totalWork=7
2021-07-14 19:53:32,371 INFO  [DNFCalculating] log_result_queue_info:1472: calc#1: 排行: try_fetch_result periodly report remaining_qize=4 sync_batch_size=100 processed_result=50000, speed=3040.87/s totalWork=7
2021-07-14 19:53:32,877 INFO  [DNFCalculating] log_result_queue_info:1472: calc#1: 排行: try_fetch_result_in_background remaining_qize=14 sync_batch_size=100 processed_result=50400, speed=2973.75/s totalWork=7
2021-07-14 19:53:32,878 INFO  [DNFCalculating] log_result_queue_info:1472: calc#1: 排行: try_fetch_result periodly report remaining_qize=13 sync_batch_size=100 processed_result=50500, speed=2979.48/s totalWork=7
2021-07-14 19:53:32,883 INFO  [DNFCalculating] log_result_queue_info:1472: calc#1: 排行: try_fetch_result periodly report remaining_qize=8 sync_batch_size=100 processed_result=51000, speed=3008.27/s totalWork=7
2021-07-14 19:53:33,394 INFO  [DNFCalculating] log_result_queue_info:1472: calc#1: 排行: try_fetch_result_in_background remaining_qize=16 sync_batch_size=100 processed_result=51900, speed=2971.65/s totalWork=7
2021-07-14 19:53:33,395 INFO  [DNFCalculating] log_result_queue_info:1472: calc#1: 排行: try_fetch_result periodly report remaining_qize=15 sync_batch_size=100 processed_result=52000, speed=2977.23/s totalWork=7
2021-07-14 19:53:33,403 INFO  [DNFCalculating] log_result_queue_info:1472: calc#1: 排行: try_fetch_result periodly report remaining_qize=5 sync_batch_size=100 processed_result=53000, speed=3033.10/s totalWork=7
2021-07-14 19:53:33,911 INFO  [DNFCalculating] log_result_queue_info:1472: calc#1: 排行: try_fetch_result_in_background remaining_qize=14 sync_batch_size=100 processed_result=53700, speed=2986.20/s totalWork=7
2021-07-14 19:53:33,913 INFO  [DNFCalculating] log_result_queue_info:1472: calc#1: 排行: try_fetch_result periodly report remaining_qize=13 sync_batch_size=100 processed_result=53800, speed=2991.61/s totalWork=7
2021-07-14 19:53:33,914 INFO  [DNFCalculating] log_result_queue_info:1472: calc#1: 排行: try_fetch_result periodly report remaining_qize=11 sync_batch_size=100 processed_result=54000, speed=3002.40/s totalWork=7
2021-07-14 19:53:33,923 INFO  [DNFCalculating] log_result_queue_info:1472: calc#1: 排行: try_fetch_result periodly report remaining_qize=1 sync_batch_size=100 processed_result=55000, speed=3056.49/s totalWork=7
2021-07-14 19:53:34,433 INFO  [DNFCalculating] log_result_queue_info:1472: calc#1: 排行: try_fetch_result_in_background remaining_qize=15 sync_batch_size=100 processed_result=55100, speed=2977.69/s totalWork=7
2021-07-14 19:53:34,434 INFO  [DNFCalculating] log_result_queue_info:1472: calc#1: 排行: try_fetch_result periodly report remaining_qize=14 sync_batch_size=100 processed_result=55200, speed=2982.96/s totalWork=7
2021-07-14 19:53:34,441 INFO  [DNFCalculating] log_result_queue_info:1472: calc#1: 排行: try_fetch_result periodly report remaining_qize=6 sync_batch_size=100 processed_result=56000, speed=3025.05/s totalWork=7
2021-07-14 19:53:34,955 INFO  [DNFCalculating] log_result_queue_info:1472: calc#1: 排行: try_fetch_result_in_background remaining_qize=14 sync_batch_size=100 processed_result=56700, speed=2980.15/s totalWork=7
2021-07-14 19:53:34,955 INFO  [DNFCalculating] log_result_queue_info:1472: calc#1: 排行: try_fetch_result periodly report remaining_qize=13 sync_batch_size=100 processed_result=56800, speed=2985.27/s totalWork=7
2021-07-14 19:53:34,957 INFO  [DNFCalculating] log_result_queue_info:1472: calc#1: 排行: try_fetch_result periodly report remaining_qize=11 sync_batch_size=100 processed_result=57000, speed=2995.47/s totalWork=7
2021-07-14 19:53:34,966 INFO  [DNFCalculating] log_result_queue_info:1472: calc#1: 排行: try_fetch_result periodly report remaining_qize=1 sync_batch_size=100 processed_result=58000, speed=3046.59/s totalWork=7
2021-07-14 19:53:35,474 INFO  [DNFCalculating] log_result_queue_info:1472: calc#1: 排行: try_fetch_result_in_background remaining_qize=14 sync_batch_size=100 processed_result=58100, speed=2972.55/s totalWork=7
2021-07-14 19:53:35,475 INFO  [DNFCalculating] log_result_queue_info:1472: calc#1: 排行: try_fetch_result periodly report remaining_qize=13 sync_batch_size=100 processed_result=58200, speed=2977.54/s totalWork=7
2021-07-14 19:53:35,483 INFO  [DNFCalculating] log_result_queue_info:1472: calc#1: 排行: try_fetch_result periodly report remaining_qize=5 sync_batch_size=100 processed_result=59000, speed=3017.24/s totalWork=7
2021-07-14 19:53:35,991 INFO  [DNFCalculating] log_result_queue_info:1472: calc#1: 排行: try_fetch_result_in_background remaining_qize=14 sync_batch_size=100 processed_result=59500, speed=2965.79/s totalWork=7
2021-07-14 19:53:35,992 INFO  [DNFCalculating] log_result_queue_info:1472: calc#1: 排行: try_fetch_result periodly report remaining_qize=13 sync_batch_size=100 processed_result=59600, speed=2970.65/s totalWork=7
2021-07-14 19:53:35,996 INFO  [DNFCalculating] log_result_queue_info:1472: calc#1: 排行: try_fetch_result periodly report remaining_qize=9 sync_batch_size=100 processed_result=60000, speed=2989.99/s totalWork=7
2021-07-14 19:53:36,514 INFO  [DNFCalculating] log_result_queue_info:1472: calc#1: 排行: try_fetch_result_in_background remaining_qize=14 sync_batch_size=100 processed_result=60900, speed=2958.36/s totalWork=7
2021-07-14 19:53:36,515 INFO  [DNFCalculating] log_result_queue_info:1472: calc#1: 排行: try_fetch_result periodly report remaining_qize=13 sync_batch_size=100 processed_result=61000, speed=2963.10/s totalWork=7
2021-07-14 19:53:36,525 INFO  [DNFCalculating] log_result_queue_info:1472: calc#1: 排行: try_fetch_result periodly report remaining_qize=3 sync_batch_size=100 processed_result=62000, speed=3010.24/s totalWork=7
2021-07-14 19:53:37,036 INFO  [DNFCalculating] log_result_queue_info:1472: calc#1: 排行: try_fetch_result_in_background remaining_qize=17 sync_batch_size=100 processed_result=62300, speed=2951.57/s totalWork=7
2021-07-14 19:53:37,037 INFO  [DNFCalculating] log_result_queue_info:1472: calc#1: 排行: try_fetch_result periodly report remaining_qize=16 sync_batch_size=100 processed_result=62400, speed=2956.20/s totalWork=7
2021-07-14 19:53:37,043 INFO  [DNFCalculating] log_result_queue_info:1472: calc#1: 排行: try_fetch_result periodly report remaining_qize=10 sync_batch_size=100 processed_result=63000, speed=2983.78/s totalWork=7
2021-07-14 19:53:37,052 INFO  [DNFCalculating] log_result_queue_info:1472: calc#1: 排行: try_fetch_result periodly report remaining_qize=0 sync_batch_size=100 processed_result=64000, speed=3029.86/s totalWork=7
2021-07-14 19:53:37,560 INFO  [DNFCalculating] log_result_queue_info:1472: calc#1: 排行: try_fetch_result_in_background remaining_qize=14 sync_batch_size=100 processed_result=64000, speed=2958.72/s totalWork=7
2021-07-14 19:53:37,560 INFO  [DNFCalculating] log_result_queue_info:1472: calc#1: 排行: try_fetch_result periodly report remaining_qize=13 sync_batch_size=100 processed_result=64100, speed=2963.24/s totalWork=7
2021-07-14 19:53:37,569 INFO  [DNFCalculating] log_result_queue_info:1472: calc#1: 排行: try_fetch_result periodly report remaining_qize=4 sync_batch_size=100 processed_result=65000, speed=3003.60/s totalWork=7
2021-07-14 19:53:38,079 INFO  [DNFCalculating] log_result_queue_info:1472: calc#1: 排行: try_fetch_result_in_background remaining_qize=15 sync_batch_size=100 processed_result=65500, speed=2957.06/s totalWork=7
2021-07-14 19:53:38,081 INFO  [DNFCalculating] log_result_queue_info:1472: calc#1: 排行: try_fetch_result periodly report remaining_qize=14 sync_batch_size=100 processed_result=65600, speed=2961.31/s totalWork=7
2021-07-14 19:53:38,084 INFO  [DNFCalculating] log_result_queue_info:1472: calc#1: 排行: try_fetch_result periodly report remaining_qize=10 sync_batch_size=100 processed_result=66000, speed=2978.96/s totalWork=7
2021-07-14 19:53:38,093 INFO  [DNFCalculating] log_result_queue_info:1472: calc#1: 排行: try_fetch_result periodly report remaining_qize=0 sync_batch_size=100 processed_result=67000, speed=3022.87/s totalWork=7
2021-07-14 19:53:38,602 INFO  [DNFCalculating] log_result_queue_info:1472: calc#1: 排行: try_fetch_result_in_background remaining_qize=15 sync_batch_size=100 processed_result=67000, speed=2955.03/s totalWork=7
2021-07-14 19:53:38,603 INFO  [DNFCalculating] log_result_queue_info:1472: calc#1: 排行: try_fetch_result periodly report remaining_qize=14 sync_batch_size=100 processed_result=67100, speed=2959.34/s totalWork=7
2021-07-14 19:53:38,612 INFO  [DNFCalculating] log_result_queue_info:1472: calc#1: 排行: try_fetch_result periodly report remaining_qize=5 sync_batch_size=100 processed_result=68000, speed=2997.85/s totalWork=7
2021-07-14 19:53:39,122 INFO  [DNFCalculating] log_result_queue_info:1472: calc#1: 排行: try_fetch_result_in_background remaining_qize=14 sync_batch_size=100 processed_result=68500, speed=2953.38/s totalWork=7
2021-07-14 19:53:39,123 INFO  [DNFCalculating] log_result_queue_info:1472: calc#1: 排行: try_fetch_result periodly report remaining_qize=13 sync_batch_size=100 processed_result=68600, speed=2957.59/s totalWork=7
2021-07-14 19:53:39,127 INFO  [DNFCalculating] log_result_queue_info:1472: calc#1: 排行: try_fetch_result periodly report remaining_qize=9 sync_batch_size=100 processed_result=69000, speed=2974.32/s totalWork=7
2021-07-14 19:53:39,643 INFO  [DNFCalculating] log_result_queue_info:1472: calc#1: 排行: try_fetch_result_in_background remaining_qize=14 sync_batch_size=100 processed_result=69900, speed=2947.60/s totalWork=7
2021-07-14 19:53:39,644 INFO  [DNFCalculating] log_result_queue_info:1472: calc#1: 排行: try_fetch_result periodly report remaining_qize=13 sync_batch_size=100 processed_result=70000, speed=2951.70/s totalWork=7
2021-07-14 19:53:39,654 INFO  [DNFCalculating] log_result_queue_info:1472: calc#1: 排行: try_fetch_result periodly report remaining_qize=3 sync_batch_size=100 processed_result=71000, speed=2992.60/s totalWork=7
2021-07-14 19:53:40,165 INFO  [DNFCalculating] log_result_queue_info:1472: calc#1: 排行: try_fetch_result_in_background remaining_qize=15 sync_batch_size=100 processed_result=71300, speed=2941.91/s totalWork=7
2021-07-14 19:53:40,165 INFO  [DNFCalculating] log_result_queue_info:1472: calc#1: 排行: try_fetch_result periodly report remaining_qize=14 sync_batch_size=100 processed_result=71400, speed=2945.94/s totalWork=7
2021-07-14 19:53:40,171 INFO  [DNFCalculating] log_result_queue_info:1472: calc#1: 排行: try_fetch_result periodly report remaining_qize=8 sync_batch_size=100 processed_result=72000, speed=2969.96/s totalWork=7
2021-07-14 19:53:40,687 INFO  [DNFCalculating] log_result_queue_info:1472: calc#1: 排行: try_fetch_result_in_background remaining_qize=14 sync_batch_size=100 processed_result=72800, speed=2940.39/s totalWork=7
2021-07-14 19:53:40,688 INFO  [DNFCalculating] log_result_queue_info:1472: calc#1: 排行: try_fetch_result periodly report remaining_qize=13 sync_batch_size=100 processed_result=72900, speed=2944.34/s totalWork=7
2021-07-14 19:53:40,690 INFO  [DNFCalculating] log_result_queue_info:1472: calc#1: 排行: try_fetch_result periodly report remaining_qize=12 sync_batch_size=100 processed_result=73000, speed=2948.14/s totalWork=7
2021-07-14 19:53:40,699 INFO  [DNFCalculating] log_result_queue_info:1472: calc#1: 排行: try_fetch_result periodly report remaining_qize=2 sync_batch_size=100 processed_result=74000, speed=2987.44/s totalWork=7
2021-07-14 19:53:41,210 INFO  [DNFCalculating] log_result_queue_info:1472: calc#1: 排行: try_fetch_result_in_background remaining_qize=14 sync_batch_size=100 processed_result=74200, speed=2934.99/s totalWork=7
2021-07-14 19:53:41,211 INFO  [DNFCalculating] log_result_queue_info:1472: calc#1: 排行: try_fetch_result periodly report remaining_qize=13 sync_batch_size=100 processed_result=74300, speed=2938.85/s totalWork=7
2021-07-14 19:53:41,217 INFO  [DNFCalculating] log_result_queue_info:1472: calc#1: 排行: try_fetch_result periodly report remaining_qize=6 sync_batch_size=100 processed_result=75000, speed=2965.84/s totalWork=7
2021-07-14 19:53:41,733 INFO  [DNFCalculating] log_result_queue_info:1472: calc#1: 排行: try_fetch_result_in_background remaining_qize=13 sync_batch_size=100 processed_result=75600, speed=2929.69/s totalWork=7
2021-07-14 19:53:41,734 INFO  [DNFCalculating] log_result_queue_info:1472: calc#1: 排行: try_fetch_result periodly report remaining_qize=12 sync_batch_size=100 processed_result=75700, speed=2933.47/s totalWork=7
2021-07-14 19:53:41,738 INFO  [DNFCalculating] log_result_queue_info:1472: calc#1: 排行: try_fetch_result periodly report remaining_qize=9 sync_batch_size=100 processed_result=76000, speed=2944.64/s totalWork=7
2021-07-14 19:53:41,747 INFO  [DNFCalculating] log_result_queue_info:1472: calc#1: 排行: try_fetch_result periodly report remaining_qize=0 sync_batch_size=100 processed_result=77000, speed=2982.35/s totalWork=7
2021-07-14 19:53:42,249 INFO  [DNFCalculating] log_result_queue_info:1472: calc#1: 排行: try_fetch_result_in_background remaining_qize=11 sync_batch_size=100 processed_result=77000, speed=2925.49/s totalWork=7
2021-07-14 19:53:42,250 INFO  [DNFCalculating] log_result_queue_info:1472: calc#1: 排行: try_fetch_result periodly report remaining_qize=10 sync_batch_size=100 processed_result=77100, speed=2929.19/s totalWork=7
2021-07-14 19:53:42,258 INFO  [DNFCalculating] log_result_queue_info:1472: calc#1: 排行: try_fetch_result periodly report remaining_qize=2 sync_batch_size=100 processed_result=78000, speed=2962.47/s totalWork=7
2021-07-14 19:53:42,769 INFO  [DNFCalculating] log_result_queue_info:1472: calc#1: 排行: try_fetch_result_in_background remaining_qize=14 sync_batch_size=100 processed_result=78200, speed=2913.56/s totalWork=7
2021-07-14 19:53:42,769 INFO  [DNFCalculating] log_result_queue_info:1472: calc#1: 排行: try_fetch_result periodly report remaining_qize=13 sync_batch_size=100 processed_result=78300, speed=2917.20/s totalWork=7
2021-07-14 19:53:42,776 INFO  [DNFCalculating] log_result_queue_info:1472: calc#1: 排行: try_fetch_result periodly report remaining_qize=6 sync_batch_size=100 processed_result=79000, speed=2942.51/s totalWork=7
2021-07-14 19:53:43,290 INFO  [DNFCalculating] log_result_queue_info:1472: calc#1: 排行: try_fetch_result_in_background remaining_qize=14 sync_batch_size=100 processed_result=79600, speed=2909.19/s totalWork=7
2021-07-14 19:53:43,291 INFO  [DNFCalculating] log_result_queue_info:1472: calc#1: 排行: try_fetch_result periodly report remaining_qize=13 sync_batch_size=100 processed_result=79700, speed=2912.75/s totalWork=7
2021-07-14 19:53:43,295 INFO  [DNFCalculating] log_result_queue_info:1472: calc#1: 排行: try_fetch_result periodly report remaining_qize=10 sync_batch_size=100 processed_result=80000, speed=2923.33/s totalWork=7
2021-07-14 19:53:43,303 INFO  [DNFCalculating] log_result_queue_info:1472: calc#1: 排行: try_fetch_result periodly report remaining_qize=0 sync_batch_size=100 processed_result=81000, speed=2958.97/s totalWork=7
2021-07-14 19:53:43,812 INFO  [DNFCalculating] log_result_queue_info:1472: calc#1: 排行: try_fetch_result_in_background remaining_qize=14 sync_batch_size=100 processed_result=81000, speed=2904.97/s totalWork=7
2021-07-14 19:53:43,813 INFO  [DNFCalculating] log_result_queue_info:1472: calc#1: 排行: try_fetch_result periodly report remaining_qize=13 sync_batch_size=100 processed_result=81100, speed=2908.48/s totalWork=7
2021-07-14 19:53:43,822 INFO  [DNFCalculating] log_result_queue_info:1472: calc#1: 排行: try_fetch_result periodly report remaining_qize=4 sync_batch_size=100 processed_result=82000, speed=2939.80/s totalWork=7
2021-07-14 19:53:44,330 INFO  [DNFCalculating] log_result_queue_info:1472: calc#1: 排行: try_fetch_result_in_background remaining_qize=12 sync_batch_size=100 processed_result=82400, speed=2901.23/s totalWork=7
2021-07-14 19:53:44,331 INFO  [DNFCalculating] log_result_queue_info:1472: calc#1: 排行: try_fetch_result periodly report remaining_qize=11 sync_batch_size=100 processed_result=82500, speed=2904.66/s totalWork=7
2021-07-14 19:53:44,337 INFO  [DNFCalculating] log_result_queue_info:1472: calc#1: 排行: try_fetch_result periodly report remaining_qize=6 sync_batch_size=100 processed_result=83000, speed=2921.65/s totalWork=7
2021-07-14 19:53:44,848 INFO  [DNFCalculating] log_result_queue_info:1472: calc#1: 排行: try_fetch_result_in_background remaining_qize=14 sync_batch_size=100 processed_result=83600, speed=2890.79/s totalWork=7
2021-07-14 19:53:44,850 INFO  [DNFCalculating] log_result_queue_info:1472: calc#1: 排行: try_fetch_result periodly report remaining_qize=13 sync_batch_size=100 processed_result=83700, speed=2894.07/s totalWork=7
2021-07-14 19:53:44,853 INFO  [DNFCalculating] log_result_queue_info:1472: calc#1: 排行: try_fetch_result periodly report remaining_qize=10 sync_batch_size=100 processed_result=84000, speed=2904.14/s totalWork=7
2021-07-14 19:53:44,862 INFO  [DNFCalculating] log_result_queue_info:1472: calc#1: 排行: try_fetch_result periodly report remaining_qize=0 sync_batch_size=100 processed_result=85000, speed=2937.80/s totalWork=7
2021-07-14 19:53:45,368 INFO  [DNFCalculating] log_result_queue_info:1472: calc#1: 排行: try_fetch_result_in_background remaining_qize=11 sync_batch_size=100 processed_result=85000, speed=2887.32/s totalWork=7
2021-07-14 19:53:45,370 INFO  [DNFCalculating] log_result_queue_info:1472: calc#1: 排行: try_fetch_result periodly report remaining_qize=11 sync_batch_size=100 processed_result=85100, speed=2890.53/s totalWork=7
2021-07-14 19:53:45,378 INFO  [DNFCalculating] log_result_queue_info:1472: calc#1: 排行: try_fetch_result periodly report remaining_qize=2 sync_batch_size=100 processed_result=86000, speed=2920.32/s totalWork=7
2021-07-14 19:53:45,890 INFO  [DNFCalculating] log_result_queue_info:1472: calc#1: 排行: try_fetch_result_in_background remaining_qize=15 sync_batch_size=100 processed_result=86200, speed=2877.01/s totalWork=7
2021-07-14 19:53:45,891 INFO  [DNFCalculating] log_result_queue_info:1472: calc#1: 排行: try_fetch_result periodly report remaining_qize=14 sync_batch_size=100 processed_result=86300, speed=2880.27/s totalWork=7
2021-07-14 19:53:45,898 INFO  [DNFCalculating] log_result_queue_info:1472: calc#1: 排行: try_fetch_result periodly report remaining_qize=7 sync_batch_size=100 processed_result=87000, speed=2902.96/s totalWork=7
2021-07-14 19:53:46,410 INFO  [DNFCalculating] log_result_queue_info:1472: calc#1: 排行: try_fetch_result_in_background remaining_qize=11 sync_batch_size=100 processed_result=87700, speed=2877.18/s totalWork=7
2021-07-14 19:53:46,411 INFO  [DNFCalculating] log_result_queue_info:1472: calc#1: 排行: try_fetch_result periodly report remaining_qize=10 sync_batch_size=100 processed_result=87800, speed=2880.38/s totalWork=7
2021-07-14 19:53:46,414 INFO  [DNFCalculating] log_result_queue_info:1472: calc#1: 排行: try_fetch_result periodly report remaining_qize=8 sync_batch_size=100 processed_result=88000, speed=2886.66/s totalWork=7
2021-07-14 19:53:46,926 INFO  [DNFCalculating] log_result_queue_info:1472: calc#1: 排行: try_fetch_result_in_background remaining_qize=14 sync_batch_size=100 processed_result=88800, speed=2864.72/s totalWork=7
2021-07-14 19:53:46,928 INFO  [DNFCalculating] log_result_queue_info:1472: calc#1: 排行: try_fetch_result periodly report remaining_qize=13 sync_batch_size=100 processed_result=88900, speed=2867.80/s totalWork=7
2021-07-14 19:53:46,929 INFO  [DNFCalculating] log_result_queue_info:1472: calc#1: 排行: try_fetch_result periodly report remaining_qize=12 sync_batch_size=100 processed_result=89000, speed=2870.90/s totalWork=7
2021-07-14 19:53:46,939 INFO  [DNFCalculating] log_result_queue_info:1472: calc#1: 排行: try_fetch_result periodly report remaining_qize=2 sync_batch_size=100 processed_result=90000, speed=2902.23/s totalWork=7
2021-07-14 19:53:47,443 INFO  [DNFCalculating] log_result_queue_info:1472: calc#1: 排行: try_fetch_result_in_background remaining_qize=9 sync_batch_size=100 processed_result=90200, speed=2862.17/s totalWork=7
2021-07-14 19:53:47,444 INFO  [DNFCalculating] log_result_queue_info:1472: calc#1: 排行: try_fetch_result periodly report remaining_qize=8 sync_batch_size=100 processed_result=90300, speed=2865.27/s totalWork=7
2021-07-14 19:53:47,451 INFO  [DNFCalculating] log_result_queue_info:1472: calc#1: 排行: try_fetch_result periodly report remaining_qize=2 sync_batch_size=100 processed_result=91000, speed=2886.85/s totalWork=7
2021-07-14 19:53:47,959 INFO  [DNFCalculating] log_result_queue_info:1472: calc#1: 排行: try_fetch_result_in_background remaining_qize=9 sync_batch_size=100 processed_result=91200, speed=2847.32/s totalWork=7
2021-07-14 19:53:47,960 INFO  [DNFCalculating] log_result_queue_info:1472: calc#1: 排行: try_fetch_result periodly report remaining_qize=8 sync_batch_size=100 processed_result=91300, speed=2850.37/s totalWork=7
2021-07-14 19:53:47,967 INFO  [DNFCalculating] log_result_queue_info:1472: calc#1: 排行: try_fetch_result periodly report remaining_qize=1 sync_batch_size=100 processed_result=92000, speed=2871.60/s totalWork=7
2021-07-14 19:53:48,474 INFO  [DNFCalculating] log_result_queue_info:1472: calc#1: 排行: try_fetch_result_in_background remaining_qize=12 sync_batch_size=100 processed_result=92100, speed=2829.86/s totalWork=7
2021-07-14 19:53:48,475 INFO  [DNFCalculating] log_result_queue_info:1472: calc#1: 排行: try_fetch_result periodly report remaining_qize=11 sync_batch_size=100 processed_result=92200, speed=2832.87/s totalWork=7
2021-07-14 19:53:48,483 INFO  [DNFCalculating] log_result_queue_info:1472: calc#1: 排行: try_fetch_result periodly report remaining_qize=3 sync_batch_size=100 processed_result=93000, speed=2856.74/s totalWork=7
2021-07-14 19:53:48,993 INFO  [DNFCalculating] log_result_queue_info:1472: calc#1: 排行: try_fetch_result_in_background remaining_qize=11 sync_batch_size=100 processed_result=93300, speed=2821.77/s totalWork=7
2021-07-14 19:53:48,994 INFO  [DNFCalculating] log_result_queue_info:1472: calc#1: 排行: try_fetch_result periodly report remaining_qize=10 sync_batch_size=100 processed_result=93400, speed=2824.73/s totalWork=7
2021-07-14 19:53:49,000 INFO  [DNFCalculating] log_result_queue_info:1472: calc#1: 排行: try_fetch_result periodly report remaining_qize=4 sync_batch_size=100 processed_result=94000, speed=2842.36/s totalWork=7
2021-07-14 19:53:49,511 INFO  [DNFCalculating] log_result_queue_info:1472: calc#1: 排行: try_fetch_result_in_background remaining_qize=12 sync_batch_size=100 processed_result=94400, speed=2811.03/s totalWork=7
2021-07-14 19:53:49,511 INFO  [DNFCalculating] log_result_queue_info:1472: calc#1: 排行: try_fetch_result periodly report remaining_qize=11 sync_batch_size=100 processed_result=94500, speed=2813.94/s totalWork=7
2021-07-14 19:53:49,516 INFO  [DNFCalculating] log_result_queue_info:1472: calc#1: 排行: try_fetch_result periodly report remaining_qize=6 sync_batch_size=100 processed_result=95000, speed=2828.41/s totalWork=7
2021-07-14 19:53:50,032 INFO  [DNFCalculating] log_result_queue_info:1472: calc#1: 排行: try_fetch_result_in_background remaining_qize=11 sync_batch_size=100 processed_result=95600, speed=2803.23/s totalWork=7
2021-07-14 19:53:50,033 INFO  [DNFCalculating] log_result_queue_info:1472: calc#1: 排行: try_fetch_result periodly report remaining_qize=10 sync_batch_size=100 processed_result=95700, speed=2806.09/s totalWork=7
2021-07-14 19:53:50,037 INFO  [DNFCalculating] log_result_queue_info:1472: calc#1: 排行: try_fetch_result periodly report remaining_qize=7 sync_batch_size=100 processed_result=96000, speed=2814.56/s totalWork=7
2021-07-14 19:53:50,555 INFO  [DNFCalculating] log_result_queue_info:1472: calc#1: 排行: try_fetch_result_in_background remaining_qize=10 sync_batch_size=100 processed_result=96800, speed=2795.58/s totalWork=7
2021-07-14 19:53:50,556 INFO  [DNFCalculating] log_result_queue_info:1472: calc#1: 排行: try_fetch_result periodly report remaining_qize=9 sync_batch_size=100 processed_result=96900, speed=2798.40/s totalWork=7
2021-07-14 19:53:50,558 INFO  [DNFCalculating] log_result_queue_info:1472: calc#1: 排行: try_fetch_result periodly report remaining_qize=8 sync_batch_size=100 processed_result=97000, speed=2801.12/s totalWork=7
2021-07-14 19:53:51,074 INFO  [DNFCalculating] log_result_queue_info:1472: calc#1: 排行: try_fetch_result_in_background remaining_qize=12 sync_batch_size=100 processed_result=97800, speed=2782.70/s totalWork=7
2021-07-14 19:53:51,075 INFO  [DNFCalculating] log_result_queue_info:1472: calc#1: 排行: try_fetch_result periodly report remaining_qize=11 sync_batch_size=100 processed_result=97900, speed=2785.46/s totalWork=7
2021-07-14 19:53:51,077 INFO  [DNFCalculating] log_result_queue_info:1472: calc#1: 排行: try_fetch_result periodly report remaining_qize=10 sync_batch_size=100 processed_result=98000, speed=2788.16/s totalWork=7
2021-07-14 19:53:51,087 INFO  [DNFCalculating] log_result_queue_info:1472: calc#1: 排行: try_fetch_result periodly report remaining_qize=0 sync_batch_size=100 processed_result=99000, speed=2815.81/s totalWork=7
2021-07-14 19:53:51,596 INFO  [DNFCalculating] log_result_queue_info:1472: calc#1: 排行: try_fetch_result_in_background remaining_qize=10 sync_batch_size=100 processed_result=99000, speed=2775.65/s totalWork=7
2021-07-14 19:53:51,598 INFO  [DNFCalculating] log_result_queue_info:1472: calc#1: 排行: try_fetch_result periodly report remaining_qize=9 sync_batch_size=100 processed_result=99100, speed=2778.31/s totalWork=7
2021-07-14 19:53:51,606 INFO  [DNFCalculating] log_result_queue_info:1472: calc#1: 排行: try_fetch_result periodly report remaining_qize=0 sync_batch_size=100 processed_result=100000, speed=2802.91/s totalWork=7
2021-07-14 19:53:52,115 INFO  [DNFCalculating] log_result_queue_info:1472: calc#1: 排行: try_fetch_result_in_background remaining_qize=12 sync_batch_size=100 processed_result=100000, speed=2763.50/s totalWork=7
2021-07-14 19:53:52,115 INFO  [DNFCalculating] log_result_queue_info:1472: calc#1: 排行: try_fetch_result periodly report remaining_qize=11 sync_batch_size=100 processed_result=100100, speed=2766.20/s totalWork=7
2021-07-14 19:53:52,124 INFO  [DNFCalculating] log_result_queue_info:1472: calc#1: 排行: try_fetch_result periodly report remaining_qize=2 sync_batch_size=100 processed_result=101000, speed=2790.38/s totalWork=7
2021-07-14 19:53:52,636 INFO  [DNFCalculating] log_result_queue_info:1472: calc#1: 排行: try_fetch_result_in_background remaining_qize=10 sync_batch_size=100 processed_result=101200, speed=2756.94/s totalWork=7
2021-07-14 19:53:52,637 INFO  [DNFCalculating] log_result_queue_info:1472: calc#1: 排行: try_fetch_result periodly report remaining_qize=9 sync_batch_size=100 processed_result=101300, speed=2759.59/s totalWork=7
2021-07-14 19:53:52,643 INFO  [DNFCalculating] log_result_queue_info:1472: calc#1: 排行: try_fetch_result periodly report remaining_qize=2 sync_batch_size=100 processed_result=102000, speed=2778.20/s totalWork=7
2021-07-14 19:53:53,158 INFO  [DNFCalculating] log_result_queue_info:1472: calc#1: 排行: try_fetch_result_in_background remaining_qize=12 sync_batch_size=100 processed_result=102200, speed=2745.16/s totalWork=7
2021-07-14 19:53:53,159 INFO  [DNFCalculating] log_result_queue_info:1472: calc#1: 排行: try_fetch_result periodly report remaining_qize=11 sync_batch_size=100 processed_result=102300, speed=2747.78/s totalWork=7
2021-07-14 19:53:53,166 INFO  [DNFCalculating] log_result_queue_info:1472: calc#1: 排行: try_fetch_result periodly report remaining_qize=4 sync_batch_size=100 processed_result=103000, speed=2766.07/s totalWork=7
2021-07-14 19:53:53,677 INFO  [DNFCalculating] log_result_queue_info:1472: calc#1: 排行: try_fetch_result_in_background remaining_qize=11 sync_batch_size=100 processed_result=103400, speed=2739.16/s totalWork=7
2021-07-14 19:53:53,678 INFO  [DNFCalculating] log_result_queue_info:1472: calc#1: 排行: try_fetch_result periodly report remaining_qize=10 sync_batch_size=100 processed_result=103500, speed=2741.75/s totalWork=7
2021-07-14 19:53:53,683 INFO  [DNFCalculating] log_result_queue_info:1472: calc#1: 排行: try_fetch_result periodly report remaining_qize=5 sync_batch_size=100 processed_result=104000, speed=2754.63/s totalWork=7
2021-07-14 19:53:54,201 INFO  [DNFCalculating] log_result_queue_info:1472: calc#1: 排行: try_fetch_result_in_background remaining_qize=11 sync_batch_size=100 processed_result=104500, speed=2730.42/s totalWork=7
2021-07-14 19:53:54,203 INFO  [DNFCalculating] log_result_queue_info:1472: calc#1: 排行: try_fetch_result periodly report remaining_qize=10 sync_batch_size=100 processed_result=104600, speed=2732.98/s totalWork=7
2021-07-14 19:53:54,206 INFO  [DNFCalculating] log_result_queue_info:1472: calc#1: 排行: try_fetch_result periodly report remaining_qize=6 sync_batch_size=100 processed_result=105000, speed=2743.14/s totalWork=7
2021-07-14 19:53:54,720 INFO  [DNFCalculating] log_result_queue_info:1472: calc#1: 排行: try_fetch_result_in_background remaining_qize=10 sync_batch_size=100 processed_result=105600, speed=2722.22/s totalWork=7
2021-07-14 19:53:54,722 INFO  [DNFCalculating] log_result_queue_info:1472: calc#1: 排行: try_fetch_result periodly report remaining_qize=9 sync_batch_size=100 processed_result=105700, speed=2724.72/s totalWork=7
2021-07-14 19:53:54,725 INFO  [DNFCalculating] log_result_queue_info:1472: calc#1: 排行: try_fetch_result periodly report remaining_qize=6 sync_batch_size=100 processed_result=106000, speed=2732.18/s totalWork=7
2021-07-14 19:53:55,241 INFO  [DNFCalculating] log_result_queue_info:1472: calc#1: 排行: try_fetch_result_in_background remaining_qize=13 sync_batch_size=100 processed_result=106600, speed=2711.59/s totalWork=7
2021-07-14 19:53:55,243 INFO  [DNFCalculating] log_result_queue_info:1472: calc#1: 排行: try_fetch_result periodly report remaining_qize=12 sync_batch_size=100 processed_result=106700, speed=2714.01/s totalWork=7
2021-07-14 19:53:55,246 INFO  [DNFCalculating] log_result_queue_info:1472: calc#1: 排行: try_fetch_result periodly report remaining_qize=9 sync_batch_size=100 processed_result=107000, speed=2721.44/s totalWork=7
2021-07-14 19:53:55,763 INFO  [DNFCalculating] log_result_queue_info:1472: calc#1: 排行: try_fetch_result_in_background remaining_qize=8 sync_batch_size=100 processed_result=107900, speed=2708.73/s totalWork=7
2021-07-14 19:53:55,765 INFO  [DNFCalculating] log_result_queue_info:1472: calc#1: 排行: try_fetch_result periodly report remaining_qize=7 sync_batch_size=100 processed_result=108000, speed=2711.18/s totalWork=7
2021-07-14 19:53:56,283 INFO  [DNFCalculating] log_result_queue_info:1472: calc#1: 排行: try_fetch_result_in_background remaining_qize=8 sync_batch_size=100 processed_result=108700, speed=2693.62/s totalWork=7
2021-07-14 19:53:56,285 INFO  [DNFCalculating] log_result_queue_info:1472: calc#1: 排行: try_fetch_result periodly report remaining_qize=7 sync_batch_size=100 processed_result=108800, speed=2695.96/s totalWork=7
2021-07-14 19:53:56,288 INFO  [DNFCalculating] log_result_queue_info:1472: calc#1: 排行: try_fetch_result periodly report remaining_qize=5 sync_batch_size=100 processed_result=109000, speed=2700.72/s totalWork=7
2021-07-14 19:53:56,802 INFO  [DNFCalculating] log_result_queue_info:1472: calc#1: 排行: try_fetch_result_in_background remaining_qize=10 sync_batch_size=100 processed_result=109500, speed=2678.98/s totalWork=7
2021-07-14 19:53:56,804 INFO  [DNFCalculating] log_result_queue_info:1472: calc#1: 排行: try_fetch_result periodly report remaining_qize=9 sync_batch_size=100 processed_result=109600, speed=2681.33/s totalWork=7
2021-07-14 19:53:56,809 INFO  [DNFCalculating] log_result_queue_info:1472: calc#1: 排行: try_fetch_result periodly report remaining_qize=5 sync_batch_size=100 processed_result=110000, speed=2690.79/s totalWork=7
2021-07-14 19:53:57,322 INFO  [DNFCalculating] log_result_queue_info:1472: calc#1: 排行: try_fetch_result_in_background remaining_qize=10 sync_batch_size=100 processed_result=110500, speed=2669.52/s totalWork=7
2021-07-14 19:53:57,324 INFO  [DNFCalculating] log_result_queue_info:1472: calc#1: 排行: try_fetch_result periodly report remaining_qize=9 sync_batch_size=100 processed_result=110600, speed=2671.83/s totalWork=7
2021-07-14 19:53:57,329 INFO  [DNFCalculating] log_result_queue_info:1472: calc#1: 排行: try_fetch_result periodly report remaining_qize=5 sync_batch_size=100 processed_result=111000, speed=2681.17/s totalWork=7
2021-07-14 19:53:57,840 INFO  [DNFCalculating] log_result_queue_info:1472: calc#1: 排行: try_fetch_result_in_background remaining_qize=7 sync_batch_size=100 processed_result=111500, speed=2660.36/s totalWork=7
2021-07-14 19:53:57,842 INFO  [DNFCalculating] log_result_queue_info:1472: calc#1: 排行: try_fetch_result periodly report remaining_qize=6 sync_batch_size=100 processed_result=111600, speed=2662.63/s totalWork=7
2021-07-14 19:53:57,847 INFO  [DNFCalculating] log_result_queue_info:1472: calc#1: 排行: try_fetch_result periodly report remaining_qize=2 sync_batch_size=100 processed_result=112000, speed=2671.85/s totalWork=7
2021-07-14 19:53:58,356 INFO  [DNFCalculating] log_result_queue_info:1472: calc#1: 排行: try_fetch_result_in_background remaining_qize=8 sync_batch_size=100 processed_result=112200, speed=2644.52/s totalWork=7
2021-07-14 19:53:58,358 INFO  [DNFCalculating] log_result_queue_info:1472: calc#1: 排行: try_fetch_result periodly report remaining_qize=7 sync_batch_size=100 processed_result=112300, speed=2646.76/s totalWork=7
2021-07-14 19:53:58,366 INFO  [DNFCalculating] log_result_queue_info:1472: calc#1: 排行: try_fetch_result periodly report remaining_qize=0 sync_batch_size=100 processed_result=113000, speed=2662.76/s totalWork=7
2021-07-14 19:53:58,876 INFO  [DNFCalculating] log_result_queue_info:1472: calc#1: 排行: try_fetch_result_in_background remaining_qize=9 sync_batch_size=100 processed_result=113000, speed=2631.16/s totalWork=7
2021-07-14 19:53:58,877 INFO  [DNFCalculating] log_result_queue_info:1472: calc#1: 排行: try_fetch_result periodly report remaining_qize=8 sync_batch_size=100 processed_result=113100, speed=2633.37/s totalWork=7
2021-07-14 19:53:59,393 INFO  [DNFCalculating] log_result_queue_info:1472: calc#1: 排行: try_fetch_result_in_background remaining_qize=9 sync_batch_size=100 processed_result=113900, speed=2620.53/s totalWork=7
2021-07-14 19:53:59,395 INFO  [DNFCalculating] log_result_queue_info:1472: calc#1: 排行: try_fetch_result periodly report remaining_qize=8 sync_batch_size=100 processed_result=114000, speed=2622.72/s totalWork=7
2021-07-14 19:53:59,915 INFO  [DNFCalculating] log_result_queue_info:1472: calc#1: 排行: try_fetch_result_in_background remaining_qize=8 sync_batch_size=100 processed_result=114800, speed=2609.91/s totalWork=7
2021-07-14 19:53:59,917 INFO  [DNFCalculating] log_result_queue_info:1472: calc#1: 排行: try_fetch_result periodly report remaining_qize=7 sync_batch_size=100 processed_result=114900, speed=2612.08/s totalWork=7
2021-07-14 19:53:59,919 INFO  [DNFCalculating] log_result_queue_info:1472: calc#1: 排行: try_fetch_result periodly report remaining_qize=6 sync_batch_size=100 processed_result=115000, speed=2614.23/s totalWork=7
2021-07-14 19:54:00,436 INFO  [DNFCalculating] log_result_queue_info:1472: calc#1: 排行: try_fetch_result_in_background remaining_qize=8 sync_batch_size=100 processed_result=115600, speed=2597.31/s totalWork=7
2021-07-14 19:54:00,438 INFO  [DNFCalculating] log_result_queue_info:1472: calc#1: 排行: try_fetch_result periodly report remaining_qize=7 sync_batch_size=100 processed_result=115700, speed=2599.44/s totalWork=7
2021-07-14 19:54:00,442 INFO  [DNFCalculating] log_result_queue_info:1472: calc#1: 排行: try_fetch_result periodly report remaining_qize=4 sync_batch_size=100 processed_result=116000, speed=2605.95/s totalWork=7
2021-07-14 19:54:00,957 INFO  [DNFCalculating] log_result_queue_info:1472: calc#1: 排行: try_fetch_result_in_background remaining_qize=7 sync_batch_size=100 processed_result=116400, speed=2585.04/s totalWork=7
2021-07-14 19:54:00,959 INFO  [DNFCalculating] log_result_queue_info:1472: calc#1: 排行: try_fetch_result periodly report remaining_qize=6 sync_batch_size=100 processed_result=116500, speed=2587.16/s totalWork=7
2021-07-14 19:54:00,965 INFO  [DNFCalculating] log_result_queue_info:1472: calc#1: 排行: try_fetch_result periodly report remaining_qize=1 sync_batch_size=100 processed_result=117000, speed=2597.91/s totalWork=7
2021-07-14 19:54:01,478 INFO  [DNFCalculating] log_result_queue_info:1472: calc#1: 排行: try_fetch_result_in_background remaining_qize=9 sync_batch_size=100 processed_result=117100, speed=2570.81/s totalWork=7
2021-07-14 19:54:01,480 INFO  [DNFCalculating] log_result_queue_info:1472: calc#1: 排行: try_fetch_result periodly report remaining_qize=8 sync_batch_size=100 processed_result=117200, speed=2572.90/s totalWork=7
2021-07-14 19:54:01,490 INFO  [DNFCalculating] log_result_queue_info:1472: calc#1: 排行: try_fetch_result periodly report remaining_qize=0 sync_batch_size=100 processed_result=118000, speed=2589.89/s totalWork=7
2021-07-14 19:54:02,000 INFO  [DNFCalculating] log_result_queue_info:1472: calc#1: 排行: try_fetch_result_in_background remaining_qize=9 sync_batch_size=100 processed_result=118000, speed=2561.23/s totalWork=7
2021-07-14 19:54:02,002 INFO  [DNFCalculating] log_result_queue_info:1472: calc#1: 排行: try_fetch_result periodly report remaining_qize=8 sync_batch_size=100 processed_result=118100, speed=2563.30/s totalWork=7
2021-07-14 19:54:02,525 INFO  [DNFCalculating] log_result_queue_info:1472: calc#1: 排行: try_fetch_result_in_background remaining_qize=9 sync_batch_size=100 processed_result=118900, speed=2551.70/s totalWork=7
2021-07-14 19:54:02,527 INFO  [DNFCalculating] log_result_queue_info:1472: calc#1: 排行: try_fetch_result periodly report remaining_qize=8 sync_batch_size=100 processed_result=119000, speed=2553.76/s totalWork=7
2021-07-14 19:54:03,042 INFO  [DNFCalculating] log_result_queue_info:1472: calc#1: 排行: try_fetch_result_in_background remaining_qize=8 sync_batch_size=100 processed_result=119800, speed=2542.78/s totalWork=7
2021-07-14 19:54:03,044 INFO  [DNFCalculating] log_result_queue_info:1472: calc#1: 排行: try_fetch_result periodly report remaining_qize=7 sync_batch_size=100 processed_result=119900, speed=2544.81/s totalWork=7
2021-07-14 19:54:03,046 INFO  [DNFCalculating] log_result_queue_info:1472: calc#1: 排行: try_fetch_result periodly report remaining_qize=6 sync_batch_size=100 processed_result=120000, speed=2546.82/s totalWork=7
2021-07-14 19:54:03,565 INFO  [DNFCalculating] log_result_queue_info:1472: calc#1: 排行: try_fetch_result_in_background remaining_qize=7 sync_batch_size=100 processed_result=120600, speed=2531.68/s totalWork=7
2021-07-14 19:54:03,567 INFO  [DNFCalculating] log_result_queue_info:1472: calc#1: 排行: try_fetch_result periodly report remaining_qize=6 sync_batch_size=100 processed_result=120700, speed=2533.68/s totalWork=7
2021-07-14 19:54:03,571 INFO  [DNFCalculating] log_result_queue_info:1472: calc#1: 排行: try_fetch_result periodly report remaining_qize=3 sync_batch_size=100 processed_result=121000, speed=2539.77/s totalWork=7
2021-07-14 19:54:04,089 INFO  [DNFCalculating] log_result_queue_info:1472: calc#1: 排行: try_fetch_result_in_background remaining_qize=8 sync_batch_size=100 processed_result=121300, speed=2518.69/s totalWork=7
2021-07-14 19:54:04,090 INFO  [DNFCalculating] log_result_queue_info:1472: calc#1: 排行: try_fetch_result periodly report remaining_qize=7 sync_batch_size=100 processed_result=121400, speed=2520.67/s totalWork=7
2021-07-14 19:54:04,097 INFO  [DNFCalculating] log_result_queue_info:1472: calc#1: 排行: try_fetch_result periodly report remaining_qize=1 sync_batch_size=100 processed_result=122000, speed=2532.76/s totalWork=7
2021-07-14 19:54:04,608 INFO  [DNFCalculating] log_result_queue_info:1472: calc#1: 排行: try_fetch_result_in_background remaining_qize=9 sync_batch_size=100 processed_result=122100, speed=2508.23/s totalWork=7
2021-07-14 19:54:04,610 INFO  [DNFCalculating] log_result_queue_info:1472: calc#1: 排行: try_fetch_result periodly report remaining_qize=8 sync_batch_size=100 processed_result=122200, speed=2510.20/s totalWork=7
2021-07-14 19:54:04,620 INFO  [DNFCalculating] log_result_queue_info:1472: calc#1: 排行: try_fetch_result periodly report remaining_qize=0 sync_batch_size=100 processed_result=123000, speed=2526.12/s totalWork=7
2021-07-14 19:54:05,125 INFO  [DNFCalculating] log_result_queue_info:1472: calc#1: 排行: try_fetch_result_in_background remaining_qize=8 sync_batch_size=100 processed_result=123000, speed=2500.19/s totalWork=7
2021-07-14 19:54:05,127 INFO  [DNFCalculating] log_result_queue_info:1472: calc#1: 排行: try_fetch_result periodly report remaining_qize=7 sync_batch_size=100 processed_result=123100, speed=2502.13/s totalWork=7
2021-07-14 19:54:05,646 INFO  [DNFCalculating] log_result_queue_info:1472: calc#1: 排行: try_fetch_result_in_background remaining_qize=8 sync_batch_size=100 processed_result=123800, speed=2490.05/s totalWork=7
2021-07-14 19:54:05,648 INFO  [DNFCalculating] log_result_queue_info:1472: calc#1: 排行: try_fetch_result periodly report remaining_qize=7 sync_batch_size=100 processed_result=123900, speed=2491.97/s totalWork=7
2021-07-14 19:54:05,650 INFO  [DNFCalculating] log_result_queue_info:1472: calc#1: 排行: try_fetch_result periodly report remaining_qize=6 sync_batch_size=100 processed_result=124000, speed=2493.89/s totalWork=7
2021-07-14 19:54:06,163 INFO  [DNFCalculating] log_result_queue_info:1472: calc#1: 排行: try_fetch_result_in_background remaining_qize=7 sync_batch_size=100 processed_result=124600, speed=2480.37/s totalWork=7
2021-07-14 19:54:06,165 INFO  [DNFCalculating] log_result_queue_info:1472: calc#1: 排行: try_fetch_result periodly report remaining_qize=6 sync_batch_size=100 processed_result=124700, speed=2482.27/s totalWork=7
2021-07-14 19:54:06,169 INFO  [DNFCalculating] log_result_queue_info:1472: calc#1: 排行: try_fetch_result periodly report remaining_qize=3 sync_batch_size=100 processed_result=125000, speed=2488.05/s totalWork=7
2021-07-14 19:54:06,683 INFO  [DNFCalculating] log_result_queue_info:1472: calc#1: 排行: try_fetch_result_in_background remaining_qize=7 sync_batch_size=100 processed_result=125400, speed=2470.74/s totalWork=7
2021-07-14 19:54:06,684 INFO  [DNFCalculating] log_result_queue_info:1472: calc#1: 排行: try_fetch_result periodly report remaining_qize=6 sync_batch_size=100 processed_result=125500, speed=2472.62/s totalWork=7
2021-07-14 19:54:06,690 INFO  [DNFCalculating] log_result_queue_info:1472: calc#1: 排行: try_fetch_result periodly report remaining_qize=1 sync_batch_size=100 processed_result=126000, speed=2482.18/s totalWork=7
2021-07-14 19:54:07,201 INFO  [DNFCalculating] log_result_queue_info:1472: calc#1: 排行: try_fetch_result_in_background remaining_qize=10 sync_batch_size=100 processed_result=126100, speed=2459.40/s totalWork=7
2021-07-14 19:54:07,203 INFO  [DNFCalculating] log_result_queue_info:1472: calc#1: 排行: try_fetch_result periodly report remaining_qize=9 sync_batch_size=100 processed_result=126200, speed=2461.25/s totalWork=7
2021-07-14 19:54:07,212 INFO  [DNFCalculating] log_result_queue_info:1472: calc#1: 排行: try_fetch_result periodly report remaining_qize=1 sync_batch_size=100 processed_result=127000, speed=2476.43/s totalWork=7
2021-07-14 19:54:07,717 INFO  [DNFCalculating] log_result_queue_info:1472: calc#1: 排行: try_fetch_result_in_background remaining_qize=7 sync_batch_size=100 processed_result=127100, speed=2454.22/s totalWork=7
2021-07-14 19:54:07,719 INFO  [DNFCalculating] log_result_queue_info:1472: calc#1: 排行: try_fetch_result periodly report remaining_qize=6 sync_batch_size=100 processed_result=127200, speed=2456.07/s totalWork=7
2021-07-14 19:54:08,234 INFO  [DNFCalculating] log_result_queue_info:1472: calc#1: 排行: try_fetch_result_in_background remaining_qize=9 sync_batch_size=100 processed_result=127800, speed=2443.33/s totalWork=7
2021-07-14 19:54:08,236 INFO  [DNFCalculating] log_result_queue_info:1472: calc#1: 排行: try_fetch_result periodly report remaining_qize=8 sync_batch_size=100 processed_result=127900, speed=2445.15/s totalWork=7
2021-07-14 19:54:08,238 INFO  [DNFCalculating] log_result_queue_info:1472: calc#1: 排行: try_fetch_result periodly report remaining_qize=7 sync_batch_size=100 processed_result=128000, speed=2446.97/s totalWork=7
2021-07-14 19:54:08,756 INFO  [DNFCalculating] log_result_queue_info:1472: calc#1: 排行: try_fetch_result_in_background remaining_qize=7 sync_batch_size=100 processed_result=128700, speed=2436.23/s totalWork=7
2021-07-14 19:54:08,758 INFO  [DNFCalculating] log_result_queue_info:1472: calc#1: 排行: try_fetch_result periodly report remaining_qize=6 sync_batch_size=100 processed_result=128800, speed=2438.04/s totalWork=7
2021-07-14 19:54:08,761 INFO  [DNFCalculating] log_result_queue_info:1472: calc#1: 排行: try_fetch_result periodly report remaining_qize=4 sync_batch_size=100 processed_result=129000, speed=2441.69/s totalWork=7
2021-07-14 19:54:09,281 INFO  [DNFCalculating] log_result_queue_info:1472: calc#1: 排行: try_fetch_result_in_background remaining_qize=7 sync_batch_size=100 processed_result=129400, speed=2425.39/s totalWork=7
2021-07-14 19:54:09,283 INFO  [DNFCalculating] log_result_queue_info:1472: calc#1: 排行: try_fetch_result periodly report remaining_qize=6 sync_batch_size=100 processed_result=129500, speed=2427.19/s totalWork=7
2021-07-14 19:54:09,289 INFO  [DNFCalculating] log_result_queue_info:1472: calc#1: 排行: try_fetch_result periodly report remaining_qize=2 sync_batch_size=100 processed_result=130000, speed=2436.29/s totalWork=7
2021-07-14 19:54:09,800 INFO  [DNFCalculating] log_result_queue_info:1472: calc#1: 排行: try_fetch_result_in_background remaining_qize=8 sync_batch_size=100 processed_result=130200, speed=2416.85/s totalWork=7
2021-07-14 19:54:09,802 INFO  [DNFCalculating] log_result_queue_info:1472: calc#1: 排行: try_fetch_result periodly report remaining_qize=7 sync_batch_size=100 processed_result=130300, speed=2418.62/s totalWork=7
2021-07-14 19:54:09,811 INFO  [DNFCalculating] log_result_queue_info:1472: calc#1: 排行: try_fetch_result periodly report remaining_qize=0 sync_batch_size=100 processed_result=131000, speed=2431.22/s totalWork=7
2021-07-14 19:54:10,320 INFO  [DNFCalculating] log_result_queue_info:1472: calc#1: 排行: try_fetch_result_in_background remaining_qize=7 sync_batch_size=100 processed_result=131000, speed=2408.47/s totalWork=7
2021-07-14 19:54:10,322 INFO  [DNFCalculating] log_result_queue_info:1472: calc#1: 排行: try_fetch_result periodly report remaining_qize=6 sync_batch_size=100 processed_result=131100, speed=2410.23/s totalWork=7
2021-07-14 19:54:10,841 INFO  [DNFCalculating] log_result_queue_info:1472: calc#1: 排行: try_fetch_result_in_background remaining_qize=8 sync_batch_size=100 processed_result=131700, speed=2398.35/s totalWork=7
2021-07-14 19:54:10,844 INFO  [DNFCalculating] log_result_queue_info:1472: calc#1: 排行: try_fetch_result periodly report remaining_qize=7 sync_batch_size=100 processed_result=131800, speed=2400.08/s totalWork=7
2021-07-14 19:54:10,846 INFO  [DNFCalculating] log_result_queue_info:1472: calc#1: 排行: try_fetch_result periodly report remaining_qize=5 sync_batch_size=100 processed_result=132000, speed=2403.60/s totalWork=7
2021-07-14 19:54:11,358 INFO  [DNFCalculating] log_result_queue_info:1472: calc#1: 排行: try_fetch_result_in_background remaining_qize=8 sync_batch_size=100 processed_result=132500, speed=2390.42/s totalWork=7
2021-07-14 19:54:11,360 INFO  [DNFCalculating] log_result_queue_info:1472: calc#1: 排行: try_fetch_result periodly report remaining_qize=7 sync_batch_size=100 processed_result=132600, speed=2392.19/s totalWork=7
2021-07-14 19:54:11,364 INFO  [DNFCalculating] log_result_queue_info:1472: calc#1: 排行: try_fetch_result periodly report remaining_qize=3 sync_batch_size=100 processed_result=133000, speed=2399.19/s totalWork=7
2021-07-14 19:54:11,881 INFO  [DNFCalculating] log_result_queue_info:1472: calc#1: 排行: try_fetch_result_in_background remaining_qize=8 sync_batch_size=100 processed_result=133300, speed=2382.39/s totalWork=7
2021-07-14 19:54:11,883 INFO  [DNFCalculating] log_result_queue_info:1472: calc#1: 排行: try_fetch_result periodly report remaining_qize=7 sync_batch_size=100 processed_result=133400, speed=2384.10/s totalWork=7
2021-07-14 19:54:11,890 INFO  [DNFCalculating] log_result_queue_info:1472: calc#1: 排行: try_fetch_result periodly report remaining_qize=1 sync_batch_size=100 processed_result=134000, speed=2394.53/s totalWork=7
2021-07-14 19:54:12,393 INFO  [DNFCalculating] log_result_queue_info:1472: calc#1: 排行: try_fetch_result_in_background remaining_qize=8 sync_batch_size=100 processed_result=134100, speed=2374.93/s totalWork=7
2021-07-14 19:54:12,395 INFO  [DNFCalculating] log_result_queue_info:1472: calc#1: 排行: try_fetch_result periodly report remaining_qize=7 sync_batch_size=100 processed_result=134200, speed=2376.63/s totalWork=7
2021-07-14 19:54:12,912 INFO  [DNFCalculating] log_result_queue_info:1472: calc#1: 排行: try_fetch_result_in_background remaining_qize=7 sync_batch_size=100 processed_result=134900, speed=2367.36/s totalWork=7
2021-07-14 19:54:12,914 INFO  [DNFCalculating] log_result_queue_info:1472: calc#1: 排行: try_fetch_result periodly report remaining_qize=6 sync_batch_size=100 processed_result=135000, speed=2369.04/s totalWork=7
2021-07-14 19:54:13,426 INFO  [DNFCalculating] log_result_queue_info:1472: calc#1: 排行: try_fetch_result_in_background remaining_qize=10 sync_batch_size=100 processed_result=135600, speed=2358.38/s totalWork=7
2021-07-14 19:54:13,427 INFO  [DNFCalculating] log_result_queue_info:1472: calc#1: 排行: try_fetch_result periodly report remaining_qize=9 sync_batch_size=100 processed_result=135700, speed=2360.05/s totalWork=7
2021-07-14 19:54:13,431 INFO  [DNFCalculating] log_result_queue_info:1472: calc#1: 排行: try_fetch_result periodly report remaining_qize=6 sync_batch_size=100 processed_result=136000, speed=2365.10/s totalWork=7
2021-07-14 19:54:13,942 INFO  [DNFCalculating] log_result_queue_info:1472: calc#1: 排行: try_fetch_result_in_background remaining_qize=7 sync_batch_size=100 processed_result=136700, speed=2356.34/s totalWork=7
2021-07-14 19:54:13,944 INFO  [DNFCalculating] log_result_queue_info:1472: calc#1: 排行: try_fetch_result periodly report remaining_qize=6 sync_batch_size=100 processed_result=136800, speed=2357.99/s totalWork=7
2021-07-14 19:54:13,946 INFO  [DNFCalculating] log_result_queue_info:1472: calc#1: 排行: try_fetch_result periodly report remaining_qize=4 sync_batch_size=100 processed_result=137000, speed=2361.36/s totalWork=7
2021-07-14 19:54:14,458 INFO  [DNFCalculating] log_result_queue_info:1472: calc#1: 排行: try_fetch_result_in_background remaining_qize=7 sync_batch_size=100 processed_result=137400, speed=2347.55/s totalWork=7
2021-07-14 19:54:14,460 INFO  [DNFCalculating] log_result_queue_info:1472: calc#1: 排行: try_fetch_result periodly report remaining_qize=6 sync_batch_size=100 processed_result=137500, speed=2349.18/s totalWork=7
2021-07-14 19:54:14,466 INFO  [DNFCalculating] log_result_queue_info:1472: calc#1: 排行: try_fetch_result periodly report remaining_qize=1 sync_batch_size=100 processed_result=138000, speed=2357.48/s totalWork=7
2021-07-14 19:54:14,976 INFO  [DNFCalculating] log_result_queue_info:1472: calc#1: 排行: try_fetch_result_in_background remaining_qize=7 sync_batch_size=100 processed_result=138100, speed=2338.78/s totalWork=7
2021-07-14 19:54:14,978 INFO  [DNFCalculating] log_result_queue_info:1472: calc#1: 排行: try_fetch_result periodly report remaining_qize=7 sync_batch_size=100 processed_result=138200, speed=2340.40/s totalWork=7
2021-07-14 19:54:15,498 INFO  [DNFCalculating] log_result_queue_info:1472: calc#1: 排行: try_fetch_result_in_background remaining_qize=7 sync_batch_size=100 processed_result=138900, speed=2331.74/s totalWork=7
2021-07-14 19:54:15,500 INFO  [DNFCalculating] log_result_queue_info:1472: calc#1: 排行: try_fetch_result periodly report remaining_qize=6 sync_batch_size=100 processed_result=139000, speed=2333.34/s totalWork=7
2021-07-14 19:54:16,017 INFO  [DNFCalculating] log_result_queue_info:1472: calc#1: 排行: try_fetch_result_in_background remaining_qize=8 sync_batch_size=100 processed_result=139600, speed=2323.26/s totalWork=7
2021-07-14 19:54:16,019 INFO  [DNFCalculating] log_result_queue_info:1472: calc#1: 排行: try_fetch_result periodly report remaining_qize=7 sync_batch_size=100 processed_result=139700, speed=2324.85/s totalWork=7
2021-07-14 19:54:16,022 INFO  [DNFCalculating] log_result_queue_info:1472: calc#1: 排行: try_fetch_result periodly report remaining_qize=4 sync_batch_size=100 processed_result=140000, speed=2329.73/s totalWork=7
2021-07-14 19:54:16,537 INFO  [DNFCalculating] log_result_queue_info:1472: calc#1: 排行: try_fetch_result_in_background remaining_qize=7 sync_batch_size=100 processed_result=140400, speed=2316.50/s totalWork=7
2021-07-14 19:54:16,539 INFO  [DNFCalculating] log_result_queue_info:1472: calc#1: 排行: try_fetch_result periodly report remaining_qize=6 sync_batch_size=100 processed_result=140500, speed=2318.07/s totalWork=7
2021-07-14 19:54:16,545 INFO  [DNFCalculating] log_result_queue_info:1472: calc#1: 排行: try_fetch_result periodly report remaining_qize=1 sync_batch_size=100 processed_result=141000, speed=2326.10/s totalWork=7
2021-07-14 19:54:17,052 INFO  [DNFCalculating] log_result_queue_info:1472: calc#1: 排行: try_fetch_result_in_background remaining_qize=9 sync_batch_size=100 processed_result=141100, speed=2308.47/s totalWork=7
2021-07-14 19:54:17,053 INFO  [DNFCalculating] log_result_queue_info:1472: calc#1: 排行: try_fetch_result periodly report remaining_qize=8 sync_batch_size=100 processed_result=141200, speed=2310.05/s totalWork=7
2021-07-14 19:54:17,063 INFO  [DNFCalculating] log_result_queue_info:1472: calc#1: 排行: try_fetch_result periodly report remaining_qize=0 sync_batch_size=100 processed_result=142000, speed=2322.76/s totalWork=7
2021-07-14 19:54:17,573 INFO  [DNFCalculating] log_result_queue_info:1472: calc#1: 排行: try_fetch_result_in_background remaining_qize=9 sync_batch_size=100 processed_result=142000, speed=2303.52/s totalWork=7
2021-07-14 19:54:17,575 INFO  [DNFCalculating] log_result_queue_info:1472: calc#1: 排行: try_fetch_result periodly report remaining_qize=8 sync_batch_size=100 processed_result=142100, speed=2305.07/s totalWork=7
2021-07-14 19:54:18,094 INFO  [DNFCalculating] log_result_queue_info:1472: calc#1: 排行: try_fetch_result_in_background remaining_qize=8 sync_batch_size=100 processed_result=142900, speed=2298.71/s totalWork=7
2021-07-14 19:54:18,096 INFO  [DNFCalculating] log_result_queue_info:1472: calc#1: 排行: try_fetch_result periodly report remaining_qize=7 sync_batch_size=100 processed_result=143000, speed=2300.24/s totalWork=7
2021-07-14 19:54:18,616 INFO  [DNFCalculating] log_result_queue_info:1472: calc#1: 排行: try_fetch_result_in_background remaining_qize=7 sync_batch_size=100 processed_result=143700, speed=2292.34/s totalWork=7
2021-07-14 19:54:18,617 INFO  [DNFCalculating] log_result_queue_info:1472: calc#1: 排行: try_fetch_result periodly report remaining_qize=6 sync_batch_size=100 processed_result=143732, speed=2292.82/s totalWork=7
2021-07-14 19:54:18,621 INFO  [DNFCalculating] log_result_queue_info:1472: calc#1: 排行: try_fetch_result periodly report remaining_qize=3 sync_batch_size=100 processed_result=144032, speed=2297.46/s totalWork=7
2021-07-14 19:54:19,137 INFO  [DNFCalculating] log_result_queue_info:1472: calc#1: 排行: try_fetch_result_in_background remaining_qize=8 sync_batch_size=100 processed_result=144332, speed=2283.42/s totalWork=7
2021-07-14 19:54:19,139 INFO  [DNFCalculating] log_result_queue_info:1472: calc#1: 排行: try_fetch_result periodly report remaining_qize=7 sync_batch_size=100 processed_result=144432, speed=2284.94/s totalWork=7
2021-07-14 19:54:19,146 INFO  [DNFCalculating] log_result_queue_info:1472: calc#1: 排行: try_fetch_result periodly report remaining_qize=1 sync_batch_size=100 processed_result=145032, speed=2294.18/s totalWork=7
2021-07-14 19:54:19,660 INFO  [DNFCalculating] log_result_queue_info:1472: calc#1: 排行: try_fetch_result_in_background remaining_qize=8 sync_batch_size=100 processed_result=145132, speed=2277.25/s totalWork=7
2021-07-14 19:54:19,662 INFO  [DNFCalculating] log_result_queue_info:1472: calc#1: 排行: try_fetch_result periodly report remaining_qize=7 sync_batch_size=100 processed_result=145232, speed=2278.75/s totalWork=7
2021-07-14 19:54:20,182 INFO  [DNFCalculating] log_result_queue_info:1472: calc#1: 排行: try_fetch_result_in_background remaining_qize=8 sync_batch_size=100 processed_result=145932, speed=2271.21/s totalWork=7
2021-07-14 19:54:20,184 INFO  [DNFCalculating] log_result_queue_info:1472: calc#1: 排行: try_fetch_result periodly report remaining_qize=7 sync_batch_size=100 processed_result=146032, speed=2272.70/s totalWork=7
2021-07-14 19:54:20,698 INFO  [DNFCalculating] log_result_queue_info:1472: calc#1: 排行: try_fetch_result_in_background remaining_qize=6 sync_batch_size=100 processed_result=146732, speed=2265.45/s totalWork=7
2021-07-14 19:54:20,701 INFO  [DNFCalculating] log_result_queue_info:1472: calc#1: 排行: try_fetch_result periodly report remaining_qize=5 sync_batch_size=100 processed_result=146764, speed=2265.88/s totalWork=7
2021-07-14 19:54:20,705 INFO  [DNFCalculating] log_result_queue_info:1472: calc#1: 排行: try_fetch_result periodly report remaining_qize=2 sync_batch_size=100 processed_result=147064, speed=2270.35/s totalWork=7
2021-07-14 19:54:21,208 INFO  [DNFCalculating] log_result_queue_info:1472: calc#1: 排行: try_fetch_result_in_background remaining_qize=9 sync_batch_size=100 processed_result=147264, speed=2255.91/s totalWork=7
2021-07-14 19:54:21,210 INFO  [DNFCalculating] log_result_queue_info:1472: calc#1: 排行: try_fetch_result periodly report remaining_qize=8 sync_batch_size=100 processed_result=147364, speed=2257.42/s totalWork=7
2021-07-14 19:54:21,217 INFO  [DNFCalculating] log_result_queue_info:1472: calc#1: 排行: try_fetch_result periodly report remaining_qize=1 sync_batch_size=100 processed_result=148064, speed=2267.86/s totalWork=7
2021-07-14 19:54:21,730 INFO  [DNFCalculating] log_result_queue_info:1472: calc#1: 排行: try_fetch_result_in_background remaining_qize=6 sync_batch_size=100 processed_result=148164, speed=2251.67/s totalWork=7
2021-07-14 19:54:21,731 INFO  [DNFCalculating] log_result_queue_info:1472: calc#1: 排行: try_fetch_result periodly report remaining_qize=5 sync_batch_size=100 processed_result=148264, speed=2253.16/s totalWork=7
2021-07-14 19:54:22,252 INFO  [DNFCalculating] log_result_queue_info:1472: calc#1: 排行: try_fetch_result_in_background remaining_qize=10 sync_batch_size=100 processed_result=148764, speed=2243.01/s totalWork=7
2021-07-14 19:54:22,254 INFO  [DNFCalculating] log_result_queue_info:1472: calc#1: 排行: try_fetch_result periodly report remaining_qize=9 sync_batch_size=100 processed_result=148864, speed=2244.46/s totalWork=7
2021-07-14 19:54:22,256 INFO  [DNFCalculating] log_result_queue_info:1472: calc#1: 排行: try_fetch_result periodly report remaining_qize=7 sync_batch_size=100 processed_result=149064, speed=2247.40/s totalWork=7
2021-07-14 19:54:22,777 INFO  [DNFCalculating] log_result_queue_info:1472: calc#1: 排行: try_fetch_result_in_background remaining_qize=6 sync_batch_size=100 processed_result=149627, speed=2238.32/s totalWork=7
2021-07-14 19:54:22,777 INFO  [DNFCalculating] log_result_queue_info:1472: calc#1: 排行: try_fetch_result periodly report remaining_qize=5 sync_batch_size=100 processed_result=149727, speed=2239.79/s totalWork=7
2021-07-14 19:54:22,780 INFO  [DNFCalculating] log_result_queue_info:1472: calc#1: 排行: try_fetch_result periodly report remaining_qize=1 sync_batch_size=100 processed_result=150058, speed=2244.64/s totalWork=7
2021-07-14 19:54:23,283 INFO  [DNFCalculating] log_result_queue_info:1472: calc#1: 排行: try_fetch_result_in_background remaining_qize=5 sync_batch_size=100 processed_result=150158, speed=2229.37/s totalWork=7
2021-07-14 19:54:23,285 INFO  [DNFCalculating] log_result_queue_info:1472: calc#1: 排行: try_fetch_result periodly report remaining_qize=4 sync_batch_size=100 processed_result=150258, speed=2230.80/s totalWork=7
2021-07-14 19:54:23,392 WARNI [DNFCalculating] 计算线程:1581: 所有工作线程均已完成计算，总计用时=01m7.78s
2021-07-14 19:54:23,790 INFO  [DNFCalculating] log_result_queue_info:1472: calc#1: 排行: after join remaining_qize=2 sync_batch_size=100 processed_result=150589, speed=2219.07/s totalWork=7
2021-07-14 19:54:23,791 INFO  [DNFCalculating] log_result_queue_info:1472: calc#1: 排行: try_fetch_result periodly report remaining_qize=1 sync_batch_size=100 processed_result=150689, speed=2220.51/s totalWork=7
2021-07-14 19:54:23,792 INFO  [DNFCalculating] log_result_queue_info:1472: calc#1: 排行: after final remaining_qize=0 sync_batch_size=100 processed_result=150720, speed=2220.94/s totalWork=7
2021-07-14 19:54:58,739 ERROR [DNFCalculating] 载入json:2491: '奥兹玛选择'
2021-07-14 19:55:18,194 INFO  [DNFCalculating] 计算线程:1459: 开始计算
2021-07-14 19:55:18,990 INFO  [DNFCalculating] log_result_queue_info:1472: calc#2: 排行: try_fetch_result_in_background remaining_qize=0 sync_batch_size=100 processed_result=0, speed=0.00/s totalWork=0
2021-07-14 19:55:19,594 INFO  [DNFCalculating] log_result_queue_info:1472: calc#2: 排行: try_fetch_result_in_background remaining_qize=0 sync_batch_size=100 processed_result=0, speed=0.00/s totalWork=0
2021-07-14 19:55:20,197 INFO  [DNFCalculating] log_result_queue_info:1472: calc#2: 排行: try_fetch_result_in_background remaining_qize=0 sync_batch_size=100 processed_result=0, speed=0.00/s totalWork=0
2021-07-14 19:55:20,721 INFO  [DNFCalculating] log_result_queue_info:1472: calc#2: 排行: try_fetch_result_in_background remaining_qize=0 sync_batch_size=100 processed_result=0, speed=0.00/s totalWork=7
2021-07-14 19:55:21,227 INFO  [DNFCalculating] log_result_queue_info:1472: calc#2: 排行: try_fetch_result_in_background remaining_qize=0 sync_batch_size=100 processed_result=0, speed=0.00/s totalWork=7
2021-07-14 19:55:21,729 INFO  [DNFCalculating] log_result_queue_info:1472: calc#2: 排行: try_fetch_result_in_background remaining_qize=0 sync_batch_size=100 processed_result=0, speed=0.00/s totalWork=7
2021-07-14 19:55:22,237 INFO  [DNFCalculating] log_result_queue_info:1472: calc#2: 排行: try_fetch_result_in_background remaining_qize=0 sync_batch_size=100 processed_result=0, speed=0.00/s totalWork=7
2021-07-14 19:55:22,742 INFO  [DNFCalculating] log_result_queue_info:1472: calc#2: 排行: try_fetch_result_in_background remaining_qize=0 sync_batch_size=100 processed_result=0, speed=0.00/s totalWork=7
2021-07-14 19:55:23,247 INFO  [DNFCalculating] log_result_queue_info:1472: calc#2: 排行: try_fetch_result_in_background remaining_qize=0 sync_batch_size=100 processed_result=0, speed=0.00/s totalWork=7
2021-07-14 19:55:23,757 INFO  [DNFCalculating] log_result_queue_info:1472: calc#2: 排行: try_fetch_result_in_background remaining_qize=0 sync_batch_size=100 processed_result=0, speed=0.00/s totalWork=7
2021-07-14 19:55:24,264 INFO  [DNFCalculating] log_result_queue_info:1472: calc#2: 排行: try_fetch_result_in_background remaining_qize=0 sync_batch_size=100 processed_result=0, speed=0.00/s totalWork=7
2021-07-14 19:55:24,772 INFO  [DNFCalculating] log_result_queue_info:1472: calc#2: 排行: try_fetch_result_in_background remaining_qize=0 sync_batch_size=100 processed_result=0, speed=0.00/s totalWork=7
2021-07-14 19:55:25,277 INFO  [DNFCalculating] log_result_queue_info:1472: calc#2: 排行: try_fetch_result_in_background remaining_qize=0 sync_batch_size=100 processed_result=0, speed=0.00/s totalWork=7
2021-07-14 19:55:25,782 INFO  [DNFCalculating] log_result_queue_info:1472: calc#2: 排行: try_fetch_result_in_background remaining_qize=0 sync_batch_size=100 processed_result=0, speed=0.00/s totalWork=7
2021-07-14 19:55:26,291 INFO  [DNFCalculating] log_result_queue_info:1472: calc#2: 排行: try_fetch_result_in_background remaining_qize=0 sync_batch_size=100 processed_result=0, speed=0.00/s totalWork=7
2021-07-14 19:55:26,797 INFO  [DNFCalculating] log_result_queue_info:1472: calc#2: 排行: try_fetch_result_in_background remaining_qize=0 sync_batch_size=100 processed_result=0, speed=0.00/s totalWork=7
2021-07-14 19:55:27,302 INFO  [DNFCalculating] log_result_queue_info:1472: calc#2: 排行: try_fetch_result_in_background remaining_qize=0 sync_batch_size=100 processed_result=0, speed=0.00/s totalWork=7
2021-07-14 19:55:27,807 INFO  [DNFCalculating] log_result_queue_info:1472: calc#2: 排行: try_fetch_result_in_background remaining_qize=0 sync_batch_size=100 processed_result=0, speed=0.00/s totalWork=7
2021-07-14 19:55:28,311 INFO  [DNFCalculating] log_result_queue_info:1472: calc#2: 排行: try_fetch_result_in_background remaining_qize=0 sync_batch_size=100 processed_result=0, speed=0.00/s totalWork=7
2021-07-14 19:55:28,816 INFO  [DNFCalculating] log_result_queue_info:1472: calc#2: 排行: try_fetch_result_in_background remaining_qize=1 sync_batch_size=100 processed_result=0, speed=0.00/s totalWork=7
2021-07-14 19:55:29,323 INFO  [DNFCalculating] log_result_queue_info:1472: calc#2: 排行: try_fetch_result_in_background remaining_qize=0 sync_batch_size=100 processed_result=100, speed=9.52/s totalWork=7
2021-07-14 19:55:29,827 INFO  [DNFCalculating] log_result_queue_info:1472: calc#2: 排行: try_fetch_result_in_background remaining_qize=1 sync_batch_size=100 processed_result=100, speed=9.08/s totalWork=7
2021-07-14 19:55:30,331 INFO  [DNFCalculating] log_result_queue_info:1472: calc#2: 排行: try_fetch_result_in_background remaining_qize=1 sync_batch_size=100 processed_result=200, speed=17.37/s totalWork=7
2021-07-14 19:55:30,834 INFO  [DNFCalculating] log_result_queue_info:1472: calc#2: 排行: try_fetch_result_in_background remaining_qize=0 sync_batch_size=100 processed_result=300, speed=24.97/s totalWork=7
2021-07-14 19:55:31,337 INFO  [DNFCalculating] log_result_queue_info:1472: calc#2: 排行: try_fetch_result_in_background remaining_qize=1 sync_batch_size=100 processed_result=300, speed=23.96/s totalWork=7
2021-07-14 19:55:31,854 INFO  [DNFCalculating] log_result_queue_info:1472: calc#2: 排行: try_fetch_result_in_background remaining_qize=1 sync_batch_size=100 processed_result=400, speed=30.69/s totalWork=7
2021-07-14 19:55:32,359 INFO  [DNFCalculating] log_result_queue_info:1472: calc#2: 排行: try_fetch_result_in_background remaining_qize=1 sync_batch_size=100 processed_result=500, speed=36.92/s totalWork=7
2021-07-14 19:55:32,866 INFO  [DNFCalculating] log_result_queue_info:1472: calc#2: 排行: try_fetch_result_in_background remaining_qize=0 sync_batch_size=100 processed_result=600, speed=42.71/s totalWork=7
2021-07-14 19:55:33,375 INFO  [DNFCalculating] log_result_queue_info:1472: calc#2: 排行: try_fetch_result_in_background remaining_qize=1 sync_batch_size=100 processed_result=600, speed=41.22/s totalWork=7
2021-07-14 19:55:33,879 INFO  [DNFCalculating] log_result_queue_info:1472: calc#2: 排行: try_fetch_result_in_background remaining_qize=0 sync_batch_size=100 processed_result=700, speed=46.48/s totalWork=7
2021-07-14 19:55:34,383 INFO  [DNFCalculating] log_result_queue_info:1472: calc#2: 排行: try_fetch_result_in_background remaining_qize=0 sync_batch_size=100 processed_result=700, speed=44.97/s totalWork=7
2021-07-14 19:55:34,891 INFO  [DNFCalculating] log_result_queue_info:1472: calc#2: 排行: try_fetch_result_in_background remaining_qize=0 sync_batch_size=100 processed_result=700, speed=43.55/s totalWork=7
2021-07-14 19:55:35,395 INFO  [DNFCalculating] log_result_queue_info:1472: calc#2: 排行: try_fetch_result_in_background remaining_qize=0 sync_batch_size=100 processed_result=700, speed=42.23/s totalWork=7
2021-07-14 19:55:35,900 INFO  [DNFCalculating] log_result_queue_info:1472: calc#2: 排行: try_fetch_result_in_background remaining_qize=0 sync_batch_size=100 processed_result=700, speed=40.98/s totalWork=7
2021-07-14 19:55:36,406 INFO  [DNFCalculating] log_result_queue_info:1472: calc#2: 排行: try_fetch_result_in_background remaining_qize=0 sync_batch_size=100 processed_result=700, speed=39.80/s totalWork=7
