2021-05-17 12:16:46,586 DEBUG [urllib3.connectionpool] _new_conn:971: Starting new HTTPS connection (1): pan.lanzous.com:443
2021-05-17 12:16:46,616 DEBUG [urllib3.connectionpool] _new_conn:971: Starting new HTTPS connection (1): pan.lanzous.com:443
2021-05-17 12:17:16,056 ERROR [DNFCalculating] 载入json:3481: list index out of range
2021-05-17 12:18:41,533 INFO  [DNFCalculating] 计算线程:1354: 开始计算
2021-05-17 12:18:42,188 INFO  [DNFCalculating] log_result_queue_info:1367: calc#1: 排行: try_fetch_result_in_background remaining_qize=0 sync_batch_size=100 processed_result=0, speed=0.00/s totalWork=2
2021-05-17 12:18:42,418 WARNI [DNFCalculating] 计算线程:1476: 所有工作线程均已完成计算，总计用时=0.88s
2021-05-17 12:18:42,709 INFO  [DNFCalculating] log_result_queue_info:1367: calc#1: 排行: after join remaining_qize=2 sync_batch_size=100 processed_result=0, speed=0.00/s totalWork=2
2021-05-17 12:18:42,710 INFO  [DNFCalculating] log_result_queue_info:1367: calc#1: 排行: after final remaining_qize=0 sync_batch_size=100 processed_result=2, speed=3.80/s totalWork=2
2021-05-17 12:18:56,538 INFO  [DNFCalculating] 计算线程:1354: 开始计算
2021-05-17 12:18:57,136 INFO  [DNFCalculating] log_result_queue_info:1367: calc#2: 排行: try_fetch_result_in_background remaining_qize=0 sync_batch_size=100 processed_result=0, speed=0.00/s totalWork=0
2021-05-17 12:18:57,252 WARNI [DNFCalculating] 计算线程:1476: 所有工作线程均已完成计算，总计用时=0.71s
2021-05-17 12:18:57,638 INFO  [DNFCalculating] log_result_queue_info:1367: calc#2: 排行: after join remaining_qize=2 sync_batch_size=100 processed_result=0, speed=0.00/s totalWork=2
2021-05-17 12:18:57,640 INFO  [DNFCalculating] log_result_queue_info:1367: calc#2: 排行: after final remaining_qize=0 sync_batch_size=100 processed_result=2, speed=3.95/s totalWork=2
2021-05-17 12:19:26,349 INFO  [DNFCalculating] 计算线程:1354: 开始计算
2021-05-17 12:19:26,965 INFO  [DNFCalculating] log_result_queue_info:1367: calc#3: 排行: try_fetch_result_in_background remaining_qize=0 sync_batch_size=100 processed_result=0, speed=0.00/s totalWork=0
2021-05-17 12:19:27,534 INFO  [DNFCalculating] log_result_queue_info:1367: calc#3: 排行: try_fetch_result_in_background remaining_qize=0 sync_batch_size=100 processed_result=0, speed=0.00/s totalWork=7
2021-05-17 12:19:28,041 INFO  [DNFCalculating] log_result_queue_info:1367: calc#3: 排行: try_fetch_result_in_background remaining_qize=1 sync_batch_size=100 processed_result=0, speed=0.00/s totalWork=7
2021-05-17 12:19:28,549 INFO  [DNFCalculating] log_result_queue_info:1367: calc#3: 排行: try_fetch_result_in_background remaining_qize=2 sync_batch_size=100 processed_result=100, speed=57.55/s totalWork=7
2021-05-17 12:19:29,056 INFO  [DNFCalculating] log_result_queue_info:1367: calc#3: 排行: try_fetch_result_in_background remaining_qize=8 sync_batch_size=100 processed_result=300, speed=133.64/s totalWork=7
2021-05-17 12:19:29,065 INFO  [DNFCalculating] log_result_queue_info:1367: calc#3: 排行: try_fetch_result periodly report remaining_qize=1 sync_batch_size=100 processed_result=1000, speed=443.79/s totalWork=7
2021-05-17 12:19:29,579 INFO  [DNFCalculating] log_result_queue_info:1367: calc#3: 排行: try_fetch_result_in_background remaining_qize=7 sync_batch_size=100 processed_result=1100, speed=397.44/s totalWork=7
2021-05-17 12:19:29,582 INFO  [DNFCalculating] log_result_queue_info:1367: calc#3: 排行: try_fetch_result periodly report remaining_qize=6 sync_batch_size=100 processed_result=1200, speed=433.11/s totalWork=7
2021-05-17 12:19:30,101 INFO  [DNFCalculating] log_result_queue_info:1367: calc#3: 排行: try_fetch_result_in_background remaining_qize=7 sync_batch_size=100 processed_result=1800, speed=547.12/s totalWork=7
2021-05-17 12:19:30,104 INFO  [DNFCalculating] log_result_queue_info:1367: calc#3: 排行: try_fetch_result periodly report remaining_qize=6 sync_batch_size=100 processed_result=1900, speed=577.08/s totalWork=7
2021-05-17 12:19:30,106 INFO  [DNFCalculating] log_result_queue_info:1367: calc#3: 排行: try_fetch_result periodly report remaining_qize=5 sync_batch_size=100 processed_result=2000, speed=607.08/s totalWork=7
2021-05-17 12:19:30,624 INFO  [DNFCalculating] log_result_queue_info:1367: calc#3: 排行: try_fetch_result_in_background remaining_qize=7 sync_batch_size=100 processed_result=2500, speed=655.69/s totalWork=7
2021-05-17 12:19:30,627 INFO  [DNFCalculating] log_result_queue_info:1367: calc#3: 排行: try_fetch_result periodly report remaining_qize=6 sync_batch_size=100 processed_result=2600, speed=681.48/s totalWork=7
2021-05-17 12:19:30,633 INFO  [DNFCalculating] log_result_queue_info:1367: calc#3: 排行: try_fetch_result periodly report remaining_qize=2 sync_batch_size=100 processed_result=3000, speed=785.10/s totalWork=7
2021-05-17 12:19:31,147 INFO  [DNFCalculating] log_result_queue_info:1367: calc#3: 排行: try_fetch_result_in_background remaining_qize=9 sync_batch_size=100 processed_result=3200, speed=738.00/s totalWork=7
2021-05-17 12:19:31,150 INFO  [DNFCalculating] log_result_queue_info:1367: calc#3: 排行: try_fetch_result periodly report remaining_qize=8 sync_batch_size=100 processed_result=3300, speed=760.54/s totalWork=7
2021-05-17 12:19:31,160 INFO  [DNFCalculating] log_result_queue_info:1367: calc#3: 排行: try_fetch_result periodly report remaining_qize=1 sync_batch_size=100 processed_result=4000, speed=919.76/s totalWork=7
2021-05-17 12:19:31,670 INFO  [DNFCalculating] log_result_queue_info:1367: calc#3: 排行: try_fetch_result_in_background remaining_qize=9 sync_batch_size=100 processed_result=4100, speed=843.91/s totalWork=7
2021-05-17 12:19:31,672 INFO  [DNFCalculating] log_result_queue_info:1367: calc#3: 排行: try_fetch_result periodly report remaining_qize=8 sync_batch_size=100 processed_result=4200, speed=864.06/s totalWork=7
2021-05-17 12:19:31,683 INFO  [DNFCalculating] log_result_queue_info:1367: calc#3: 排行: try_fetch_result periodly report remaining_qize=0 sync_batch_size=100 processed_result=5000, speed=1026.43/s totalWork=7
2021-05-17 12:19:32,192 INFO  [DNFCalculating] log_result_queue_info:1367: calc#3: 排行: try_fetch_result_in_background remaining_qize=9 sync_batch_size=100 processed_result=5000, speed=929.18/s totalWork=7
2021-05-17 12:19:32,195 INFO  [DNFCalculating] log_result_queue_info:1367: calc#3: 排行: try_fetch_result periodly report remaining_qize=8 sync_batch_size=100 processed_result=5100, speed=947.32/s totalWork=7
2021-05-17 12:19:32,716 INFO  [DNFCalculating] log_result_queue_info:1367: calc#3: 排行: try_fetch_result_in_background remaining_qize=7 sync_batch_size=100 processed_result=5900, speed=999.26/s totalWork=7
2021-05-17 12:19:32,718 INFO  [DNFCalculating] log_result_queue_info:1367: calc#3: 排行: try_fetch_result periodly report remaining_qize=6 sync_batch_size=100 processed_result=6000, speed=1015.85/s totalWork=7
2021-05-17 12:19:33,238 INFO  [DNFCalculating] log_result_queue_info:1367: calc#3: 排行: try_fetch_result_in_background remaining_qize=7 sync_batch_size=100 processed_result=6600, speed=1026.97/s totalWork=7
2021-05-17 12:19:33,240 INFO  [DNFCalculating] log_result_queue_info:1367: calc#3: 排行: try_fetch_result periodly report remaining_qize=6 sync_batch_size=100 processed_result=6700, speed=1042.13/s totalWork=7
2021-05-17 12:19:33,244 INFO  [DNFCalculating] log_result_queue_info:1367: calc#3: 排行: try_fetch_result periodly report remaining_qize=3 sync_batch_size=100 processed_result=7000, speed=1088.12/s totalWork=7
2021-05-17 12:19:33,761 INFO  [DNFCalculating] log_result_queue_info:1367: calc#3: 排行: try_fetch_result_in_background remaining_qize=8 sync_batch_size=100 processed_result=7300, speed=1050.44/s totalWork=7
2021-05-17 12:19:33,763 INFO  [DNFCalculating] log_result_queue_info:1367: calc#3: 排行: try_fetch_result periodly report remaining_qize=7 sync_batch_size=100 processed_result=7400, speed=1064.53/s totalWork=7
2021-05-17 12:19:33,771 INFO  [DNFCalculating] log_result_queue_info:1367: calc#3: 排行: try_fetch_result periodly report remaining_qize=1 sync_batch_size=100 processed_result=8000, speed=1149.53/s totalWork=7
2021-05-17 12:19:34,284 INFO  [DNFCalculating] log_result_queue_info:1367: calc#3: 排行: try_fetch_result_in_background remaining_qize=10 sync_batch_size=100 processed_result=8100, speed=1084.01/s totalWork=7
2021-05-17 12:19:34,286 INFO  [DNFCalculating] log_result_queue_info:1367: calc#3: 排行: try_fetch_result periodly report remaining_qize=9 sync_batch_size=100 processed_result=8200, speed=1097.03/s totalWork=7
2021-05-17 12:19:34,298 INFO  [DNFCalculating] log_result_queue_info:1367: calc#3: 排行: try_fetch_result periodly report remaining_qize=3 sync_batch_size=100 processed_result=9000, speed=1202.06/s totalWork=7
2021-05-17 12:19:34,807 INFO  [DNFCalculating] log_result_queue_info:1367: calc#3: 排行: try_fetch_result_in_background remaining_qize=9 sync_batch_size=100 processed_result=9300, speed=1163.22/s totalWork=7
2021-05-17 12:19:34,808 INFO  [DNFCalculating] log_result_queue_info:1367: calc#3: 排行: try_fetch_result periodly report remaining_qize=8 sync_batch_size=100 processed_result=9400, speed=1175.44/s totalWork=7
2021-05-17 12:19:34,816 INFO  [DNFCalculating] log_result_queue_info:1367: calc#3: 排行: try_fetch_result periodly report remaining_qize=2 sync_batch_size=100 processed_result=10000, speed=1249.31/s totalWork=7
2021-05-17 12:19:35,330 INFO  [DNFCalculating] log_result_queue_info:1367: calc#3: 排行: try_fetch_result_in_background remaining_qize=7 sync_batch_size=100 processed_result=10200, speed=1197.49/s totalWork=7
2021-05-17 12:19:35,332 INFO  [DNFCalculating] log_result_queue_info:1367: calc#3: 排行: try_fetch_result periodly report remaining_qize=7 sync_batch_size=100 processed_result=10300, speed=1208.88/s totalWork=7
2021-05-17 12:19:35,341 INFO  [DNFCalculating] log_result_queue_info:1367: calc#3: 排行: try_fetch_result periodly report remaining_qize=0 sync_batch_size=100 processed_result=11000, speed=1289.68/s totalWork=7
2021-05-17 12:19:35,852 INFO  [DNFCalculating] log_result_queue_info:1367: calc#3: 排行: try_fetch_result_in_background remaining_qize=11 sync_batch_size=100 processed_result=11000, speed=1216.73/s totalWork=7
2021-05-17 12:19:35,854 INFO  [DNFCalculating] log_result_queue_info:1367: calc#3: 排行: try_fetch_result periodly report remaining_qize=10 sync_batch_size=100 processed_result=11100, speed=1227.46/s totalWork=7
2021-05-17 12:19:35,865 INFO  [DNFCalculating] log_result_queue_info:1367: calc#3: 排行: try_fetch_result periodly report remaining_qize=1 sync_batch_size=100 processed_result=12000, speed=1325.38/s totalWork=7
2021-05-17 12:19:36,375 INFO  [DNFCalculating] log_result_queue_info:1367: calc#3: 排行: try_fetch_result_in_background remaining_qize=9 sync_batch_size=100 processed_result=12100, speed=1265.18/s totalWork=7
2021-05-17 12:19:36,377 INFO  [DNFCalculating] log_result_queue_info:1367: calc#3: 排行: try_fetch_result periodly report remaining_qize=8 sync_batch_size=100 processed_result=12200, speed=1275.37/s totalWork=7
2021-05-17 12:19:36,388 INFO  [DNFCalculating] log_result_queue_info:1367: calc#3: 排行: try_fetch_result periodly report remaining_qize=0 sync_batch_size=100 processed_result=13000, speed=1357.45/s totalWork=7
2021-05-17 12:19:36,898 INFO  [DNFCalculating] log_result_queue_info:1367: calc#3: 排行: try_fetch_result_in_background remaining_qize=10 sync_batch_size=100 processed_result=13000, speed=1288.83/s totalWork=7
2021-05-17 12:19:36,900 INFO  [DNFCalculating] log_result_queue_info:1367: calc#3: 排行: try_fetch_result periodly report remaining_qize=9 sync_batch_size=100 processed_result=13100, speed=1298.43/s totalWork=7
2021-05-17 12:19:36,912 INFO  [DNFCalculating] log_result_queue_info:1367: calc#3: 排行: try_fetch_result periodly report remaining_qize=1 sync_batch_size=100 processed_result=14000, speed=1386.06/s totalWork=7
2021-05-17 12:19:37,421 INFO  [DNFCalculating] log_result_queue_info:1367: calc#3: 排行: try_fetch_result_in_background remaining_qize=8 sync_batch_size=100 processed_result=14100, speed=1329.07/s totalWork=7
2021-05-17 12:19:37,423 INFO  [DNFCalculating] log_result_queue_info:1367: calc#3: 排行: try_fetch_result periodly report remaining_qize=7 sync_batch_size=100 processed_result=14200, speed=1338.18/s totalWork=7
2021-05-17 12:19:37,944 INFO  [DNFCalculating] log_result_queue_info:1367: calc#3: 排行: try_fetch_result_in_background remaining_qize=9 sync_batch_size=100 processed_result=14900, speed=1338.51/s totalWork=7
2021-05-17 12:19:37,946 INFO  [DNFCalculating] log_result_queue_info:1367: calc#3: 排行: try_fetch_result periodly report remaining_qize=8 sync_batch_size=100 processed_result=15000, speed=1347.20/s totalWork=7
2021-05-17 12:19:38,466 INFO  [DNFCalculating] log_result_queue_info:1367: calc#3: 排行: try_fetch_result_in_background remaining_qize=9 sync_batch_size=100 processed_result=15800, speed=1355.70/s totalWork=7
2021-05-17 12:19:38,468 INFO  [DNFCalculating] log_result_queue_info:1367: calc#3: 排行: try_fetch_result periodly report remaining_qize=8 sync_batch_size=100 processed_result=15900, speed=1363.99/s totalWork=7
2021-05-17 12:19:38,470 INFO  [DNFCalculating] log_result_queue_info:1367: calc#3: 排行: try_fetch_result periodly report remaining_qize=7 sync_batch_size=100 processed_result=16000, speed=1372.33/s totalWork=7
2021-05-17 12:19:38,989 INFO  [DNFCalculating] log_result_queue_info:1367: calc#3: 排行: try_fetch_result_in_background remaining_qize=8 sync_batch_size=100 processed_result=16700, speed=1371.40/s totalWork=7
2021-05-17 12:19:38,991 INFO  [DNFCalculating] log_result_queue_info:1367: calc#3: 排行: try_fetch_result periodly report remaining_qize=7 sync_batch_size=100 processed_result=16800, speed=1379.33/s totalWork=7
2021-05-17 12:19:38,994 INFO  [DNFCalculating] log_result_queue_info:1367: calc#3: 排行: try_fetch_result periodly report remaining_qize=5 sync_batch_size=100 processed_result=17000, speed=1395.47/s totalWork=7
2021-05-17 12:19:39,511 INFO  [DNFCalculating] log_result_queue_info:1367: calc#3: 排行: try_fetch_result_in_background remaining_qize=8 sync_batch_size=100 processed_result=17500, speed=1377.94/s totalWork=7
2021-05-17 12:19:39,513 INFO  [DNFCalculating] log_result_queue_info:1367: calc#3: 排行: try_fetch_result periodly report remaining_qize=7 sync_batch_size=100 processed_result=17600, speed=1385.60/s totalWork=7
2021-05-17 12:19:39,519 INFO  [DNFCalculating] log_result_queue_info:1367: calc#3: 排行: try_fetch_result periodly report remaining_qize=3 sync_batch_size=100 processed_result=18000, speed=1416.48/s totalWork=7
2021-05-17 12:19:40,035 INFO  [DNFCalculating] log_result_queue_info:1367: calc#3: 排行: try_fetch_result_in_background remaining_qize=10 sync_batch_size=100 processed_result=18300, speed=1383.91/s totalWork=7
2021-05-17 12:19:40,036 INFO  [DNFCalculating] log_result_queue_info:1367: calc#3: 排行: try_fetch_result periodly report remaining_qize=9 sync_batch_size=100 processed_result=18400, speed=1391.32/s totalWork=7
2021-05-17 12:19:40,044 INFO  [DNFCalculating] log_result_queue_info:1367: calc#3: 排行: try_fetch_result periodly report remaining_qize=3 sync_batch_size=100 processed_result=19000, speed=1435.88/s totalWork=7
2021-05-17 12:19:40,557 INFO  [DNFCalculating] log_result_queue_info:1367: calc#3: 排行: try_fetch_result_in_background remaining_qize=11 sync_batch_size=100 processed_result=19300, speed=1404.08/s totalWork=7
2021-05-17 12:19:40,559 INFO  [DNFCalculating] log_result_queue_info:1367: calc#3: 排行: try_fetch_result periodly report remaining_qize=10 sync_batch_size=100 processed_result=19400, speed=1411.15/s totalWork=7
2021-05-17 12:19:40,566 INFO  [DNFCalculating] log_result_queue_info:1367: calc#3: 排行: try_fetch_result periodly report remaining_qize=4 sync_batch_size=100 processed_result=20000, speed=1454.01/s totalWork=7
2021-05-17 12:19:41,080 INFO  [DNFCalculating] log_result_queue_info:1367: calc#3: 排行: try_fetch_result_in_background remaining_qize=7 sync_batch_size=100 processed_result=20400, speed=1429.68/s totalWork=7
2021-05-17 12:19:41,083 INFO  [DNFCalculating] log_result_queue_info:1367: calc#3: 排行: try_fetch_result periodly report remaining_qize=6 sync_batch_size=100 processed_result=20500, speed=1436.44/s totalWork=7
2021-05-17 12:19:41,089 INFO  [DNFCalculating] log_result_queue_info:1367: calc#3: 排行: try_fetch_result periodly report remaining_qize=1 sync_batch_size=100 processed_result=21000, speed=1470.86/s totalWork=7
2021-05-17 12:19:41,603 INFO  [DNFCalculating] log_result_queue_info:1367: calc#3: 排行: try_fetch_result_in_background remaining_qize=9 sync_batch_size=100 processed_result=21100, speed=1426.47/s totalWork=7
2021-05-17 12:19:41,605 INFO  [DNFCalculating] log_result_queue_info:1367: calc#3: 排行: try_fetch_result periodly report remaining_qize=8 sync_batch_size=100 processed_result=21200, speed=1433.04/s totalWork=7
2021-05-17 12:19:41,614 INFO  [DNFCalculating] log_result_queue_info:1367: calc#3: 排行: try_fetch_result periodly report remaining_qize=0 sync_batch_size=100 processed_result=22000, speed=1486.17/s totalWork=7
2021-05-17 12:19:42,125 INFO  [DNFCalculating] log_result_queue_info:1367: calc#3: 排行: try_fetch_result_in_background remaining_qize=11 sync_batch_size=100 processed_result=22000, speed=1436.59/s totalWork=7
2021-05-17 12:19:42,128 INFO  [DNFCalculating] log_result_queue_info:1367: calc#3: 排行: try_fetch_result periodly report remaining_qize=10 sync_batch_size=100 processed_result=22100, speed=1442.89/s totalWork=7
2021-05-17 12:19:42,140 INFO  [DNFCalculating] log_result_queue_info:1367: calc#3: 排行: try_fetch_result periodly report remaining_qize=1 sync_batch_size=100 processed_result=23000, speed=1500.48/s totalWork=7
2021-05-17 12:19:42,649 INFO  [DNFCalculating] log_result_queue_info:1367: calc#3: 排行: try_fetch_result_in_background remaining_qize=7 sync_batch_size=100 processed_result=23100, speed=1458.58/s totalWork=7
2021-05-17 12:19:42,651 INFO  [DNFCalculating] log_result_queue_info:1367: calc#3: 排行: try_fetch_result periodly report remaining_qize=6 sync_batch_size=100 processed_result=23200, speed=1464.71/s totalWork=7
2021-05-17 12:19:43,171 INFO  [DNFCalculating] log_result_queue_info:1367: calc#3: 排行: try_fetch_result_in_background remaining_qize=7 sync_batch_size=100 processed_result=23800, speed=1454.81/s totalWork=7
2021-05-17 12:19:43,173 INFO  [DNFCalculating] log_result_queue_info:1367: calc#3: 排行: try_fetch_result periodly report remaining_qize=6 sync_batch_size=100 processed_result=23900, speed=1460.74/s totalWork=7
2021-05-17 12:19:43,175 INFO  [DNFCalculating] log_result_queue_info:1367: calc#3: 排行: try_fetch_result periodly report remaining_qize=5 sync_batch_size=100 processed_result=24000, speed=1466.63/s totalWork=7
2021-05-17 12:19:43,694 INFO  [DNFCalculating] log_result_queue_info:1367: calc#3: 排行: try_fetch_result_in_background remaining_qize=8 sync_batch_size=100 processed_result=24500, speed=1451.22/s totalWork=7
2021-05-17 12:19:43,696 INFO  [DNFCalculating] log_result_queue_info:1367: calc#3: 排行: try_fetch_result periodly report remaining_qize=7 sync_batch_size=100 processed_result=24600, speed=1456.97/s totalWork=7
2021-05-17 12:19:43,702 INFO  [DNFCalculating] log_result_queue_info:1367: calc#3: 排行: try_fetch_result periodly report remaining_qize=3 sync_batch_size=100 processed_result=25000, speed=1480.14/s totalWork=7
2021-05-17 12:19:44,218 INFO  [DNFCalculating] log_result_queue_info:1367: calc#3: 排行: try_fetch_result_in_background remaining_qize=9 sync_batch_size=100 processed_result=25400, speed=1459.21/s totalWork=7
2021-05-17 12:19:44,220 INFO  [DNFCalculating] log_result_queue_info:1367: calc#3: 排行: try_fetch_result periodly report remaining_qize=8 sync_batch_size=100 processed_result=25500, speed=1464.79/s totalWork=7
2021-05-17 12:19:44,226 INFO  [DNFCalculating] log_result_queue_info:1367: calc#3: 排行: try_fetch_result periodly report remaining_qize=3 sync_batch_size=100 processed_result=26000, speed=1493.00/s totalWork=7
2021-05-17 12:19:44,740 INFO  [DNFCalculating] log_result_queue_info:1367: calc#3: 排行: try_fetch_result_in_background remaining_qize=9 sync_batch_size=100 processed_result=26300, speed=1466.90/s totalWork=7
2021-05-17 12:19:44,742 INFO  [DNFCalculating] log_result_queue_info:1367: calc#3: 排行: try_fetch_result periodly report remaining_qize=8 sync_batch_size=100 processed_result=26400, speed=1472.32/s totalWork=7
2021-05-17 12:19:44,750 INFO  [DNFCalculating] log_result_queue_info:1367: calc#3: 排行: try_fetch_result periodly report remaining_qize=2 sync_batch_size=100 processed_result=27000, speed=1505.11/s totalWork=7
2021-05-17 12:19:45,262 INFO  [DNFCalculating] log_result_queue_info:1367: calc#3: 排行: try_fetch_result_in_background remaining_qize=9 sync_batch_size=100 processed_result=27200, speed=1474.20/s totalWork=7
2021-05-17 12:19:45,266 INFO  [DNFCalculating] log_result_queue_info:1367: calc#3: 排行: try_fetch_result periodly report remaining_qize=8 sync_batch_size=100 processed_result=27300, speed=1479.34/s totalWork=7
2021-05-17 12:19:45,274 INFO  [DNFCalculating] log_result_queue_info:1367: calc#3: 排行: try_fetch_result periodly report remaining_qize=1 sync_batch_size=100 processed_result=28000, speed=1516.54/s totalWork=7
2021-05-17 12:19:45,785 INFO  [DNFCalculating] log_result_queue_info:1367: calc#3: 排行: try_fetch_result_in_background remaining_qize=7 sync_batch_size=100 processed_result=28100, speed=1480.98/s totalWork=7
2021-05-17 12:19:45,787 INFO  [DNFCalculating] log_result_queue_info:1367: calc#3: 排行: try_fetch_result periodly report remaining_qize=6 sync_batch_size=100 processed_result=28200, speed=1486.09/s totalWork=7
2021-05-17 12:19:46,308 INFO  [DNFCalculating] log_result_queue_info:1367: calc#3: 排行: try_fetch_result_in_background remaining_qize=9 sync_batch_size=100 processed_result=28800, speed=1477.21/s totalWork=7
2021-05-17 12:19:46,310 INFO  [DNFCalculating] log_result_queue_info:1367: calc#3: 排行: try_fetch_result periodly report remaining_qize=8 sync_batch_size=100 processed_result=28900, speed=1482.18/s totalWork=7
2021-05-17 12:19:46,312 INFO  [DNFCalculating] log_result_queue_info:1367: calc#3: 排行: try_fetch_result periodly report remaining_qize=7 sync_batch_size=100 processed_result=29000, speed=1487.16/s totalWork=7
2021-05-17 12:19:46,831 INFO  [DNFCalculating] log_result_queue_info:1367: calc#3: 排行: try_fetch_result_in_background remaining_qize=9 sync_batch_size=100 processed_result=29700, speed=1483.55/s totalWork=7
2021-05-17 12:19:46,833 INFO  [DNFCalculating] log_result_queue_info:1367: calc#3: 排行: try_fetch_result periodly report remaining_qize=8 sync_batch_size=100 processed_result=29800, speed=1488.36/s totalWork=7
2021-05-17 12:19:46,836 INFO  [DNFCalculating] log_result_queue_info:1367: calc#3: 排行: try_fetch_result periodly report remaining_qize=6 sync_batch_size=100 processed_result=30000, speed=1498.13/s totalWork=7
2021-05-17 12:19:47,354 INFO  [DNFCalculating] log_result_queue_info:1367: calc#3: 排行: try_fetch_result_in_background remaining_qize=9 sync_batch_size=100 processed_result=30600, speed=1489.61/s totalWork=7
2021-05-17 12:19:47,356 INFO  [DNFCalculating] log_result_queue_info:1367: calc#3: 排行: try_fetch_result periodly report remaining_qize=8 sync_batch_size=100 processed_result=30700, speed=1494.33/s totalWork=7
2021-05-17 12:19:47,360 INFO  [DNFCalculating] log_result_queue_info:1367: calc#3: 排行: try_fetch_result periodly report remaining_qize=5 sync_batch_size=100 processed_result=31000, speed=1508.60/s totalWork=7
2021-05-17 12:19:47,876 INFO  [DNFCalculating] log_result_queue_info:1367: calc#3: 排行: try_fetch_result_in_background remaining_qize=8 sync_batch_size=100 processed_result=31500, speed=1495.36/s totalWork=7
2021-05-17 12:19:47,878 INFO  [DNFCalculating] log_result_queue_info:1367: calc#3: 排行: try_fetch_result periodly report remaining_qize=7 sync_batch_size=100 processed_result=31600, speed=1499.97/s totalWork=7
2021-05-17 12:19:47,884 INFO  [DNFCalculating] log_result_queue_info:1367: calc#3: 排行: try_fetch_result periodly report remaining_qize=3 sync_batch_size=100 processed_result=32000, speed=1518.53/s totalWork=7
2021-05-17 12:19:48,399 INFO  [DNFCalculating] log_result_queue_info:1367: calc#3: 排行: try_fetch_result_in_background remaining_qize=8 sync_batch_size=100 processed_result=32300, speed=1496.24/s totalWork=7
2021-05-17 12:19:48,401 INFO  [DNFCalculating] log_result_queue_info:1367: calc#3: 排行: try_fetch_result periodly report remaining_qize=7 sync_batch_size=100 processed_result=32400, speed=1500.70/s totalWork=7
2021-05-17 12:19:48,409 INFO  [DNFCalculating] log_result_queue_info:1367: calc#3: 排行: try_fetch_result periodly report remaining_qize=1 sync_batch_size=100 processed_result=33000, speed=1527.97/s totalWork=7
2021-05-17 12:19:48,922 INFO  [DNFCalculating] log_result_queue_info:1367: calc#3: 排行: try_fetch_result_in_background remaining_qize=8 sync_batch_size=100 processed_result=33100, speed=1497.05/s totalWork=7
2021-05-17 12:19:48,924 INFO  [DNFCalculating] log_result_queue_info:1367: calc#3: 排行: try_fetch_result periodly report remaining_qize=7 sync_batch_size=100 processed_result=33200, speed=1501.44/s totalWork=7
2021-05-17 12:19:48,934 INFO  [DNFCalculating] log_result_queue_info:1367: calc#3: 排行: try_fetch_result periodly report remaining_qize=0 sync_batch_size=100 processed_result=34000, speed=1536.86/s totalWork=7
2021-05-17 12:19:49,445 INFO  [DNFCalculating] log_result_queue_info:1367: calc#3: 排行: try_fetch_result_in_background remaining_qize=10 sync_batch_size=100 processed_result=34000, speed=1502.20/s totalWork=7
2021-05-17 12:19:49,447 INFO  [DNFCalculating] log_result_queue_info:1367: calc#3: 排行: try_fetch_result periodly report remaining_qize=9 sync_batch_size=100 processed_result=34100, speed=1506.49/s totalWork=7
2021-05-17 12:19:49,458 INFO  [DNFCalculating] log_result_queue_info:1367: calc#3: 排行: try_fetch_result periodly report remaining_qize=0 sync_batch_size=100 processed_result=35000, speed=1545.47/s totalWork=7
2021-05-17 12:19:49,967 INFO  [DNFCalculating] log_result_queue_info:1367: calc#3: 排行: try_fetch_result_in_background remaining_qize=7 sync_batch_size=100 processed_result=35000, speed=1511.50/s totalWork=7
2021-05-17 12:19:49,970 INFO  [DNFCalculating] log_result_queue_info:1367: calc#3: 排行: try_fetch_result periodly report remaining_qize=7 sync_batch_size=100 processed_result=35100, speed=1515.66/s totalWork=7
2021-05-17 12:19:50,490 INFO  [DNFCalculating] log_result_queue_info:1367: calc#3: 排行: try_fetch_result_in_background remaining_qize=9 sync_batch_size=100 processed_result=35800, speed=1511.92/s totalWork=7
2021-05-17 12:19:50,492 INFO  [DNFCalculating] log_result_queue_info:1367: calc#3: 排行: try_fetch_result periodly report remaining_qize=8 sync_batch_size=100 processed_result=35900, speed=1515.98/s totalWork=7
2021-05-17 12:19:50,494 INFO  [DNFCalculating] log_result_queue_info:1367: calc#3: 排行: try_fetch_result periodly report remaining_qize=7 sync_batch_size=100 processed_result=36000, speed=1520.11/s totalWork=7
2021-05-17 12:19:51,013 INFO  [DNFCalculating] log_result_queue_info:1367: calc#3: 排行: try_fetch_result_in_background remaining_qize=8 sync_batch_size=100 processed_result=36700, speed=1516.44/s totalWork=7
2021-05-17 12:19:51,015 INFO  [DNFCalculating] log_result_queue_info:1367: calc#3: 排行: try_fetch_result periodly report remaining_qize=7 sync_batch_size=100 processed_result=36800, speed=1520.42/s totalWork=7
2021-05-17 12:19:51,019 INFO  [DNFCalculating] log_result_queue_info:1367: calc#3: 排行: try_fetch_result periodly report remaining_qize=5 sync_batch_size=100 processed_result=37000, speed=1528.43/s totalWork=7
2021-05-17 12:19:51,535 INFO  [DNFCalculating] log_result_queue_info:1367: calc#3: 排行: try_fetch_result_in_background remaining_qize=10 sync_batch_size=100 processed_result=37600, speed=1520.78/s totalWork=7
2021-05-17 12:19:51,538 INFO  [DNFCalculating] log_result_queue_info:1367: calc#3: 排行: try_fetch_result periodly report remaining_qize=9 sync_batch_size=100 processed_result=37700, speed=1524.67/s totalWork=7
2021-05-17 12:19:51,542 INFO  [DNFCalculating] log_result_queue_info:1367: calc#3: 排行: try_fetch_result periodly report remaining_qize=6 sync_batch_size=100 processed_result=38000, speed=1536.56/s totalWork=7
2021-05-17 12:19:52,058 INFO  [DNFCalculating] log_result_queue_info:1367: calc#3: 排行: try_fetch_result_in_background remaining_qize=9 sync_batch_size=100 processed_result=38600, speed=1528.90/s totalWork=7
2021-05-17 12:19:52,065 INFO  [DNFCalculating] log_result_queue_info:1367: calc#3: 排行: try_fetch_result periodly report remaining_qize=8 sync_batch_size=100 processed_result=38700, speed=1532.44/s totalWork=7
2021-05-17 12:19:52,070 INFO  [DNFCalculating] log_result_queue_info:1367: calc#3: 排行: try_fetch_result periodly report remaining_qize=5 sync_batch_size=100 processed_result=39000, speed=1544.05/s totalWork=7
2021-05-17 12:19:52,582 INFO  [DNFCalculating] log_result_queue_info:1367: calc#3: 排行: try_fetch_result_in_background remaining_qize=7 sync_batch_size=100 processed_result=39500, speed=1532.78/s totalWork=7
2021-05-17 12:19:52,584 INFO  [DNFCalculating] log_result_queue_info:1367: calc#3: 排行: try_fetch_result periodly report remaining_qize=6 sync_batch_size=100 processed_result=39600, speed=1536.54/s totalWork=7
2021-05-17 12:19:52,588 INFO  [DNFCalculating] log_result_queue_info:1367: calc#3: 排行: try_fetch_result periodly report remaining_qize=2 sync_batch_size=100 processed_result=40000, speed=1551.76/s totalWork=7
2021-05-17 12:19:53,104 INFO  [DNFCalculating] log_result_queue_info:1367: calc#3: 排行: try_fetch_result_in_background remaining_qize=9 sync_batch_size=100 processed_result=40200, speed=1528.96/s totalWork=7
2021-05-17 12:19:53,106 INFO  [DNFCalculating] log_result_queue_info:1367: calc#3: 排行: try_fetch_result periodly report remaining_qize=8 sync_batch_size=100 processed_result=40300, speed=1532.61/s totalWork=7
2021-05-17 12:19:53,115 INFO  [DNFCalculating] log_result_queue_info:1367: calc#3: 排行: try_fetch_result periodly report remaining_qize=1 sync_batch_size=100 processed_result=41000, speed=1558.70/s totalWork=7
2021-05-17 12:19:53,627 INFO  [DNFCalculating] log_result_queue_info:1367: calc#3: 排行: try_fetch_result_in_background remaining_qize=7 sync_batch_size=100 processed_result=41100, speed=1532.68/s totalWork=7
2021-05-17 12:19:53,629 INFO  [DNFCalculating] log_result_queue_info:1367: calc#3: 排行: try_fetch_result periodly report remaining_qize=6 sync_batch_size=100 processed_result=41200, speed=1536.30/s totalWork=7
2021-05-17 12:19:54,149 INFO  [DNFCalculating] log_result_queue_info:1367: calc#3: 排行: try_fetch_result_in_background remaining_qize=10 sync_batch_size=100 processed_result=41800, speed=1529.01/s totalWork=7
2021-05-17 12:19:54,152 INFO  [DNFCalculating] log_result_queue_info:1367: calc#3: 排行: try_fetch_result periodly report remaining_qize=9 sync_batch_size=100 processed_result=41900, speed=1532.52/s totalWork=7
2021-05-17 12:19:54,154 INFO  [DNFCalculating] log_result_queue_info:1367: calc#3: 排行: try_fetch_result periodly report remaining_qize=8 sync_batch_size=100 processed_result=42000, speed=1536.10/s totalWork=7
2021-05-17 12:19:54,672 INFO  [DNFCalculating] log_result_queue_info:1367: calc#3: 排行: try_fetch_result_in_background remaining_qize=8 sync_batch_size=100 processed_result=42800, speed=1536.21/s totalWork=7
2021-05-17 12:19:54,674 INFO  [DNFCalculating] log_result_queue_info:1367: calc#3: 排行: try_fetch_result periodly report remaining_qize=7 sync_batch_size=100 processed_result=42900, speed=1539.69/s totalWork=7
2021-05-17 12:19:54,676 INFO  [DNFCalculating] log_result_queue_info:1367: calc#3: 排行: try_fetch_result periodly report remaining_qize=6 sync_batch_size=100 processed_result=43000, speed=1543.17/s totalWork=7
2021-05-17 12:19:55,195 INFO  [DNFCalculating] log_result_queue_info:1367: calc#3: 排行: try_fetch_result_in_background remaining_qize=9 sync_batch_size=100 processed_result=43600, speed=1536.07/s totalWork=7
2021-05-17 12:19:55,199 INFO  [DNFCalculating] log_result_queue_info:1367: calc#3: 排行: try_fetch_result periodly report remaining_qize=8 sync_batch_size=100 processed_result=43700, speed=1539.41/s totalWork=7
2021-05-17 12:19:55,203 INFO  [DNFCalculating] log_result_queue_info:1367: calc#3: 排行: try_fetch_result periodly report remaining_qize=5 sync_batch_size=100 processed_result=44000, speed=1549.76/s totalWork=7
2021-05-17 12:19:55,718 INFO  [DNFCalculating] log_result_queue_info:1367: calc#3: 排行: try_fetch_result_in_background remaining_qize=8 sync_batch_size=100 processed_result=44500, speed=1539.45/s totalWork=7
2021-05-17 12:19:55,720 INFO  [DNFCalculating] log_result_queue_info:1367: calc#3: 排行: try_fetch_result periodly report remaining_qize=7 sync_batch_size=100 processed_result=44600, speed=1542.81/s totalWork=7
2021-05-17 12:19:55,725 INFO  [DNFCalculating] log_result_queue_info:1367: calc#3: 排行: try_fetch_result periodly report remaining_qize=3 sync_batch_size=100 processed_result=45000, speed=1556.35/s totalWork=7
2021-05-17 12:19:56,241 INFO  [DNFCalculating] log_result_queue_info:1367: calc#3: 排行: try_fetch_result_in_background remaining_qize=7 sync_batch_size=100 processed_result=45400, speed=1542.69/s totalWork=7
2021-05-17 12:19:56,242 INFO  [DNFCalculating] log_result_queue_info:1367: calc#3: 排行: try_fetch_result periodly report remaining_qize=6 sync_batch_size=100 processed_result=45500, speed=1545.98/s totalWork=7
2021-05-17 12:19:56,249 INFO  [DNFCalculating] log_result_queue_info:1367: calc#3: 排行: try_fetch_result periodly report remaining_qize=2 sync_batch_size=100 processed_result=46000, speed=1562.60/s totalWork=7
2021-05-17 12:19:56,764 INFO  [DNFCalculating] log_result_queue_info:1367: calc#3: 排行: try_fetch_result_in_background remaining_qize=9 sync_batch_size=100 processed_result=46200, speed=1542.47/s totalWork=7
2021-05-17 12:19:56,766 INFO  [DNFCalculating] log_result_queue_info:1367: calc#3: 排行: try_fetch_result periodly report remaining_qize=8 sync_batch_size=100 processed_result=46300, speed=1545.68/s totalWork=7
2021-05-17 12:19:56,774 INFO  [DNFCalculating] log_result_queue_info:1367: calc#3: 排行: try_fetch_result periodly report remaining_qize=1 sync_batch_size=100 processed_result=47000, speed=1568.61/s totalWork=7
2021-05-17 12:19:57,286 INFO  [DNFCalculating] log_result_queue_info:1367: calc#3: 排行: try_fetch_result_in_background remaining_qize=7 sync_batch_size=100 processed_result=47100, speed=1545.54/s totalWork=7
2021-05-17 12:19:57,289 INFO  [DNFCalculating] log_result_queue_info:1367: calc#3: 排行: try_fetch_result periodly report remaining_qize=6 sync_batch_size=100 processed_result=47200, speed=1548.70/s totalWork=7
2021-05-17 12:19:57,809 INFO  [DNFCalculating] log_result_queue_info:1367: calc#3: 排行: try_fetch_result_in_background remaining_qize=7 sync_batch_size=100 processed_result=47800, speed=1542.03/s totalWork=7
2021-05-17 12:19:57,812 INFO  [DNFCalculating] log_result_queue_info:1367: calc#3: 排行: try_fetch_result periodly report remaining_qize=6 sync_batch_size=100 processed_result=47900, speed=1545.16/s totalWork=7
2021-05-17 12:19:57,814 INFO  [DNFCalculating] log_result_queue_info:1367: calc#3: 排行: try_fetch_result periodly report remaining_qize=5 sync_batch_size=100 processed_result=48000, speed=1548.26/s totalWork=7
2021-05-17 12:19:58,332 INFO  [DNFCalculating] log_result_queue_info:1367: calc#3: 排行: try_fetch_result_in_background remaining_qize=8 sync_batch_size=100 processed_result=48500, speed=1538.69/s totalWork=7
2021-05-17 12:19:58,334 INFO  [DNFCalculating] log_result_queue_info:1367: calc#3: 排行: try_fetch_result periodly report remaining_qize=7 sync_batch_size=100 processed_result=48600, speed=1541.74/s totalWork=7
2021-05-17 12:19:58,340 INFO  [DNFCalculating] log_result_queue_info:1367: calc#3: 排行: try_fetch_result periodly report remaining_qize=3 sync_batch_size=100 processed_result=49000, speed=1554.14/s totalWork=7
2021-05-17 12:19:58,854 INFO  [DNFCalculating] log_result_queue_info:1367: calc#3: 排行: try_fetch_result_in_background remaining_qize=6 sync_batch_size=100 processed_result=49300, speed=1538.55/s totalWork=7
2021-05-17 12:19:58,856 INFO  [DNFCalculating] log_result_queue_info:1367: calc#3: 排行: try_fetch_result periodly report remaining_qize=5 sync_batch_size=100 processed_result=49400, speed=1541.58/s totalWork=7
2021-05-17 12:19:59,378 INFO  [DNFCalculating] log_result_queue_info:1367: calc#3: 排行: try_fetch_result_in_background remaining_qize=7 sync_batch_size=100 processed_result=49900, speed=1532.26/s totalWork=7
2021-05-17 12:19:59,380 INFO  [DNFCalculating] log_result_queue_info:1367: calc#3: 排行: try_fetch_result periodly report remaining_qize=6 sync_batch_size=100 processed_result=50000, speed=1535.21/s totalWork=7
2021-05-17 12:19:59,900 INFO  [DNFCalculating] log_result_queue_info:1367: calc#3: 排行: try_fetch_result_in_background remaining_qize=9 sync_batch_size=100 processed_result=50600, speed=1529.22/s totalWork=7
2021-05-17 12:19:59,902 INFO  [DNFCalculating] log_result_queue_info:1367: calc#3: 排行: try_fetch_result periodly report remaining_qize=9 sync_batch_size=100 processed_result=50700, speed=1532.13/s totalWork=7
2021-05-17 12:19:59,907 INFO  [DNFCalculating] log_result_queue_info:1367: calc#3: 排行: try_fetch_result periodly report remaining_qize=6 sync_batch_size=100 processed_result=51000, speed=1540.99/s totalWork=7
2021-05-17 12:20:00,423 INFO  [DNFCalculating] log_result_queue_info:1367: calc#3: 排行: try_fetch_result_in_background remaining_qize=5 sync_batch_size=100 processed_result=51600, speed=1535.19/s totalWork=7
2021-05-17 12:20:00,425 INFO  [DNFCalculating] log_result_queue_info:1367: calc#3: 排行: try_fetch_result periodly report remaining_qize=4 sync_batch_size=100 processed_result=51700, speed=1538.05/s totalWork=7
2021-05-17 12:20:00,429 INFO  [DNFCalculating] log_result_queue_info:1367: calc#3: 排行: try_fetch_result periodly report remaining_qize=1 sync_batch_size=100 processed_result=52000, speed=1546.79/s totalWork=7
2021-05-17 12:20:00,946 INFO  [DNFCalculating] log_result_queue_info:1367: calc#3: 排行: try_fetch_result_in_background remaining_qize=8 sync_batch_size=100 processed_result=52100, speed=1526.31/s totalWork=7
2021-05-17 12:20:00,948 INFO  [DNFCalculating] log_result_queue_info:1367: calc#3: 排行: try_fetch_result periodly report remaining_qize=8 sync_batch_size=100 processed_result=52200, speed=1529.15/s totalWork=7
2021-05-17 12:20:00,959 INFO  [DNFCalculating] log_result_queue_info:1367: calc#3: 排行: try_fetch_result periodly report remaining_qize=1 sync_batch_size=100 processed_result=53000, speed=1552.08/s totalWork=7
2021-05-17 12:20:01,469 INFO  [DNFCalculating] log_result_queue_info:1367: calc#3: 排行: try_fetch_result_in_background remaining_qize=9 sync_batch_size=100 processed_result=53100, speed=1532.16/s totalWork=7
2021-05-17 12:20:01,471 INFO  [DNFCalculating] log_result_queue_info:1367: calc#3: 排行: try_fetch_result periodly report remaining_qize=8 sync_batch_size=100 processed_result=53200, speed=1534.93/s totalWork=7
2021-05-17 12:20:01,481 INFO  [DNFCalculating] log_result_queue_info:1367: calc#3: 排行: try_fetch_result periodly report remaining_qize=0 sync_batch_size=100 processed_result=54000, speed=1557.55/s totalWork=7
2021-05-17 12:20:01,991 INFO  [DNFCalculating] log_result_queue_info:1367: calc#3: 排行: try_fetch_result_in_background remaining_qize=9 sync_batch_size=100 processed_result=54000, speed=1534.97/s totalWork=7
2021-05-17 12:20:01,994 INFO  [DNFCalculating] log_result_queue_info:1367: calc#3: 排行: try_fetch_result periodly report remaining_qize=8 sync_batch_size=100 processed_result=54100, speed=1537.71/s totalWork=7
2021-05-17 12:20:02,545 INFO  [DNFCalculating] log_result_queue_info:1367: calc#3: 排行: try_fetch_result_in_background remaining_qize=7 sync_batch_size=100 processed_result=54900, speed=1536.36/s totalWork=7
2021-05-17 12:20:02,547 INFO  [DNFCalculating] log_result_queue_info:1367: calc#3: 排行: try_fetch_result periodly report remaining_qize=6 sync_batch_size=100 processed_result=55000, speed=1539.07/s totalWork=7
2021-05-17 12:20:03,068 INFO  [DNFCalculating] log_result_queue_info:1367: calc#3: 排行: try_fetch_result_in_background remaining_qize=9 sync_batch_size=100 processed_result=55600, speed=1533.51/s totalWork=7
2021-05-17 12:20:03,070 INFO  [DNFCalculating] log_result_queue_info:1367: calc#3: 排行: try_fetch_result periodly report remaining_qize=8 sync_batch_size=100 processed_result=55700, speed=1536.19/s totalWork=7
2021-05-17 12:20:03,074 INFO  [DNFCalculating] log_result_queue_info:1367: calc#3: 排行: try_fetch_result periodly report remaining_qize=5 sync_batch_size=100 processed_result=56000, speed=1544.29/s totalWork=7
2021-05-17 12:20:03,591 INFO  [DNFCalculating] log_result_queue_info:1367: calc#3: 排行: try_fetch_result_in_background remaining_qize=10 sync_batch_size=100 processed_result=56600, speed=1538.90/s totalWork=7
2021-05-17 12:20:03,593 INFO  [DNFCalculating] log_result_queue_info:1367: calc#3: 排行: try_fetch_result periodly report remaining_qize=9 sync_batch_size=100 processed_result=56700, speed=1541.54/s totalWork=7
2021-05-17 12:20:03,597 INFO  [DNFCalculating] log_result_queue_info:1367: calc#3: 排行: try_fetch_result periodly report remaining_qize=6 sync_batch_size=100 processed_result=57000, speed=1549.51/s totalWork=7
2021-05-17 12:20:04,114 INFO  [DNFCalculating] log_result_queue_info:1367: calc#3: 排行: try_fetch_result_in_background remaining_qize=7 sync_batch_size=100 processed_result=57600, speed=1544.15/s totalWork=7
2021-05-17 12:20:04,116 INFO  [DNFCalculating] log_result_queue_info:1367: calc#3: 排行: try_fetch_result periodly report remaining_qize=6 sync_batch_size=100 processed_result=57700, speed=1546.72/s totalWork=7
2021-05-17 12:20:04,120 INFO  [DNFCalculating] log_result_queue_info:1367: calc#3: 排行: try_fetch_result periodly report remaining_qize=3 sync_batch_size=100 processed_result=58000, speed=1554.60/s totalWork=7
2021-05-17 12:20:04,636 INFO  [DNFCalculating] log_result_queue_info:1367: calc#3: 排行: try_fetch_result_in_background remaining_qize=8 sync_batch_size=100 processed_result=58300, speed=1541.33/s totalWork=7
2021-05-17 12:20:04,638 INFO  [DNFCalculating] log_result_queue_info:1367: calc#3: 排行: try_fetch_result periodly report remaining_qize=7 sync_batch_size=100 processed_result=58400, speed=1543.87/s totalWork=7
2021-05-17 12:20:04,647 INFO  [DNFCalculating] log_result_queue_info:1367: calc#3: 排行: try_fetch_result periodly report remaining_qize=1 sync_batch_size=100 processed_result=59000, speed=1559.37/s totalWork=7
2021-05-17 12:20:05,159 INFO  [DNFCalculating] log_result_queue_info:1367: calc#3: 排行: try_fetch_result_in_background remaining_qize=7 sync_batch_size=100 processed_result=59100, speed=1541.18/s totalWork=7
2021-05-17 12:20:05,161 INFO  [DNFCalculating] log_result_queue_info:1367: calc#3: 排行: try_fetch_result periodly report remaining_qize=6 sync_batch_size=100 processed_result=59200, speed=1543.69/s totalWork=7
2021-05-17 12:20:05,681 INFO  [DNFCalculating] log_result_queue_info:1367: calc#3: 排行: try_fetch_result_in_background remaining_qize=8 sync_batch_size=100 processed_result=59800, speed=1538.46/s totalWork=7
2021-05-17 12:20:05,683 INFO  [DNFCalculating] log_result_queue_info:1367: calc#3: 排行: try_fetch_result periodly report remaining_qize=7 sync_batch_size=100 processed_result=59900, speed=1540.95/s totalWork=7
2021-05-17 12:20:05,685 INFO  [DNFCalculating] log_result_queue_info:1367: calc#3: 排行: try_fetch_result periodly report remaining_qize=6 sync_batch_size=100 processed_result=60000, speed=1543.45/s totalWork=7
2021-05-17 12:20:06,204 INFO  [DNFCalculating] log_result_queue_info:1367: calc#3: 排行: try_fetch_result_in_background remaining_qize=9 sync_batch_size=100 processed_result=60600, speed=1538.35/s totalWork=7
2021-05-17 12:20:06,206 INFO  [DNFCalculating] log_result_queue_info:1367: calc#3: 排行: try_fetch_result periodly report remaining_qize=8 sync_batch_size=100 processed_result=60700, speed=1540.83/s totalWork=7
2021-05-17 12:20:06,209 INFO  [DNFCalculating] log_result_queue_info:1367: calc#3: 排行: try_fetch_result periodly report remaining_qize=5 sync_batch_size=100 processed_result=61000, speed=1548.31/s totalWork=7
2021-05-17 12:20:06,727 INFO  [DNFCalculating] log_result_queue_info:1367: calc#3: 排行: try_fetch_result_in_background remaining_qize=12 sync_batch_size=100 processed_result=61500, speed=1540.75/s totalWork=7
2021-05-17 12:20:06,729 INFO  [DNFCalculating] log_result_queue_info:1367: calc#3: 排行: try_fetch_result periodly report remaining_qize=11 sync_batch_size=100 processed_result=61600, speed=1543.18/s totalWork=7
2021-05-17 12:20:06,733 INFO  [DNFCalculating] log_result_queue_info:1367: calc#3: 排行: try_fetch_result periodly report remaining_qize=7 sync_batch_size=100 processed_result=62000, speed=1553.03/s totalWork=7
2021-05-17 12:20:07,250 INFO  [DNFCalculating] log_result_queue_info:1367: calc#3: 排行: try_fetch_result_in_background remaining_qize=10 sync_batch_size=100 processed_result=62700, speed=1550.51/s totalWork=7
2021-05-17 12:20:07,252 INFO  [DNFCalculating] log_result_queue_info:1367: calc#3: 排行: try_fetch_result periodly report remaining_qize=9 sync_batch_size=100 processed_result=62800, speed=1552.90/s totalWork=7
2021-05-17 12:20:07,254 INFO  [DNFCalculating] log_result_queue_info:1367: calc#3: 排行: try_fetch_result periodly report remaining_qize=7 sync_batch_size=100 processed_result=63000, speed=1557.75/s totalWork=7
2021-05-17 12:20:07,773 INFO  [DNFCalculating] log_result_queue_info:1367: calc#3: 排行: try_fetch_result_in_background remaining_qize=10 sync_batch_size=100 processed_result=63700, speed=1555.13/s totalWork=7
2021-05-17 12:20:07,774 INFO  [DNFCalculating] log_result_queue_info:1367: calc#3: 排行: try_fetch_result periodly report remaining_qize=9 sync_batch_size=100 processed_result=63800, speed=1557.50/s totalWork=7
2021-05-17 12:20:07,777 INFO  [DNFCalculating] log_result_queue_info:1367: calc#3: 排行: try_fetch_result periodly report remaining_qize=7 sync_batch_size=100 processed_result=64000, speed=1562.27/s totalWork=7
2021-05-17 12:20:08,295 INFO  [DNFCalculating] log_result_queue_info:1367: calc#3: 排行: try_fetch_result_in_background remaining_qize=10 sync_batch_size=100 processed_result=64700, speed=1559.64/s totalWork=7
2021-05-17 12:20:08,298 INFO  [DNFCalculating] log_result_queue_info:1367: calc#3: 排行: try_fetch_result periodly report remaining_qize=9 sync_batch_size=100 processed_result=64800, speed=1561.96/s totalWork=7
2021-05-17 12:20:08,301 INFO  [DNFCalculating] log_result_queue_info:1367: calc#3: 排行: try_fetch_result periodly report remaining_qize=8 sync_batch_size=100 processed_result=65000, speed=1566.66/s totalWork=7
2021-05-17 12:20:08,818 INFO  [DNFCalculating] log_result_queue_info:1367: calc#3: 排行: try_fetch_result_in_background remaining_qize=10 sync_batch_size=100 processed_result=65800, speed=1566.42/s totalWork=7
2021-05-17 12:20:08,820 INFO  [DNFCalculating] log_result_queue_info:1367: calc#3: 排行: try_fetch_result periodly report remaining_qize=9 sync_batch_size=100 processed_result=65900, speed=1568.72/s totalWork=7
2021-05-17 12:20:08,822 INFO  [DNFCalculating] log_result_queue_info:1367: calc#3: 排行: try_fetch_result periodly report remaining_qize=8 sync_batch_size=100 processed_result=66000, speed=1571.03/s totalWork=7
2021-05-17 12:20:09,341 INFO  [DNFCalculating] log_result_queue_info:1367: calc#3: 排行: try_fetch_result_in_background remaining_qize=10 sync_batch_size=100 processed_result=66800, speed=1570.66/s totalWork=7
2021-05-17 12:20:09,343 INFO  [DNFCalculating] log_result_queue_info:1367: calc#3: 排行: try_fetch_result periodly report remaining_qize=9 sync_batch_size=100 processed_result=66900, speed=1572.95/s totalWork=7
2021-05-17 12:20:09,344 INFO  [DNFCalculating] log_result_queue_info:1367: calc#3: 排行: try_fetch_result periodly report remaining_qize=8 sync_batch_size=100 processed_result=67000, speed=1575.25/s totalWork=7
2021-05-17 12:20:09,864 INFO  [DNFCalculating] log_result_queue_info:1367: calc#3: 排行: try_fetch_result_in_background remaining_qize=9 sync_batch_size=100 processed_result=67900, speed=1577.15/s totalWork=7
2021-05-17 12:20:09,866 INFO  [DNFCalculating] log_result_queue_info:1367: calc#3: 排行: try_fetch_result periodly report remaining_qize=8 sync_batch_size=100 processed_result=68000, speed=1579.40/s totalWork=7
2021-05-17 12:20:10,386 INFO  [DNFCalculating] log_result_queue_info:1367: calc#3: 排行: try_fetch_result_in_background remaining_qize=10 sync_batch_size=100 processed_result=68800, speed=1578.88/s totalWork=7
2021-05-17 12:20:10,389 INFO  [DNFCalculating] log_result_queue_info:1367: calc#3: 排行: try_fetch_result periodly report remaining_qize=9 sync_batch_size=100 processed_result=68900, speed=1581.07/s totalWork=7
2021-05-17 12:20:10,391 INFO  [DNFCalculating] log_result_queue_info:1367: calc#3: 排行: try_fetch_result periodly report remaining_qize=8 sync_batch_size=100 processed_result=69000, speed=1583.31/s totalWork=7
2021-05-17 12:20:10,909 INFO  [DNFCalculating] log_result_queue_info:1367: calc#3: 排行: try_fetch_result_in_background remaining_qize=10 sync_batch_size=100 processed_result=69800, speed=1582.84/s totalWork=7
2021-05-17 12:20:10,911 INFO  [DNFCalculating] log_result_queue_info:1367: calc#3: 排行: try_fetch_result periodly report remaining_qize=9 sync_batch_size=100 processed_result=69900, speed=1585.04/s totalWork=7
2021-05-17 12:20:10,913 INFO  [DNFCalculating] log_result_queue_info:1367: calc#3: 排行: try_fetch_result periodly report remaining_qize=8 sync_batch_size=100 processed_result=70000, speed=1587.23/s totalWork=7
2021-05-17 12:20:11,432 INFO  [DNFCalculating] log_result_queue_info:1367: calc#3: 排行: try_fetch_result_in_background remaining_qize=9 sync_batch_size=100 processed_result=70800, speed=1586.71/s totalWork=7
2021-05-17 12:20:11,434 INFO  [DNFCalculating] log_result_queue_info:1367: calc#3: 排行: try_fetch_result periodly report remaining_qize=8 sync_batch_size=100 processed_result=70900, speed=1588.88/s totalWork=7
2021-05-17 12:20:11,436 INFO  [DNFCalculating] log_result_queue_info:1367: calc#3: 排行: try_fetch_result periodly report remaining_qize=7 sync_batch_size=100 processed_result=71000, speed=1591.05/s totalWork=7
2021-05-17 12:20:11,955 INFO  [DNFCalculating] log_result_queue_info:1367: calc#3: 排行: try_fetch_result_in_background remaining_qize=10 sync_batch_size=100 processed_result=71700, speed=1588.27/s totalWork=7
2021-05-17 12:20:11,957 INFO  [DNFCalculating] log_result_queue_info:1367: calc#3: 排行: try_fetch_result periodly report remaining_qize=9 sync_batch_size=100 processed_result=71800, speed=1590.42/s totalWork=7
2021-05-17 12:20:11,959 INFO  [DNFCalculating] log_result_queue_info:1367: calc#3: 排行: try_fetch_result periodly report remaining_qize=7 sync_batch_size=100 processed_result=72000, speed=1594.76/s totalWork=7
2021-05-17 12:20:12,478 INFO  [DNFCalculating] log_result_queue_info:1367: calc#3: 排行: try_fetch_result_in_background remaining_qize=9 sync_batch_size=100 processed_result=72700, speed=1591.99/s totalWork=7
2021-05-17 12:20:12,479 INFO  [DNFCalculating] log_result_queue_info:1367: calc#3: 排行: try_fetch_result periodly report remaining_qize=8 sync_batch_size=100 processed_result=72800, speed=1594.12/s totalWork=7
2021-05-17 12:20:12,482 INFO  [DNFCalculating] log_result_queue_info:1367: calc#3: 排行: try_fetch_result periodly report remaining_qize=6 sync_batch_size=100 processed_result=73000, speed=1598.40/s totalWork=7
2021-05-17 12:20:13,000 INFO  [DNFCalculating] log_result_queue_info:1367: calc#3: 排行: try_fetch_result_in_background remaining_qize=11 sync_batch_size=100 processed_result=73600, speed=1593.45/s totalWork=7
2021-05-17 12:20:13,003 INFO  [DNFCalculating] log_result_queue_info:1367: calc#3: 排行: try_fetch_result periodly report remaining_qize=10 sync_batch_size=100 processed_result=73700, speed=1595.53/s totalWork=7
2021-05-17 12:20:13,006 INFO  [DNFCalculating] log_result_queue_info:1367: calc#3: 排行: try_fetch_result periodly report remaining_qize=7 sync_batch_size=100 processed_result=74000, speed=1601.92/s totalWork=7
2021-05-17 12:20:13,523 INFO  [DNFCalculating] log_result_queue_info:1367: calc#3: 排行: try_fetch_result_in_background remaining_qize=9 sync_batch_size=100 processed_result=74700, speed=1599.17/s totalWork=7
2021-05-17 12:20:13,525 INFO  [DNFCalculating] log_result_queue_info:1367: calc#3: 排行: try_fetch_result periodly report remaining_qize=8 sync_batch_size=100 processed_result=74800, speed=1601.24/s totalWork=7
2021-05-17 12:20:13,528 INFO  [DNFCalculating] log_result_queue_info:1367: calc#3: 排行: try_fetch_result periodly report remaining_qize=6 sync_batch_size=100 processed_result=75000, speed=1605.44/s totalWork=7
2021-05-17 12:20:14,046 INFO  [DNFCalculating] log_result_queue_info:1367: calc#3: 排行: try_fetch_result_in_background remaining_qize=11 sync_batch_size=100 processed_result=75600, speed=1600.52/s totalWork=7
2021-05-17 12:20:14,048 INFO  [DNFCalculating] log_result_queue_info:1367: calc#3: 排行: try_fetch_result periodly report remaining_qize=10 sync_batch_size=100 processed_result=75700, speed=1602.57/s totalWork=7
2021-05-17 12:20:14,051 INFO  [DNFCalculating] log_result_queue_info:1367: calc#3: 排行: try_fetch_result periodly report remaining_qize=7 sync_batch_size=100 processed_result=76000, speed=1608.80/s totalWork=7
2021-05-17 12:20:14,569 INFO  [DNFCalculating] log_result_queue_info:1367: calc#3: 排行: try_fetch_result_in_background remaining_qize=8 sync_batch_size=100 processed_result=76700, speed=1606.04/s totalWork=7
2021-05-17 12:20:14,571 INFO  [DNFCalculating] log_result_queue_info:1367: calc#3: 排行: try_fetch_result periodly report remaining_qize=7 sync_batch_size=100 processed_result=76800, speed=1608.06/s totalWork=7
2021-05-17 12:20:14,573 INFO  [DNFCalculating] log_result_queue_info:1367: calc#3: 排行: try_fetch_result periodly report remaining_qize=5 sync_batch_size=100 processed_result=77000, speed=1612.17/s totalWork=7
2021-05-17 12:20:15,091 INFO  [DNFCalculating] log_result_queue_info:1367: calc#3: 排行: try_fetch_result_in_background remaining_qize=9 sync_batch_size=100 processed_result=77500, speed=1605.21/s totalWork=7
2021-05-17 12:20:15,093 INFO  [DNFCalculating] log_result_queue_info:1367: calc#3: 排行: try_fetch_result periodly report remaining_qize=8 sync_batch_size=100 processed_result=77600, speed=1607.22/s totalWork=7
2021-05-17 12:20:15,098 INFO  [DNFCalculating] log_result_queue_info:1367: calc#3: 排行: try_fetch_result periodly report remaining_qize=4 sync_batch_size=100 processed_result=78000, speed=1615.35/s totalWork=7
2021-05-17 12:20:15,614 INFO  [DNFCalculating] log_result_queue_info:1367: calc#3: 排行: try_fetch_result_in_background remaining_qize=10 sync_batch_size=100 processed_result=78400, speed=1606.46/s totalWork=7
2021-05-17 12:20:15,616 INFO  [DNFCalculating] log_result_queue_info:1367: calc#3: 排行: try_fetch_result periodly report remaining_qize=9 sync_batch_size=100 processed_result=78500, speed=1608.44/s totalWork=7
2021-05-17 12:20:15,622 INFO  [DNFCalculating] log_result_queue_info:1367: calc#3: 排行: try_fetch_result periodly report remaining_qize=5 sync_batch_size=100 processed_result=79000, speed=1618.49/s totalWork=7
2021-05-17 12:20:16,138 INFO  [DNFCalculating] log_result_queue_info:1367: calc#3: 排行: try_fetch_result_in_background remaining_qize=9 sync_batch_size=100 processed_result=79600, speed=1613.75/s totalWork=7
2021-05-17 12:20:16,139 INFO  [DNFCalculating] log_result_queue_info:1367: calc#3: 排行: try_fetch_result periodly report remaining_qize=8 sync_batch_size=100 processed_result=79700, speed=1615.72/s totalWork=7
2021-05-17 12:20:16,144 INFO  [DNFCalculating] log_result_queue_info:1367: calc#3: 排行: try_fetch_result periodly report remaining_qize=5 sync_batch_size=100 processed_result=80000, speed=1621.66/s totalWork=7
2021-05-17 12:20:16,660 INFO  [DNFCalculating] log_result_queue_info:1367: calc#3: 排行: try_fetch_result_in_background remaining_qize=10 sync_batch_size=100 processed_result=80500, speed=1614.88/s totalWork=7
2021-05-17 12:20:16,662 INFO  [DNFCalculating] log_result_queue_info:1367: calc#3: 排行: try_fetch_result periodly report remaining_qize=9 sync_batch_size=100 processed_result=80600, speed=1616.82/s totalWork=7
2021-05-17 12:20:16,668 INFO  [DNFCalculating] log_result_queue_info:1367: calc#3: 排行: try_fetch_result periodly report remaining_qize=6 sync_batch_size=100 processed_result=81000, speed=1624.68/s totalWork=7
2021-05-17 12:20:17,183 INFO  [DNFCalculating] log_result_queue_info:1367: calc#3: 排行: try_fetch_result_in_background remaining_qize=8 sync_batch_size=100 processed_result=81600, speed=1619.97/s totalWork=7
2021-05-17 12:20:17,184 INFO  [DNFCalculating] log_result_queue_info:1367: calc#3: 排行: try_fetch_result periodly report remaining_qize=7 sync_batch_size=100 processed_result=81700, speed=1621.91/s totalWork=7
2021-05-17 12:20:17,189 INFO  [DNFCalculating] log_result_queue_info:1367: calc#3: 排行: try_fetch_result periodly report remaining_qize=4 sync_batch_size=100 processed_result=82000, speed=1627.72/s totalWork=7
2021-05-17 12:20:17,705 INFO  [DNFCalculating] log_result_queue_info:1367: calc#3: 排行: try_fetch_result_in_background remaining_qize=11 sync_batch_size=100 processed_result=82400, speed=1619.05/s totalWork=7
2021-05-17 12:20:17,707 INFO  [DNFCalculating] log_result_queue_info:1367: calc#3: 排行: try_fetch_result periodly report remaining_qize=10 sync_batch_size=100 processed_result=82500, speed=1620.95/s totalWork=7
2021-05-17 12:20:17,713 INFO  [DNFCalculating] log_result_queue_info:1367: calc#3: 排行: try_fetch_result periodly report remaining_qize=5 sync_batch_size=100 processed_result=83000, speed=1630.58/s totalWork=7
2021-05-17 12:20:18,229 INFO  [DNFCalculating] log_result_queue_info:1367: calc#3: 排行: try_fetch_result_in_background remaining_qize=10 sync_batch_size=100 processed_result=83500, speed=1623.97/s totalWork=7
2021-05-17 12:20:18,231 INFO  [DNFCalculating] log_result_queue_info:1367: calc#3: 排行: try_fetch_result periodly report remaining_qize=9 sync_batch_size=100 processed_result=83600, speed=1625.85/s totalWork=7
2021-05-17 12:20:18,235 INFO  [DNFCalculating] log_result_queue_info:1367: calc#3: 排行: try_fetch_result periodly report remaining_qize=5 sync_batch_size=100 processed_result=84000, speed=1633.48/s totalWork=7
2021-05-17 12:20:18,751 INFO  [DNFCalculating] log_result_queue_info:1367: calc#3: 排行: try_fetch_result_in_background remaining_qize=9 sync_batch_size=100 processed_result=84500, speed=1626.89/s totalWork=7
2021-05-17 12:20:18,753 INFO  [DNFCalculating] log_result_queue_info:1367: calc#3: 排行: try_fetch_result periodly report remaining_qize=8 sync_batch_size=100 processed_result=84600, speed=1628.75/s totalWork=7
2021-05-17 12:20:18,757 INFO  [DNFCalculating] log_result_queue_info:1367: calc#3: 排行: try_fetch_result periodly report remaining_qize=4 sync_batch_size=100 processed_result=85000, speed=1636.31/s totalWork=7
2021-05-17 12:20:19,274 INFO  [DNFCalculating] log_result_queue_info:1367: calc#3: 排行: try_fetch_result_in_background remaining_qize=8 sync_batch_size=100 processed_result=85400, speed=1627.82/s totalWork=7
2021-05-17 12:20:19,276 INFO  [DNFCalculating] log_result_queue_info:1367: calc#3: 排行: try_fetch_result periodly report remaining_qize=7 sync_batch_size=100 processed_result=85500, speed=1629.66/s totalWork=7
2021-05-17 12:20:19,282 INFO  [DNFCalculating] log_result_queue_info:1367: calc#3: 排行: try_fetch_result periodly report remaining_qize=2 sync_batch_size=100 processed_result=86000, speed=1639.01/s totalWork=7
2021-05-17 12:20:19,797 INFO  [DNFCalculating] log_result_queue_info:1367: calc#3: 排行: try_fetch_result_in_background remaining_qize=11 sync_batch_size=100 processed_result=86200, speed=1626.87/s totalWork=7
2021-05-17 12:20:19,799 INFO  [DNFCalculating] log_result_queue_info:1367: calc#3: 排行: try_fetch_result periodly report remaining_qize=10 sync_batch_size=100 processed_result=86300, speed=1628.70/s totalWork=7
2021-05-17 12:20:19,806 INFO  [DNFCalculating] log_result_queue_info:1367: calc#3: 排行: try_fetch_result periodly report remaining_qize=3 sync_batch_size=100 processed_result=87000, speed=1641.68/s totalWork=7
2021-05-17 12:20:20,320 INFO  [DNFCalculating] log_result_queue_info:1367: calc#3: 排行: try_fetch_result_in_background remaining_qize=8 sync_batch_size=100 processed_result=87300, speed=1631.52/s totalWork=7
2021-05-17 12:20:20,322 INFO  [DNFCalculating] log_result_queue_info:1367: calc#3: 排行: try_fetch_result periodly report remaining_qize=7 sync_batch_size=100 processed_result=87400, speed=1633.32/s totalWork=7
2021-05-17 12:20:20,328 INFO  [DNFCalculating] log_result_queue_info:1367: calc#3: 排行: try_fetch_result periodly report remaining_qize=1 sync_batch_size=100 processed_result=88000, speed=1644.34/s totalWork=7
2021-05-17 12:20:20,843 INFO  [DNFCalculating] log_result_queue_info:1367: calc#3: 排行: try_fetch_result_in_background remaining_qize=8 sync_batch_size=100 processed_result=88100, speed=1630.54/s totalWork=7
2021-05-17 12:20:20,844 INFO  [DNFCalculating] log_result_queue_info:1367: calc#3: 排行: try_fetch_result periodly report remaining_qize=7 sync_batch_size=100 processed_result=88200, speed=1632.34/s totalWork=7
2021-05-17 12:20:20,854 INFO  [DNFCalculating] log_result_queue_info:1367: calc#3: 排行: try_fetch_result periodly report remaining_qize=0 sync_batch_size=100 processed_result=89000, speed=1646.85/s totalWork=7
2021-05-17 12:20:21,365 INFO  [DNFCalculating] log_result_queue_info:1367: calc#3: 排行: try_fetch_result_in_background remaining_qize=7 sync_batch_size=100 processed_result=89000, speed=1631.42/s totalWork=7
2021-05-17 12:20:21,367 INFO  [DNFCalculating] log_result_queue_info:1367: calc#3: 排行: try_fetch_result periodly report remaining_qize=6 sync_batch_size=100 processed_result=89100, speed=1633.20/s totalWork=7
2021-05-17 12:20:21,888 INFO  [DNFCalculating] log_result_queue_info:1367: calc#3: 排行: try_fetch_result_in_background remaining_qize=8 sync_batch_size=100 processed_result=89700, speed=1628.65/s totalWork=7
2021-05-17 12:20:21,890 INFO  [DNFCalculating] log_result_queue_info:1367: calc#3: 排行: try_fetch_result periodly report remaining_qize=7 sync_batch_size=100 processed_result=89800, speed=1630.41/s totalWork=7
2021-05-17 12:20:21,893 INFO  [DNFCalculating] log_result_queue_info:1367: calc#3: 排行: try_fetch_result periodly report remaining_qize=5 sync_batch_size=100 processed_result=90000, speed=1633.95/s totalWork=7
2021-05-17 12:20:22,410 INFO  [DNFCalculating] log_result_queue_info:1367: calc#3: 排行: try_fetch_result_in_background remaining_qize=8 sync_batch_size=100 processed_result=90600, speed=1629.52/s totalWork=7
2021-05-17 12:20:22,412 INFO  [DNFCalculating] log_result_queue_info:1367: calc#3: 排行: try_fetch_result periodly report remaining_qize=7 sync_batch_size=100 processed_result=90700, speed=1631.26/s totalWork=7
2021-05-17 12:20:22,416 INFO  [DNFCalculating] log_result_queue_info:1367: calc#3: 排行: try_fetch_result periodly report remaining_qize=4 sync_batch_size=100 processed_result=91000, speed=1636.56/s totalWork=7
2021-05-17 12:20:22,933 INFO  [DNFCalculating] log_result_queue_info:1367: calc#3: 排行: try_fetch_result_in_background remaining_qize=9 sync_batch_size=100 processed_result=91500, speed=1630.38/s totalWork=7
2021-05-17 12:20:22,935 INFO  [DNFCalculating] log_result_queue_info:1367: calc#3: 排行: try_fetch_result periodly report remaining_qize=8 sync_batch_size=100 processed_result=91600, speed=1632.10/s totalWork=7
2021-05-17 12:20:22,941 INFO  [DNFCalculating] log_result_queue_info:1367: calc#3: 排行: try_fetch_result periodly report remaining_qize=5 sync_batch_size=100 processed_result=92000, speed=1639.06/s totalWork=7
2021-05-17 12:20:23,456 INFO  [DNFCalculating] log_result_queue_info:1367: calc#3: 排行: try_fetch_result_in_background remaining_qize=8 sync_batch_size=100 processed_result=92500, speed=1632.99/s totalWork=7
2021-05-17 12:20:23,459 INFO  [DNFCalculating] log_result_queue_info:1367: calc#3: 排行: try_fetch_result periodly report remaining_qize=7 sync_batch_size=100 processed_result=92600, speed=1634.68/s totalWork=7
2021-05-17 12:20:23,463 INFO  [DNFCalculating] log_result_queue_info:1367: calc#3: 排行: try_fetch_result periodly report remaining_qize=3 sync_batch_size=100 processed_result=93000, speed=1641.61/s totalWork=7
2021-05-17 12:20:23,979 INFO  [DNFCalculating] log_result_queue_info:1367: calc#3: 排行: try_fetch_result_in_background remaining_qize=11 sync_batch_size=100 processed_result=93300, speed=1632.05/s totalWork=7
2021-05-17 12:20:23,981 INFO  [DNFCalculating] log_result_queue_info:1367: calc#3: 排行: try_fetch_result periodly report remaining_qize=10 sync_batch_size=100 processed_result=93400, speed=1633.73/s totalWork=7
2021-05-17 12:20:23,989 INFO  [DNFCalculating] log_result_queue_info:1367: calc#3: 排行: try_fetch_result periodly report remaining_qize=3 sync_batch_size=100 processed_result=94000, speed=1643.99/s totalWork=7
2021-05-17 12:20:24,502 INFO  [DNFCalculating] log_result_queue_info:1367: calc#3: 排行: try_fetch_result_in_background remaining_qize=9 sync_batch_size=100 processed_result=94200, speed=1632.86/s totalWork=7
2021-05-17 12:20:24,504 INFO  [DNFCalculating] log_result_queue_info:1367: calc#3: 排行: try_fetch_result periodly report remaining_qize=8 sync_batch_size=100 processed_result=94300, speed=1634.54/s totalWork=7
2021-05-17 12:20:25,010 INFO  [DNFCalculating] log_result_queue_info:1367: calc#3: 排行: try_fetch_result_in_background remaining_qize=3 sync_batch_size=100 processed_result=94800, speed=1628.92/s totalWork=7
2021-05-17 12:20:25,011 INFO  [DNFCalculating] log_result_queue_info:1367: calc#3: 排行: try_fetch_result periodly report remaining_qize=2 sync_batch_size=100 processed_result=94900, speed=1630.58/s totalWork=7
2021-05-17 12:20:25,013 INFO  [DNFCalculating] log_result_queue_info:1367: calc#3: 排行: try_fetch_result periodly report remaining_qize=1 sync_batch_size=100 processed_result=95000, speed=1632.26/s totalWork=7
2021-05-17 12:20:25,149 WARNI [DNFCalculating] 计算线程:1476: 所有工作线程均已完成计算，总计用时=58.80s
2021-05-17 12:20:25,519 INFO  [DNFCalculating] log_result_queue_info:1367: calc#3: 排行: after join remaining_qize=2 sync_batch_size=100 processed_result=95100, speed=1619.89/s totalWork=7
2021-05-17 12:20:25,522 INFO  [DNFCalculating] log_result_queue_info:1367: calc#3: 排行: try_fetch_result periodly report remaining_qize=1 sync_batch_size=100 processed_result=95200, speed=1621.52/s totalWork=7
2021-05-17 12:20:25,522 INFO  [DNFCalculating] log_result_queue_info:1367: calc#3: 排行: after final remaining_qize=0 sync_batch_size=100 processed_result=95200, speed=1621.51/s totalWork=7
