2021-07-18 11:52:54,898 DEBUG [urllib3.connectionpool] _new_conn:971: Starting new HTTPS connection (1): wwx.lanzoui.com:443
2021-07-18 11:52:55,290 DEBUG [urllib3.connectionpool] _make_request:452: https://wwx.lanzoui.com:443 "GET /b01bfj76f HTTP/1.1" 200 5923
2021-07-18 11:52:55,325 DEBUG [urllib3.connectionpool] _new_conn:971: Starting new HTTPS connection (1): wwx.lanzoui.com:443
2021-07-18 11:52:55,554 DEBUG [urllib3.connectionpool] _make_request:452: https://wwx.lanzoui.com:443 "GET /b01bfj76f HTTP/1.1" 200 None
2021-07-18 11:52:55,582 DEBUG [urllib3.connectionpool] _new_conn:971: Starting new HTTPS connection (1): wwx.lanzoui.com:443
2021-07-18 11:52:55,839 DEBUG [urllib3.connectionpool] _make_request:452: https://wwx.lanzoui.com:443 "POST /filemoreajax.php HTTP/1.1" 200 None
2021-07-18 11:52:56,534 DEBUG [urllib3.connectionpool] _make_request:452: https://wwx.lanzoui.com:443 "POST /filemoreajax.php HTTP/1.1" 200 None
2021-07-18 11:52:57,280 DEBUG [urllib3.connectionpool] _make_request:452: https://wwx.lanzoui.com:443 "POST /filemoreajax.php HTTP/1.1" 200 53
2021-07-18 11:53:09,191 ERROR [DNFCalculating] 载入json:3426: list index out of range
2021-07-18 11:53:09,199 ERROR [DNFCalculating] 载入json:3542: '阿斯特罗斯选项'
2021-07-18 11:53:09,199 ERROR [DNFCalculating] 载入json:3568: '奥兹玛选择'
2021-07-18 11:53:56,915 INFO  [DNFCalculating] 计算线程:1459: 开始计算
2021-07-18 11:53:57,724 INFO  [DNFCalculating] log_result_queue_info:1472: calc#1: 排行: try_fetch_result_in_background remaining_qize=0 sync_batch_size=100 processed_result=0, speed=0.00/s totalWork=0
2021-07-18 11:53:58,401 INFO  [DNFCalculating] log_result_queue_info:1472: calc#1: 排行: try_fetch_result_in_background remaining_qize=0 sync_batch_size=100 processed_result=0, speed=0.00/s totalWork=0
2021-07-18 11:53:58,970 INFO  [DNFCalculating] log_result_queue_info:1472: calc#1: 排行: try_fetch_result_in_background remaining_qize=0 sync_batch_size=100 processed_result=0, speed=0.00/s totalWork=0
2021-07-18 11:53:59,585 INFO  [DNFCalculating] log_result_queue_info:1472: calc#1: 排行: try_fetch_result_in_background remaining_qize=0 sync_batch_size=100 processed_result=0, speed=0.00/s totalWork=0
2021-07-18 11:54:00,185 INFO  [DNFCalculating] log_result_queue_info:1472: calc#1: 排行: try_fetch_result_in_background remaining_qize=0 sync_batch_size=100 processed_result=0, speed=0.00/s totalWork=7
2021-07-18 11:54:00,692 INFO  [DNFCalculating] log_result_queue_info:1472: calc#1: 排行: try_fetch_result_in_background remaining_qize=0 sync_batch_size=100 processed_result=0, speed=0.00/s totalWork=7
2021-07-18 11:54:01,199 INFO  [DNFCalculating] log_result_queue_info:1472: calc#1: 排行: try_fetch_result_in_background remaining_qize=1 sync_batch_size=100 processed_result=0, speed=0.00/s totalWork=7
2021-07-18 11:54:01,707 INFO  [DNFCalculating] log_result_queue_info:1472: calc#1: 排行: try_fetch_result_in_background remaining_qize=1 sync_batch_size=100 processed_result=100, speed=24.06/s totalWork=7
2021-07-18 11:54:02,215 INFO  [DNFCalculating] log_result_queue_info:1472: calc#1: 排行: try_fetch_result_in_background remaining_qize=2 sync_batch_size=100 processed_result=200, speed=42.89/s totalWork=7
2021-07-18 11:54:02,722 INFO  [DNFCalculating] log_result_queue_info:1472: calc#1: 排行: try_fetch_result_in_background remaining_qize=2 sync_batch_size=100 processed_result=400, speed=77.36/s totalWork=7
2021-07-18 11:54:03,229 INFO  [DNFCalculating] log_result_queue_info:1472: calc#1: 排行: try_fetch_result_in_background remaining_qize=5 sync_batch_size=100 processed_result=600, speed=105.68/s totalWork=7
2021-07-18 11:54:03,236 INFO  [DNFCalculating] log_result_queue_info:1472: calc#1: 排行: try_fetch_result periodly report remaining_qize=1 sync_batch_size=100 processed_result=1000, speed=175.90/s totalWork=7
2021-07-18 11:54:03,752 INFO  [DNFCalculating] log_result_queue_info:1472: calc#1: 排行: try_fetch_result_in_background remaining_qize=3 sync_batch_size=100 processed_result=1100, speed=177.41/s totalWork=7
2021-07-18 11:54:03,755 INFO  [DNFCalculating] log_result_queue_info:1472: calc#1: 排行: try_fetch_result periodly report remaining_qize=3 sync_batch_size=100 processed_result=1200, speed=193.42/s totalWork=7
2021-07-18 11:54:04,275 INFO  [DNFCalculating] log_result_queue_info:1472: calc#1: 排行: try_fetch_result_in_background remaining_qize=4 sync_batch_size=100 processed_result=1500, speed=223.09/s totalWork=7
2021-07-18 11:54:04,278 INFO  [DNFCalculating] log_result_queue_info:1472: calc#1: 排行: try_fetch_result periodly report remaining_qize=3 sync_batch_size=100 processed_result=1600, speed=237.87/s totalWork=7
2021-07-18 11:54:04,798 INFO  [DNFCalculating] log_result_queue_info:1472: calc#1: 排行: try_fetch_result_in_background remaining_qize=4 sync_batch_size=100 processed_result=1900, speed=262.21/s totalWork=7
2021-07-18 11:54:04,800 INFO  [DNFCalculating] log_result_queue_info:1472: calc#1: 排行: try_fetch_result periodly report remaining_qize=3 sync_batch_size=100 processed_result=2000, speed=275.92/s totalWork=7
2021-07-18 11:54:05,321 INFO  [DNFCalculating] log_result_queue_info:1472: calc#1: 排行: try_fetch_result_in_background remaining_qize=6 sync_batch_size=100 processed_result=2300, speed=296.04/s totalWork=7
2021-07-18 11:54:05,323 INFO  [DNFCalculating] log_result_queue_info:1472: calc#1: 排行: try_fetch_result periodly report remaining_qize=5 sync_batch_size=100 processed_result=2400, speed=308.81/s totalWork=7
2021-07-18 11:54:05,843 INFO  [DNFCalculating] log_result_queue_info:1472: calc#1: 排行: try_fetch_result_in_background remaining_qize=5 sync_batch_size=100 processed_result=2900, speed=349.73/s totalWork=7
2021-07-18 11:54:05,846 INFO  [DNFCalculating] log_result_queue_info:1472: calc#1: 排行: try_fetch_result periodly report remaining_qize=4 sync_batch_size=100 processed_result=3000, speed=361.68/s totalWork=7
2021-07-18 11:54:06,366 INFO  [DNFCalculating] log_result_queue_info:1472: calc#1: 排行: try_fetch_result_in_background remaining_qize=7 sync_batch_size=100 processed_result=3400, speed=385.73/s totalWork=7
2021-07-18 11:54:06,368 INFO  [DNFCalculating] log_result_queue_info:1472: calc#1: 排行: try_fetch_result periodly report remaining_qize=6 sync_batch_size=100 processed_result=3500, speed=396.97/s totalWork=7
2021-07-18 11:54:06,377 INFO  [DNFCalculating] log_result_queue_info:1472: calc#1: 排行: try_fetch_result periodly report remaining_qize=2 sync_batch_size=100 processed_result=4000, speed=453.22/s totalWork=7
2021-07-18 11:54:06,889 INFO  [DNFCalculating] log_result_queue_info:1472: calc#1: 排行: try_fetch_result_in_background remaining_qize=6 sync_batch_size=100 processed_result=4200, speed=449.81/s totalWork=7
2021-07-18 11:54:06,891 INFO  [DNFCalculating] log_result_queue_info:1472: calc#1: 排行: try_fetch_result periodly report remaining_qize=5 sync_batch_size=100 processed_result=4300, speed=460.38/s totalWork=7
2021-07-18 11:54:07,411 INFO  [DNFCalculating] log_result_queue_info:1472: calc#1: 排行: try_fetch_result_in_background remaining_qize=7 sync_batch_size=100 processed_result=4800, speed=486.82/s totalWork=7
2021-07-18 11:54:07,414 INFO  [DNFCalculating] log_result_queue_info:1472: calc#1: 排行: try_fetch_result periodly report remaining_qize=6 sync_batch_size=100 processed_result=4900, speed=496.83/s totalWork=7
2021-07-18 11:54:07,416 INFO  [DNFCalculating] log_result_queue_info:1472: calc#1: 排行: try_fetch_result periodly report remaining_qize=5 sync_batch_size=100 processed_result=5000, speed=506.90/s totalWork=7
2021-07-18 11:54:07,934 INFO  [DNFCalculating] log_result_queue_info:1472: calc#1: 排行: try_fetch_result_in_background remaining_qize=8 sync_batch_size=100 processed_result=5500, speed=529.72/s totalWork=7
2021-07-18 11:54:07,937 INFO  [DNFCalculating] log_result_queue_info:1472: calc#1: 排行: try_fetch_result periodly report remaining_qize=7 sync_batch_size=100 processed_result=5600, speed=539.20/s totalWork=7
2021-07-18 11:54:07,944 INFO  [DNFCalculating] log_result_queue_info:1472: calc#1: 排行: try_fetch_result periodly report remaining_qize=3 sync_batch_size=100 processed_result=6000, speed=577.33/s totalWork=7
2021-07-18 11:54:08,457 INFO  [DNFCalculating] log_result_queue_info:1472: calc#1: 排行: try_fetch_result_in_background remaining_qize=6 sync_batch_size=100 processed_result=6300, speed=577.69/s totalWork=7
2021-07-18 11:54:08,459 INFO  [DNFCalculating] log_result_queue_info:1472: calc#1: 排行: try_fetch_result periodly report remaining_qize=5 sync_batch_size=100 processed_result=6400, speed=586.72/s totalWork=7
2021-07-18 11:54:08,469 INFO  [DNFCalculating] log_result_queue_info:1472: calc#1: 排行: try_fetch_result periodly report remaining_qize=0 sync_batch_size=100 processed_result=7000, speed=641.15/s totalWork=7
2021-07-18 11:54:08,980 INFO  [DNFCalculating] log_result_queue_info:1472: calc#1: 排行: try_fetch_result_in_background remaining_qize=9 sync_batch_size=100 processed_result=7000, speed=612.51/s totalWork=7
2021-07-18 11:54:08,982 INFO  [DNFCalculating] log_result_queue_info:1472: calc#1: 排行: try_fetch_result periodly report remaining_qize=8 sync_batch_size=100 processed_result=7100, speed=621.13/s totalWork=7
2021-07-18 11:54:09,502 INFO  [DNFCalculating] log_result_queue_info:1472: calc#1: 排行: try_fetch_result_in_background remaining_qize=6 sync_batch_size=100 processed_result=7900, speed=661.03/s totalWork=7
2021-07-18 11:54:09,505 INFO  [DNFCalculating] log_result_queue_info:1472: calc#1: 排行: try_fetch_result periodly report remaining_qize=5 sync_batch_size=100 processed_result=8000, speed=669.26/s totalWork=7
2021-07-18 11:54:10,026 INFO  [DNFCalculating] log_result_queue_info:1472: calc#1: 排行: try_fetch_result_in_background remaining_qize=8 sync_batch_size=100 processed_result=8500, speed=681.40/s totalWork=7
2021-07-18 11:54:10,028 INFO  [DNFCalculating] log_result_queue_info:1472: calc#1: 排行: try_fetch_result periodly report remaining_qize=7 sync_batch_size=100 processed_result=8600, speed=689.28/s totalWork=7
2021-07-18 11:54:10,036 INFO  [DNFCalculating] log_result_queue_info:1472: calc#1: 排行: try_fetch_result periodly report remaining_qize=3 sync_batch_size=100 processed_result=9000, speed=720.88/s totalWork=7
2021-07-18 11:54:10,548 INFO  [DNFCalculating] log_result_queue_info:1472: calc#1: 排行: try_fetch_result_in_background remaining_qize=7 sync_batch_size=100 processed_result=9300, speed=715.54/s totalWork=7
2021-07-18 11:54:10,550 INFO  [DNFCalculating] log_result_queue_info:1472: calc#1: 排行: try_fetch_result periodly report remaining_qize=6 sync_batch_size=100 processed_result=9400, speed=723.12/s totalWork=7
2021-07-18 11:54:10,561 INFO  [DNFCalculating] log_result_queue_info:1472: calc#1: 排行: try_fetch_result periodly report remaining_qize=1 sync_batch_size=100 processed_result=10000, speed=768.66/s totalWork=7
2021-07-18 11:54:11,071 INFO  [DNFCalculating] log_result_queue_info:1472: calc#1: 排行: try_fetch_result_in_background remaining_qize=8 sync_batch_size=100 processed_result=10100, speed=747.04/s totalWork=7
2021-07-18 11:54:11,074 INFO  [DNFCalculating] log_result_queue_info:1472: calc#1: 排行: try_fetch_result periodly report remaining_qize=7 sync_batch_size=100 processed_result=10200, speed=754.30/s totalWork=7
2021-07-18 11:54:11,594 INFO  [DNFCalculating] log_result_queue_info:1472: calc#1: 排行: try_fetch_result_in_background remaining_qize=7 sync_batch_size=100 processed_result=10900, speed=776.23/s totalWork=7
2021-07-18 11:54:11,596 INFO  [DNFCalculating] log_result_queue_info:1472: calc#1: 排行: try_fetch_result periodly report remaining_qize=6 sync_batch_size=100 processed_result=11000, speed=783.21/s totalWork=7
2021-07-18 11:54:12,117 INFO  [DNFCalculating] log_result_queue_info:1472: calc#1: 排行: try_fetch_result_in_background remaining_qize=9 sync_batch_size=100 processed_result=11600, speed=796.40/s totalWork=7
2021-07-18 11:54:12,119 INFO  [DNFCalculating] log_result_queue_info:1472: calc#1: 排行: try_fetch_result periodly report remaining_qize=8 sync_batch_size=100 processed_result=11700, speed=803.13/s totalWork=7
2021-07-18 11:54:12,125 INFO  [DNFCalculating] log_result_queue_info:1472: calc#1: 排行: try_fetch_result periodly report remaining_qize=5 sync_batch_size=100 processed_result=12000, speed=823.41/s totalWork=7
2021-07-18 11:54:12,640 INFO  [DNFCalculating] log_result_queue_info:1472: calc#1: 排行: try_fetch_result_in_background remaining_qize=7 sync_batch_size=100 processed_result=12500, speed=828.46/s totalWork=7
2021-07-18 11:54:12,642 INFO  [DNFCalculating] log_result_queue_info:1472: calc#1: 排行: try_fetch_result periodly report remaining_qize=6 sync_batch_size=100 processed_result=12600, speed=834.97/s totalWork=7
2021-07-18 11:54:12,649 INFO  [DNFCalculating] log_result_queue_info:1472: calc#1: 排行: try_fetch_result periodly report remaining_qize=2 sync_batch_size=100 processed_result=13000, speed=861.09/s totalWork=7
2021-07-18 11:54:13,162 INFO  [DNFCalculating] log_result_queue_info:1472: calc#1: 排行: try_fetch_result_in_background remaining_qize=7 sync_batch_size=100 processed_result=13200, speed=845.58/s totalWork=7
2021-07-18 11:54:13,164 INFO  [DNFCalculating] log_result_queue_info:1472: calc#1: 排行: try_fetch_result periodly report remaining_qize=6 sync_batch_size=100 processed_result=13300, speed=851.88/s totalWork=7
2021-07-18 11:54:13,685 INFO  [DNFCalculating] log_result_queue_info:1472: calc#1: 排行: try_fetch_result_in_background remaining_qize=8 sync_batch_size=100 processed_result=13900, speed=861.57/s totalWork=7
2021-07-18 11:54:13,687 INFO  [DNFCalculating] log_result_queue_info:1472: calc#1: 排行: try_fetch_result periodly report remaining_qize=7 sync_batch_size=100 processed_result=14000, speed=867.63/s totalWork=7
2021-07-18 11:54:14,208 INFO  [DNFCalculating] log_result_queue_info:1472: calc#1: 排行: try_fetch_result_in_background remaining_qize=7 sync_batch_size=100 processed_result=14700, speed=882.53/s totalWork=7
2021-07-18 11:54:14,210 INFO  [DNFCalculating] log_result_queue_info:1472: calc#1: 排行: try_fetch_result periodly report remaining_qize=6 sync_batch_size=100 processed_result=14800, speed=888.43/s totalWork=7
2021-07-18 11:54:14,213 INFO  [DNFCalculating] log_result_queue_info:1472: calc#1: 排行: try_fetch_result periodly report remaining_qize=4 sync_batch_size=100 processed_result=15000, speed=900.25/s totalWork=7
2021-07-18 11:54:14,730 INFO  [DNFCalculating] log_result_queue_info:1472: calc#1: 排行: try_fetch_result_in_background remaining_qize=7 sync_batch_size=100 processed_result=15400, speed=896.45/s totalWork=7
2021-07-18 11:54:14,733 INFO  [DNFCalculating] log_result_queue_info:1472: calc#1: 排行: try_fetch_result periodly report remaining_qize=6 sync_batch_size=100 processed_result=15500, speed=902.14/s totalWork=7
2021-07-18 11:54:14,742 INFO  [DNFCalculating] log_result_queue_info:1472: calc#1: 排行: try_fetch_result periodly report remaining_qize=1 sync_batch_size=100 processed_result=16000, speed=930.75/s totalWork=7
2021-07-18 11:54:15,254 INFO  [DNFCalculating] log_result_queue_info:1472: calc#1: 排行: try_fetch_result_in_background remaining_qize=8 sync_batch_size=100 processed_result=16100, speed=909.49/s totalWork=7
2021-07-18 11:54:15,255 INFO  [DNFCalculating] log_result_queue_info:1472: calc#1: 排行: try_fetch_result periodly report remaining_qize=7 sync_batch_size=100 processed_result=16200, speed=915.04/s totalWork=7
2021-07-18 11:54:15,776 INFO  [DNFCalculating] log_result_queue_info:1472: calc#1: 排行: try_fetch_result_in_background remaining_qize=6 sync_batch_size=100 processed_result=16900, speed=927.32/s totalWork=7
2021-07-18 11:54:15,778 INFO  [DNFCalculating] log_result_queue_info:1472: calc#1: 排行: try_fetch_result periodly report remaining_qize=5 sync_batch_size=100 processed_result=17000, speed=932.68/s totalWork=7
2021-07-18 11:54:16,299 INFO  [DNFCalculating] log_result_queue_info:1472: calc#1: 排行: try_fetch_result_in_background remaining_qize=8 sync_batch_size=100 processed_result=17600, speed=938.80/s totalWork=7
2021-07-18 11:54:16,301 INFO  [DNFCalculating] log_result_queue_info:1472: calc#1: 排行: try_fetch_result periodly report remaining_qize=7 sync_batch_size=100 processed_result=17700, speed=944.01/s totalWork=7
2021-07-18 11:54:16,306 INFO  [DNFCalculating] log_result_queue_info:1472: calc#1: 排行: try_fetch_result periodly report remaining_qize=4 sync_batch_size=100 processed_result=18000, speed=959.76/s totalWork=7
2021-07-18 11:54:16,825 INFO  [DNFCalculating] log_result_queue_info:1472: calc#1: 排行: try_fetch_result_in_background remaining_qize=8 sync_batch_size=100 processed_result=18500, speed=959.87/s totalWork=7
2021-07-18 11:54:16,833 INFO  [DNFCalculating] log_result_queue_info:1472: calc#1: 排行: try_fetch_result periodly report remaining_qize=8 sync_batch_size=100 processed_result=18600, speed=964.63/s totalWork=7
2021-07-18 11:54:16,840 INFO  [DNFCalculating] log_result_queue_info:1472: calc#1: 排行: try_fetch_result periodly report remaining_qize=4 sync_batch_size=100 processed_result=19000, speed=985.02/s totalWork=7
2021-07-18 11:54:17,360 INFO  [DNFCalculating] log_result_queue_info:1472: calc#1: 排行: try_fetch_result_in_background remaining_qize=7 sync_batch_size=100 processed_result=19400, speed=979.37/s totalWork=7
2021-07-18 11:54:17,362 INFO  [DNFCalculating] log_result_queue_info:1472: calc#1: 排行: try_fetch_result periodly report remaining_qize=6 sync_batch_size=100 processed_result=19500, speed=984.32/s totalWork=7
2021-07-18 11:54:17,371 INFO  [DNFCalculating] log_result_queue_info:1472: calc#1: 排行: try_fetch_result periodly report remaining_qize=2 sync_batch_size=100 processed_result=20000, speed=1009.10/s totalWork=7
2021-07-18 11:54:17,882 INFO  [DNFCalculating] log_result_queue_info:1472: calc#1: 排行: try_fetch_result_in_background remaining_qize=7 sync_batch_size=100 processed_result=20200, speed=993.56/s totalWork=7
2021-07-18 11:54:17,885 INFO  [DNFCalculating] log_result_queue_info:1472: calc#1: 排行: try_fetch_result periodly report remaining_qize=6 sync_batch_size=100 processed_result=20300, speed=998.33/s totalWork=7
2021-07-18 11:54:17,897 INFO  [DNFCalculating] log_result_queue_info:1472: calc#1: 排行: try_fetch_result periodly report remaining_qize=0 sync_batch_size=100 processed_result=21000, speed=1032.15/s totalWork=7
2021-07-18 11:54:18,406 INFO  [DNFCalculating] log_result_queue_info:1472: calc#1: 排行: try_fetch_result_in_background remaining_qize=7 sync_batch_size=100 processed_result=21000, speed=1006.99/s totalWork=7
2021-07-18 11:54:18,408 INFO  [DNFCalculating] log_result_queue_info:1472: calc#1: 排行: try_fetch_result periodly report remaining_qize=6 sync_batch_size=100 processed_result=21100, speed=1011.69/s totalWork=7
2021-07-18 11:54:18,928 INFO  [DNFCalculating] log_result_queue_info:1472: calc#1: 排行: try_fetch_result_in_background remaining_qize=7 sync_batch_size=100 processed_result=21700, speed=1015.13/s totalWork=7
2021-07-18 11:54:18,930 INFO  [DNFCalculating] log_result_queue_info:1472: calc#1: 排行: try_fetch_result periodly report remaining_qize=6 sync_batch_size=100 processed_result=21800, speed=1019.69/s totalWork=7
2021-07-18 11:54:18,935 INFO  [DNFCalculating] log_result_queue_info:1472: calc#1: 排行: try_fetch_result periodly report remaining_qize=4 sync_batch_size=100 processed_result=22000, speed=1028.83/s totalWork=7
2021-07-18 11:54:19,451 INFO  [DNFCalculating] log_result_queue_info:1472: calc#1: 排行: try_fetch_result_in_background remaining_qize=7 sync_batch_size=100 processed_result=22400, speed=1022.86/s totalWork=7
2021-07-18 11:54:19,453 INFO  [DNFCalculating] log_result_queue_info:1472: calc#1: 排行: try_fetch_result periodly report remaining_qize=6 sync_batch_size=100 processed_result=22500, speed=1027.33/s totalWork=7
2021-07-18 11:54:19,461 INFO  [DNFCalculating] log_result_queue_info:1472: calc#1: 排行: try_fetch_result periodly report remaining_qize=1 sync_batch_size=100 processed_result=23000, speed=1049.78/s totalWork=7
2021-07-18 11:54:19,974 INFO  [DNFCalculating] log_result_queue_info:1472: calc#1: 排行: try_fetch_result_in_background remaining_qize=7 sync_batch_size=100 processed_result=23100, speed=1030.23/s totalWork=7
2021-07-18 11:54:19,976 INFO  [DNFCalculating] log_result_queue_info:1472: calc#1: 排行: try_fetch_result periodly report remaining_qize=6 sync_batch_size=100 processed_result=23200, speed=1034.55/s totalWork=7
2021-07-18 11:54:20,496 INFO  [DNFCalculating] log_result_queue_info:1472: calc#1: 排行: try_fetch_result_in_background remaining_qize=7 sync_batch_size=100 processed_result=23800, speed=1037.27/s totalWork=7
2021-07-18 11:54:20,499 INFO  [DNFCalculating] log_result_queue_info:1472: calc#1: 排行: try_fetch_result periodly report remaining_qize=6 sync_batch_size=100 processed_result=23900, speed=1041.51/s totalWork=7
2021-07-18 11:54:20,501 INFO  [DNFCalculating] log_result_queue_info:1472: calc#1: 排行: try_fetch_result periodly report remaining_qize=5 sync_batch_size=100 processed_result=24000, speed=1045.78/s totalWork=7
2021-07-18 11:54:21,020 INFO  [DNFCalculating] log_result_queue_info:1472: calc#1: 排行: try_fetch_result_in_background remaining_qize=8 sync_batch_size=100 processed_result=24600, speed=1048.23/s totalWork=7
2021-07-18 11:54:21,021 INFO  [DNFCalculating] log_result_queue_info:1472: calc#1: 排行: try_fetch_result periodly report remaining_qize=7 sync_batch_size=100 processed_result=24700, speed=1052.40/s totalWork=7
2021-07-18 11:54:21,027 INFO  [DNFCalculating] log_result_queue_info:1472: calc#1: 排行: try_fetch_result periodly report remaining_qize=4 sync_batch_size=100 processed_result=25000, speed=1064.93/s totalWork=7
2021-07-18 11:54:21,542 INFO  [DNFCalculating] log_result_queue_info:1472: calc#1: 排行: try_fetch_result_in_background remaining_qize=9 sync_batch_size=100 processed_result=25400, speed=1058.75/s totalWork=7
2021-07-18 11:54:21,545 INFO  [DNFCalculating] log_result_queue_info:1472: calc#1: 排行: try_fetch_result periodly report remaining_qize=8 sync_batch_size=100 processed_result=25500, speed=1062.79/s totalWork=7
2021-07-18 11:54:21,553 INFO  [DNFCalculating] log_result_queue_info:1472: calc#1: 排行: try_fetch_result periodly report remaining_qize=3 sync_batch_size=100 processed_result=26000, speed=1083.27/s totalWork=7
2021-07-18 11:54:22,065 INFO  [DNFCalculating] log_result_queue_info:1472: calc#1: 排行: try_fetch_result_in_background remaining_qize=6 sync_batch_size=100 processed_result=26300, speed=1072.89/s totalWork=7
2021-07-18 11:54:22,067 INFO  [DNFCalculating] log_result_queue_info:1472: calc#1: 排行: try_fetch_result periodly report remaining_qize=5 sync_batch_size=100 processed_result=26400, speed=1076.86/s totalWork=7
2021-07-18 11:54:22,587 INFO  [DNFCalculating] log_result_queue_info:1472: calc#1: 排行: try_fetch_result_in_background remaining_qize=8 sync_batch_size=100 processed_result=26900, speed=1074.45/s totalWork=7
2021-07-18 11:54:22,590 INFO  [DNFCalculating] log_result_queue_info:1472: calc#1: 排行: try_fetch_result periodly report remaining_qize=7 sync_batch_size=100 processed_result=27000, speed=1078.34/s totalWork=7
2021-07-18 11:54:23,126 INFO  [DNFCalculating] log_result_queue_info:1472: calc#1: 排行: try_fetch_result_in_background remaining_qize=7 sync_batch_size=100 processed_result=27700, speed=1083.12/s totalWork=7
2021-07-18 11:54:23,128 INFO  [DNFCalculating] log_result_queue_info:1472: calc#1: 排行: try_fetch_result periodly report remaining_qize=6 sync_batch_size=100 processed_result=27800, speed=1086.95/s totalWork=7
2021-07-18 11:54:23,131 INFO  [DNFCalculating] log_result_queue_info:1472: calc#1: 排行: try_fetch_result periodly report remaining_qize=4 sync_batch_size=100 processed_result=28000, speed=1094.60/s totalWork=7
2021-07-18 11:54:23,649 INFO  [DNFCalculating] log_result_queue_info:1472: calc#1: 排行: try_fetch_result_in_background remaining_qize=8 sync_batch_size=100 processed_result=28400, speed=1088.25/s totalWork=7
2021-07-18 11:54:23,651 INFO  [DNFCalculating] log_result_queue_info:1472: calc#1: 排行: try_fetch_result periodly report remaining_qize=7 sync_batch_size=100 processed_result=28500, speed=1091.98/s totalWork=7
2021-07-18 11:54:23,660 INFO  [DNFCalculating] log_result_queue_info:1472: calc#1: 排行: try_fetch_result periodly report remaining_qize=2 sync_batch_size=100 processed_result=29000, speed=1110.75/s totalWork=7
2021-07-18 11:54:24,172 INFO  [DNFCalculating] log_result_queue_info:1472: calc#1: 排行: try_fetch_result_in_background remaining_qize=7 sync_batch_size=100 processed_result=29200, speed=1096.91/s totalWork=7
2021-07-18 11:54:24,174 INFO  [DNFCalculating] log_result_queue_info:1472: calc#1: 排行: try_fetch_result periodly report remaining_qize=6 sync_batch_size=100 processed_result=29300, speed=1100.58/s totalWork=7
2021-07-18 11:54:24,694 INFO  [DNFCalculating] log_result_queue_info:1472: calc#1: 排行: try_fetch_result_in_background remaining_qize=7 sync_batch_size=100 processed_result=29900, speed=1101.59/s totalWork=7
2021-07-18 11:54:24,696 INFO  [DNFCalculating] log_result_queue_info:1472: calc#1: 排行: try_fetch_result periodly report remaining_qize=6 sync_batch_size=100 processed_result=30000, speed=1105.17/s totalWork=7
2021-07-18 11:54:25,217 INFO  [DNFCalculating] log_result_queue_info:1472: calc#1: 排行: try_fetch_result_in_background remaining_qize=8 sync_batch_size=100 processed_result=30700, speed=1109.67/s totalWork=7
2021-07-18 11:54:25,220 INFO  [DNFCalculating] log_result_queue_info:1472: calc#1: 排行: try_fetch_result periodly report remaining_qize=7 sync_batch_size=100 processed_result=30800, speed=1113.19/s totalWork=7
2021-07-18 11:54:25,223 INFO  [DNFCalculating] log_result_queue_info:1472: calc#1: 排行: try_fetch_result periodly report remaining_qize=5 sync_batch_size=100 processed_result=31000, speed=1120.27/s totalWork=7
2021-07-18 11:54:25,740 INFO  [DNFCalculating] log_result_queue_info:1472: calc#1: 排行: try_fetch_result_in_background remaining_qize=8 sync_batch_size=100 processed_result=31500, speed=1117.47/s totalWork=7
2021-07-18 11:54:25,742 INFO  [DNFCalculating] log_result_queue_info:1472: calc#1: 排行: try_fetch_result periodly report remaining_qize=7 sync_batch_size=100 processed_result=31600, speed=1120.92/s totalWork=7
2021-07-18 11:54:25,750 INFO  [DNFCalculating] log_result_queue_info:1472: calc#1: 排行: try_fetch_result periodly report remaining_qize=4 sync_batch_size=100 processed_result=32000, speed=1134.81/s totalWork=7
2021-07-18 11:54:26,263 INFO  [DNFCalculating] log_result_queue_info:1472: calc#1: 排行: try_fetch_result_in_background remaining_qize=8 sync_batch_size=100 processed_result=32400, speed=1128.47/s totalWork=7
2021-07-18 11:54:26,265 INFO  [DNFCalculating] log_result_queue_info:1472: calc#1: 排行: try_fetch_result periodly report remaining_qize=7 sync_batch_size=100 processed_result=32500, speed=1131.88/s totalWork=7
2021-07-18 11:54:26,273 INFO  [DNFCalculating] log_result_queue_info:1472: calc#1: 排行: try_fetch_result periodly report remaining_qize=2 sync_batch_size=100 processed_result=33000, speed=1148.97/s totalWork=7
2021-07-18 11:54:26,786 INFO  [DNFCalculating] log_result_queue_info:1472: calc#1: 排行: try_fetch_result_in_background remaining_qize=7 sync_batch_size=100 processed_result=33200, speed=1135.66/s totalWork=7
2021-07-18 11:54:26,788 INFO  [DNFCalculating] log_result_queue_info:1472: calc#1: 排行: try_fetch_result periodly report remaining_qize=6 sync_batch_size=100 processed_result=33286, speed=1138.50/s totalWork=7
2021-07-18 11:54:27,308 INFO  [DNFCalculating] log_result_queue_info:1472: calc#1: 排行: try_fetch_result_in_background remaining_qize=6 sync_batch_size=100 processed_result=33886, speed=1138.78/s totalWork=7
2021-07-18 11:54:27,310 INFO  [DNFCalculating] log_result_queue_info:1472: calc#1: 排行: try_fetch_result periodly report remaining_qize=5 sync_batch_size=100 processed_result=33986, speed=1142.04/s totalWork=7
2021-07-18 11:54:27,312 INFO  [DNFCalculating] log_result_queue_info:1472: calc#1: 排行: try_fetch_result periodly report remaining_qize=4 sync_batch_size=100 processed_result=34072, speed=1144.86/s totalWork=7
2021-07-18 11:54:27,831 INFO  [DNFCalculating] log_result_queue_info:1472: calc#1: 排行: try_fetch_result_in_background remaining_qize=6 sync_batch_size=100 processed_result=34472, speed=1138.45/s totalWork=7
2021-07-18 11:54:27,834 INFO  [DNFCalculating] log_result_queue_info:1472: calc#1: 排行: try_fetch_result periodly report remaining_qize=5 sync_batch_size=100 processed_result=34572, speed=1141.66/s totalWork=7
2021-07-18 11:54:27,841 INFO  [DNFCalculating] log_result_queue_info:1472: calc#1: 排行: try_fetch_result periodly report remaining_qize=0 sync_batch_size=100 processed_result=35072, speed=1157.89/s totalWork=7
2021-07-18 11:54:28,353 INFO  [DNFCalculating] log_result_queue_info:1472: calc#1: 排行: try_fetch_result_in_background remaining_qize=5 sync_batch_size=100 processed_result=35072, speed=1138.63/s totalWork=7
2021-07-18 11:54:28,356 INFO  [DNFCalculating] log_result_queue_info:1472: calc#1: 排行: try_fetch_result periodly report remaining_qize=4 sync_batch_size=100 processed_result=35172, speed=1141.78/s totalWork=7
2021-07-18 11:54:28,877 INFO  [DNFCalculating] log_result_queue_info:1472: calc#1: 排行: try_fetch_result_in_background remaining_qize=8 sync_batch_size=100 processed_result=35572, speed=1135.57/s totalWork=7
2021-07-18 11:54:28,879 INFO  [DNFCalculating] log_result_queue_info:1472: calc#1: 排行: try_fetch_result periodly report remaining_qize=7 sync_batch_size=100 processed_result=35672, speed=1138.67/s totalWork=7
2021-07-18 11:54:28,886 INFO  [DNFCalculating] log_result_queue_info:1472: calc#1: 排行: try_fetch_result periodly report remaining_qize=3 sync_batch_size=100 processed_result=36058, speed=1150.75/s totalWork=7
2021-07-18 11:54:29,399 INFO  [DNFCalculating] log_result_queue_info:1472: calc#1: 排行: try_fetch_result_in_background remaining_qize=5 sync_batch_size=100 processed_result=36358, speed=1141.62/s totalWork=7
2021-07-18 11:54:29,402 INFO  [DNFCalculating] log_result_queue_info:1472: calc#1: 排行: try_fetch_result periodly report remaining_qize=4 sync_batch_size=100 processed_result=36458, speed=1144.66/s totalWork=7
2021-07-18 11:54:29,922 INFO  [DNFCalculating] log_result_queue_info:1472: calc#1: 排行: try_fetch_result_in_background remaining_qize=5 sync_batch_size=100 processed_result=36858, speed=1138.63/s totalWork=7
2021-07-18 11:54:29,924 INFO  [DNFCalculating] log_result_queue_info:1472: calc#1: 排行: try_fetch_result periodly report remaining_qize=4 sync_batch_size=100 processed_result=36944, speed=1141.20/s totalWork=7
2021-07-18 11:54:29,926 INFO  [DNFCalculating] log_result_queue_info:1472: calc#1: 排行: try_fetch_result periodly report remaining_qize=3 sync_batch_size=100 processed_result=37044, speed=1144.22/s totalWork=7
2021-07-18 11:54:30,445 INFO  [DNFCalculating] log_result_queue_info:1472: calc#1: 排行: try_fetch_result_in_background remaining_qize=5 sync_batch_size=100 processed_result=37344, speed=1135.29/s totalWork=7
2021-07-18 11:54:30,447 INFO  [DNFCalculating] log_result_queue_info:1472: calc#1: 排行: try_fetch_result periodly report remaining_qize=4 sync_batch_size=100 processed_result=37444, speed=1138.27/s totalWork=7
2021-07-18 11:54:30,952 INFO  [DNFCalculating] log_result_queue_info:1472: calc#1: 排行: try_fetch_result_in_background remaining_qize=3 sync_batch_size=100 processed_result=37830, speed=1132.61/s totalWork=7
2021-07-18 11:54:30,954 INFO  [DNFCalculating] log_result_queue_info:1472: calc#1: 排行: try_fetch_result periodly report remaining_qize=2 sync_batch_size=100 processed_result=37930, speed=1135.52/s totalWork=7
2021-07-18 11:54:30,956 INFO  [DNFCalculating] log_result_queue_info:1472: calc#1: 排行: try_fetch_result periodly report remaining_qize=1 sync_batch_size=100 processed_result=38030, speed=1138.45/s totalWork=7
2021-07-18 11:54:31,403 WARNI [DNFCalculating] 计算线程:1581: 所有工作线程均已完成计算，总计用时=34.49s
2021-07-18 11:54:31,476 INFO  [DNFCalculating] log_result_queue_info:1472: calc#1: 排行: after join remaining_qize=3 sync_batch_size=100 processed_result=38130, speed=1123.96/s totalWork=7
2021-07-18 11:54:31,478 INFO  [DNFCalculating] log_result_queue_info:1472: calc#1: 排行: try_fetch_result periodly report remaining_qize=2 sync_batch_size=100 processed_result=38215, speed=1126.38/s totalWork=7
2021-07-18 11:54:31,481 INFO  [DNFCalculating] log_result_queue_info:1472: calc#1: 排行: after final remaining_qize=0 sync_batch_size=100 processed_result=38400, speed=1131.75/s totalWork=7
2021-07-18 11:56:55,147 INFO  [DNFCalculating] 计算线程:1459: 开始计算
2021-07-18 11:56:55,843 INFO  [DNFCalculating] log_result_queue_info:1472: calc#2: 排行: try_fetch_result_in_background remaining_qize=0 sync_batch_size=100 processed_result=0, speed=0.00/s totalWork=0
2021-07-18 11:56:56,442 INFO  [DNFCalculating] log_result_queue_info:1472: calc#2: 排行: try_fetch_result_in_background remaining_qize=0 sync_batch_size=100 processed_result=0, speed=0.00/s totalWork=0
2021-07-18 11:56:57,026 INFO  [DNFCalculating] log_result_queue_info:1472: calc#2: 排行: try_fetch_result_in_background remaining_qize=0 sync_batch_size=100 processed_result=0, speed=0.00/s totalWork=0
2021-07-18 11:56:57,672 INFO  [DNFCalculating] log_result_queue_info:1472: calc#2: 排行: try_fetch_result_in_background remaining_qize=0 sync_batch_size=100 processed_result=0, speed=0.00/s totalWork=0
2021-07-18 11:56:58,349 INFO  [DNFCalculating] log_result_queue_info:1472: calc#2: 排行: try_fetch_result_in_background remaining_qize=0 sync_batch_size=100 processed_result=0, speed=0.00/s totalWork=0
2021-07-18 11:56:58,917 INFO  [DNFCalculating] log_result_queue_info:1472: calc#2: 排行: try_fetch_result_in_background remaining_qize=0 sync_batch_size=100 processed_result=0, speed=0.00/s totalWork=7
2021-07-18 11:56:59,433 INFO  [DNFCalculating] log_result_queue_info:1472: calc#2: 排行: try_fetch_result_in_background remaining_qize=0 sync_batch_size=100 processed_result=0, speed=0.00/s totalWork=7
2021-07-18 11:56:59,956 INFO  [DNFCalculating] log_result_queue_info:1472: calc#2: 排行: try_fetch_result_in_background remaining_qize=1 sync_batch_size=100 processed_result=0, speed=0.00/s totalWork=7
2021-07-18 11:57:00,471 INFO  [DNFCalculating] log_result_queue_info:1472: calc#2: 排行: try_fetch_result_in_background remaining_qize=1 sync_batch_size=100 processed_result=100, speed=21.00/s totalWork=7
2021-07-18 11:57:00,979 INFO  [DNFCalculating] log_result_queue_info:1472: calc#2: 排行: try_fetch_result_in_background remaining_qize=2 sync_batch_size=100 processed_result=200, speed=37.96/s totalWork=7
2021-07-18 11:57:01,486 INFO  [DNFCalculating] log_result_queue_info:1472: calc#2: 排行: try_fetch_result_in_background remaining_qize=2 sync_batch_size=100 processed_result=400, speed=69.24/s totalWork=7
2021-07-18 11:57:01,997 INFO  [DNFCalculating] log_result_queue_info:1472: calc#2: 排行: try_fetch_result_in_background remaining_qize=3 sync_batch_size=100 processed_result=600, speed=95.42/s totalWork=7
2021-07-18 11:57:02,516 INFO  [DNFCalculating] log_result_queue_info:1472: calc#2: 排行: try_fetch_result_in_background remaining_qize=0 sync_batch_size=100 processed_result=900, speed=132.22/s totalWork=7
2021-07-18 11:57:03,024 INFO  [DNFCalculating] log_result_queue_info:1472: calc#2: 排行: try_fetch_result_in_background remaining_qize=3 sync_batch_size=100 processed_result=900, speed=123.04/s totalWork=7
2021-07-18 11:57:03,026 INFO  [DNFCalculating] log_result_queue_info:1472: calc#2: 排行: try_fetch_result periodly report remaining_qize=2 sync_batch_size=100 processed_result=1000, speed=136.68/s totalWork=7
2021-07-18 11:57:03,531 INFO  [DNFCalculating] log_result_queue_info:1472: calc#2: 排行: try_fetch_result_in_background remaining_qize=3 sync_batch_size=100 processed_result=1200, speed=153.42/s totalWork=7
2021-07-18 11:57:03,533 INFO  [DNFCalculating] log_result_queue_info:1472: calc#2: 排行: try_fetch_result periodly report remaining_qize=2 sync_batch_size=100 processed_result=1300, speed=166.15/s totalWork=7
2021-07-18 11:57:04,038 INFO  [DNFCalculating] log_result_queue_info:1472: calc#2: 排行: try_fetch_result_in_background remaining_qize=3 sync_batch_size=100 processed_result=1500, speed=180.09/s totalWork=7
2021-07-18 11:57:04,041 INFO  [DNFCalculating] log_result_queue_info:1472: calc#2: 排行: try_fetch_result periodly report remaining_qize=2 sync_batch_size=100 processed_result=1600, speed=192.05/s totalWork=7
2021-07-18 11:57:04,545 INFO  [DNFCalculating] log_result_queue_info:1472: calc#2: 排行: try_fetch_result_in_background remaining_qize=2 sync_batch_size=100 processed_result=1800, speed=203.71/s totalWork=7
2021-07-18 11:57:04,548 INFO  [DNFCalculating] log_result_queue_info:1472: calc#2: 排行: try_fetch_result periodly report remaining_qize=1 sync_batch_size=100 processed_result=1900, speed=214.96/s totalWork=7
2021-07-18 11:57:04,550 INFO  [DNFCalculating] log_result_queue_info:1472: calc#2: 排行: try_fetch_result periodly report remaining_qize=0 sync_batch_size=100 processed_result=2000, speed=226.23/s totalWork=7
2021-07-18 11:57:05,053 INFO  [DNFCalculating] log_result_queue_info:1472: calc#2: 排行: try_fetch_result_in_background remaining_qize=5 sync_batch_size=100 processed_result=2000, speed=214.05/s totalWork=7
2021-07-18 11:57:05,055 INFO  [DNFCalculating] log_result_queue_info:1472: calc#2: 排行: try_fetch_result periodly report remaining_qize=4 sync_batch_size=100 processed_result=2100, speed=224.69/s totalWork=7
2021-07-18 11:57:05,576 INFO  [DNFCalculating] log_result_queue_info:1472: calc#2: 排行: try_fetch_result_in_background remaining_qize=7 sync_batch_size=100 processed_result=2500, speed=253.37/s totalWork=7
2021-07-18 11:57:05,578 INFO  [DNFCalculating] log_result_queue_info:1472: calc#2: 排行: try_fetch_result periodly report remaining_qize=6 sync_batch_size=100 processed_result=2600, speed=263.45/s totalWork=7
2021-07-18 11:57:05,585 INFO  [DNFCalculating] log_result_queue_info:1472: calc#2: 排行: try_fetch_result periodly report remaining_qize=3 sync_batch_size=100 processed_result=3000, speed=303.77/s totalWork=7
2021-07-18 11:57:06,099 INFO  [DNFCalculating] log_result_queue_info:1472: calc#2: 排行: try_fetch_result_in_background remaining_qize=5 sync_batch_size=100 processed_result=3300, speed=317.61/s totalWork=7
2021-07-18 11:57:06,102 INFO  [DNFCalculating] log_result_queue_info:1472: calc#2: 排行: try_fetch_result periodly report remaining_qize=4 sync_batch_size=100 processed_result=3400, speed=327.14/s totalWork=7
2021-07-18 11:57:06,622 INFO  [DNFCalculating] log_result_queue_info:1472: calc#2: 排行: try_fetch_result_in_background remaining_qize=7 sync_batch_size=100 processed_result=3800, speed=348.23/s totalWork=7
2021-07-18 11:57:06,624 INFO  [DNFCalculating] log_result_queue_info:1472: calc#2: 排行: try_fetch_result periodly report remaining_qize=6 sync_batch_size=100 processed_result=3900, speed=357.32/s totalWork=7
2021-07-18 11:57:06,626 INFO  [DNFCalculating] log_result_queue_info:1472: calc#2: 排行: try_fetch_result periodly report remaining_qize=5 sync_batch_size=100 processed_result=4000, speed=366.42/s totalWork=7
2021-07-18 11:57:07,144 INFO  [DNFCalculating] log_result_queue_info:1472: calc#2: 排行: try_fetch_result_in_background remaining_qize=6 sync_batch_size=100 processed_result=4500, speed=393.52/s totalWork=7
2021-07-18 11:57:07,146 INFO  [DNFCalculating] log_result_queue_info:1472: calc#2: 排行: try_fetch_result periodly report remaining_qize=5 sync_batch_size=100 processed_result=4600, speed=402.21/s totalWork=7
2021-07-18 11:57:07,153 INFO  [DNFCalculating] log_result_queue_info:1472: calc#2: 排行: try_fetch_result periodly report remaining_qize=1 sync_batch_size=100 processed_result=5000, speed=436.90/s totalWork=7
2021-07-18 11:57:07,667 INFO  [DNFCalculating] log_result_queue_info:1472: calc#2: 排行: try_fetch_result_in_background remaining_qize=8 sync_batch_size=100 processed_result=5100, speed=426.51/s totalWork=7
2021-07-18 11:57:07,669 INFO  [DNFCalculating] log_result_queue_info:1472: calc#2: 排行: try_fetch_result periodly report remaining_qize=7 sync_batch_size=100 processed_result=5200, speed=434.78/s totalWork=7
2021-07-18 11:57:08,190 INFO  [DNFCalculating] log_result_queue_info:1472: calc#2: 排行: try_fetch_result_in_background remaining_qize=7 sync_batch_size=100 processed_result=5900, speed=472.72/s totalWork=7
2021-07-18 11:57:08,192 INFO  [DNFCalculating] log_result_queue_info:1472: calc#2: 排行: try_fetch_result periodly report remaining_qize=6 sync_batch_size=100 processed_result=6000, speed=480.66/s totalWork=7
2021-07-18 11:57:08,712 INFO  [DNFCalculating] log_result_queue_info:1472: calc#2: 排行: try_fetch_result_in_background remaining_qize=7 sync_batch_size=100 processed_result=6600, speed=507.57/s totalWork=7
2021-07-18 11:57:08,715 INFO  [DNFCalculating] log_result_queue_info:1472: calc#2: 排行: try_fetch_result periodly report remaining_qize=6 sync_batch_size=100 processed_result=6700, speed=515.14/s totalWork=7
2021-07-18 11:57:08,721 INFO  [DNFCalculating] log_result_queue_info:1472: calc#2: 排行: try_fetch_result periodly report remaining_qize=3 sync_batch_size=100 processed_result=7000, speed=537.98/s totalWork=7
2021-07-18 11:57:09,236 INFO  [DNFCalculating] log_result_queue_info:1472: calc#2: 排行: try_fetch_result_in_background remaining_qize=6 sync_batch_size=100 processed_result=7300, speed=539.69/s totalWork=7
2021-07-18 11:57:09,238 INFO  [DNFCalculating] log_result_queue_info:1472: calc#2: 排行: try_fetch_result periodly report remaining_qize=5 sync_batch_size=100 processed_result=7400, speed=546.98/s totalWork=7
2021-07-18 11:57:09,758 INFO  [DNFCalculating] log_result_queue_info:1472: calc#2: 排行: try_fetch_result_in_background remaining_qize=8 sync_batch_size=100 processed_result=7900, speed=562.33/s totalWork=7
2021-07-18 11:57:09,760 INFO  [DNFCalculating] log_result_queue_info:1472: calc#2: 排行: try_fetch_result periodly report remaining_qize=7 sync_batch_size=100 processed_result=8000, speed=569.35/s totalWork=7
2021-07-18 11:57:10,281 INFO  [DNFCalculating] log_result_queue_info:1472: calc#2: 排行: try_fetch_result_in_background remaining_qize=7 sync_batch_size=100 processed_result=8700, speed=597.04/s totalWork=7
2021-07-18 11:57:10,283 INFO  [DNFCalculating] log_result_queue_info:1472: calc#2: 排行: try_fetch_result periodly report remaining_qize=6 sync_batch_size=100 processed_result=8800, speed=603.82/s totalWork=7
2021-07-18 11:57:10,287 INFO  [DNFCalculating] log_result_queue_info:1472: calc#2: 排行: try_fetch_result periodly report remaining_qize=4 sync_batch_size=100 processed_result=9000, speed=617.39/s totalWork=7
2021-07-18 11:57:10,804 INFO  [DNFCalculating] log_result_queue_info:1472: calc#2: 排行: try_fetch_result_in_background remaining_qize=7 sync_batch_size=100 processed_result=9400, speed=622.73/s totalWork=7
2021-07-18 11:57:10,806 INFO  [DNFCalculating] log_result_queue_info:1472: calc#2: 排行: try_fetch_result periodly report remaining_qize=6 sync_batch_size=100 processed_result=9500, speed=629.25/s totalWork=7
2021-07-18 11:57:10,814 INFO  [DNFCalculating] log_result_queue_info:1472: calc#2: 排行: try_fetch_result periodly report remaining_qize=1 sync_batch_size=100 processed_result=10000, speed=662.05/s totalWork=7
2021-07-18 11:57:11,327 INFO  [DNFCalculating] log_result_queue_info:1472: calc#2: 排行: try_fetch_result_in_background remaining_qize=7 sync_batch_size=100 processed_result=10100, speed=646.71/s totalWork=7
2021-07-18 11:57:11,329 INFO  [DNFCalculating] log_result_queue_info:1472: calc#2: 排行: try_fetch_result periodly report remaining_qize=6 sync_batch_size=100 processed_result=10200, speed=653.01/s totalWork=7
2021-07-18 11:57:11,849 INFO  [DNFCalculating] log_result_queue_info:1472: calc#2: 排行: try_fetch_result_in_background remaining_qize=7 sync_batch_size=100 processed_result=10800, speed=669.13/s totalWork=7
2021-07-18 11:57:11,852 INFO  [DNFCalculating] log_result_queue_info:1472: calc#2: 排行: try_fetch_result periodly report remaining_qize=6 sync_batch_size=100 processed_result=10900, speed=675.22/s totalWork=7
2021-07-18 11:57:11,853 INFO  [DNFCalculating] log_result_queue_info:1472: calc#2: 排行: try_fetch_result periodly report remaining_qize=5 sync_batch_size=100 processed_result=11000, speed=681.36/s totalWork=7
2021-07-18 11:57:12,372 INFO  [DNFCalculating] log_result_queue_info:1472: calc#2: 排行: try_fetch_result_in_background remaining_qize=7 sync_batch_size=100 processed_result=11500, speed=690.15/s totalWork=7
2021-07-18 11:57:12,375 INFO  [DNFCalculating] log_result_queue_info:1472: calc#2: 排行: try_fetch_result periodly report remaining_qize=7 sync_batch_size=100 processed_result=11600, speed=696.05/s totalWork=7
2021-07-18 11:57:12,381 INFO  [DNFCalculating] log_result_queue_info:1472: calc#2: 排行: try_fetch_result periodly report remaining_qize=3 sync_batch_size=100 processed_result=12000, speed=719.79/s totalWork=7
2021-07-18 11:57:12,895 INFO  [DNFCalculating] log_result_queue_info:1472: calc#2: 排行: try_fetch_result_in_background remaining_qize=7 sync_batch_size=100 processed_result=12300, speed=715.68/s totalWork=7
2021-07-18 11:57:12,897 INFO  [DNFCalculating] log_result_queue_info:1472: calc#2: 排行: try_fetch_result periodly report remaining_qize=6 sync_batch_size=100 processed_result=12400, speed=721.42/s totalWork=7
2021-07-18 11:57:12,907 INFO  [DNFCalculating] log_result_queue_info:1472: calc#2: 排行: try_fetch_result periodly report remaining_qize=0 sync_batch_size=100 processed_result=13000, speed=755.89/s totalWork=7
2021-07-18 11:57:13,419 INFO  [DNFCalculating] log_result_queue_info:1472: calc#2: 排行: try_fetch_result_in_background remaining_qize=8 sync_batch_size=100 processed_result=13000, speed=734.04/s totalWork=7
2021-07-18 11:57:13,422 INFO  [DNFCalculating] log_result_queue_info:1472: calc#2: 排行: try_fetch_result periodly report remaining_qize=7 sync_batch_size=100 processed_result=13100, speed=739.59/s totalWork=7
2021-07-18 11:57:13,941 INFO  [DNFCalculating] log_result_queue_info:1472: calc#2: 排行: try_fetch_result_in_background remaining_qize=7 sync_batch_size=100 processed_result=13800, speed=756.91/s totalWork=7
2021-07-18 11:57:13,944 INFO  [DNFCalculating] log_result_queue_info:1472: calc#2: 排行: try_fetch_result periodly report remaining_qize=6 sync_batch_size=100 processed_result=13900, speed=762.29/s totalWork=7
2021-07-18 11:57:13,945 INFO  [DNFCalculating] log_result_queue_info:1472: calc#2: 排行: try_fetch_result periodly report remaining_qize=5 sync_batch_size=100 processed_result=14000, speed=767.72/s totalWork=7
2021-07-18 11:57:14,463 INFO  [DNFCalculating] log_result_queue_info:1472: calc#2: 排行: try_fetch_result_in_background remaining_qize=6 sync_batch_size=100 processed_result=14500, speed=773.18/s totalWork=7
2021-07-18 11:57:14,465 INFO  [DNFCalculating] log_result_queue_info:1472: calc#2: 排行: try_fetch_result periodly report remaining_qize=5 sync_batch_size=100 processed_result=14600, speed=778.43/s totalWork=7
2021-07-18 11:57:14,471 INFO  [DNFCalculating] log_result_queue_info:1472: calc#2: 排行: try_fetch_result periodly report remaining_qize=1 sync_batch_size=100 processed_result=15000, speed=799.50/s totalWork=7
2021-07-18 11:57:14,987 INFO  [DNFCalculating] log_result_queue_info:1472: calc#2: 排行: try_fetch_result_in_background remaining_qize=8 sync_batch_size=100 processed_result=15100, speed=783.28/s totalWork=7
2021-07-18 11:57:14,989 INFO  [DNFCalculating] log_result_queue_info:1472: calc#2: 排行: try_fetch_result periodly report remaining_qize=7 sync_batch_size=100 processed_result=15200, speed=788.38/s totalWork=7
2021-07-18 11:57:15,508 INFO  [DNFCalculating] log_result_queue_info:1472: calc#2: 排行: try_fetch_result_in_background remaining_qize=5 sync_batch_size=100 processed_result=15900, speed=803.06/s totalWork=7
2021-07-18 11:57:15,511 INFO  [DNFCalculating] log_result_queue_info:1472: calc#2: 排行: try_fetch_result periodly report remaining_qize=4 sync_batch_size=100 processed_result=16000, speed=808.01/s totalWork=7
2021-07-18 11:57:16,032 INFO  [DNFCalculating] log_result_queue_info:1472: calc#2: 排行: try_fetch_result_in_background remaining_qize=6 sync_batch_size=100 processed_result=16400, speed=806.98/s totalWork=7
2021-07-18 11:57:16,035 INFO  [DNFCalculating] log_result_queue_info:1472: calc#2: 排行: try_fetch_result periodly report remaining_qize=5 sync_batch_size=100 processed_result=16500, speed=811.77/s totalWork=7
2021-07-18 11:57:16,045 INFO  [DNFCalculating] log_result_queue_info:1472: calc#2: 排行: try_fetch_result periodly report remaining_qize=0 sync_batch_size=100 processed_result=17000, speed=835.96/s totalWork=7
2021-07-18 11:57:16,554 INFO  [DNFCalculating] log_result_queue_info:1472: calc#2: 排行: try_fetch_result_in_background remaining_qize=5 sync_batch_size=100 processed_result=17000, speed=815.53/s totalWork=7
2021-07-18 11:57:16,557 INFO  [DNFCalculating] log_result_queue_info:1472: calc#2: 排行: try_fetch_result periodly report remaining_qize=4 sync_batch_size=100 processed_result=17100, speed=820.23/s totalWork=7
2021-07-18 11:57:17,077 INFO  [DNFCalculating] log_result_queue_info:1472: calc#2: 排行: try_fetch_result_in_background remaining_qize=6 sync_batch_size=100 processed_result=17500, speed=818.98/s totalWork=7
2021-07-18 11:57:17,080 INFO  [DNFCalculating] log_result_queue_info:1472: calc#2: 排行: try_fetch_result periodly report remaining_qize=5 sync_batch_size=100 processed_result=17600, speed=823.56/s totalWork=7
2021-07-18 11:57:17,088 INFO  [DNFCalculating] log_result_queue_info:1472: calc#2: 排行: try_fetch_result periodly report remaining_qize=1 sync_batch_size=100 processed_result=18000, speed=841.96/s totalWork=7
2021-07-18 11:57:17,600 INFO  [DNFCalculating] log_result_queue_info:1472: calc#2: 排行: try_fetch_result_in_background remaining_qize=6 sync_batch_size=100 processed_result=18100, speed=826.84/s totalWork=7
2021-07-18 11:57:17,603 INFO  [DNFCalculating] log_result_queue_info:1472: calc#2: 排行: try_fetch_result periodly report remaining_qize=5 sync_batch_size=100 processed_result=18200, speed=831.30/s totalWork=7
2021-07-18 11:57:18,123 INFO  [DNFCalculating] log_result_queue_info:1472: calc#2: 排行: try_fetch_result_in_background remaining_qize=6 sync_batch_size=100 processed_result=18700, speed=834.31/s totalWork=7
2021-07-18 11:57:18,125 INFO  [DNFCalculating] log_result_queue_info:1472: calc#2: 排行: try_fetch_result periodly report remaining_qize=5 sync_batch_size=100 processed_result=18800, speed=838.70/s totalWork=7
2021-07-18 11:57:18,129 INFO  [DNFCalculating] log_result_queue_info:1472: calc#2: 排行: try_fetch_result periodly report remaining_qize=3 sync_batch_size=100 processed_result=19000, speed=847.47/s totalWork=7
2021-07-18 11:57:18,646 INFO  [DNFCalculating] log_result_queue_info:1472: calc#2: 排行: try_fetch_result_in_background remaining_qize=5 sync_batch_size=100 processed_result=19300, speed=841.45/s totalWork=7
2021-07-18 11:57:18,648 INFO  [DNFCalculating] log_result_queue_info:1472: calc#2: 排行: try_fetch_result periodly report remaining_qize=4 sync_batch_size=100 processed_result=19400, speed=845.72/s totalWork=7
2021-07-18 11:57:19,168 INFO  [DNFCalculating] log_result_queue_info:1472: calc#2: 排行: try_fetch_result_in_background remaining_qize=5 sync_batch_size=100 processed_result=19800, speed=844.02/s totalWork=7
2021-07-18 11:57:19,171 INFO  [DNFCalculating] log_result_queue_info:1472: calc#2: 排行: try_fetch_result periodly report remaining_qize=4 sync_batch_size=100 processed_result=19900, speed=848.19/s totalWork=7
2021-07-18 11:57:19,173 INFO  [DNFCalculating] log_result_queue_info:1472: calc#2: 排行: try_fetch_result periodly report remaining_qize=3 sync_batch_size=100 processed_result=20000, speed=852.36/s totalWork=7
2021-07-18 11:57:19,691 INFO  [DNFCalculating] log_result_queue_info:1472: calc#2: 排行: try_fetch_result_in_background remaining_qize=5 sync_batch_size=100 processed_result=20300, speed=846.48/s totalWork=7
2021-07-18 11:57:19,693 INFO  [DNFCalculating] log_result_queue_info:1472: calc#2: 排行: try_fetch_result periodly report remaining_qize=4 sync_batch_size=100 processed_result=20400, speed=850.57/s totalWork=7
2021-07-18 11:57:20,214 INFO  [DNFCalculating] log_result_queue_info:1472: calc#2: 排行: try_fetch_result_in_background remaining_qize=7 sync_batch_size=100 processed_result=20800, speed=848.81/s totalWork=7
2021-07-18 11:57:20,216 INFO  [DNFCalculating] log_result_queue_info:1472: calc#2: 排行: try_fetch_result periodly report remaining_qize=6 sync_batch_size=100 processed_result=20900, speed=852.82/s totalWork=7
2021-07-18 11:57:20,219 INFO  [DNFCalculating] log_result_queue_info:1472: calc#2: 排行: try_fetch_result periodly report remaining_qize=5 sync_batch_size=100 processed_result=21000, speed=856.80/s totalWork=7
2021-07-18 11:57:20,737 INFO  [DNFCalculating] log_result_queue_info:1472: calc#2: 排行: try_fetch_result_in_background remaining_qize=6 sync_batch_size=100 processed_result=21500, speed=859.05/s totalWork=7
2021-07-18 11:57:20,739 INFO  [DNFCalculating] log_result_queue_info:1472: calc#2: 排行: try_fetch_result periodly report remaining_qize=5 sync_batch_size=100 processed_result=21600, speed=862.98/s totalWork=7
2021-07-18 11:57:20,747 INFO  [DNFCalculating] log_result_queue_info:1472: calc#2: 排行: try_fetch_result periodly report remaining_qize=1 sync_batch_size=100 processed_result=22000, speed=878.68/s totalWork=7
2021-07-18 11:57:21,260 INFO  [DNFCalculating] log_result_queue_info:1472: calc#2: 排行: try_fetch_result_in_background remaining_qize=5 sync_batch_size=100 processed_result=22100, speed=864.94/s totalWork=7
2021-07-18 11:57:21,263 INFO  [DNFCalculating] log_result_queue_info:1472: calc#2: 排行: try_fetch_result periodly report remaining_qize=4 sync_batch_size=100 processed_result=22200, speed=868.77/s totalWork=7
2021-07-18 11:57:21,782 INFO  [DNFCalculating] log_result_queue_info:1472: calc#2: 排行: try_fetch_result_in_background remaining_qize=5 sync_batch_size=100 processed_result=22600, speed=866.81/s totalWork=7
2021-07-18 11:57:21,785 INFO  [DNFCalculating] log_result_queue_info:1472: calc#2: 排行: try_fetch_result periodly report remaining_qize=4 sync_batch_size=100 processed_result=22700, speed=870.53/s totalWork=7
2021-07-18 11:57:21,791 INFO  [DNFCalculating] log_result_queue_info:1472: calc#2: 排行: try_fetch_result periodly report remaining_qize=1 sync_batch_size=100 processed_result=23000, speed=881.85/s totalWork=7
2021-07-18 11:57:22,305 INFO  [DNFCalculating] log_result_queue_info:1472: calc#2: 排行: try_fetch_result_in_background remaining_qize=5 sync_batch_size=100 processed_result=23100, speed=868.55/s totalWork=7
2021-07-18 11:57:22,308 INFO  [DNFCalculating] log_result_queue_info:1472: calc#2: 排行: try_fetch_result periodly report remaining_qize=4 sync_batch_size=100 processed_result=23200, speed=872.21/s totalWork=7
2021-07-18 11:57:22,828 INFO  [DNFCalculating] log_result_queue_info:1472: calc#2: 排行: try_fetch_result_in_background remaining_qize=4 sync_batch_size=100 processed_result=23700, speed=873.95/s totalWork=7
2021-07-18 11:57:22,830 INFO  [DNFCalculating] log_result_queue_info:1472: calc#2: 排行: try_fetch_result periodly report remaining_qize=3 sync_batch_size=100 processed_result=23800, speed=877.56/s totalWork=7
2021-07-18 11:57:22,835 INFO  [DNFCalculating] log_result_queue_info:1472: calc#2: 排行: try_fetch_result periodly report remaining_qize=1 sync_batch_size=100 processed_result=24000, speed=884.77/s totalWork=7
2021-07-18 11:57:23,350 INFO  [DNFCalculating] log_result_queue_info:1472: calc#2: 排行: try_fetch_result_in_background remaining_qize=6 sync_batch_size=100 processed_result=24100, speed=871.89/s totalWork=7
2021-07-18 11:57:23,353 INFO  [DNFCalculating] log_result_queue_info:1472: calc#2: 排行: try_fetch_result periodly report remaining_qize=5 sync_batch_size=100 processed_result=24200, speed=875.43/s totalWork=7
2021-07-18 11:57:23,873 INFO  [DNFCalculating] log_result_queue_info:1472: calc#2: 排行: try_fetch_result_in_background remaining_qize=5 sync_batch_size=100 processed_result=24800, speed=880.55/s totalWork=7
2021-07-18 11:57:23,876 INFO  [DNFCalculating] log_result_queue_info:1472: calc#2: 排行: try_fetch_result periodly report remaining_qize=4 sync_batch_size=100 processed_result=24900, speed=884.02/s totalWork=7
2021-07-18 11:57:23,878 INFO  [DNFCalculating] log_result_queue_info:1472: calc#2: 排行: try_fetch_result periodly report remaining_qize=3 sync_batch_size=100 processed_result=25000, speed=887.49/s totalWork=7
2021-07-18 11:57:24,396 INFO  [DNFCalculating] log_result_queue_info:1472: calc#2: 排行: try_fetch_result_in_background remaining_qize=6 sync_batch_size=100 processed_result=25300, speed=881.94/s totalWork=7
2021-07-18 11:57:24,399 INFO  [DNFCalculating] log_result_queue_info:1472: calc#2: 排行: try_fetch_result periodly report remaining_qize=5 sync_batch_size=100 processed_result=25400, speed=885.32/s totalWork=7
2021-07-18 11:57:24,920 INFO  [DNFCalculating] log_result_queue_info:1472: calc#2: 排行: try_fetch_result_in_background remaining_qize=7 sync_batch_size=100 processed_result=25900, speed=886.67/s totalWork=7
2021-07-18 11:57:24,922 INFO  [DNFCalculating] log_result_queue_info:1472: calc#2: 排行: try_fetch_result periodly report remaining_qize=6 sync_batch_size=100 processed_result=26000, speed=890.02/s totalWork=7
2021-07-18 11:57:25,442 INFO  [DNFCalculating] log_result_queue_info:1472: calc#2: 排行: try_fetch_result_in_background remaining_qize=5 sync_batch_size=100 processed_result=26600, speed=894.64/s totalWork=7
2021-07-18 11:57:25,444 INFO  [DNFCalculating] log_result_queue_info:1472: calc#2: 排行: try_fetch_result periodly report remaining_qize=4 sync_batch_size=100 processed_result=26700, speed=897.93/s totalWork=7
2021-07-18 11:57:25,450 INFO  [DNFCalculating] log_result_queue_info:1472: calc#2: 排行: try_fetch_result periodly report remaining_qize=1 sync_batch_size=100 processed_result=27000, speed=907.85/s totalWork=7
2021-07-18 11:57:25,966 INFO  [DNFCalculating] log_result_queue_info:1472: calc#2: 排行: try_fetch_result_in_background remaining_qize=5 sync_batch_size=100 processed_result=27100, speed=895.66/s totalWork=7
2021-07-18 11:57:25,969 INFO  [DNFCalculating] log_result_queue_info:1472: calc#2: 排行: try_fetch_result periodly report remaining_qize=4 sync_batch_size=100 processed_result=27200, speed=898.89/s totalWork=7
2021-07-18 11:57:26,487 INFO  [DNFCalculating] log_result_queue_info:1472: calc#2: 排行: try_fetch_result_in_background remaining_qize=4 sync_batch_size=100 processed_result=27600, speed=896.75/s totalWork=7
2021-07-18 11:57:26,490 INFO  [DNFCalculating] log_result_queue_info:1472: calc#2: 排行: try_fetch_result periodly report remaining_qize=3 sync_batch_size=100 processed_result=27700, speed=899.90/s totalWork=7
2021-07-18 11:57:26,496 INFO  [DNFCalculating] log_result_queue_info:1472: calc#2: 排行: try_fetch_result periodly report remaining_qize=0 sync_batch_size=100 processed_result=28000, speed=909.48/s totalWork=7
2021-07-18 11:57:27,010 INFO  [DNFCalculating] log_result_queue_info:1472: calc#2: 排行: try_fetch_result_in_background remaining_qize=7 sync_batch_size=100 processed_result=28000, speed=894.55/s totalWork=7
2021-07-18 11:57:27,012 INFO  [DNFCalculating] log_result_queue_info:1472: calc#2: 排行: try_fetch_result periodly report remaining_qize=6 sync_batch_size=100 processed_result=28100, speed=897.68/s totalWork=7
2021-07-18 11:57:27,533 INFO  [DNFCalculating] log_result_queue_info:1472: calc#2: 排行: try_fetch_result_in_background remaining_qize=7 sync_batch_size=100 processed_result=28700, speed=901.84/s totalWork=7
2021-07-18 11:57:27,535 INFO  [DNFCalculating] log_result_queue_info:1472: calc#2: 排行: try_fetch_result periodly report remaining_qize=6 sync_batch_size=100 processed_result=28800, speed=904.91/s totalWork=7
2021-07-18 11:57:27,539 INFO  [DNFCalculating] log_result_queue_info:1472: calc#2: 排行: try_fetch_result periodly report remaining_qize=4 sync_batch_size=100 processed_result=29000, speed=911.08/s totalWork=7
2021-07-18 11:57:28,056 INFO  [DNFCalculating] log_result_queue_info:1472: calc#2: 排行: try_fetch_result_in_background remaining_qize=4 sync_batch_size=100 processed_result=29400, speed=908.91/s totalWork=7
2021-07-18 11:57:28,058 INFO  [DNFCalculating] log_result_queue_info:1472: calc#2: 排行: try_fetch_result periodly report remaining_qize=3 sync_batch_size=100 processed_result=29500, speed=911.94/s totalWork=7
2021-07-18 11:57:28,578 INFO  [DNFCalculating] log_result_queue_info:1472: calc#2: 排行: try_fetch_result_in_background remaining_qize=6 sync_batch_size=100 processed_result=29800, speed=906.63/s totalWork=7
2021-07-18 11:57:28,581 INFO  [DNFCalculating] log_result_queue_info:1472: calc#2: 排行: try_fetch_result periodly report remaining_qize=5 sync_batch_size=100 processed_result=29900, speed=909.59/s totalWork=7
2021-07-18 11:57:28,583 INFO  [DNFCalculating] log_result_queue_info:1472: calc#2: 排行: try_fetch_result periodly report remaining_qize=4 sync_batch_size=100 processed_result=30000, speed=912.57/s totalWork=7
2021-07-18 11:57:29,101 INFO  [DNFCalculating] log_result_queue_info:1472: calc#2: 排行: try_fetch_result_in_background remaining_qize=5 sync_batch_size=100 processed_result=30400, speed=910.41/s totalWork=7
2021-07-18 11:57:29,104 INFO  [DNFCalculating] log_result_queue_info:1472: calc#2: 排行: try_fetch_result periodly report remaining_qize=4 sync_batch_size=100 processed_result=30500, speed=913.33/s totalWork=7
2021-07-18 11:57:29,624 INFO  [DNFCalculating] log_result_queue_info:1472: calc#2: 排行: try_fetch_result_in_background remaining_qize=6 sync_batch_size=100 processed_result=30900, speed=911.12/s totalWork=7
2021-07-18 11:57:29,627 INFO  [DNFCalculating] log_result_queue_info:1472: calc#2: 排行: try_fetch_result periodly report remaining_qize=5 sync_batch_size=100 processed_result=31000, speed=913.98/s totalWork=7
2021-07-18 11:57:30,147 INFO  [DNFCalculating] log_result_queue_info:1472: calc#2: 排行: try_fetch_result_in_background remaining_qize=7 sync_batch_size=100 processed_result=31500, speed=914.69/s totalWork=7
2021-07-18 11:57:30,150 INFO  [DNFCalculating] log_result_queue_info:1472: calc#2: 排行: try_fetch_result periodly report remaining_qize=6 sync_batch_size=100 processed_result=31600, speed=917.52/s totalWork=7
2021-07-18 11:57:30,158 INFO  [DNFCalculating] log_result_queue_info:1472: calc#2: 排行: try_fetch_result periodly report remaining_qize=2 sync_batch_size=100 processed_result=32000, speed=928.91/s totalWork=7
2021-07-18 11:57:30,670 INFO  [DNFCalculating] log_result_queue_info:1472: calc#2: 排行: try_fetch_result_in_background remaining_qize=5 sync_batch_size=100 processed_result=32200, speed=921.04/s totalWork=7
2021-07-18 11:57:30,672 INFO  [DNFCalculating] log_result_queue_info:1472: calc#2: 排行: try_fetch_result periodly report remaining_qize=4 sync_batch_size=100 processed_result=32300, speed=923.85/s totalWork=7
2021-07-18 11:57:31,192 INFO  [DNFCalculating] log_result_queue_info:1472: calc#2: 排行: try_fetch_result_in_background remaining_qize=6 sync_batch_size=100 processed_result=32700, speed=921.57/s totalWork=7
2021-07-18 11:57:31,194 INFO  [DNFCalculating] log_result_queue_info:1472: calc#2: 排行: try_fetch_result periodly report remaining_qize=5 sync_batch_size=100 processed_result=32800, speed=924.33/s totalWork=7
2021-07-18 11:57:31,198 INFO  [DNFCalculating] log_result_queue_info:1472: calc#2: 排行: try_fetch_result periodly report remaining_qize=3 sync_batch_size=100 processed_result=33000, speed=929.86/s totalWork=7
2021-07-18 11:57:31,715 INFO  [DNFCalculating] log_result_queue_info:1472: calc#2: 排行: try_fetch_result_in_background remaining_qize=6 sync_batch_size=100 processed_result=33286, speed=924.47/s totalWork=7
2021-07-18 11:57:31,718 INFO  [DNFCalculating] log_result_queue_info:1472: calc#2: 排行: try_fetch_result periodly report remaining_qize=5 sync_batch_size=100 processed_result=33386, speed=927.17/s totalWork=7
2021-07-18 11:57:32,238 INFO  [DNFCalculating] log_result_queue_info:1472: calc#2: 排行: try_fetch_result_in_background remaining_qize=6 sync_batch_size=100 processed_result=33886, speed=927.65/s totalWork=7
2021-07-18 11:57:32,240 INFO  [DNFCalculating] log_result_queue_info:1472: calc#2: 排行: try_fetch_result periodly report remaining_qize=5 sync_batch_size=100 processed_result=33986, speed=930.32/s totalWork=7
2021-07-18 11:57:32,242 INFO  [DNFCalculating] log_result_queue_info:1472: calc#2: 排行: try_fetch_result periodly report remaining_qize=4 sync_batch_size=100 processed_result=34086, speed=933.01/s totalWork=7
2021-07-18 11:57:32,761 INFO  [DNFCalculating] log_result_queue_info:1472: calc#2: 排行: try_fetch_result_in_background remaining_qize=6 sync_batch_size=100 processed_result=34486, speed=930.75/s totalWork=7
2021-07-18 11:57:32,763 INFO  [DNFCalculating] log_result_queue_info:1472: calc#2: 排行: try_fetch_result periodly report remaining_qize=5 sync_batch_size=100 processed_result=34572, speed=933.01/s totalWork=7
2021-07-18 11:57:32,773 INFO  [DNFCalculating] log_result_queue_info:1472: calc#2: 排行: try_fetch_result periodly report remaining_qize=0 sync_batch_size=100 processed_result=35072, speed=946.27/s totalWork=7
2021-07-18 11:57:33,284 INFO  [DNFCalculating] log_result_queue_info:1472: calc#2: 排行: try_fetch_result_in_background remaining_qize=5 sync_batch_size=100 processed_result=35072, speed=933.40/s totalWork=7
2021-07-18 11:57:33,286 INFO  [DNFCalculating] log_result_queue_info:1472: calc#2: 排行: try_fetch_result periodly report remaining_qize=4 sync_batch_size=100 processed_result=35172, speed=936.00/s totalWork=7
2021-07-18 11:57:33,806 INFO  [DNFCalculating] log_result_queue_info:1472: calc#2: 排行: try_fetch_result_in_background remaining_qize=5 sync_batch_size=100 processed_result=35572, speed=933.73/s totalWork=7
2021-07-18 11:57:33,808 INFO  [DNFCalculating] log_result_queue_info:1472: calc#2: 排行: try_fetch_result periodly report remaining_qize=5 sync_batch_size=100 processed_result=35672, speed=936.29/s totalWork=7
2021-07-18 11:57:33,817 INFO  [DNFCalculating] log_result_queue_info:1472: calc#2: 排行: try_fetch_result periodly report remaining_qize=1 sync_batch_size=100 processed_result=36058, speed=946.21/s totalWork=7
2021-07-18 11:57:34,330 INFO  [DNFCalculating] log_result_queue_info:1472: calc#2: 排行: try_fetch_result_in_background remaining_qize=5 sync_batch_size=100 processed_result=36158, speed=936.25/s totalWork=7
2021-07-18 11:57:34,332 INFO  [DNFCalculating] log_result_queue_info:1472: calc#2: 排行: try_fetch_result periodly report remaining_qize=4 sync_batch_size=100 processed_result=36258, speed=938.77/s totalWork=7
2021-07-18 11:57:34,852 INFO  [DNFCalculating] log_result_queue_info:1472: calc#2: 排行: try_fetch_result_in_background remaining_qize=4 sync_batch_size=100 processed_result=36658, speed=936.53/s totalWork=7
2021-07-18 11:57:34,854 INFO  [DNFCalculating] log_result_queue_info:1472: calc#2: 排行: try_fetch_result periodly report remaining_qize=3 sync_batch_size=100 processed_result=36758, speed=939.03/s totalWork=7
2021-07-18 11:57:34,859 INFO  [DNFCalculating] log_result_queue_info:1472: calc#2: 排行: try_fetch_result periodly report remaining_qize=0 sync_batch_size=100 processed_result=37044, speed=946.20/s totalWork=7
2021-07-18 11:57:35,374 INFO  [DNFCalculating] log_result_queue_info:1472: calc#2: 排行: try_fetch_result_in_background remaining_qize=4 sync_batch_size=100 processed_result=37044, speed=933.92/s totalWork=7
2021-07-18 11:57:35,377 INFO  [DNFCalculating] log_result_queue_info:1472: calc#2: 排行: try_fetch_result periodly report remaining_qize=3 sync_batch_size=100 processed_result=37144, speed=936.38/s totalWork=7
2021-07-18 11:57:35,897 INFO  [DNFCalculating] log_result_queue_info:1472: calc#2: 排行: try_fetch_result_in_background remaining_qize=5 sync_batch_size=100 processed_result=37444, speed=931.72/s totalWork=7
2021-07-18 11:57:35,900 INFO  [DNFCalculating] log_result_queue_info:1472: calc#2: 排行: try_fetch_result periodly report remaining_qize=4 sync_batch_size=100 processed_result=37544, speed=934.15/s totalWork=7
2021-07-18 11:57:36,420 INFO  [DNFCalculating] log_result_queue_info:1472: calc#2: 排行: try_fetch_result_in_background remaining_qize=3 sync_batch_size=100 processed_result=37930, speed=931.69/s totalWork=7
2021-07-18 11:57:36,423 INFO  [DNFCalculating] log_result_queue_info:1472: calc#2: 排行: try_fetch_result periodly report remaining_qize=2 sync_batch_size=100 processed_result=38030, speed=934.09/s totalWork=7
2021-07-18 11:57:36,928 INFO  [DNFCalculating] log_result_queue_info:1472: calc#2: 排行: try_fetch_result_in_background remaining_qize=1 sync_batch_size=100 processed_result=38215, speed=927.13/s totalWork=7
2021-07-18 11:57:36,930 INFO  [DNFCalculating] log_result_queue_info:1472: calc#2: 排行: try_fetch_result periodly report remaining_qize=0 sync_batch_size=100 processed_result=38315, speed=929.51/s totalWork=7
2021-07-18 11:57:36,950 WARNI [DNFCalculating] 计算线程:1581: 所有工作线程均已完成计算，总计用时=41.80s
2021-07-18 11:57:37,436 INFO  [DNFCalculating] log_result_queue_info:1472: calc#2: 排行: after join remaining_qize=1 sync_batch_size=100 processed_result=38315, speed=918.24/s totalWork=7
2021-07-18 11:57:37,439 INFO  [DNFCalculating] log_result_queue_info:1472: calc#2: 排行: try_fetch_result periodly report remaining_qize=0 sync_batch_size=100 processed_result=38400, speed=920.21/s totalWork=7
2021-07-18 11:57:37,440 INFO  [DNFCalculating] log_result_queue_info:1472: calc#2: 排行: after final remaining_qize=0 sync_batch_size=100 processed_result=38400, speed=920.19/s totalWork=7
