2021-05-06 22:25:21,334 DEBUG [urllib3.connectionpool] _new_conn:971: Starting new HTTPS connection (1): pan.lanzous.com:443
2021-05-06 22:25:21,610 DEBUG [urllib3.connectionpool] _make_request:452: https://pan.lanzous.com:443 "GET /b01bfj76f HTTP/1.1" 200 None
2021-05-06 22:25:21,640 DEBUG [urllib3.connectionpool] _new_conn:971: Starting new HTTPS connection (1): pan.lanzous.com:443
2021-05-06 22:25:21,816 DEBUG [urllib3.connectionpool] _make_request:452: https://pan.lanzous.com:443 "GET /b01bfj76f HTTP/1.1" 200 None
2021-05-06 22:25:21,846 DEBUG [urllib3.connectionpool] _new_conn:971: Starting new HTTPS connection (1): pan.lanzous.com:443
2021-05-06 22:25:22,119 DEBUG [urllib3.connectionpool] _make_request:452: https://pan.lanzous.com:443 "POST /filemoreajax.php HTTP/1.1" 200 None
2021-05-06 22:25:22,785 DEBUG [urllib3.connectionpool] _make_request:452: https://pan.lanzous.com:443 "POST /filemoreajax.php HTTP/1.1" 200 None
2021-05-06 22:25:23,452 DEBUG [urllib3.connectionpool] _make_request:452: https://pan.lanzous.com:443 "POST /filemoreajax.php HTTP/1.1" 200 None
2021-05-06 22:25:27,383 DEBUG [urllib3.connectionpool] _new_conn:971: Starting new HTTPS connection (1): pan.lanzous.com:443
2021-05-06 22:25:27,506 DEBUG [urllib3.connectionpool] _make_request:452: https://pan.lanzous.com:443 "GET /b01bfj76f HTTP/1.1" 200 None
2021-05-06 22:25:27,536 DEBUG [urllib3.connectionpool] _new_conn:971: Starting new HTTPS connection (1): pan.lanzous.com:443
2021-05-06 22:25:27,797 DEBUG [urllib3.connectionpool] _make_request:452: https://pan.lanzous.com:443 "GET /b01bfj76f HTTP/1.1" 200 None
2021-05-06 22:25:27,823 DEBUG [urllib3.connectionpool] _new_conn:971: Starting new HTTPS connection (1): pan.lanzous.com:443
2021-05-06 22:25:28,081 DEBUG [urllib3.connectionpool] _make_request:452: https://pan.lanzous.com:443 "POST /filemoreajax.php HTTP/1.1" 200 None
2021-05-06 22:25:28,815 DEBUG [urllib3.connectionpool] _make_request:452: https://pan.lanzous.com:443 "POST /filemoreajax.php HTTP/1.1" 200 None
2021-05-06 22:25:29,476 DEBUG [urllib3.connectionpool] _make_request:452: https://pan.lanzous.com:443 "POST /filemoreajax.php HTTP/1.1" 200 None
2021-05-06 22:26:16,450 INFO  [DNFCalculating] 计算线程:1229: 开始计算
2021-05-06 22:26:17,249 INFO  [DNFCalculating] log_result_queue_info:1242: calc#1: 排行: try_fetch_result_in_background remaining_qize=0 sync_batch_size=100 processed_result=0, speed=0.00/s totalWork=0
2021-05-06 22:26:17,848 INFO  [DNFCalculating] log_result_queue_info:1242: calc#1: 排行: try_fetch_result_in_background remaining_qize=0 sync_batch_size=100 processed_result=0, speed=0.00/s totalWork=0
2021-05-06 22:26:18,402 INFO  [DNFCalculating] log_result_queue_info:1242: calc#1: 排行: try_fetch_result_in_background remaining_qize=0 sync_batch_size=100 processed_result=0, speed=0.00/s totalWork=7
2021-05-06 22:26:18,909 INFO  [DNFCalculating] log_result_queue_info:1242: calc#1: 排行: try_fetch_result_in_background remaining_qize=2 sync_batch_size=100 processed_result=0, speed=0.00/s totalWork=7
2021-05-06 22:26:19,416 INFO  [DNFCalculating] log_result_queue_info:1242: calc#1: 排行: try_fetch_result_in_background remaining_qize=5 sync_batch_size=100 processed_result=300, speed=133.87/s totalWork=7
2021-05-06 22:26:19,924 INFO  [DNFCalculating] log_result_queue_info:1242: calc#1: 排行: try_fetch_result_in_background remaining_qize=10 sync_batch_size=100 processed_result=800, speed=291.08/s totalWork=7
2021-05-06 22:26:19,927 INFO  [DNFCalculating] log_result_queue_info:1242: calc#1: 排行: try_fetch_result periodly report remaining_qize=8 sync_batch_size=100 processed_result=1000, speed=363.46/s totalWork=7
2021-05-06 22:26:20,447 INFO  [DNFCalculating] log_result_queue_info:1242: calc#1: 排行: try_fetch_result_in_background remaining_qize=12 sync_batch_size=100 processed_result=1800, speed=550.27/s totalWork=7
2021-05-06 22:26:20,449 INFO  [DNFCalculating] log_result_queue_info:1242: calc#1: 排行: try_fetch_result periodly report remaining_qize=11 sync_batch_size=100 processed_result=1900, speed=580.49/s totalWork=7
2021-05-06 22:26:20,450 INFO  [DNFCalculating] log_result_queue_info:1242: calc#1: 排行: try_fetch_result periodly report remaining_qize=10 sync_batch_size=100 processed_result=2000, speed=610.76/s totalWork=7
2021-05-06 22:26:20,460 INFO  [DNFCalculating] log_result_queue_info:1242: calc#1: 排行: try_fetch_result periodly report remaining_qize=0 sync_batch_size=100 processed_result=3000, speed=913.52/s totalWork=7
2021-05-06 22:26:20,969 INFO  [DNFCalculating] log_result_queue_info:1242: calc#1: 排行: try_fetch_result_in_background remaining_qize=13 sync_batch_size=100 processed_result=3000, speed=790.74/s totalWork=7
2021-05-06 22:26:20,971 INFO  [DNFCalculating] log_result_queue_info:1242: calc#1: 排行: try_fetch_result periodly report remaining_qize=12 sync_batch_size=100 processed_result=3100, speed=816.87/s totalWork=7
2021-05-06 22:26:20,980 INFO  [DNFCalculating] log_result_queue_info:1242: calc#1: 排行: try_fetch_result periodly report remaining_qize=4 sync_batch_size=100 processed_result=4000, speed=1051.58/s totalWork=7
2021-05-06 22:26:21,492 INFO  [DNFCalculating] log_result_queue_info:1242: calc#1: 排行: try_fetch_result_in_background remaining_qize=15 sync_batch_size=100 processed_result=4400, speed=1019.30/s totalWork=7
2021-05-06 22:26:21,494 INFO  [DNFCalculating] log_result_queue_info:1242: calc#1: 排行: try_fetch_result periodly report remaining_qize=14 sync_batch_size=100 processed_result=4500, speed=1042.11/s totalWork=7
2021-05-06 22:26:21,499 INFO  [DNFCalculating] log_result_queue_info:1242: calc#1: 排行: try_fetch_result periodly report remaining_qize=9 sync_batch_size=100 processed_result=5000, speed=1156.57/s totalWork=7
2021-05-06 22:26:22,015 INFO  [DNFCalculating] log_result_queue_info:1242: calc#1: 排行: try_fetch_result_in_background remaining_qize=14 sync_batch_size=100 processed_result=5900, speed=1219.14/s totalWork=7
2021-05-06 22:26:22,016 INFO  [DNFCalculating] log_result_queue_info:1242: calc#1: 排行: try_fetch_result periodly report remaining_qize=13 sync_batch_size=100 processed_result=6000, speed=1239.43/s totalWork=7
2021-05-06 22:26:22,026 INFO  [DNFCalculating] log_result_queue_info:1242: calc#1: 排行: try_fetch_result periodly report remaining_qize=3 sync_batch_size=100 processed_result=7000, speed=1443.19/s totalWork=7
2021-05-06 22:26:22,537 INFO  [DNFCalculating] log_result_queue_info:1242: calc#1: 排行: try_fetch_result_in_background remaining_qize=15 sync_batch_size=100 processed_result=7300, speed=1361.48/s totalWork=7
2021-05-06 22:26:22,539 INFO  [DNFCalculating] log_result_queue_info:1242: calc#1: 排行: try_fetch_result periodly report remaining_qize=14 sync_batch_size=100 processed_result=7400, speed=1379.74/s totalWork=7
2021-05-06 22:26:22,544 INFO  [DNFCalculating] log_result_queue_info:1242: calc#1: 排行: try_fetch_result periodly report remaining_qize=8 sync_batch_size=100 processed_result=8000, speed=1490.12/s totalWork=7
2021-05-06 22:26:23,061 INFO  [DNFCalculating] log_result_queue_info:1242: calc#1: 排行: try_fetch_result_in_background remaining_qize=14 sync_batch_size=100 processed_result=8800, speed=1495.32/s totalWork=7
2021-05-06 22:26:23,062 INFO  [DNFCalculating] log_result_queue_info:1242: calc#1: 排行: try_fetch_result periodly report remaining_qize=13 sync_batch_size=100 processed_result=8900, speed=1511.93/s totalWork=7
2021-05-06 22:26:23,063 INFO  [DNFCalculating] log_result_queue_info:1242: calc#1: 排行: try_fetch_result periodly report remaining_qize=12 sync_batch_size=100 processed_result=9000, speed=1528.66/s totalWork=7
2021-05-06 22:26:23,072 INFO  [DNFCalculating] log_result_queue_info:1242: calc#1: 排行: try_fetch_result periodly report remaining_qize=2 sync_batch_size=100 processed_result=10000, speed=1695.94/s totalWork=7
2021-05-06 22:26:23,583 INFO  [DNFCalculating] log_result_queue_info:1242: calc#1: 排行: try_fetch_result_in_background remaining_qize=16 sync_batch_size=100 processed_result=10200, speed=1591.90/s totalWork=7
2021-05-06 22:26:23,585 INFO  [DNFCalculating] log_result_queue_info:1242: calc#1: 排行: try_fetch_result periodly report remaining_qize=15 sync_batch_size=100 processed_result=10300, speed=1607.04/s totalWork=7
2021-05-06 22:26:23,592 INFO  [DNFCalculating] log_result_queue_info:1242: calc#1: 排行: try_fetch_result periodly report remaining_qize=8 sync_batch_size=100 processed_result=11000, speed=1714.40/s totalWork=7
2021-05-06 22:26:24,106 INFO  [DNFCalculating] log_result_queue_info:1242: calc#1: 排行: try_fetch_result_in_background remaining_qize=15 sync_batch_size=100 processed_result=11800, speed=1702.72/s totalWork=7
2021-05-06 22:26:24,107 INFO  [DNFCalculating] log_result_queue_info:1242: calc#1: 排行: try_fetch_result periodly report remaining_qize=14 sync_batch_size=100 processed_result=11900, speed=1716.78/s totalWork=7
2021-05-06 22:26:24,109 INFO  [DNFCalculating] log_result_queue_info:1242: calc#1: 排行: try_fetch_result periodly report remaining_qize=13 sync_batch_size=100 processed_result=12000, speed=1730.83/s totalWork=7
2021-05-06 22:26:24,118 INFO  [DNFCalculating] log_result_queue_info:1242: calc#1: 排行: try_fetch_result periodly report remaining_qize=3 sync_batch_size=100 processed_result=13000, speed=1872.66/s totalWork=7
2021-05-06 22:26:24,628 INFO  [DNFCalculating] log_result_queue_info:1242: calc#1: 排行: try_fetch_result_in_background remaining_qize=13 sync_batch_size=100 processed_result=13300, speed=1784.54/s totalWork=7
2021-05-06 22:26:24,630 INFO  [DNFCalculating] log_result_queue_info:1242: calc#1: 排行: try_fetch_result periodly report remaining_qize=12 sync_batch_size=100 processed_result=13400, speed=1797.48/s totalWork=7
2021-05-06 22:26:24,637 INFO  [DNFCalculating] log_result_queue_info:1242: calc#1: 排行: try_fetch_result periodly report remaining_qize=6 sync_batch_size=100 processed_result=14000, speed=1876.47/s totalWork=7
2021-05-06 22:26:25,152 INFO  [DNFCalculating] log_result_queue_info:1242: calc#1: 排行: try_fetch_result_in_background remaining_qize=12 sync_batch_size=100 processed_result=14600, speed=1830.45/s totalWork=7
2021-05-06 22:26:25,154 INFO  [DNFCalculating] log_result_queue_info:1242: calc#1: 排行: try_fetch_result periodly report remaining_qize=11 sync_batch_size=100 processed_result=14700, speed=1842.53/s totalWork=7
2021-05-06 22:26:25,157 INFO  [DNFCalculating] log_result_queue_info:1242: calc#1: 排行: try_fetch_result periodly report remaining_qize=8 sync_batch_size=100 processed_result=15000, speed=1879.44/s totalWork=7
2021-05-06 22:26:25,674 INFO  [DNFCalculating] log_result_queue_info:1242: calc#1: 排行: try_fetch_result_in_background remaining_qize=15 sync_batch_size=100 processed_result=15800, speed=1859.14/s totalWork=7
2021-05-06 22:26:25,676 INFO  [DNFCalculating] log_result_queue_info:1242: calc#1: 排行: try_fetch_result periodly report remaining_qize=14 sync_batch_size=100 processed_result=15900, speed=1870.59/s totalWork=7
2021-05-06 22:26:25,677 INFO  [DNFCalculating] log_result_queue_info:1242: calc#1: 排行: try_fetch_result periodly report remaining_qize=13 sync_batch_size=100 processed_result=16000, speed=1882.03/s totalWork=7
2021-05-06 22:26:25,685 INFO  [DNFCalculating] log_result_queue_info:1242: calc#1: 排行: try_fetch_result periodly report remaining_qize=3 sync_batch_size=100 processed_result=17000, speed=1997.68/s totalWork=7
2021-05-06 22:26:26,197 INFO  [DNFCalculating] log_result_queue_info:1242: calc#1: 排行: try_fetch_result_in_background remaining_qize=13 sync_batch_size=100 processed_result=17400, speed=1928.78/s totalWork=7
2021-05-06 22:26:26,198 INFO  [DNFCalculating] log_result_queue_info:1242: calc#1: 排行: try_fetch_result periodly report remaining_qize=12 sync_batch_size=100 processed_result=17500, speed=1939.52/s totalWork=7
2021-05-06 22:26:26,203 INFO  [DNFCalculating] log_result_queue_info:1242: calc#1: 排行: try_fetch_result periodly report remaining_qize=8 sync_batch_size=100 processed_result=18000, speed=1993.87/s totalWork=7
2021-05-06 22:26:26,720 INFO  [DNFCalculating] log_result_queue_info:1242: calc#1: 排行: try_fetch_result_in_background remaining_qize=14 sync_batch_size=100 processed_result=18900, speed=1980.30/s totalWork=7
2021-05-06 22:26:26,721 INFO  [DNFCalculating] log_result_queue_info:1242: calc#1: 排行: try_fetch_result periodly report remaining_qize=13 sync_batch_size=100 processed_result=19000, speed=1990.47/s totalWork=7
2021-05-06 22:26:26,758 INFO  [DNFCalculating] log_result_queue_info:1242: calc#1: 排行: try_fetch_result periodly report remaining_qize=5 sync_batch_size=100 processed_result=20000, speed=2087.31/s totalWork=7
2021-05-06 22:26:27,273 INFO  [DNFCalculating] log_result_queue_info:1242: calc#1: 排行: try_fetch_result_in_background remaining_qize=15 sync_batch_size=100 processed_result=20500, speed=2030.24/s totalWork=7
2021-05-06 22:26:27,274 INFO  [DNFCalculating] log_result_queue_info:1242: calc#1: 排行: try_fetch_result periodly report remaining_qize=14 sync_batch_size=100 processed_result=20600, speed=2039.90/s totalWork=7
2021-05-06 22:26:27,279 INFO  [DNFCalculating] log_result_queue_info:1242: calc#1: 排行: try_fetch_result periodly report remaining_qize=10 sync_batch_size=100 processed_result=21000, speed=2078.59/s totalWork=7
2021-05-06 22:26:27,288 INFO  [DNFCalculating] log_result_queue_info:1242: calc#1: 排行: try_fetch_result periodly report remaining_qize=0 sync_batch_size=100 processed_result=22000, speed=2175.43/s totalWork=7
2021-05-06 22:26:27,795 INFO  [DNFCalculating] log_result_queue_info:1242: calc#1: 排行: try_fetch_result_in_background remaining_qize=15 sync_batch_size=100 processed_result=22000, speed=2071.57/s totalWork=7
2021-05-06 22:26:27,798 INFO  [DNFCalculating] log_result_queue_info:1242: calc#1: 排行: try_fetch_result periodly report remaining_qize=14 sync_batch_size=100 processed_result=22100, speed=2080.62/s totalWork=7
2021-05-06 22:26:27,807 INFO  [DNFCalculating] log_result_queue_info:1242: calc#1: 排行: try_fetch_result periodly report remaining_qize=5 sync_batch_size=100 processed_result=23000, speed=2163.43/s totalWork=7
2021-05-06 22:26:28,319 INFO  [DNFCalculating] log_result_queue_info:1242: calc#1: 排行: try_fetch_result_in_background remaining_qize=15 sync_batch_size=100 processed_result=23500, speed=2108.92/s totalWork=7
2021-05-06 22:26:28,321 INFO  [DNFCalculating] log_result_queue_info:1242: calc#1: 排行: try_fetch_result periodly report remaining_qize=14 sync_batch_size=100 processed_result=23600, speed=2117.52/s totalWork=7
2021-05-06 22:26:28,324 INFO  [DNFCalculating] log_result_queue_info:1242: calc#1: 排行: try_fetch_result periodly report remaining_qize=10 sync_batch_size=100 processed_result=24000, speed=2152.74/s totalWork=7
2021-05-06 22:26:28,334 INFO  [DNFCalculating] log_result_queue_info:1242: calc#1: 排行: try_fetch_result periodly report remaining_qize=0 sync_batch_size=100 processed_result=25000, speed=2240.45/s totalWork=7
2021-05-06 22:26:28,841 INFO  [DNFCalculating] log_result_queue_info:1242: calc#1: 排行: try_fetch_result_in_background remaining_qize=14 sync_batch_size=100 processed_result=25000, speed=2143.06/s totalWork=7
2021-05-06 22:26:28,843 INFO  [DNFCalculating] log_result_queue_info:1242: calc#1: 排行: try_fetch_result periodly report remaining_qize=13 sync_batch_size=100 processed_result=25100, speed=2151.30/s totalWork=7
2021-05-06 22:26:28,851 INFO  [DNFCalculating] log_result_queue_info:1242: calc#1: 排行: try_fetch_result periodly report remaining_qize=4 sync_batch_size=100 processed_result=26000, speed=2226.81/s totalWork=7
2021-05-06 22:26:29,364 INFO  [DNFCalculating] log_result_queue_info:1242: calc#1: 排行: try_fetch_result_in_background remaining_qize=14 sync_batch_size=100 processed_result=26400, speed=2166.01/s totalWork=7
2021-05-06 22:26:29,365 INFO  [DNFCalculating] log_result_queue_info:1242: calc#1: 排行: try_fetch_result periodly report remaining_qize=13 sync_batch_size=100 processed_result=26500, speed=2173.97/s totalWork=7
2021-05-06 22:26:29,371 INFO  [DNFCalculating] log_result_queue_info:1242: calc#1: 排行: try_fetch_result periodly report remaining_qize=8 sync_batch_size=100 processed_result=27000, speed=2214.09/s totalWork=7
2021-05-06 22:26:29,887 INFO  [DNFCalculating] log_result_queue_info:1242: calc#1: 排行: try_fetch_result_in_background remaining_qize=14 sync_batch_size=100 processed_result=27800, speed=2187.06/s totalWork=7
2021-05-06 22:26:29,888 INFO  [DNFCalculating] log_result_queue_info:1242: calc#1: 排行: try_fetch_result periodly report remaining_qize=13 sync_batch_size=100 processed_result=27900, speed=2194.70/s totalWork=7
2021-05-06 22:26:29,889 INFO  [DNFCalculating] log_result_queue_info:1242: calc#1: 排行: try_fetch_result periodly report remaining_qize=12 sync_batch_size=100 processed_result=28000, speed=2202.31/s totalWork=7
2021-05-06 22:26:29,899 INFO  [DNFCalculating] log_result_queue_info:1242: calc#1: 排行: try_fetch_result periodly report remaining_qize=3 sync_batch_size=100 processed_result=29000, speed=2279.27/s totalWork=7
2021-05-06 22:26:30,410 INFO  [DNFCalculating] log_result_queue_info:1242: calc#1: 排行: try_fetch_result_in_background remaining_qize=14 sync_batch_size=100 processed_result=29300, speed=2213.95/s totalWork=7
2021-05-06 22:26:30,411 INFO  [DNFCalculating] log_result_queue_info:1242: calc#1: 排行: try_fetch_result periodly report remaining_qize=13 sync_batch_size=100 processed_result=29400, speed=2221.34/s totalWork=7
2021-05-06 22:26:30,417 INFO  [DNFCalculating] log_result_queue_info:1242: calc#1: 排行: try_fetch_result periodly report remaining_qize=7 sync_batch_size=100 processed_result=30000, speed=2265.66/s totalWork=7
2021-05-06 22:26:30,932 INFO  [DNFCalculating] log_result_queue_info:1242: calc#1: 排行: try_fetch_result_in_background remaining_qize=14 sync_batch_size=100 processed_result=30700, speed=2231.65/s totalWork=7
2021-05-06 22:26:30,934 INFO  [DNFCalculating] log_result_queue_info:1242: calc#1: 排行: try_fetch_result periodly report remaining_qize=13 sync_batch_size=100 processed_result=30800, speed=2238.61/s totalWork=7
2021-05-06 22:26:30,936 INFO  [DNFCalculating] log_result_queue_info:1242: calc#1: 排行: try_fetch_result periodly report remaining_qize=12 sync_batch_size=100 processed_result=31000, speed=2252.83/s totalWork=7
2021-05-06 22:26:30,946 INFO  [DNFCalculating] log_result_queue_info:1242: calc#1: 排行: try_fetch_result periodly report remaining_qize=2 sync_batch_size=100 processed_result=32000, speed=2323.82/s totalWork=7
2021-05-06 22:26:31,454 INFO  [DNFCalculating] log_result_queue_info:1242: calc#1: 排行: try_fetch_result_in_background remaining_qize=14 sync_batch_size=100 processed_result=32200, speed=2255.09/s totalWork=7
2021-05-06 22:26:31,456 INFO  [DNFCalculating] log_result_queue_info:1242: calc#1: 排行: try_fetch_result periodly report remaining_qize=13 sync_batch_size=100 processed_result=32300, speed=2261.78/s totalWork=7
2021-05-06 22:26:31,463 INFO  [DNFCalculating] log_result_queue_info:1242: calc#1: 排行: try_fetch_result periodly report remaining_qize=6 sync_batch_size=100 processed_result=33000, speed=2309.67/s totalWork=7
2021-05-06 22:26:31,977 INFO  [DNFCalculating] log_result_queue_info:1242: calc#1: 排行: try_fetch_result_in_background remaining_qize=13 sync_batch_size=100 processed_result=33700, speed=2276.78/s totalWork=7
2021-05-06 22:26:31,979 INFO  [DNFCalculating] log_result_queue_info:1242: calc#1: 排行: try_fetch_result periodly report remaining_qize=13 sync_batch_size=100 processed_result=33800, speed=2283.31/s totalWork=7
2021-05-06 22:26:31,982 INFO  [DNFCalculating] log_result_queue_info:1242: calc#1: 排行: try_fetch_result periodly report remaining_qize=11 sync_batch_size=100 processed_result=34000, speed=2296.36/s totalWork=7
2021-05-06 22:26:31,992 INFO  [DNFCalculating] log_result_queue_info:1242: calc#1: 排行: try_fetch_result periodly report remaining_qize=1 sync_batch_size=100 processed_result=35000, speed=2362.31/s totalWork=7
2021-05-06 22:26:32,500 INFO  [DNFCalculating] log_result_queue_info:1242: calc#1: 排行: try_fetch_result_in_background remaining_qize=13 sync_batch_size=100 processed_result=35100, speed=2290.47/s totalWork=7
2021-05-06 22:26:32,501 INFO  [DNFCalculating] log_result_queue_info:1242: calc#1: 排行: try_fetch_result periodly report remaining_qize=12 sync_batch_size=100 processed_result=35200, speed=2296.77/s totalWork=7
2021-05-06 22:26:32,510 INFO  [DNFCalculating] log_result_queue_info:1242: calc#1: 排行: try_fetch_result periodly report remaining_qize=4 sync_batch_size=100 processed_result=36000, speed=2347.67/s totalWork=7
2021-05-06 22:26:33,023 INFO  [DNFCalculating] log_result_queue_info:1242: calc#1: 排行: try_fetch_result_in_background remaining_qize=12 sync_batch_size=100 processed_result=36500, speed=2303.20/s totalWork=7
2021-05-06 22:26:33,025 INFO  [DNFCalculating] log_result_queue_info:1242: calc#1: 排行: try_fetch_result periodly report remaining_qize=11 sync_batch_size=100 processed_result=36600, speed=2309.27/s totalWork=7
2021-05-06 22:26:33,029 INFO  [DNFCalculating] log_result_queue_info:1242: calc#1: 排行: try_fetch_result periodly report remaining_qize=7 sync_batch_size=100 processed_result=37000, speed=2333.85/s totalWork=7
2021-05-06 22:26:33,545 INFO  [DNFCalculating] log_result_queue_info:1242: calc#1: 排行: try_fetch_result_in_background remaining_qize=14 sync_batch_size=100 processed_result=37700, speed=2303.00/s totalWork=7
2021-05-06 22:26:33,547 INFO  [DNFCalculating] log_result_queue_info:1242: calc#1: 排行: try_fetch_result periodly report remaining_qize=13 sync_batch_size=100 processed_result=37800, speed=2308.83/s totalWork=7
2021-05-06 22:26:33,550 INFO  [DNFCalculating] log_result_queue_info:1242: calc#1: 排行: try_fetch_result periodly report remaining_qize=11 sync_batch_size=100 processed_result=38000, speed=2320.69/s totalWork=7
2021-05-06 22:26:33,560 INFO  [DNFCalculating] log_result_queue_info:1242: calc#1: 排行: try_fetch_result periodly report remaining_qize=2 sync_batch_size=100 processed_result=39000, speed=2380.32/s totalWork=7
2021-05-06 22:26:34,069 INFO  [DNFCalculating] log_result_queue_info:1242: calc#1: 排行: try_fetch_result_in_background remaining_qize=13 sync_batch_size=100 processed_result=39200, speed=2320.46/s totalWork=7
2021-05-06 22:26:34,070 INFO  [DNFCalculating] log_result_queue_info:1242: calc#1: 排行: try_fetch_result periodly report remaining_qize=12 sync_batch_size=100 processed_result=39300, speed=2326.17/s totalWork=7
2021-05-06 22:26:34,077 INFO  [DNFCalculating] log_result_queue_info:1242: calc#1: 排行: try_fetch_result periodly report remaining_qize=5 sync_batch_size=100 processed_result=40000, speed=2366.63/s totalWork=7
2021-05-06 22:26:34,591 INFO  [DNFCalculating] log_result_queue_info:1242: calc#1: 排行: try_fetch_result_in_background remaining_qize=14 sync_batch_size=100 processed_result=40500, speed=2325.53/s totalWork=7
2021-05-06 22:26:34,592 INFO  [DNFCalculating] log_result_queue_info:1242: calc#1: 排行: try_fetch_result periodly report remaining_qize=13 sync_batch_size=100 processed_result=40600, speed=2331.12/s totalWork=7
2021-05-06 22:26:34,597 INFO  [DNFCalculating] log_result_queue_info:1242: calc#1: 排行: try_fetch_result periodly report remaining_qize=9 sync_batch_size=100 processed_result=41000, speed=2353.49/s totalWork=7
2021-05-06 22:26:35,114 INFO  [DNFCalculating] log_result_queue_info:1242: calc#1: 排行: try_fetch_result_in_background remaining_qize=14 sync_batch_size=100 processed_result=41900, speed=2335.81/s totalWork=7
2021-05-06 22:26:35,115 INFO  [DNFCalculating] log_result_queue_info:1242: calc#1: 排行: try_fetch_result periodly report remaining_qize=13 sync_batch_size=100 processed_result=42000, speed=2341.16/s totalWork=7
2021-05-06 22:26:35,125 INFO  [DNFCalculating] log_result_queue_info:1242: calc#1: 排行: try_fetch_result periodly report remaining_qize=4 sync_batch_size=100 processed_result=43000, speed=2395.58/s totalWork=7
2021-05-06 22:26:35,637 INFO  [DNFCalculating] log_result_queue_info:1242: calc#1: 排行: try_fetch_result_in_background remaining_qize=13 sync_batch_size=100 processed_result=43400, speed=2350.89/s totalWork=7
2021-05-06 22:26:35,638 INFO  [DNFCalculating] log_result_queue_info:1242: calc#1: 排行: try_fetch_result periodly report remaining_qize=12 sync_batch_size=100 processed_result=43500, speed=2356.12/s totalWork=7
2021-05-06 22:26:35,643 INFO  [DNFCalculating] log_result_queue_info:1242: calc#1: 排行: try_fetch_result periodly report remaining_qize=7 sync_batch_size=100 processed_result=44000, speed=2382.56/s totalWork=7
2021-05-06 22:26:36,159 INFO  [DNFCalculating] log_result_queue_info:1242: calc#1: 排行: try_fetch_result_in_background remaining_qize=13 sync_batch_size=100 processed_result=44800, speed=2359.93/s totalWork=7
2021-05-06 22:26:36,160 INFO  [DNFCalculating] log_result_queue_info:1242: calc#1: 排行: try_fetch_result periodly report remaining_qize=12 sync_batch_size=100 processed_result=44900, speed=2365.04/s totalWork=7
2021-05-06 22:26:36,162 INFO  [DNFCalculating] log_result_queue_info:1242: calc#1: 排行: try_fetch_result periodly report remaining_qize=11 sync_batch_size=100 processed_result=45000, speed=2370.12/s totalWork=7
2021-05-06 22:26:36,172 INFO  [DNFCalculating] log_result_queue_info:1242: calc#1: 排行: try_fetch_result periodly report remaining_qize=1 sync_batch_size=100 processed_result=46000, speed=2421.47/s totalWork=7
2021-05-06 22:26:36,682 INFO  [DNFCalculating] log_result_queue_info:1242: calc#1: 排行: try_fetch_result_in_background remaining_qize=14 sync_batch_size=100 processed_result=46100, speed=2363.34/s totalWork=7
2021-05-06 22:26:36,684 INFO  [DNFCalculating] log_result_queue_info:1242: calc#1: 排行: try_fetch_result periodly report remaining_qize=13 sync_batch_size=100 processed_result=46200, speed=2368.24/s totalWork=7
2021-05-06 22:26:36,692 INFO  [DNFCalculating] log_result_queue_info:1242: calc#1: 排行: try_fetch_result periodly report remaining_qize=5 sync_batch_size=100 processed_result=47000, speed=2408.27/s totalWork=7
2021-05-06 22:26:37,205 INFO  [DNFCalculating] log_result_queue_info:1242: calc#1: 排行: try_fetch_result_in_background remaining_qize=14 sync_batch_size=100 processed_result=47500, speed=2371.55/s totalWork=7
2021-05-06 22:26:37,206 INFO  [DNFCalculating] log_result_queue_info:1242: calc#1: 排行: try_fetch_result periodly report remaining_qize=13 sync_batch_size=100 processed_result=47600, speed=2376.33/s totalWork=7
2021-05-06 22:26:37,210 INFO  [DNFCalculating] log_result_queue_info:1242: calc#1: 排行: try_fetch_result periodly report remaining_qize=9 sync_batch_size=100 processed_result=48000, speed=2395.82/s totalWork=7
2021-05-06 22:26:37,728 INFO  [DNFCalculating] log_result_queue_info:1242: calc#1: 排行: try_fetch_result_in_background remaining_qize=13 sync_batch_size=100 processed_result=48900, speed=2379.30/s totalWork=7
2021-05-06 22:26:37,729 INFO  [DNFCalculating] log_result_queue_info:1242: calc#1: 排行: try_fetch_result periodly report remaining_qize=12 sync_batch_size=100 processed_result=49000, speed=2384.00/s totalWork=7
2021-05-06 22:26:37,740 INFO  [DNFCalculating] log_result_queue_info:1242: calc#1: 排行: try_fetch_result periodly report remaining_qize=2 sync_batch_size=100 processed_result=50000, speed=2431.42/s totalWork=7
2021-05-06 22:26:38,250 INFO  [DNFCalculating] log_result_queue_info:1242: calc#1: 排行: try_fetch_result_in_background remaining_qize=14 sync_batch_size=100 processed_result=50200, speed=2382.08/s totalWork=7
2021-05-06 22:26:38,252 INFO  [DNFCalculating] log_result_queue_info:1242: calc#1: 排行: try_fetch_result periodly report remaining_qize=13 sync_batch_size=100 processed_result=50300, speed=2386.66/s totalWork=7
2021-05-06 22:26:38,259 INFO  [DNFCalculating] log_result_queue_info:1242: calc#1: 排行: try_fetch_result periodly report remaining_qize=6 sync_batch_size=100 processed_result=51000, speed=2418.96/s totalWork=7
2021-05-06 22:26:38,773 INFO  [DNFCalculating] log_result_queue_info:1242: calc#1: 排行: try_fetch_result_in_background remaining_qize=12 sync_batch_size=100 processed_result=51600, speed=2389.19/s totalWork=7
2021-05-06 22:26:38,774 INFO  [DNFCalculating] log_result_queue_info:1242: calc#1: 排行: try_fetch_result periodly report remaining_qize=11 sync_batch_size=100 processed_result=51700, speed=2393.65/s totalWork=7
2021-05-06 22:26:38,778 INFO  [DNFCalculating] log_result_queue_info:1242: calc#1: 排行: try_fetch_result periodly report remaining_qize=9 sync_batch_size=100 processed_result=52000, speed=2407.16/s totalWork=7
2021-05-06 22:26:38,789 INFO  [DNFCalculating] log_result_queue_info:1242: calc#1: 排行: try_fetch_result periodly report remaining_qize=0 sync_batch_size=100 processed_result=53000, speed=2452.15/s totalWork=7
2021-05-06 22:26:39,295 INFO  [DNFCalculating] log_result_queue_info:1242: calc#1: 排行: try_fetch_result_in_background remaining_qize=12 sync_batch_size=100 processed_result=53000, speed=2396.04/s totalWork=7
2021-05-06 22:26:39,297 INFO  [DNFCalculating] log_result_queue_info:1242: calc#1: 排行: try_fetch_result periodly report remaining_qize=11 sync_batch_size=100 processed_result=53100, speed=2400.42/s totalWork=7
2021-05-06 22:26:39,306 INFO  [DNFCalculating] log_result_queue_info:1242: calc#1: 排行: try_fetch_result periodly report remaining_qize=2 sync_batch_size=100 processed_result=54000, speed=2440.07/s totalWork=7
2021-05-06 22:26:39,818 INFO  [DNFCalculating] log_result_queue_info:1242: calc#1: 排行: try_fetch_result_in_background remaining_qize=14 sync_batch_size=100 processed_result=54200, speed=2393.69/s totalWork=7
2021-05-06 22:26:39,820 INFO  [DNFCalculating] log_result_queue_info:1242: calc#1: 排行: try_fetch_result periodly report remaining_qize=13 sync_batch_size=100 processed_result=54300, speed=2397.95/s totalWork=7
2021-05-06 22:26:39,827 INFO  [DNFCalculating] log_result_queue_info:1242: calc#1: 排行: try_fetch_result periodly report remaining_qize=6 sync_batch_size=100 processed_result=55000, speed=2428.07/s totalWork=7
2021-05-06 22:26:40,341 INFO  [DNFCalculating] log_result_queue_info:1242: calc#1: 排行: try_fetch_result_in_background remaining_qize=13 sync_batch_size=100 processed_result=55600, speed=2400.11/s totalWork=7
2021-05-06 22:26:40,343 INFO  [DNFCalculating] log_result_queue_info:1242: calc#1: 排行: try_fetch_result periodly report remaining_qize=12 sync_batch_size=100 processed_result=55700, speed=2404.27/s totalWork=7
2021-05-06 22:26:40,346 INFO  [DNFCalculating] log_result_queue_info:1242: calc#1: 排行: try_fetch_result periodly report remaining_qize=9 sync_batch_size=100 processed_result=56000, speed=2416.91/s totalWork=7
2021-05-06 22:26:40,356 INFO  [DNFCalculating] log_result_queue_info:1242: calc#1: 排行: try_fetch_result periodly report remaining_qize=0 sync_batch_size=100 processed_result=57000, speed=2458.96/s totalWork=7
2021-05-06 22:26:40,863 INFO  [DNFCalculating] log_result_queue_info:1242: calc#1: 排行: try_fetch_result_in_background remaining_qize=13 sync_batch_size=100 processed_result=57000, speed=2406.35/s totalWork=7
2021-05-06 22:26:40,864 INFO  [DNFCalculating] log_result_queue_info:1242: calc#1: 排行: try_fetch_result periodly report remaining_qize=12 sync_batch_size=100 processed_result=57100, speed=2410.46/s totalWork=7
2021-05-06 22:26:40,874 INFO  [DNFCalculating] log_result_queue_info:1242: calc#1: 排行: try_fetch_result periodly report remaining_qize=4 sync_batch_size=100 processed_result=58000, speed=2447.42/s totalWork=7
2021-05-06 22:26:41,385 INFO  [DNFCalculating] log_result_queue_info:1242: calc#1: 排行: try_fetch_result_in_background remaining_qize=12 sync_batch_size=100 processed_result=58400, speed=2412.30/s totalWork=7
2021-05-06 22:26:41,387 INFO  [DNFCalculating] log_result_queue_info:1242: calc#1: 排行: try_fetch_result periodly report remaining_qize=11 sync_batch_size=100 processed_result=58500, speed=2416.24/s totalWork=7
2021-05-06 22:26:41,392 INFO  [DNFCalculating] log_result_queue_info:1242: calc#1: 排行: try_fetch_result periodly report remaining_qize=6 sync_batch_size=100 processed_result=59000, speed=2436.39/s totalWork=7
2021-05-06 22:26:41,907 INFO  [DNFCalculating] log_result_queue_info:1242: calc#1: 排行: try_fetch_result_in_background remaining_qize=14 sync_batch_size=100 processed_result=59600, speed=2409.92/s totalWork=7
2021-05-06 22:26:41,908 INFO  [DNFCalculating] log_result_queue_info:1242: calc#1: 排行: try_fetch_result periodly report remaining_qize=13 sync_batch_size=100 processed_result=59700, speed=2413.83/s totalWork=7
2021-05-06 22:26:41,912 INFO  [DNFCalculating] log_result_queue_info:1242: calc#1: 排行: try_fetch_result periodly report remaining_qize=10 sync_batch_size=100 processed_result=60000, speed=2425.62/s totalWork=7
2021-05-06 22:26:41,922 INFO  [DNFCalculating] log_result_queue_info:1242: calc#1: 排行: try_fetch_result periodly report remaining_qize=0 sync_batch_size=100 processed_result=61000, speed=2465.01/s totalWork=7
2021-05-06 22:26:42,429 INFO  [DNFCalculating] log_result_queue_info:1242: calc#1: 排行: try_fetch_result_in_background remaining_qize=13 sync_batch_size=100 processed_result=61000, speed=2415.50/s totalWork=7
2021-05-06 22:26:42,430 INFO  [DNFCalculating] log_result_queue_info:1242: calc#1: 排行: try_fetch_result periodly report remaining_qize=12 sync_batch_size=100 processed_result=61100, speed=2419.34/s totalWork=7
2021-05-06 22:26:42,440 INFO  [DNFCalculating] log_result_queue_info:1242: calc#1: 排行: try_fetch_result periodly report remaining_qize=3 sync_batch_size=100 processed_result=62000, speed=2454.11/s totalWork=7
2021-05-06 22:26:42,951 INFO  [DNFCalculating] log_result_queue_info:1242: calc#1: 排行: try_fetch_result_in_background remaining_qize=14 sync_batch_size=100 processed_result=62300, speed=2417.02/s totalWork=7
2021-05-06 22:26:42,953 INFO  [DNFCalculating] log_result_queue_info:1242: calc#1: 排行: try_fetch_result periodly report remaining_qize=13 sync_batch_size=100 processed_result=62400, speed=2420.71/s totalWork=7
2021-05-06 22:26:42,960 INFO  [DNFCalculating] log_result_queue_info:1242: calc#1: 排行: try_fetch_result periodly report remaining_qize=7 sync_batch_size=100 processed_result=63000, speed=2443.33/s totalWork=7
2021-05-06 22:26:43,474 INFO  [DNFCalculating] log_result_queue_info:1242: calc#1: 排行: try_fetch_result_in_background remaining_qize=11 sync_batch_size=100 processed_result=63700, speed=2422.24/s totalWork=7
2021-05-06 22:26:43,475 INFO  [DNFCalculating] log_result_queue_info:1242: calc#1: 排行: try_fetch_result periodly report remaining_qize=10 sync_batch_size=100 processed_result=63800, speed=2425.92/s totalWork=7
2021-05-06 22:26:43,478 INFO  [DNFCalculating] log_result_queue_info:1242: calc#1: 排行: try_fetch_result periodly report remaining_qize=8 sync_batch_size=100 processed_result=64000, speed=2433.24/s totalWork=7
2021-05-06 22:26:43,997 INFO  [DNFCalculating] log_result_queue_info:1242: calc#1: 排行: try_fetch_result_in_background remaining_qize=13 sync_batch_size=100 processed_result=64900, speed=2419.73/s totalWork=7
2021-05-06 22:26:43,999 INFO  [DNFCalculating] log_result_queue_info:1242: calc#1: 排行: try_fetch_result periodly report remaining_qize=12 sync_batch_size=100 processed_result=65000, speed=2423.28/s totalWork=7
2021-05-06 22:26:44,009 INFO  [DNFCalculating] log_result_queue_info:1242: calc#1: 排行: try_fetch_result periodly report remaining_qize=2 sync_batch_size=100 processed_result=66000, speed=2459.61/s totalWork=7
2021-05-06 22:26:44,519 INFO  [DNFCalculating] log_result_queue_info:1242: calc#1: 排行: try_fetch_result_in_background remaining_qize=12 sync_batch_size=100 processed_result=66200, speed=2421.04/s totalWork=7
2021-05-06 22:26:44,521 INFO  [DNFCalculating] log_result_queue_info:1242: calc#1: 排行: try_fetch_result periodly report remaining_qize=11 sync_batch_size=100 processed_result=66300, speed=2424.54/s totalWork=7
2021-05-06 22:26:44,528 INFO  [DNFCalculating] log_result_queue_info:1242: calc#1: 排行: try_fetch_result periodly report remaining_qize=4 sync_batch_size=100 processed_result=67000, speed=2449.51/s totalWork=7
2021-05-06 22:26:45,042 INFO  [DNFCalculating] log_result_queue_info:1242: calc#1: 排行: try_fetch_result_in_background remaining_qize=13 sync_batch_size=100 processed_result=67400, speed=2418.68/s totalWork=7
2021-05-06 22:26:45,044 INFO  [DNFCalculating] log_result_queue_info:1242: calc#1: 排行: try_fetch_result periodly report remaining_qize=12 sync_batch_size=100 processed_result=67500, speed=2422.07/s totalWork=7
2021-05-06 22:26:45,050 INFO  [DNFCalculating] log_result_queue_info:1242: calc#1: 排行: try_fetch_result periodly report remaining_qize=7 sync_batch_size=100 processed_result=68000, speed=2439.54/s totalWork=7
2021-05-06 22:26:45,565 INFO  [DNFCalculating] log_result_queue_info:1242: calc#1: 排行: try_fetch_result_in_background remaining_qize=10 sync_batch_size=100 processed_result=68700, speed=2419.91/s totalWork=7
2021-05-06 22:26:45,567 INFO  [DNFCalculating] log_result_queue_info:1242: calc#1: 排行: try_fetch_result periodly report remaining_qize=9 sync_batch_size=100 processed_result=68800, speed=2423.30/s totalWork=7
2021-05-06 22:26:45,570 INFO  [DNFCalculating] log_result_queue_info:1242: calc#1: 排行: try_fetch_result periodly report remaining_qize=7 sync_batch_size=100 processed_result=69000, speed=2430.05/s totalWork=7
2021-05-06 22:26:46,088 INFO  [DNFCalculating] log_result_queue_info:1242: calc#1: 排行: try_fetch_result_in_background remaining_qize=12 sync_batch_size=100 processed_result=69800, speed=2414.20/s totalWork=7
2021-05-06 22:26:46,090 INFO  [DNFCalculating] log_result_queue_info:1242: calc#1: 排行: try_fetch_result periodly report remaining_qize=11 sync_batch_size=100 processed_result=69900, speed=2417.49/s totalWork=7
2021-05-06 22:26:46,091 INFO  [DNFCalculating] log_result_queue_info:1242: calc#1: 排行: try_fetch_result periodly report remaining_qize=10 sync_batch_size=100 processed_result=70000, speed=2420.83/s totalWork=7
2021-05-06 22:26:46,102 INFO  [DNFCalculating] log_result_queue_info:1242: calc#1: 排行: try_fetch_result periodly report remaining_qize=0 sync_batch_size=100 processed_result=71000, speed=2454.53/s totalWork=7
2021-05-06 22:26:46,610 INFO  [DNFCalculating] log_result_queue_info:1242: calc#1: 排行: try_fetch_result_in_background remaining_qize=11 sync_batch_size=100 processed_result=71000, speed=2412.12/s totalWork=7
2021-05-06 22:26:46,612 INFO  [DNFCalculating] log_result_queue_info:1242: calc#1: 排行: try_fetch_result periodly report remaining_qize=10 sync_batch_size=100 processed_result=71100, speed=2415.41/s totalWork=7
2021-05-06 22:26:46,621 INFO  [DNFCalculating] log_result_queue_info:1242: calc#1: 排行: try_fetch_result periodly report remaining_qize=1 sync_batch_size=100 processed_result=72000, speed=2445.24/s totalWork=7
2021-05-06 22:26:47,133 INFO  [DNFCalculating] log_result_queue_info:1242: calc#1: 排行: try_fetch_result_in_background remaining_qize=14 sync_batch_size=100 processed_result=72100, speed=2406.77/s totalWork=7
2021-05-06 22:26:47,134 INFO  [DNFCalculating] log_result_queue_info:1242: calc#1: 排行: try_fetch_result periodly report remaining_qize=13 sync_batch_size=100 processed_result=72200, speed=2410.01/s totalWork=7
2021-05-06 22:26:47,143 INFO  [DNFCalculating] log_result_queue_info:1242: calc#1: 排行: try_fetch_result periodly report remaining_qize=5 sync_batch_size=100 processed_result=73000, speed=2435.99/s totalWork=7
2021-05-06 22:26:47,655 INFO  [DNFCalculating] log_result_queue_info:1242: calc#1: 排行: try_fetch_result_in_background remaining_qize=12 sync_batch_size=100 processed_result=73500, speed=2411.49/s totalWork=7
2021-05-06 22:26:47,656 INFO  [DNFCalculating] log_result_queue_info:1242: calc#1: 排行: try_fetch_result periodly report remaining_qize=11 sync_batch_size=100 processed_result=73600, speed=2414.65/s totalWork=7
2021-05-06 22:26:47,661 INFO  [DNFCalculating] log_result_queue_info:1242: calc#1: 排行: try_fetch_result periodly report remaining_qize=7 sync_batch_size=100 processed_result=74000, speed=2427.38/s totalWork=7
2021-05-06 22:26:48,178 INFO  [DNFCalculating] log_result_queue_info:1242: calc#1: 排行: try_fetch_result_in_background remaining_qize=14 sync_batch_size=100 processed_result=74700, speed=2409.50/s totalWork=7
2021-05-06 22:26:48,180 INFO  [DNFCalculating] log_result_queue_info:1242: calc#1: 排行: try_fetch_result periodly report remaining_qize=13 sync_batch_size=100 processed_result=74800, speed=2412.56/s totalWork=7
2021-05-06 22:26:48,182 INFO  [DNFCalculating] log_result_queue_info:1242: calc#1: 排行: try_fetch_result periodly report remaining_qize=11 sync_batch_size=100 processed_result=75000, speed=2418.82/s totalWork=7
2021-05-06 22:26:48,195 INFO  [DNFCalculating] log_result_queue_info:1242: calc#1: 排行: try_fetch_result periodly report remaining_qize=1 sync_batch_size=100 processed_result=76000, speed=2450.09/s totalWork=7
2021-05-06 22:26:48,700 INFO  [DNFCalculating] log_result_queue_info:1242: calc#1: 排行: try_fetch_result_in_background remaining_qize=10 sync_batch_size=100 processed_result=76100, speed=2413.98/s totalWork=7
2021-05-06 22:26:48,702 INFO  [DNFCalculating] log_result_queue_info:1242: calc#1: 排行: try_fetch_result periodly report remaining_qize=9 sync_batch_size=100 processed_result=76200, speed=2416.98/s totalWork=7
2021-05-06 22:26:48,712 INFO  [DNFCalculating] log_result_queue_info:1242: calc#1: 排行: try_fetch_result periodly report remaining_qize=1 sync_batch_size=100 processed_result=77000, speed=2441.61/s totalWork=7
2021-05-06 22:26:49,238 INFO  [DNFCalculating] log_result_queue_info:1242: calc#1: 排行: try_fetch_result_in_background remaining_qize=10 sync_batch_size=100 processed_result=77100, speed=2404.65/s totalWork=7
2021-05-06 22:26:49,240 INFO  [DNFCalculating] log_result_queue_info:1242: calc#1: 排行: try_fetch_result periodly report remaining_qize=9 sync_batch_size=100 processed_result=77200, speed=2407.62/s totalWork=7
2021-05-06 22:26:49,250 INFO  [DNFCalculating] log_result_queue_info:1242: calc#1: 排行: try_fetch_result periodly report remaining_qize=1 sync_batch_size=100 processed_result=78000, speed=2431.82/s totalWork=7
2021-05-06 22:26:49,761 INFO  [DNFCalculating] log_result_queue_info:1242: calc#1: 排行: try_fetch_result_in_background remaining_qize=7 sync_batch_size=100 processed_result=78100, speed=2396.76/s totalWork=7
2021-05-06 22:26:49,764 INFO  [DNFCalculating] log_result_queue_info:1242: calc#1: 排行: try_fetch_result periodly report remaining_qize=6 sync_batch_size=100 processed_result=78200, speed=2399.65/s totalWork=7
2021-05-06 22:26:50,284 INFO  [DNFCalculating] log_result_queue_info:1242: calc#1: 排行: try_fetch_result_in_background remaining_qize=8 sync_batch_size=100 processed_result=78800, speed=2380.06/s totalWork=7
2021-05-06 22:26:50,286 INFO  [DNFCalculating] log_result_queue_info:1242: calc#1: 排行: try_fetch_result periodly report remaining_qize=7 sync_batch_size=100 processed_result=78900, speed=2382.90/s totalWork=7
2021-05-06 22:26:50,288 INFO  [DNFCalculating] log_result_queue_info:1242: calc#1: 排行: try_fetch_result periodly report remaining_qize=6 sync_batch_size=100 processed_result=79000, speed=2385.78/s totalWork=7
2021-05-06 22:26:50,806 INFO  [DNFCalculating] log_result_queue_info:1242: calc#1: 排行: try_fetch_result_in_background remaining_qize=10 sync_batch_size=100 processed_result=79600, speed=2366.92/s totalWork=7
2021-05-06 22:26:50,808 INFO  [DNFCalculating] log_result_queue_info:1242: calc#1: 排行: try_fetch_result periodly report remaining_qize=9 sync_batch_size=100 processed_result=79700, speed=2369.75/s totalWork=7
2021-05-06 22:26:50,812 INFO  [DNFCalculating] log_result_queue_info:1242: calc#1: 排行: try_fetch_result periodly report remaining_qize=6 sync_batch_size=100 processed_result=80000, speed=2378.36/s totalWork=7
2021-05-06 22:26:51,328 INFO  [DNFCalculating] log_result_queue_info:1242: calc#1: 排行: try_fetch_result_in_background remaining_qize=8 sync_batch_size=100 processed_result=80600, speed=2360.00/s totalWork=7
2021-05-06 22:26:51,330 INFO  [DNFCalculating] log_result_queue_info:1242: calc#1: 排行: try_fetch_result periodly report remaining_qize=7 sync_batch_size=100 processed_result=80700, speed=2362.79/s totalWork=7
2021-05-06 22:26:51,335 INFO  [DNFCalculating] log_result_queue_info:1242: calc#1: 排行: try_fetch_result periodly report remaining_qize=5 sync_batch_size=100 processed_result=81000, speed=2371.23/s totalWork=7
2021-05-06 22:26:51,851 INFO  [DNFCalculating] log_result_queue_info:1242: calc#1: 排行: try_fetch_result_in_background remaining_qize=9 sync_batch_size=100 processed_result=81500, speed=2350.38/s totalWork=7
2021-05-06 22:26:51,853 INFO  [DNFCalculating] log_result_queue_info:1242: calc#1: 排行: try_fetch_result periodly report remaining_qize=8 sync_batch_size=100 processed_result=81600, speed=2353.13/s totalWork=7
2021-05-06 22:26:51,858 INFO  [DNFCalculating] log_result_queue_info:1242: calc#1: 排行: try_fetch_result periodly report remaining_qize=4 sync_batch_size=100 processed_result=82000, speed=2364.32/s totalWork=7
2021-05-06 22:26:52,374 INFO  [DNFCalculating] log_result_queue_info:1242: calc#1: 排行: try_fetch_result_in_background remaining_qize=8 sync_batch_size=100 processed_result=82400, speed=2341.04/s totalWork=7
2021-05-06 22:26:52,376 INFO  [DNFCalculating] log_result_queue_info:1242: calc#1: 排行: try_fetch_result periodly report remaining_qize=7 sync_batch_size=100 processed_result=82500, speed=2343.75/s totalWork=7
2021-05-06 22:26:52,383 INFO  [DNFCalculating] log_result_queue_info:1242: calc#1: 排行: try_fetch_result periodly report remaining_qize=2 sync_batch_size=100 processed_result=83000, speed=2357.49/s totalWork=7
2021-05-06 22:26:52,896 INFO  [DNFCalculating] log_result_queue_info:1242: calc#1: 排行: try_fetch_result_in_background remaining_qize=10 sync_batch_size=100 processed_result=83200, speed=2329.19/s totalWork=7
2021-05-06 22:26:52,898 INFO  [DNFCalculating] log_result_queue_info:1242: calc#1: 排行: try_fetch_result periodly report remaining_qize=9 sync_batch_size=100 processed_result=83300, speed=2331.84/s totalWork=7
2021-05-06 22:26:52,908 INFO  [DNFCalculating] log_result_queue_info:1242: calc#1: 排行: try_fetch_result periodly report remaining_qize=2 sync_batch_size=100 processed_result=84000, speed=2350.82/s totalWork=7
2021-05-06 22:26:53,419 INFO  [DNFCalculating] log_result_queue_info:1242: calc#1: 排行: try_fetch_result_in_background remaining_qize=10 sync_batch_size=100 processed_result=84200, speed=2323.20/s totalWork=7
2021-05-06 22:26:53,438 INFO  [DNFCalculating] log_result_queue_info:1242: calc#1: 排行: try_fetch_result periodly report remaining_qize=9 sync_batch_size=100 processed_result=84300, speed=2324.73/s totalWork=7
2021-05-06 22:26:53,447 INFO  [DNFCalculating] log_result_queue_info:1242: calc#1: 排行: try_fetch_result periodly report remaining_qize=2 sync_batch_size=100 processed_result=85000, speed=2343.41/s totalWork=7
2021-05-06 22:26:53,957 INFO  [DNFCalculating] log_result_queue_info:1242: calc#1: 排行: try_fetch_result_in_background remaining_qize=8 sync_batch_size=100 processed_result=85200, speed=2316.42/s totalWork=7
2021-05-06 22:26:53,958 INFO  [DNFCalculating] log_result_queue_info:1242: calc#1: 排行: try_fetch_result periodly report remaining_qize=7 sync_batch_size=100 processed_result=85300, speed=2319.02/s totalWork=7
2021-05-06 22:26:53,968 INFO  [DNFCalculating] log_result_queue_info:1242: calc#1: 排行: try_fetch_result periodly report remaining_qize=0 sync_batch_size=100 processed_result=86000, speed=2337.45/s totalWork=7
2021-05-06 22:26:54,480 INFO  [DNFCalculating] log_result_queue_info:1242: calc#1: 排行: try_fetch_result_in_background remaining_qize=10 sync_batch_size=100 processed_result=86000, speed=2305.41/s totalWork=7
2021-05-06 22:26:54,482 INFO  [DNFCalculating] log_result_queue_info:1242: calc#1: 排行: try_fetch_result periodly report remaining_qize=9 sync_batch_size=100 processed_result=86100, speed=2307.97/s totalWork=7
2021-05-06 22:26:54,494 INFO  [DNFCalculating] log_result_queue_info:1242: calc#1: 排行: try_fetch_result periodly report remaining_qize=0 sync_batch_size=100 processed_result=87000, speed=2331.32/s totalWork=7
2021-05-06 22:26:55,003 INFO  [DNFCalculating] log_result_queue_info:1242: calc#1: 排行: try_fetch_result_in_background remaining_qize=9 sync_batch_size=100 processed_result=87000, speed=2299.95/s totalWork=7
2021-05-06 22:26:55,004 INFO  [DNFCalculating] log_result_queue_info:1242: calc#1: 排行: try_fetch_result periodly report remaining_qize=8 sync_batch_size=100 processed_result=87100, speed=2302.51/s totalWork=7
2021-05-06 22:26:55,525 INFO  [DNFCalculating] log_result_queue_info:1242: calc#1: 排行: try_fetch_result_in_background remaining_qize=9 sync_batch_size=100 processed_result=87900, speed=2292.10/s totalWork=7
2021-05-06 22:26:55,527 INFO  [DNFCalculating] log_result_queue_info:1242: calc#1: 排行: try_fetch_result periodly report remaining_qize=8 sync_batch_size=100 processed_result=88000, speed=2294.55/s totalWork=7
2021-05-06 22:26:56,047 INFO  [DNFCalculating] log_result_queue_info:1242: calc#1: 排行: try_fetch_result_in_background remaining_qize=8 sync_batch_size=100 processed_result=88900, speed=2287.00/s totalWork=7
2021-05-06 22:26:56,050 INFO  [DNFCalculating] log_result_queue_info:1242: calc#1: 排行: try_fetch_result periodly report remaining_qize=7 sync_batch_size=100 processed_result=89000, speed=2289.45/s totalWork=7
2021-05-06 22:26:56,571 INFO  [DNFCalculating] log_result_queue_info:1242: calc#1: 排行: try_fetch_result_in_background remaining_qize=10 sync_batch_size=100 processed_result=89700, speed=2276.93/s totalWork=7
2021-05-06 22:26:56,573 INFO  [DNFCalculating] log_result_queue_info:1242: calc#1: 排行: try_fetch_result periodly report remaining_qize=9 sync_batch_size=100 processed_result=89800, speed=2279.35/s totalWork=7
2021-05-06 22:26:56,576 INFO  [DNFCalculating] log_result_queue_info:1242: calc#1: 排行: try_fetch_result periodly report remaining_qize=7 sync_batch_size=100 processed_result=90000, speed=2284.25/s totalWork=7
2021-05-06 22:26:57,094 INFO  [DNFCalculating] log_result_queue_info:1242: calc#1: 排行: try_fetch_result_in_background remaining_qize=8 sync_batch_size=100 processed_result=90700, speed=2272.16/s totalWork=7
2021-05-06 22:26:57,095 INFO  [DNFCalculating] log_result_queue_info:1242: calc#1: 排行: try_fetch_result periodly report remaining_qize=7 sync_batch_size=100 processed_result=90800, speed=2274.58/s totalWork=7
2021-05-06 22:26:57,098 INFO  [DNFCalculating] log_result_queue_info:1242: calc#1: 排行: try_fetch_result periodly report remaining_qize=5 sync_batch_size=100 processed_result=91000, speed=2279.39/s totalWork=7
2021-05-06 22:26:57,617 INFO  [DNFCalculating] log_result_queue_info:1242: calc#1: 排行: try_fetch_result_in_background remaining_qize=6 sync_batch_size=100 processed_result=91600, speed=2264.98/s totalWork=7
2021-05-06 22:26:57,620 INFO  [DNFCalculating] log_result_queue_info:1242: calc#1: 排行: try_fetch_result periodly report remaining_qize=6 sync_batch_size=100 processed_result=91700, speed=2267.29/s totalWork=7
2021-05-06 22:26:57,624 INFO  [DNFCalculating] log_result_queue_info:1242: calc#1: 排行: try_fetch_result periodly report remaining_qize=3 sync_batch_size=100 processed_result=92000, speed=2274.49/s totalWork=7
2021-05-06 22:26:58,138 INFO  [DNFCalculating] log_result_queue_info:1242: calc#1: 排行: try_fetch_result_in_background remaining_qize=5 sync_batch_size=100 processed_result=92300, speed=2253.26/s totalWork=7
2021-05-06 22:26:58,140 INFO  [DNFCalculating] log_result_queue_info:1242: calc#1: 排行: try_fetch_result periodly report remaining_qize=4 sync_batch_size=100 processed_result=92400, speed=2255.61/s totalWork=7
2021-05-06 22:26:58,661 INFO  [DNFCalculating] log_result_queue_info:1242: calc#1: 排行: try_fetch_result_in_background remaining_qize=8 sync_batch_size=100 processed_result=92800, speed=2236.93/s totalWork=7
2021-05-06 22:26:58,663 INFO  [DNFCalculating] log_result_queue_info:1242: calc#1: 排行: try_fetch_result periodly report remaining_qize=7 sync_batch_size=100 processed_result=92900, speed=2239.24/s totalWork=7
2021-05-06 22:26:58,665 INFO  [DNFCalculating] log_result_queue_info:1242: calc#1: 排行: try_fetch_result periodly report remaining_qize=6 sync_batch_size=100 processed_result=93000, speed=2241.54/s totalWork=7
2021-05-06 22:26:59,184 INFO  [DNFCalculating] log_result_queue_info:1242: calc#1: 排行: try_fetch_result_in_background remaining_qize=10 sync_batch_size=100 processed_result=93600, speed=2228.17/s totalWork=7
2021-05-06 22:26:59,186 INFO  [DNFCalculating] log_result_queue_info:1242: calc#1: 排行: try_fetch_result periodly report remaining_qize=9 sync_batch_size=100 processed_result=93700, speed=2230.41/s totalWork=7
2021-05-06 22:26:59,190 INFO  [DNFCalculating] log_result_queue_info:1242: calc#1: 排行: try_fetch_result periodly report remaining_qize=6 sync_batch_size=100 processed_result=94000, speed=2237.34/s totalWork=7
2021-05-06 22:26:59,706 INFO  [DNFCalculating] log_result_queue_info:1242: calc#1: 排行: try_fetch_result_in_background remaining_qize=8 sync_batch_size=100 processed_result=94600, speed=2224.26/s totalWork=7
2021-05-06 22:26:59,709 INFO  [DNFCalculating] log_result_queue_info:1242: calc#1: 排行: try_fetch_result periodly report remaining_qize=7 sync_batch_size=100 processed_result=94700, speed=2226.51/s totalWork=7
2021-05-06 22:26:59,712 INFO  [DNFCalculating] log_result_queue_info:1242: calc#1: 排行: try_fetch_result periodly report remaining_qize=4 sync_batch_size=100 processed_result=95000, speed=2233.36/s totalWork=7
2021-05-06 22:27:00,229 INFO  [DNFCalculating] log_result_queue_info:1242: calc#1: 排行: try_fetch_result_in_background remaining_qize=7 sync_batch_size=100 processed_result=95400, speed=2215.86/s totalWork=7
2021-05-06 22:27:00,230 INFO  [DNFCalculating] log_result_queue_info:1242: calc#1: 排行: try_fetch_result periodly report remaining_qize=6 sync_batch_size=100 processed_result=95500, speed=2218.11/s totalWork=7
2021-05-06 22:27:00,237 INFO  [DNFCalculating] log_result_queue_info:1242: calc#1: 排行: try_fetch_result periodly report remaining_qize=1 sync_batch_size=100 processed_result=96000, speed=2229.39/s totalWork=7
2021-05-06 22:27:00,752 INFO  [DNFCalculating] log_result_queue_info:1242: calc#1: 排行: try_fetch_result_in_background remaining_qize=6 sync_batch_size=100 processed_result=96100, speed=2205.34/s totalWork=7
2021-05-06 22:27:00,754 INFO  [DNFCalculating] log_result_queue_info:1242: calc#1: 排行: try_fetch_result periodly report remaining_qize=5 sync_batch_size=100 processed_result=96200, speed=2207.54/s totalWork=7
2021-05-06 22:27:01,274 INFO  [DNFCalculating] log_result_queue_info:1242: calc#1: 排行: try_fetch_result_in_background remaining_qize=7 sync_batch_size=100 processed_result=96700, speed=2192.82/s totalWork=7
2021-05-06 22:27:01,276 INFO  [DNFCalculating] log_result_queue_info:1242: calc#1: 排行: try_fetch_result periodly report remaining_qize=6 sync_batch_size=100 processed_result=96800, speed=2194.97/s totalWork=7
2021-05-06 22:27:01,279 INFO  [DNFCalculating] log_result_queue_info:1242: calc#1: 排行: try_fetch_result periodly report remaining_qize=4 sync_batch_size=100 processed_result=97000, speed=2199.39/s totalWork=7
2021-05-06 22:27:01,796 INFO  [DNFCalculating] log_result_queue_info:1242: calc#1: 排行: try_fetch_result_in_background remaining_qize=8 sync_batch_size=100 processed_result=97400, speed=2182.85/s totalWork=7
2021-05-06 22:27:01,799 INFO  [DNFCalculating] log_result_queue_info:1242: calc#1: 排行: try_fetch_result periodly report remaining_qize=7 sync_batch_size=100 processed_result=97500, speed=2184.97/s totalWork=7
2021-05-06 22:27:01,805 INFO  [DNFCalculating] log_result_queue_info:1242: calc#1: 排行: try_fetch_result periodly report remaining_qize=2 sync_batch_size=100 processed_result=98000, speed=2195.88/s totalWork=7
2021-05-06 22:27:02,319 INFO  [DNFCalculating] log_result_queue_info:1242: calc#1: 排行: try_fetch_result_in_background remaining_qize=7 sync_batch_size=100 processed_result=98200, speed=2175.29/s totalWork=7
2021-05-06 22:27:02,320 INFO  [DNFCalculating] log_result_queue_info:1242: calc#1: 排行: try_fetch_result periodly report remaining_qize=6 sync_batch_size=100 processed_result=98300, speed=2177.44/s totalWork=7
2021-05-06 22:27:02,842 INFO  [DNFCalculating] log_result_queue_info:1242: calc#1: 排行: try_fetch_result_in_background remaining_qize=6 sync_batch_size=100 processed_result=98900, speed=2165.71/s totalWork=7
2021-05-06 22:27:02,844 INFO  [DNFCalculating] log_result_queue_info:1242: calc#1: 排行: try_fetch_result periodly report remaining_qize=5 sync_batch_size=100 processed_result=99000, speed=2167.81/s totalWork=7
2021-05-06 22:27:03,364 INFO  [DNFCalculating] log_result_queue_info:1242: calc#1: 排行: try_fetch_result_in_background remaining_qize=7 sync_batch_size=100 processed_result=99500, speed=2154.20/s totalWork=7
2021-05-06 22:27:03,366 INFO  [DNFCalculating] log_result_queue_info:1242: calc#1: 排行: try_fetch_result periodly report remaining_qize=6 sync_batch_size=100 processed_result=99600, speed=2156.27/s totalWork=7
2021-05-06 22:27:03,372 INFO  [DNFCalculating] log_result_queue_info:1242: calc#1: 排行: try_fetch_result periodly report remaining_qize=2 sync_batch_size=100 processed_result=100000, speed=2164.67/s totalWork=7
2021-05-06 22:27:03,887 INFO  [DNFCalculating] log_result_queue_info:1242: calc#1: 排行: try_fetch_result_in_background remaining_qize=7 sync_batch_size=100 processed_result=100200, speed=2145.09/s totalWork=7
2021-05-06 22:27:03,889 INFO  [DNFCalculating] log_result_queue_info:1242: calc#1: 排行: try_fetch_result periodly report remaining_qize=6 sync_batch_size=100 processed_result=100300, speed=2147.15/s totalWork=7
2021-05-06 22:27:04,410 INFO  [DNFCalculating] log_result_queue_info:1242: calc#1: 排行: try_fetch_result_in_background remaining_qize=6 sync_batch_size=100 processed_result=100900, speed=2136.17/s totalWork=7
2021-05-06 22:27:04,412 INFO  [DNFCalculating] log_result_queue_info:1242: calc#1: 排行: try_fetch_result periodly report remaining_qize=6 sync_batch_size=100 processed_result=101000, speed=2138.20/s totalWork=7
2021-05-06 22:27:04,932 INFO  [DNFCalculating] log_result_queue_info:1242: calc#1: 排行: try_fetch_result_in_background remaining_qize=7 sync_batch_size=100 processed_result=101600, speed=2127.44/s totalWork=7
2021-05-06 22:27:04,934 INFO  [DNFCalculating] log_result_queue_info:1242: calc#1: 排行: try_fetch_result periodly report remaining_qize=6 sync_batch_size=100 processed_result=101700, speed=2129.47/s totalWork=7
2021-05-06 22:27:04,938 INFO  [DNFCalculating] log_result_queue_info:1242: calc#1: 排行: try_fetch_result periodly report remaining_qize=3 sync_batch_size=100 processed_result=102000, speed=2135.56/s totalWork=7
2021-05-06 22:27:05,455 INFO  [DNFCalculating] log_result_queue_info:1242: calc#1: 排行: try_fetch_result_in_background remaining_qize=7 sync_batch_size=100 processed_result=102300, speed=2118.93/s totalWork=7
2021-05-06 22:27:05,457 INFO  [DNFCalculating] log_result_queue_info:1242: calc#1: 排行: try_fetch_result periodly report remaining_qize=6 sync_batch_size=100 processed_result=102400, speed=2120.92/s totalWork=7
2021-05-06 22:27:05,465 INFO  [DNFCalculating] log_result_queue_info:1242: calc#1: 排行: try_fetch_result periodly report remaining_qize=0 sync_batch_size=100 processed_result=103000, speed=2132.99/s totalWork=7
2021-05-06 22:27:05,978 INFO  [DNFCalculating] log_result_queue_info:1242: calc#1: 排行: try_fetch_result_in_background remaining_qize=7 sync_batch_size=100 processed_result=103000, speed=2110.57/s totalWork=7
2021-05-06 22:27:05,979 INFO  [DNFCalculating] log_result_queue_info:1242: calc#1: 排行: try_fetch_result periodly report remaining_qize=6 sync_batch_size=100 processed_result=103100, speed=2112.54/s totalWork=7
2021-05-06 22:27:06,499 INFO  [DNFCalculating] log_result_queue_info:1242: calc#1: 排行: try_fetch_result_in_background remaining_qize=7 sync_batch_size=100 processed_result=103800, speed=2104.47/s totalWork=7
2021-05-06 22:27:06,502 INFO  [DNFCalculating] log_result_queue_info:1242: calc#1: 排行: try_fetch_result periodly report remaining_qize=6 sync_batch_size=100 processed_result=103900, speed=2106.39/s totalWork=7
2021-05-06 22:27:06,504 INFO  [DNFCalculating] log_result_queue_info:1242: calc#1: 排行: try_fetch_result periodly report remaining_qize=5 sync_batch_size=100 processed_result=104000, speed=2108.35/s totalWork=7
2021-05-06 22:27:07,023 INFO  [DNFCalculating] log_result_queue_info:1242: calc#1: 排行: try_fetch_result_in_background remaining_qize=7 sync_batch_size=100 processed_result=104500, speed=2096.42/s totalWork=7
2021-05-06 22:27:07,024 INFO  [DNFCalculating] log_result_queue_info:1242: calc#1: 排行: try_fetch_result periodly report remaining_qize=6 sync_batch_size=100 processed_result=104600, speed=2098.34/s totalWork=7
2021-05-06 22:27:07,030 INFO  [DNFCalculating] log_result_queue_info:1242: calc#1: 排行: try_fetch_result periodly report remaining_qize=2 sync_batch_size=100 processed_result=105000, speed=2106.14/s totalWork=7
2021-05-06 22:27:07,545 INFO  [DNFCalculating] log_result_queue_info:1242: calc#1: 排行: try_fetch_result_in_background remaining_qize=8 sync_batch_size=100 processed_result=105200, speed=2088.56/s totalWork=7
2021-05-06 22:27:07,547 INFO  [DNFCalculating] log_result_queue_info:1242: calc#1: 排行: try_fetch_result periodly report remaining_qize=7 sync_batch_size=100 processed_result=105300, speed=2090.46/s totalWork=7
2021-05-06 22:27:07,556 INFO  [DNFCalculating] log_result_queue_info:1242: calc#1: 排行: try_fetch_result periodly report remaining_qize=0 sync_batch_size=100 processed_result=106000, speed=2104.01/s totalWork=7
2021-05-06 22:27:08,068 INFO  [DNFCalculating] log_result_queue_info:1242: calc#1: 排行: try_fetch_result_in_background remaining_qize=7 sync_batch_size=100 processed_result=106000, speed=2082.83/s totalWork=7
2021-05-06 22:27:08,069 INFO  [DNFCalculating] log_result_queue_info:1242: calc#1: 排行: try_fetch_result periodly report remaining_qize=6 sync_batch_size=100 processed_result=106100, speed=2084.73/s totalWork=7
2021-05-06 22:27:08,591 INFO  [DNFCalculating] log_result_queue_info:1242: calc#1: 排行: try_fetch_result_in_background remaining_qize=8 sync_batch_size=100 processed_result=106700, speed=2075.26/s totalWork=7
2021-05-06 22:27:08,593 INFO  [DNFCalculating] log_result_queue_info:1242: calc#1: 排行: try_fetch_result periodly report remaining_qize=7 sync_batch_size=100 processed_result=106800, speed=2077.12/s totalWork=7
2021-05-06 22:27:08,596 INFO  [DNFCalculating] log_result_queue_info:1242: calc#1: 排行: try_fetch_result periodly report remaining_qize=5 sync_batch_size=100 processed_result=107000, speed=2080.89/s totalWork=7
2021-05-06 22:27:09,114 INFO  [DNFCalculating] log_result_queue_info:1242: calc#1: 排行: try_fetch_result_in_background remaining_qize=7 sync_batch_size=100 processed_result=107600, speed=2071.70/s totalWork=7
2021-05-06 22:27:09,115 INFO  [DNFCalculating] log_result_queue_info:1242: calc#1: 排行: try_fetch_result periodly report remaining_qize=6 sync_batch_size=100 processed_result=107700, speed=2073.57/s totalWork=7
2021-05-06 22:27:09,120 INFO  [DNFCalculating] log_result_queue_info:1242: calc#1: 排行: try_fetch_result periodly report remaining_qize=3 sync_batch_size=100 processed_result=108000, speed=2079.14/s totalWork=7
2021-05-06 22:27:09,636 INFO  [DNFCalculating] log_result_queue_info:1242: calc#1: 排行: try_fetch_result_in_background remaining_qize=6 sync_batch_size=100 processed_result=108300, speed=2064.40/s totalWork=7
2021-05-06 22:27:09,638 INFO  [DNFCalculating] log_result_queue_info:1242: calc#1: 排行: try_fetch_result periodly report remaining_qize=5 sync_batch_size=100 processed_result=108400, speed=2066.23/s totalWork=7
2021-05-06 22:27:10,159 INFO  [DNFCalculating] log_result_queue_info:1242: calc#1: 排行: try_fetch_result_in_background remaining_qize=7 sync_batch_size=100 processed_result=108900, speed=2055.37/s totalWork=7
2021-05-06 22:27:10,161 INFO  [DNFCalculating] log_result_queue_info:1242: calc#1: 排行: try_fetch_result periodly report remaining_qize=6 sync_batch_size=100 processed_result=109000, speed=2057.16/s totalWork=7
2021-05-06 22:27:10,682 INFO  [DNFCalculating] log_result_queue_info:1242: calc#1: 排行: try_fetch_result_in_background remaining_qize=7 sync_batch_size=100 processed_result=109600, speed=2048.35/s totalWork=7
2021-05-06 22:27:10,684 INFO  [DNFCalculating] log_result_queue_info:1242: calc#1: 排行: try_fetch_result periodly report remaining_qize=6 sync_batch_size=100 processed_result=109700, speed=2050.15/s totalWork=7
2021-05-06 22:27:10,689 INFO  [DNFCalculating] log_result_queue_info:1242: calc#1: 排行: try_fetch_result periodly report remaining_qize=3 sync_batch_size=100 processed_result=110000, speed=2055.54/s totalWork=7
2021-05-06 22:27:11,204 INFO  [DNFCalculating] log_result_queue_info:1242: calc#1: 排行: try_fetch_result_in_background remaining_qize=8 sync_batch_size=100 processed_result=110300, speed=2041.52/s totalWork=7
2021-05-06 22:27:11,206 INFO  [DNFCalculating] log_result_queue_info:1242: calc#1: 排行: try_fetch_result periodly report remaining_qize=7 sync_batch_size=100 processed_result=110400, speed=2043.30/s totalWork=7
2021-05-06 22:27:11,214 INFO  [DNFCalculating] log_result_queue_info:1242: calc#1: 排行: try_fetch_result periodly report remaining_qize=1 sync_batch_size=100 processed_result=111000, speed=2054.09/s totalWork=7
2021-05-06 22:27:11,727 INFO  [DNFCalculating] log_result_queue_info:1242: calc#1: 排行: try_fetch_result_in_background remaining_qize=7 sync_batch_size=100 processed_result=111100, speed=2036.61/s totalWork=7
2021-05-06 22:27:11,729 INFO  [DNFCalculating] log_result_queue_info:1242: calc#1: 排行: try_fetch_result periodly report remaining_qize=6 sync_batch_size=100 processed_result=111200, speed=2038.37/s totalWork=7
2021-05-06 22:27:12,250 INFO  [DNFCalculating] log_result_queue_info:1242: calc#1: 排行: try_fetch_result_in_background remaining_qize=7 sync_batch_size=100 processed_result=111800, speed=2030.01/s totalWork=7
2021-05-06 22:27:12,252 INFO  [DNFCalculating] log_result_queue_info:1242: calc#1: 排行: try_fetch_result periodly report remaining_qize=6 sync_batch_size=100 processed_result=111900, speed=2031.72/s totalWork=7
2021-05-06 22:27:12,254 INFO  [DNFCalculating] log_result_queue_info:1242: calc#1: 排行: try_fetch_result periodly report remaining_qize=5 sync_batch_size=100 processed_result=112000, speed=2033.47/s totalWork=7
2021-05-06 22:27:12,773 INFO  [DNFCalculating] log_result_queue_info:1242: calc#1: 排行: try_fetch_result_in_background remaining_qize=7 sync_batch_size=100 processed_result=112500, speed=2023.49/s totalWork=7
2021-05-06 22:27:12,775 INFO  [DNFCalculating] log_result_queue_info:1242: calc#1: 排行: try_fetch_result periodly report remaining_qize=6 sync_batch_size=100 processed_result=112600, speed=2025.22/s totalWork=7
2021-05-06 22:27:12,780 INFO  [DNFCalculating] log_result_queue_info:1242: calc#1: 排行: try_fetch_result periodly report remaining_qize=2 sync_batch_size=100 processed_result=113000, speed=2032.21/s totalWork=7
2021-05-06 22:27:13,295 INFO  [DNFCalculating] log_result_queue_info:1242: calc#1: 排行: try_fetch_result_in_background remaining_qize=8 sync_batch_size=100 processed_result=113200, speed=2017.14/s totalWork=7
2021-05-06 22:27:13,297 INFO  [DNFCalculating] log_result_queue_info:1242: calc#1: 排行: try_fetch_result periodly report remaining_qize=7 sync_batch_size=100 processed_result=113300, speed=2018.84/s totalWork=7
2021-05-06 22:27:13,306 INFO  [DNFCalculating] log_result_queue_info:1242: calc#1: 排行: try_fetch_result periodly report remaining_qize=0 sync_batch_size=100 processed_result=114000, speed=2030.97/s totalWork=7
2021-05-06 22:27:13,818 INFO  [DNFCalculating] log_result_queue_info:1242: calc#1: 排行: try_fetch_result_in_background remaining_qize=7 sync_batch_size=100 processed_result=114000, speed=2012.65/s totalWork=7
2021-05-06 22:27:13,820 INFO  [DNFCalculating] log_result_queue_info:1242: calc#1: 排行: try_fetch_result periodly report remaining_qize=6 sync_batch_size=100 processed_result=114100, speed=2014.35/s totalWork=7
2021-05-06 22:27:14,341 INFO  [DNFCalculating] log_result_queue_info:1242: calc#1: 排行: try_fetch_result_in_background remaining_qize=7 sync_batch_size=100 processed_result=114700, speed=2006.48/s totalWork=7
2021-05-06 22:27:14,342 INFO  [DNFCalculating] log_result_queue_info:1242: calc#1: 排行: try_fetch_result periodly report remaining_qize=6 sync_batch_size=100 processed_result=114800, speed=2008.17/s totalWork=7
2021-05-06 22:27:14,345 INFO  [DNFCalculating] log_result_queue_info:1242: calc#1: 排行: try_fetch_result periodly report remaining_qize=4 sync_batch_size=100 processed_result=115000, speed=2011.55/s totalWork=7
2021-05-06 22:27:14,863 INFO  [DNFCalculating] log_result_queue_info:1242: calc#1: 排行: try_fetch_result_in_background remaining_qize=7 sync_batch_size=100 processed_result=115400, speed=2000.43/s totalWork=7
2021-05-06 22:27:14,865 INFO  [DNFCalculating] log_result_queue_info:1242: calc#1: 排行: try_fetch_result periodly report remaining_qize=6 sync_batch_size=100 processed_result=115500, speed=2002.11/s totalWork=7
2021-05-06 22:27:14,872 INFO  [DNFCalculating] log_result_queue_info:1242: calc#1: 排行: try_fetch_result periodly report remaining_qize=1 sync_batch_size=100 processed_result=116000, speed=2010.53/s totalWork=7
2021-05-06 22:27:15,385 INFO  [DNFCalculating] log_result_queue_info:1242: calc#1: 排行: try_fetch_result_in_background remaining_qize=7 sync_batch_size=100 processed_result=116100, speed=1994.52/s totalWork=7
2021-05-06 22:27:15,387 INFO  [DNFCalculating] log_result_queue_info:1242: calc#1: 排行: try_fetch_result periodly report remaining_qize=6 sync_batch_size=100 processed_result=116200, speed=1996.19/s totalWork=7
2021-05-06 22:27:15,909 INFO  [DNFCalculating] log_result_queue_info:1242: calc#1: 排行: try_fetch_result_in_background remaining_qize=9 sync_batch_size=100 processed_result=116800, speed=1988.65/s totalWork=7
2021-05-06 22:27:15,910 INFO  [DNFCalculating] log_result_queue_info:1242: calc#1: 排行: try_fetch_result periodly report remaining_qize=8 sync_batch_size=100 processed_result=116900, speed=1990.31/s totalWork=7
2021-05-06 22:27:15,913 INFO  [DNFCalculating] log_result_queue_info:1242: calc#1: 排行: try_fetch_result periodly report remaining_qize=7 sync_batch_size=100 processed_result=117000, speed=1991.92/s totalWork=7
2021-05-06 22:27:16,431 INFO  [DNFCalculating] log_result_queue_info:1242: calc#1: 排行: try_fetch_result_in_background remaining_qize=10 sync_batch_size=100 processed_result=117700, speed=1986.31/s totalWork=7
2021-05-06 22:27:16,433 INFO  [DNFCalculating] log_result_queue_info:1242: calc#1: 排行: try_fetch_result periodly report remaining_qize=9 sync_batch_size=100 processed_result=117800, speed=1987.95/s totalWork=7
2021-05-06 22:27:16,435 INFO  [DNFCalculating] log_result_queue_info:1242: calc#1: 排行: try_fetch_result periodly report remaining_qize=7 sync_batch_size=100 processed_result=118000, speed=1991.24/s totalWork=7
2021-05-06 22:27:16,954 INFO  [DNFCalculating] log_result_queue_info:1242: calc#1: 排行: try_fetch_result_in_background remaining_qize=8 sync_batch_size=100 processed_result=118700, speed=1985.68/s totalWork=7
2021-05-06 22:27:16,955 INFO  [DNFCalculating] log_result_queue_info:1242: calc#1: 排行: try_fetch_result periodly report remaining_qize=7 sync_batch_size=100 processed_result=118800, speed=1987.31/s totalWork=7
2021-05-06 22:27:16,958 INFO  [DNFCalculating] log_result_queue_info:1242: calc#1: 排行: try_fetch_result periodly report remaining_qize=5 sync_batch_size=100 processed_result=119000, speed=1990.56/s totalWork=7
2021-05-06 22:27:17,477 INFO  [DNFCalculating] log_result_queue_info:1242: calc#1: 排行: try_fetch_result_in_background remaining_qize=9 sync_batch_size=100 processed_result=119500, speed=1981.72/s totalWork=7
2021-05-06 22:27:17,478 INFO  [DNFCalculating] log_result_queue_info:1242: calc#1: 排行: try_fetch_result periodly report remaining_qize=8 sync_batch_size=100 processed_result=119600, speed=1983.33/s totalWork=7
2021-05-06 22:27:17,483 INFO  [DNFCalculating] log_result_queue_info:1242: calc#1: 排行: try_fetch_result periodly report remaining_qize=4 sync_batch_size=100 processed_result=120000, speed=1989.82/s totalWork=7
2021-05-06 22:27:17,999 INFO  [DNFCalculating] log_result_queue_info:1242: calc#1: 排行: try_fetch_result_in_background remaining_qize=8 sync_batch_size=100 processed_result=120400, speed=1979.50/s totalWork=7
2021-05-06 22:27:18,001 INFO  [DNFCalculating] log_result_queue_info:1242: calc#1: 排行: try_fetch_result periodly report remaining_qize=7 sync_batch_size=100 processed_result=120500, speed=1981.08/s totalWork=7
2021-05-06 22:27:18,006 INFO  [DNFCalculating] log_result_queue_info:1242: calc#1: 排行: try_fetch_result periodly report remaining_qize=2 sync_batch_size=100 processed_result=121000, speed=1989.16/s totalWork=7
2021-05-06 22:27:18,522 INFO  [DNFCalculating] log_result_queue_info:1242: calc#1: 排行: try_fetch_result_in_background remaining_qize=11 sync_batch_size=100 processed_result=121200, speed=1975.66/s totalWork=7
2021-05-06 22:27:18,524 INFO  [DNFCalculating] log_result_queue_info:1242: calc#1: 排行: try_fetch_result periodly report remaining_qize=10 sync_batch_size=100 processed_result=121300, speed=1977.24/s totalWork=7
2021-05-06 22:27:18,532 INFO  [DNFCalculating] log_result_queue_info:1242: calc#1: 排行: try_fetch_result periodly report remaining_qize=3 sync_batch_size=100 processed_result=122000, speed=1988.39/s totalWork=7
2021-05-06 22:27:19,045 INFO  [DNFCalculating] log_result_queue_info:1242: calc#1: 排行: try_fetch_result_in_background remaining_qize=8 sync_batch_size=100 processed_result=122300, speed=1976.74/s totalWork=7
2021-05-06 22:27:19,046 INFO  [DNFCalculating] log_result_queue_info:1242: calc#1: 排行: try_fetch_result periodly report remaining_qize=7 sync_batch_size=100 processed_result=122400, speed=1978.31/s totalWork=7
2021-05-06 22:27:19,053 INFO  [DNFCalculating] log_result_queue_info:1242: calc#1: 排行: try_fetch_result periodly report remaining_qize=2 sync_batch_size=100 processed_result=123000, speed=1987.79/s totalWork=7
2021-05-06 22:27:19,567 INFO  [DNFCalculating] log_result_queue_info:1242: calc#1: 排行: try_fetch_result_in_background remaining_qize=7 sync_batch_size=100 processed_result=123200, speed=1974.62/s totalWork=7
2021-05-06 22:27:19,569 INFO  [DNFCalculating] log_result_queue_info:1242: calc#1: 排行: try_fetch_result periodly report remaining_qize=6 sync_batch_size=100 processed_result=123300, speed=1976.18/s totalWork=7
2021-05-06 22:27:20,090 INFO  [DNFCalculating] log_result_queue_info:1242: calc#1: 排行: try_fetch_result_in_background remaining_qize=11 sync_batch_size=100 processed_result=123900, speed=1969.36/s totalWork=7
2021-05-06 22:27:20,091 INFO  [DNFCalculating] log_result_queue_info:1242: calc#1: 排行: try_fetch_result periodly report remaining_qize=10 sync_batch_size=100 processed_result=124000, speed=1970.90/s totalWork=7
2021-05-06 22:27:20,101 INFO  [DNFCalculating] log_result_queue_info:1242: calc#1: 排行: try_fetch_result periodly report remaining_qize=0 sync_batch_size=100 processed_result=125000, speed=1986.46/s totalWork=7
2021-05-06 22:27:20,612 INFO  [DNFCalculating] log_result_queue_info:1242: calc#1: 排行: try_fetch_result_in_background remaining_qize=8 sync_batch_size=100 processed_result=125000, speed=1970.48/s totalWork=7
2021-05-06 22:27:20,613 INFO  [DNFCalculating] log_result_queue_info:1242: calc#1: 排行: try_fetch_result periodly report remaining_qize=7 sync_batch_size=100 processed_result=125100, speed=1972.01/s totalWork=7
2021-05-06 22:27:21,135 INFO  [DNFCalculating] log_result_queue_info:1242: calc#1: 排行: try_fetch_result_in_background remaining_qize=8 sync_batch_size=100 processed_result=125800, speed=1966.87/s totalWork=7
2021-05-06 22:27:21,137 INFO  [DNFCalculating] log_result_queue_info:1242: calc#1: 排行: try_fetch_result periodly report remaining_qize=7 sync_batch_size=100 processed_result=125900, speed=1968.39/s totalWork=7
2021-05-06 22:27:21,139 INFO  [DNFCalculating] log_result_queue_info:1242: calc#1: 排行: try_fetch_result periodly report remaining_qize=6 sync_batch_size=100 processed_result=126000, speed=1969.89/s totalWork=7
2021-05-06 22:27:21,657 INFO  [DNFCalculating] log_result_queue_info:1242: calc#1: 排行: try_fetch_result_in_background remaining_qize=9 sync_batch_size=100 processed_result=126600, speed=1963.37/s totalWork=7
2021-05-06 22:27:21,659 INFO  [DNFCalculating] log_result_queue_info:1242: calc#1: 排行: try_fetch_result periodly report remaining_qize=8 sync_batch_size=100 processed_result=126700, speed=1964.85/s totalWork=7
2021-05-06 22:27:21,662 INFO  [DNFCalculating] log_result_queue_info:1242: calc#1: 排行: try_fetch_result periodly report remaining_qize=5 sync_batch_size=100 processed_result=127000, speed=1969.40/s totalWork=7
2021-05-06 22:27:22,180 INFO  [DNFCalculating] log_result_queue_info:1242: calc#1: 排行: try_fetch_result_in_background remaining_qize=7 sync_batch_size=100 processed_result=127500, speed=1961.42/s totalWork=7
2021-05-06 22:27:22,181 INFO  [DNFCalculating] log_result_queue_info:1242: calc#1: 排行: try_fetch_result periodly report remaining_qize=6 sync_batch_size=100 processed_result=127600, speed=1962.91/s totalWork=7
2021-05-06 22:27:22,186 INFO  [DNFCalculating] log_result_queue_info:1242: calc#1: 排行: try_fetch_result periodly report remaining_qize=2 sync_batch_size=100 processed_result=128000, speed=1968.93/s totalWork=7
2021-05-06 22:27:22,702 INFO  [DNFCalculating] log_result_queue_info:1242: calc#1: 排行: try_fetch_result_in_background remaining_qize=8 sync_batch_size=100 processed_result=128200, speed=1956.46/s totalWork=7
2021-05-06 22:27:22,704 INFO  [DNFCalculating] log_result_queue_info:1242: calc#1: 排行: try_fetch_result periodly report remaining_qize=7 sync_batch_size=100 processed_result=128300, speed=1957.93/s totalWork=7
2021-05-06 22:27:22,711 INFO  [DNFCalculating] log_result_queue_info:1242: calc#1: 排行: try_fetch_result periodly report remaining_qize=0 sync_batch_size=100 processed_result=129000, speed=1968.40/s totalWork=7
2021-05-06 22:27:23,225 INFO  [DNFCalculating] log_result_queue_info:1242: calc#1: 排行: try_fetch_result_in_background remaining_qize=9 sync_batch_size=100 processed_result=129000, speed=1953.09/s totalWork=7
2021-05-06 22:27:23,227 INFO  [DNFCalculating] log_result_queue_info:1242: calc#1: 排行: try_fetch_result periodly report remaining_qize=8 sync_batch_size=100 processed_result=129100, speed=1954.54/s totalWork=7
2021-05-06 22:27:23,748 INFO  [DNFCalculating] log_result_queue_info:1242: calc#1: 排行: try_fetch_result_in_background remaining_qize=7 sync_batch_size=100 processed_result=129900, speed=1951.27/s totalWork=7
2021-05-06 22:27:23,749 INFO  [DNFCalculating] log_result_queue_info:1242: calc#1: 排行: try_fetch_result periodly report remaining_qize=6 sync_batch_size=100 processed_result=130000, speed=1952.72/s totalWork=7
2021-05-06 22:27:24,270 INFO  [DNFCalculating] log_result_queue_info:1242: calc#1: 排行: try_fetch_result_in_background remaining_qize=8 sync_batch_size=100 processed_result=130600, speed=1946.50/s totalWork=7
2021-05-06 22:27:24,272 INFO  [DNFCalculating] log_result_queue_info:1242: calc#1: 排行: try_fetch_result periodly report remaining_qize=7 sync_batch_size=100 processed_result=130700, speed=1947.93/s totalWork=7
2021-05-06 22:27:24,276 INFO  [DNFCalculating] log_result_queue_info:1242: calc#1: 排行: try_fetch_result periodly report remaining_qize=4 sync_batch_size=100 processed_result=131000, speed=1952.29/s totalWork=7
2021-05-06 22:27:24,794 INFO  [DNFCalculating] log_result_queue_info:1242: calc#1: 排行: try_fetch_result_in_background remaining_qize=8 sync_batch_size=100 processed_result=131400, speed=1943.27/s totalWork=7
2021-05-06 22:27:24,795 INFO  [DNFCalculating] log_result_queue_info:1242: calc#1: 排行: try_fetch_result periodly report remaining_qize=7 sync_batch_size=100 processed_result=131500, speed=1944.70/s totalWork=7
2021-05-06 22:27:24,802 INFO  [DNFCalculating] log_result_queue_info:1242: calc#1: 排行: try_fetch_result periodly report remaining_qize=2 sync_batch_size=100 processed_result=132000, speed=1951.91/s totalWork=7
2021-05-06 22:27:25,316 INFO  [DNFCalculating] log_result_queue_info:1242: calc#1: 排行: try_fetch_result_in_background remaining_qize=6 sync_batch_size=100 processed_result=132200, speed=1940.11/s totalWork=7
2021-05-06 22:27:25,318 INFO  [DNFCalculating] log_result_queue_info:1242: calc#1: 排行: try_fetch_result periodly report remaining_qize=5 sync_batch_size=100 processed_result=132300, speed=1941.52/s totalWork=7
2021-05-06 22:27:25,839 INFO  [DNFCalculating] log_result_queue_info:1242: calc#1: 排行: try_fetch_result_in_background remaining_qize=9 sync_batch_size=100 processed_result=132800, speed=1934.08/s totalWork=7
2021-05-06 22:27:25,840 INFO  [DNFCalculating] log_result_queue_info:1242: calc#1: 排行: try_fetch_result periodly report remaining_qize=8 sync_batch_size=100 processed_result=132900, speed=1935.49/s totalWork=7
2021-05-06 22:27:25,843 INFO  [DNFCalculating] log_result_queue_info:1242: calc#1: 排行: try_fetch_result periodly report remaining_qize=7 sync_batch_size=100 processed_result=133000, speed=1936.88/s totalWork=7
2021-05-06 22:27:26,361 INFO  [DNFCalculating] log_result_queue_info:1242: calc#1: 排行: try_fetch_result_in_background remaining_qize=6 sync_batch_size=100 processed_result=133700, speed=1932.49/s totalWork=7
2021-05-06 22:27:26,362 INFO  [DNFCalculating] log_result_queue_info:1242: calc#1: 排行: try_fetch_result periodly report remaining_qize=5 sync_batch_size=100 processed_result=133800, speed=1933.89/s totalWork=7
2021-05-06 22:27:26,365 INFO  [DNFCalculating] log_result_queue_info:1242: calc#1: 排行: try_fetch_result periodly report remaining_qize=4 sync_batch_size=100 processed_result=134000, speed=1936.71/s totalWork=7
2021-05-06 22:27:26,884 INFO  [DNFCalculating] log_result_queue_info:1242: calc#1: 排行: try_fetch_result_in_background remaining_qize=9 sync_batch_size=100 processed_result=134400, speed=1928.04/s totalWork=7
2021-05-06 22:27:26,885 INFO  [DNFCalculating] log_result_queue_info:1242: calc#1: 排行: try_fetch_result periodly report remaining_qize=8 sync_batch_size=100 processed_result=134500, speed=1929.44/s totalWork=7
2021-05-06 22:27:26,890 INFO  [DNFCalculating] log_result_queue_info:1242: calc#1: 排行: try_fetch_result periodly report remaining_qize=3 sync_batch_size=100 processed_result=135000, speed=1936.48/s totalWork=7
2021-05-06 22:27:27,407 INFO  [DNFCalculating] log_result_queue_info:1242: calc#1: 排行: try_fetch_result_in_background remaining_qize=8 sync_batch_size=100 processed_result=135300, speed=1926.50/s totalWork=7
2021-05-06 22:27:27,408 INFO  [DNFCalculating] log_result_queue_info:1242: calc#1: 排行: try_fetch_result periodly report remaining_qize=7 sync_batch_size=100 processed_result=135400, speed=1927.88/s totalWork=7
2021-05-06 22:27:27,414 INFO  [DNFCalculating] log_result_queue_info:1242: calc#1: 排行: try_fetch_result periodly report remaining_qize=1 sync_batch_size=100 processed_result=136000, speed=1936.25/s totalWork=7
2021-05-06 22:27:27,930 INFO  [DNFCalculating] log_result_queue_info:1242: calc#1: 排行: try_fetch_result_in_background remaining_qize=9 sync_batch_size=100 processed_result=136100, speed=1923.56/s totalWork=7
2021-05-06 22:27:27,931 INFO  [DNFCalculating] log_result_queue_info:1242: calc#1: 排行: try_fetch_result periodly report remaining_qize=8 sync_batch_size=100 processed_result=136200, speed=1924.93/s totalWork=7
2021-05-06 22:27:27,941 INFO  [DNFCalculating] log_result_queue_info:1242: calc#1: 排行: try_fetch_result periodly report remaining_qize=0 sync_batch_size=100 processed_result=137000, speed=1935.98/s totalWork=7
2021-05-06 22:27:28,452 INFO  [DNFCalculating] log_result_queue_info:1242: calc#1: 排行: try_fetch_result_in_background remaining_qize=7 sync_batch_size=100 processed_result=137000, speed=1922.10/s totalWork=7
2021-05-06 22:27:28,453 INFO  [DNFCalculating] log_result_queue_info:1242: calc#1: 排行: try_fetch_result periodly report remaining_qize=6 sync_batch_size=100 processed_result=137100, speed=1923.47/s totalWork=7
2021-05-06 22:27:28,975 INFO  [DNFCalculating] log_result_queue_info:1242: calc#1: 排行: try_fetch_result_in_background remaining_qize=9 sync_batch_size=100 processed_result=137700, speed=1917.85/s totalWork=7
2021-05-06 22:27:28,976 INFO  [DNFCalculating] log_result_queue_info:1242: calc#1: 排行: try_fetch_result periodly report remaining_qize=8 sync_batch_size=100 processed_result=137800, speed=1919.20/s totalWork=7
2021-05-06 22:27:28,979 INFO  [DNFCalculating] log_result_queue_info:1242: calc#1: 排行: try_fetch_result periodly report remaining_qize=6 sync_batch_size=100 processed_result=138000, speed=1921.92/s totalWork=7
2021-05-06 22:27:29,498 INFO  [DNFCalculating] log_result_queue_info:1242: calc#1: 排行: try_fetch_result_in_background remaining_qize=9 sync_batch_size=100 processed_result=138600, speed=1916.43/s totalWork=7
2021-05-06 22:27:29,499 INFO  [DNFCalculating] log_result_queue_info:1242: calc#1: 排行: try_fetch_result periodly report remaining_qize=8 sync_batch_size=100 processed_result=138700, speed=1917.77/s totalWork=7
2021-05-06 22:27:29,503 INFO  [DNFCalculating] log_result_queue_info:1242: calc#1: 排行: try_fetch_result periodly report remaining_qize=5 sync_batch_size=100 processed_result=139000, speed=1921.81/s totalWork=7
2021-05-06 22:27:30,020 INFO  [DNFCalculating] log_result_queue_info:1242: calc#1: 排行: try_fetch_result_in_background remaining_qize=10 sync_batch_size=100 processed_result=139500, speed=1915.03/s totalWork=7
2021-05-06 22:27:30,021 INFO  [DNFCalculating] log_result_queue_info:1242: calc#1: 排行: try_fetch_result periodly report remaining_qize=9 sync_batch_size=100 processed_result=139535, speed=1915.48/s totalWork=7
2021-05-06 22:27:30,027 INFO  [DNFCalculating] log_result_queue_info:1242: calc#1: 排行: try_fetch_result periodly report remaining_qize=4 sync_batch_size=100 processed_result=140035, speed=1922.19/s totalWork=7
2021-05-06 22:27:30,543 INFO  [DNFCalculating] log_result_queue_info:1242: calc#1: 排行: try_fetch_result_in_background remaining_qize=6 sync_batch_size=100 processed_result=140370, speed=1913.24/s totalWork=7
2021-05-06 22:27:30,545 INFO  [DNFCalculating] log_result_queue_info:1242: calc#1: 排行: try_fetch_result periodly report remaining_qize=5 sync_batch_size=100 processed_result=140470, speed=1914.55/s totalWork=7
2021-05-06 22:27:31,066 INFO  [DNFCalculating] log_result_queue_info:1242: calc#1: 排行: try_fetch_result_in_background remaining_qize=5 sync_batch_size=100 processed_result=140970, speed=1907.82/s totalWork=7
2021-05-06 22:27:31,068 INFO  [DNFCalculating] log_result_queue_info:1242: calc#1: 排行: try_fetch_result periodly report remaining_qize=4 sync_batch_size=100 processed_result=141070, speed=1909.14/s totalWork=7
2021-05-06 22:27:31,588 INFO  [DNFCalculating] log_result_queue_info:1242: calc#1: 排行: try_fetch_result_in_background remaining_qize=8 sync_batch_size=100 processed_result=141470, speed=1901.15/s totalWork=7
2021-05-06 22:27:31,590 INFO  [DNFCalculating] log_result_queue_info:1242: calc#1: 排行: try_fetch_result periodly report remaining_qize=7 sync_batch_size=100 processed_result=141570, speed=1902.46/s totalWork=7
2021-05-06 22:27:31,596 INFO  [DNFCalculating] log_result_queue_info:1242: calc#1: 排行: try_fetch_result periodly report remaining_qize=2 sync_batch_size=100 processed_result=142004, speed=1908.14/s totalWork=7
2021-05-06 22:27:32,111 INFO  [DNFCalculating] log_result_queue_info:1242: calc#1: 排行: try_fetch_result_in_background remaining_qize=6 sync_batch_size=100 processed_result=142204, speed=1897.70/s totalWork=7
2021-05-06 22:27:32,112 INFO  [DNFCalculating] log_result_queue_info:1242: calc#1: 排行: try_fetch_result periodly report remaining_qize=5 sync_batch_size=100 processed_result=142304, speed=1898.99/s totalWork=7
2021-05-06 22:27:32,569 WARNI [DNFCalculating] 计算线程:1341: 所有工作线程均已完成计算，总计用时=01m16.12s
2021-05-06 22:27:32,633 INFO  [DNFCalculating] log_result_queue_info:1242: calc#1: 排行: after join remaining_qize=5 sync_batch_size=100 processed_result=142738, speed=1891.64/s totalWork=7
2021-05-06 22:27:32,634 INFO  [DNFCalculating] log_result_queue_info:1242: calc#1: 排行: try_fetch_result periodly report remaining_qize=4 sync_batch_size=100 processed_result=142772, speed=1892.06/s totalWork=7
2021-05-06 22:27:32,636 INFO  [DNFCalculating] log_result_queue_info:1242: calc#1: 排行: try_fetch_result periodly report remaining_qize=1 sync_batch_size=100 processed_result=143006, speed=1895.11/s totalWork=7
2021-05-06 22:27:32,637 INFO  [DNFCalculating] log_result_queue_info:1242: calc#1: 排行: after final remaining_qize=0 sync_batch_size=100 processed_result=143040, speed=1895.54/s totalWork=7
