2021-07-16 08:51:47,891 DEBUG [urllib3.connectionpool] _new_conn:971: Starting new HTTPS connection (1): wwx.lanzoui.com:443
2021-07-16 08:51:48,532 DEBUG [urllib3.connectionpool] _make_request:452: https://wwx.lanzoui.com:443 "GET /b01bfj76f HTTP/1.1" 200 None
2021-07-16 08:51:48,555 DEBUG [urllib3.connectionpool] _new_conn:971: Starting new HTTPS connection (1): wwx.lanzoui.com:443
2021-07-16 08:51:48,755 DEBUG [urllib3.connectionpool] _make_request:452: https://wwx.lanzoui.com:443 "GET /b01bfj76f HTTP/1.1" 200 None
2021-07-16 08:51:48,771 DEBUG [urllib3.connectionpool] _new_conn:971: Starting new HTTPS connection (1): wwx.lanzoui.com:443
2021-07-16 08:51:49,019 DEBUG [urllib3.connectionpool] _make_request:452: https://wwx.lanzoui.com:443 "POST /filemoreajax.php HTTP/1.1" 200 None
2021-07-16 08:51:49,728 DEBUG [urllib3.connectionpool] _make_request:452: https://wwx.lanzoui.com:443 "POST /filemoreajax.php HTTP/1.1" 200 63
2021-07-16 08:51:50,481 DEBUG [urllib3.connectionpool] _make_request:452: https://wwx.lanzoui.com:443 "POST /filemoreajax.php HTTP/1.1" 200 None
2021-07-16 08:52:32,947 INFO  [DNFCalculating] 计算线程:1459: 开始计算
2021-07-16 08:52:33,418 INFO  [DNFCalculating] log_result_queue_info:1472: calc#1: 排行: try_fetch_result_in_background remaining_qize=0 sync_batch_size=100 processed_result=0, speed=0.00/s totalWork=0
2021-07-16 08:52:34,027 INFO  [DNFCalculating] log_result_queue_info:1472: calc#1: 排行: try_fetch_result_in_background remaining_qize=0 sync_batch_size=100 processed_result=0, speed=0.00/s totalWork=0
2021-07-16 08:52:34,616 INFO  [DNFCalculating] log_result_queue_info:1472: calc#1: 排行: try_fetch_result_in_background remaining_qize=0 sync_batch_size=100 processed_result=0, speed=0.00/s totalWork=0
2021-07-16 08:52:35,147 INFO  [DNFCalculating] log_result_queue_info:1472: calc#1: 排行: try_fetch_result_in_background remaining_qize=1 sync_batch_size=100 processed_result=0, speed=0.00/s totalWork=7
2021-07-16 08:52:35,660 INFO  [DNFCalculating] log_result_queue_info:1472: calc#1: 排行: try_fetch_result_in_background remaining_qize=3 sync_batch_size=100 processed_result=100, speed=43.06/s totalWork=7
2021-07-16 08:52:36,167 INFO  [DNFCalculating] log_result_queue_info:1472: calc#1: 排行: try_fetch_result_in_background remaining_qize=7 sync_batch_size=100 processed_result=400, speed=141.37/s totalWork=7
2021-07-16 08:52:36,168 INFO  [DNFCalculating] log_result_queue_info:1472: calc#1: 排行: try_fetch_result periodly report remaining_qize=1 sync_batch_size=100 processed_result=1000, speed=353.31/s totalWork=7
2021-07-16 08:52:36,687 INFO  [DNFCalculating] log_result_queue_info:1472: calc#1: 排行: try_fetch_result_in_background remaining_qize=10 sync_batch_size=100 processed_result=1100, speed=328.35/s totalWork=7
2021-07-16 08:52:36,688 INFO  [DNFCalculating] log_result_queue_info:1472: calc#1: 排行: try_fetch_result periodly report remaining_qize=9 sync_batch_size=100 processed_result=1200, speed=358.09/s totalWork=7
2021-07-16 08:52:36,688 INFO  [DNFCalculating] log_result_queue_info:1472: calc#1: 排行: try_fetch_result periodly report remaining_qize=1 sync_batch_size=100 processed_result=2000, speed=596.82/s totalWork=7
2021-07-16 08:52:37,208 INFO  [DNFCalculating] log_result_queue_info:1472: calc#1: 排行: try_fetch_result_in_background remaining_qize=13 sync_batch_size=100 processed_result=2100, speed=542.58/s totalWork=7
2021-07-16 08:52:37,209 INFO  [DNFCalculating] log_result_queue_info:1472: calc#1: 排行: try_fetch_result periodly report remaining_qize=12 sync_batch_size=100 processed_result=2200, speed=568.28/s totalWork=7
2021-07-16 08:52:37,209 INFO  [DNFCalculating] log_result_queue_info:1472: calc#1: 排行: try_fetch_result periodly report remaining_qize=4 sync_batch_size=100 processed_result=3000, speed=774.92/s totalWork=7
2021-07-16 08:52:37,728 INFO  [DNFCalculating] log_result_queue_info:1472: calc#1: 排行: try_fetch_result_in_background remaining_qize=16 sync_batch_size=100 processed_result=3400, speed=774.30/s totalWork=7
2021-07-16 08:52:37,729 INFO  [DNFCalculating] log_result_queue_info:1472: calc#1: 排行: try_fetch_result periodly report remaining_qize=15 sync_batch_size=100 processed_result=3500, speed=796.89/s totalWork=7
2021-07-16 08:52:37,729 INFO  [DNFCalculating] log_result_queue_info:1472: calc#1: 排行: try_fetch_result periodly report remaining_qize=10 sync_batch_size=100 processed_result=4000, speed=910.73/s totalWork=7
2021-07-16 08:52:37,737 INFO  [DNFCalculating] log_result_queue_info:1472: calc#1: 排行: try_fetch_result periodly report remaining_qize=0 sync_batch_size=100 processed_result=5000, speed=1136.44/s totalWork=7
2021-07-16 08:52:38,243 INFO  [DNFCalculating] log_result_queue_info:1472: calc#1: 排行: try_fetch_result_in_background remaining_qize=18 sync_batch_size=100 processed_result=5000, speed=1019.17/s totalWork=7
2021-07-16 08:52:38,244 INFO  [DNFCalculating] log_result_queue_info:1472: calc#1: 排行: try_fetch_result periodly report remaining_qize=17 sync_batch_size=100 processed_result=5100, speed=1039.35/s totalWork=7
2021-07-16 08:52:38,244 INFO  [DNFCalculating] log_result_queue_info:1472: calc#1: 排行: try_fetch_result periodly report remaining_qize=8 sync_batch_size=100 processed_result=6000, speed=1222.76/s totalWork=7
2021-07-16 08:52:38,757 INFO  [DNFCalculating] log_result_queue_info:1472: calc#1: 排行: try_fetch_result_in_background remaining_qize=21 sync_batch_size=100 processed_result=6800, speed=1254.78/s totalWork=7
2021-07-16 08:52:38,758 INFO  [DNFCalculating] log_result_queue_info:1472: calc#1: 排行: try_fetch_result periodly report remaining_qize=20 sync_batch_size=100 processed_result=6900, speed=1273.01/s totalWork=7
2021-07-16 08:52:38,759 INFO  [DNFCalculating] log_result_queue_info:1472: calc#1: 排行: try_fetch_result periodly report remaining_qize=19 sync_batch_size=100 processed_result=7000, speed=1291.22/s totalWork=7
2021-07-16 08:52:38,766 INFO  [DNFCalculating] log_result_queue_info:1472: calc#1: 排行: try_fetch_result periodly report remaining_qize=9 sync_batch_size=100 processed_result=8000, speed=1473.78/s totalWork=7
2021-07-16 08:52:39,283 INFO  [DNFCalculating] log_result_queue_info:1472: calc#1: 排行: try_fetch_result_in_background remaining_qize=19 sync_batch_size=100 processed_result=8900, speed=1496.87/s totalWork=7
2021-07-16 08:52:39,284 INFO  [DNFCalculating] log_result_queue_info:1472: calc#1: 排行: try_fetch_result periodly report remaining_qize=18 sync_batch_size=100 processed_result=9000, speed=1513.44/s totalWork=7
2021-07-16 08:52:39,290 INFO  [DNFCalculating] log_result_queue_info:1472: calc#1: 排行: try_fetch_result periodly report remaining_qize=8 sync_batch_size=100 processed_result=10000, speed=1679.84/s totalWork=7
2021-07-16 08:52:39,798 INFO  [DNFCalculating] log_result_queue_info:1472: calc#1: 排行: try_fetch_result_in_background remaining_qize=17 sync_batch_size=100 processed_result=10900, speed=1687.01/s totalWork=7
2021-07-16 08:52:39,799 INFO  [DNFCalculating] log_result_queue_info:1472: calc#1: 排行: try_fetch_result periodly report remaining_qize=16 sync_batch_size=100 processed_result=11000, speed=1702.23/s totalWork=7
2021-07-16 08:52:39,802 INFO  [DNFCalculating] log_result_queue_info:1472: calc#1: 排行: try_fetch_result periodly report remaining_qize=6 sync_batch_size=100 processed_result=12000, speed=1856.31/s totalWork=7
2021-07-16 08:52:40,325 INFO  [DNFCalculating] log_result_queue_info:1472: calc#1: 排行: try_fetch_result_in_background remaining_qize=20 sync_batch_size=100 processed_result=12600, speed=1803.15/s totalWork=7
2021-07-16 08:52:40,326 INFO  [DNFCalculating] log_result_queue_info:1472: calc#1: 排行: try_fetch_result periodly report remaining_qize=19 sync_batch_size=100 processed_result=12700, speed=1817.20/s totalWork=7
2021-07-16 08:52:40,326 INFO  [DNFCalculating] log_result_queue_info:1472: calc#1: 排行: try_fetch_result periodly report remaining_qize=16 sync_batch_size=100 processed_result=13000, speed=1860.13/s totalWork=7
2021-07-16 08:52:40,326 INFO  [DNFCalculating] log_result_queue_info:1472: calc#1: 排行: try_fetch_result periodly report remaining_qize=6 sync_batch_size=100 processed_result=14000, speed=2003.22/s totalWork=7
2021-07-16 08:52:40,854 INFO  [DNFCalculating] log_result_queue_info:1472: calc#1: 排行: try_fetch_result_in_background remaining_qize=18 sync_batch_size=100 processed_result=14600, speed=1942.24/s totalWork=7
2021-07-16 08:52:40,855 INFO  [DNFCalculating] log_result_queue_info:1472: calc#1: 排行: try_fetch_result periodly report remaining_qize=17 sync_batch_size=100 processed_result=14700, speed=1955.28/s totalWork=7
2021-07-16 08:52:40,855 INFO  [DNFCalculating] log_result_queue_info:1472: calc#1: 排行: try_fetch_result periodly report remaining_qize=14 sync_batch_size=100 processed_result=15000, speed=1995.18/s totalWork=7
2021-07-16 08:52:40,855 INFO  [DNFCalculating] log_result_queue_info:1472: calc#1: 排行: try_fetch_result periodly report remaining_qize=5 sync_batch_size=100 processed_result=16000, speed=2128.19/s totalWork=7
2021-07-16 08:52:41,384 INFO  [DNFCalculating] log_result_queue_info:1472: calc#1: 排行: try_fetch_result_in_background remaining_qize=17 sync_batch_size=100 processed_result=16500, speed=2050.45/s totalWork=7
2021-07-16 08:52:41,385 INFO  [DNFCalculating] log_result_queue_info:1472: calc#1: 排行: try_fetch_result periodly report remaining_qize=16 sync_batch_size=100 processed_result=16600, speed=2062.62/s totalWork=7
2021-07-16 08:52:41,385 INFO  [DNFCalculating] log_result_queue_info:1472: calc#1: 排行: try_fetch_result periodly report remaining_qize=12 sync_batch_size=100 processed_result=17000, speed=2112.32/s totalWork=7
2021-07-16 08:52:41,395 INFO  [DNFCalculating] log_result_queue_info:1472: calc#1: 排行: try_fetch_result periodly report remaining_qize=2 sync_batch_size=100 processed_result=18000, speed=2233.91/s totalWork=7
2021-07-16 08:52:41,911 INFO  [DNFCalculating] log_result_queue_info:1472: calc#1: 排行: try_fetch_result_in_background remaining_qize=18 sync_batch_size=100 processed_result=18200, speed=2122.77/s totalWork=7
2021-07-16 08:52:41,912 INFO  [DNFCalculating] log_result_queue_info:1472: calc#1: 排行: try_fetch_result periodly report remaining_qize=17 sync_batch_size=100 processed_result=18300, speed=2134.18/s totalWork=7
2021-07-16 08:52:41,912 INFO  [DNFCalculating] log_result_queue_info:1472: calc#1: 排行: try_fetch_result periodly report remaining_qize=10 sync_batch_size=100 processed_result=19000, speed=2215.82/s totalWork=7
2021-07-16 08:52:41,925 INFO  [DNFCalculating] log_result_queue_info:1472: calc#1: 排行: try_fetch_result periodly report remaining_qize=0 sync_batch_size=100 processed_result=20000, speed=2328.99/s totalWork=7
2021-07-16 08:52:42,427 INFO  [DNFCalculating] log_result_queue_info:1472: calc#1: 排行: try_fetch_result_in_background remaining_qize=17 sync_batch_size=100 processed_result=20000, speed=2200.27/s totalWork=7
2021-07-16 08:52:42,428 INFO  [DNFCalculating] log_result_queue_info:1472: calc#1: 排行: try_fetch_result periodly report remaining_qize=16 sync_batch_size=100 processed_result=20100, speed=2211.03/s totalWork=7
2021-07-16 08:52:42,428 INFO  [DNFCalculating] log_result_queue_info:1472: calc#1: 排行: try_fetch_result periodly report remaining_qize=7 sync_batch_size=100 processed_result=21000, speed=2310.04/s totalWork=7
2021-07-16 08:52:42,951 INFO  [DNFCalculating] log_result_queue_info:1472: calc#1: 排行: try_fetch_result_in_background remaining_qize=17 sync_batch_size=100 processed_result=21800, speed=2267.69/s totalWork=7
2021-07-16 08:52:42,952 INFO  [DNFCalculating] log_result_queue_info:1472: calc#1: 排行: try_fetch_result periodly report remaining_qize=16 sync_batch_size=100 processed_result=21900, speed=2277.85/s totalWork=7
2021-07-16 08:52:42,953 INFO  [DNFCalculating] log_result_queue_info:1472: calc#1: 排行: try_fetch_result periodly report remaining_qize=15 sync_batch_size=100 processed_result=22000, speed=2287.98/s totalWork=7
2021-07-16 08:52:42,958 INFO  [DNFCalculating] log_result_queue_info:1472: calc#1: 排行: try_fetch_result periodly report remaining_qize=6 sync_batch_size=100 processed_result=23000, speed=2390.80/s totalWork=7
2021-07-16 08:52:43,476 INFO  [DNFCalculating] log_result_queue_info:1472: calc#1: 排行: try_fetch_result_in_background remaining_qize=17 sync_batch_size=100 processed_result=23600, speed=2327.65/s totalWork=7
2021-07-16 08:52:43,477 INFO  [DNFCalculating] log_result_queue_info:1472: calc#1: 排行: try_fetch_result periodly report remaining_qize=16 sync_batch_size=100 processed_result=23700, speed=2337.28/s totalWork=7
2021-07-16 08:52:43,477 INFO  [DNFCalculating] log_result_queue_info:1472: calc#1: 排行: try_fetch_result periodly report remaining_qize=13 sync_batch_size=100 processed_result=24000, speed=2366.86/s totalWork=7
2021-07-16 08:52:43,487 INFO  [DNFCalculating] log_result_queue_info:1472: calc#1: 排行: try_fetch_result periodly report remaining_qize=3 sync_batch_size=100 processed_result=25000, speed=2463.12/s totalWork=7
2021-07-16 08:52:44,006 INFO  [DNFCalculating] log_result_queue_info:1472: calc#1: 排行: try_fetch_result_in_background remaining_qize=19 sync_batch_size=100 processed_result=25300, speed=2371.49/s totalWork=7
2021-07-16 08:52:44,007 INFO  [DNFCalculating] log_result_queue_info:1472: calc#1: 排行: try_fetch_result periodly report remaining_qize=18 sync_batch_size=100 processed_result=25400, speed=2380.61/s totalWork=7
2021-07-16 08:52:44,010 INFO  [DNFCalculating] log_result_queue_info:1472: calc#1: 排行: try_fetch_result periodly report remaining_qize=12 sync_batch_size=100 processed_result=26000, speed=2436.07/s totalWork=7
2021-07-16 08:52:44,010 INFO  [DNFCalculating] log_result_queue_info:1472: calc#1: 排行: try_fetch_result periodly report remaining_qize=2 sync_batch_size=100 processed_result=27000, speed=2529.76/s totalWork=7
2021-07-16 08:52:44,524 INFO  [DNFCalculating] log_result_queue_info:1472: calc#1: 排行: try_fetch_result_in_background remaining_qize=16 sync_batch_size=100 processed_result=27200, speed=2431.37/s totalWork=7
2021-07-16 08:52:44,525 INFO  [DNFCalculating] log_result_queue_info:1472: calc#1: 排行: try_fetch_result periodly report remaining_qize=15 sync_batch_size=100 processed_result=27300, speed=2440.09/s totalWork=7
2021-07-16 08:52:44,525 INFO  [DNFCalculating] log_result_queue_info:1472: calc#1: 排行: try_fetch_result periodly report remaining_qize=8 sync_batch_size=100 processed_result=28000, speed=2502.66/s totalWork=7
2021-07-16 08:52:45,066 INFO  [DNFCalculating] log_result_queue_info:1472: calc#1: 排行: try_fetch_result_in_background remaining_qize=18 sync_batch_size=100 processed_result=28900, speed=2464.07/s totalWork=7
2021-07-16 08:52:45,067 INFO  [DNFCalculating] log_result_queue_info:1472: calc#1: 排行: try_fetch_result periodly report remaining_qize=17 sync_batch_size=100 processed_result=29000, speed=2472.38/s totalWork=7
2021-07-16 08:52:45,072 INFO  [DNFCalculating] log_result_queue_info:1472: calc#1: 排行: try_fetch_result periodly report remaining_qize=7 sync_batch_size=100 processed_result=30000, speed=2556.50/s totalWork=7
2021-07-16 08:52:45,592 INFO  [DNFCalculating] log_result_queue_info:1472: calc#1: 排行: try_fetch_result_in_background remaining_qize=18 sync_batch_size=100 processed_result=30700, speed=2505.10/s totalWork=7
2021-07-16 08:52:45,593 INFO  [DNFCalculating] log_result_queue_info:1472: calc#1: 排行: try_fetch_result periodly report remaining_qize=17 sync_batch_size=100 processed_result=30800, speed=2513.06/s totalWork=7
2021-07-16 08:52:45,595 INFO  [DNFCalculating] log_result_queue_info:1472: calc#1: 排行: try_fetch_result periodly report remaining_qize=15 sync_batch_size=100 processed_result=31000, speed=2529.10/s totalWork=7
2021-07-16 08:52:45,595 INFO  [DNFCalculating] log_result_queue_info:1472: calc#1: 排行: try_fetch_result periodly report remaining_qize=6 sync_batch_size=100 processed_result=32000, speed=2610.69/s totalWork=7
2021-07-16 08:52:46,116 INFO  [DNFCalculating] log_result_queue_info:1472: calc#1: 排行: try_fetch_result_in_background remaining_qize=16 sync_batch_size=100 processed_result=32600, speed=2551.11/s totalWork=7
2021-07-16 08:52:46,117 INFO  [DNFCalculating] log_result_queue_info:1472: calc#1: 排行: try_fetch_result periodly report remaining_qize=15 sync_batch_size=100 processed_result=32700, speed=2558.73/s totalWork=7
2021-07-16 08:52:46,120 INFO  [DNFCalculating] log_result_queue_info:1472: calc#1: 排行: try_fetch_result periodly report remaining_qize=12 sync_batch_size=100 processed_result=33000, speed=2581.59/s totalWork=7
2021-07-16 08:52:46,126 INFO  [DNFCalculating] log_result_queue_info:1472: calc#1: 排行: try_fetch_result periodly report remaining_qize=2 sync_batch_size=100 processed_result=34000, speed=2658.55/s totalWork=7
2021-07-16 08:52:46,635 INFO  [DNFCalculating] log_result_queue_info:1472: calc#1: 排行: try_fetch_result_in_background remaining_qize=17 sync_batch_size=100 processed_result=34200, speed=2571.92/s totalWork=7
2021-07-16 08:52:46,636 INFO  [DNFCalculating] log_result_queue_info:1472: calc#1: 排行: try_fetch_result periodly report remaining_qize=16 sync_batch_size=100 processed_result=34300, speed=2579.25/s totalWork=7
2021-07-16 08:52:46,636 INFO  [DNFCalculating] log_result_queue_info:1472: calc#1: 排行: try_fetch_result periodly report remaining_qize=10 sync_batch_size=100 processed_result=35000, speed=2631.88/s totalWork=7
2021-07-16 08:52:46,636 INFO  [DNFCalculating] log_result_queue_info:1472: calc#1: 排行: try_fetch_result periodly report remaining_qize=0 sync_batch_size=100 processed_result=36000, speed=2707.08/s totalWork=7
2021-07-16 08:52:47,161 INFO  [DNFCalculating] log_result_queue_info:1472: calc#1: 排行: try_fetch_result_in_background remaining_qize=16 sync_batch_size=100 processed_result=36000, speed=2604.23/s totalWork=7
2021-07-16 08:52:47,162 INFO  [DNFCalculating] log_result_queue_info:1472: calc#1: 排行: try_fetch_result periodly report remaining_qize=15 sync_batch_size=100 processed_result=36100, speed=2611.27/s totalWork=7
2021-07-16 08:52:47,167 INFO  [DNFCalculating] log_result_queue_info:1472: calc#1: 排行: try_fetch_result periodly report remaining_qize=6 sync_batch_size=100 processed_result=37000, speed=2675.48/s totalWork=7
2021-07-16 08:52:47,689 INFO  [DNFCalculating] log_result_queue_info:1472: calc#1: 排行: try_fetch_result_in_background remaining_qize=16 sync_batch_size=100 processed_result=37600, speed=2619.93/s totalWork=7
2021-07-16 08:52:47,690 INFO  [DNFCalculating] log_result_queue_info:1472: calc#1: 排行: try_fetch_result periodly report remaining_qize=15 sync_batch_size=100 processed_result=37700, speed=2626.71/s totalWork=7
2021-07-16 08:52:47,690 INFO  [DNFCalculating] log_result_queue_info:1472: calc#1: 排行: try_fetch_result periodly report remaining_qize=12 sync_batch_size=100 processed_result=38000, speed=2647.61/s totalWork=7
2021-07-16 08:52:47,690 INFO  [DNFCalculating] log_result_queue_info:1472: calc#1: 排行: try_fetch_result periodly report remaining_qize=2 sync_batch_size=100 processed_result=39000, speed=2717.29/s totalWork=7
2021-07-16 08:52:48,216 INFO  [DNFCalculating] log_result_queue_info:1472: calc#1: 排行: try_fetch_result_in_background remaining_qize=18 sync_batch_size=100 processed_result=39200, speed=2634.69/s totalWork=7
2021-07-16 08:52:48,217 INFO  [DNFCalculating] log_result_queue_info:1472: calc#1: 排行: try_fetch_result periodly report remaining_qize=17 sync_batch_size=100 processed_result=39300, speed=2641.24/s totalWork=7
2021-07-16 08:52:48,217 INFO  [DNFCalculating] log_result_queue_info:1472: calc#1: 排行: try_fetch_result periodly report remaining_qize=10 sync_batch_size=100 processed_result=40000, speed=2688.28/s totalWork=7
2021-07-16 08:52:48,217 INFO  [DNFCalculating] log_result_queue_info:1472: calc#1: 排行: try_fetch_result periodly report remaining_qize=0 sync_batch_size=100 processed_result=41000, speed=2755.49/s totalWork=7
2021-07-16 08:52:48,735 INFO  [DNFCalculating] log_result_queue_info:1472: calc#1: 排行: try_fetch_result_in_background remaining_qize=17 sync_batch_size=100 processed_result=41000, speed=2662.77/s totalWork=7
2021-07-16 08:52:48,737 INFO  [DNFCalculating] log_result_queue_info:1472: calc#1: 排行: try_fetch_result periodly report remaining_qize=16 sync_batch_size=100 processed_result=41100, speed=2668.94/s totalWork=7
2021-07-16 08:52:48,737 INFO  [DNFCalculating] log_result_queue_info:1472: calc#1: 排行: try_fetch_result periodly report remaining_qize=8 sync_batch_size=100 processed_result=42000, speed=2727.39/s totalWork=7
2021-07-16 08:52:49,254 INFO  [DNFCalculating] log_result_queue_info:1472: calc#1: 排行: try_fetch_result_in_background remaining_qize=15 sync_batch_size=100 processed_result=42800, speed=2689.07/s totalWork=7
2021-07-16 08:52:49,255 INFO  [DNFCalculating] log_result_queue_info:1472: calc#1: 排行: try_fetch_result periodly report remaining_qize=14 sync_batch_size=100 processed_result=42900, speed=2695.19/s totalWork=7
2021-07-16 08:52:49,255 INFO  [DNFCalculating] log_result_queue_info:1472: calc#1: 排行: try_fetch_result periodly report remaining_qize=13 sync_batch_size=100 processed_result=43000, speed=2701.47/s totalWork=7
2021-07-16 08:52:49,255 INFO  [DNFCalculating] log_result_queue_info:1472: calc#1: 排行: try_fetch_result periodly report remaining_qize=3 sync_batch_size=100 processed_result=44000, speed=2764.29/s totalWork=7
2021-07-16 08:52:49,781 INFO  [DNFCalculating] log_result_queue_info:1472: calc#1: 排行: try_fetch_result_in_background remaining_qize=17 sync_batch_size=100 processed_result=44300, speed=2694.07/s totalWork=7
2021-07-16 08:52:49,782 INFO  [DNFCalculating] log_result_queue_info:1472: calc#1: 排行: try_fetch_result periodly report remaining_qize=16 sync_batch_size=100 processed_result=44400, speed=2699.98/s totalWork=7
2021-07-16 08:52:49,782 INFO  [DNFCalculating] log_result_queue_info:1472: calc#1: 排行: try_fetch_result periodly report remaining_qize=10 sync_batch_size=100 processed_result=45000, speed=2736.47/s totalWork=7
2021-07-16 08:52:49,782 INFO  [DNFCalculating] log_result_queue_info:1472: calc#1: 排行: try_fetch_result periodly report remaining_qize=0 sync_batch_size=100 processed_result=46000, speed=2797.28/s totalWork=7
2021-07-16 08:52:50,307 INFO  [DNFCalculating] log_result_queue_info:1472: calc#1: 排行: try_fetch_result_in_background remaining_qize=16 sync_batch_size=100 processed_result=46000, speed=2710.78/s totalWork=7
2021-07-16 08:52:50,308 INFO  [DNFCalculating] log_result_queue_info:1472: calc#1: 排行: try_fetch_result periodly report remaining_qize=15 sync_batch_size=100 processed_result=46100, speed=2716.51/s totalWork=7
2021-07-16 08:52:50,308 INFO  [DNFCalculating] log_result_queue_info:1472: calc#1: 排行: try_fetch_result periodly report remaining_qize=7 sync_batch_size=100 processed_result=47000, speed=2769.55/s totalWork=7
2021-07-16 08:52:50,822 INFO  [DNFCalculating] log_result_queue_info:1472: calc#1: 排行: try_fetch_result_in_background remaining_qize=15 sync_batch_size=100 processed_result=47800, speed=2733.83/s totalWork=7
2021-07-16 08:52:50,823 INFO  [DNFCalculating] log_result_queue_info:1472: calc#1: 排行: try_fetch_result periodly report remaining_qize=14 sync_batch_size=100 processed_result=47900, speed=2739.42/s totalWork=7
2021-07-16 08:52:50,824 INFO  [DNFCalculating] log_result_queue_info:1472: calc#1: 排行: try_fetch_result periodly report remaining_qize=13 sync_batch_size=100 processed_result=48000, speed=2744.98/s totalWork=7
2021-07-16 08:52:50,832 INFO  [DNFCalculating] log_result_queue_info:1472: calc#1: 排行: try_fetch_result periodly report remaining_qize=3 sync_batch_size=100 processed_result=49000, speed=2800.89/s totalWork=7
2021-07-16 08:52:51,339 INFO  [DNFCalculating] log_result_queue_info:1472: calc#1: 排行: try_fetch_result_in_background remaining_qize=15 sync_batch_size=100 processed_result=49300, speed=2738.71/s totalWork=7
2021-07-16 08:52:51,340 INFO  [DNFCalculating] log_result_queue_info:1472: calc#1: 排行: try_fetch_result periodly report remaining_qize=14 sync_batch_size=100 processed_result=49400, speed=2744.11/s totalWork=7
2021-07-16 08:52:51,340 INFO  [DNFCalculating] log_result_queue_info:1472: calc#1: 排行: try_fetch_result periodly report remaining_qize=9 sync_batch_size=100 processed_result=50000, speed=2777.44/s totalWork=7
2021-07-16 08:52:51,340 INFO  [DNFCalculating] log_result_queue_info:1472: calc#1: 排行: try_fetch_result periodly report remaining_qize=0 sync_batch_size=100 processed_result=51000, speed=2832.99/s totalWork=7
2021-07-16 08:52:51,869 INFO  [DNFCalculating] log_result_queue_info:1472: calc#1: 排行: try_fetch_result_in_background remaining_qize=16 sync_batch_size=100 processed_result=51000, speed=2752.04/s totalWork=7
2021-07-16 08:52:51,870 INFO  [DNFCalculating] log_result_queue_info:1472: calc#1: 排行: try_fetch_result periodly report remaining_qize=15 sync_batch_size=100 processed_result=51100, speed=2757.29/s totalWork=7
2021-07-16 08:52:51,870 INFO  [DNFCalculating] log_result_queue_info:1472: calc#1: 排行: try_fetch_result periodly report remaining_qize=6 sync_batch_size=100 processed_result=52000, speed=2805.85/s totalWork=7
2021-07-16 08:52:52,394 INFO  [DNFCalculating] log_result_queue_info:1472: calc#1: 排行: try_fetch_result_in_background remaining_qize=16 sync_batch_size=100 processed_result=52600, speed=2760.12/s totalWork=7
2021-07-16 08:52:52,395 INFO  [DNFCalculating] log_result_queue_info:1472: calc#1: 排行: try_fetch_result periodly report remaining_qize=15 sync_batch_size=100 processed_result=52700, speed=2765.22/s totalWork=7
2021-07-16 08:52:52,395 INFO  [DNFCalculating] log_result_queue_info:1472: calc#1: 排行: try_fetch_result periodly report remaining_qize=12 sync_batch_size=100 processed_result=53000, speed=2780.97/s totalWork=7
2021-07-16 08:52:52,395 INFO  [DNFCalculating] log_result_queue_info:1472: calc#1: 排行: try_fetch_result periodly report remaining_qize=2 sync_batch_size=100 processed_result=54000, speed=2833.44/s totalWork=7
2021-07-16 08:52:52,915 INFO  [DNFCalculating] log_result_queue_info:1472: calc#1: 排行: try_fetch_result_in_background remaining_qize=14 sync_batch_size=100 processed_result=54200, speed=2768.47/s totalWork=7
2021-07-16 08:52:52,916 INFO  [DNFCalculating] log_result_queue_info:1472: calc#1: 排行: try_fetch_result periodly report remaining_qize=13 sync_batch_size=100 processed_result=54300, speed=2773.44/s totalWork=7
2021-07-16 08:52:52,916 INFO  [DNFCalculating] log_result_queue_info:1472: calc#1: 排行: try_fetch_result periodly report remaining_qize=6 sync_batch_size=100 processed_result=55000, speed=2809.19/s totalWork=7
2021-07-16 08:52:53,440 INFO  [DNFCalculating] log_result_queue_info:1472: calc#1: 排行: try_fetch_result_in_background remaining_qize=16 sync_batch_size=100 processed_result=55600, speed=2765.82/s totalWork=7
2021-07-16 08:52:53,441 INFO  [DNFCalculating] log_result_queue_info:1472: calc#1: 排行: try_fetch_result periodly report remaining_qize=15 sync_batch_size=100 processed_result=55700, speed=2770.65/s totalWork=7
2021-07-16 08:52:53,441 INFO  [DNFCalculating] log_result_queue_info:1472: calc#1: 排行: try_fetch_result periodly report remaining_qize=13 sync_batch_size=100 processed_result=56000, speed=2785.58/s totalWork=7
2021-07-16 08:52:53,448 INFO  [DNFCalculating] log_result_queue_info:1472: calc#1: 排行: try_fetch_result periodly report remaining_qize=4 sync_batch_size=100 processed_result=57000, speed=2834.28/s totalWork=7
2021-07-16 08:52:53,966 INFO  [DNFCalculating] log_result_queue_info:1472: calc#1: 排行: try_fetch_result_in_background remaining_qize=14 sync_batch_size=100 processed_result=57400, speed=2782.50/s totalWork=7
2021-07-16 08:52:53,967 INFO  [DNFCalculating] log_result_queue_info:1472: calc#1: 排行: try_fetch_result periodly report remaining_qize=13 sync_batch_size=100 processed_result=57500, speed=2787.22/s totalWork=7
2021-07-16 08:52:53,967 INFO  [DNFCalculating] log_result_queue_info:1472: calc#1: 排行: try_fetch_result periodly report remaining_qize=8 sync_batch_size=100 processed_result=58000, speed=2811.45/s totalWork=7
2021-07-16 08:52:54,491 INFO  [DNFCalculating] log_result_queue_info:1472: calc#1: 排行: try_fetch_result_in_background remaining_qize=15 sync_batch_size=100 processed_result=58800, speed=2779.60/s totalWork=7
2021-07-16 08:52:54,493 INFO  [DNFCalculating] log_result_queue_info:1472: calc#1: 排行: try_fetch_result periodly report remaining_qize=14 sync_batch_size=100 processed_result=58900, speed=2784.14/s totalWork=7
2021-07-16 08:52:54,493 INFO  [DNFCalculating] log_result_queue_info:1472: calc#1: 排行: try_fetch_result periodly report remaining_qize=13 sync_batch_size=100 processed_result=59000, speed=2788.87/s totalWork=7
2021-07-16 08:52:54,493 INFO  [DNFCalculating] log_result_queue_info:1472: calc#1: 排行: try_fetch_result periodly report remaining_qize=4 sync_batch_size=100 processed_result=60000, speed=2836.14/s totalWork=7
2021-07-16 08:52:55,007 INFO  [DNFCalculating] log_result_queue_info:1472: calc#1: 排行: try_fetch_result_in_background remaining_qize=14 sync_batch_size=100 processed_result=60500, speed=2791.91/s totalWork=7
2021-07-16 08:52:55,008 INFO  [DNFCalculating] log_result_queue_info:1472: calc#1: 排行: try_fetch_result periodly report remaining_qize=13 sync_batch_size=100 processed_result=60600, speed=2796.39/s totalWork=7
2021-07-16 08:52:55,013 INFO  [DNFCalculating] log_result_queue_info:1472: calc#1: 排行: try_fetch_result periodly report remaining_qize=10 sync_batch_size=100 processed_result=61000, speed=2814.26/s totalWork=7
2021-07-16 08:52:55,025 INFO  [DNFCalculating] log_result_queue_info:1472: calc#1: 排行: try_fetch_result periodly report remaining_qize=0 sync_batch_size=100 processed_result=62000, speed=2858.81/s totalWork=7
2021-07-16 08:52:55,538 INFO  [DNFCalculating] log_result_queue_info:1472: calc#1: 排行: try_fetch_result_in_background remaining_qize=16 sync_batch_size=100 processed_result=62000, speed=2792.77/s totalWork=7
2021-07-16 08:52:55,539 INFO  [DNFCalculating] log_result_queue_info:1472: calc#1: 排行: try_fetch_result periodly report remaining_qize=15 sync_batch_size=100 processed_result=62100, speed=2797.15/s totalWork=7
2021-07-16 08:52:55,539 INFO  [DNFCalculating] log_result_queue_info:1472: calc#1: 排行: try_fetch_result periodly report remaining_qize=6 sync_batch_size=100 processed_result=63000, speed=2837.69/s totalWork=7
2021-07-16 08:52:56,061 INFO  [DNFCalculating] log_result_queue_info:1472: calc#1: 排行: try_fetch_result_in_background remaining_qize=15 sync_batch_size=100 processed_result=63600, speed=2798.87/s totalWork=7
2021-07-16 08:52:56,062 INFO  [DNFCalculating] log_result_queue_info:1472: calc#1: 排行: try_fetch_result periodly report remaining_qize=14 sync_batch_size=100 processed_result=63700, speed=2803.12/s totalWork=7
2021-07-16 08:52:56,064 INFO  [DNFCalculating] log_result_queue_info:1472: calc#1: 排行: try_fetch_result periodly report remaining_qize=11 sync_batch_size=100 processed_result=64000, speed=2816.11/s totalWork=7
2021-07-16 08:52:56,065 INFO  [DNFCalculating] log_result_queue_info:1472: calc#1: 排行: try_fetch_result periodly report remaining_qize=1 sync_batch_size=100 processed_result=65000, speed=2859.99/s totalWork=7
2021-07-16 08:52:56,577 INFO  [DNFCalculating] log_result_queue_info:1472: calc#1: 排行: try_fetch_result_in_background remaining_qize=15 sync_batch_size=100 processed_result=65100, speed=2801.27/s totalWork=7
2021-07-16 08:52:56,578 INFO  [DNFCalculating] log_result_queue_info:1472: calc#1: 排行: try_fetch_result periodly report remaining_qize=14 sync_batch_size=100 processed_result=65200, speed=2805.45/s totalWork=7
2021-07-16 08:52:56,579 INFO  [DNFCalculating] log_result_queue_info:1472: calc#1: 排行: try_fetch_result periodly report remaining_qize=6 sync_batch_size=100 processed_result=66000, speed=2839.75/s totalWork=7
2021-07-16 08:52:57,097 INFO  [DNFCalculating] log_result_queue_info:1472: calc#1: 排行: try_fetch_result_in_background remaining_qize=14 sync_batch_size=100 processed_result=66600, speed=2803.02/s totalWork=7
2021-07-16 08:52:57,099 INFO  [DNFCalculating] log_result_queue_info:1472: calc#1: 排行: try_fetch_result periodly report remaining_qize=13 sync_batch_size=100 processed_result=66700, speed=2807.11/s totalWork=7
2021-07-16 08:52:57,100 INFO  [DNFCalculating] log_result_queue_info:1472: calc#1: 排行: try_fetch_result periodly report remaining_qize=10 sync_batch_size=100 processed_result=67000, speed=2819.55/s totalWork=7
2021-07-16 08:52:57,100 INFO  [DNFCalculating] log_result_queue_info:1472: calc#1: 排行: try_fetch_result periodly report remaining_qize=0 sync_batch_size=100 processed_result=68000, speed=2861.64/s totalWork=7
2021-07-16 08:52:57,622 INFO  [DNFCalculating] log_result_queue_info:1472: calc#1: 排行: try_fetch_result_in_background remaining_qize=14 sync_batch_size=100 processed_result=68000, speed=2800.08/s totalWork=7
2021-07-16 08:52:57,623 INFO  [DNFCalculating] log_result_queue_info:1472: calc#1: 排行: try_fetch_result periodly report remaining_qize=13 sync_batch_size=100 processed_result=68100, speed=2804.09/s totalWork=7
2021-07-16 08:52:57,623 INFO  [DNFCalculating] log_result_queue_info:1472: calc#1: 排行: try_fetch_result periodly report remaining_qize=4 sync_batch_size=100 processed_result=69000, speed=2841.14/s totalWork=7
2021-07-16 08:52:58,137 INFO  [DNFCalculating] log_result_queue_info:1472: calc#1: 排行: try_fetch_result_in_background remaining_qize=15 sync_batch_size=100 processed_result=69400, speed=2798.42/s totalWork=7
2021-07-16 08:52:58,138 INFO  [DNFCalculating] log_result_queue_info:1472: calc#1: 排行: try_fetch_result periodly report remaining_qize=14 sync_batch_size=100 processed_result=69500, speed=2802.34/s totalWork=7
2021-07-16 08:52:58,138 INFO  [DNFCalculating] log_result_queue_info:1472: calc#1: 排行: try_fetch_result periodly report remaining_qize=9 sync_batch_size=100 processed_result=70000, speed=2822.50/s totalWork=7
2021-07-16 08:52:58,663 INFO  [DNFCalculating] log_result_queue_info:1472: calc#1: 排行: try_fetch_result_in_background remaining_qize=16 sync_batch_size=100 processed_result=70900, speed=2799.55/s totalWork=7
2021-07-16 08:52:58,664 INFO  [DNFCalculating] log_result_queue_info:1472: calc#1: 排行: try_fetch_result periodly report remaining_qize=15 sync_batch_size=100 processed_result=71000, speed=2803.39/s totalWork=7
2021-07-16 08:52:58,664 INFO  [DNFCalculating] log_result_queue_info:1472: calc#1: 排行: try_fetch_result periodly report remaining_qize=5 sync_batch_size=100 processed_result=72000, speed=2842.87/s totalWork=7
2021-07-16 08:52:59,180 INFO  [DNFCalculating] log_result_queue_info:1472: calc#1: 排行: try_fetch_result_in_background remaining_qize=15 sync_batch_size=100 processed_result=72500, speed=2805.40/s totalWork=7
2021-07-16 08:52:59,181 INFO  [DNFCalculating] log_result_queue_info:1472: calc#1: 排行: try_fetch_result periodly report remaining_qize=15 sync_batch_size=100 processed_result=72600, speed=2809.16/s totalWork=7
2021-07-16 08:52:59,181 INFO  [DNFCalculating] log_result_queue_info:1472: calc#1: 排行: try_fetch_result periodly report remaining_qize=11 sync_batch_size=100 processed_result=73000, speed=2824.64/s totalWork=7
2021-07-16 08:52:59,181 INFO  [DNFCalculating] log_result_queue_info:1472: calc#1: 排行: try_fetch_result periodly report remaining_qize=1 sync_batch_size=100 processed_result=74000, speed=2863.33/s totalWork=7
2021-07-16 08:52:59,700 INFO  [DNFCalculating] log_result_queue_info:1472: calc#1: 排行: try_fetch_result_in_background remaining_qize=14 sync_batch_size=100 processed_result=74100, speed=2810.83/s totalWork=7
2021-07-16 08:52:59,701 INFO  [DNFCalculating] log_result_queue_info:1472: calc#1: 排行: try_fetch_result periodly report remaining_qize=13 sync_batch_size=100 processed_result=74200, speed=2814.52/s totalWork=7
2021-07-16 08:52:59,701 INFO  [DNFCalculating] log_result_queue_info:1472: calc#1: 排行: try_fetch_result periodly report remaining_qize=5 sync_batch_size=100 processed_result=75000, speed=2844.86/s totalWork=7
2021-07-16 08:53:00,221 INFO  [DNFCalculating] log_result_queue_info:1472: calc#1: 排行: try_fetch_result_in_background remaining_qize=11 sync_batch_size=100 processed_result=75600, speed=2812.07/s totalWork=7
2021-07-16 08:53:00,222 INFO  [DNFCalculating] log_result_queue_info:1472: calc#1: 排行: try_fetch_result periodly report remaining_qize=10 sync_batch_size=100 processed_result=75700, speed=2815.70/s totalWork=7
2021-07-16 08:53:00,225 INFO  [DNFCalculating] log_result_queue_info:1472: calc#1: 排行: try_fetch_result periodly report remaining_qize=8 sync_batch_size=100 processed_result=76000, speed=2826.54/s totalWork=7
2021-07-16 08:53:00,756 INFO  [DNFCalculating] log_result_queue_info:1472: calc#1: 排行: try_fetch_result_in_background remaining_qize=14 sync_batch_size=100 processed_result=76800, speed=2801.05/s totalWork=7
2021-07-16 08:53:00,757 INFO  [DNFCalculating] log_result_queue_info:1472: calc#1: 排行: try_fetch_result periodly report remaining_qize=13 sync_batch_size=100 processed_result=76900, speed=2804.59/s totalWork=7
2021-07-16 08:53:00,757 INFO  [DNFCalculating] log_result_queue_info:1472: calc#1: 排行: try_fetch_result periodly report remaining_qize=12 sync_batch_size=100 processed_result=77000, speed=2808.24/s totalWork=7
2021-07-16 08:53:00,761 INFO  [DNFCalculating] log_result_queue_info:1472: calc#1: 排行: try_fetch_result periodly report remaining_qize=3 sync_batch_size=100 processed_result=78000, speed=2844.26/s totalWork=7
2021-07-16 08:53:01,277 INFO  [DNFCalculating] log_result_queue_info:1472: calc#1: 排行: try_fetch_result_in_background remaining_qize=13 sync_batch_size=100 processed_result=78300, speed=2802.47/s totalWork=7
2021-07-16 08:53:01,278 INFO  [DNFCalculating] log_result_queue_info:1472: calc#1: 排行: try_fetch_result periodly report remaining_qize=12 sync_batch_size=100 processed_result=78400, speed=2805.94/s totalWork=7
2021-07-16 08:53:01,278 INFO  [DNFCalculating] log_result_queue_info:1472: calc#1: 排行: try_fetch_result periodly report remaining_qize=6 sync_batch_size=100 processed_result=79000, speed=2827.42/s totalWork=7
2021-07-16 08:53:01,796 INFO  [DNFCalculating] log_result_queue_info:1472: calc#1: 排行: try_fetch_result_in_background remaining_qize=14 sync_batch_size=100 processed_result=79700, speed=2800.55/s totalWork=7
2021-07-16 08:53:01,797 INFO  [DNFCalculating] log_result_queue_info:1472: calc#1: 排行: try_fetch_result periodly report remaining_qize=13 sync_batch_size=100 processed_result=79800, speed=2803.97/s totalWork=7
2021-07-16 08:53:01,799 INFO  [DNFCalculating] log_result_queue_info:1472: calc#1: 排行: try_fetch_result periodly report remaining_qize=11 sync_batch_size=100 processed_result=80000, speed=2810.81/s totalWork=7
2021-07-16 08:53:01,807 INFO  [DNFCalculating] log_result_queue_info:1472: calc#1: 排行: try_fetch_result periodly report remaining_qize=1 sync_batch_size=100 processed_result=81000, speed=2845.24/s totalWork=7
2021-07-16 08:53:02,325 INFO  [DNFCalculating] log_result_queue_info:1472: calc#1: 排行: try_fetch_result_in_background remaining_qize=13 sync_batch_size=100 processed_result=81100, speed=2797.75/s totalWork=7
2021-07-16 08:53:02,326 INFO  [DNFCalculating] log_result_queue_info:1472: calc#1: 排行: try_fetch_result periodly report remaining_qize=12 sync_batch_size=100 processed_result=81200, speed=2801.10/s totalWork=7
2021-07-16 08:53:02,327 INFO  [DNFCalculating] log_result_queue_info:1472: calc#1: 排行: try_fetch_result periodly report remaining_qize=4 sync_batch_size=100 processed_result=82000, speed=2828.60/s totalWork=7
2021-07-16 08:53:02,859 INFO  [DNFCalculating] log_result_queue_info:1472: calc#1: 排行: try_fetch_result_in_background remaining_qize=13 sync_batch_size=100 processed_result=82400, speed=2791.14/s totalWork=7
2021-07-16 08:53:02,860 INFO  [DNFCalculating] log_result_queue_info:1472: calc#1: 排行: try_fetch_result periodly report remaining_qize=12 sync_batch_size=100 processed_result=82500, speed=2794.43/s totalWork=7
2021-07-16 08:53:02,860 INFO  [DNFCalculating] log_result_queue_info:1472: calc#1: 排行: try_fetch_result periodly report remaining_qize=7 sync_batch_size=100 processed_result=83000, speed=2811.37/s totalWork=7
2021-07-16 08:53:03,390 INFO  [DNFCalculating] log_result_queue_info:1472: calc#1: 排行: try_fetch_result_in_background remaining_qize=15 sync_batch_size=100 processed_result=83800, speed=2788.41/s totalWork=7
2021-07-16 08:53:03,391 INFO  [DNFCalculating] log_result_queue_info:1472: calc#1: 排行: try_fetch_result periodly report remaining_qize=14 sync_batch_size=100 processed_result=83900, speed=2791.65/s totalWork=7
2021-07-16 08:53:03,391 INFO  [DNFCalculating] log_result_queue_info:1472: calc#1: 排行: try_fetch_result periodly report remaining_qize=13 sync_batch_size=100 processed_result=84000, speed=2794.97/s totalWork=7
2021-07-16 08:53:03,401 INFO  [DNFCalculating] log_result_queue_info:1472: calc#1: 排行: try_fetch_result periodly report remaining_qize=3 sync_batch_size=100 processed_result=85000, speed=2827.29/s totalWork=7
2021-07-16 08:53:03,915 INFO  [DNFCalculating] log_result_queue_info:1472: calc#1: 排行: try_fetch_result_in_background remaining_qize=14 sync_batch_size=100 processed_result=85300, speed=2789.59/s totalWork=7
2021-07-16 08:53:03,916 INFO  [DNFCalculating] log_result_queue_info:1472: calc#1: 排行: try_fetch_result periodly report remaining_qize=13 sync_batch_size=100 processed_result=85400, speed=2792.77/s totalWork=7
2021-07-16 08:53:03,916 INFO  [DNFCalculating] log_result_queue_info:1472: calc#1: 排行: try_fetch_result periodly report remaining_qize=7 sync_batch_size=100 processed_result=86000, speed=2812.39/s totalWork=7
2021-07-16 08:53:04,457 INFO  [DNFCalculating] log_result_queue_info:1472: calc#1: 排行: try_fetch_result_in_background remaining_qize=14 sync_batch_size=100 processed_result=86800, speed=2789.25/s totalWork=7
2021-07-16 08:53:04,458 INFO  [DNFCalculating] log_result_queue_info:1472: calc#1: 排行: try_fetch_result periodly report remaining_qize=13 sync_batch_size=100 processed_result=86900, speed=2792.37/s totalWork=7
2021-07-16 08:53:04,459 INFO  [DNFCalculating] log_result_queue_info:1472: calc#1: 排行: try_fetch_result periodly report remaining_qize=12 sync_batch_size=100 processed_result=87000, speed=2795.49/s totalWork=7
2021-07-16 08:53:04,462 INFO  [DNFCalculating] log_result_queue_info:1472: calc#1: 排行: try_fetch_result periodly report remaining_qize=2 sync_batch_size=100 processed_result=88000, speed=2827.30/s totalWork=7
2021-07-16 08:53:04,983 INFO  [DNFCalculating] log_result_queue_info:1472: calc#1: 排行: try_fetch_result_in_background remaining_qize=12 sync_batch_size=100 processed_result=88200, speed=2787.08/s totalWork=7
2021-07-16 08:53:04,984 INFO  [DNFCalculating] log_result_queue_info:1472: calc#1: 排行: try_fetch_result periodly report remaining_qize=11 sync_batch_size=100 processed_result=88300, speed=2790.15/s totalWork=7
2021-07-16 08:53:04,984 INFO  [DNFCalculating] log_result_queue_info:1472: calc#1: 排行: try_fetch_result periodly report remaining_qize=5 sync_batch_size=100 processed_result=89000, speed=2812.27/s totalWork=7
2021-07-16 08:53:05,499 INFO  [DNFCalculating] log_result_queue_info:1472: calc#1: 排行: try_fetch_result_in_background remaining_qize=12 sync_batch_size=100 processed_result=89500, speed=2782.84/s totalWork=7
2021-07-16 08:53:05,499 INFO  [DNFCalculating] log_result_queue_info:1472: calc#1: 排行: try_fetch_result periodly report remaining_qize=11 sync_batch_size=100 processed_result=89600, speed=2785.94/s totalWork=7
2021-07-16 08:53:05,499 INFO  [DNFCalculating] log_result_queue_info:1472: calc#1: 排行: try_fetch_result periodly report remaining_qize=7 sync_batch_size=100 processed_result=90000, speed=2798.38/s totalWork=7
2021-07-16 08:53:06,013 INFO  [DNFCalculating] log_result_queue_info:1472: calc#1: 排行: try_fetch_result_in_background remaining_qize=12 sync_batch_size=100 processed_result=90700, speed=2775.76/s totalWork=7
2021-07-16 08:53:06,014 INFO  [DNFCalculating] log_result_queue_info:1472: calc#1: 排行: try_fetch_result periodly report remaining_qize=11 sync_batch_size=100 processed_result=90800, speed=2778.73/s totalWork=7
2021-07-16 08:53:06,014 INFO  [DNFCalculating] log_result_queue_info:1472: calc#1: 排行: try_fetch_result periodly report remaining_qize=9 sync_batch_size=100 processed_result=91000, speed=2784.85/s totalWork=7
2021-07-16 08:53:06,534 INFO  [DNFCalculating] log_result_queue_info:1472: calc#1: 排行: try_fetch_result_in_background remaining_qize=14 sync_batch_size=100 processed_result=91900, speed=2768.31/s totalWork=7
2021-07-16 08:53:06,535 INFO  [DNFCalculating] log_result_queue_info:1472: calc#1: 排行: try_fetch_result periodly report remaining_qize=13 sync_batch_size=100 processed_result=92000, speed=2771.24/s totalWork=7
2021-07-16 08:53:06,535 INFO  [DNFCalculating] log_result_queue_info:1472: calc#1: 排行: try_fetch_result periodly report remaining_qize=3 sync_batch_size=100 processed_result=93000, speed=2801.36/s totalWork=7
2021-07-16 08:53:07,054 INFO  [DNFCalculating] log_result_queue_info:1472: calc#1: 排行: try_fetch_result_in_background remaining_qize=11 sync_batch_size=100 processed_result=93300, speed=2767.20/s totalWork=7
2021-07-16 08:53:07,055 INFO  [DNFCalculating] log_result_queue_info:1472: calc#1: 排行: try_fetch_result periodly report remaining_qize=10 sync_batch_size=100 processed_result=93400, speed=2770.10/s totalWork=7
2021-07-16 08:53:07,057 INFO  [DNFCalculating] log_result_queue_info:1472: calc#1: 排行: try_fetch_result periodly report remaining_qize=5 sync_batch_size=100 processed_result=94000, speed=2787.68/s totalWork=7
2021-07-16 08:53:07,579 INFO  [DNFCalculating] log_result_queue_info:1472: calc#1: 排行: try_fetch_result_in_background remaining_qize=11 sync_batch_size=100 processed_result=94500, speed=2759.76/s totalWork=7
2021-07-16 08:53:07,580 INFO  [DNFCalculating] log_result_queue_info:1472: calc#1: 排行: try_fetch_result periodly report remaining_qize=10 sync_batch_size=100 processed_result=94600, speed=2762.60/s totalWork=7
2021-07-16 08:53:07,583 INFO  [DNFCalculating] log_result_queue_info:1472: calc#1: 排行: try_fetch_result periodly report remaining_qize=7 sync_batch_size=100 processed_result=95000, speed=2774.04/s totalWork=7
2021-07-16 08:53:08,117 INFO  [DNFCalculating] log_result_queue_info:1472: calc#1: 排行: try_fetch_result_in_background remaining_qize=11 sync_batch_size=100 processed_result=95700, speed=2751.63/s totalWork=7
2021-07-16 08:53:08,118 INFO  [DNFCalculating] log_result_queue_info:1472: calc#1: 排行: try_fetch_result periodly report remaining_qize=10 sync_batch_size=100 processed_result=95800, speed=2754.43/s totalWork=7
2021-07-16 08:53:08,119 INFO  [DNFCalculating] log_result_queue_info:1472: calc#1: 排行: try_fetch_result periodly report remaining_qize=8 sync_batch_size=100 processed_result=96000, speed=2760.05/s totalWork=7
2021-07-16 08:53:08,636 INFO  [DNFCalculating] log_result_queue_info:1472: calc#1: 排行: try_fetch_result_in_background remaining_qize=10 sync_batch_size=100 processed_result=96800, speed=2742.34/s totalWork=7
2021-07-16 08:53:08,637 INFO  [DNFCalculating] log_result_queue_info:1472: calc#1: 排行: try_fetch_result periodly report remaining_qize=9 sync_batch_size=100 processed_result=96900, speed=2745.10/s totalWork=7
2021-07-16 08:53:08,637 INFO  [DNFCalculating] log_result_queue_info:1472: calc#1: 排行: try_fetch_result periodly report remaining_qize=8 sync_batch_size=100 processed_result=97000, speed=2747.93/s totalWork=7
2021-07-16 08:53:09,167 INFO  [DNFCalculating] log_result_queue_info:1472: calc#1: 排行: try_fetch_result_in_background remaining_qize=9 sync_batch_size=100 processed_result=97800, speed=2729.55/s totalWork=7
2021-07-16 08:53:09,168 INFO  [DNFCalculating] log_result_queue_info:1472: calc#1: 排行: try_fetch_result periodly report remaining_qize=8 sync_batch_size=100 processed_result=97900, speed=2732.27/s totalWork=7
2021-07-16 08:53:09,169 INFO  [DNFCalculating] log_result_queue_info:1472: calc#1: 排行: try_fetch_result periodly report remaining_qize=7 sync_batch_size=100 processed_result=98000, speed=2734.98/s totalWork=7
2021-07-16 08:53:09,692 INFO  [DNFCalculating] log_result_queue_info:1472: calc#1: 排行: try_fetch_result_in_background remaining_qize=12 sync_batch_size=100 processed_result=98700, speed=2714.95/s totalWork=7
2021-07-16 08:53:09,693 INFO  [DNFCalculating] log_result_queue_info:1472: calc#1: 排行: try_fetch_result periodly report remaining_qize=11 sync_batch_size=100 processed_result=98800, speed=2717.63/s totalWork=7
2021-07-16 08:53:09,695 INFO  [DNFCalculating] log_result_queue_info:1472: calc#1: 排行: try_fetch_result periodly report remaining_qize=9 sync_batch_size=100 processed_result=99000, speed=2722.92/s totalWork=7
2021-07-16 08:53:10,218 INFO  [DNFCalculating] log_result_queue_info:1472: calc#1: 排行: try_fetch_result_in_background remaining_qize=8 sync_batch_size=100 processed_result=99900, speed=2708.71/s totalWork=7
2021-07-16 08:53:10,219 INFO  [DNFCalculating] log_result_queue_info:1472: calc#1: 排行: try_fetch_result periodly report remaining_qize=7 sync_batch_size=100 processed_result=100000, speed=2711.35/s totalWork=7
2021-07-16 08:53:10,739 INFO  [DNFCalculating] log_result_queue_info:1472: calc#1: 排行: try_fetch_result_in_background remaining_qize=12 sync_batch_size=100 processed_result=100800, speed=2695.04/s totalWork=7
2021-07-16 08:53:10,740 INFO  [DNFCalculating] log_result_queue_info:1472: calc#1: 排行: try_fetch_result periodly report remaining_qize=11 sync_batch_size=100 processed_result=100900, speed=2697.65/s totalWork=7
2021-07-16 08:53:10,740 INFO  [DNFCalculating] log_result_queue_info:1472: calc#1: 排行: try_fetch_result periodly report remaining_qize=10 sync_batch_size=100 processed_result=101000, speed=2700.32/s totalWork=7
2021-07-16 08:53:10,740 INFO  [DNFCalculating] log_result_queue_info:1472: calc#1: 排行: try_fetch_result periodly report remaining_qize=0 sync_batch_size=100 processed_result=102000, speed=2727.06/s totalWork=7
2021-07-16 08:53:11,267 INFO  [DNFCalculating] log_result_queue_info:1472: calc#1: 排行: try_fetch_result_in_background remaining_qize=12 sync_batch_size=100 processed_result=102000, speed=2689.21/s totalWork=7
2021-07-16 08:53:11,268 INFO  [DNFCalculating] log_result_queue_info:1472: calc#1: 排行: try_fetch_result periodly report remaining_qize=11 sync_batch_size=100 processed_result=102100, speed=2691.77/s totalWork=7
2021-07-16 08:53:11,269 INFO  [DNFCalculating] log_result_queue_info:1472: calc#1: 排行: try_fetch_result periodly report remaining_qize=2 sync_batch_size=100 processed_result=103000, speed=2715.42/s totalWork=7
2021-07-16 08:53:11,786 INFO  [DNFCalculating] log_result_queue_info:1472: calc#1: 排行: try_fetch_result_in_background remaining_qize=9 sync_batch_size=100 processed_result=103200, speed=2684.11/s totalWork=7
2021-07-16 08:53:11,787 INFO  [DNFCalculating] log_result_queue_info:1472: calc#1: 排行: try_fetch_result periodly report remaining_qize=8 sync_batch_size=100 processed_result=103300, speed=2686.64/s totalWork=7
2021-07-16 08:53:11,792 INFO  [DNFCalculating] log_result_queue_info:1472: calc#1: 排行: try_fetch_result periodly report remaining_qize=1 sync_batch_size=100 processed_result=104000, speed=2704.45/s totalWork=7
2021-07-16 08:53:12,301 INFO  [DNFCalculating] log_result_queue_info:1472: calc#1: 排行: try_fetch_result_in_background remaining_qize=13 sync_batch_size=100 processed_result=104100, speed=2671.70/s totalWork=7
2021-07-16 08:53:12,302 INFO  [DNFCalculating] log_result_queue_info:1472: calc#1: 排行: try_fetch_result periodly report remaining_qize=12 sync_batch_size=100 processed_result=104200, speed=2674.19/s totalWork=7
2021-07-16 08:53:12,302 INFO  [DNFCalculating] log_result_queue_info:1472: calc#1: 排行: try_fetch_result periodly report remaining_qize=4 sync_batch_size=100 processed_result=105000, speed=2694.72/s totalWork=7
2021-07-16 08:53:12,829 INFO  [DNFCalculating] log_result_queue_info:1472: calc#1: 排行: try_fetch_result_in_background remaining_qize=8 sync_batch_size=100 processed_result=105400, speed=2668.91/s totalWork=7
2021-07-16 08:53:12,830 INFO  [DNFCalculating] log_result_queue_info:1472: calc#1: 排行: try_fetch_result periodly report remaining_qize=7 sync_batch_size=100 processed_result=105500, speed=2671.38/s totalWork=7
2021-07-16 08:53:12,835 INFO  [DNFCalculating] log_result_queue_info:1472: calc#1: 排行: try_fetch_result periodly report remaining_qize=2 sync_batch_size=100 processed_result=106000, speed=2683.71/s totalWork=7
2021-07-16 08:53:13,343 INFO  [DNFCalculating] log_result_queue_info:1472: calc#1: 排行: try_fetch_result_in_background remaining_qize=13 sync_batch_size=100 processed_result=106200, speed=2654.64/s totalWork=7
2021-07-16 08:53:13,344 INFO  [DNFCalculating] log_result_queue_info:1472: calc#1: 排行: try_fetch_result periodly report remaining_qize=12 sync_batch_size=100 processed_result=106300, speed=2657.07/s totalWork=7
2021-07-16 08:53:13,344 INFO  [DNFCalculating] log_result_queue_info:1472: calc#1: 排行: try_fetch_result periodly report remaining_qize=5 sync_batch_size=100 processed_result=107000, speed=2674.57/s totalWork=7
2021-07-16 08:53:13,859 INFO  [DNFCalculating] log_result_queue_info:1472: calc#1: 排行: try_fetch_result_in_background remaining_qize=10 sync_batch_size=100 processed_result=107500, speed=2652.87/s totalWork=7
2021-07-16 08:53:13,860 INFO  [DNFCalculating] log_result_queue_info:1472: calc#1: 排行: try_fetch_result periodly report remaining_qize=9 sync_batch_size=100 processed_result=107600, speed=2655.27/s totalWork=7
2021-07-16 08:53:13,860 INFO  [DNFCalculating] log_result_queue_info:1472: calc#1: 排行: try_fetch_result periodly report remaining_qize=5 sync_batch_size=100 processed_result=108000, speed=2665.14/s totalWork=7
2021-07-16 08:53:14,378 INFO  [DNFCalculating] log_result_queue_info:1472: calc#1: 排行: try_fetch_result_in_background remaining_qize=11 sync_batch_size=100 processed_result=108500, speed=2643.73/s totalWork=7
2021-07-16 08:53:14,379 INFO  [DNFCalculating] log_result_queue_info:1472: calc#1: 排行: try_fetch_result periodly report remaining_qize=10 sync_batch_size=100 processed_result=108600, speed=2646.11/s totalWork=7
2021-07-16 08:53:14,379 INFO  [DNFCalculating] log_result_queue_info:1472: calc#1: 排行: try_fetch_result periodly report remaining_qize=6 sync_batch_size=100 processed_result=109000, speed=2655.85/s totalWork=7
2021-07-16 08:53:14,898 INFO  [DNFCalculating] log_result_queue_info:1472: calc#1: 排行: try_fetch_result_in_background remaining_qize=10 sync_batch_size=100 processed_result=109600, speed=2637.11/s totalWork=7
2021-07-16 08:53:14,899 INFO  [DNFCalculating] log_result_queue_info:1472: calc#1: 排行: try_fetch_result periodly report remaining_qize=10 sync_batch_size=100 processed_result=109700, speed=2639.45/s totalWork=7
2021-07-16 08:53:14,899 INFO  [DNFCalculating] log_result_queue_info:1472: calc#1: 排行: try_fetch_result periodly report remaining_qize=7 sync_batch_size=100 processed_result=110000, speed=2646.67/s totalWork=7
2021-07-16 08:53:15,410 INFO  [DNFCalculating] log_result_queue_info:1472: calc#1: 排行: try_fetch_result_in_background remaining_qize=9 sync_batch_size=100 processed_result=110800, speed=2633.52/s totalWork=7
2021-07-16 08:53:15,411 INFO  [DNFCalculating] log_result_queue_info:1472: calc#1: 排行: try_fetch_result periodly report remaining_qize=8 sync_batch_size=100 processed_result=110900, speed=2635.83/s totalWork=7
2021-07-16 08:53:15,411 INFO  [DNFCalculating] log_result_queue_info:1472: calc#1: 排行: try_fetch_result periodly report remaining_qize=7 sync_batch_size=100 processed_result=111000, speed=2638.21/s totalWork=7
2021-07-16 08:53:15,937 INFO  [DNFCalculating] log_result_queue_info:1472: calc#1: 排行: try_fetch_result_in_background remaining_qize=13 sync_batch_size=100 processed_result=111700, speed=2622.09/s totalWork=7
2021-07-16 08:53:15,938 INFO  [DNFCalculating] log_result_queue_info:1472: calc#1: 排行: try_fetch_result periodly report remaining_qize=12 sync_batch_size=100 processed_result=111800, speed=2624.38/s totalWork=7
2021-07-16 08:53:15,938 INFO  [DNFCalculating] log_result_queue_info:1472: calc#1: 排行: try_fetch_result periodly report remaining_qize=10 sync_batch_size=100 processed_result=112000, speed=2629.07/s totalWork=7
2021-07-16 08:53:15,938 INFO  [DNFCalculating] log_result_queue_info:1472: calc#1: 排行: try_fetch_result periodly report remaining_qize=0 sync_batch_size=100 processed_result=113000, speed=2652.55/s totalWork=7
2021-07-16 08:53:16,457 INFO  [DNFCalculating] log_result_queue_info:1472: calc#1: 排行: try_fetch_result_in_background remaining_qize=8 sync_batch_size=100 processed_result=113000, speed=2620.61/s totalWork=7
2021-07-16 08:53:16,458 INFO  [DNFCalculating] log_result_queue_info:1472: calc#1: 排行: try_fetch_result periodly report remaining_qize=7 sync_batch_size=100 processed_result=113100, speed=2622.87/s totalWork=7
2021-07-16 08:53:16,989 INFO  [DNFCalculating] log_result_queue_info:1472: calc#1: 排行: try_fetch_result_in_background remaining_qize=13 sync_batch_size=100 processed_result=113900, speed=2609.28/s totalWork=7
2021-07-16 08:53:16,990 INFO  [DNFCalculating] log_result_queue_info:1472: calc#1: 排行: try_fetch_result periodly report remaining_qize=12 sync_batch_size=100 processed_result=114000, speed=2611.51/s totalWork=7
2021-07-16 08:53:16,992 INFO  [DNFCalculating] log_result_queue_info:1472: calc#1: 排行: try_fetch_result periodly report remaining_qize=2 sync_batch_size=100 processed_result=115000, speed=2634.33/s totalWork=7
2021-07-16 08:53:17,515 INFO  [DNFCalculating] log_result_queue_info:1472: calc#1: 排行: try_fetch_result_in_background remaining_qize=8 sync_batch_size=100 processed_result=115200, speed=2607.65/s totalWork=7
2021-07-16 08:53:17,516 INFO  [DNFCalculating] log_result_queue_info:1472: calc#1: 排行: try_fetch_result periodly report remaining_qize=8 sync_batch_size=100 processed_result=115300, speed=2609.85/s totalWork=7
2021-07-16 08:53:17,516 INFO  [DNFCalculating] log_result_queue_info:1472: calc#1: 排行: try_fetch_result periodly report remaining_qize=1 sync_batch_size=100 processed_result=116000, speed=2625.70/s totalWork=7
2021-07-16 08:53:18,041 INFO  [DNFCalculating] log_result_queue_info:1472: calc#1: 排行: try_fetch_result_in_background remaining_qize=12 sync_batch_size=100 processed_result=116100, speed=2597.09/s totalWork=7
2021-07-16 08:53:18,042 INFO  [DNFCalculating] log_result_queue_info:1472: calc#1: 排行: try_fetch_result periodly report remaining_qize=11 sync_batch_size=100 processed_result=116200, speed=2599.27/s totalWork=7
2021-07-16 08:53:18,042 INFO  [DNFCalculating] log_result_queue_info:1472: calc#1: 排行: try_fetch_result periodly report remaining_qize=3 sync_batch_size=100 processed_result=117000, speed=2617.16/s totalWork=7
2021-07-16 08:53:18,554 INFO  [DNFCalculating] log_result_queue_info:1472: calc#1: 排行: try_fetch_result_in_background remaining_qize=9 sync_batch_size=100 processed_result=117300, speed=2594.15/s totalWork=7
2021-07-16 08:53:18,555 INFO  [DNFCalculating] log_result_queue_info:1472: calc#1: 排行: try_fetch_result periodly report remaining_qize=8 sync_batch_size=100 processed_result=117400, speed=2596.31/s totalWork=7
2021-07-16 08:53:18,555 INFO  [DNFCalculating] log_result_queue_info:1472: calc#1: 排行: try_fetch_result periodly report remaining_qize=3 sync_batch_size=100 processed_result=118000, speed=2609.58/s totalWork=7
2021-07-16 08:53:19,076 INFO  [DNFCalculating] log_result_queue_info:1472: calc#1: 排行: try_fetch_result_in_background remaining_qize=11 sync_batch_size=100 processed_result=118300, speed=2586.43/s totalWork=7
2021-07-16 08:53:19,077 INFO  [DNFCalculating] log_result_queue_info:1472: calc#1: 排行: try_fetch_result periodly report remaining_qize=10 sync_batch_size=100 processed_result=118400, speed=2588.56/s totalWork=7
2021-07-16 08:53:19,077 INFO  [DNFCalculating] log_result_queue_info:1472: calc#1: 排行: try_fetch_result periodly report remaining_qize=4 sync_batch_size=100 processed_result=119000, speed=2601.68/s totalWork=7
2021-07-16 08:53:19,587 INFO  [DNFCalculating] log_result_queue_info:1472: calc#1: 排行: try_fetch_result_in_background remaining_qize=10 sync_batch_size=100 processed_result=119400, speed=2581.63/s totalWork=7
2021-07-16 08:53:19,588 INFO  [DNFCalculating] log_result_queue_info:1472: calc#1: 排行: try_fetch_result periodly report remaining_qize=9 sync_batch_size=100 processed_result=119500, speed=2583.74/s totalWork=7
2021-07-16 08:53:19,588 INFO  [DNFCalculating] log_result_queue_info:1472: calc#1: 排行: try_fetch_result periodly report remaining_qize=4 sync_batch_size=100 processed_result=120000, speed=2594.55/s totalWork=7
2021-07-16 08:53:20,101 INFO  [DNFCalculating] log_result_queue_info:1472: calc#1: 排行: try_fetch_result_in_background remaining_qize=10 sync_batch_size=100 processed_result=120400, speed=2574.65/s totalWork=7
2021-07-16 08:53:20,102 INFO  [DNFCalculating] log_result_queue_info:1472: calc#1: 排行: try_fetch_result periodly report remaining_qize=9 sync_batch_size=100 processed_result=120500, speed=2576.72/s totalWork=7
2021-07-16 08:53:20,103 INFO  [DNFCalculating] log_result_queue_info:1472: calc#1: 排行: try_fetch_result periodly report remaining_qize=4 sync_batch_size=100 processed_result=121000, speed=2587.36/s totalWork=7
2021-07-16 08:53:20,613 INFO  [DNFCalculating] log_result_queue_info:1472: calc#1: 排行: try_fetch_result_in_background remaining_qize=10 sync_batch_size=100 processed_result=121400, speed=2567.90/s totalWork=7
2021-07-16 08:53:20,614 INFO  [DNFCalculating] log_result_queue_info:1472: calc#1: 排行: try_fetch_result periodly report remaining_qize=9 sync_batch_size=100 processed_result=121500, speed=2569.96/s totalWork=7
2021-07-16 08:53:20,614 INFO  [DNFCalculating] log_result_queue_info:1472: calc#1: 排行: try_fetch_result periodly report remaining_qize=4 sync_batch_size=100 processed_result=122000, speed=2580.54/s totalWork=7
2021-07-16 08:53:21,134 INFO  [DNFCalculating] log_result_queue_info:1472: calc#1: 排行: try_fetch_result_in_background remaining_qize=11 sync_batch_size=100 processed_result=122400, speed=2560.87/s totalWork=7
2021-07-16 08:53:21,135 INFO  [DNFCalculating] log_result_queue_info:1472: calc#1: 排行: try_fetch_result periodly report remaining_qize=10 sync_batch_size=100 processed_result=122500, speed=2562.91/s totalWork=7
2021-07-16 08:53:21,135 INFO  [DNFCalculating] log_result_queue_info:1472: calc#1: 排行: try_fetch_result periodly report remaining_qize=5 sync_batch_size=100 processed_result=123000, speed=2573.37/s totalWork=7
2021-07-16 08:53:21,651 INFO  [DNFCalculating] log_result_queue_info:1472: calc#1: 排行: try_fetch_result_in_background remaining_qize=10 sync_batch_size=100 processed_result=123500, speed=2556.20/s totalWork=7
2021-07-16 08:53:21,653 INFO  [DNFCalculating] log_result_queue_info:1472: calc#1: 排行: try_fetch_result periodly report remaining_qize=9 sync_batch_size=100 processed_result=123600, speed=2558.18/s totalWork=7
2021-07-16 08:53:21,654 INFO  [DNFCalculating] log_result_queue_info:1472: calc#1: 排行: try_fetch_result periodly report remaining_qize=5 sync_batch_size=100 processed_result=124000, speed=2566.40/s totalWork=7
2021-07-16 08:53:22,175 INFO  [DNFCalculating] log_result_queue_info:1472: calc#1: 排行: try_fetch_result_in_background remaining_qize=9 sync_batch_size=100 processed_result=124500, speed=2549.27/s totalWork=7
2021-07-16 08:53:22,176 INFO  [DNFCalculating] log_result_queue_info:1472: calc#1: 排行: try_fetch_result periodly report remaining_qize=8 sync_batch_size=100 processed_result=124600, speed=2551.26/s totalWork=7
2021-07-16 08:53:22,176 INFO  [DNFCalculating] log_result_queue_info:1472: calc#1: 排行: try_fetch_result periodly report remaining_qize=4 sync_batch_size=100 processed_result=125000, speed=2559.46/s totalWork=7
2021-07-16 08:53:22,691 INFO  [DNFCalculating] log_result_queue_info:1472: calc#1: 排行: try_fetch_result_in_background remaining_qize=12 sync_batch_size=100 processed_result=125400, speed=2540.84/s totalWork=7
2021-07-16 08:53:22,692 INFO  [DNFCalculating] log_result_queue_info:1472: calc#1: 排行: try_fetch_result periodly report remaining_qize=11 sync_batch_size=100 processed_result=125500, speed=2542.81/s totalWork=7
2021-07-16 08:53:22,692 INFO  [DNFCalculating] log_result_queue_info:1472: calc#1: 排行: try_fetch_result periodly report remaining_qize=6 sync_batch_size=100 processed_result=126000, speed=2552.94/s totalWork=7
2021-07-16 08:53:23,224 INFO  [DNFCalculating] log_result_queue_info:1472: calc#1: 排行: try_fetch_result_in_background remaining_qize=8 sync_batch_size=100 processed_result=126600, speed=2537.77/s totalWork=7
2021-07-16 08:53:23,225 INFO  [DNFCalculating] log_result_queue_info:1472: calc#1: 排行: try_fetch_result periodly report remaining_qize=7 sync_batch_size=100 processed_result=126700, speed=2539.73/s totalWork=7
2021-07-16 08:53:23,225 INFO  [DNFCalculating] log_result_queue_info:1472: calc#1: 排行: try_fetch_result periodly report remaining_qize=4 sync_batch_size=100 processed_result=127000, speed=2545.74/s totalWork=7
2021-07-16 08:53:23,743 INFO  [DNFCalculating] log_result_queue_info:1472: calc#1: 排行: try_fetch_result_in_background remaining_qize=11 sync_batch_size=100 processed_result=127400, speed=2527.51/s totalWork=7
2021-07-16 08:53:23,744 INFO  [DNFCalculating] log_result_queue_info:1472: calc#1: 排行: try_fetch_result periodly report remaining_qize=10 sync_batch_size=100 processed_result=127500, speed=2529.45/s totalWork=7
2021-07-16 08:53:23,749 INFO  [DNFCalculating] log_result_queue_info:1472: calc#1: 排行: try_fetch_result periodly report remaining_qize=5 sync_batch_size=100 processed_result=128000, speed=2539.12/s totalWork=7
2021-07-16 08:53:24,260 INFO  [DNFCalculating] log_result_queue_info:1472: calc#1: 排行: try_fetch_result_in_background remaining_qize=9 sync_batch_size=100 processed_result=128500, speed=2523.43/s totalWork=7
2021-07-16 08:53:24,261 INFO  [DNFCalculating] log_result_queue_info:1472: calc#1: 排行: try_fetch_result periodly report remaining_qize=8 sync_batch_size=100 processed_result=128600, speed=2525.35/s totalWork=7
2021-07-16 08:53:24,261 INFO  [DNFCalculating] log_result_queue_info:1472: calc#1: 排行: try_fetch_result periodly report remaining_qize=4 sync_batch_size=100 processed_result=129000, speed=2533.20/s totalWork=7
2021-07-16 08:53:24,775 INFO  [DNFCalculating] log_result_queue_info:1472: calc#1: 排行: try_fetch_result_in_background remaining_qize=12 sync_batch_size=100 processed_result=129400, speed=2515.65/s totalWork=7
2021-07-16 08:53:24,776 INFO  [DNFCalculating] log_result_queue_info:1472: calc#1: 排行: try_fetch_result periodly report remaining_qize=11 sync_batch_size=100 processed_result=129500, speed=2517.55/s totalWork=7
2021-07-16 08:53:24,776 INFO  [DNFCalculating] log_result_queue_info:1472: calc#1: 排行: try_fetch_result periodly report remaining_qize=6 sync_batch_size=100 processed_result=130000, speed=2527.27/s totalWork=7
2021-07-16 08:53:25,293 INFO  [DNFCalculating] log_result_queue_info:1472: calc#1: 排行: try_fetch_result_in_background remaining_qize=9 sync_batch_size=100 processed_result=130600, speed=2513.67/s totalWork=7
2021-07-16 08:53:25,294 INFO  [DNFCalculating] log_result_queue_info:1472: calc#1: 排行: try_fetch_result periodly report remaining_qize=8 sync_batch_size=100 processed_result=130700, speed=2515.54/s totalWork=7
2021-07-16 08:53:25,294 INFO  [DNFCalculating] log_result_queue_info:1472: calc#1: 排行: try_fetch_result periodly report remaining_qize=5 sync_batch_size=100 processed_result=131000, speed=2521.32/s totalWork=7
2021-07-16 08:53:25,808 INFO  [DNFCalculating] log_result_queue_info:1472: calc#1: 排行: try_fetch_result_in_background remaining_qize=10 sync_batch_size=100 processed_result=131500, speed=2506.17/s totalWork=7
2021-07-16 08:53:25,809 INFO  [DNFCalculating] log_result_queue_info:1472: calc#1: 排行: try_fetch_result periodly report remaining_qize=9 sync_batch_size=100 processed_result=131600, speed=2508.03/s totalWork=7
2021-07-16 08:53:25,809 INFO  [DNFCalculating] log_result_queue_info:1472: calc#1: 排行: try_fetch_result periodly report remaining_qize=5 sync_batch_size=100 processed_result=132000, speed=2515.65/s totalWork=7
2021-07-16 08:53:26,322 INFO  [DNFCalculating] log_result_queue_info:1472: calc#1: 排行: try_fetch_result_in_background remaining_qize=10 sync_batch_size=100 processed_result=132500, speed=2500.74/s totalWork=7
2021-07-16 08:53:26,324 INFO  [DNFCalculating] log_result_queue_info:1472: calc#1: 排行: try_fetch_result periodly report remaining_qize=9 sync_batch_size=100 processed_result=132600, speed=2502.53/s totalWork=7
2021-07-16 08:53:26,324 INFO  [DNFCalculating] log_result_queue_info:1472: calc#1: 排行: try_fetch_result periodly report remaining_qize=5 sync_batch_size=100 processed_result=133000, speed=2510.08/s totalWork=7
2021-07-16 08:53:26,842 INFO  [DNFCalculating] log_result_queue_info:1472: calc#1: 排行: try_fetch_result_in_background remaining_qize=10 sync_batch_size=100 processed_result=133500, speed=2495.12/s totalWork=7
2021-07-16 08:53:26,843 INFO  [DNFCalculating] log_result_queue_info:1472: calc#1: 排行: try_fetch_result periodly report remaining_qize=9 sync_batch_size=100 processed_result=133600, speed=2496.94/s totalWork=7
2021-07-16 08:53:26,845 INFO  [DNFCalculating] log_result_queue_info:1472: calc#1: 排行: try_fetch_result periodly report remaining_qize=5 sync_batch_size=100 processed_result=134000, speed=2504.31/s totalWork=7
2021-07-16 08:53:27,356 INFO  [DNFCalculating] log_result_queue_info:1472: calc#1: 排行: try_fetch_result_in_background remaining_qize=9 sync_batch_size=100 processed_result=134600, speed=2491.71/s totalWork=7
2021-07-16 08:53:27,357 INFO  [DNFCalculating] log_result_queue_info:1472: calc#1: 排行: try_fetch_result periodly report remaining_qize=8 sync_batch_size=100 processed_result=134700, speed=2493.52/s totalWork=7
2021-07-16 08:53:27,357 INFO  [DNFCalculating] log_result_queue_info:1472: calc#1: 排行: try_fetch_result periodly report remaining_qize=5 sync_batch_size=100 processed_result=135000, speed=2499.07/s totalWork=7
2021-07-16 08:53:27,868 INFO  [DNFCalculating] log_result_queue_info:1472: calc#1: 排行: try_fetch_result_in_background remaining_qize=9 sync_batch_size=100 processed_result=135600, speed=2486.68/s totalWork=7
2021-07-16 08:53:27,869 INFO  [DNFCalculating] log_result_queue_info:1472: calc#1: 排行: try_fetch_result periodly report remaining_qize=8 sync_batch_size=100 processed_result=135700, speed=2488.47/s totalWork=7
2021-07-16 08:53:27,869 INFO  [DNFCalculating] log_result_queue_info:1472: calc#1: 排行: try_fetch_result periodly report remaining_qize=5 sync_batch_size=100 processed_result=136000, speed=2493.97/s totalWork=7
2021-07-16 08:53:28,392 INFO  [DNFCalculating] log_result_queue_info:1472: calc#1: 排行: try_fetch_result_in_background remaining_qize=9 sync_batch_size=100 processed_result=136500, speed=2479.35/s totalWork=7
2021-07-16 08:53:28,393 INFO  [DNFCalculating] log_result_queue_info:1472: calc#1: 排行: try_fetch_result periodly report remaining_qize=8 sync_batch_size=100 processed_result=136600, speed=2481.13/s totalWork=7
2021-07-16 08:53:28,397 INFO  [DNFCalculating] log_result_queue_info:1472: calc#1: 排行: try_fetch_result periodly report remaining_qize=4 sync_batch_size=100 processed_result=137000, speed=2488.20/s totalWork=7
2021-07-16 08:53:28,913 INFO  [DNFCalculating] log_result_queue_info:1472: calc#1: 排行: try_fetch_result_in_background remaining_qize=8 sync_batch_size=100 processed_result=137400, speed=2472.31/s totalWork=7
2021-07-16 08:53:28,914 INFO  [DNFCalculating] log_result_queue_info:1472: calc#1: 排行: try_fetch_result periodly report remaining_qize=8 sync_batch_size=100 processed_result=137500, speed=2474.07/s totalWork=7
2021-07-16 08:53:28,919 INFO  [DNFCalculating] log_result_queue_info:1472: calc#1: 排行: try_fetch_result periodly report remaining_qize=3 sync_batch_size=100 processed_result=138000, speed=2482.84/s totalWork=7
2021-07-16 08:53:29,424 INFO  [DNFCalculating] log_result_queue_info:1472: calc#1: 排行: try_fetch_result_in_background remaining_qize=8 sync_batch_size=100 processed_result=138300, speed=2465.85/s totalWork=7
2021-07-16 08:53:29,425 INFO  [DNFCalculating] log_result_queue_info:1472: calc#1: 排行: try_fetch_result periodly report remaining_qize=7 sync_batch_size=100 processed_result=138400, speed=2467.59/s totalWork=7
2021-07-16 08:53:29,425 INFO  [DNFCalculating] log_result_queue_info:1472: calc#1: 排行: try_fetch_result periodly report remaining_qize=1 sync_batch_size=100 processed_result=139000, speed=2478.28/s totalWork=7
2021-07-16 08:53:29,945 INFO  [DNFCalculating] log_result_queue_info:1472: calc#1: 排行: try_fetch_result_in_background remaining_qize=9 sync_batch_size=100 processed_result=139100, speed=2457.28/s totalWork=7
2021-07-16 08:53:29,946 INFO  [DNFCalculating] log_result_queue_info:1472: calc#1: 排行: try_fetch_result periodly report remaining_qize=8 sync_batch_size=100 processed_result=139200, speed=2459.00/s totalWork=7
2021-07-16 08:53:29,946 INFO  [DNFCalculating] log_result_queue_info:1472: calc#1: 排行: try_fetch_result periodly report remaining_qize=0 sync_batch_size=100 processed_result=140000, speed=2473.14/s totalWork=7
2021-07-16 08:53:30,455 INFO  [DNFCalculating] log_result_queue_info:1472: calc#1: 排行: try_fetch_result_in_background remaining_qize=9 sync_batch_size=100 processed_result=140000, speed=2451.06/s totalWork=7
2021-07-16 08:53:30,456 INFO  [DNFCalculating] log_result_queue_info:1472: calc#1: 排行: try_fetch_result periodly report remaining_qize=8 sync_batch_size=100 processed_result=140100, speed=2452.77/s totalWork=7
2021-07-16 08:53:30,969 INFO  [DNFCalculating] log_result_queue_info:1472: calc#1: 排行: try_fetch_result_in_background remaining_qize=9 sync_batch_size=100 processed_result=140900, speed=2444.84/s totalWork=7
2021-07-16 08:53:30,970 INFO  [DNFCalculating] log_result_queue_info:1472: calc#1: 排行: try_fetch_result periodly report remaining_qize=8 sync_batch_size=100 processed_result=141000, speed=2446.54/s totalWork=7
2021-07-16 08:53:31,478 INFO  [DNFCalculating] log_result_queue_info:1472: calc#1: 排行: try_fetch_result_in_background remaining_qize=11 sync_batch_size=100 processed_result=141800, speed=2438.89/s totalWork=7
2021-07-16 08:53:31,479 INFO  [DNFCalculating] log_result_queue_info:1472: calc#1: 排行: try_fetch_result periodly report remaining_qize=10 sync_batch_size=100 processed_result=141900, speed=2440.57/s totalWork=7
2021-07-16 08:53:31,479 INFO  [DNFCalculating] log_result_queue_info:1472: calc#1: 排行: try_fetch_result periodly report remaining_qize=9 sync_batch_size=100 processed_result=142000, speed=2442.29/s totalWork=7
2021-07-16 08:53:32,002 INFO  [DNFCalculating] log_result_queue_info:1472: calc#1: 排行: try_fetch_result_in_background remaining_qize=9 sync_batch_size=100 processed_result=142900, speed=2435.86/s totalWork=7
2021-07-16 08:53:32,003 INFO  [DNFCalculating] log_result_queue_info:1472: calc#1: 排行: try_fetch_result periodly report remaining_qize=8 sync_batch_size=100 processed_result=143000, speed=2437.52/s totalWork=7
2021-07-16 08:53:32,528 INFO  [DNFCalculating] log_result_queue_info:1472: calc#1: 排行: try_fetch_result_in_background remaining_qize=9 sync_batch_size=100 processed_result=143800, speed=2429.45/s totalWork=7
2021-07-16 08:53:32,529 INFO  [DNFCalculating] log_result_queue_info:1472: calc#1: 排行: try_fetch_result periodly report remaining_qize=8 sync_batch_size=100 processed_result=143900, speed=2431.09/s totalWork=7
2021-07-16 08:53:32,529 INFO  [DNFCalculating] log_result_queue_info:1472: calc#1: 排行: try_fetch_result periodly report remaining_qize=7 sync_batch_size=100 processed_result=144000, speed=2432.78/s totalWork=7
2021-07-16 08:53:33,043 INFO  [DNFCalculating] log_result_queue_info:1472: calc#1: 排行: try_fetch_result_in_background remaining_qize=8 sync_batch_size=100 processed_result=144700, speed=2423.54/s totalWork=7
2021-07-16 08:53:33,045 INFO  [DNFCalculating] log_result_queue_info:1472: calc#1: 排行: try_fetch_result periodly report remaining_qize=7 sync_batch_size=100 processed_result=144800, speed=2425.13/s totalWork=7
2021-07-16 08:53:33,047 INFO  [DNFCalculating] log_result_queue_info:1472: calc#1: 排行: try_fetch_result periodly report remaining_qize=5 sync_batch_size=100 processed_result=145000, speed=2428.41/s totalWork=7
2021-07-16 08:53:33,557 INFO  [DNFCalculating] log_result_queue_info:1472: calc#1: 排行: try_fetch_result_in_background remaining_qize=11 sync_batch_size=100 processed_result=145500, speed=2416.15/s totalWork=7
2021-07-16 08:53:33,558 INFO  [DNFCalculating] log_result_queue_info:1472: calc#1: 排行: try_fetch_result periodly report remaining_qize=10 sync_batch_size=100 processed_result=145600, speed=2417.76/s totalWork=7
2021-07-16 08:53:33,563 INFO  [DNFCalculating] log_result_queue_info:1472: calc#1: 排行: try_fetch_result periodly report remaining_qize=5 sync_batch_size=100 processed_result=146032, speed=2424.75/s totalWork=7
2021-07-16 08:53:34,072 INFO  [DNFCalculating] log_result_queue_info:1472: calc#1: 排行: try_fetch_result_in_background remaining_qize=8 sync_batch_size=100 processed_result=146464, speed=2411.55/s totalWork=7
2021-07-16 08:53:34,072 INFO  [DNFCalculating] log_result_queue_info:1472: calc#1: 排行: try_fetch_result periodly report remaining_qize=7 sync_batch_size=100 processed_result=146564, speed=2413.20/s totalWork=7
2021-07-16 08:53:34,072 INFO  [DNFCalculating] log_result_queue_info:1472: calc#1: 排行: try_fetch_result periodly report remaining_qize=2 sync_batch_size=100 processed_result=147064, speed=2421.43/s totalWork=7
2021-07-16 08:53:34,596 INFO  [DNFCalculating] log_result_queue_info:1472: calc#1: 排行: try_fetch_result_in_background remaining_qize=10 sync_batch_size=100 processed_result=147264, speed=2403.97/s totalWork=7
2021-07-16 08:53:34,596 INFO  [DNFCalculating] log_result_queue_info:1472: calc#1: 排行: try_fetch_result periodly report remaining_qize=9 sync_batch_size=100 processed_result=147364, speed=2405.61/s totalWork=7
2021-07-16 08:53:34,596 INFO  [DNFCalculating] log_result_queue_info:1472: calc#1: 排行: try_fetch_result periodly report remaining_qize=2 sync_batch_size=100 processed_result=148064, speed=2417.03/s totalWork=7
2021-07-16 08:53:35,111 INFO  [DNFCalculating] log_result_queue_info:1472: calc#1: 排行: try_fetch_result_in_background remaining_qize=8 sync_batch_size=100 processed_result=148264, speed=2400.13/s totalWork=7
2021-07-16 08:53:35,112 INFO  [DNFCalculating] log_result_queue_info:1472: calc#1: 排行: try_fetch_result periodly report remaining_qize=7 sync_batch_size=100 processed_result=148364, speed=2401.71/s totalWork=7
2021-07-16 08:53:35,117 INFO  [DNFCalculating] log_result_queue_info:1472: calc#1: 排行: try_fetch_result periodly report remaining_qize=0 sync_batch_size=100 processed_result=149064, speed=2412.84/s totalWork=7
2021-07-16 08:53:35,635 INFO  [DNFCalculating] log_result_queue_info:1472: calc#1: 排行: try_fetch_result_in_background remaining_qize=7 sync_batch_size=100 processed_result=149064, speed=2392.77/s totalWork=7
2021-07-16 08:53:35,636 INFO  [DNFCalculating] log_result_queue_info:1472: calc#1: 排行: try_fetch_result periodly report remaining_qize=6 sync_batch_size=100 processed_result=149164, speed=2394.34/s totalWork=7
2021-07-16 08:53:36,160 INFO  [DNFCalculating] log_result_queue_info:1472: calc#1: 排行: try_fetch_result_in_background remaining_qize=9 sync_batch_size=100 processed_result=149695, speed=2382.81/s totalWork=7
2021-07-16 08:53:36,160 INFO  [DNFCalculating] log_result_queue_info:1472: calc#1: 排行: try_fetch_result periodly report remaining_qize=8 sync_batch_size=100 processed_result=149795, speed=2384.40/s totalWork=7
2021-07-16 08:53:36,160 INFO  [DNFCalculating] log_result_queue_info:1472: calc#1: 排行: try_fetch_result periodly report remaining_qize=5 sync_batch_size=100 processed_result=150027, speed=2388.09/s totalWork=7
2021-07-16 08:53:36,414 WARNI [DNFCalculating] 计算线程:1581: 所有工作线程均已完成计算，总计用时=01m3.47s
2021-07-16 08:53:36,681 INFO  [DNFCalculating] log_result_queue_info:1472: calc#1: 排行: after join remaining_qize=4 sync_batch_size=100 processed_result=150458, speed=2375.28/s totalWork=7
2021-07-16 08:53:36,681 INFO  [DNFCalculating] log_result_queue_info:1472: calc#1: 排行: try_fetch_result periodly report remaining_qize=3 sync_batch_size=100 processed_result=150558, speed=2376.86/s totalWork=7
2021-07-16 08:53:36,681 INFO  [DNFCalculating] log_result_queue_info:1472: calc#1: 排行: after final remaining_qize=0 sync_batch_size=100 processed_result=150720, speed=2379.41/s totalWork=7
