2021-06-13 20:32:01,342 DEBUG [urllib3.connectionpool] _new_conn:971: Starting new HTTPS connection (1): pan.lanzous.com:443
2021-06-13 20:32:01,388 DEBUG [urllib3.connectionpool] _new_conn:971: Starting new HTTPS connection (1): pan.lanzous.com:443
2021-06-13 20:32:35,557 INFO  [DNFCalculating] 计算线程:1354: 开始计算
2021-06-13 20:32:36,118 INFO  [DNFCalculating] log_result_queue_info:1367: calc#1: 排行: try_fetch_result_in_background remaining_qize=0 sync_batch_size=100 processed_result=0, speed=0.00/s totalWork=0
2021-06-13 20:32:36,702 INFO  [DNFCalculating] log_result_queue_info:1367: calc#1: 排行: try_fetch_result_in_background remaining_qize=0 sync_batch_size=100 processed_result=0, speed=0.00/s totalWork=0
2021-06-13 20:32:37,271 INFO  [DNFCalculating] log_result_queue_info:1367: calc#1: 排行: try_fetch_result_in_background remaining_qize=0 sync_batch_size=100 processed_result=0, speed=0.00/s totalWork=7
2021-06-13 20:32:37,779 INFO  [DNFCalculating] log_result_queue_info:1367: calc#1: 排行: try_fetch_result_in_background remaining_qize=2 sync_batch_size=100 processed_result=0, speed=0.00/s totalWork=7
2021-06-13 20:32:38,286 INFO  [DNFCalculating] log_result_queue_info:1367: calc#1: 排行: try_fetch_result_in_background remaining_qize=2 sync_batch_size=100 processed_result=200, speed=85.34/s totalWork=7
2021-06-13 20:32:38,794 INFO  [DNFCalculating] log_result_queue_info:1367: calc#1: 排行: try_fetch_result_in_background remaining_qize=2 sync_batch_size=100 processed_result=400, speed=140.30/s totalWork=7
2021-06-13 20:32:39,301 INFO  [DNFCalculating] log_result_queue_info:1367: calc#1: 排行: try_fetch_result_in_background remaining_qize=4 sync_batch_size=100 processed_result=600, speed=178.66/s totalWork=7
2021-06-13 20:32:39,308 INFO  [DNFCalculating] log_result_queue_info:1367: calc#1: 排行: try_fetch_result periodly report remaining_qize=0 sync_batch_size=100 processed_result=1000, speed=297.14/s totalWork=7
2021-06-13 20:32:39,824 INFO  [DNFCalculating] log_result_queue_info:1367: calc#1: 排行: try_fetch_result_in_background remaining_qize=5 sync_batch_size=100 processed_result=1000, speed=257.65/s totalWork=7
2021-06-13 20:32:39,826 INFO  [DNFCalculating] log_result_queue_info:1367: calc#1: 排行: try_fetch_result periodly report remaining_qize=4 sync_batch_size=100 processed_result=1100, speed=283.27/s totalWork=7
2021-06-13 20:32:40,347 INFO  [DNFCalculating] log_result_queue_info:1367: calc#1: 排行: try_fetch_result_in_background remaining_qize=5 sync_batch_size=100 processed_result=1500, speed=340.60/s totalWork=7
2021-06-13 20:32:40,349 INFO  [DNFCalculating] log_result_queue_info:1367: calc#1: 排行: try_fetch_result periodly report remaining_qize=4 sync_batch_size=100 processed_result=1600, speed=363.10/s totalWork=7
2021-06-13 20:32:40,355 INFO  [DNFCalculating] log_result_queue_info:1367: calc#1: 排行: try_fetch_result periodly report remaining_qize=0 sync_batch_size=100 processed_result=2000, speed=453.27/s totalWork=7
2021-06-13 20:32:40,869 INFO  [DNFCalculating] log_result_queue_info:1367: calc#1: 排行: try_fetch_result_in_background remaining_qize=6 sync_batch_size=100 processed_result=2000, speed=405.95/s totalWork=7
2021-06-13 20:32:40,871 INFO  [DNFCalculating] log_result_queue_info:1367: calc#1: 排行: try_fetch_result periodly report remaining_qize=5 sync_batch_size=100 processed_result=2100, speed=426.07/s totalWork=7
2021-06-13 20:32:41,392 INFO  [DNFCalculating] log_result_queue_info:1367: calc#1: 排行: try_fetch_result_in_background remaining_qize=5 sync_batch_size=100 processed_result=2600, speed=477.10/s totalWork=7
2021-06-13 20:32:41,395 INFO  [DNFCalculating] log_result_queue_info:1367: calc#1: 排行: try_fetch_result periodly report remaining_qize=4 sync_batch_size=100 processed_result=2700, speed=495.18/s totalWork=7
2021-06-13 20:32:41,400 INFO  [DNFCalculating] log_result_queue_info:1367: calc#1: 排行: try_fetch_result periodly report remaining_qize=1 sync_batch_size=100 processed_result=3000, speed=549.70/s totalWork=7
2021-06-13 20:32:41,915 INFO  [DNFCalculating] log_result_queue_info:1367: calc#1: 排行: try_fetch_result_in_background remaining_qize=4 sync_batch_size=100 processed_result=3100, speed=519.06/s totalWork=7
2021-06-13 20:32:41,917 INFO  [DNFCalculating] log_result_queue_info:1367: calc#1: 排行: try_fetch_result periodly report remaining_qize=3 sync_batch_size=100 processed_result=3200, speed=535.63/s totalWork=7
2021-06-13 20:32:42,422 INFO  [DNFCalculating] log_result_queue_info:1367: calc#1: 排行: try_fetch_result_in_background remaining_qize=5 sync_batch_size=100 processed_result=3500, speed=540.14/s totalWork=7
2021-06-13 20:32:42,425 INFO  [DNFCalculating] log_result_queue_info:1367: calc#1: 排行: try_fetch_result periodly report remaining_qize=4 sync_batch_size=100 processed_result=3600, speed=555.36/s totalWork=7
2021-06-13 20:32:42,430 INFO  [DNFCalculating] log_result_queue_info:1367: calc#1: 排行: try_fetch_result periodly report remaining_qize=0 sync_batch_size=100 processed_result=4000, speed=616.55/s totalWork=7
2021-06-13 20:32:42,945 INFO  [DNFCalculating] log_result_queue_info:1367: calc#1: 排行: try_fetch_result_in_background remaining_qize=6 sync_batch_size=100 processed_result=4000, speed=571.22/s totalWork=7
2021-06-13 20:32:42,948 INFO  [DNFCalculating] log_result_queue_info:1367: calc#1: 排行: try_fetch_result periodly report remaining_qize=5 sync_batch_size=100 processed_result=4100, speed=585.29/s totalWork=7
2021-06-13 20:32:43,468 INFO  [DNFCalculating] log_result_queue_info:1367: calc#1: 排行: try_fetch_result_in_background remaining_qize=4 sync_batch_size=100 processed_result=4600, speed=611.27/s totalWork=7
2021-06-13 20:32:43,470 INFO  [DNFCalculating] log_result_queue_info:1367: calc#1: 排行: try_fetch_result periodly report remaining_qize=3 sync_batch_size=100 processed_result=4700, speed=624.39/s totalWork=7
2021-06-13 20:32:43,474 INFO  [DNFCalculating] log_result_queue_info:1367: calc#1: 排行: try_fetch_result periodly report remaining_qize=0 sync_batch_size=100 processed_result=5000, speed=663.85/s totalWork=7
2021-06-13 20:32:43,976 INFO  [DNFCalculating] log_result_queue_info:1367: calc#1: 排行: try_fetch_result_in_background remaining_qize=4 sync_batch_size=100 processed_result=5000, speed=622.41/s totalWork=7
2021-06-13 20:32:43,978 INFO  [DNFCalculating] log_result_queue_info:1367: calc#1: 排行: try_fetch_result periodly report remaining_qize=3 sync_batch_size=100 processed_result=5100, speed=634.71/s totalWork=7
2021-06-13 20:32:44,483 INFO  [DNFCalculating] log_result_queue_info:1367: calc#1: 排行: try_fetch_result_in_background remaining_qize=6 sync_batch_size=100 processed_result=5400, speed=632.31/s totalWork=7
2021-06-13 20:32:44,485 INFO  [DNFCalculating] log_result_queue_info:1367: calc#1: 排行: try_fetch_result periodly report remaining_qize=5 sync_batch_size=100 processed_result=5500, speed=643.83/s totalWork=7
2021-06-13 20:32:44,496 INFO  [DNFCalculating] log_result_queue_info:1367: calc#1: 排行: try_fetch_result periodly report remaining_qize=0 sync_batch_size=100 processed_result=6000, speed=701.51/s totalWork=7
2021-06-13 20:32:45,006 INFO  [DNFCalculating] log_result_queue_info:1367: calc#1: 排行: try_fetch_result_in_background remaining_qize=5 sync_batch_size=100 processed_result=6000, speed=662.04/s totalWork=7
2021-06-13 20:32:45,008 INFO  [DNFCalculating] log_result_queue_info:1367: calc#1: 排行: try_fetch_result periodly report remaining_qize=4 sync_batch_size=100 processed_result=6100, speed=672.92/s totalWork=7
2021-06-13 20:32:45,528 INFO  [DNFCalculating] log_result_queue_info:1367: calc#1: 排行: try_fetch_result_in_background remaining_qize=5 sync_batch_size=100 processed_result=6600, speed=688.53/s totalWork=7
2021-06-13 20:32:45,530 INFO  [DNFCalculating] log_result_queue_info:1367: calc#1: 排行: try_fetch_result periodly report remaining_qize=4 sync_batch_size=100 processed_result=6700, speed=698.81/s totalWork=7
2021-06-13 20:32:45,535 INFO  [DNFCalculating] log_result_queue_info:1367: calc#1: 排行: try_fetch_result periodly report remaining_qize=1 sync_batch_size=100 processed_result=7000, speed=729.76/s totalWork=7
2021-06-13 20:32:46,052 INFO  [DNFCalculating] log_result_queue_info:1367: calc#1: 排行: try_fetch_result_in_background remaining_qize=5 sync_batch_size=100 processed_result=7100, speed=702.35/s totalWork=7
2021-06-13 20:32:46,054 INFO  [DNFCalculating] log_result_queue_info:1367: calc#1: 排行: try_fetch_result periodly report remaining_qize=4 sync_batch_size=100 processed_result=7200, speed=712.13/s totalWork=7
2021-06-13 20:32:46,574 INFO  [DNFCalculating] log_result_queue_info:1367: calc#1: 排行: try_fetch_result_in_background remaining_qize=5 sync_batch_size=100 processed_result=7600, speed=714.87/s totalWork=7
2021-06-13 20:32:46,576 INFO  [DNFCalculating] log_result_queue_info:1367: calc#1: 排行: try_fetch_result periodly report remaining_qize=4 sync_batch_size=100 processed_result=7700, speed=724.14/s totalWork=7
2021-06-13 20:32:46,581 INFO  [DNFCalculating] log_result_queue_info:1367: calc#1: 排行: try_fetch_result periodly report remaining_qize=1 sync_batch_size=100 processed_result=8000, speed=752.01/s totalWork=7
2021-06-13 20:32:47,097 INFO  [DNFCalculating] log_result_queue_info:1367: calc#1: 排行: try_fetch_result_in_background remaining_qize=5 sync_batch_size=100 processed_result=8100, speed=726.19/s totalWork=7
2021-06-13 20:32:47,099 INFO  [DNFCalculating] log_result_queue_info:1367: calc#1: 排行: try_fetch_result periodly report remaining_qize=4 sync_batch_size=100 processed_result=8200, speed=735.03/s totalWork=7
2021-06-13 20:32:47,619 INFO  [DNFCalculating] log_result_queue_info:1367: calc#1: 排行: try_fetch_result_in_background remaining_qize=4 sync_batch_size=100 processed_result=8600, speed=736.50/s totalWork=7
2021-06-13 20:32:47,621 INFO  [DNFCalculating] log_result_queue_info:1367: calc#1: 排行: try_fetch_result periodly report remaining_qize=4 sync_batch_size=100 processed_result=8700, speed=744.94/s totalWork=7
2021-06-13 20:32:47,626 INFO  [DNFCalculating] log_result_queue_info:1367: calc#1: 排行: try_fetch_result periodly report remaining_qize=1 sync_batch_size=100 processed_result=9000, speed=770.30/s totalWork=7
2021-06-13 20:32:48,142 INFO  [DNFCalculating] log_result_queue_info:1367: calc#1: 排行: try_fetch_result_in_background remaining_qize=5 sync_batch_size=100 processed_result=9100, speed=745.92/s totalWork=7
2021-06-13 20:32:48,144 INFO  [DNFCalculating] log_result_queue_info:1367: calc#1: 排行: try_fetch_result periodly report remaining_qize=4 sync_batch_size=100 processed_result=9200, speed=754.00/s totalWork=7
2021-06-13 20:32:48,665 INFO  [DNFCalculating] log_result_queue_info:1367: calc#1: 排行: try_fetch_result_in_background remaining_qize=5 sync_batch_size=100 processed_result=9600, speed=754.57/s totalWork=7
2021-06-13 20:32:48,667 INFO  [DNFCalculating] log_result_queue_info:1367: calc#1: 排行: try_fetch_result periodly report remaining_qize=4 sync_batch_size=100 processed_result=9700, speed=762.31/s totalWork=7
2021-06-13 20:32:48,671 INFO  [DNFCalculating] log_result_queue_info:1367: calc#1: 排行: try_fetch_result periodly report remaining_qize=1 sync_batch_size=100 processed_result=10000, speed=785.62/s totalWork=7
2021-06-13 20:32:49,188 INFO  [DNFCalculating] log_result_queue_info:1367: calc#1: 排行: try_fetch_result_in_background remaining_qize=4 sync_batch_size=100 processed_result=10100, speed=762.54/s totalWork=7
2021-06-13 20:32:49,190 INFO  [DNFCalculating] log_result_queue_info:1367: calc#1: 排行: try_fetch_result periodly report remaining_qize=3 sync_batch_size=100 processed_result=10200, speed=769.95/s totalWork=7
2021-06-13 20:32:49,711 INFO  [DNFCalculating] log_result_queue_info:1367: calc#1: 排行: try_fetch_result_in_background remaining_qize=6 sync_batch_size=100 processed_result=10500, speed=762.64/s totalWork=7
2021-06-13 20:32:49,713 INFO  [DNFCalculating] log_result_queue_info:1367: calc#1: 排行: try_fetch_result periodly report remaining_qize=6 sync_batch_size=100 processed_result=10600, speed=769.79/s totalWork=7
2021-06-13 20:32:49,719 INFO  [DNFCalculating] log_result_queue_info:1367: calc#1: 排行: try_fetch_result periodly report remaining_qize=2 sync_batch_size=100 processed_result=11000, speed=798.49/s totalWork=7
2021-06-13 20:32:50,233 INFO  [DNFCalculating] log_result_queue_info:1367: calc#1: 排行: try_fetch_result_in_background remaining_qize=5 sync_batch_size=100 processed_result=11200, speed=783.72/s totalWork=7
2021-06-13 20:32:50,235 INFO  [DNFCalculating] log_result_queue_info:1367: calc#1: 排行: try_fetch_result periodly report remaining_qize=4 sync_batch_size=100 processed_result=11300, speed=790.61/s totalWork=7
2021-06-13 20:32:50,756 INFO  [DNFCalculating] log_result_queue_info:1367: calc#1: 排行: try_fetch_result_in_background remaining_qize=4 sync_batch_size=100 processed_result=11700, speed=789.82/s totalWork=7
2021-06-13 20:32:50,759 INFO  [DNFCalculating] log_result_queue_info:1367: calc#1: 排行: try_fetch_result periodly report remaining_qize=3 sync_batch_size=100 processed_result=11800, speed=796.43/s totalWork=7
2021-06-13 20:32:50,762 INFO  [DNFCalculating] log_result_queue_info:1367: calc#1: 排行: try_fetch_result periodly report remaining_qize=1 sync_batch_size=100 processed_result=12000, speed=809.74/s totalWork=7
2021-06-13 20:32:51,279 INFO  [DNFCalculating] log_result_queue_info:1367: calc#1: 排行: try_fetch_result_in_background remaining_qize=6 sync_batch_size=100 processed_result=12100, speed=788.95/s totalWork=7
2021-06-13 20:32:51,281 INFO  [DNFCalculating] log_result_queue_info:1367: calc#1: 排行: try_fetch_result periodly report remaining_qize=5 sync_batch_size=100 processed_result=12200, speed=795.37/s totalWork=7
2021-06-13 20:32:51,802 INFO  [DNFCalculating] log_result_queue_info:1367: calc#1: 排行: try_fetch_result_in_background remaining_qize=4 sync_batch_size=100 processed_result=12700, speed=800.80/s totalWork=7
2021-06-13 20:32:51,804 INFO  [DNFCalculating] log_result_queue_info:1367: calc#1: 排行: try_fetch_result periodly report remaining_qize=3 sync_batch_size=100 processed_result=12800, speed=807.01/s totalWork=7
2021-06-13 20:32:51,808 INFO  [DNFCalculating] log_result_queue_info:1367: calc#1: 排行: try_fetch_result periodly report remaining_qize=1 sync_batch_size=100 processed_result=13000, speed=819.44/s totalWork=7
2021-06-13 20:32:52,325 INFO  [DNFCalculating] log_result_queue_info:1367: calc#1: 排行: try_fetch_result_in_background remaining_qize=5 sync_batch_size=100 processed_result=13100, speed=799.66/s totalWork=7
2021-06-13 20:32:52,327 INFO  [DNFCalculating] log_result_queue_info:1367: calc#1: 排行: try_fetch_result periodly report remaining_qize=4 sync_batch_size=100 processed_result=13200, speed=805.67/s totalWork=7
2021-06-13 20:32:52,847 INFO  [DNFCalculating] log_result_queue_info:1367: calc#1: 排行: try_fetch_result_in_background remaining_qize=6 sync_batch_size=100 processed_result=13600, speed=804.51/s totalWork=7
2021-06-13 20:32:52,850 INFO  [DNFCalculating] log_result_queue_info:1367: calc#1: 排行: try_fetch_result periodly report remaining_qize=5 sync_batch_size=100 processed_result=13700, speed=810.31/s totalWork=7
2021-06-13 20:32:52,854 INFO  [DNFCalculating] log_result_queue_info:1367: calc#1: 排行: try_fetch_result periodly report remaining_qize=2 sync_batch_size=100 processed_result=14000, speed=827.83/s totalWork=7
2021-06-13 20:32:53,370 INFO  [DNFCalculating] log_result_queue_info:1367: calc#1: 排行: try_fetch_result_in_background remaining_qize=4 sync_batch_size=100 processed_result=14200, speed=814.81/s totalWork=7
2021-06-13 20:32:53,372 INFO  [DNFCalculating] log_result_queue_info:1367: calc#1: 排行: try_fetch_result periodly report remaining_qize=3 sync_batch_size=100 processed_result=14300, speed=820.45/s totalWork=7
2021-06-13 20:32:53,893 INFO  [DNFCalculating] log_result_queue_info:1367: calc#1: 排行: try_fetch_result_in_background remaining_qize=5 sync_batch_size=100 processed_result=14600, speed=813.36/s totalWork=7
2021-06-13 20:32:53,895 INFO  [DNFCalculating] log_result_queue_info:1367: calc#1: 排行: try_fetch_result periodly report remaining_qize=4 sync_batch_size=100 processed_result=14700, speed=818.84/s totalWork=7
2021-06-13 20:32:53,899 INFO  [DNFCalculating] log_result_queue_info:1367: calc#1: 排行: try_fetch_result periodly report remaining_qize=1 sync_batch_size=100 processed_result=15000, speed=835.37/s totalWork=7
2021-06-13 20:32:54,416 INFO  [DNFCalculating] log_result_queue_info:1367: calc#1: 排行: try_fetch_result_in_background remaining_qize=7 sync_batch_size=100 processed_result=15100, speed=817.41/s totalWork=7
2021-06-13 20:32:54,418 INFO  [DNFCalculating] log_result_queue_info:1367: calc#1: 排行: try_fetch_result periodly report remaining_qize=6 sync_batch_size=100 processed_result=15200, speed=822.71/s totalWork=7
2021-06-13 20:32:54,939 INFO  [DNFCalculating] log_result_queue_info:1367: calc#1: 排行: try_fetch_result_in_background remaining_qize=4 sync_batch_size=100 processed_result=15800, speed=831.76/s totalWork=7
2021-06-13 20:32:54,941 INFO  [DNFCalculating] log_result_queue_info:1367: calc#1: 排行: try_fetch_result periodly report remaining_qize=3 sync_batch_size=100 processed_result=15900, speed=836.89/s totalWork=7
2021-06-13 20:32:54,943 INFO  [DNFCalculating] log_result_queue_info:1367: calc#1: 排行: try_fetch_result periodly report remaining_qize=2 sync_batch_size=100 processed_result=16000, speed=842.07/s totalWork=7
2021-06-13 20:32:55,461 INFO  [DNFCalculating] log_result_queue_info:1367: calc#1: 排行: try_fetch_result_in_background remaining_qize=6 sync_batch_size=100 processed_result=16200, speed=829.98/s totalWork=7
2021-06-13 20:32:55,463 INFO  [DNFCalculating] log_result_queue_info:1367: calc#1: 排行: try_fetch_result periodly report remaining_qize=5 sync_batch_size=100 processed_result=16300, speed=835.02/s totalWork=7
2021-06-13 20:32:55,984 INFO  [DNFCalculating] log_result_queue_info:1367: calc#1: 排行: try_fetch_result_in_background remaining_qize=6 sync_batch_size=100 processed_result=16800, speed=838.26/s totalWork=7
2021-06-13 20:32:55,986 INFO  [DNFCalculating] log_result_queue_info:1367: calc#1: 排行: try_fetch_result periodly report remaining_qize=5 sync_batch_size=100 processed_result=16900, speed=843.17/s totalWork=7
2021-06-13 20:32:55,987 INFO  [DNFCalculating] log_result_queue_info:1367: calc#1: 排行: try_fetch_result periodly report remaining_qize=4 sync_batch_size=100 processed_result=17000, speed=848.10/s totalWork=7
2021-06-13 20:32:56,507 INFO  [DNFCalculating] log_result_queue_info:1367: calc#1: 排行: try_fetch_result_in_background remaining_qize=2 sync_batch_size=100 processed_result=17400, speed=846.13/s totalWork=7
2021-06-13 20:32:56,509 INFO  [DNFCalculating] log_result_queue_info:1367: calc#1: 排行: try_fetch_result periodly report remaining_qize=1 sync_batch_size=100 processed_result=17500, speed=850.91/s totalWork=7
2021-06-13 20:32:57,014 INFO  [DNFCalculating] log_result_queue_info:1367: calc#1: 排行: try_fetch_result_in_background remaining_qize=6 sync_batch_size=100 processed_result=17600, speed=835.25/s totalWork=7
2021-06-13 20:32:57,016 INFO  [DNFCalculating] log_result_queue_info:1367: calc#1: 排行: try_fetch_result periodly report remaining_qize=5 sync_batch_size=100 processed_result=17700, speed=839.91/s totalWork=7
2021-06-13 20:32:57,022 INFO  [DNFCalculating] log_result_queue_info:1367: calc#1: 排行: try_fetch_result periodly report remaining_qize=2 sync_batch_size=100 processed_result=18000, speed=853.93/s totalWork=7
2021-06-13 20:32:57,537 INFO  [DNFCalculating] log_result_queue_info:1367: calc#1: 排行: try_fetch_result_in_background remaining_qize=5 sync_batch_size=100 processed_result=18200, speed=842.81/s totalWork=7
2021-06-13 20:32:57,539 INFO  [DNFCalculating] log_result_queue_info:1367: calc#1: 排行: try_fetch_result periodly report remaining_qize=4 sync_batch_size=100 processed_result=18300, speed=847.35/s totalWork=7
2021-06-13 20:32:58,060 INFO  [DNFCalculating] log_result_queue_info:1367: calc#1: 排行: try_fetch_result_in_background remaining_qize=4 sync_batch_size=100 processed_result=18700, speed=845.50/s totalWork=7
2021-06-13 20:32:58,062 INFO  [DNFCalculating] log_result_queue_info:1367: calc#1: 排行: try_fetch_result periodly report remaining_qize=3 sync_batch_size=100 processed_result=18800, speed=849.92/s totalWork=7
2021-06-13 20:32:58,066 INFO  [DNFCalculating] log_result_queue_info:1367: calc#1: 排行: try_fetch_result periodly report remaining_qize=1 sync_batch_size=100 processed_result=19000, speed=858.83/s totalWork=7
2021-06-13 20:32:58,583 INFO  [DNFCalculating] log_result_queue_info:1367: calc#1: 排行: try_fetch_result_in_background remaining_qize=5 sync_batch_size=100 processed_result=19100, speed=843.62/s totalWork=7
2021-06-13 20:32:58,586 INFO  [DNFCalculating] log_result_queue_info:1367: calc#1: 排行: try_fetch_result periodly report remaining_qize=4 sync_batch_size=100 processed_result=19200, speed=847.95/s totalWork=7
2021-06-13 20:32:59,106 INFO  [DNFCalculating] log_result_queue_info:1367: calc#1: 排行: try_fetch_result_in_background remaining_qize=5 sync_batch_size=100 processed_result=19600, speed=846.17/s totalWork=7
2021-06-13 20:32:59,108 INFO  [DNFCalculating] log_result_queue_info:1367: calc#1: 排行: try_fetch_result periodly report remaining_qize=4 sync_batch_size=100 processed_result=19700, speed=850.41/s totalWork=7
2021-06-13 20:32:59,113 INFO  [DNFCalculating] log_result_queue_info:1367: calc#1: 排行: try_fetch_result periodly report remaining_qize=1 sync_batch_size=100 processed_result=20000, speed=863.18/s totalWork=7
2021-06-13 20:32:59,628 INFO  [DNFCalculating] log_result_queue_info:1367: calc#1: 排行: try_fetch_result_in_background remaining_qize=5 sync_batch_size=100 processed_result=20100, speed=848.62/s totalWork=7
2021-06-13 20:32:59,630 INFO  [DNFCalculating] log_result_queue_info:1367: calc#1: 排行: try_fetch_result periodly report remaining_qize=4 sync_batch_size=100 processed_result=20200, speed=852.77/s totalWork=7
2021-06-13 20:33:00,151 INFO  [DNFCalculating] log_result_queue_info:1367: calc#1: 排行: try_fetch_result_in_background remaining_qize=4 sync_batch_size=100 processed_result=20600, speed=850.95/s totalWork=7
2021-06-13 20:33:00,153 INFO  [DNFCalculating] log_result_queue_info:1367: calc#1: 排行: try_fetch_result periodly report remaining_qize=3 sync_batch_size=100 processed_result=20700, speed=854.99/s totalWork=7
2021-06-13 20:33:00,158 INFO  [DNFCalculating] log_result_queue_info:1367: calc#1: 排行: try_fetch_result periodly report remaining_qize=0 sync_batch_size=100 processed_result=21000, speed=867.20/s totalWork=7
2021-06-13 20:33:00,674 INFO  [DNFCalculating] log_result_queue_info:1367: calc#1: 排行: try_fetch_result_in_background remaining_qize=4 sync_batch_size=100 processed_result=21000, speed=849.13/s totalWork=7
2021-06-13 20:33:00,676 INFO  [DNFCalculating] log_result_queue_info:1367: calc#1: 排行: try_fetch_result periodly report remaining_qize=3 sync_batch_size=100 processed_result=21100, speed=853.09/s totalWork=7
2021-06-13 20:33:01,196 INFO  [DNFCalculating] log_result_queue_info:1367: calc#1: 排行: try_fetch_result_in_background remaining_qize=4 sync_batch_size=100 processed_result=21400, speed=847.39/s totalWork=7
2021-06-13 20:33:01,198 INFO  [DNFCalculating] log_result_queue_info:1367: calc#1: 排行: try_fetch_result periodly report remaining_qize=3 sync_batch_size=100 processed_result=21500, speed=851.29/s totalWork=7
2021-06-13 20:33:01,704 INFO  [DNFCalculating] log_result_queue_info:1367: calc#1: 排行: try_fetch_result_in_background remaining_qize=6 sync_batch_size=100 processed_result=21800, speed=846.23/s totalWork=7
2021-06-13 20:33:01,706 INFO  [DNFCalculating] log_result_queue_info:1367: calc#1: 排行: try_fetch_result periodly report remaining_qize=5 sync_batch_size=100 processed_result=21900, speed=850.03/s totalWork=7
2021-06-13 20:33:01,708 INFO  [DNFCalculating] log_result_queue_info:1367: calc#1: 排行: try_fetch_result periodly report remaining_qize=4 sync_batch_size=100 processed_result=22000, speed=853.85/s totalWork=7
2021-06-13 20:33:02,227 INFO  [DNFCalculating] log_result_queue_info:1367: calc#1: 排行: try_fetch_result_in_background remaining_qize=4 sync_batch_size=100 processed_result=22400, speed=852.23/s totalWork=7
2021-06-13 20:33:02,229 INFO  [DNFCalculating] log_result_queue_info:1367: calc#1: 排行: try_fetch_result periodly report remaining_qize=3 sync_batch_size=100 processed_result=22500, speed=855.97/s totalWork=7
2021-06-13 20:33:02,734 INFO  [DNFCalculating] log_result_queue_info:1367: calc#1: 排行: try_fetch_result_in_background remaining_qize=4 sync_batch_size=100 processed_result=22800, speed=851.02/s totalWork=7
2021-06-13 20:33:02,737 INFO  [DNFCalculating] log_result_queue_info:1367: calc#1: 排行: try_fetch_result periodly report remaining_qize=3 sync_batch_size=100 processed_result=22900, speed=854.67/s totalWork=7
2021-06-13 20:33:02,739 INFO  [DNFCalculating] log_result_queue_info:1367: calc#1: 排行: try_fetch_result periodly report remaining_qize=2 sync_batch_size=100 processed_result=23000, speed=858.34/s totalWork=7
2021-06-13 20:33:03,257 INFO  [DNFCalculating] log_result_queue_info:1367: calc#1: 排行: try_fetch_result_in_background remaining_qize=4 sync_batch_size=100 processed_result=23200, speed=849.37/s totalWork=7
2021-06-13 20:33:03,259 INFO  [DNFCalculating] log_result_queue_info:1367: calc#1: 排行: try_fetch_result periodly report remaining_qize=3 sync_batch_size=100 processed_result=23300, speed=852.97/s totalWork=7
2021-06-13 20:33:03,780 INFO  [DNFCalculating] log_result_queue_info:1367: calc#1: 排行: try_fetch_result_in_background remaining_qize=4 sync_batch_size=100 processed_result=23600, speed=847.79/s totalWork=7
2021-06-13 20:33:03,782 INFO  [DNFCalculating] log_result_queue_info:1367: calc#1: 排行: try_fetch_result periodly report remaining_qize=3 sync_batch_size=100 processed_result=23700, speed=851.32/s totalWork=7
2021-06-13 20:33:03,787 INFO  [DNFCalculating] log_result_queue_info:1367: calc#1: 排行: try_fetch_result periodly report remaining_qize=0 sync_batch_size=100 processed_result=24000, speed=861.93/s totalWork=7
2021-06-13 20:33:04,302 INFO  [DNFCalculating] log_result_queue_info:1367: calc#1: 排行: try_fetch_result_in_background remaining_qize=3 sync_batch_size=100 processed_result=24000, speed=846.27/s totalWork=7
2021-06-13 20:33:04,305 INFO  [DNFCalculating] log_result_queue_info:1367: calc#1: 排行: try_fetch_result periodly report remaining_qize=2 sync_batch_size=100 processed_result=24100, speed=849.72/s totalWork=7
2021-06-13 20:33:04,810 INFO  [DNFCalculating] log_result_queue_info:1367: calc#1: 排行: try_fetch_result_in_background remaining_qize=5 sync_batch_size=100 processed_result=24300, speed=841.78/s totalWork=7
2021-06-13 20:33:04,812 INFO  [DNFCalculating] log_result_queue_info:1367: calc#1: 排行: try_fetch_result periodly report remaining_qize=4 sync_batch_size=100 processed_result=24400, speed=845.18/s totalWork=7
2021-06-13 20:33:05,333 INFO  [DNFCalculating] log_result_queue_info:1367: calc#1: 排行: try_fetch_result_in_background remaining_qize=2 sync_batch_size=100 processed_result=24800, speed=843.82/s totalWork=7
2021-06-13 20:33:05,336 INFO  [DNFCalculating] log_result_queue_info:1367: calc#1: 排行: try_fetch_result periodly report remaining_qize=1 sync_batch_size=100 processed_result=24900, speed=847.13/s totalWork=7
2021-06-13 20:33:05,339 INFO  [DNFCalculating] log_result_queue_info:1367: calc#1: 排行: try_fetch_result periodly report remaining_qize=0 sync_batch_size=100 processed_result=25000, speed=850.47/s totalWork=7
2021-06-13 20:33:05,840 INFO  [DNFCalculating] log_result_queue_info:1367: calc#1: 排行: try_fetch_result_in_background remaining_qize=5 sync_batch_size=100 processed_result=25000, speed=836.19/s totalWork=7
2021-06-13 20:33:05,843 INFO  [DNFCalculating] log_result_queue_info:1367: calc#1: 排行: try_fetch_result periodly report remaining_qize=4 sync_batch_size=100 processed_result=25100, speed=839.45/s totalWork=7
2021-06-13 20:33:06,363 INFO  [DNFCalculating] log_result_queue_info:1367: calc#1: 排行: try_fetch_result_in_background remaining_qize=2 sync_batch_size=100 processed_result=25500, speed=838.26/s totalWork=7
2021-06-13 20:33:06,366 INFO  [DNFCalculating] log_result_queue_info:1367: calc#1: 排行: try_fetch_result periodly report remaining_qize=1 sync_batch_size=100 processed_result=25600, speed=841.46/s totalWork=7
2021-06-13 20:33:06,870 INFO  [DNFCalculating] log_result_queue_info:1367: calc#1: 排行: try_fetch_result_in_background remaining_qize=5 sync_batch_size=100 processed_result=25700, speed=830.97/s totalWork=7
2021-06-13 20:33:06,873 INFO  [DNFCalculating] log_result_queue_info:1367: calc#1: 排行: try_fetch_result periodly report remaining_qize=4 sync_batch_size=100 processed_result=25800, speed=834.14/s totalWork=7
2021-06-13 20:33:06,876 INFO  [DNFCalculating] log_result_queue_info:1367: calc#1: 排行: try_fetch_result periodly report remaining_qize=2 sync_batch_size=100 processed_result=26000, speed=840.51/s totalWork=7
2021-06-13 20:33:07,393 INFO  [DNFCalculating] log_result_queue_info:1367: calc#1: 排行: try_fetch_result_in_background remaining_qize=3 sync_batch_size=100 processed_result=26200, speed=833.06/s totalWork=7
2021-06-13 20:33:07,396 INFO  [DNFCalculating] log_result_queue_info:1367: calc#1: 排行: try_fetch_result periodly report remaining_qize=2 sync_batch_size=100 processed_result=26300, speed=836.16/s totalWork=7
2021-06-13 20:33:07,900 INFO  [DNFCalculating] log_result_queue_info:1367: calc#1: 排行: try_fetch_result_in_background remaining_qize=4 sync_batch_size=100 processed_result=26500, speed=829.22/s totalWork=7
2021-06-13 20:33:07,904 INFO  [DNFCalculating] log_result_queue_info:1367: calc#1: 排行: try_fetch_result periodly report remaining_qize=3 sync_batch_size=100 processed_result=26600, speed=832.26/s totalWork=7
2021-06-13 20:33:08,423 INFO  [DNFCalculating] log_result_queue_info:1367: calc#1: 排行: try_fetch_result_in_background remaining_qize=3 sync_batch_size=100 processed_result=26900, speed=828.19/s totalWork=7
2021-06-13 20:33:08,426 INFO  [DNFCalculating] log_result_queue_info:1367: calc#1: 排行: try_fetch_result periodly report remaining_qize=2 sync_batch_size=100 processed_result=27000, speed=831.20/s totalWork=7
2021-06-13 20:33:08,946 INFO  [DNFCalculating] log_result_queue_info:1367: calc#1: 排行: try_fetch_result_in_background remaining_qize=4 sync_batch_size=100 processed_result=27300, speed=827.19/s totalWork=7
2021-06-13 20:33:08,948 INFO  [DNFCalculating] log_result_queue_info:1367: calc#1: 排行: try_fetch_result periodly report remaining_qize=3 sync_batch_size=100 processed_result=27400, speed=830.17/s totalWork=7
2021-06-13 20:33:09,469 INFO  [DNFCalculating] log_result_queue_info:1367: calc#1: 排行: try_fetch_result_in_background remaining_qize=4 sync_batch_size=100 processed_result=27700, speed=826.22/s totalWork=7
2021-06-13 20:33:09,471 INFO  [DNFCalculating] log_result_queue_info:1367: calc#1: 排行: try_fetch_result periodly report remaining_qize=3 sync_batch_size=100 processed_result=27800, speed=829.14/s totalWork=7
2021-06-13 20:33:09,475 INFO  [DNFCalculating] log_result_queue_info:1367: calc#1: 排行: try_fetch_result periodly report remaining_qize=1 sync_batch_size=100 processed_result=28000, speed=835.01/s totalWork=7
2021-06-13 20:33:09,992 INFO  [DNFCalculating] log_result_queue_info:1367: calc#1: 排行: try_fetch_result_in_background remaining_qize=5 sync_batch_size=100 processed_result=28100, speed=825.28/s totalWork=7
2021-06-13 20:33:09,994 INFO  [DNFCalculating] log_result_queue_info:1367: calc#1: 排行: try_fetch_result periodly report remaining_qize=4 sync_batch_size=100 processed_result=28200, speed=828.16/s totalWork=7
2021-06-13 20:33:10,514 INFO  [DNFCalculating] log_result_queue_info:1367: calc#1: 排行: try_fetch_result_in_background remaining_qize=3 sync_batch_size=100 processed_result=28515, speed=824.81/s totalWork=7
2021-06-13 20:33:10,516 INFO  [DNFCalculating] log_result_queue_info:1367: calc#1: 排行: try_fetch_result periodly report remaining_qize=2 sync_batch_size=100 processed_result=28615, speed=827.65/s totalWork=7
2021-06-13 20:33:11,022 INFO  [DNFCalculating] log_result_queue_info:1367: calc#1: 排行: try_fetch_result_in_background remaining_qize=3 sync_batch_size=100 processed_result=28815, speed=821.42/s totalWork=7
2021-06-13 20:33:11,024 INFO  [DNFCalculating] log_result_queue_info:1367: calc#1: 排行: try_fetch_result periodly report remaining_qize=2 sync_batch_size=100 processed_result=28915, speed=824.22/s totalWork=7
2021-06-13 20:33:11,027 INFO  [DNFCalculating] log_result_queue_info:1367: calc#1: 排行: try_fetch_result periodly report remaining_qize=1 sync_batch_size=100 processed_result=29015, speed=827.00/s totalWork=7
2021-06-13 20:33:11,545 INFO  [DNFCalculating] log_result_queue_info:1367: calc#1: 排行: try_fetch_result_in_background remaining_qize=4 sync_batch_size=100 processed_result=29115, speed=817.79/s totalWork=7
2021-06-13 20:33:11,547 INFO  [DNFCalculating] log_result_queue_info:1367: calc#1: 排行: try_fetch_result periodly report remaining_qize=3 sync_batch_size=100 processed_result=29215, speed=820.56/s totalWork=7
2021-06-13 20:33:12,052 INFO  [DNFCalculating] log_result_queue_info:1367: calc#1: 排行: try_fetch_result_in_background remaining_qize=2 sync_batch_size=100 processed_result=29515, speed=817.38/s totalWork=7
2021-06-13 20:33:12,054 INFO  [DNFCalculating] log_result_queue_info:1367: calc#1: 排行: try_fetch_result periodly report remaining_qize=1 sync_batch_size=100 processed_result=29615, speed=820.09/s totalWork=7
2021-06-13 20:33:12,559 INFO  [DNFCalculating] log_result_queue_info:1367: calc#1: 排行: try_fetch_result_in_background remaining_qize=5 sync_batch_size=100 processed_result=29715, speed=811.51/s totalWork=7
2021-06-13 20:33:12,562 INFO  [DNFCalculating] log_result_queue_info:1367: calc#1: 排行: try_fetch_result periodly report remaining_qize=4 sync_batch_size=100 processed_result=29815, speed=814.19/s totalWork=7
2021-06-13 20:33:12,565 INFO  [DNFCalculating] log_result_queue_info:1367: calc#1: 排行: try_fetch_result periodly report remaining_qize=2 sync_batch_size=100 processed_result=30015, speed=819.57/s totalWork=7
2021-06-13 20:33:13,082 INFO  [DNFCalculating] log_result_queue_info:1367: calc#1: 排行: try_fetch_result_in_background remaining_qize=3 sync_batch_size=100 processed_result=30215, speed=813.55/s totalWork=7
2021-06-13 20:33:13,085 INFO  [DNFCalculating] log_result_queue_info:1367: calc#1: 排行: try_fetch_result periodly report remaining_qize=2 sync_batch_size=100 processed_result=30315, speed=816.19/s totalWork=7
2021-06-13 20:33:13,590 INFO  [DNFCalculating] log_result_queue_info:1367: calc#1: 排行: try_fetch_result_in_background remaining_qize=4 sync_batch_size=100 processed_result=30515, speed=810.56/s totalWork=7
2021-06-13 20:33:13,593 INFO  [DNFCalculating] log_result_queue_info:1367: calc#1: 排行: try_fetch_result periodly report remaining_qize=3 sync_batch_size=100 processed_result=30615, speed=813.15/s totalWork=7
2021-06-13 20:33:14,112 INFO  [DNFCalculating] log_result_queue_info:1367: calc#1: 排行: try_fetch_result_in_background remaining_qize=3 sync_batch_size=100 processed_result=30915, speed=809.94/s totalWork=7
2021-06-13 20:33:14,114 INFO  [DNFCalculating] log_result_queue_info:1367: calc#1: 排行: try_fetch_result periodly report remaining_qize=2 sync_batch_size=100 processed_result=31015, speed=812.51/s totalWork=7
2021-06-13 20:33:14,620 INFO  [DNFCalculating] log_result_queue_info:1367: calc#1: 排行: try_fetch_result_in_background remaining_qize=3 sync_batch_size=100 processed_result=31215, speed=807.07/s totalWork=7
2021-06-13 20:33:14,623 INFO  [DNFCalculating] log_result_queue_info:1367: calc#1: 排行: try_fetch_result periodly report remaining_qize=2 sync_batch_size=100 processed_result=31315, speed=809.59/s totalWork=7
2021-06-13 20:33:15,127 INFO  [DNFCalculating] log_result_queue_info:1367: calc#1: 排行: try_fetch_result_in_background remaining_qize=3 sync_batch_size=100 processed_result=31515, speed=804.27/s totalWork=7
2021-06-13 20:33:15,130 INFO  [DNFCalculating] log_result_queue_info:1367: calc#1: 排行: try_fetch_result periodly report remaining_qize=2 sync_batch_size=100 processed_result=31615, speed=806.77/s totalWork=7
2021-06-13 20:33:15,635 INFO  [DNFCalculating] log_result_queue_info:1367: calc#1: 排行: try_fetch_result_in_background remaining_qize=4 sync_batch_size=100 processed_result=31815, speed=801.55/s totalWork=7
2021-06-13 20:33:15,637 INFO  [DNFCalculating] log_result_queue_info:1367: calc#1: 排行: try_fetch_result periodly report remaining_qize=3 sync_batch_size=100 processed_result=31915, speed=804.02/s totalWork=7
2021-06-13 20:33:15,639 INFO  [DNFCalculating] log_result_queue_info:1367: calc#1: 排行: try_fetch_result periodly report remaining_qize=2 sync_batch_size=100 processed_result=32015, speed=806.50/s totalWork=7
2021-06-13 20:33:16,157 INFO  [DNFCalculating] log_result_queue_info:1367: calc#1: 排行: try_fetch_result_in_background remaining_qize=2 sync_batch_size=100 processed_result=32215, speed=801.07/s totalWork=7
2021-06-13 20:33:16,159 INFO  [DNFCalculating] log_result_queue_info:1367: calc#1: 排行: try_fetch_result periodly report remaining_qize=1 sync_batch_size=100 processed_result=32315, speed=803.52/s totalWork=7
2021-06-13 20:33:16,666 INFO  [DNFCalculating] log_result_queue_info:1367: calc#1: 排行: try_fetch_result_in_background remaining_qize=5 sync_batch_size=100 processed_result=32415, speed=795.98/s totalWork=7
2021-06-13 20:33:16,691 INFO  [DNFCalculating] log_result_queue_info:1367: calc#1: 排行: try_fetch_result periodly report remaining_qize=4 sync_batch_size=100 processed_result=32515, speed=797.95/s totalWork=7
2021-06-13 20:33:17,203 INFO  [DNFCalculating] log_result_queue_info:1367: calc#1: 排行: try_fetch_result_in_background remaining_qize=3 sync_batch_size=100 processed_result=32915, speed=797.74/s totalWork=7
2021-06-13 20:33:17,205 INFO  [DNFCalculating] log_result_queue_info:1367: calc#1: 排行: try_fetch_result periodly report remaining_qize=2 sync_batch_size=100 processed_result=33015, speed=800.12/s totalWork=7
2021-06-13 20:33:17,711 INFO  [DNFCalculating] log_result_queue_info:1367: calc#1: 排行: try_fetch_result_in_background remaining_qize=4 sync_batch_size=100 processed_result=33215, speed=795.22/s totalWork=7
2021-06-13 20:33:17,713 INFO  [DNFCalculating] log_result_queue_info:1367: calc#1: 排行: try_fetch_result periodly report remaining_qize=3 sync_batch_size=100 processed_result=33315, speed=797.58/s totalWork=7
2021-06-13 20:33:18,233 INFO  [DNFCalculating] log_result_queue_info:1367: calc#1: 排行: try_fetch_result_in_background remaining_qize=3 sync_batch_size=100 processed_result=33615, speed=794.86/s totalWork=7
2021-06-13 20:33:18,236 INFO  [DNFCalculating] log_result_queue_info:1367: calc#1: 排行: try_fetch_result periodly report remaining_qize=2 sync_batch_size=100 processed_result=33715, speed=797.18/s totalWork=7
2021-06-13 20:33:18,741 INFO  [DNFCalculating] log_result_queue_info:1367: calc#1: 排行: try_fetch_result_in_background remaining_qize=3 sync_batch_size=100 processed_result=33915, speed=792.45/s totalWork=7
2021-06-13 20:33:18,743 INFO  [DNFCalculating] log_result_queue_info:1367: calc#1: 排行: try_fetch_result periodly report remaining_qize=2 sync_batch_size=100 processed_result=34015, speed=794.74/s totalWork=7
2021-06-13 20:33:19,248 INFO  [DNFCalculating] log_result_queue_info:1367: calc#1: 排行: try_fetch_result_in_background remaining_qize=3 sync_batch_size=100 processed_result=34215, speed=790.09/s totalWork=7
2021-06-13 20:33:19,251 INFO  [DNFCalculating] log_result_queue_info:1367: calc#1: 排行: try_fetch_result periodly report remaining_qize=2 sync_batch_size=100 processed_result=34315, speed=792.34/s totalWork=7
2021-06-13 20:33:19,755 INFO  [DNFCalculating] log_result_queue_info:1367: calc#1: 排行: try_fetch_result_in_background remaining_qize=3 sync_batch_size=100 processed_result=34515, speed=787.78/s totalWork=7
2021-06-13 20:33:19,758 INFO  [DNFCalculating] log_result_queue_info:1367: calc#1: 排行: try_fetch_result periodly report remaining_qize=2 sync_batch_size=100 processed_result=34615, speed=790.02/s totalWork=7
2021-06-13 20:33:20,263 INFO  [DNFCalculating] log_result_queue_info:1367: calc#1: 排行: try_fetch_result_in_background remaining_qize=5 sync_batch_size=100 processed_result=34815, speed=785.53/s totalWork=7
2021-06-13 20:33:20,266 INFO  [DNFCalculating] log_result_queue_info:1367: calc#1: 排行: try_fetch_result periodly report remaining_qize=4 sync_batch_size=100 processed_result=34915, speed=787.74/s totalWork=7
2021-06-13 20:33:20,268 INFO  [DNFCalculating] log_result_queue_info:1367: calc#1: 排行: try_fetch_result periodly report remaining_qize=3 sync_batch_size=100 processed_result=35015, speed=789.96/s totalWork=7
2021-06-13 20:33:20,786 INFO  [DNFCalculating] log_result_queue_info:1367: calc#1: 排行: try_fetch_result_in_background remaining_qize=2 sync_batch_size=100 processed_result=35315, speed=787.53/s totalWork=7
2021-06-13 20:33:20,788 INFO  [DNFCalculating] log_result_queue_info:1367: calc#1: 排行: try_fetch_result periodly report remaining_qize=1 sync_batch_size=100 processed_result=35415, speed=789.71/s totalWork=7
2021-06-13 20:33:21,293 INFO  [DNFCalculating] log_result_queue_info:1367: calc#1: 排行: try_fetch_result_in_background remaining_qize=5 sync_batch_size=100 processed_result=35515, speed=783.13/s totalWork=7
2021-06-13 20:33:21,295 INFO  [DNFCalculating] log_result_queue_info:1367: calc#1: 排行: try_fetch_result periodly report remaining_qize=4 sync_batch_size=100 processed_result=35615, speed=785.30/s totalWork=7
2021-06-13 20:33:21,303 INFO  [DNFCalculating] log_result_queue_info:1367: calc#1: 排行: try_fetch_result periodly report remaining_qize=0 sync_batch_size=100 processed_result=36015, speed=793.98/s totalWork=7
2021-06-13 20:33:21,816 INFO  [DNFCalculating] log_result_queue_info:1367: calc#1: 排行: try_fetch_result_in_background remaining_qize=2 sync_batch_size=100 processed_result=36015, speed=785.10/s totalWork=7
2021-06-13 20:33:21,818 INFO  [DNFCalculating] log_result_queue_info:1367: calc#1: 排行: try_fetch_result periodly report remaining_qize=1 sync_batch_size=100 processed_result=36115, speed=787.24/s totalWork=7
2021-06-13 20:33:22,323 INFO  [DNFCalculating] log_result_queue_info:1367: calc#1: 排行: try_fetch_result_in_background remaining_qize=4 sync_batch_size=100 processed_result=36215, speed=780.82/s totalWork=7
2021-06-13 20:33:22,325 INFO  [DNFCalculating] log_result_queue_info:1367: calc#1: 排行: try_fetch_result periodly report remaining_qize=3 sync_batch_size=100 processed_result=36315, speed=782.95/s totalWork=7
2021-06-13 20:33:22,846 INFO  [DNFCalculating] log_result_queue_info:1367: calc#1: 排行: try_fetch_result_in_background remaining_qize=3 sync_batch_size=100 processed_result=36615, speed=780.65/s totalWork=7
2021-06-13 20:33:22,848 INFO  [DNFCalculating] log_result_queue_info:1367: calc#1: 排行: try_fetch_result periodly report remaining_qize=2 sync_batch_size=100 processed_result=36715, speed=782.75/s totalWork=7
2021-06-13 20:33:23,353 INFO  [DNFCalculating] log_result_queue_info:1367: calc#1: 排行: try_fetch_result_in_background remaining_qize=4 sync_batch_size=100 processed_result=36915, speed=778.62/s totalWork=7
2021-06-13 20:33:23,356 INFO  [DNFCalculating] log_result_queue_info:1367: calc#1: 排行: try_fetch_result periodly report remaining_qize=3 sync_batch_size=100 processed_result=37015, speed=780.69/s totalWork=7
2021-06-13 20:33:23,861 INFO  [DNFCalculating] log_result_queue_info:1367: calc#1: 排行: try_fetch_result_in_background remaining_qize=5 sync_batch_size=100 processed_result=37315, speed=778.72/s totalWork=7
2021-06-13 20:33:23,863 INFO  [DNFCalculating] log_result_queue_info:1367: calc#1: 排行: try_fetch_result periodly report remaining_qize=4 sync_batch_size=100 processed_result=37415, speed=780.78/s totalWork=7
2021-06-13 20:33:24,384 INFO  [DNFCalculating] log_result_queue_info:1367: calc#1: 排行: try_fetch_result_in_background remaining_qize=4 sync_batch_size=100 processed_result=37815, speed=780.64/s totalWork=7
2021-06-13 20:33:24,386 INFO  [DNFCalculating] log_result_queue_info:1367: calc#1: 排行: try_fetch_result periodly report remaining_qize=3 sync_batch_size=100 processed_result=37915, speed=782.67/s totalWork=7
2021-06-13 20:33:24,387 INFO  [DNFCalculating] log_result_queue_info:1367: calc#1: 排行: try_fetch_result periodly report remaining_qize=2 sync_batch_size=100 processed_result=38015, speed=784.71/s totalWork=7
2021-06-13 20:33:24,891 INFO  [DNFCalculating] log_result_queue_info:1367: calc#1: 排行: try_fetch_result_in_background remaining_qize=5 sync_batch_size=100 processed_result=38215, speed=780.72/s totalWork=7
2021-06-13 20:33:24,893 INFO  [DNFCalculating] log_result_queue_info:1367: calc#1: 排行: try_fetch_result periodly report remaining_qize=4 sync_batch_size=100 processed_result=38315, speed=782.74/s totalWork=7
2021-06-13 20:33:25,414 INFO  [DNFCalculating] log_result_queue_info:1367: calc#1: 排行: try_fetch_result_in_background remaining_qize=5 sync_batch_size=100 processed_result=38715, speed=782.58/s totalWork=7
2021-06-13 20:33:25,416 INFO  [DNFCalculating] log_result_queue_info:1367: calc#1: 排行: try_fetch_result periodly report remaining_qize=4 sync_batch_size=100 processed_result=38815, speed=784.57/s totalWork=7
2021-06-13 20:33:25,419 INFO  [DNFCalculating] log_result_queue_info:1367: calc#1: 排行: try_fetch_result periodly report remaining_qize=2 sync_batch_size=100 processed_result=39015, speed=788.56/s totalWork=7
2021-06-13 20:33:25,922 INFO  [DNFCalculating] log_result_queue_info:1367: calc#1: 排行: try_fetch_result_in_background remaining_qize=7 sync_batch_size=100 processed_result=39129, speed=782.92/s totalWork=7
2021-06-13 20:33:25,924 INFO  [DNFCalculating] log_result_queue_info:1367: calc#1: 排行: try_fetch_result periodly report remaining_qize=6 sync_batch_size=100 processed_result=39229, speed=784.88/s totalWork=7
2021-06-13 20:33:26,444 INFO  [DNFCalculating] log_result_queue_info:1367: calc#1: 排行: try_fetch_result_in_background remaining_qize=4 sync_batch_size=100 processed_result=39658, speed=785.29/s totalWork=7
2021-06-13 20:33:26,445 INFO  [DNFCalculating] log_result_queue_info:1367: calc#1: 排行: try_fetch_result periodly report remaining_qize=3 sync_batch_size=100 processed_result=39672, speed=785.55/s totalWork=7
2021-06-13 20:33:26,621 WARNI [DNFCalculating] 计算线程:1476: 所有工作线程均已完成计算，总计用时=51.06s
2021-06-13 20:33:26,953 INFO  [DNFCalculating] log_result_queue_info:1367: calc#1: 排行: after join remaining_qize=2 sync_batch_size=100 processed_result=39886, speed=781.92/s totalWork=7
2021-06-13 20:33:26,956 INFO  [DNFCalculating] log_result_queue_info:1367: calc#1: 排行: try_fetch_result periodly report remaining_qize=1 sync_batch_size=100 processed_result=39986, speed=783.84/s totalWork=7
2021-06-13 20:33:26,957 INFO  [DNFCalculating] log_result_queue_info:1367: calc#1: 排行: try_fetch_result periodly report remaining_qize=0 sync_batch_size=100 processed_result=40000, speed=784.10/s totalWork=7
2021-06-13 20:33:26,957 INFO  [DNFCalculating] log_result_queue_info:1367: calc#1: 排行: after final remaining_qize=0 sync_batch_size=100 processed_result=40000, speed=784.09/s totalWork=7
