2021-07-09 10:33:09,642 DEBUG [urllib3.connectionpool] _new_conn:971: Starting new HTTPS connection (1): pan.lanzous.com:443
2021-07-09 10:33:09,726 DEBUG [urllib3.connectionpool] _new_conn:971: Starting new HTTPS connection (1): pan.lanzous.com:443
2021-07-09 10:33:41,582 INFO  [DNFCalculating] 计算线程:1354: 开始计算
2021-07-09 10:33:42,470 INFO  [DNFCalculating] log_result_queue_info:1367: calc#1: 排行: try_fetch_result_in_background remaining_qize=0 sync_batch_size=100 processed_result=0, speed=0.00/s totalWork=0
2021-07-09 10:33:43,070 INFO  [DNFCalculating] log_result_queue_info:1367: calc#1: 排行: try_fetch_result_in_background remaining_qize=0 sync_batch_size=100 processed_result=0, speed=0.00/s totalWork=0
2021-07-09 10:33:43,685 INFO  [DNFCalculating] log_result_queue_info:1367: calc#1: 排行: try_fetch_result_in_background remaining_qize=0 sync_batch_size=100 processed_result=0, speed=0.00/s totalWork=0
2021-07-09 10:33:44,255 INFO  [DNFCalculating] log_result_queue_info:1367: calc#1: 排行: try_fetch_result_in_background remaining_qize=0 sync_batch_size=100 processed_result=0, speed=0.00/s totalWork=7
2021-07-09 10:33:44,761 INFO  [DNFCalculating] log_result_queue_info:1367: calc#1: 排行: try_fetch_result_in_background remaining_qize=0 sync_batch_size=100 processed_result=0, speed=0.00/s totalWork=7
2021-07-09 10:33:45,269 INFO  [DNFCalculating] log_result_queue_info:1367: calc#1: 排行: try_fetch_result_in_background remaining_qize=1 sync_batch_size=100 processed_result=0, speed=0.00/s totalWork=7
2021-07-09 10:33:45,776 INFO  [DNFCalculating] log_result_queue_info:1367: calc#1: 排行: try_fetch_result_in_background remaining_qize=2 sync_batch_size=100 processed_result=100, speed=28.48/s totalWork=7
2021-07-09 10:33:46,283 INFO  [DNFCalculating] log_result_queue_info:1367: calc#1: 排行: try_fetch_result_in_background remaining_qize=3 sync_batch_size=100 processed_result=300, speed=74.68/s totalWork=7
2021-07-09 10:33:46,790 INFO  [DNFCalculating] log_result_queue_info:1367: calc#1: 排行: try_fetch_result_in_background remaining_qize=3 sync_batch_size=100 processed_result=600, speed=132.60/s totalWork=7
2021-07-09 10:33:47,297 INFO  [DNFCalculating] log_result_queue_info:1367: calc#1: 排行: try_fetch_result_in_background remaining_qize=4 sync_batch_size=100 processed_result=900, speed=178.85/s totalWork=7
2021-07-09 10:33:47,300 INFO  [DNFCalculating] log_result_queue_info:1367: calc#1: 排行: try_fetch_result periodly report remaining_qize=3 sync_batch_size=100 processed_result=1000, speed=198.63/s totalWork=7
2021-07-09 10:33:47,820 INFO  [DNFCalculating] log_result_queue_info:1367: calc#1: 排行: try_fetch_result_in_background remaining_qize=4 sync_batch_size=100 processed_result=1300, speed=234.04/s totalWork=7
2021-07-09 10:33:47,823 INFO  [DNFCalculating] log_result_queue_info:1367: calc#1: 排行: try_fetch_result periodly report remaining_qize=3 sync_batch_size=100 processed_result=1400, speed=251.93/s totalWork=7
2021-07-09 10:33:48,342 INFO  [DNFCalculating] log_result_queue_info:1367: calc#1: 排行: try_fetch_result_in_background remaining_qize=7 sync_batch_size=100 processed_result=1700, speed=279.74/s totalWork=7
2021-07-09 10:33:48,345 INFO  [DNFCalculating] log_result_queue_info:1367: calc#1: 排行: try_fetch_result periodly report remaining_qize=6 sync_batch_size=100 processed_result=1800, speed=296.08/s totalWork=7
2021-07-09 10:33:48,349 INFO  [DNFCalculating] log_result_queue_info:1367: calc#1: 排行: try_fetch_result periodly report remaining_qize=4 sync_batch_size=100 processed_result=2000, speed=328.76/s totalWork=7
2021-07-09 10:33:48,865 INFO  [DNFCalculating] log_result_queue_info:1367: calc#1: 排行: try_fetch_result_in_background remaining_qize=7 sync_batch_size=100 processed_result=2400, speed=363.70/s totalWork=7
2021-07-09 10:33:48,867 INFO  [DNFCalculating] log_result_queue_info:1367: calc#1: 排行: try_fetch_result periodly report remaining_qize=6 sync_batch_size=100 processed_result=2500, speed=378.72/s totalWork=7
2021-07-09 10:33:48,876 INFO  [DNFCalculating] log_result_queue_info:1367: calc#1: 排行: try_fetch_result periodly report remaining_qize=1 sync_batch_size=100 processed_result=3000, speed=453.81/s totalWork=7
2021-07-09 10:33:49,389 INFO  [DNFCalculating] log_result_queue_info:1367: calc#1: 排行: try_fetch_result_in_background remaining_qize=10 sync_batch_size=100 processed_result=3100, speed=435.20/s totalWork=7
2021-07-09 10:33:49,403 INFO  [DNFCalculating] log_result_queue_info:1367: calc#1: 排行: try_fetch_result periodly report remaining_qize=9 sync_batch_size=100 processed_result=3200, speed=448.31/s totalWork=7
2021-07-09 10:33:49,418 INFO  [DNFCalculating] log_result_queue_info:1367: calc#1: 排行: try_fetch_result periodly report remaining_qize=1 sync_batch_size=100 processed_result=4000, speed=559.25/s totalWork=7
2021-07-09 10:33:49,926 INFO  [DNFCalculating] log_result_queue_info:1367: calc#1: 排行: try_fetch_result_in_background remaining_qize=7 sync_batch_size=100 processed_result=4100, speed=535.23/s totalWork=7
2021-07-09 10:33:49,928 INFO  [DNFCalculating] log_result_queue_info:1367: calc#1: 排行: try_fetch_result periodly report remaining_qize=6 sync_batch_size=100 processed_result=4200, speed=548.15/s totalWork=7
2021-07-09 10:33:50,448 INFO  [DNFCalculating] log_result_queue_info:1367: calc#1: 排行: try_fetch_result_in_background remaining_qize=8 sync_batch_size=100 processed_result=4800, speed=586.58/s totalWork=7
2021-07-09 10:33:50,451 INFO  [DNFCalculating] log_result_queue_info:1367: calc#1: 排行: try_fetch_result periodly report remaining_qize=7 sync_batch_size=100 processed_result=4900, speed=598.62/s totalWork=7
2021-07-09 10:33:50,453 INFO  [DNFCalculating] log_result_queue_info:1367: calc#1: 排行: try_fetch_result periodly report remaining_qize=6 sync_batch_size=100 processed_result=5000, speed=610.69/s totalWork=7
2021-07-09 10:33:50,971 INFO  [DNFCalculating] log_result_queue_info:1367: calc#1: 排行: try_fetch_result_in_background remaining_qize=8 sync_batch_size=100 processed_result=5600, speed=643.25/s totalWork=7
2021-07-09 10:33:50,974 INFO  [DNFCalculating] log_result_queue_info:1367: calc#1: 排行: try_fetch_result periodly report remaining_qize=7 sync_batch_size=100 processed_result=5700, speed=654.55/s totalWork=7
2021-07-09 10:33:50,980 INFO  [DNFCalculating] log_result_queue_info:1367: calc#1: 排行: try_fetch_result periodly report remaining_qize=4 sync_batch_size=100 processed_result=6000, speed=688.53/s totalWork=7
2021-07-09 10:33:51,493 INFO  [DNFCalculating] log_result_queue_info:1367: calc#1: 排行: try_fetch_result_in_background remaining_qize=7 sync_batch_size=100 processed_result=6400, speed=693.54/s totalWork=7
2021-07-09 10:33:51,496 INFO  [DNFCalculating] log_result_queue_info:1367: calc#1: 排行: try_fetch_result periodly report remaining_qize=6 sync_batch_size=100 processed_result=6500, speed=704.18/s totalWork=7
2021-07-09 10:33:51,505 INFO  [DNFCalculating] log_result_queue_info:1367: calc#1: 排行: try_fetch_result periodly report remaining_qize=1 sync_batch_size=100 processed_result=7000, speed=757.61/s totalWork=7
2021-07-09 10:33:52,016 INFO  [DNFCalculating] log_result_queue_info:1367: calc#1: 排行: try_fetch_result_in_background remaining_qize=8 sync_batch_size=100 processed_result=7100, speed=728.18/s totalWork=7
2021-07-09 10:33:52,019 INFO  [DNFCalculating] log_result_queue_info:1367: calc#1: 排行: try_fetch_result periodly report remaining_qize=7 sync_batch_size=100 processed_result=7200, speed=738.21/s totalWork=7
2021-07-09 10:33:52,539 INFO  [DNFCalculating] log_result_queue_info:1367: calc#1: 排行: try_fetch_result_in_background remaining_qize=10 sync_batch_size=100 processed_result=7900, speed=768.96/s totalWork=7
2021-07-09 10:33:52,541 INFO  [DNFCalculating] log_result_queue_info:1367: calc#1: 排行: try_fetch_result periodly report remaining_qize=9 sync_batch_size=100 processed_result=8000, speed=778.54/s totalWork=7
2021-07-09 10:33:53,061 INFO  [DNFCalculating] log_result_queue_info:1367: calc#1: 排行: try_fetch_result_in_background remaining_qize=8 sync_batch_size=100 processed_result=8900, speed=824.39/s totalWork=7
2021-07-09 10:33:53,064 INFO  [DNFCalculating] log_result_queue_info:1367: calc#1: 排行: try_fetch_result periodly report remaining_qize=7 sync_batch_size=100 processed_result=9000, speed=833.46/s totalWork=7
2021-07-09 10:33:53,584 INFO  [DNFCalculating] log_result_queue_info:1367: calc#1: 排行: try_fetch_result_in_background remaining_qize=6 sync_batch_size=100 processed_result=9700, speed=856.95/s totalWork=7
2021-07-09 10:33:53,587 INFO  [DNFCalculating] log_result_queue_info:1367: calc#1: 排行: try_fetch_result periodly report remaining_qize=5 sync_batch_size=100 processed_result=9800, speed=865.59/s totalWork=7
2021-07-09 10:33:53,591 INFO  [DNFCalculating] log_result_queue_info:1367: calc#1: 排行: try_fetch_result periodly report remaining_qize=3 sync_batch_size=100 processed_result=10000, speed=882.95/s totalWork=7
2021-07-09 10:33:54,107 INFO  [DNFCalculating] log_result_queue_info:1367: calc#1: 排行: try_fetch_result_in_background remaining_qize=7 sync_batch_size=100 processed_result=10300, speed=869.82/s totalWork=7
2021-07-09 10:33:54,109 INFO  [DNFCalculating] log_result_queue_info:1367: calc#1: 排行: try_fetch_result periodly report remaining_qize=6 sync_batch_size=100 processed_result=10400, speed=878.08/s totalWork=7
2021-07-09 10:33:54,121 INFO  [DNFCalculating] log_result_queue_info:1367: calc#1: 排行: try_fetch_result periodly report remaining_qize=0 sync_batch_size=100 processed_result=11000, speed=927.85/s totalWork=7
2021-07-09 10:33:54,630 INFO  [DNFCalculating] log_result_queue_info:1367: calc#1: 排行: try_fetch_result_in_background remaining_qize=8 sync_batch_size=100 processed_result=11000, speed=889.66/s totalWork=7
2021-07-09 10:33:54,632 INFO  [DNFCalculating] log_result_queue_info:1367: calc#1: 排行: try_fetch_result periodly report remaining_qize=7 sync_batch_size=100 processed_result=11100, speed=897.57/s totalWork=7
2021-07-09 10:33:55,153 INFO  [DNFCalculating] log_result_queue_info:1367: calc#1: 排行: try_fetch_result_in_background remaining_qize=9 sync_batch_size=100 processed_result=11900, speed=923.37/s totalWork=7
2021-07-09 10:33:55,155 INFO  [DNFCalculating] log_result_queue_info:1367: calc#1: 排行: try_fetch_result periodly report remaining_qize=8 sync_batch_size=100 processed_result=12000, speed=930.95/s totalWork=7
2021-07-09 10:33:55,676 INFO  [DNFCalculating] log_result_queue_info:1367: calc#1: 排行: try_fetch_result_in_background remaining_qize=7 sync_batch_size=100 processed_result=12900, speed=961.94/s totalWork=7
2021-07-09 10:33:55,679 INFO  [DNFCalculating] log_result_queue_info:1367: calc#1: 排行: try_fetch_result periodly report remaining_qize=6 sync_batch_size=100 processed_result=13000, speed=969.19/s totalWork=7
2021-07-09 10:33:56,198 INFO  [DNFCalculating] log_result_queue_info:1367: calc#1: 排行: try_fetch_result_in_background remaining_qize=8 sync_batch_size=100 processed_result=13600, speed=976.09/s totalWork=7
2021-07-09 10:33:56,201 INFO  [DNFCalculating] log_result_queue_info:1367: calc#1: 排行: try_fetch_result periodly report remaining_qize=7 sync_batch_size=100 processed_result=13700, speed=983.09/s totalWork=7
2021-07-09 10:33:56,206 INFO  [DNFCalculating] log_result_queue_info:1367: calc#1: 排行: try_fetch_result periodly report remaining_qize=4 sync_batch_size=100 processed_result=14000, speed=1004.23/s totalWork=7
2021-07-09 10:33:56,721 INFO  [DNFCalculating] log_result_queue_info:1367: calc#1: 排行: try_fetch_result_in_background remaining_qize=7 sync_batch_size=100 processed_result=14400, speed=996.13/s totalWork=7
2021-07-09 10:33:56,724 INFO  [DNFCalculating] log_result_queue_info:1367: calc#1: 排行: try_fetch_result periodly report remaining_qize=6 sync_batch_size=100 processed_result=14500, speed=1002.88/s totalWork=7
2021-07-09 10:33:56,732 INFO  [DNFCalculating] log_result_queue_info:1367: calc#1: 排行: try_fetch_result periodly report remaining_qize=1 sync_batch_size=100 processed_result=15000, speed=1036.86/s totalWork=7
2021-07-09 10:33:57,243 INFO  [DNFCalculating] log_result_queue_info:1367: calc#1: 排行: try_fetch_result_in_background remaining_qize=9 sync_batch_size=100 processed_result=15100, speed=1008.13/s totalWork=7
2021-07-09 10:33:57,246 INFO  [DNFCalculating] log_result_queue_info:1367: calc#1: 排行: try_fetch_result periodly report remaining_qize=8 sync_batch_size=100 processed_result=15200, speed=1014.67/s totalWork=7
2021-07-09 10:33:57,260 INFO  [DNFCalculating] log_result_queue_info:1367: calc#1: 排行: try_fetch_result periodly report remaining_qize=0 sync_batch_size=100 processed_result=16000, speed=1067.05/s totalWork=7
2021-07-09 10:33:57,766 INFO  [DNFCalculating] log_result_queue_info:1367: calc#1: 排行: try_fetch_result_in_background remaining_qize=10 sync_batch_size=100 processed_result=16000, speed=1032.22/s totalWork=7
2021-07-09 10:33:57,769 INFO  [DNFCalculating] log_result_queue_info:1367: calc#1: 排行: try_fetch_result periodly report remaining_qize=9 sync_batch_size=100 processed_result=16100, speed=1038.48/s totalWork=7
2021-07-09 10:33:57,786 INFO  [DNFCalculating] log_result_queue_info:1367: calc#1: 排行: try_fetch_result periodly report remaining_qize=0 sync_batch_size=100 processed_result=17000, speed=1095.34/s totalWork=7
2021-07-09 10:33:58,289 INFO  [DNFCalculating] log_result_queue_info:1367: calc#1: 排行: try_fetch_result_in_background remaining_qize=7 sync_batch_size=100 processed_result=17000, speed=1060.96/s totalWork=7
2021-07-09 10:33:58,292 INFO  [DNFCalculating] log_result_queue_info:1367: calc#1: 排行: try_fetch_result periodly report remaining_qize=6 sync_batch_size=100 processed_result=17100, speed=1067.00/s totalWork=7
2021-07-09 10:33:58,811 INFO  [DNFCalculating] log_result_queue_info:1367: calc#1: 排行: try_fetch_result_in_background remaining_qize=8 sync_batch_size=100 processed_result=17700, speed=1069.74/s totalWork=7
2021-07-09 10:33:58,814 INFO  [DNFCalculating] log_result_queue_info:1367: calc#1: 排行: try_fetch_result periodly report remaining_qize=7 sync_batch_size=100 processed_result=17800, speed=1075.62/s totalWork=7
2021-07-09 10:33:58,819 INFO  [DNFCalculating] log_result_queue_info:1367: calc#1: 排行: try_fetch_result periodly report remaining_qize=5 sync_batch_size=100 processed_result=18000, speed=1087.38/s totalWork=7
2021-07-09 10:33:59,335 INFO  [DNFCalculating] log_result_queue_info:1367: calc#1: 排行: try_fetch_result_in_background remaining_qize=7 sync_batch_size=100 processed_result=18500, speed=1083.82/s totalWork=7
2021-07-09 10:33:59,337 INFO  [DNFCalculating] log_result_queue_info:1367: calc#1: 排行: try_fetch_result periodly report remaining_qize=6 sync_batch_size=100 processed_result=18600, speed=1089.52/s totalWork=7
2021-07-09 10:33:59,344 INFO  [DNFCalculating] log_result_queue_info:1367: calc#1: 排行: try_fetch_result periodly report remaining_qize=2 sync_batch_size=100 processed_result=19000, speed=1112.49/s totalWork=7
2021-07-09 10:33:59,857 INFO  [DNFCalculating] log_result_queue_info:1367: calc#1: 排行: try_fetch_result_in_background remaining_qize=7 sync_batch_size=100 processed_result=19200, speed=1091.40/s totalWork=7
2021-07-09 10:33:59,860 INFO  [DNFCalculating] log_result_queue_info:1367: calc#1: 排行: try_fetch_result periodly report remaining_qize=6 sync_batch_size=100 processed_result=19300, speed=1096.90/s totalWork=7
2021-07-09 10:34:00,380 INFO  [DNFCalculating] log_result_queue_info:1367: calc#1: 排行: try_fetch_result_in_background remaining_qize=9 sync_batch_size=100 processed_result=19900, speed=1098.54/s totalWork=7
2021-07-09 10:34:00,383 INFO  [DNFCalculating] log_result_queue_info:1367: calc#1: 排行: try_fetch_result periodly report remaining_qize=8 sync_batch_size=100 processed_result=20000, speed=1103.91/s totalWork=7
2021-07-09 10:34:00,903 INFO  [DNFCalculating] log_result_queue_info:1367: calc#1: 排行: try_fetch_result_in_background remaining_qize=8 sync_batch_size=100 processed_result=20800, speed=1116.02/s totalWork=7
2021-07-09 10:34:00,905 INFO  [DNFCalculating] log_result_queue_info:1367: calc#1: 排行: try_fetch_result periodly report remaining_qize=7 sync_batch_size=100 processed_result=20900, speed=1121.27/s totalWork=7
2021-07-09 10:34:00,907 INFO  [DNFCalculating] log_result_queue_info:1367: calc#1: 排行: try_fetch_result periodly report remaining_qize=6 sync_batch_size=100 processed_result=21000, speed=1126.48/s totalWork=7
2021-07-09 10:34:01,425 INFO  [DNFCalculating] log_result_queue_info:1367: calc#1: 排行: try_fetch_result_in_background remaining_qize=10 sync_batch_size=100 processed_result=21600, speed=1127.35/s totalWork=7
2021-07-09 10:34:01,427 INFO  [DNFCalculating] log_result_queue_info:1367: calc#1: 排行: try_fetch_result periodly report remaining_qize=9 sync_batch_size=100 processed_result=21700, speed=1132.45/s totalWork=7
2021-07-09 10:34:01,432 INFO  [DNFCalculating] log_result_queue_info:1367: calc#1: 排行: try_fetch_result periodly report remaining_qize=6 sync_batch_size=100 processed_result=22000, speed=1147.84/s totalWork=7
2021-07-09 10:34:01,948 INFO  [DNFCalculating] log_result_queue_info:1367: calc#1: 排行: try_fetch_result_in_background remaining_qize=14 sync_batch_size=100 processed_result=22600, speed=1148.21/s totalWork=7
2021-07-09 10:34:01,950 INFO  [DNFCalculating] log_result_queue_info:1367: calc#1: 排行: try_fetch_result periodly report remaining_qize=13 sync_batch_size=100 processed_result=22700, speed=1153.18/s totalWork=7
2021-07-09 10:34:01,955 INFO  [DNFCalculating] log_result_queue_info:1367: calc#1: 排行: try_fetch_result periodly report remaining_qize=10 sync_batch_size=100 processed_result=23000, speed=1168.12/s totalWork=7
2021-07-09 10:34:01,967 INFO  [DNFCalculating] log_result_queue_info:1367: calc#1: 排行: try_fetch_result periodly report remaining_qize=0 sync_batch_size=100 processed_result=24000, speed=1218.15/s totalWork=7
2021-07-09 10:34:02,470 INFO  [DNFCalculating] log_result_queue_info:1367: calc#1: 排行: try_fetch_result_in_background remaining_qize=13 sync_batch_size=100 processed_result=24000, speed=1187.82/s totalWork=7
2021-07-09 10:34:02,472 INFO  [DNFCalculating] log_result_queue_info:1367: calc#1: 排行: try_fetch_result periodly report remaining_qize=12 sync_batch_size=100 processed_result=24100, speed=1192.66/s totalWork=7
2021-07-09 10:34:02,486 INFO  [DNFCalculating] log_result_queue_info:1367: calc#1: 排行: try_fetch_result periodly report remaining_qize=3 sync_batch_size=100 processed_result=25000, speed=1236.34/s totalWork=7
2021-07-09 10:34:02,994 INFO  [DNFCalculating] log_result_queue_info:1367: calc#1: 排行: try_fetch_result_in_background remaining_qize=13 sync_batch_size=100 processed_result=25300, speed=1220.55/s totalWork=7
2021-07-09 10:34:02,996 INFO  [DNFCalculating] log_result_queue_info:1367: calc#1: 排行: try_fetch_result periodly report remaining_qize=12 sync_batch_size=100 processed_result=25400, speed=1225.26/s totalWork=7
2021-07-09 10:34:03,005 INFO  [DNFCalculating] log_result_queue_info:1367: calc#1: 排行: try_fetch_result periodly report remaining_qize=6 sync_batch_size=100 processed_result=26000, speed=1253.69/s totalWork=7
2021-07-09 10:34:03,516 INFO  [DNFCalculating] log_result_queue_info:1367: calc#1: 排行: try_fetch_result_in_background remaining_qize=10 sync_batch_size=100 processed_result=26600, speed=1251.73/s totalWork=7
2021-07-09 10:34:03,518 INFO  [DNFCalculating] log_result_queue_info:1367: calc#1: 排行: try_fetch_result periodly report remaining_qize=9 sync_batch_size=100 processed_result=26700, speed=1256.32/s totalWork=7
2021-07-09 10:34:03,523 INFO  [DNFCalculating] log_result_queue_info:1367: calc#1: 排行: try_fetch_result periodly report remaining_qize=6 sync_batch_size=100 processed_result=27000, speed=1270.13/s totalWork=7
2021-07-09 10:34:04,039 INFO  [DNFCalculating] log_result_queue_info:1367: calc#1: 排行: try_fetch_result_in_background remaining_qize=13 sync_batch_size=100 processed_result=27700, speed=1272.20/s totalWork=7
2021-07-09 10:34:04,041 INFO  [DNFCalculating] log_result_queue_info:1367: calc#1: 排行: try_fetch_result periodly report remaining_qize=12 sync_batch_size=100 processed_result=27800, speed=1276.67/s totalWork=7
2021-07-09 10:34:04,044 INFO  [DNFCalculating] log_result_queue_info:1367: calc#1: 排行: try_fetch_result periodly report remaining_qize=10 sync_batch_size=100 processed_result=28000, speed=1285.68/s totalWork=7
2021-07-09 10:34:04,080 INFO  [DNFCalculating] log_result_queue_info:1367: calc#1: 排行: try_fetch_result periodly report remaining_qize=0 sync_batch_size=100 processed_result=29000, speed=1329.35/s totalWork=7
2021-07-09 10:34:04,593 INFO  [DNFCalculating] log_result_queue_info:1367: calc#1: 排行: try_fetch_result_in_background remaining_qize=14 sync_batch_size=100 processed_result=29000, speed=1298.85/s totalWork=7
2021-07-09 10:34:04,595 INFO  [DNFCalculating] log_result_queue_info:1367: calc#1: 排行: try_fetch_result periodly report remaining_qize=13 sync_batch_size=100 processed_result=29100, speed=1303.21/s totalWork=7
2021-07-09 10:34:04,607 INFO  [DNFCalculating] log_result_queue_info:1367: calc#1: 排行: try_fetch_result periodly report remaining_qize=4 sync_batch_size=100 processed_result=30000, speed=1342.80/s totalWork=7
2021-07-09 10:34:05,115 INFO  [DNFCalculating] log_result_queue_info:1367: calc#1: 排行: try_fetch_result_in_background remaining_qize=12 sync_batch_size=100 processed_result=30400, speed=1330.43/s totalWork=7
2021-07-09 10:34:05,117 INFO  [DNFCalculating] log_result_queue_info:1367: calc#1: 排行: try_fetch_result periodly report remaining_qize=11 sync_batch_size=100 processed_result=30500, speed=1334.69/s totalWork=7
2021-07-09 10:34:05,124 INFO  [DNFCalculating] log_result_queue_info:1367: calc#1: 排行: try_fetch_result periodly report remaining_qize=7 sync_batch_size=100 processed_result=31000, speed=1356.13/s totalWork=7
2021-07-09 10:34:05,639 INFO  [DNFCalculating] log_result_queue_info:1367: calc#1: 排行: try_fetch_result_in_background remaining_qize=10 sync_batch_size=100 processed_result=31700, speed=1356.24/s totalWork=7
2021-07-09 10:34:05,641 INFO  [DNFCalculating] log_result_queue_info:1367: calc#1: 排行: try_fetch_result periodly report remaining_qize=9 sync_batch_size=100 processed_result=31800, speed=1360.37/s totalWork=7
2021-07-09 10:34:05,645 INFO  [DNFCalculating] log_result_queue_info:1367: calc#1: 排行: try_fetch_result periodly report remaining_qize=7 sync_batch_size=100 processed_result=32000, speed=1368.70/s totalWork=7
2021-07-09 10:34:06,161 INFO  [DNFCalculating] log_result_queue_info:1367: calc#1: 排行: try_fetch_result_in_background remaining_qize=11 sync_batch_size=100 processed_result=32800, speed=1372.63/s totalWork=7
2021-07-09 10:34:06,163 INFO  [DNFCalculating] log_result_queue_info:1367: calc#1: 排行: try_fetch_result periodly report remaining_qize=10 sync_batch_size=100 processed_result=32900, speed=1376.73/s totalWork=7
2021-07-09 10:34:06,164 INFO  [DNFCalculating] log_result_queue_info:1367: calc#1: 排行: try_fetch_result periodly report remaining_qize=9 sync_batch_size=100 processed_result=33000, speed=1380.83/s totalWork=7
2021-07-09 10:34:06,683 INFO  [DNFCalculating] log_result_queue_info:1367: calc#1: 排行: try_fetch_result_in_background remaining_qize=12 sync_batch_size=100 processed_result=33900, speed=1388.35/s totalWork=7
2021-07-09 10:34:06,685 INFO  [DNFCalculating] log_result_queue_info:1367: calc#1: 排行: try_fetch_result periodly report remaining_qize=11 sync_batch_size=100 processed_result=34000, speed=1392.33/s totalWork=7
2021-07-09 10:34:06,698 INFO  [DNFCalculating] log_result_queue_info:1367: calc#1: 排行: try_fetch_result periodly report remaining_qize=1 sync_batch_size=100 processed_result=35000, speed=1432.49/s totalWork=7
2021-07-09 10:34:07,206 INFO  [DNFCalculating] log_result_queue_info:1367: calc#1: 排行: try_fetch_result_in_background remaining_qize=13 sync_batch_size=100 processed_result=35100, speed=1407.35/s totalWork=7
2021-07-09 10:34:07,208 INFO  [DNFCalculating] log_result_queue_info:1367: calc#1: 排行: try_fetch_result periodly report remaining_qize=12 sync_batch_size=100 processed_result=35200, speed=1411.23/s totalWork=7
2021-07-09 10:34:07,220 INFO  [DNFCalculating] log_result_queue_info:1367: calc#1: 排行: try_fetch_result periodly report remaining_qize=4 sync_batch_size=100 processed_result=36015, speed=1443.24/s totalWork=7
2021-07-09 10:34:07,729 INFO  [DNFCalculating] log_result_queue_info:1367: calc#1: 排行: try_fetch_result_in_background remaining_qize=12 sync_batch_size=100 processed_result=36415, speed=1430.08/s totalWork=7
2021-07-09 10:34:07,731 INFO  [DNFCalculating] log_result_queue_info:1367: calc#1: 排行: try_fetch_result periodly report remaining_qize=11 sync_batch_size=100 processed_result=36515, speed=1433.90/s totalWork=7
2021-07-09 10:34:07,739 INFO  [DNFCalculating] log_result_queue_info:1367: calc#1: 排行: try_fetch_result periodly report remaining_qize=6 sync_batch_size=100 processed_result=37015, speed=1453.08/s totalWork=7
2021-07-09 10:34:08,251 INFO  [DNFCalculating] log_result_queue_info:1367: calc#1: 排行: try_fetch_result_in_background remaining_qize=13 sync_batch_size=100 processed_result=37615, speed=1447.51/s totalWork=7
2021-07-09 10:34:08,252 INFO  [DNFCalculating] log_result_queue_info:1367: calc#1: 排行: try_fetch_result periodly report remaining_qize=12 sync_batch_size=100 processed_result=37630, speed=1448.04/s totalWork=7
2021-07-09 10:34:08,258 INFO  [DNFCalculating] log_result_queue_info:1367: calc#1: 排行: try_fetch_result periodly report remaining_qize=8 sync_batch_size=100 processed_result=38030, speed=1463.12/s totalWork=7
2021-07-09 10:34:08,774 INFO  [DNFCalculating] log_result_queue_info:1367: calc#1: 排行: try_fetch_result_in_background remaining_qize=8 sync_batch_size=100 processed_result=38658, speed=1458.31/s totalWork=7
2021-07-09 10:34:08,776 INFO  [DNFCalculating] log_result_queue_info:1367: calc#1: 排行: try_fetch_result periodly report remaining_qize=7 sync_batch_size=100 processed_result=38758, speed=1461.95/s totalWork=7
2021-07-09 10:34:08,780 INFO  [DNFCalculating] log_result_queue_info:1367: calc#1: 排行: try_fetch_result periodly report remaining_qize=4 sync_batch_size=100 processed_result=39058, speed=1473.07/s totalWork=7
2021-07-09 10:34:09,215 WARNI [DNFCalculating] 计算线程:1476: 所有工作线程均已完成计算，总计用时=27.63s
2021-07-09 10:34:09,298 INFO  [DNFCalculating] log_result_queue_info:1367: calc#1: 排行: after join remaining_qize=8 sync_batch_size=100 processed_result=39372, speed=1456.47/s totalWork=7
2021-07-09 10:34:09,300 INFO  [DNFCalculating] log_result_queue_info:1367: calc#1: 排行: try_fetch_result periodly report remaining_qize=7 sync_batch_size=100 processed_result=39472, speed=1460.06/s totalWork=7
2021-07-09 10:34:09,305 INFO  [DNFCalculating] log_result_queue_info:1367: calc#1: 排行: try_fetch_result periodly report remaining_qize=0 sync_batch_size=100 processed_result=40000, speed=1479.30/s totalWork=7
2021-07-09 10:34:09,306 INFO  [DNFCalculating] log_result_queue_info:1367: calc#1: 排行: after final remaining_qize=0 sync_batch_size=100 processed_result=40000, speed=1479.25/s totalWork=7
2021-07-09 10:34:51,237 INFO  [DNFCalculating] 计算线程:1354: 开始计算
2021-07-09 10:34:52,090 INFO  [DNFCalculating] log_result_queue_info:1367: calc#2: 排行: try_fetch_result_in_background remaining_qize=0 sync_batch_size=100 processed_result=0, speed=0.00/s totalWork=0
2021-07-09 10:34:52,721 INFO  [DNFCalculating] log_result_queue_info:1367: calc#2: 排行: try_fetch_result_in_background remaining_qize=0 sync_batch_size=100 processed_result=0, speed=0.00/s totalWork=0
2021-07-09 10:34:53,336 INFO  [DNFCalculating] log_result_queue_info:1367: calc#2: 排行: try_fetch_result_in_background remaining_qize=0 sync_batch_size=100 processed_result=0, speed=0.00/s totalWork=0
2021-07-09 10:34:53,923 INFO  [DNFCalculating] log_result_queue_info:1367: calc#2: 排行: try_fetch_result_in_background remaining_qize=0 sync_batch_size=100 processed_result=0, speed=0.00/s totalWork=7
2021-07-09 10:34:54,428 INFO  [DNFCalculating] log_result_queue_info:1367: calc#2: 排行: try_fetch_result_in_background remaining_qize=1 sync_batch_size=100 processed_result=0, speed=0.00/s totalWork=7
2021-07-09 10:34:54,935 INFO  [DNFCalculating] log_result_queue_info:1367: calc#2: 排行: try_fetch_result_in_background remaining_qize=3 sync_batch_size=100 processed_result=100, speed=32.93/s totalWork=7
2021-07-09 10:34:55,442 INFO  [DNFCalculating] log_result_queue_info:1367: calc#2: 排行: try_fetch_result_in_background remaining_qize=4 sync_batch_size=100 processed_result=400, speed=112.87/s totalWork=7
2021-07-09 10:34:55,965 INFO  [DNFCalculating] log_result_queue_info:1367: calc#2: 排行: try_fetch_result_in_background remaining_qize=5 sync_batch_size=100 processed_result=800, speed=196.73/s totalWork=7
2021-07-09 10:34:55,968 INFO  [DNFCalculating] log_result_queue_info:1367: calc#2: 排行: try_fetch_result periodly report remaining_qize=3 sync_batch_size=100 processed_result=1000, speed=245.69/s totalWork=7
2021-07-09 10:34:56,487 INFO  [DNFCalculating] log_result_queue_info:1367: calc#2: 排行: try_fetch_result_in_background remaining_qize=4 sync_batch_size=100 processed_result=1300, speed=283.29/s totalWork=7
2021-07-09 10:34:56,490 INFO  [DNFCalculating] log_result_queue_info:1367: calc#2: 排行: try_fetch_result periodly report remaining_qize=4 sync_batch_size=100 processed_result=1400, speed=304.88/s totalWork=7
2021-07-09 10:34:57,010 INFO  [DNFCalculating] log_result_queue_info:1367: calc#2: 排行: try_fetch_result_in_background remaining_qize=10 sync_batch_size=100 processed_result=1800, speed=352.09/s totalWork=7
2021-07-09 10:34:57,013 INFO  [DNFCalculating] log_result_queue_info:1367: calc#2: 排行: try_fetch_result periodly report remaining_qize=9 sync_batch_size=100 processed_result=1900, speed=371.47/s totalWork=7
2021-07-09 10:34:57,015 INFO  [DNFCalculating] log_result_queue_info:1367: calc#2: 排行: try_fetch_result periodly report remaining_qize=8 sync_batch_size=100 processed_result=2000, speed=390.87/s totalWork=7
2021-07-09 10:34:57,533 INFO  [DNFCalculating] log_result_queue_info:1367: calc#2: 排行: try_fetch_result_in_background remaining_qize=6 sync_batch_size=100 processed_result=2800, speed=496.89/s totalWork=7
2021-07-09 10:34:57,535 INFO  [DNFCalculating] log_result_queue_info:1367: calc#2: 排行: try_fetch_result periodly report remaining_qize=5 sync_batch_size=100 processed_result=2900, speed=514.41/s totalWork=7
2021-07-09 10:34:57,538 INFO  [DNFCalculating] log_result_queue_info:1367: calc#2: 排行: try_fetch_result periodly report remaining_qize=4 sync_batch_size=100 processed_result=3000, speed=531.91/s totalWork=7
2021-07-09 10:34:58,056 INFO  [DNFCalculating] log_result_queue_info:1367: calc#2: 排行: try_fetch_result_in_background remaining_qize=8 sync_batch_size=100 processed_result=3400, speed=552.14/s totalWork=7
2021-07-09 10:34:58,058 INFO  [DNFCalculating] log_result_queue_info:1367: calc#2: 排行: try_fetch_result periodly report remaining_qize=7 sync_batch_size=100 processed_result=3500, speed=568.15/s totalWork=7
2021-07-09 10:34:58,066 INFO  [DNFCalculating] log_result_queue_info:1367: calc#2: 排行: try_fetch_result periodly report remaining_qize=2 sync_batch_size=100 processed_result=4000, speed=648.48/s totalWork=7
2021-07-09 10:34:58,578 INFO  [DNFCalculating] log_result_queue_info:1367: calc#2: 排行: try_fetch_result_in_background remaining_qize=9 sync_batch_size=100 processed_result=4200, speed=628.73/s totalWork=7
2021-07-09 10:34:58,580 INFO  [DNFCalculating] log_result_queue_info:1367: calc#2: 排行: try_fetch_result periodly report remaining_qize=8 sync_batch_size=100 processed_result=4300, speed=643.46/s totalWork=7
2021-07-09 10:34:58,593 INFO  [DNFCalculating] log_result_queue_info:1367: calc#2: 排行: try_fetch_result periodly report remaining_qize=2 sync_batch_size=100 processed_result=5000, speed=746.83/s totalWork=7
2021-07-09 10:34:59,101 INFO  [DNFCalculating] log_result_queue_info:1367: calc#2: 排行: try_fetch_result_in_background remaining_qize=10 sync_batch_size=100 processed_result=5200, speed=721.93/s totalWork=7
2021-07-09 10:34:59,103 INFO  [DNFCalculating] log_result_queue_info:1367: calc#2: 排行: try_fetch_result periodly report remaining_qize=9 sync_batch_size=100 processed_result=5300, speed=735.56/s totalWork=7
2021-07-09 10:34:59,116 INFO  [DNFCalculating] log_result_queue_info:1367: calc#2: 排行: try_fetch_result periodly report remaining_qize=3 sync_batch_size=100 processed_result=6000, speed=831.28/s totalWork=7
2021-07-09 10:34:59,624 INFO  [DNFCalculating] log_result_queue_info:1367: calc#2: 排行: try_fetch_result_in_background remaining_qize=7 sync_batch_size=100 processed_result=6300, speed=815.41/s totalWork=7
2021-07-09 10:34:59,626 INFO  [DNFCalculating] log_result_queue_info:1367: calc#2: 排行: try_fetch_result periodly report remaining_qize=6 sync_batch_size=100 processed_result=6400, speed=828.14/s totalWork=7
2021-07-09 10:34:59,638 INFO  [DNFCalculating] log_result_queue_info:1367: calc#2: 排行: try_fetch_result periodly report remaining_qize=0 sync_batch_size=100 processed_result=7000, speed=904.38/s totalWork=7
2021-07-09 10:35:00,146 INFO  [DNFCalculating] log_result_queue_info:1367: calc#2: 排行: try_fetch_result_in_background remaining_qize=11 sync_batch_size=100 processed_result=7000, speed=848.64/s totalWork=7
2021-07-09 10:35:00,149 INFO  [DNFCalculating] log_result_queue_info:1367: calc#2: 排行: try_fetch_result periodly report remaining_qize=10 sync_batch_size=100 processed_result=7100, speed=860.45/s totalWork=7
2021-07-09 10:35:00,164 INFO  [DNFCalculating] log_result_queue_info:1367: calc#2: 排行: try_fetch_result periodly report remaining_qize=1 sync_batch_size=100 processed_result=8000, speed=967.78/s totalWork=7
2021-07-09 10:35:00,670 INFO  [DNFCalculating] log_result_queue_info:1367: calc#2: 排行: try_fetch_result_in_background remaining_qize=9 sync_batch_size=100 processed_result=8100, speed=923.42/s totalWork=7
2021-07-09 10:35:00,673 INFO  [DNFCalculating] log_result_queue_info:1367: calc#2: 排行: try_fetch_result periodly report remaining_qize=8 sync_batch_size=100 processed_result=8200, speed=934.45/s totalWork=7
2021-07-09 10:35:00,687 INFO  [DNFCalculating] log_result_queue_info:1367: calc#2: 排行: try_fetch_result periodly report remaining_qize=0 sync_batch_size=100 processed_result=9000, speed=1023.99/s totalWork=7
2021-07-09 10:35:01,192 INFO  [DNFCalculating] log_result_queue_info:1367: calc#2: 排行: try_fetch_result_in_background remaining_qize=10 sync_batch_size=100 processed_result=9000, speed=968.36/s totalWork=7
2021-07-09 10:35:01,195 INFO  [DNFCalculating] log_result_queue_info:1367: calc#2: 排行: try_fetch_result periodly report remaining_qize=9 sync_batch_size=100 processed_result=9100, speed=978.81/s totalWork=7
2021-07-09 10:35:01,210 INFO  [DNFCalculating] log_result_queue_info:1367: calc#2: 排行: try_fetch_result periodly report remaining_qize=0 sync_batch_size=100 processed_result=10000, speed=1073.84/s totalWork=7
2021-07-09 10:35:01,715 INFO  [DNFCalculating] log_result_queue_info:1367: calc#2: 排行: try_fetch_result_in_background remaining_qize=10 sync_batch_size=100 processed_result=10000, speed=1018.61/s totalWork=7
2021-07-09 10:35:01,717 INFO  [DNFCalculating] log_result_queue_info:1367: calc#2: 排行: try_fetch_result periodly report remaining_qize=9 sync_batch_size=100 processed_result=10100, speed=1028.59/s totalWork=7
2021-07-09 10:35:01,733 INFO  [DNFCalculating] log_result_queue_info:1367: calc#2: 排行: try_fetch_result periodly report remaining_qize=0 sync_batch_size=100 processed_result=11000, speed=1118.38/s totalWork=7
2021-07-09 10:35:02,238 INFO  [DNFCalculating] log_result_queue_info:1367: calc#2: 排行: try_fetch_result_in_background remaining_qize=10 sync_batch_size=100 processed_result=11000, speed=1063.82/s totalWork=7
2021-07-09 10:35:02,240 INFO  [DNFCalculating] log_result_queue_info:1367: calc#2: 排行: try_fetch_result periodly report remaining_qize=9 sync_batch_size=100 processed_result=11100, speed=1073.23/s totalWork=7
2021-07-09 10:35:02,256 INFO  [DNFCalculating] log_result_queue_info:1367: calc#2: 排行: try_fetch_result periodly report remaining_qize=0 sync_batch_size=100 processed_result=12000, speed=1158.58/s totalWork=7
2021-07-09 10:35:02,760 INFO  [DNFCalculating] log_result_queue_info:1367: calc#2: 排行: try_fetch_result_in_background remaining_qize=9 sync_batch_size=100 processed_result=12000, speed=1104.73/s totalWork=7
2021-07-09 10:35:02,763 INFO  [DNFCalculating] log_result_queue_info:1367: calc#2: 排行: try_fetch_result periodly report remaining_qize=8 sync_batch_size=100 processed_result=12100, speed=1113.68/s totalWork=7
2021-07-09 10:35:03,283 INFO  [DNFCalculating] log_result_queue_info:1367: calc#2: 排行: try_fetch_result_in_background remaining_qize=10 sync_batch_size=100 processed_result=12900, speed=1133.00/s totalWork=7
2021-07-09 10:35:03,286 INFO  [DNFCalculating] log_result_queue_info:1367: calc#2: 排行: try_fetch_result periodly report remaining_qize=9 sync_batch_size=100 processed_result=13000, speed=1141.49/s totalWork=7
2021-07-09 10:35:03,806 INFO  [DNFCalculating] log_result_queue_info:1367: calc#2: 排行: try_fetch_result_in_background remaining_qize=10 sync_batch_size=100 processed_result=13900, speed=1167.29/s totalWork=7
2021-07-09 10:35:03,808 INFO  [DNFCalculating] log_result_queue_info:1367: calc#2: 排行: try_fetch_result periodly report remaining_qize=9 sync_batch_size=100 processed_result=14000, speed=1175.44/s totalWork=7
2021-07-09 10:35:04,329 INFO  [DNFCalculating] log_result_queue_info:1367: calc#2: 排行: try_fetch_result_in_background remaining_qize=9 sync_batch_size=100 processed_result=14900, speed=1198.64/s totalWork=7
2021-07-09 10:35:04,332 INFO  [DNFCalculating] log_result_queue_info:1367: calc#2: 排行: try_fetch_result periodly report remaining_qize=8 sync_batch_size=100 processed_result=15000, speed=1206.45/s totalWork=7
2021-07-09 10:35:04,851 INFO  [DNFCalculating] log_result_queue_info:1367: calc#2: 排行: try_fetch_result_in_background remaining_qize=10 sync_batch_size=100 processed_result=15800, speed=1219.75/s totalWork=7
2021-07-09 10:35:04,854 INFO  [DNFCalculating] log_result_queue_info:1367: calc#2: 排行: try_fetch_result periodly report remaining_qize=9 sync_batch_size=100 processed_result=15900, speed=1227.18/s totalWork=7
2021-07-09 10:35:04,857 INFO  [DNFCalculating] log_result_queue_info:1367: calc#2: 排行: try_fetch_result periodly report remaining_qize=8 sync_batch_size=100 processed_result=16000, speed=1234.71/s totalWork=7
2021-07-09 10:35:05,374 INFO  [DNFCalculating] log_result_queue_info:1367: calc#2: 排行: try_fetch_result_in_background remaining_qize=8 sync_batch_size=100 processed_result=16800, speed=1246.63/s totalWork=7
2021-07-09 10:35:05,376 INFO  [DNFCalculating] log_result_queue_info:1367: calc#2: 排行: try_fetch_result periodly report remaining_qize=7 sync_batch_size=100 processed_result=16900, speed=1253.87/s totalWork=7
2021-07-09 10:35:05,379 INFO  [DNFCalculating] log_result_queue_info:1367: calc#2: 排行: try_fetch_result periodly report remaining_qize=6 sync_batch_size=100 processed_result=17000, speed=1261.05/s totalWork=7
2021-07-09 10:35:05,898 INFO  [DNFCalculating] log_result_queue_info:1367: calc#2: 排行: try_fetch_result_in_background remaining_qize=10 sync_batch_size=100 processed_result=17600, speed=1257.13/s totalWork=7
2021-07-09 10:35:05,900 INFO  [DNFCalculating] log_result_queue_info:1367: calc#2: 排行: try_fetch_result periodly report remaining_qize=9 sync_batch_size=100 processed_result=17700, speed=1264.05/s totalWork=7
2021-07-09 10:35:05,906 INFO  [DNFCalculating] log_result_queue_info:1367: calc#2: 排行: try_fetch_result periodly report remaining_qize=6 sync_batch_size=100 processed_result=18000, speed=1284.98/s totalWork=7
2021-07-09 10:35:06,419 INFO  [DNFCalculating] log_result_queue_info:1367: calc#2: 排行: try_fetch_result_in_background remaining_qize=10 sync_batch_size=100 processed_result=18600, speed=1280.91/s totalWork=7
2021-07-09 10:35:06,421 INFO  [DNFCalculating] log_result_queue_info:1367: calc#2: 排行: try_fetch_result periodly report remaining_qize=9 sync_batch_size=100 processed_result=18700, speed=1287.58/s totalWork=7
2021-07-09 10:35:06,427 INFO  [DNFCalculating] log_result_queue_info:1367: calc#2: 排行: try_fetch_result periodly report remaining_qize=6 sync_batch_size=100 processed_result=19000, speed=1307.75/s totalWork=7
2021-07-09 10:35:06,941 INFO  [DNFCalculating] log_result_queue_info:1367: calc#2: 排行: try_fetch_result_in_background remaining_qize=9 sync_batch_size=100 processed_result=19600, speed=1302.92/s totalWork=7
2021-07-09 10:35:06,943 INFO  [DNFCalculating] log_result_queue_info:1367: calc#2: 排行: try_fetch_result periodly report remaining_qize=8 sync_batch_size=100 processed_result=19700, speed=1309.35/s totalWork=7
2021-07-09 10:35:06,949 INFO  [DNFCalculating] log_result_queue_info:1367: calc#2: 排行: try_fetch_result periodly report remaining_qize=5 sync_batch_size=100 processed_result=20000, speed=1328.81/s totalWork=7
2021-07-09 10:35:07,464 INFO  [DNFCalculating] log_result_queue_info:1367: calc#2: 排行: try_fetch_result_in_background remaining_qize=9 sync_batch_size=100 processed_result=20500, speed=1316.94/s totalWork=7
2021-07-09 10:35:07,466 INFO  [DNFCalculating] log_result_queue_info:1367: calc#2: 排行: try_fetch_result periodly report remaining_qize=8 sync_batch_size=100 processed_result=20600, speed=1323.19/s totalWork=7
2021-07-09 10:35:07,474 INFO  [DNFCalculating] log_result_queue_info:1367: calc#2: 排行: try_fetch_result periodly report remaining_qize=4 sync_batch_size=100 processed_result=21000, speed=1348.24/s totalWork=7
2021-07-09 10:35:07,987 INFO  [DNFCalculating] log_result_queue_info:1367: calc#2: 排行: try_fetch_result_in_background remaining_qize=8 sync_batch_size=100 processed_result=21500, speed=1336.30/s totalWork=7
2021-07-09 10:35:07,990 INFO  [DNFCalculating] log_result_queue_info:1367: calc#2: 排行: try_fetch_result periodly report remaining_qize=7 sync_batch_size=100 processed_result=21600, speed=1342.31/s totalWork=7
2021-07-09 10:35:07,997 INFO  [DNFCalculating] log_result_queue_info:1367: calc#2: 排行: try_fetch_result periodly report remaining_qize=3 sync_batch_size=100 processed_result=22000, speed=1366.53/s totalWork=7
2021-07-09 10:35:08,510 INFO  [DNFCalculating] log_result_queue_info:1367: calc#2: 排行: try_fetch_result_in_background remaining_qize=9 sync_batch_size=100 processed_result=22300, speed=1342.40/s totalWork=7
2021-07-09 10:35:08,512 INFO  [DNFCalculating] log_result_queue_info:1367: calc#2: 排行: try_fetch_result periodly report remaining_qize=8 sync_batch_size=100 processed_result=22400, speed=1348.22/s totalWork=7
2021-07-09 10:35:08,523 INFO  [DNFCalculating] log_result_queue_info:1367: calc#2: 排行: try_fetch_result periodly report remaining_qize=2 sync_batch_size=100 processed_result=23000, speed=1383.47/s totalWork=7
2021-07-09 10:35:09,032 INFO  [DNFCalculating] log_result_queue_info:1367: calc#2: 排行: try_fetch_result_in_background remaining_qize=11 sync_batch_size=100 processed_result=23200, speed=1354.01/s totalWork=7
2021-07-09 10:35:09,035 INFO  [DNFCalculating] log_result_queue_info:1367: calc#2: 排行: try_fetch_result periodly report remaining_qize=10 sync_batch_size=100 processed_result=23300, speed=1359.61/s totalWork=7
2021-07-09 10:35:09,047 INFO  [DNFCalculating] log_result_queue_info:1367: calc#2: 排行: try_fetch_result periodly report remaining_qize=3 sync_batch_size=100 processed_result=24000, speed=1399.48/s totalWork=7
2021-07-09 10:35:09,555 INFO  [DNFCalculating] log_result_queue_info:1367: calc#2: 排行: try_fetch_result_in_background remaining_qize=8 sync_batch_size=100 processed_result=24300, speed=1376.18/s totalWork=7
2021-07-09 10:35:09,558 INFO  [DNFCalculating] log_result_queue_info:1367: calc#2: 排行: try_fetch_result periodly report remaining_qize=7 sync_batch_size=100 processed_result=24400, speed=1381.61/s totalWork=7
2021-07-09 10:35:09,568 INFO  [DNFCalculating] log_result_queue_info:1367: calc#2: 排行: try_fetch_result periodly report remaining_qize=1 sync_batch_size=100 processed_result=25000, speed=1414.83/s totalWork=7
2021-07-09 10:35:10,078 INFO  [DNFCalculating] log_result_queue_info:1367: calc#2: 排行: try_fetch_result_in_background remaining_qize=10 sync_batch_size=100 processed_result=25100, speed=1380.65/s totalWork=7
2021-07-09 10:35:10,080 INFO  [DNFCalculating] log_result_queue_info:1367: calc#2: 排行: try_fetch_result periodly report remaining_qize=9 sync_batch_size=100 processed_result=25200, speed=1385.96/s totalWork=7
2021-07-09 10:35:10,094 INFO  [DNFCalculating] log_result_queue_info:1367: calc#2: 排行: try_fetch_result periodly report remaining_qize=1 sync_batch_size=100 processed_result=26000, speed=1428.87/s totalWork=7
2021-07-09 10:35:10,601 INFO  [DNFCalculating] log_result_queue_info:1367: calc#2: 排行: try_fetch_result_in_background remaining_qize=9 sync_batch_size=100 processed_result=26100, speed=1395.52/s totalWork=7
2021-07-09 10:35:10,603 INFO  [DNFCalculating] log_result_queue_info:1367: calc#2: 排行: try_fetch_result periodly report remaining_qize=8 sync_batch_size=100 processed_result=26200, speed=1400.69/s totalWork=7
2021-07-09 10:35:10,618 INFO  [DNFCalculating] log_result_queue_info:1367: calc#2: 排行: try_fetch_result periodly report remaining_qize=1 sync_batch_size=100 processed_result=27000, speed=1442.27/s totalWork=7
2021-07-09 10:35:11,124 INFO  [DNFCalculating] log_result_queue_info:1367: calc#2: 排行: try_fetch_result_in_background remaining_qize=8 sync_batch_size=100 processed_result=27100, speed=1409.55/s totalWork=7
2021-07-09 10:35:11,126 INFO  [DNFCalculating] log_result_queue_info:1367: calc#2: 排行: try_fetch_result periodly report remaining_qize=7 sync_batch_size=100 processed_result=27200, speed=1414.61/s totalWork=7
2021-07-09 10:35:11,647 INFO  [DNFCalculating] log_result_queue_info:1367: calc#2: 排行: try_fetch_result_in_background remaining_qize=8 sync_batch_size=100 processed_result=27900, speed=1412.75/s totalWork=7
2021-07-09 10:35:11,649 INFO  [DNFCalculating] log_result_queue_info:1367: calc#2: 排行: try_fetch_result periodly report remaining_qize=7 sync_batch_size=100 processed_result=28000, speed=1417.63/s totalWork=7
2021-07-09 10:35:12,169 INFO  [DNFCalculating] log_result_queue_info:1367: calc#2: 排行: try_fetch_result_in_background remaining_qize=10 sync_batch_size=100 processed_result=28700, speed=1415.82/s totalWork=7
2021-07-09 10:35:12,171 INFO  [DNFCalculating] log_result_queue_info:1367: calc#2: 排行: try_fetch_result periodly report remaining_qize=9 sync_batch_size=100 processed_result=28800, speed=1420.57/s totalWork=7
2021-07-09 10:35:12,176 INFO  [DNFCalculating] log_result_queue_info:1367: calc#2: 排行: try_fetch_result periodly report remaining_qize=7 sync_batch_size=100 processed_result=29000, speed=1430.14/s totalWork=7
2021-07-09 10:35:12,692 INFO  [DNFCalculating] log_result_queue_info:1367: calc#2: 排行: try_fetch_result_in_background remaining_qize=8 sync_batch_size=100 processed_result=29700, speed=1428.28/s totalWork=7
2021-07-09 10:35:12,695 INFO  [DNFCalculating] log_result_queue_info:1367: calc#2: 排行: try_fetch_result periodly report remaining_qize=7 sync_batch_size=100 processed_result=29800, speed=1432.92/s totalWork=7
2021-07-09 10:35:12,699 INFO  [DNFCalculating] log_result_queue_info:1367: calc#2: 排行: try_fetch_result periodly report remaining_qize=5 sync_batch_size=100 processed_result=30000, speed=1442.26/s totalWork=7
2021-07-09 10:35:13,214 INFO  [DNFCalculating] log_result_queue_info:1367: calc#2: 排行: try_fetch_result_in_background remaining_qize=10 sync_batch_size=100 processed_result=30500, speed=1430.84/s totalWork=7
2021-07-09 10:35:13,217 INFO  [DNFCalculating] log_result_queue_info:1367: calc#2: 排行: try_fetch_result periodly report remaining_qize=9 sync_batch_size=100 processed_result=30600, speed=1435.37/s totalWork=7
2021-07-09 10:35:13,223 INFO  [DNFCalculating] log_result_queue_info:1367: calc#2: 排行: try_fetch_result periodly report remaining_qize=5 sync_batch_size=100 processed_result=31000, speed=1453.69/s totalWork=7
2021-07-09 10:35:13,737 INFO  [DNFCalculating] log_result_queue_info:1367: calc#2: 排行: try_fetch_result_in_background remaining_qize=9 sync_batch_size=100 processed_result=31500, speed=1442.38/s totalWork=7
2021-07-09 10:35:13,739 INFO  [DNFCalculating] log_result_queue_info:1367: calc#2: 排行: try_fetch_result periodly report remaining_qize=8 sync_batch_size=100 processed_result=31600, speed=1446.78/s totalWork=7
2021-07-09 10:35:13,746 INFO  [DNFCalculating] log_result_queue_info:1367: calc#2: 排行: try_fetch_result periodly report remaining_qize=4 sync_batch_size=100 processed_result=32000, speed=1464.64/s totalWork=7
2021-07-09 10:35:14,260 INFO  [DNFCalculating] log_result_queue_info:1367: calc#2: 排行: try_fetch_result_in_background remaining_qize=9 sync_batch_size=100 processed_result=32400, speed=1448.88/s totalWork=7
2021-07-09 10:35:14,262 INFO  [DNFCalculating] log_result_queue_info:1367: calc#2: 排行: try_fetch_result periodly report remaining_qize=8 sync_batch_size=100 processed_result=32500, speed=1453.22/s totalWork=7
2021-07-09 10:35:14,270 INFO  [DNFCalculating] log_result_queue_info:1367: calc#2: 排行: try_fetch_result periodly report remaining_qize=3 sync_batch_size=100 processed_result=33000, speed=1475.05/s totalWork=7
2021-07-09 10:35:14,783 INFO  [DNFCalculating] log_result_queue_info:1367: calc#2: 排行: try_fetch_result_in_background remaining_qize=11 sync_batch_size=100 processed_result=33300, speed=1455.14/s totalWork=7
2021-07-09 10:35:14,785 INFO  [DNFCalculating] log_result_queue_info:1367: calc#2: 排行: try_fetch_result periodly report remaining_qize=10 sync_batch_size=100 processed_result=33400, speed=1459.35/s totalWork=7
2021-07-09 10:35:14,794 INFO  [DNFCalculating] log_result_queue_info:1367: calc#2: 排行: try_fetch_result periodly report remaining_qize=4 sync_batch_size=100 processed_result=34000, speed=1485.02/s totalWork=7
2021-07-09 10:35:15,306 INFO  [DNFCalculating] log_result_queue_info:1367: calc#2: 排行: try_fetch_result_in_background remaining_qize=13 sync_batch_size=100 processed_result=34400, speed=1469.60/s totalWork=7
2021-07-09 10:35:15,307 INFO  [DNFCalculating] log_result_queue_info:1367: calc#2: 排行: try_fetch_result periodly report remaining_qize=12 sync_batch_size=100 processed_result=34475, speed=1472.71/s totalWork=7
2021-07-09 10:35:15,316 INFO  [DNFCalculating] log_result_queue_info:1367: calc#2: 排行: try_fetch_result periodly report remaining_qize=6 sync_batch_size=100 processed_result=35075, speed=1497.77/s totalWork=7
2021-07-09 10:35:15,828 INFO  [DNFCalculating] log_result_queue_info:1367: calc#2: 排行: try_fetch_result_in_background remaining_qize=11 sync_batch_size=100 processed_result=35675, speed=1490.79/s totalWork=7
2021-07-09 10:35:15,830 INFO  [DNFCalculating] log_result_queue_info:1367: calc#2: 排行: try_fetch_result periodly report remaining_qize=10 sync_batch_size=100 processed_result=35775, speed=1494.86/s totalWork=7
2021-07-09 10:35:15,834 INFO  [DNFCalculating] log_result_queue_info:1367: calc#2: 排行: try_fetch_result periodly report remaining_qize=7 sync_batch_size=100 processed_result=36050, speed=1506.07/s totalWork=7
2021-07-09 10:35:16,351 INFO  [DNFCalculating] log_result_queue_info:1367: calc#2: 排行: try_fetch_result_in_background remaining_qize=10 sync_batch_size=100 processed_result=36750, speed=1502.89/s totalWork=7
2021-07-09 10:35:16,353 INFO  [DNFCalculating] log_result_queue_info:1367: calc#2: 排行: try_fetch_result periodly report remaining_qize=9 sync_batch_size=100 processed_result=36850, speed=1506.86/s totalWork=7
2021-07-09 10:35:16,356 INFO  [DNFCalculating] log_result_queue_info:1367: calc#2: 排行: try_fetch_result periodly report remaining_qize=7 sync_batch_size=100 processed_result=37050, speed=1514.83/s totalWork=7
2021-07-09 10:35:16,874 INFO  [DNFCalculating] log_result_queue_info:1367: calc#2: 排行: try_fetch_result_in_background remaining_qize=10 sync_batch_size=100 processed_result=37725, speed=1510.47/s totalWork=7
2021-07-09 10:35:16,875 INFO  [DNFCalculating] log_result_queue_info:1367: calc#2: 排行: try_fetch_result periodly report remaining_qize=9 sync_batch_size=100 processed_result=37825, speed=1514.36/s totalWork=7
2021-07-09 10:35:16,877 INFO  [DNFCalculating] log_result_queue_info:1367: calc#2: 排行: try_fetch_result periodly report remaining_qize=7 sync_batch_size=100 processed_result=38000, speed=1521.25/s totalWork=7
2021-07-09 10:35:17,363 WARNI [DNFCalculating] 计算线程:1476: 所有工作线程均已完成计算，总计用时=26.12s
2021-07-09 10:35:17,397 INFO  [DNFCalculating] log_result_queue_info:1367: calc#2: 排行: after join remaining_qize=4 sync_batch_size=100 processed_result=38650, speed=1515.73/s totalWork=7
2021-07-09 10:35:17,399 INFO  [DNFCalculating] log_result_queue_info:1367: calc#2: 排行: try_fetch_result periodly report remaining_qize=3 sync_batch_size=100 processed_result=38750, speed=1519.56/s totalWork=7
2021-07-09 10:35:17,402 INFO  [DNFCalculating] log_result_queue_info:1367: calc#2: 排行: try_fetch_result periodly report remaining_qize=0 sync_batch_size=100 processed_result=39024, speed=1530.13/s totalWork=7
2021-07-09 10:35:17,402 INFO  [DNFCalculating] log_result_queue_info:1367: calc#2: 排行: after final remaining_qize=0 sync_batch_size=100 processed_result=39024, speed=1530.10/s totalWork=7
