2021-03-22 20:41:19,323 DEBUG [urllib3.connectionpool] _new_conn:971: Starting new HTTPS connection (1): pan.lanzous.com:443
2021-03-22 20:41:19,716 DEBUG [urllib3.connectionpool] _make_request:452: https://pan.lanzous.com:443 "GET /b01bfj76f HTTP/1.1" 200 None
2021-03-22 20:41:19,740 DEBUG [urllib3.connectionpool] _new_conn:971: Starting new HTTPS connection (1): pan.lanzous.com:443
2021-03-22 20:41:19,982 DEBUG [urllib3.connectionpool] _make_request:452: https://pan.lanzous.com:443 "GET /b01bfj76f HTTP/1.1" 200 None
2021-03-22 20:41:20,006 DEBUG [urllib3.connectionpool] _new_conn:971: Starting new HTTPS connection (1): pan.lanzous.com:443
2021-03-22 20:41:20,274 DEBUG [urllib3.connectionpool] _make_request:452: https://pan.lanzous.com:443 "POST /filemoreajax.php HTTP/1.1" 200 None
2021-03-22 20:41:21,048 DEBUG [urllib3.connectionpool] _make_request:452: https://pan.lanzous.com:443 "POST /filemoreajax.php HTTP/1.1" 200 None
2021-03-22 20:41:21,827 DEBUG [urllib3.connectionpool] _make_request:452: https://pan.lanzous.com:443 "POST /filemoreajax.php HTTP/1.1" 200 None
2021-03-22 20:41:22,599 DEBUG [urllib3.connectionpool] _make_request:452: https://pan.lanzous.com:443 "POST /filemoreajax.php HTTP/1.1" 200 None
2021-03-22 20:41:57,736 INFO  [DNFCalculating] 计算线程:1224: 开始计算
2021-03-22 20:41:58,109 INFO  [DNFCalculating] log_result_queue_info:1237: calc#1: 排行: try_fetch_result_in_background remaining_qize=0 sync_batch_size=100 processed_result=0, speed=0.00/s totalWork=1
2021-03-22 20:41:58,128 WARNI [DNFCalculating] 计算线程:1336: 所有工作线程均已完成计算，总计用时=0.39s
2021-03-22 20:41:58,611 INFO  [DNFCalculating] log_result_queue_info:1237: calc#1: 排行: after join remaining_qize=1 sync_batch_size=100 processed_result=0, speed=0.00/s totalWork=1
2021-03-22 20:41:58,612 INFO  [DNFCalculating] log_result_queue_info:1237: calc#1: 排行: after final remaining_qize=0 sync_batch_size=100 processed_result=1, speed=1.98/s totalWork=1
2021-03-22 20:42:05,988 INFO  [DNFCalculating] 计算线程:1224: 开始计算
2021-03-22 20:42:06,355 INFO  [DNFCalculating] log_result_queue_info:1237: calc#2: 排行: try_fetch_result_in_background remaining_qize=0 sync_batch_size=100 processed_result=0, speed=0.00/s totalWork=1
2021-03-22 20:42:06,374 WARNI [DNFCalculating] 计算线程:1336: 所有工作线程均已完成计算，总计用时=0.38s
2021-03-22 20:42:06,858 INFO  [DNFCalculating] log_result_queue_info:1237: calc#2: 排行: after join remaining_qize=1 sync_batch_size=100 processed_result=0, speed=0.00/s totalWork=1
2021-03-22 20:42:06,858 INFO  [DNFCalculating] log_result_queue_info:1237: calc#2: 排行: after final remaining_qize=0 sync_batch_size=100 processed_result=1, speed=1.98/s totalWork=1
2021-03-22 20:42:13,237 INFO  [DNFCalculating] 计算线程:1224: 开始计算
2021-03-22 20:42:13,586 INFO  [DNFCalculating] log_result_queue_info:1237: calc#3: 排行: try_fetch_result_in_background remaining_qize=0 sync_batch_size=100 processed_result=0, speed=0.00/s totalWork=0
2021-03-22 20:42:13,643 WARNI [DNFCalculating] 计算线程:1336: 所有工作线程均已完成计算，总计用时=0.40s
2021-03-22 20:42:14,089 INFO  [DNFCalculating] log_result_queue_info:1237: calc#3: 排行: after join remaining_qize=1 sync_batch_size=100 processed_result=0, speed=0.00/s totalWork=1
2021-03-22 20:42:14,090 INFO  [DNFCalculating] log_result_queue_info:1237: calc#3: 排行: after final remaining_qize=0 sync_batch_size=100 processed_result=1, speed=1.98/s totalWork=1
