2021-03-22 20:35:24,236 DEBUG [urllib3.connectionpool] _new_conn:971: Starting new HTTPS connection (1): pan.lanzous.com:443
2021-03-22 20:35:24,590 DEBUG [urllib3.connectionpool] _make_request:452: https://pan.lanzous.com:443 "GET /b01bfj76f HTTP/1.1" 200 None
2021-03-22 20:35:24,615 DEBUG [urllib3.connectionpool] _new_conn:971: Starting new HTTPS connection (1): pan.lanzous.com:443
2021-03-22 20:35:24,792 DEBUG [urllib3.connectionpool] _make_request:452: https://pan.lanzous.com:443 "GET /b01bfj76f HTTP/1.1" 200 None
2021-03-22 20:35:24,816 DEBUG [urllib3.connectionpool] _new_conn:971: Starting new HTTPS connection (1): pan.lanzous.com:443
2021-03-22 20:35:25,093 DEBUG [urllib3.connectionpool] _make_request:452: https://pan.lanzous.com:443 "POST /filemoreajax.php HTTP/1.1" 200 None
2021-03-22 20:35:25,816 DEBUG [urllib3.connectionpool] _make_request:452: https://pan.lanzous.com:443 "POST /filemoreajax.php HTTP/1.1" 200 None
2021-03-22 20:35:26,592 DEBUG [urllib3.connectionpool] _make_request:452: https://pan.lanzous.com:443 "POST /filemoreajax.php HTTP/1.1" 200 None
2021-03-22 20:37:51,575 INFO  [DNFCalculating] 计算线程:1224: 开始计算
2021-03-22 20:37:51,939 INFO  [DNFCalculating] log_result_queue_info:1237: calc#1: 排行: try_fetch_result_in_background remaining_qize=0 sync_batch_size=100 processed_result=0, speed=0.00/s totalWork=1
2021-03-22 20:37:51,960 WARNI [DNFCalculating] 计算线程:1336: 所有工作线程均已完成计算，总计用时=0.38s
2021-03-22 20:37:52,442 INFO  [DNFCalculating] log_result_queue_info:1237: calc#1: 排行: after join remaining_qize=1 sync_batch_size=100 processed_result=0, speed=0.00/s totalWork=1
2021-03-22 20:37:52,442 INFO  [DNFCalculating] log_result_queue_info:1237: calc#1: 排行: after final remaining_qize=0 sync_batch_size=100 processed_result=2, speed=3.96/s totalWork=1
2021-03-22 20:38:39,205 INFO  [DNFCalculating] 计算线程:1224: 开始计算
2021-03-22 20:38:39,566 INFO  [DNFCalculating] log_result_queue_info:1237: calc#2: 排行: try_fetch_result_in_background remaining_qize=0 sync_batch_size=100 processed_result=0, speed=0.00/s totalWork=1
2021-03-22 20:38:39,586 WARNI [DNFCalculating] 计算线程:1336: 所有工作线程均已完成计算，总计用时=0.38s
2021-03-22 20:38:40,069 INFO  [DNFCalculating] log_result_queue_info:1237: calc#2: 排行: after join remaining_qize=1 sync_batch_size=100 processed_result=0, speed=0.00/s totalWork=1
2021-03-22 20:38:40,070 INFO  [DNFCalculating] log_result_queue_info:1237: calc#2: 排行: after final remaining_qize=0 sync_batch_size=100 processed_result=2, speed=3.96/s totalWork=1
2021-03-22 20:38:54,512 INFO  [DNFCalculating] 计算线程:1224: 开始计算
2021-03-22 20:38:54,896 INFO  [DNFCalculating] log_result_queue_info:1237: calc#3: 排行: try_fetch_result_in_background remaining_qize=0 sync_batch_size=100 processed_result=0, speed=0.00/s totalWork=0
2021-03-22 20:38:55,427 INFO  [DNFCalculating] log_result_queue_info:1237: calc#3: 排行: try_fetch_result_in_background remaining_qize=0 sync_batch_size=100 processed_result=0, speed=0.00/s totalWork=0
2021-03-22 20:38:55,933 INFO  [DNFCalculating] log_result_queue_info:1237: calc#3: 排行: try_fetch_result_in_background remaining_qize=0 sync_batch_size=100 processed_result=0, speed=0.00/s totalWork=1
2021-03-22 20:38:56,435 INFO  [DNFCalculating] log_result_queue_info:1237: calc#3: 排行: try_fetch_result_in_background remaining_qize=5 sync_batch_size=100 processed_result=0, speed=0.00/s totalWork=1
2021-03-22 20:38:56,939 INFO  [DNFCalculating] log_result_queue_info:1237: calc#3: 排行: try_fetch_result_in_background remaining_qize=6 sync_batch_size=100 processed_result=600, speed=288.82/s totalWork=1
2021-03-22 20:38:56,941 INFO  [DNFCalculating] log_result_queue_info:1237: calc#3: 排行: try_fetch_result periodly report remaining_qize=2 sync_batch_size=100 processed_result=1000, speed=480.71/s totalWork=1
2021-03-22 20:38:57,443 INFO  [DNFCalculating] log_result_queue_info:1237: calc#3: 排行: try_fetch_result_in_background remaining_qize=7 sync_batch_size=100 processed_result=1200, speed=464.75/s totalWork=1
2021-03-22 20:38:57,444 INFO  [DNFCalculating] log_result_queue_info:1237: calc#3: 排行: try_fetch_result periodly report remaining_qize=6 sync_batch_size=100 processed_result=1300, speed=503.28/s totalWork=1
2021-03-22 20:38:57,948 INFO  [DNFCalculating] log_result_queue_info:1237: calc#3: 排行: try_fetch_result_in_background remaining_qize=6 sync_batch_size=100 processed_result=1900, speed=615.55/s totalWork=1
2021-03-22 20:38:57,949 INFO  [DNFCalculating] log_result_queue_info:1237: calc#3: 排行: try_fetch_result periodly report remaining_qize=5 sync_batch_size=100 processed_result=2000, speed=647.74/s totalWork=1
2021-03-22 20:38:58,453 INFO  [DNFCalculating] log_result_queue_info:1237: calc#3: 排行: try_fetch_result_in_background remaining_qize=7 sync_batch_size=100 processed_result=2500, speed=696.11/s totalWork=1
2021-03-22 20:38:58,454 INFO  [DNFCalculating] log_result_queue_info:1237: calc#3: 排行: try_fetch_result periodly report remaining_qize=6 sync_batch_size=100 processed_result=2600, speed=723.76/s totalWork=1
2021-03-22 20:38:58,455 INFO  [DNFCalculating] log_result_queue_info:1237: calc#3: 排行: try_fetch_result periodly report remaining_qize=2 sync_batch_size=100 processed_result=3000, speed=834.66/s totalWork=1
2021-03-22 20:38:58,957 INFO  [DNFCalculating] log_result_queue_info:1237: calc#3: 排行: try_fetch_result_in_background remaining_qize=6 sync_batch_size=100 processed_result=3200, speed=781.26/s totalWork=1
2021-03-22 20:38:58,958 INFO  [DNFCalculating] log_result_queue_info:1237: calc#3: 排行: try_fetch_result periodly report remaining_qize=5 sync_batch_size=100 processed_result=3300, speed=805.48/s totalWork=1
2021-03-22 20:38:59,461 INFO  [DNFCalculating] log_result_queue_info:1237: calc#3: 排行: try_fetch_result_in_background remaining_qize=6 sync_batch_size=100 processed_result=3800, speed=826.14/s totalWork=1
2021-03-22 20:38:59,462 INFO  [DNFCalculating] log_result_queue_info:1237: calc#3: 排行: try_fetch_result periodly report remaining_qize=5 sync_batch_size=100 processed_result=3900, speed=847.72/s totalWork=1
2021-03-22 20:38:59,463 INFO  [DNFCalculating] log_result_queue_info:1237: calc#3: 排行: try_fetch_result periodly report remaining_qize=4 sync_batch_size=100 processed_result=4000, speed=869.26/s totalWork=1
2021-03-22 20:38:59,965 INFO  [DNFCalculating] log_result_queue_info:1237: calc#3: 排行: try_fetch_result_in_background remaining_qize=7 sync_batch_size=100 processed_result=4400, speed=862.02/s totalWork=1
2021-03-22 20:38:59,966 INFO  [DNFCalculating] log_result_queue_info:1237: calc#3: 排行: try_fetch_result periodly report remaining_qize=6 sync_batch_size=100 processed_result=4500, speed=881.44/s totalWork=1
2021-03-22 20:38:59,968 INFO  [DNFCalculating] log_result_queue_info:1237: calc#3: 排行: try_fetch_result periodly report remaining_qize=1 sync_batch_size=100 processed_result=5000, speed=979.00/s totalWork=1
2021-03-22 20:39:00,470 INFO  [DNFCalculating] log_result_queue_info:1237: calc#3: 排行: try_fetch_result_in_background remaining_qize=6 sync_batch_size=100 processed_result=5100, speed=909.26/s totalWork=1
2021-03-22 20:39:00,471 INFO  [DNFCalculating] log_result_queue_info:1237: calc#3: 排行: try_fetch_result periodly report remaining_qize=5 sync_batch_size=100 processed_result=5200, speed=926.93/s totalWork=1
2021-03-22 20:39:00,975 INFO  [DNFCalculating] log_result_queue_info:1237: calc#3: 排行: try_fetch_result_in_background remaining_qize=6 sync_batch_size=100 processed_result=5700, speed=932.35/s totalWork=1
2021-03-22 20:39:00,976 INFO  [DNFCalculating] log_result_queue_info:1237: calc#3: 排行: try_fetch_result periodly report remaining_qize=5 sync_batch_size=100 processed_result=5800, speed=948.56/s totalWork=1
2021-03-22 20:39:00,977 INFO  [DNFCalculating] log_result_queue_info:1237: calc#3: 排行: try_fetch_result periodly report remaining_qize=3 sync_batch_size=100 processed_result=6000, speed=981.10/s totalWork=1
2021-03-22 20:39:01,479 INFO  [DNFCalculating] log_result_queue_info:1237: calc#3: 排行: try_fetch_result_in_background remaining_qize=6 sync_batch_size=100 processed_result=6300, speed=951.92/s totalWork=1
2021-03-22 20:39:01,480 INFO  [DNFCalculating] log_result_queue_info:1237: calc#3: 排行: try_fetch_result periodly report remaining_qize=5 sync_batch_size=100 processed_result=6400, speed=966.88/s totalWork=1
2021-03-22 20:39:01,984 INFO  [DNFCalculating] log_result_queue_info:1237: calc#3: 排行: try_fetch_result_in_background remaining_qize=7 sync_batch_size=100 processed_result=6900, speed=968.71/s totalWork=1
2021-03-22 20:39:01,985 INFO  [DNFCalculating] log_result_queue_info:1237: calc#3: 排行: try_fetch_result periodly report remaining_qize=6 sync_batch_size=100 processed_result=7000, speed=982.61/s totalWork=1
2021-03-22 20:39:02,489 INFO  [DNFCalculating] log_result_queue_info:1237: calc#3: 排行: try_fetch_result_in_background remaining_qize=6 sync_batch_size=100 processed_result=7600, speed=996.39/s totalWork=1
2021-03-22 20:39:02,490 INFO  [DNFCalculating] log_result_queue_info:1237: calc#3: 排行: try_fetch_result periodly report remaining_qize=5 sync_batch_size=100 processed_result=7700, speed=1009.37/s totalWork=1
2021-03-22 20:39:02,491 INFO  [DNFCalculating] log_result_queue_info:1237: calc#3: 排行: try_fetch_result periodly report remaining_qize=2 sync_batch_size=100 processed_result=8000, speed=1048.56/s totalWork=1
2021-03-22 20:39:02,993 INFO  [DNFCalculating] log_result_queue_info:1237: calc#3: 排行: try_fetch_result_in_background remaining_qize=6 sync_batch_size=100 processed_result=8200, speed=1008.34/s totalWork=1
2021-03-22 20:39:02,994 INFO  [DNFCalculating] log_result_queue_info:1237: calc#3: 排行: try_fetch_result periodly report remaining_qize=5 sync_batch_size=100 processed_result=8300, speed=1020.51/s totalWork=1
2021-03-22 20:39:03,498 INFO  [DNFCalculating] log_result_queue_info:1237: calc#3: 排行: try_fetch_result_in_background remaining_qize=7 sync_batch_size=100 processed_result=8800, speed=1018.89/s totalWork=1
2021-03-22 20:39:03,499 INFO  [DNFCalculating] log_result_queue_info:1237: calc#3: 排行: try_fetch_result periodly report remaining_qize=6 sync_batch_size=100 processed_result=8900, speed=1030.35/s totalWork=1
2021-03-22 20:39:03,500 INFO  [DNFCalculating] log_result_queue_info:1237: calc#3: 排行: try_fetch_result periodly report remaining_qize=5 sync_batch_size=100 processed_result=9000, speed=1041.93/s totalWork=1
2021-03-22 20:39:04,004 INFO  [DNFCalculating] log_result_queue_info:1237: calc#3: 排行: try_fetch_result_in_background remaining_qize=6 sync_batch_size=100 processed_result=9500, speed=1039.10/s totalWork=1
2021-03-22 20:39:04,005 INFO  [DNFCalculating] log_result_queue_info:1237: calc#3: 排行: try_fetch_result periodly report remaining_qize=5 sync_batch_size=100 processed_result=9600, speed=1049.93/s totalWork=1
2021-03-22 20:39:04,007 INFO  [DNFCalculating] log_result_queue_info:1237: calc#3: 排行: try_fetch_result periodly report remaining_qize=1 sync_batch_size=100 processed_result=10000, speed=1093.44/s totalWork=1
2021-03-22 20:39:04,508 INFO  [DNFCalculating] log_result_queue_info:1237: calc#3: 排行: try_fetch_result_in_background remaining_qize=7 sync_batch_size=100 processed_result=10100, speed=1046.94/s totalWork=1
2021-03-22 20:39:04,509 INFO  [DNFCalculating] log_result_queue_info:1237: calc#3: 排行: try_fetch_result periodly report remaining_qize=6 sync_batch_size=100 processed_result=10200, speed=1057.20/s totalWork=1
2021-03-22 20:39:05,013 INFO  [DNFCalculating] log_result_queue_info:1237: calc#3: 排行: try_fetch_result_in_background remaining_qize=6 sync_batch_size=100 processed_result=10800, speed=1063.85/s totalWork=1
2021-03-22 20:39:05,014 INFO  [DNFCalculating] log_result_queue_info:1237: calc#3: 排行: try_fetch_result periodly report remaining_qize=5 sync_batch_size=100 processed_result=10900, speed=1073.60/s totalWork=1
2021-03-22 20:39:05,014 INFO  [DNFCalculating] log_result_queue_info:1237: calc#3: 排行: try_fetch_result periodly report remaining_qize=4 sync_batch_size=100 processed_result=11000, speed=1083.45/s totalWork=1
2021-03-22 20:39:05,538 INFO  [DNFCalculating] log_result_queue_info:1237: calc#3: 排行: try_fetch_result_in_background remaining_qize=6 sync_batch_size=100 processed_result=11400, speed=1067.77/s totalWork=1
2021-03-22 20:39:05,583 INFO  [DNFCalculating] log_result_queue_info:1237: calc#3: 排行: try_fetch_result periodly report remaining_qize=6 sync_batch_size=100 processed_result=11500, speed=1072.53/s totalWork=1
2021-03-22 20:39:05,710 INFO  [DNFCalculating] log_result_queue_info:1237: calc#3: 排行: try_fetch_result periodly report remaining_qize=3 sync_batch_size=100 processed_result=12000, speed=1106.10/s totalWork=1
2021-03-22 20:39:06,378 INFO  [DNFCalculating] log_result_queue_info:1237: calc#3: 排行: try_fetch_result_in_background remaining_qize=7 sync_batch_size=100 processed_result=12400, speed=1076.66/s totalWork=1
2021-03-22 20:39:06,398 INFO  [DNFCalculating] log_result_queue_info:1237: calc#3: 排行: try_fetch_result periodly report remaining_qize=6 sync_batch_size=100 processed_result=12500, speed=1083.47/s totalWork=1
2021-03-22 20:39:06,525 INFO  [DNFCalculating] log_result_queue_info:1237: calc#3: 排行: try_fetch_result periodly report remaining_qize=3 sync_batch_size=100 processed_result=13000, speed=1114.57/s totalWork=1
2021-03-22 20:39:07,101 INFO  [DNFCalculating] log_result_queue_info:1237: calc#3: 排行: try_fetch_result_in_background remaining_qize=7 sync_batch_size=100 processed_result=13400, speed=1094.75/s totalWork=1
2021-03-22 20:39:07,102 INFO  [DNFCalculating] log_result_queue_info:1237: calc#3: 排行: try_fetch_result periodly report remaining_qize=6 sync_batch_size=100 processed_result=13500, speed=1102.84/s totalWork=1
2021-03-22 20:39:07,104 INFO  [DNFCalculating] log_result_queue_info:1237: calc#3: 排行: try_fetch_result periodly report remaining_qize=1 sync_batch_size=100 processed_result=14000, speed=1143.50/s totalWork=1
2021-03-22 20:39:07,606 INFO  [DNFCalculating] log_result_queue_info:1237: calc#3: 排行: try_fetch_result_in_background remaining_qize=6 sync_batch_size=100 processed_result=14100, speed=1106.33/s totalWork=1
2021-03-22 20:39:07,607 INFO  [DNFCalculating] log_result_queue_info:1237: calc#3: 排行: try_fetch_result periodly report remaining_qize=5 sync_batch_size=100 processed_result=14200, speed=1114.09/s totalWork=1
2021-03-22 20:39:08,111 INFO  [DNFCalculating] log_result_queue_info:1237: calc#3: 排行: try_fetch_result_in_background remaining_qize=6 sync_batch_size=100 processed_result=14700, speed=1109.48/s totalWork=1
2021-03-22 20:39:08,112 INFO  [DNFCalculating] log_result_queue_info:1237: calc#3: 排行: try_fetch_result periodly report remaining_qize=5 sync_batch_size=100 processed_result=14800, speed=1116.94/s totalWork=1
2021-03-22 20:39:08,113 INFO  [DNFCalculating] log_result_queue_info:1237: calc#3: 排行: try_fetch_result periodly report remaining_qize=3 sync_batch_size=100 processed_result=15000, speed=1131.95/s totalWork=1
2021-03-22 20:39:08,615 INFO  [DNFCalculating] log_result_queue_info:1237: calc#3: 排行: try_fetch_result_in_background remaining_qize=6 sync_batch_size=100 processed_result=15300, speed=1112.39/s totalWork=1
2021-03-22 20:39:08,616 INFO  [DNFCalculating] log_result_queue_info:1237: calc#3: 排行: try_fetch_result periodly report remaining_qize=5 sync_batch_size=100 processed_result=15400, speed=1119.57/s totalWork=1
2021-03-22 20:39:09,120 INFO  [DNFCalculating] log_result_queue_info:1237: calc#3: 排行: try_fetch_result_in_background remaining_qize=6 sync_batch_size=100 processed_result=15900, speed=1115.10/s totalWork=1
2021-03-22 20:39:09,121 INFO  [DNFCalculating] log_result_queue_info:1237: calc#3: 排行: try_fetch_result periodly report remaining_qize=5 sync_batch_size=100 processed_result=16000, speed=1122.04/s totalWork=1
2021-03-22 20:39:09,624 INFO  [DNFCalculating] log_result_queue_info:1237: calc#3: 排行: try_fetch_result_in_background remaining_qize=6 sync_batch_size=100 processed_result=16500, speed=1117.70/s totalWork=1
2021-03-22 20:39:09,625 INFO  [DNFCalculating] log_result_queue_info:1237: calc#3: 排行: try_fetch_result periodly report remaining_qize=5 sync_batch_size=100 processed_result=16600, speed=1124.40/s totalWork=1
2021-03-22 20:39:09,627 INFO  [DNFCalculating] log_result_queue_info:1237: calc#3: 排行: try_fetch_result periodly report remaining_qize=2 sync_batch_size=100 processed_result=17000, speed=1151.29/s totalWork=1
2021-03-22 20:39:10,514 INFO  [DNFCalculating] log_result_queue_info:1237: calc#3: 排行: try_fetch_result_in_background remaining_qize=11 sync_batch_size=100 processed_result=17200, speed=1098.90/s totalWork=1
2021-03-22 20:39:10,515 INFO  [DNFCalculating] log_result_queue_info:1237: calc#3: 排行: try_fetch_result periodly report remaining_qize=10 sync_batch_size=100 processed_result=17300, speed=1105.15/s totalWork=1
2021-03-22 20:39:10,520 INFO  [DNFCalculating] log_result_queue_info:1237: calc#3: 排行: try_fetch_result periodly report remaining_qize=3 sync_batch_size=100 processed_result=18000, speed=1149.50/s totalWork=1
2021-03-22 20:39:11,023 INFO  [DNFCalculating] log_result_queue_info:1237: calc#3: 排行: try_fetch_result_in_background remaining_qize=5 sync_batch_size=100 processed_result=18300, speed=1132.31/s totalWork=1
2021-03-22 20:39:11,024 INFO  [DNFCalculating] log_result_queue_info:1237: calc#3: 排行: try_fetch_result periodly report remaining_qize=4 sync_batch_size=100 processed_result=18400, speed=1138.43/s totalWork=1
2021-03-22 20:39:11,528 INFO  [DNFCalculating] log_result_queue_info:1237: calc#3: 排行: try_fetch_result_in_background remaining_qize=7 sync_batch_size=100 processed_result=18800, speed=1128.02/s totalWork=1
2021-03-22 20:39:11,529 INFO  [DNFCalculating] log_result_queue_info:1237: calc#3: 排行: try_fetch_result periodly report remaining_qize=6 sync_batch_size=100 processed_result=18900, speed=1133.95/s totalWork=1
2021-03-22 20:39:11,529 INFO  [DNFCalculating] log_result_queue_info:1237: calc#3: 排行: try_fetch_result periodly report remaining_qize=5 sync_batch_size=100 processed_result=19000, speed=1139.95/s totalWork=1
2021-03-22 20:39:12,032 INFO  [DNFCalculating] log_result_queue_info:1237: calc#3: 排行: try_fetch_result_in_background remaining_qize=6 sync_batch_size=100 processed_result=19500, speed=1135.64/s totalWork=1
2021-03-22 20:39:12,033 INFO  [DNFCalculating] log_result_queue_info:1237: calc#3: 排行: try_fetch_result periodly report remaining_qize=5 sync_batch_size=100 processed_result=19600, speed=1141.39/s totalWork=1
2021-03-22 20:39:12,036 INFO  [DNFCalculating] log_result_queue_info:1237: calc#3: 排行: try_fetch_result periodly report remaining_qize=1 sync_batch_size=100 processed_result=20000, speed=1164.49/s totalWork=1
2021-03-22 20:39:12,538 INFO  [DNFCalculating] log_result_queue_info:1237: calc#3: 排行: try_fetch_result_in_background remaining_qize=7 sync_batch_size=100 processed_result=20100, speed=1137.09/s totalWork=1
2021-03-22 20:39:12,539 INFO  [DNFCalculating] log_result_queue_info:1237: calc#3: 排行: try_fetch_result periodly report remaining_qize=6 sync_batch_size=100 processed_result=20200, speed=1142.68/s totalWork=1
2021-03-22 20:39:13,058 INFO  [DNFCalculating] log_result_queue_info:1237: calc#3: 排行: try_fetch_result_in_background remaining_qize=7 sync_batch_size=100 processed_result=20800, speed=1143.03/s totalWork=1
2021-03-22 20:39:39,355 INFO  [DNFCalculating] 计算线程:1224: 开始计算
2021-03-22 20:39:39,743 INFO  [DNFCalculating] log_result_queue_info:1237: calc#4: 排行: try_fetch_result_in_background remaining_qize=0 sync_batch_size=100 processed_result=0, speed=0.00/s totalWork=7
2021-03-22 20:39:40,244 INFO  [DNFCalculating] log_result_queue_info:1237: calc#4: 排行: try_fetch_result_in_background remaining_qize=7 sync_batch_size=100 processed_result=0, speed=0.00/s totalWork=7
2021-03-22 20:39:40,746 INFO  [DNFCalculating] log_result_queue_info:1237: calc#4: 排行: try_fetch_result_in_background remaining_qize=0 sync_batch_size=100 processed_result=32, speed=31.74/s totalWork=7
2021-03-22 20:39:41,248 INFO  [DNFCalculating] log_result_queue_info:1237: calc#4: 排行: try_fetch_result_in_background remaining_qize=0 sync_batch_size=100 processed_result=32, speed=21.19/s totalWork=7
2021-03-22 20:39:41,750 INFO  [DNFCalculating] log_result_queue_info:1237: calc#4: 排行: try_fetch_result_in_background remaining_qize=0 sync_batch_size=100 processed_result=32, speed=15.91/s totalWork=7
2021-03-22 20:39:42,251 INFO  [DNFCalculating] log_result_queue_info:1237: calc#4: 排行: try_fetch_result_in_background remaining_qize=0 sync_batch_size=100 processed_result=32, speed=12.73/s totalWork=7
2021-03-22 20:39:42,753 INFO  [DNFCalculating] log_result_queue_info:1237: calc#4: 排行: try_fetch_result_in_background remaining_qize=0 sync_batch_size=100 processed_result=32, speed=10.62/s totalWork=7
2021-03-22 20:39:43,254 INFO  [DNFCalculating] log_result_queue_info:1237: calc#4: 排行: try_fetch_result_in_background remaining_qize=0 sync_batch_size=100 processed_result=32, speed=9.10/s totalWork=7
2021-03-22 20:39:43,755 INFO  [DNFCalculating] log_result_queue_info:1237: calc#4: 排行: try_fetch_result_in_background remaining_qize=0 sync_batch_size=100 processed_result=32, speed=7.97/s totalWork=7
2021-03-22 20:39:44,256 INFO  [DNFCalculating] log_result_queue_info:1237: calc#4: 排行: try_fetch_result_in_background remaining_qize=0 sync_batch_size=100 processed_result=32, speed=7.08/s totalWork=7
2021-03-22 20:39:44,757 INFO  [DNFCalculating] log_result_queue_info:1237: calc#4: 排行: try_fetch_result_in_background remaining_qize=0 sync_batch_size=100 processed_result=32, speed=6.38/s totalWork=7
2021-03-22 20:39:45,259 INFO  [DNFCalculating] log_result_queue_info:1237: calc#4: 排行: try_fetch_result_in_background remaining_qize=0 sync_batch_size=100 processed_result=32, speed=5.80/s totalWork=7
2021-03-22 20:39:45,760 INFO  [DNFCalculating] log_result_queue_info:1237: calc#4: 排行: try_fetch_result_in_background remaining_qize=0 sync_batch_size=100 processed_result=32, speed=5.31/s totalWork=7
2021-03-22 20:39:46,262 INFO  [DNFCalculating] log_result_queue_info:1237: calc#4: 排行: try_fetch_result_in_background remaining_qize=0 sync_batch_size=100 processed_result=32, speed=4.91/s totalWork=7
2021-03-22 20:39:46,763 INFO  [DNFCalculating] log_result_queue_info:1237: calc#4: 排行: try_fetch_result_in_background remaining_qize=0 sync_batch_size=100 processed_result=32, speed=4.56/s totalWork=7
2021-03-22 20:39:47,265 INFO  [DNFCalculating] log_result_queue_info:1237: calc#4: 排行: try_fetch_result_in_background remaining_qize=0 sync_batch_size=100 processed_result=32, speed=4.25/s totalWork=7
2021-03-22 20:39:47,767 INFO  [DNFCalculating] log_result_queue_info:1237: calc#4: 排行: try_fetch_result_in_background remaining_qize=0 sync_batch_size=100 processed_result=32, speed=3.99/s totalWork=7
2021-03-22 20:39:48,268 INFO  [DNFCalculating] log_result_queue_info:1237: calc#4: 排行: try_fetch_result_in_background remaining_qize=0 sync_batch_size=100 processed_result=32, speed=3.75/s totalWork=7
2021-03-22 20:39:48,769 INFO  [DNFCalculating] log_result_queue_info:1237: calc#4: 排行: try_fetch_result_in_background remaining_qize=0 sync_batch_size=100 processed_result=32, speed=3.54/s totalWork=7
2021-03-22 20:39:49,271 INFO  [DNFCalculating] log_result_queue_info:1237: calc#4: 排行: try_fetch_result_in_background remaining_qize=0 sync_batch_size=100 processed_result=32, speed=3.36/s totalWork=7
2021-03-22 20:39:49,772 INFO  [DNFCalculating] log_result_queue_info:1237: calc#4: 排行: try_fetch_result_in_background remaining_qize=0 sync_batch_size=100 processed_result=32, speed=3.19/s totalWork=7
2021-03-22 20:39:50,274 INFO  [DNFCalculating] log_result_queue_info:1237: calc#4: 排行: try_fetch_result_in_background remaining_qize=0 sync_batch_size=100 processed_result=32, speed=3.04/s totalWork=7
2021-03-22 20:39:50,776 INFO  [DNFCalculating] log_result_queue_info:1237: calc#4: 排行: try_fetch_result_in_background remaining_qize=0 sync_batch_size=100 processed_result=32, speed=2.90/s totalWork=7
2021-03-22 20:39:51,277 INFO  [DNFCalculating] log_result_queue_info:1237: calc#4: 排行: try_fetch_result_in_background remaining_qize=0 sync_batch_size=100 processed_result=32, speed=2.77/s totalWork=7
2021-03-22 20:39:51,779 INFO  [DNFCalculating] log_result_queue_info:1237: calc#4: 排行: try_fetch_result_in_background remaining_qize=0 sync_batch_size=100 processed_result=32, speed=2.66/s totalWork=7
2021-03-22 20:39:52,281 INFO  [DNFCalculating] log_result_queue_info:1237: calc#4: 排行: try_fetch_result_in_background remaining_qize=0 sync_batch_size=100 processed_result=32, speed=2.55/s totalWork=7
2021-03-22 20:39:52,782 INFO  [DNFCalculating] log_result_queue_info:1237: calc#4: 排行: try_fetch_result_in_background remaining_qize=0 sync_batch_size=100 processed_result=32, speed=2.45/s totalWork=7
2021-03-22 20:39:53,284 INFO  [DNFCalculating] log_result_queue_info:1237: calc#4: 排行: try_fetch_result_in_background remaining_qize=0 sync_batch_size=100 processed_result=32, speed=2.36/s totalWork=7
2021-03-22 20:39:53,786 INFO  [DNFCalculating] log_result_queue_info:1237: calc#4: 排行: try_fetch_result_in_background remaining_qize=0 sync_batch_size=100 processed_result=32, speed=2.28/s totalWork=7
2021-03-22 20:39:54,287 INFO  [DNFCalculating] log_result_queue_info:1237: calc#4: 排行: try_fetch_result_in_background remaining_qize=0 sync_batch_size=100 processed_result=32, speed=2.20/s totalWork=7
2021-03-22 20:39:54,788 INFO  [DNFCalculating] log_result_queue_info:1237: calc#4: 排行: try_fetch_result_in_background remaining_qize=0 sync_batch_size=100 processed_result=32, speed=2.13/s totalWork=7
2021-03-22 20:39:55,289 INFO  [DNFCalculating] log_result_queue_info:1237: calc#4: 排行: try_fetch_result_in_background remaining_qize=0 sync_batch_size=100 processed_result=32, speed=2.06/s totalWork=7
2021-03-22 20:39:55,789 INFO  [DNFCalculating] log_result_queue_info:1237: calc#4: 排行: try_fetch_result_in_background remaining_qize=0 sync_batch_size=100 processed_result=32, speed=1.99/s totalWork=7
2021-03-22 20:39:56,291 INFO  [DNFCalculating] log_result_queue_info:1237: calc#4: 排行: try_fetch_result_in_background remaining_qize=0 sync_batch_size=100 processed_result=32, speed=1.93/s totalWork=7
2021-03-22 20:39:56,792 INFO  [DNFCalculating] log_result_queue_info:1237: calc#4: 排行: try_fetch_result_in_background remaining_qize=0 sync_batch_size=100 processed_result=32, speed=1.88/s totalWork=7
2021-03-22 20:39:57,294 INFO  [DNFCalculating] log_result_queue_info:1237: calc#4: 排行: try_fetch_result_in_background remaining_qize=0 sync_batch_size=100 processed_result=32, speed=1.82/s totalWork=7
2021-03-22 20:39:57,796 INFO  [DNFCalculating] log_result_queue_info:1237: calc#4: 排行: try_fetch_result_in_background remaining_qize=0 sync_batch_size=100 processed_result=32, speed=1.77/s totalWork=7
2021-03-22 20:39:58,297 INFO  [DNFCalculating] log_result_queue_info:1237: calc#4: 排行: try_fetch_result_in_background remaining_qize=0 sync_batch_size=100 processed_result=32, speed=1.72/s totalWork=7
2021-03-22 20:39:58,799 INFO  [DNFCalculating] log_result_queue_info:1237: calc#4: 排行: try_fetch_result_in_background remaining_qize=0 sync_batch_size=100 processed_result=32, speed=1.68/s totalWork=7
2021-03-22 20:39:59,301 INFO  [DNFCalculating] log_result_queue_info:1237: calc#4: 排行: try_fetch_result_in_background remaining_qize=0 sync_batch_size=100 processed_result=32, speed=1.64/s totalWork=7
2021-03-22 20:39:59,802 INFO  [DNFCalculating] log_result_queue_info:1237: calc#4: 排行: try_fetch_result_in_background remaining_qize=0 sync_batch_size=100 processed_result=32, speed=1.59/s totalWork=7
2021-03-22 20:40:00,303 INFO  [DNFCalculating] log_result_queue_info:1237: calc#4: 排行: try_fetch_result_in_background remaining_qize=0 sync_batch_size=100 processed_result=32, speed=1.56/s totalWork=7
2021-03-22 20:40:00,805 INFO  [DNFCalculating] log_result_queue_info:1237: calc#4: 排行: try_fetch_result_in_background remaining_qize=0 sync_batch_size=100 processed_result=32, speed=1.52/s totalWork=7
2021-03-22 20:40:01,306 INFO  [DNFCalculating] log_result_queue_info:1237: calc#4: 排行: try_fetch_result_in_background remaining_qize=0 sync_batch_size=100 processed_result=32, speed=1.48/s totalWork=7
2021-03-22 20:40:01,808 INFO  [DNFCalculating] log_result_queue_info:1237: calc#4: 排行: try_fetch_result_in_background remaining_qize=0 sync_batch_size=100 processed_result=32, speed=1.45/s totalWork=7
2021-03-22 20:40:02,310 INFO  [DNFCalculating] log_result_queue_info:1237: calc#4: 排行: try_fetch_result_in_background remaining_qize=0 sync_batch_size=100 processed_result=32, speed=1.42/s totalWork=7
2021-03-22 20:40:02,810 INFO  [DNFCalculating] log_result_queue_info:1237: calc#4: 排行: try_fetch_result_in_background remaining_qize=0 sync_batch_size=100 processed_result=32, speed=1.39/s totalWork=7
2021-03-22 20:40:03,312 INFO  [DNFCalculating] log_result_queue_info:1237: calc#4: 排行: try_fetch_result_in_background remaining_qize=0 sync_batch_size=100 processed_result=32, speed=1.36/s totalWork=7
2021-03-22 20:40:03,817 INFO  [DNFCalculating] log_result_queue_info:1237: calc#4: 排行: try_fetch_result_in_background remaining_qize=0 sync_batch_size=100 processed_result=32, speed=1.33/s totalWork=7
2021-03-22 20:40:04,354 INFO  [DNFCalculating] log_result_queue_info:1237: calc#4: 排行: try_fetch_result_in_background remaining_qize=0 sync_batch_size=100 processed_result=32, speed=1.30/s totalWork=7
2021-03-22 20:40:04,867 INFO  [DNFCalculating] log_result_queue_info:1237: calc#4: 排行: try_fetch_result_in_background remaining_qize=0 sync_batch_size=100 processed_result=32, speed=1.27/s totalWork=7
2021-03-22 20:40:05,369 INFO  [DNFCalculating] log_result_queue_info:1237: calc#4: 排行: try_fetch_result_in_background remaining_qize=0 sync_batch_size=100 processed_result=32, speed=1.25/s totalWork=7
2021-03-22 20:40:05,869 INFO  [DNFCalculating] log_result_queue_info:1237: calc#4: 排行: try_fetch_result_in_background remaining_qize=0 sync_batch_size=100 processed_result=32, speed=1.22/s totalWork=7
2021-03-22 20:40:06,371 INFO  [DNFCalculating] log_result_queue_info:1237: calc#4: 排行: try_fetch_result_in_background remaining_qize=0 sync_batch_size=100 processed_result=32, speed=1.20/s totalWork=7
2021-03-22 20:40:06,873 INFO  [DNFCalculating] log_result_queue_info:1237: calc#4: 排行: try_fetch_result_in_background remaining_qize=0 sync_batch_size=100 processed_result=32, speed=1.18/s totalWork=7
2021-03-22 20:40:07,374 INFO  [DNFCalculating] log_result_queue_info:1237: calc#4: 排行: try_fetch_result_in_background remaining_qize=0 sync_batch_size=100 processed_result=32, speed=1.16/s totalWork=7
2021-03-22 20:40:07,876 INFO  [DNFCalculating] log_result_queue_info:1237: calc#4: 排行: try_fetch_result_in_background remaining_qize=0 sync_batch_size=100 processed_result=32, speed=1.14/s totalWork=7
2021-03-22 20:40:08,901 INFO  [DNFCalculating] log_result_queue_info:1237: calc#4: 排行: try_fetch_result_in_background remaining_qize=0 sync_batch_size=100 processed_result=32, speed=1.10/s totalWork=7
2021-03-22 20:40:09,402 INFO  [DNFCalculating] log_result_queue_info:1237: calc#4: 排行: try_fetch_result_in_background remaining_qize=0 sync_batch_size=100 processed_result=32, speed=1.08/s totalWork=7
2021-03-22 20:40:09,902 INFO  [DNFCalculating] log_result_queue_info:1237: calc#4: 排行: try_fetch_result_in_background remaining_qize=0 sync_batch_size=100 processed_result=32, speed=1.06/s totalWork=7
2021-03-22 20:40:10,404 INFO  [DNFCalculating] log_result_queue_info:1237: calc#4: 排行: try_fetch_result_in_background remaining_qize=0 sync_batch_size=100 processed_result=32, speed=1.04/s totalWork=7
2021-03-22 20:40:10,906 INFO  [DNFCalculating] log_result_queue_info:1237: calc#4: 排行: try_fetch_result_in_background remaining_qize=0 sync_batch_size=100 processed_result=32, speed=1.03/s totalWork=7
2021-03-22 20:40:11,406 INFO  [DNFCalculating] log_result_queue_info:1237: calc#4: 排行: try_fetch_result_in_background remaining_qize=0 sync_batch_size=100 processed_result=32, speed=1.01/s totalWork=7
2021-03-22 20:40:11,908 INFO  [DNFCalculating] log_result_queue_info:1237: calc#4: 排行: try_fetch_result_in_background remaining_qize=0 sync_batch_size=100 processed_result=32, speed=0.99/s totalWork=7
2021-03-22 20:40:12,409 INFO  [DNFCalculating] log_result_queue_info:1237: calc#4: 排行: try_fetch_result_in_background remaining_qize=0 sync_batch_size=100 processed_result=32, speed=0.98/s totalWork=7
2021-03-22 20:40:12,910 INFO  [DNFCalculating] log_result_queue_info:1237: calc#4: 排行: try_fetch_result_in_background remaining_qize=0 sync_batch_size=100 processed_result=32, speed=0.96/s totalWork=7
2021-03-22 20:40:13,411 INFO  [DNFCalculating] log_result_queue_info:1237: calc#4: 排行: try_fetch_result_in_background remaining_qize=0 sync_batch_size=100 processed_result=32, speed=0.95/s totalWork=7
2021-03-22 20:40:13,912 INFO  [DNFCalculating] log_result_queue_info:1237: calc#4: 排行: try_fetch_result_in_background remaining_qize=0 sync_batch_size=100 processed_result=32, speed=0.94/s totalWork=7
2021-03-22 20:40:14,413 INFO  [DNFCalculating] log_result_queue_info:1237: calc#4: 排行: try_fetch_result_in_background remaining_qize=0 sync_batch_size=100 processed_result=32, speed=0.92/s totalWork=7
2021-03-22 20:40:14,915 INFO  [DNFCalculating] log_result_queue_info:1237: calc#4: 排行: try_fetch_result_in_background remaining_qize=0 sync_batch_size=100 processed_result=32, speed=0.91/s totalWork=7
2021-03-22 20:40:15,416 INFO  [DNFCalculating] log_result_queue_info:1237: calc#4: 排行: try_fetch_result_in_background remaining_qize=0 sync_batch_size=100 processed_result=32, speed=0.90/s totalWork=7
2021-03-22 20:40:15,917 INFO  [DNFCalculating] log_result_queue_info:1237: calc#4: 排行: try_fetch_result_in_background remaining_qize=0 sync_batch_size=100 processed_result=32, speed=0.88/s totalWork=7
2021-03-22 20:40:16,419 INFO  [DNFCalculating] log_result_queue_info:1237: calc#4: 排行: try_fetch_result_in_background remaining_qize=0 sync_batch_size=100 processed_result=32, speed=0.87/s totalWork=7
2021-03-22 20:40:16,921 INFO  [DNFCalculating] log_result_queue_info:1237: calc#4: 排行: try_fetch_result_in_background remaining_qize=0 sync_batch_size=100 processed_result=32, speed=0.86/s totalWork=7
2021-03-22 20:40:17,422 INFO  [DNFCalculating] log_result_queue_info:1237: calc#4: 排行: try_fetch_result_in_background remaining_qize=0 sync_batch_size=100 processed_result=32, speed=0.85/s totalWork=7
2021-03-22 20:40:17,924 INFO  [DNFCalculating] log_result_queue_info:1237: calc#4: 排行: try_fetch_result_in_background remaining_qize=0 sync_batch_size=100 processed_result=32, speed=0.84/s totalWork=7
2021-03-22 20:40:18,425 INFO  [DNFCalculating] log_result_queue_info:1237: calc#4: 排行: try_fetch_result_in_background remaining_qize=0 sync_batch_size=100 processed_result=32, speed=0.83/s totalWork=7
2021-03-22 20:40:18,926 INFO  [DNFCalculating] log_result_queue_info:1237: calc#4: 排行: try_fetch_result_in_background remaining_qize=0 sync_batch_size=100 processed_result=32, speed=0.82/s totalWork=7
2021-03-22 20:40:19,428 INFO  [DNFCalculating] log_result_queue_info:1237: calc#4: 排行: try_fetch_result_in_background remaining_qize=0 sync_batch_size=100 processed_result=32, speed=0.81/s totalWork=7
2021-03-22 20:40:19,930 INFO  [DNFCalculating] log_result_queue_info:1237: calc#4: 排行: try_fetch_result_in_background remaining_qize=0 sync_batch_size=100 processed_result=32, speed=0.80/s totalWork=7
2021-03-22 20:40:20,431 INFO  [DNFCalculating] log_result_queue_info:1237: calc#4: 排行: try_fetch_result_in_background remaining_qize=0 sync_batch_size=100 processed_result=32, speed=0.79/s totalWork=7
2021-03-22 20:40:20,933 INFO  [DNFCalculating] log_result_queue_info:1237: calc#4: 排行: try_fetch_result_in_background remaining_qize=0 sync_batch_size=100 processed_result=32, speed=0.78/s totalWork=7
2021-03-22 20:40:21,435 INFO  [DNFCalculating] log_result_queue_info:1237: calc#4: 排行: try_fetch_result_in_background remaining_qize=0 sync_batch_size=100 processed_result=32, speed=0.77/s totalWork=7
2021-03-22 20:40:21,936 INFO  [DNFCalculating] log_result_queue_info:1237: calc#4: 排行: try_fetch_result_in_background remaining_qize=0 sync_batch_size=100 processed_result=32, speed=0.76/s totalWork=7
2021-03-22 20:40:22,437 INFO  [DNFCalculating] log_result_queue_info:1237: calc#4: 排行: try_fetch_result_in_background remaining_qize=0 sync_batch_size=100 processed_result=32, speed=0.75/s totalWork=7
2021-03-22 20:40:22,938 INFO  [DNFCalculating] log_result_queue_info:1237: calc#4: 排行: try_fetch_result_in_background remaining_qize=0 sync_batch_size=100 processed_result=32, speed=0.74/s totalWork=7
2021-03-22 20:40:23,439 INFO  [DNFCalculating] log_result_queue_info:1237: calc#4: 排行: try_fetch_result_in_background remaining_qize=0 sync_batch_size=100 processed_result=32, speed=0.73/s totalWork=7
2021-03-22 20:40:23,941 INFO  [DNFCalculating] log_result_queue_info:1237: calc#4: 排行: try_fetch_result_in_background remaining_qize=0 sync_batch_size=100 processed_result=32, speed=0.72/s totalWork=7
2021-03-22 20:40:24,443 INFO  [DNFCalculating] log_result_queue_info:1237: calc#4: 排行: try_fetch_result_in_background remaining_qize=0 sync_batch_size=100 processed_result=32, speed=0.72/s totalWork=7
2021-03-22 20:40:24,943 INFO  [DNFCalculating] log_result_queue_info:1237: calc#4: 排行: try_fetch_result_in_background remaining_qize=0 sync_batch_size=100 processed_result=32, speed=0.71/s totalWork=7
2021-03-22 20:40:25,444 INFO  [DNFCalculating] log_result_queue_info:1237: calc#4: 排行: try_fetch_result_in_background remaining_qize=0 sync_batch_size=100 processed_result=32, speed=0.70/s totalWork=7
2021-03-22 20:40:25,944 INFO  [DNFCalculating] log_result_queue_info:1237: calc#4: 排行: try_fetch_result_in_background remaining_qize=0 sync_batch_size=100 processed_result=32, speed=0.69/s totalWork=7
2021-03-22 20:40:26,446 INFO  [DNFCalculating] log_result_queue_info:1237: calc#4: 排行: try_fetch_result_in_background remaining_qize=0 sync_batch_size=100 processed_result=32, speed=0.69/s totalWork=7
2021-03-22 20:40:26,947 INFO  [DNFCalculating] log_result_queue_info:1237: calc#4: 排行: try_fetch_result_in_background remaining_qize=0 sync_batch_size=100 processed_result=32, speed=0.68/s totalWork=7
2021-03-22 20:40:27,449 INFO  [DNFCalculating] log_result_queue_info:1237: calc#4: 排行: try_fetch_result_in_background remaining_qize=0 sync_batch_size=100 processed_result=32, speed=0.67/s totalWork=7
2021-03-22 20:40:27,950 INFO  [DNFCalculating] log_result_queue_info:1237: calc#4: 排行: try_fetch_result_in_background remaining_qize=0 sync_batch_size=100 processed_result=32, speed=0.66/s totalWork=7
2021-03-22 20:40:28,452 INFO  [DNFCalculating] log_result_queue_info:1237: calc#4: 排行: try_fetch_result_in_background remaining_qize=0 sync_batch_size=100 processed_result=32, speed=0.66/s totalWork=7
2021-03-22 20:40:28,953 INFO  [DNFCalculating] log_result_queue_info:1237: calc#4: 排行: try_fetch_result_in_background remaining_qize=0 sync_batch_size=100 processed_result=32, speed=0.65/s totalWork=7
2021-03-22 20:40:29,455 INFO  [DNFCalculating] log_result_queue_info:1237: calc#4: 排行: try_fetch_result_in_background remaining_qize=0 sync_batch_size=100 processed_result=32, speed=0.64/s totalWork=7
2021-03-22 20:40:29,956 INFO  [DNFCalculating] log_result_queue_info:1237: calc#4: 排行: try_fetch_result_in_background remaining_qize=0 sync_batch_size=100 processed_result=32, speed=0.64/s totalWork=7
2021-03-22 20:40:30,457 INFO  [DNFCalculating] log_result_queue_info:1237: calc#4: 排行: try_fetch_result_in_background remaining_qize=0 sync_batch_size=100 processed_result=32, speed=0.63/s totalWork=7
2021-03-22 20:40:30,959 INFO  [DNFCalculating] log_result_queue_info:1237: calc#4: 排行: try_fetch_result_in_background remaining_qize=0 sync_batch_size=100 processed_result=32, speed=0.62/s totalWork=7
2021-03-22 20:40:31,461 INFO  [DNFCalculating] log_result_queue_info:1237: calc#4: 排行: try_fetch_result_in_background remaining_qize=0 sync_batch_size=100 processed_result=32, speed=0.62/s totalWork=7
2021-03-22 20:40:31,962 INFO  [DNFCalculating] log_result_queue_info:1237: calc#4: 排行: try_fetch_result_in_background remaining_qize=0 sync_batch_size=100 processed_result=32, speed=0.61/s totalWork=7
2021-03-22 20:40:32,464 INFO  [DNFCalculating] log_result_queue_info:1237: calc#4: 排行: try_fetch_result_in_background remaining_qize=0 sync_batch_size=100 processed_result=32, speed=0.61/s totalWork=7
2021-03-22 20:40:32,966 INFO  [DNFCalculating] log_result_queue_info:1237: calc#4: 排行: try_fetch_result_in_background remaining_qize=0 sync_batch_size=100 processed_result=32, speed=0.60/s totalWork=7
2021-03-22 20:40:33,467 INFO  [DNFCalculating] log_result_queue_info:1237: calc#4: 排行: try_fetch_result_in_background remaining_qize=0 sync_batch_size=100 processed_result=32, speed=0.60/s totalWork=7
2021-03-22 20:40:33,968 INFO  [DNFCalculating] log_result_queue_info:1237: calc#4: 排行: try_fetch_result_in_background remaining_qize=0 sync_batch_size=100 processed_result=32, speed=0.59/s totalWork=7
2021-03-22 20:40:34,469 INFO  [DNFCalculating] log_result_queue_info:1237: calc#4: 排行: try_fetch_result_in_background remaining_qize=0 sync_batch_size=100 processed_result=32, speed=0.58/s totalWork=7
2021-03-22 20:40:34,970 INFO  [DNFCalculating] log_result_queue_info:1237: calc#4: 排行: try_fetch_result_in_background remaining_qize=0 sync_batch_size=100 processed_result=32, speed=0.58/s totalWork=7
2021-03-22 20:40:35,471 INFO  [DNFCalculating] log_result_queue_info:1237: calc#4: 排行: try_fetch_result_in_background remaining_qize=0 sync_batch_size=100 processed_result=32, speed=0.57/s totalWork=7
2021-03-22 20:40:35,972 INFO  [DNFCalculating] log_result_queue_info:1237: calc#4: 排行: try_fetch_result_in_background remaining_qize=0 sync_batch_size=100 processed_result=32, speed=0.57/s totalWork=7
2021-03-22 20:40:36,473 INFO  [DNFCalculating] log_result_queue_info:1237: calc#4: 排行: try_fetch_result_in_background remaining_qize=0 sync_batch_size=100 processed_result=32, speed=0.56/s totalWork=7
2021-03-22 20:40:36,975 INFO  [DNFCalculating] log_result_queue_info:1237: calc#4: 排行: try_fetch_result_in_background remaining_qize=0 sync_batch_size=100 processed_result=32, speed=0.56/s totalWork=7
2021-03-22 20:40:37,476 INFO  [DNFCalculating] log_result_queue_info:1237: calc#4: 排行: try_fetch_result_in_background remaining_qize=0 sync_batch_size=100 processed_result=32, speed=0.55/s totalWork=7
2021-03-22 20:40:37,977 INFO  [DNFCalculating] log_result_queue_info:1237: calc#4: 排行: try_fetch_result_in_background remaining_qize=0 sync_batch_size=100 processed_result=32, speed=0.55/s totalWork=7
2021-03-22 20:40:38,478 INFO  [DNFCalculating] log_result_queue_info:1237: calc#4: 排行: try_fetch_result_in_background remaining_qize=0 sync_batch_size=100 processed_result=32, speed=0.54/s totalWork=7
2021-03-22 20:40:38,622 INFO  [DNFCalculating] 计算线程:1224: 开始计算
2021-03-22 20:40:38,980 INFO  [DNFCalculating] log_result_queue_info:1237: calc#5: 排行: try_fetch_result_in_background remaining_qize=0 sync_batch_size=100 processed_result=32, speed=0.54/s totalWork=0
2021-03-22 20:40:39,481 INFO  [DNFCalculating] log_result_queue_info:1237: calc#5: 排行: try_fetch_result_in_background remaining_qize=0 sync_batch_size=100 processed_result=32, speed=0.54/s totalWork=0
2021-03-22 20:40:39,597 INFO  [DNFCalculating] log_result_queue_info:1237: calc#5: 排行: try_fetch_result_in_background remaining_qize=0 sync_batch_size=100 processed_result=0, speed=0.00/s totalWork=7
2021-03-22 20:40:39,983 INFO  [DNFCalculating] log_result_queue_info:1237: calc#5: 排行: try_fetch_result_in_background remaining_qize=0 sync_batch_size=100 processed_result=32, speed=0.53/s totalWork=7
2021-03-22 20:40:40,099 INFO  [DNFCalculating] log_result_queue_info:1237: calc#5: 排行: try_fetch_result_in_background remaining_qize=7 sync_batch_size=100 processed_result=0, speed=0.00/s totalWork=7
2021-03-22 20:40:40,485 INFO  [DNFCalculating] log_result_queue_info:1237: calc#5: 排行: try_fetch_result_in_background remaining_qize=0 sync_batch_size=100 processed_result=32, speed=0.53/s totalWork=7
2021-03-22 20:40:40,601 INFO  [DNFCalculating] log_result_queue_info:1237: calc#5: 排行: try_fetch_result_in_background remaining_qize=0 sync_batch_size=100 processed_result=8, speed=7.93/s totalWork=7
2021-03-22 20:40:40,986 INFO  [DNFCalculating] log_result_queue_info:1237: calc#5: 排行: try_fetch_result_in_background remaining_qize=0 sync_batch_size=100 processed_result=32, speed=0.52/s totalWork=7
2021-03-22 20:40:41,103 INFO  [DNFCalculating] log_result_queue_info:1237: calc#5: 排行: try_fetch_result_in_background remaining_qize=0 sync_batch_size=100 processed_result=8, speed=5.29/s totalWork=7
2021-03-22 20:40:41,487 INFO  [DNFCalculating] log_result_queue_info:1237: calc#5: 排行: try_fetch_result_in_background remaining_qize=0 sync_batch_size=100 processed_result=32, speed=0.52/s totalWork=7
2021-03-22 20:40:41,604 INFO  [DNFCalculating] log_result_queue_info:1237: calc#5: 排行: try_fetch_result_in_background remaining_qize=0 sync_batch_size=100 processed_result=8, speed=3.98/s totalWork=7
2021-03-22 20:40:41,988 INFO  [DNFCalculating] log_result_queue_info:1237: calc#5: 排行: try_fetch_result_in_background remaining_qize=0 sync_batch_size=100 processed_result=32, speed=0.51/s totalWork=7
2021-03-22 20:40:42,105 INFO  [DNFCalculating] log_result_queue_info:1237: calc#5: 排行: try_fetch_result_in_background remaining_qize=0 sync_batch_size=100 processed_result=8, speed=3.18/s totalWork=7
2021-03-22 20:40:42,488 INFO  [DNFCalculating] log_result_queue_info:1237: calc#5: 排行: try_fetch_result_in_background remaining_qize=0 sync_batch_size=100 processed_result=32, speed=0.51/s totalWork=7
2021-03-22 20:40:42,606 INFO  [DNFCalculating] log_result_queue_info:1237: calc#5: 排行: try_fetch_result_in_background remaining_qize=0 sync_batch_size=100 processed_result=8, speed=2.65/s totalWork=7
2021-03-22 20:40:42,989 INFO  [DNFCalculating] log_result_queue_info:1237: calc#5: 排行: try_fetch_result_in_background remaining_qize=0 sync_batch_size=100 processed_result=32, speed=0.51/s totalWork=7
2021-03-22 20:40:43,108 INFO  [DNFCalculating] log_result_queue_info:1237: calc#5: 排行: try_fetch_result_in_background remaining_qize=0 sync_batch_size=100 processed_result=8, speed=2.28/s totalWork=7
2021-03-22 20:40:43,490 INFO  [DNFCalculating] log_result_queue_info:1237: calc#5: 排行: try_fetch_result_in_background remaining_qize=0 sync_batch_size=100 processed_result=32, speed=0.50/s totalWork=7
2021-03-22 20:40:43,608 INFO  [DNFCalculating] log_result_queue_info:1237: calc#5: 排行: try_fetch_result_in_background remaining_qize=0 sync_batch_size=100 processed_result=8, speed=1.99/s totalWork=7
2021-03-22 20:40:43,990 INFO  [DNFCalculating] log_result_queue_info:1237: calc#5: 排行: try_fetch_result_in_background remaining_qize=0 sync_batch_size=100 processed_result=32, speed=0.50/s totalWork=7
2021-03-22 20:40:44,109 INFO  [DNFCalculating] log_result_queue_info:1237: calc#5: 排行: try_fetch_result_in_background remaining_qize=0 sync_batch_size=100 processed_result=8, speed=1.77/s totalWork=7
2021-03-22 20:40:44,491 INFO  [DNFCalculating] log_result_queue_info:1237: calc#5: 排行: try_fetch_result_in_background remaining_qize=0 sync_batch_size=100 processed_result=32, speed=0.49/s totalWork=7
2021-03-22 20:40:44,610 INFO  [DNFCalculating] log_result_queue_info:1237: calc#5: 排行: try_fetch_result_in_background remaining_qize=0 sync_batch_size=100 processed_result=8, speed=1.59/s totalWork=7
2021-03-22 20:40:44,993 INFO  [DNFCalculating] log_result_queue_info:1237: calc#5: 排行: try_fetch_result_in_background remaining_qize=0 sync_batch_size=100 processed_result=32, speed=0.49/s totalWork=7
2021-03-22 20:40:45,111 INFO  [DNFCalculating] log_result_queue_info:1237: calc#5: 排行: try_fetch_result_in_background remaining_qize=0 sync_batch_size=100 processed_result=8, speed=1.45/s totalWork=7
2021-03-22 20:40:45,494 INFO  [DNFCalculating] log_result_queue_info:1237: calc#5: 排行: try_fetch_result_in_background remaining_qize=0 sync_batch_size=100 processed_result=32, speed=0.49/s totalWork=7
2021-03-22 20:40:45,612 INFO  [DNFCalculating] log_result_queue_info:1237: calc#5: 排行: try_fetch_result_in_background remaining_qize=0 sync_batch_size=100 processed_result=8, speed=1.33/s totalWork=7
2021-03-22 20:40:45,996 INFO  [DNFCalculating] log_result_queue_info:1237: calc#5: 排行: try_fetch_result_in_background remaining_qize=0 sync_batch_size=100 processed_result=32, speed=0.48/s totalWork=7
2021-03-22 20:40:46,114 INFO  [DNFCalculating] log_result_queue_info:1237: calc#5: 排行: try_fetch_result_in_background remaining_qize=0 sync_batch_size=100 processed_result=8, speed=1.23/s totalWork=7
2021-03-22 20:40:46,498 INFO  [DNFCalculating] log_result_queue_info:1237: calc#5: 排行: try_fetch_result_in_background remaining_qize=0 sync_batch_size=100 processed_result=32, speed=0.48/s totalWork=7
2021-03-22 20:40:46,614 INFO  [DNFCalculating] log_result_queue_info:1237: calc#5: 排行: try_fetch_result_in_background remaining_qize=0 sync_batch_size=100 processed_result=8, speed=1.14/s totalWork=7
2021-03-22 20:40:46,999 INFO  [DNFCalculating] log_result_queue_info:1237: calc#5: 排行: try_fetch_result_in_background remaining_qize=0 sync_batch_size=100 processed_result=32, speed=0.48/s totalWork=7
2021-03-22 20:40:47,115 INFO  [DNFCalculating] log_result_queue_info:1237: calc#5: 排行: try_fetch_result_in_background remaining_qize=0 sync_batch_size=100 processed_result=8, speed=1.06/s totalWork=7
2021-03-22 20:40:47,500 INFO  [DNFCalculating] log_result_queue_info:1237: calc#5: 排行: try_fetch_result_in_background remaining_qize=0 sync_batch_size=100 processed_result=32, speed=0.47/s totalWork=7
2021-03-22 20:40:47,617 INFO  [DNFCalculating] log_result_queue_info:1237: calc#5: 排行: try_fetch_result_in_background remaining_qize=0 sync_batch_size=100 processed_result=8, speed=1.00/s totalWork=7
2021-03-22 20:40:48,001 INFO  [DNFCalculating] log_result_queue_info:1237: calc#5: 排行: try_fetch_result_in_background remaining_qize=0 sync_batch_size=100 processed_result=32, speed=0.47/s totalWork=7
2021-03-22 20:40:48,118 INFO  [DNFCalculating] log_result_queue_info:1237: calc#5: 排行: try_fetch_result_in_background remaining_qize=0 sync_batch_size=100 processed_result=8, speed=0.94/s totalWork=7
2021-03-22 20:40:48,502 INFO  [DNFCalculating] log_result_queue_info:1237: calc#5: 排行: try_fetch_result_in_background remaining_qize=0 sync_batch_size=100 processed_result=32, speed=0.47/s totalWork=7
2021-03-22 20:40:48,620 INFO  [DNFCalculating] log_result_queue_info:1237: calc#5: 排行: try_fetch_result_in_background remaining_qize=0 sync_batch_size=100 processed_result=8, speed=0.89/s totalWork=7
2021-03-22 20:40:49,003 INFO  [DNFCalculating] log_result_queue_info:1237: calc#5: 排行: try_fetch_result_in_background remaining_qize=0 sync_batch_size=100 processed_result=32, speed=0.46/s totalWork=7
2021-03-22 20:40:49,122 INFO  [DNFCalculating] log_result_queue_info:1237: calc#5: 排行: try_fetch_result_in_background remaining_qize=0 sync_batch_size=100 processed_result=8, speed=0.84/s totalWork=7
2021-03-22 20:40:49,504 INFO  [DNFCalculating] log_result_queue_info:1237: calc#5: 排行: try_fetch_result_in_background remaining_qize=0 sync_batch_size=100 processed_result=32, speed=0.46/s totalWork=7
2021-03-22 20:40:49,623 INFO  [DNFCalculating] log_result_queue_info:1237: calc#5: 排行: try_fetch_result_in_background remaining_qize=0 sync_batch_size=100 processed_result=8, speed=0.80/s totalWork=7
2021-03-22 20:40:50,005 INFO  [DNFCalculating] log_result_queue_info:1237: calc#5: 排行: try_fetch_result_in_background remaining_qize=0 sync_batch_size=100 processed_result=32, speed=0.46/s totalWork=7
2021-03-22 20:40:50,125 INFO  [DNFCalculating] log_result_queue_info:1237: calc#5: 排行: try_fetch_result_in_background remaining_qize=0 sync_batch_size=100 processed_result=8, speed=0.76/s totalWork=7
2021-03-22 20:40:50,506 INFO  [DNFCalculating] log_result_queue_info:1237: calc#5: 排行: try_fetch_result_in_background remaining_qize=0 sync_batch_size=100 processed_result=32, speed=0.45/s totalWork=7
2021-03-22 20:40:50,625 INFO  [DNFCalculating] log_result_queue_info:1237: calc#5: 排行: try_fetch_result_in_background remaining_qize=0 sync_batch_size=100 processed_result=8, speed=0.73/s totalWork=7
2021-03-22 20:40:51,006 INFO  [DNFCalculating] log_result_queue_info:1237: calc#5: 排行: try_fetch_result_in_background remaining_qize=0 sync_batch_size=100 processed_result=32, speed=0.45/s totalWork=7
2021-03-22 20:40:51,126 INFO  [DNFCalculating] log_result_queue_info:1237: calc#5: 排行: try_fetch_result_in_background remaining_qize=0 sync_batch_size=100 processed_result=8, speed=0.69/s totalWork=7
2021-03-22 20:40:51,508 INFO  [DNFCalculating] log_result_queue_info:1237: calc#5: 排行: try_fetch_result_in_background remaining_qize=0 sync_batch_size=100 processed_result=32, speed=0.45/s totalWork=7
2021-03-22 20:40:51,627 INFO  [DNFCalculating] log_result_queue_info:1237: calc#5: 排行: try_fetch_result_in_background remaining_qize=0 sync_batch_size=100 processed_result=8, speed=0.66/s totalWork=7
2021-03-22 20:40:52,009 INFO  [DNFCalculating] log_result_queue_info:1237: calc#5: 排行: try_fetch_result_in_background remaining_qize=0 sync_batch_size=100 processed_result=32, speed=0.44/s totalWork=7
2021-03-22 20:40:52,128 INFO  [DNFCalculating] log_result_queue_info:1237: calc#5: 排行: try_fetch_result_in_background remaining_qize=0 sync_batch_size=100 processed_result=8, speed=0.64/s totalWork=7
2021-03-22 20:40:52,510 INFO  [DNFCalculating] log_result_queue_info:1237: calc#5: 排行: try_fetch_result_in_background remaining_qize=0 sync_batch_size=100 processed_result=32, speed=0.44/s totalWork=7
2021-03-22 20:40:52,630 INFO  [DNFCalculating] log_result_queue_info:1237: calc#5: 排行: try_fetch_result_in_background remaining_qize=0 sync_batch_size=100 processed_result=8, speed=0.61/s totalWork=7
2021-03-22 20:40:53,012 INFO  [DNFCalculating] log_result_queue_info:1237: calc#5: 排行: try_fetch_result_in_background remaining_qize=0 sync_batch_size=100 processed_result=32, speed=0.44/s totalWork=7
2021-03-22 20:40:53,132 INFO  [DNFCalculating] log_result_queue_info:1237: calc#5: 排行: try_fetch_result_in_background remaining_qize=0 sync_batch_size=100 processed_result=8, speed=0.59/s totalWork=7
2021-03-22 20:40:53,514 INFO  [DNFCalculating] log_result_queue_info:1237: calc#5: 排行: try_fetch_result_in_background remaining_qize=0 sync_batch_size=100 processed_result=32, speed=0.43/s totalWork=7
2021-03-22 20:40:53,633 INFO  [DNFCalculating] log_result_queue_info:1237: calc#5: 排行: try_fetch_result_in_background remaining_qize=0 sync_batch_size=100 processed_result=8, speed=0.57/s totalWork=7
2021-03-22 20:40:54,015 INFO  [DNFCalculating] log_result_queue_info:1237: calc#5: 排行: try_fetch_result_in_background remaining_qize=0 sync_batch_size=100 processed_result=32, speed=0.43/s totalWork=7
2021-03-22 20:40:54,134 INFO  [DNFCalculating] log_result_queue_info:1237: calc#5: 排行: try_fetch_result_in_background remaining_qize=0 sync_batch_size=100 processed_result=8, speed=0.55/s totalWork=7
2021-03-22 20:40:54,517 INFO  [DNFCalculating] log_result_queue_info:1237: calc#5: 排行: try_fetch_result_in_background remaining_qize=0 sync_batch_size=100 processed_result=32, speed=0.43/s totalWork=7
2021-03-22 20:40:54,635 INFO  [DNFCalculating] log_result_queue_info:1237: calc#5: 排行: try_fetch_result_in_background remaining_qize=0 sync_batch_size=100 processed_result=8, speed=0.53/s totalWork=7
2021-03-22 20:40:55,019 INFO  [DNFCalculating] log_result_queue_info:1237: calc#5: 排行: try_fetch_result_in_background remaining_qize=0 sync_batch_size=100 processed_result=32, speed=0.43/s totalWork=7
2021-03-22 20:40:55,135 INFO  [DNFCalculating] log_result_queue_info:1237: calc#5: 排行: try_fetch_result_in_background remaining_qize=0 sync_batch_size=100 processed_result=8, speed=0.51/s totalWork=7
2021-03-22 20:40:55,519 INFO  [DNFCalculating] log_result_queue_info:1237: calc#5: 排行: try_fetch_result_in_background remaining_qize=0 sync_batch_size=100 processed_result=32, speed=0.42/s totalWork=7
2021-03-22 20:40:55,637 INFO  [DNFCalculating] log_result_queue_info:1237: calc#5: 排行: try_fetch_result_in_background remaining_qize=0 sync_batch_size=100 processed_result=8, speed=0.50/s totalWork=7
2021-03-22 20:40:56,021 INFO  [DNFCalculating] log_result_queue_info:1237: calc#5: 排行: try_fetch_result_in_background remaining_qize=0 sync_batch_size=100 processed_result=32, speed=0.42/s totalWork=7
2021-03-22 20:40:56,139 INFO  [DNFCalculating] log_result_queue_info:1237: calc#5: 排行: try_fetch_result_in_background remaining_qize=0 sync_batch_size=100 processed_result=8, speed=0.48/s totalWork=7
2021-03-22 20:40:56,523 INFO  [DNFCalculating] log_result_queue_info:1237: calc#5: 排行: try_fetch_result_in_background remaining_qize=0 sync_batch_size=100 processed_result=32, speed=0.42/s totalWork=7
2021-03-22 20:40:56,640 INFO  [DNFCalculating] log_result_queue_info:1237: calc#5: 排行: try_fetch_result_in_background remaining_qize=0 sync_batch_size=100 processed_result=8, speed=0.47/s totalWork=7
2021-03-22 20:40:57,025 INFO  [DNFCalculating] log_result_queue_info:1237: calc#5: 排行: try_fetch_result_in_background remaining_qize=0 sync_batch_size=100 processed_result=32, speed=0.41/s totalWork=7
2021-03-22 20:40:57,142 INFO  [DNFCalculating] log_result_queue_info:1237: calc#5: 排行: try_fetch_result_in_background remaining_qize=0 sync_batch_size=100 processed_result=8, speed=0.46/s totalWork=7
2021-03-22 20:40:57,526 INFO  [DNFCalculating] log_result_queue_info:1237: calc#5: 排行: try_fetch_result_in_background remaining_qize=0 sync_batch_size=100 processed_result=32, speed=0.41/s totalWork=7
2021-03-22 20:40:57,644 INFO  [DNFCalculating] log_result_queue_info:1237: calc#5: 排行: try_fetch_result_in_background remaining_qize=0 sync_batch_size=100 processed_result=8, speed=0.44/s totalWork=7
2021-03-22 20:40:58,027 INFO  [DNFCalculating] log_result_queue_info:1237: calc#5: 排行: try_fetch_result_in_background remaining_qize=0 sync_batch_size=100 processed_result=32, speed=0.41/s totalWork=7
2021-03-22 20:40:58,145 INFO  [DNFCalculating] log_result_queue_info:1237: calc#5: 排行: try_fetch_result_in_background remaining_qize=0 sync_batch_size=100 processed_result=8, speed=0.43/s totalWork=7
2021-03-22 20:40:58,527 INFO  [DNFCalculating] log_result_queue_info:1237: calc#5: 排行: try_fetch_result_in_background remaining_qize=0 sync_batch_size=100 processed_result=32, speed=0.41/s totalWork=7
2021-03-22 20:40:58,646 INFO  [DNFCalculating] log_result_queue_info:1237: calc#5: 排行: try_fetch_result_in_background remaining_qize=0 sync_batch_size=100 processed_result=8, speed=0.42/s totalWork=7
2021-03-22 20:40:59,029 INFO  [DNFCalculating] log_result_queue_info:1237: calc#5: 排行: try_fetch_result_in_background remaining_qize=0 sync_batch_size=100 processed_result=32, speed=0.40/s totalWork=7
2021-03-22 20:40:59,148 INFO  [DNFCalculating] log_result_queue_info:1237: calc#5: 排行: try_fetch_result_in_background remaining_qize=0 sync_batch_size=100 processed_result=8, speed=0.41/s totalWork=7
2021-03-22 20:40:59,530 INFO  [DNFCalculating] log_result_queue_info:1237: calc#5: 排行: try_fetch_result_in_background remaining_qize=0 sync_batch_size=100 processed_result=32, speed=0.40/s totalWork=7
2021-03-22 20:40:59,649 INFO  [DNFCalculating] log_result_queue_info:1237: calc#5: 排行: try_fetch_result_in_background remaining_qize=0 sync_batch_size=100 processed_result=8, speed=0.40/s totalWork=7
2021-03-22 20:41:00,031 INFO  [DNFCalculating] log_result_queue_info:1237: calc#5: 排行: try_fetch_result_in_background remaining_qize=0 sync_batch_size=100 processed_result=32, speed=0.40/s totalWork=7
2021-03-22 20:41:00,150 INFO  [DNFCalculating] log_result_queue_info:1237: calc#5: 排行: try_fetch_result_in_background remaining_qize=0 sync_batch_size=100 processed_result=8, speed=0.39/s totalWork=7
2021-03-22 20:41:00,533 INFO  [DNFCalculating] log_result_queue_info:1237: calc#5: 排行: try_fetch_result_in_background remaining_qize=0 sync_batch_size=100 processed_result=32, speed=0.40/s totalWork=7
2021-03-22 20:41:00,651 INFO  [DNFCalculating] log_result_queue_info:1237: calc#5: 排行: try_fetch_result_in_background remaining_qize=0 sync_batch_size=100 processed_result=8, speed=0.38/s totalWork=7
2021-03-22 20:41:01,034 INFO  [DNFCalculating] log_result_queue_info:1237: calc#5: 排行: try_fetch_result_in_background remaining_qize=0 sync_batch_size=100 processed_result=32, speed=0.39/s totalWork=7
2021-03-22 20:41:01,152 INFO  [DNFCalculating] log_result_queue_info:1237: calc#5: 排行: try_fetch_result_in_background remaining_qize=0 sync_batch_size=100 processed_result=8, speed=0.37/s totalWork=7
2021-03-22 20:41:01,535 INFO  [DNFCalculating] log_result_queue_info:1237: calc#5: 排行: try_fetch_result_in_background remaining_qize=0 sync_batch_size=100 processed_result=32, speed=0.39/s totalWork=7
2021-03-22 20:41:01,654 INFO  [DNFCalculating] log_result_queue_info:1237: calc#5: 排行: try_fetch_result_in_background remaining_qize=0 sync_batch_size=100 processed_result=8, speed=0.36/s totalWork=7
2021-03-22 20:41:02,037 INFO  [DNFCalculating] log_result_queue_info:1237: calc#5: 排行: try_fetch_result_in_background remaining_qize=0 sync_batch_size=100 processed_result=32, speed=0.39/s totalWork=7
2021-03-22 20:41:02,156 INFO  [DNFCalculating] log_result_queue_info:1237: calc#5: 排行: try_fetch_result_in_background remaining_qize=0 sync_batch_size=100 processed_result=8, speed=0.35/s totalWork=7
2021-03-22 20:41:02,539 INFO  [DNFCalculating] log_result_queue_info:1237: calc#5: 排行: try_fetch_result_in_background remaining_qize=0 sync_batch_size=100 processed_result=32, speed=0.39/s totalWork=7
2021-03-22 20:41:02,656 INFO  [DNFCalculating] log_result_queue_info:1237: calc#5: 排行: try_fetch_result_in_background remaining_qize=0 sync_batch_size=100 processed_result=8, speed=0.35/s totalWork=7
2021-03-22 20:41:03,040 INFO  [DNFCalculating] log_result_queue_info:1237: calc#5: 排行: try_fetch_result_in_background remaining_qize=0 sync_batch_size=100 processed_result=32, speed=0.38/s totalWork=7
2021-03-22 20:41:03,157 INFO  [DNFCalculating] log_result_queue_info:1237: calc#5: 排行: try_fetch_result_in_background remaining_qize=0 sync_batch_size=100 processed_result=8, speed=0.34/s totalWork=7
2021-03-22 20:41:03,541 INFO  [DNFCalculating] log_result_queue_info:1237: calc#5: 排行: try_fetch_result_in_background remaining_qize=0 sync_batch_size=100 processed_result=32, speed=0.38/s totalWork=7
2021-03-22 20:41:03,659 INFO  [DNFCalculating] log_result_queue_info:1237: calc#5: 排行: try_fetch_result_in_background remaining_qize=0 sync_batch_size=100 processed_result=8, speed=0.33/s totalWork=7
2021-03-22 20:41:04,042 INFO  [DNFCalculating] log_result_queue_info:1237: calc#5: 排行: try_fetch_result_in_background remaining_qize=0 sync_batch_size=100 processed_result=32, speed=0.38/s totalWork=7
2021-03-22 20:41:04,160 INFO  [DNFCalculating] log_result_queue_info:1237: calc#5: 排行: try_fetch_result_in_background remaining_qize=0 sync_batch_size=100 processed_result=8, speed=0.33/s totalWork=7
2021-03-22 20:41:04,543 INFO  [DNFCalculating] log_result_queue_info:1237: calc#5: 排行: try_fetch_result_in_background remaining_qize=0 sync_batch_size=100 processed_result=32, speed=0.38/s totalWork=7
2021-03-22 20:41:04,662 INFO  [DNFCalculating] log_result_queue_info:1237: calc#5: 排行: try_fetch_result_in_background remaining_qize=0 sync_batch_size=100 processed_result=8, speed=0.32/s totalWork=7
2021-03-22 20:41:05,045 INFO  [DNFCalculating] log_result_queue_info:1237: calc#5: 排行: try_fetch_result_in_background remaining_qize=0 sync_batch_size=100 processed_result=32, speed=0.38/s totalWork=7
2021-03-22 20:41:05,163 INFO  [DNFCalculating] log_result_queue_info:1237: calc#5: 排行: try_fetch_result_in_background remaining_qize=0 sync_batch_size=100 processed_result=8, speed=0.31/s totalWork=7
2021-03-22 20:41:05,548 INFO  [DNFCalculating] log_result_queue_info:1237: calc#5: 排行: try_fetch_result_in_background remaining_qize=0 sync_batch_size=100 processed_result=32, speed=0.37/s totalWork=7
2021-03-22 20:41:05,664 INFO  [DNFCalculating] log_result_queue_info:1237: calc#5: 排行: try_fetch_result_in_background remaining_qize=0 sync_batch_size=100 processed_result=8, speed=0.31/s totalWork=7
2021-03-22 20:41:06,048 INFO  [DNFCalculating] log_result_queue_info:1237: calc#5: 排行: try_fetch_result_in_background remaining_qize=0 sync_batch_size=100 processed_result=32, speed=0.37/s totalWork=7
2021-03-22 20:41:06,165 INFO  [DNFCalculating] log_result_queue_info:1237: calc#5: 排行: try_fetch_result_in_background remaining_qize=0 sync_batch_size=100 processed_result=8, speed=0.30/s totalWork=7
2021-03-22 20:41:06,550 INFO  [DNFCalculating] log_result_queue_info:1237: calc#5: 排行: try_fetch_result_in_background remaining_qize=0 sync_batch_size=100 processed_result=32, speed=0.37/s totalWork=7
2021-03-22 20:41:06,667 INFO  [DNFCalculating] log_result_queue_info:1237: calc#5: 排行: try_fetch_result_in_background remaining_qize=0 sync_batch_size=100 processed_result=8, speed=0.30/s totalWork=7
2021-03-22 20:41:07,052 INFO  [DNFCalculating] log_result_queue_info:1237: calc#5: 排行: try_fetch_result_in_background remaining_qize=0 sync_batch_size=100 processed_result=32, speed=0.37/s totalWork=7
2021-03-22 20:41:07,167 INFO  [DNFCalculating] log_result_queue_info:1237: calc#5: 排行: try_fetch_result_in_background remaining_qize=0 sync_batch_size=100 processed_result=8, speed=0.29/s totalWork=7
2021-03-22 20:41:07,553 INFO  [DNFCalculating] log_result_queue_info:1237: calc#5: 排行: try_fetch_result_in_background remaining_qize=0 sync_batch_size=100 processed_result=32, speed=0.36/s totalWork=7
2021-03-22 20:41:07,558 DEBUG [urllib3.connectionpool] _new_conn:971: Starting new HTTPS connection (1): pan.lanzous.com:443
2021-03-22 20:41:07,668 INFO  [DNFCalculating] log_result_queue_info:1237: calc#5: 排行: try_fetch_result_in_background remaining_qize=0 sync_batch_size=100 processed_result=8, speed=0.28/s totalWork=7
2021-03-22 20:41:07,750 DEBUG [urllib3.connectionpool] _make_request:452: https://pan.lanzous.com:443 "GET /b01bfj76f HTTP/1.1" 200 None
2021-03-22 20:41:07,774 DEBUG [urllib3.connectionpool] _new_conn:971: Starting new HTTPS connection (1): pan.lanzous.com:443
2021-03-22 20:41:07,992 DEBUG [urllib3.connectionpool] _make_request:452: https://pan.lanzous.com:443 "GET /b01bfj76f HTTP/1.1" 200 None
2021-03-22 20:41:08,016 DEBUG [urllib3.connectionpool] _new_conn:971: Starting new HTTPS connection (1): pan.lanzous.com:443
2021-03-22 20:41:08,098 INFO  [DNFCalculating] log_result_queue_info:1237: calc#5: 排行: try_fetch_result_in_background remaining_qize=0 sync_batch_size=100 processed_result=32, speed=0.36/s totalWork=7
2021-03-22 20:41:08,170 INFO  [DNFCalculating] log_result_queue_info:1237: calc#5: 排行: try_fetch_result_in_background remaining_qize=0 sync_batch_size=100 processed_result=8, speed=0.28/s totalWork=7
2021-03-22 20:41:08,253 DEBUG [urllib3.connectionpool] _make_request:452: https://pan.lanzous.com:443 "POST /filemoreajax.php HTTP/1.1" 200 None
2021-03-22 20:41:08,611 INFO  [DNFCalculating] log_result_queue_info:1237: calc#5: 排行: try_fetch_result_in_background remaining_qize=0 sync_batch_size=100 processed_result=32, speed=0.36/s totalWork=7
2021-03-22 20:41:08,671 INFO  [DNFCalculating] log_result_queue_info:1237: calc#5: 排行: try_fetch_result_in_background remaining_qize=0 sync_batch_size=100 processed_result=8, speed=0.28/s totalWork=7
2021-03-22 20:41:08,910 DEBUG [urllib3.connectionpool] _make_request:452: https://pan.lanzous.com:443 "POST /filemoreajax.php HTTP/1.1" 200 None
2021-03-22 20:41:09,113 INFO  [DNFCalculating] log_result_queue_info:1237: calc#5: 排行: try_fetch_result_in_background remaining_qize=0 sync_batch_size=100 processed_result=32, speed=0.36/s totalWork=7
2021-03-22 20:41:09,173 INFO  [DNFCalculating] log_result_queue_info:1237: calc#5: 排行: try_fetch_result_in_background remaining_qize=0 sync_batch_size=100 processed_result=8, speed=0.27/s totalWork=7
2021-03-22 20:41:09,615 INFO  [DNFCalculating] log_result_queue_info:1237: calc#5: 排行: try_fetch_result_in_background remaining_qize=0 sync_batch_size=100 processed_result=32, speed=0.36/s totalWork=7
2021-03-22 20:41:09,644 DEBUG [urllib3.connectionpool] _make_request:452: https://pan.lanzous.com:443 "POST /filemoreajax.php HTTP/1.1" 200 None
2021-03-22 20:41:09,675 INFO  [DNFCalculating] log_result_queue_info:1237: calc#5: 排行: try_fetch_result_in_background remaining_qize=0 sync_batch_size=100 processed_result=8, speed=0.27/s totalWork=7
2021-03-22 20:41:10,117 INFO  [DNFCalculating] log_result_queue_info:1237: calc#5: 排行: try_fetch_result_in_background remaining_qize=0 sync_batch_size=100 processed_result=32, speed=0.35/s totalWork=7
2021-03-22 20:41:10,176 INFO  [DNFCalculating] log_result_queue_info:1237: calc#5: 排行: try_fetch_result_in_background remaining_qize=0 sync_batch_size=100 processed_result=8, speed=0.26/s totalWork=7
2021-03-22 20:41:10,300 DEBUG [urllib3.connectionpool] _make_request:452: https://pan.lanzous.com:443 "POST /filemoreajax.php HTTP/1.1" 200 None
2021-03-22 20:41:10,618 INFO  [DNFCalculating] log_result_queue_info:1237: calc#5: 排行: try_fetch_result_in_background remaining_qize=0 sync_batch_size=100 processed_result=32, speed=0.35/s totalWork=7
2021-03-22 20:41:10,678 INFO  [DNFCalculating] log_result_queue_info:1237: calc#5: 排行: try_fetch_result_in_background remaining_qize=0 sync_batch_size=100 processed_result=8, speed=0.26/s totalWork=7
2021-03-22 20:41:11,120 INFO  [DNFCalculating] log_result_queue_info:1237: calc#5: 排行: try_fetch_result_in_background remaining_qize=0 sync_batch_size=100 processed_result=32, speed=0.35/s totalWork=7
2021-03-22 20:41:11,179 INFO  [DNFCalculating] log_result_queue_info:1237: calc#5: 排行: try_fetch_result_in_background remaining_qize=0 sync_batch_size=100 processed_result=8, speed=0.25/s totalWork=7
2021-03-22 20:41:11,621 INFO  [DNFCalculating] log_result_queue_info:1237: calc#5: 排行: try_fetch_result_in_background remaining_qize=0 sync_batch_size=100 processed_result=32, speed=0.35/s totalWork=7
2021-03-22 20:41:11,680 INFO  [DNFCalculating] log_result_queue_info:1237: calc#5: 排行: try_fetch_result_in_background remaining_qize=0 sync_batch_size=100 processed_result=8, speed=0.25/s totalWork=7
2021-03-22 20:41:12,123 INFO  [DNFCalculating] log_result_queue_info:1237: calc#5: 排行: try_fetch_result_in_background remaining_qize=0 sync_batch_size=100 processed_result=32, speed=0.35/s totalWork=7
2021-03-22 20:41:12,181 INFO  [DNFCalculating] log_result_queue_info:1237: calc#5: 排行: try_fetch_result_in_background remaining_qize=0 sync_batch_size=100 processed_result=8, speed=0.25/s totalWork=7
2021-03-22 20:41:12,625 INFO  [DNFCalculating] log_result_queue_info:1237: calc#5: 排行: try_fetch_result_in_background remaining_qize=0 sync_batch_size=100 processed_result=32, speed=0.34/s totalWork=7
2021-03-22 20:41:12,682 INFO  [DNFCalculating] log_result_queue_info:1237: calc#5: 排行: try_fetch_result_in_background remaining_qize=0 sync_batch_size=100 processed_result=8, speed=0.24/s totalWork=7
2021-03-22 20:41:13,126 INFO  [DNFCalculating] log_result_queue_info:1237: calc#5: 排行: try_fetch_result_in_background remaining_qize=0 sync_batch_size=100 processed_result=32, speed=0.34/s totalWork=7
2021-03-22 20:41:13,184 INFO  [DNFCalculating] log_result_queue_info:1237: calc#5: 排行: try_fetch_result_in_background remaining_qize=0 sync_batch_size=100 processed_result=8, speed=0.24/s totalWork=7
2021-03-22 20:41:13,628 INFO  [DNFCalculating] log_result_queue_info:1237: calc#5: 排行: try_fetch_result_in_background remaining_qize=0 sync_batch_size=100 processed_result=32, speed=0.34/s totalWork=7
2021-03-22 20:41:13,685 INFO  [DNFCalculating] log_result_queue_info:1237: calc#5: 排行: try_fetch_result_in_background remaining_qize=0 sync_batch_size=100 processed_result=8, speed=0.23/s totalWork=7
