2021-07-09 16:31:40,884 DEBUG [urllib3.connectionpool] _new_conn:971: Starting new HTTPS connection (1): pan.lanzous.com:443
2021-07-09 16:31:40,915 DEBUG [urllib3.connectionpool] _new_conn:971: Starting new HTTPS connection (1): pan.lanzous.com:443
2021-07-09 16:32:21,824 INFO  [DNFCalculating] 计算线程:1354: 开始计算
2021-07-09 16:32:22,622 INFO  [DNFCalculating] log_result_queue_info:1367: calc#1: 排行: try_fetch_result_in_background remaining_qize=0 sync_batch_size=100 processed_result=0, speed=0.00/s totalWork=0
2021-07-09 16:32:23,221 INFO  [DNFCalculating] log_result_queue_info:1367: calc#1: 排行: try_fetch_result_in_background remaining_qize=0 sync_batch_size=100 processed_result=0, speed=0.00/s totalWork=0
2021-07-09 16:32:23,837 INFO  [DNFCalculating] log_result_queue_info:1367: calc#1: 排行: try_fetch_result_in_background remaining_qize=0 sync_batch_size=100 processed_result=0, speed=0.00/s totalWork=0
2021-07-09 16:32:24,426 INFO  [DNFCalculating] log_result_queue_info:1367: calc#1: 排行: try_fetch_result_in_background remaining_qize=0 sync_batch_size=100 processed_result=0, speed=0.00/s totalWork=7
2021-07-09 16:32:24,959 INFO  [DNFCalculating] log_result_queue_info:1367: calc#1: 排行: try_fetch_result_in_background remaining_qize=2 sync_batch_size=100 processed_result=0, speed=0.00/s totalWork=7
2021-07-09 16:32:25,466 INFO  [DNFCalculating] log_result_queue_info:1367: calc#1: 排行: try_fetch_result_in_background remaining_qize=3 sync_batch_size=100 processed_result=200, speed=66.30/s totalWork=7
2021-07-09 16:32:25,974 INFO  [DNFCalculating] log_result_queue_info:1367: calc#1: 排行: try_fetch_result_in_background remaining_qize=4 sync_batch_size=100 processed_result=500, speed=141.86/s totalWork=7
2021-07-09 16:32:26,482 INFO  [DNFCalculating] log_result_queue_info:1367: calc#1: 排行: try_fetch_result_in_background remaining_qize=5 sync_batch_size=100 processed_result=900, speed=223.24/s totalWork=7
2021-07-09 16:32:26,483 INFO  [DNFCalculating] log_result_queue_info:1367: calc#1: 排行: try_fetch_result periodly report remaining_qize=4 sync_batch_size=100 processed_result=1000, speed=247.93/s totalWork=7
2021-07-09 16:32:27,004 INFO  [DNFCalculating] log_result_queue_info:1367: calc#1: 排行: try_fetch_result_in_background remaining_qize=7 sync_batch_size=100 processed_result=1400, speed=307.40/s totalWork=7
2021-07-09 16:32:27,006 INFO  [DNFCalculating] log_result_queue_info:1367: calc#1: 排行: try_fetch_result periodly report remaining_qize=6 sync_batch_size=100 processed_result=1500, speed=329.22/s totalWork=7
2021-07-09 16:32:27,012 INFO  [DNFCalculating] log_result_queue_info:1367: calc#1: 排行: try_fetch_result periodly report remaining_qize=1 sync_batch_size=100 processed_result=2000, speed=438.39/s totalWork=7
2021-07-09 16:32:27,527 INFO  [DNFCalculating] log_result_queue_info:1367: calc#1: 排行: try_fetch_result_in_background remaining_qize=6 sync_batch_size=100 processed_result=2100, speed=413.65/s totalWork=7
2021-07-09 16:32:27,528 INFO  [DNFCalculating] log_result_queue_info:1367: calc#1: 排行: try_fetch_result periodly report remaining_qize=5 sync_batch_size=100 processed_result=2200, speed=433.20/s totalWork=7
2021-07-09 16:32:28,049 INFO  [DNFCalculating] log_result_queue_info:1367: calc#1: 排行: try_fetch_result_in_background remaining_qize=10 sync_batch_size=100 processed_result=2700, speed=482.20/s totalWork=7
2021-07-09 16:32:28,051 INFO  [DNFCalculating] log_result_queue_info:1367: calc#1: 排行: try_fetch_result periodly report remaining_qize=9 sync_batch_size=100 processed_result=2800, speed=499.93/s totalWork=7
2021-07-09 16:32:28,054 INFO  [DNFCalculating] log_result_queue_info:1367: calc#1: 排行: try_fetch_result periodly report remaining_qize=7 sync_batch_size=100 processed_result=3000, speed=535.30/s totalWork=7
2021-07-09 16:32:28,571 INFO  [DNFCalculating] log_result_queue_info:1367: calc#1: 排行: try_fetch_result_in_background remaining_qize=9 sync_batch_size=100 processed_result=3700, speed=604.42/s totalWork=7
2021-07-09 16:32:28,573 INFO  [DNFCalculating] log_result_queue_info:1367: calc#1: 排行: try_fetch_result periodly report remaining_qize=8 sync_batch_size=100 processed_result=3800, speed=620.55/s totalWork=7
2021-07-09 16:32:28,577 INFO  [DNFCalculating] log_result_queue_info:1367: calc#1: 排行: try_fetch_result periodly report remaining_qize=6 sync_batch_size=100 processed_result=4000, speed=652.84/s totalWork=7
2021-07-09 16:32:29,094 INFO  [DNFCalculating] log_result_queue_info:1367: calc#1: 排行: try_fetch_result_in_background remaining_qize=9 sync_batch_size=100 processed_result=4600, speed=692.31/s totalWork=7
2021-07-09 16:32:29,097 INFO  [DNFCalculating] log_result_queue_info:1367: calc#1: 排行: try_fetch_result periodly report remaining_qize=8 sync_batch_size=100 processed_result=4700, speed=707.15/s totalWork=7
2021-07-09 16:32:29,100 INFO  [DNFCalculating] log_result_queue_info:1367: calc#1: 排行: try_fetch_result periodly report remaining_qize=5 sync_batch_size=100 processed_result=5000, speed=751.78/s totalWork=7
2021-07-09 16:32:29,617 INFO  [DNFCalculating] log_result_queue_info:1367: calc#1: 排行: try_fetch_result_in_background remaining_qize=11 sync_batch_size=100 processed_result=5500, speed=767.39/s totalWork=7
2021-07-09 16:32:29,619 INFO  [DNFCalculating] log_result_queue_info:1367: calc#1: 排行: try_fetch_result periodly report remaining_qize=10 sync_batch_size=100 processed_result=5600, speed=781.12/s totalWork=7
2021-07-09 16:32:29,624 INFO  [DNFCalculating] log_result_queue_info:1367: calc#1: 排行: try_fetch_result periodly report remaining_qize=6 sync_batch_size=100 processed_result=6000, speed=836.28/s totalWork=7
2021-07-09 16:32:30,140 INFO  [DNFCalculating] log_result_queue_info:1367: calc#1: 排行: try_fetch_result_in_background remaining_qize=8 sync_batch_size=100 processed_result=6600, speed=858.21/s totalWork=7
2021-07-09 16:32:30,142 INFO  [DNFCalculating] log_result_queue_info:1367: calc#1: 排行: try_fetch_result periodly report remaining_qize=7 sync_batch_size=100 processed_result=6700, speed=870.98/s totalWork=7
2021-07-09 16:32:30,146 INFO  [DNFCalculating] log_result_queue_info:1367: calc#1: 排行: try_fetch_result periodly report remaining_qize=4 sync_batch_size=100 processed_result=7000, speed=909.51/s totalWork=7
2021-07-09 16:32:30,663 INFO  [DNFCalculating] log_result_queue_info:1367: calc#1: 排行: try_fetch_result_in_background remaining_qize=12 sync_batch_size=100 processed_result=7400, speed=900.98/s totalWork=7
2021-07-09 16:32:30,665 INFO  [DNFCalculating] log_result_queue_info:1367: calc#1: 排行: try_fetch_result periodly report remaining_qize=11 sync_batch_size=100 processed_result=7500, speed=912.94/s totalWork=7
2021-07-09 16:32:30,671 INFO  [DNFCalculating] log_result_queue_info:1367: calc#1: 排行: try_fetch_result periodly report remaining_qize=6 sync_batch_size=100 processed_result=8000, speed=973.04/s totalWork=7
2021-07-09 16:32:31,186 INFO  [DNFCalculating] log_result_queue_info:1367: calc#1: 排行: try_fetch_result_in_background remaining_qize=8 sync_batch_size=100 processed_result=8700, speed=995.88/s totalWork=7
2021-07-09 16:32:31,188 INFO  [DNFCalculating] log_result_queue_info:1367: calc#1: 排行: try_fetch_result periodly report remaining_qize=7 sync_batch_size=100 processed_result=8800, speed=1007.09/s totalWork=7
2021-07-09 16:32:31,190 INFO  [DNFCalculating] log_result_queue_info:1367: calc#1: 排行: try_fetch_result periodly report remaining_qize=5 sync_batch_size=100 processed_result=9000, speed=1029.67/s totalWork=7
2021-07-09 16:32:31,708 INFO  [DNFCalculating] log_result_queue_info:1367: calc#1: 排行: try_fetch_result_in_background remaining_qize=8 sync_batch_size=100 processed_result=9500, speed=1026.10/s totalWork=7
2021-07-09 16:32:31,710 INFO  [DNFCalculating] log_result_queue_info:1367: calc#1: 排行: try_fetch_result periodly report remaining_qize=7 sync_batch_size=100 processed_result=9600, speed=1036.68/s totalWork=7
2021-07-09 16:32:31,715 INFO  [DNFCalculating] log_result_queue_info:1367: calc#1: 排行: try_fetch_result periodly report remaining_qize=3 sync_batch_size=100 processed_result=10000, speed=1079.30/s totalWork=7
2021-07-09 16:32:32,230 INFO  [DNFCalculating] log_result_queue_info:1367: calc#1: 排行: try_fetch_result_in_background remaining_qize=9 sync_batch_size=100 processed_result=10300, speed=1053.16/s totalWork=7
2021-07-09 16:32:32,232 INFO  [DNFCalculating] log_result_queue_info:1367: calc#1: 排行: try_fetch_result periodly report remaining_qize=8 sync_batch_size=100 processed_result=10400, speed=1063.17/s totalWork=7
2021-07-09 16:32:32,240 INFO  [DNFCalculating] log_result_queue_info:1367: calc#1: 排行: try_fetch_result periodly report remaining_qize=2 sync_batch_size=100 processed_result=11000, speed=1123.59/s totalWork=7
2021-07-09 16:32:32,753 INFO  [DNFCalculating] log_result_queue_info:1367: calc#1: 排行: try_fetch_result_in_background remaining_qize=8 sync_batch_size=100 processed_result=11200, speed=1087.02/s totalWork=7
2021-07-09 16:32:32,755 INFO  [DNFCalculating] log_result_queue_info:1367: calc#1: 排行: try_fetch_result periodly report remaining_qize=7 sync_batch_size=100 processed_result=11300, speed=1096.52/s totalWork=7
2021-07-09 16:32:32,763 INFO  [DNFCalculating] log_result_queue_info:1367: calc#1: 排行: try_fetch_result periodly report remaining_qize=0 sync_batch_size=100 processed_result=12000, speed=1163.49/s totalWork=7
2021-07-09 16:32:33,275 INFO  [DNFCalculating] log_result_queue_info:1367: calc#1: 排行: try_fetch_result_in_background remaining_qize=11 sync_batch_size=100 processed_result=12000, speed=1108.46/s totalWork=7
2021-07-09 16:32:33,277 INFO  [DNFCalculating] log_result_queue_info:1367: calc#1: 排行: try_fetch_result periodly report remaining_qize=10 sync_batch_size=100 processed_result=12100, speed=1117.51/s totalWork=7
2021-07-09 16:32:33,289 INFO  [DNFCalculating] log_result_queue_info:1367: calc#1: 排行: try_fetch_result periodly report remaining_qize=1 sync_batch_size=100 processed_result=13000, speed=1199.36/s totalWork=7
2021-07-09 16:32:33,798 INFO  [DNFCalculating] log_result_queue_info:1367: calc#1: 排行: try_fetch_result_in_background remaining_qize=9 sync_batch_size=100 processed_result=13100, speed=1154.34/s totalWork=7
2021-07-09 16:32:33,800 INFO  [DNFCalculating] log_result_queue_info:1367: calc#1: 排行: try_fetch_result periodly report remaining_qize=8 sync_batch_size=100 processed_result=13200, speed=1162.95/s totalWork=7
2021-07-09 16:32:33,810 INFO  [DNFCalculating] log_result_queue_info:1367: calc#1: 排行: try_fetch_result periodly report remaining_qize=1 sync_batch_size=100 processed_result=14000, speed=1232.30/s totalWork=7
2021-07-09 16:32:34,321 INFO  [DNFCalculating] log_result_queue_info:1367: calc#1: 排行: try_fetch_result_in_background remaining_qize=8 sync_batch_size=100 processed_result=14100, speed=1187.74/s totalWork=7
2021-07-09 16:32:34,323 INFO  [DNFCalculating] log_result_queue_info:1367: calc#1: 排行: try_fetch_result periodly report remaining_qize=7 sync_batch_size=100 processed_result=14200, speed=1195.96/s totalWork=7
2021-07-09 16:32:34,844 INFO  [DNFCalculating] log_result_queue_info:1367: calc#1: 排行: try_fetch_result_in_background remaining_qize=11 sync_batch_size=100 processed_result=14900, speed=1202.14/s totalWork=7
2021-07-09 16:32:34,846 INFO  [DNFCalculating] log_result_queue_info:1367: calc#1: 排行: try_fetch_result periodly report remaining_qize=10 sync_batch_size=100 processed_result=15000, speed=1210.02/s totalWork=7
2021-07-09 16:32:34,859 INFO  [DNFCalculating] log_result_queue_info:1367: calc#1: 排行: try_fetch_result periodly report remaining_qize=0 sync_batch_size=100 processed_result=16000, speed=1289.40/s totalWork=7
2021-07-09 16:32:35,366 INFO  [DNFCalculating] log_result_queue_info:1367: calc#1: 排行: try_fetch_result_in_background remaining_qize=9 sync_batch_size=100 processed_result=16000, speed=1238.74/s totalWork=7
2021-07-09 16:32:35,368 INFO  [DNFCalculating] log_result_queue_info:1367: calc#1: 排行: try_fetch_result periodly report remaining_qize=9 sync_batch_size=100 processed_result=16100, speed=1246.29/s totalWork=7
2021-07-09 16:32:35,379 INFO  [DNFCalculating] log_result_queue_info:1367: calc#1: 排行: try_fetch_result periodly report remaining_qize=0 sync_batch_size=100 processed_result=17000, speed=1314.80/s totalWork=7
2021-07-09 16:32:35,888 INFO  [DNFCalculating] log_result_queue_info:1367: calc#1: 排行: try_fetch_result_in_background remaining_qize=10 sync_batch_size=100 processed_result=17000, speed=1265.01/s totalWork=7
2021-07-09 16:32:35,890 INFO  [DNFCalculating] log_result_queue_info:1367: calc#1: 排行: try_fetch_result periodly report remaining_qize=9 sync_batch_size=100 processed_result=17100, speed=1272.27/s totalWork=7
2021-07-09 16:32:35,901 INFO  [DNFCalculating] log_result_queue_info:1367: calc#1: 排行: try_fetch_result periodly report remaining_qize=0 sync_batch_size=100 processed_result=18000, speed=1338.14/s totalWork=7
2021-07-09 16:32:36,411 INFO  [DNFCalculating] log_result_queue_info:1367: calc#1: 排行: try_fetch_result_in_background remaining_qize=8 sync_batch_size=100 processed_result=18000, speed=1289.27/s totalWork=7
2021-07-09 16:32:36,413 INFO  [DNFCalculating] log_result_queue_info:1367: calc#1: 排行: try_fetch_result periodly report remaining_qize=7 sync_batch_size=100 processed_result=18100, speed=1296.25/s totalWork=7
2021-07-09 16:32:36,934 INFO  [DNFCalculating] log_result_queue_info:1367: calc#1: 排行: try_fetch_result_in_background remaining_qize=9 sync_batch_size=100 processed_result=18800, speed=1297.97/s totalWork=7
2021-07-09 16:32:36,936 INFO  [DNFCalculating] log_result_queue_info:1367: calc#1: 排行: try_fetch_result periodly report remaining_qize=8 sync_batch_size=100 processed_result=18900, speed=1304.69/s totalWork=7
2021-07-09 16:32:36,938 INFO  [DNFCalculating] log_result_queue_info:1367: calc#1: 排行: try_fetch_result periodly report remaining_qize=7 sync_batch_size=100 processed_result=19000, speed=1311.46/s totalWork=7
2021-07-09 16:32:37,457 INFO  [DNFCalculating] log_result_queue_info:1367: calc#1: 排行: try_fetch_result_in_background remaining_qize=10 sync_batch_size=100 processed_result=19700, speed=1312.72/s totalWork=7
2021-07-09 16:32:37,461 INFO  [DNFCalculating] log_result_queue_info:1367: calc#1: 排行: try_fetch_result periodly report remaining_qize=9 sync_batch_size=100 processed_result=19800, speed=1319.04/s totalWork=7
2021-07-09 16:32:37,464 INFO  [DNFCalculating] log_result_queue_info:1367: calc#1: 排行: try_fetch_result periodly report remaining_qize=7 sync_batch_size=100 processed_result=20000, speed=1332.10/s totalWork=7
2021-07-09 16:32:37,979 INFO  [DNFCalculating] log_result_queue_info:1367: calc#1: 排行: try_fetch_result_in_background remaining_qize=7 sync_batch_size=100 processed_result=20700, speed=1332.93/s totalWork=7
2021-07-09 16:32:37,981 INFO  [DNFCalculating] log_result_queue_info:1367: calc#1: 排行: try_fetch_result periodly report remaining_qize=6 sync_batch_size=100 processed_result=20800, speed=1339.19/s totalWork=7
2021-07-09 16:32:37,984 INFO  [DNFCalculating] log_result_queue_info:1367: calc#1: 排行: try_fetch_result periodly report remaining_qize=4 sync_batch_size=100 processed_result=21000, speed=1351.81/s totalWork=7
2021-07-09 16:32:38,503 INFO  [DNFCalculating] log_result_queue_info:1367: calc#1: 排行: try_fetch_result_in_background remaining_qize=11 sync_batch_size=100 processed_result=21400, speed=1333.12/s totalWork=7
2021-07-09 16:32:38,504 INFO  [DNFCalculating] log_result_queue_info:1367: calc#1: 排行: try_fetch_result periodly report remaining_qize=10 sync_batch_size=100 processed_result=21500, speed=1339.19/s totalWork=7
2021-07-09 16:32:38,510 INFO  [DNFCalculating] log_result_queue_info:1367: calc#1: 排行: try_fetch_result periodly report remaining_qize=5 sync_batch_size=100 processed_result=22000, speed=1369.82/s totalWork=7
2021-07-09 16:32:39,025 INFO  [DNFCalculating] log_result_queue_info:1367: calc#1: 排行: try_fetch_result_in_background remaining_qize=9 sync_batch_size=100 processed_result=22600, speed=1363.47/s totalWork=7
2021-07-09 16:32:39,027 INFO  [DNFCalculating] log_result_queue_info:1367: calc#1: 排行: try_fetch_result periodly report remaining_qize=8 sync_batch_size=100 processed_result=22700, speed=1369.34/s totalWork=7
2021-07-09 16:32:39,031 INFO  [DNFCalculating] log_result_queue_info:1367: calc#1: 排行: try_fetch_result periodly report remaining_qize=5 sync_batch_size=100 processed_result=23000, speed=1387.07/s totalWork=7
2021-07-09 16:32:39,548 INFO  [DNFCalculating] log_result_queue_info:1367: calc#1: 排行: try_fetch_result_in_background remaining_qize=9 sync_batch_size=100 processed_result=23500, speed=1374.42/s totalWork=7
2021-07-09 16:32:39,550 INFO  [DNFCalculating] log_result_queue_info:1367: calc#1: 排行: try_fetch_result periodly report remaining_qize=8 sync_batch_size=100 processed_result=23600, speed=1380.11/s totalWork=7
2021-07-09 16:32:39,555 INFO  [DNFCalculating] log_result_queue_info:1367: calc#1: 排行: try_fetch_result periodly report remaining_qize=4 sync_batch_size=100 processed_result=24000, speed=1403.10/s totalWork=7
2021-07-09 16:32:40,071 INFO  [DNFCalculating] log_result_queue_info:1367: calc#1: 排行: try_fetch_result_in_background remaining_qize=10 sync_batch_size=100 processed_result=24400, speed=1384.68/s totalWork=7
2021-07-09 16:32:40,072 INFO  [DNFCalculating] log_result_queue_info:1367: calc#1: 排行: try_fetch_result periodly report remaining_qize=9 sync_batch_size=100 processed_result=24500, speed=1390.24/s totalWork=7
2021-07-09 16:32:40,079 INFO  [DNFCalculating] log_result_queue_info:1367: calc#1: 排行: try_fetch_result periodly report remaining_qize=4 sync_batch_size=100 processed_result=25000, speed=1418.09/s totalWork=7
2021-07-09 16:32:40,594 INFO  [DNFCalculating] log_result_queue_info:1367: calc#1: 排行: try_fetch_result_in_background remaining_qize=11 sync_batch_size=100 processed_result=25400, speed=1399.90/s totalWork=7
2021-07-09 16:32:40,595 INFO  [DNFCalculating] log_result_queue_info:1367: calc#1: 排行: try_fetch_result periodly report remaining_qize=10 sync_batch_size=100 processed_result=25500, speed=1405.30/s totalWork=7
2021-07-09 16:32:40,602 INFO  [DNFCalculating] log_result_queue_info:1367: calc#1: 排行: try_fetch_result periodly report remaining_qize=5 sync_batch_size=100 processed_result=26000, speed=1432.34/s totalWork=7
2021-07-09 16:32:41,117 INFO  [DNFCalculating] log_result_queue_info:1367: calc#1: 排行: try_fetch_result_in_background remaining_qize=10 sync_batch_size=100 processed_result=26500, speed=1419.65/s totalWork=7
2021-07-09 16:32:41,119 INFO  [DNFCalculating] log_result_queue_info:1367: calc#1: 排行: try_fetch_result periodly report remaining_qize=9 sync_batch_size=100 processed_result=26600, speed=1424.83/s totalWork=7
2021-07-09 16:32:41,124 INFO  [DNFCalculating] log_result_queue_info:1367: calc#1: 排行: try_fetch_result periodly report remaining_qize=5 sync_batch_size=100 processed_result=27000, speed=1445.83/s totalWork=7
2021-07-09 16:32:41,639 INFO  [DNFCalculating] log_result_queue_info:1367: calc#1: 排行: try_fetch_result_in_background remaining_qize=8 sync_batch_size=100 processed_result=27500, speed=1433.06/s totalWork=7
2021-07-09 16:32:41,641 INFO  [DNFCalculating] log_result_queue_info:1367: calc#1: 排行: try_fetch_result periodly report remaining_qize=8 sync_batch_size=100 processed_result=27600, speed=1438.16/s totalWork=7
2021-07-09 16:32:41,646 INFO  [DNFCalculating] log_result_queue_info:1367: calc#1: 排行: try_fetch_result periodly report remaining_qize=4 sync_batch_size=100 processed_result=28000, speed=1458.62/s totalWork=7
2021-07-09 16:32:42,162 INFO  [DNFCalculating] log_result_queue_info:1367: calc#1: 排行: try_fetch_result_in_background remaining_qize=10 sync_batch_size=100 processed_result=28400, speed=1440.75/s totalWork=7
2021-07-09 16:32:42,164 INFO  [DNFCalculating] log_result_queue_info:1367: calc#1: 排行: try_fetch_result periodly report remaining_qize=9 sync_batch_size=100 processed_result=28500, speed=1445.67/s totalWork=7
2021-07-09 16:32:42,170 INFO  [DNFCalculating] log_result_queue_info:1367: calc#1: 排行: try_fetch_result periodly report remaining_qize=4 sync_batch_size=100 processed_result=29000, speed=1470.59/s totalWork=7
2021-07-09 16:32:42,684 INFO  [DNFCalculating] log_result_queue_info:1367: calc#1: 排行: try_fetch_result_in_background remaining_qize=8 sync_batch_size=100 processed_result=29400, speed=1452.98/s totalWork=7
2021-07-09 16:32:42,686 INFO  [DNFCalculating] log_result_queue_info:1367: calc#1: 排行: try_fetch_result periodly report remaining_qize=7 sync_batch_size=100 processed_result=29500, speed=1457.78/s totalWork=7
2021-07-09 16:32:42,692 INFO  [DNFCalculating] log_result_queue_info:1367: calc#1: 排行: try_fetch_result periodly report remaining_qize=2 sync_batch_size=100 processed_result=30000, speed=1482.01/s totalWork=7
2021-07-09 16:32:43,207 INFO  [DNFCalculating] log_result_queue_info:1367: calc#1: 排行: try_fetch_result_in_background remaining_qize=11 sync_batch_size=100 processed_result=30200, speed=1454.93/s totalWork=7
2021-07-09 16:32:43,209 INFO  [DNFCalculating] log_result_queue_info:1367: calc#1: 排行: try_fetch_result periodly report remaining_qize=10 sync_batch_size=100 processed_result=30300, speed=1459.60/s totalWork=7
2021-07-09 16:32:43,217 INFO  [DNFCalculating] log_result_queue_info:1367: calc#1: 排行: try_fetch_result periodly report remaining_qize=3 sync_batch_size=100 processed_result=31000, speed=1492.75/s totalWork=7
2021-07-09 16:32:43,730 INFO  [DNFCalculating] log_result_queue_info:1367: calc#1: 排行: try_fetch_result_in_background remaining_qize=8 sync_batch_size=100 processed_result=31300, speed=1470.87/s totalWork=7
2021-07-09 16:32:43,731 INFO  [DNFCalculating] log_result_queue_info:1367: calc#1: 排行: try_fetch_result periodly report remaining_qize=7 sync_batch_size=100 processed_result=31400, speed=1475.44/s totalWork=7
2021-07-09 16:32:43,739 INFO  [DNFCalculating] log_result_queue_info:1367: calc#1: 排行: try_fetch_result periodly report remaining_qize=1 sync_batch_size=100 processed_result=32000, speed=1503.10/s totalWork=7
2021-07-09 16:32:44,253 INFO  [DNFCalculating] log_result_queue_info:1367: calc#1: 排行: try_fetch_result_in_background remaining_qize=8 sync_batch_size=100 processed_result=32100, speed=1472.27/s totalWork=7
2021-07-09 16:32:44,254 INFO  [DNFCalculating] log_result_queue_info:1367: calc#1: 排行: try_fetch_result periodly report remaining_qize=7 sync_batch_size=100 processed_result=32200, speed=1476.75/s totalWork=7
2021-07-09 16:32:44,791 INFO  [DNFCalculating] log_result_queue_info:1367: calc#1: 排行: try_fetch_result_in_background remaining_qize=10 sync_batch_size=100 processed_result=32900, speed=1472.64/s totalWork=7
2021-07-09 16:32:44,792 INFO  [DNFCalculating] log_result_queue_info:1367: calc#1: 排行: try_fetch_result periodly report remaining_qize=9 sync_batch_size=100 processed_result=33000, speed=1476.99/s totalWork=7
2021-07-09 16:32:45,314 INFO  [DNFCalculating] log_result_queue_info:1367: calc#1: 排行: try_fetch_result_in_background remaining_qize=9 sync_batch_size=100 processed_result=33900, speed=1482.68/s totalWork=7
2021-07-09 16:32:45,315 INFO  [DNFCalculating] log_result_queue_info:1367: calc#1: 排行: try_fetch_result periodly report remaining_qize=8 sync_batch_size=100 processed_result=34000, speed=1486.95/s totalWork=7
2021-07-09 16:32:45,836 INFO  [DNFCalculating] log_result_queue_info:1367: calc#1: 排行: try_fetch_result_in_background remaining_qize=12 sync_batch_size=100 processed_result=34800, speed=1488.05/s totalWork=7
2021-07-09 16:32:45,838 INFO  [DNFCalculating] log_result_queue_info:1367: calc#1: 排行: try_fetch_result periodly report remaining_qize=11 sync_batch_size=100 processed_result=34900, speed=1492.20/s totalWork=7
2021-07-09 16:32:45,840 INFO  [DNFCalculating] log_result_queue_info:1367: calc#1: 排行: try_fetch_result periodly report remaining_qize=10 sync_batch_size=100 processed_result=35000, speed=1496.34/s totalWork=7
2021-07-09 16:32:45,853 INFO  [DNFCalculating] log_result_queue_info:1367: calc#1: 排行: try_fetch_result periodly report remaining_qize=0 sync_batch_size=100 processed_result=36000, speed=1538.25/s totalWork=7
2021-07-09 16:32:46,359 INFO  [DNFCalculating] log_result_queue_info:1367: calc#1: 排行: try_fetch_result_in_background remaining_qize=9 sync_batch_size=100 processed_result=36000, speed=1505.70/s totalWork=7
2021-07-09 16:32:46,361 INFO  [DNFCalculating] log_result_queue_info:1367: calc#1: 排行: try_fetch_result periodly report remaining_qize=8 sync_batch_size=100 processed_result=36100, speed=1509.76/s totalWork=7
2021-07-09 16:32:46,882 INFO  [DNFCalculating] log_result_queue_info:1367: calc#1: 排行: try_fetch_result_in_background remaining_qize=8 sync_batch_size=100 processed_result=36900, speed=1510.31/s totalWork=7
2021-07-09 16:32:46,884 INFO  [DNFCalculating] log_result_queue_info:1367: calc#1: 排行: try_fetch_result periodly report remaining_qize=7 sync_batch_size=100 processed_result=37000, speed=1514.29/s totalWork=7
2021-07-09 16:32:47,406 INFO  [DNFCalculating] log_result_queue_info:1367: calc#1: 排行: try_fetch_result_in_background remaining_qize=10 sync_batch_size=100 processed_result=37700, speed=1510.64/s totalWork=7
2021-07-09 16:32:47,408 INFO  [DNFCalculating] log_result_queue_info:1367: calc#1: 排行: try_fetch_result periodly report remaining_qize=10 sync_batch_size=100 processed_result=37800, speed=1514.53/s totalWork=7
2021-07-09 16:32:47,411 INFO  [DNFCalculating] log_result_queue_info:1367: calc#1: 排行: try_fetch_result periodly report remaining_qize=8 sync_batch_size=100 processed_result=38000, speed=1522.40/s totalWork=7
2021-07-09 16:32:47,929 INFO  [DNFCalculating] log_result_queue_info:1367: calc#1: 排行: try_fetch_result_in_background remaining_qize=9 sync_batch_size=100 processed_result=38800, speed=1522.79/s totalWork=7
2021-07-09 16:32:47,931 INFO  [DNFCalculating] log_result_queue_info:1367: calc#1: 排行: try_fetch_result periodly report remaining_qize=8 sync_batch_size=100 processed_result=38900, speed=1526.63/s totalWork=7
2021-07-09 16:32:47,933 INFO  [DNFCalculating] log_result_queue_info:1367: calc#1: 排行: try_fetch_result periodly report remaining_qize=7 sync_batch_size=100 processed_result=39000, speed=1530.42/s totalWork=7
2021-07-09 16:32:48,451 INFO  [DNFCalculating] log_result_queue_info:1367: calc#1: 排行: try_fetch_result_in_background remaining_qize=7 sync_batch_size=100 processed_result=39700, speed=1526.82/s totalWork=7
2021-07-09 16:32:48,453 INFO  [DNFCalculating] log_result_queue_info:1367: calc#1: 排行: try_fetch_result periodly report remaining_qize=6 sync_batch_size=100 processed_result=39800, speed=1530.55/s totalWork=7
2021-07-09 16:32:48,456 INFO  [DNFCalculating] log_result_queue_info:1367: calc#1: 排行: try_fetch_result periodly report remaining_qize=4 sync_batch_size=100 processed_result=40000, speed=1538.06/s totalWork=7
2021-07-09 16:32:48,976 INFO  [DNFCalculating] log_result_queue_info:1367: calc#1: 排行: try_fetch_result_in_background remaining_qize=13 sync_batch_size=100 processed_result=40400, speed=1523.03/s totalWork=7
2021-07-09 16:32:48,978 INFO  [DNFCalculating] log_result_queue_info:1367: calc#1: 排行: try_fetch_result periodly report remaining_qize=12 sync_batch_size=100 processed_result=40500, speed=1526.69/s totalWork=7
2021-07-09 16:32:48,984 INFO  [DNFCalculating] log_result_queue_info:1367: calc#1: 排行: try_fetch_result periodly report remaining_qize=7 sync_batch_size=100 processed_result=41000, speed=1545.16/s totalWork=7
2021-07-09 16:32:49,497 INFO  [DNFCalculating] log_result_queue_info:1367: calc#1: 排行: try_fetch_result_in_background remaining_qize=7 sync_batch_size=100 processed_result=41700, speed=1541.74/s totalWork=7
2021-07-09 16:32:49,499 INFO  [DNFCalculating] log_result_queue_info:1367: calc#1: 排行: try_fetch_result periodly report remaining_qize=6 sync_batch_size=100 processed_result=41800, speed=1545.33/s totalWork=7
2021-07-09 16:32:49,502 INFO  [DNFCalculating] log_result_queue_info:1367: calc#1: 排行: try_fetch_result periodly report remaining_qize=4 sync_batch_size=100 processed_result=42000, speed=1552.55/s totalWork=7
2021-07-09 16:32:50,020 INFO  [DNFCalculating] log_result_queue_info:1367: calc#1: 排行: try_fetch_result_in_background remaining_qize=12 sync_batch_size=100 processed_result=42400, speed=1537.87/s totalWork=7
2021-07-09 16:32:50,022 INFO  [DNFCalculating] log_result_queue_info:1367: calc#1: 排行: try_fetch_result periodly report remaining_qize=11 sync_batch_size=100 processed_result=42500, speed=1541.41/s totalWork=7
2021-07-09 16:32:50,028 INFO  [DNFCalculating] log_result_queue_info:1367: calc#1: 排行: try_fetch_result periodly report remaining_qize=6 sync_batch_size=100 processed_result=43000, speed=1559.18/s totalWork=7
2021-07-09 16:32:50,543 INFO  [DNFCalculating] log_result_queue_info:1367: calc#1: 排行: try_fetch_result_in_background remaining_qize=9 sync_batch_size=100 processed_result=43600, speed=1551.99/s totalWork=7
2021-07-09 16:32:50,545 INFO  [DNFCalculating] log_result_queue_info:1367: calc#1: 排行: try_fetch_result periodly report remaining_qize=8 sync_batch_size=100 processed_result=43700, speed=1555.42/s totalWork=7
2021-07-09 16:32:50,548 INFO  [DNFCalculating] log_result_queue_info:1367: calc#1: 排行: try_fetch_result periodly report remaining_qize=5 sync_batch_size=100 processed_result=44000, speed=1565.90/s totalWork=7
2021-07-09 16:32:51,066 INFO  [DNFCalculating] log_result_queue_info:1367: calc#1: 排行: try_fetch_result_in_background remaining_qize=10 sync_batch_size=100 processed_result=44500, speed=1555.09/s totalWork=7
2021-07-09 16:32:51,067 INFO  [DNFCalculating] log_result_queue_info:1367: calc#1: 排行: try_fetch_result periodly report remaining_qize=9 sync_batch_size=100 processed_result=44600, speed=1558.48/s totalWork=7
2021-07-09 16:32:51,072 INFO  [DNFCalculating] log_result_queue_info:1367: calc#1: 排行: try_fetch_result periodly report remaining_qize=5 sync_batch_size=100 processed_result=45000, speed=1572.18/s totalWork=7
2021-07-09 16:32:51,588 INFO  [DNFCalculating] log_result_queue_info:1367: calc#1: 排行: try_fetch_result_in_background remaining_qize=11 sync_batch_size=100 processed_result=45500, speed=1561.51/s totalWork=7
2021-07-09 16:32:51,590 INFO  [DNFCalculating] log_result_queue_info:1367: calc#1: 排行: try_fetch_result periodly report remaining_qize=10 sync_batch_size=100 processed_result=45600, speed=1564.83/s totalWork=7
2021-07-09 16:32:51,596 INFO  [DNFCalculating] log_result_queue_info:1367: calc#1: 排行: try_fetch_result periodly report remaining_qize=6 sync_batch_size=100 processed_result=46000, speed=1578.26/s totalWork=7
2021-07-09 16:32:52,111 INFO  [DNFCalculating] log_result_queue_info:1367: calc#1: 排行: try_fetch_result_in_background remaining_qize=8 sync_batch_size=100 processed_result=46600, speed=1571.07/s totalWork=7
2021-07-09 16:32:52,113 INFO  [DNFCalculating] log_result_queue_info:1367: calc#1: 排行: try_fetch_result periodly report remaining_qize=7 sync_batch_size=100 processed_result=46700, speed=1574.34/s totalWork=7
2021-07-09 16:32:52,117 INFO  [DNFCalculating] log_result_queue_info:1367: calc#1: 排行: try_fetch_result periodly report remaining_qize=4 sync_batch_size=100 processed_result=47000, speed=1584.24/s totalWork=7
2021-07-09 16:32:52,634 INFO  [DNFCalculating] log_result_queue_info:1367: calc#1: 排行: try_fetch_result_in_background remaining_qize=10 sync_batch_size=100 processed_result=47400, speed=1570.37/s totalWork=7
2021-07-09 16:32:52,636 INFO  [DNFCalculating] log_result_queue_info:1367: calc#1: 排行: try_fetch_result periodly report remaining_qize=9 sync_batch_size=100 processed_result=47500, speed=1573.58/s totalWork=7
2021-07-09 16:32:52,642 INFO  [DNFCalculating] log_result_queue_info:1367: calc#1: 排行: try_fetch_result periodly report remaining_qize=4 sync_batch_size=100 processed_result=48000, speed=1589.83/s totalWork=7
2021-07-09 16:32:53,156 INFO  [DNFCalculating] log_result_queue_info:1367: calc#1: 排行: try_fetch_result_in_background remaining_qize=8 sync_batch_size=100 processed_result=48400, speed=1576.19/s totalWork=7
2021-07-09 16:32:53,158 INFO  [DNFCalculating] log_result_queue_info:1367: calc#1: 排行: try_fetch_result periodly report remaining_qize=7 sync_batch_size=100 processed_result=48500, speed=1579.35/s totalWork=7
2021-07-09 16:32:53,165 INFO  [DNFCalculating] log_result_queue_info:1367: calc#1: 排行: try_fetch_result periodly report remaining_qize=3 sync_batch_size=100 processed_result=49000, speed=1595.30/s totalWork=7
2021-07-09 16:32:53,681 INFO  [DNFCalculating] log_result_queue_info:1367: calc#1: 排行: try_fetch_result_in_background remaining_qize=9 sync_batch_size=100 processed_result=49300, speed=1578.53/s totalWork=7
2021-07-09 16:32:53,683 INFO  [DNFCalculating] log_result_queue_info:1367: calc#1: 排行: try_fetch_result periodly report remaining_qize=8 sync_batch_size=100 processed_result=49400, speed=1581.63/s totalWork=7
2021-07-09 16:32:53,691 INFO  [DNFCalculating] log_result_queue_info:1367: calc#1: 排行: try_fetch_result periodly report remaining_qize=2 sync_batch_size=100 processed_result=50000, speed=1600.46/s totalWork=7
2021-07-09 16:32:54,202 INFO  [DNFCalculating] log_result_queue_info:1367: calc#1: 排行: try_fetch_result_in_background remaining_qize=10 sync_batch_size=100 processed_result=50200, speed=1581.03/s totalWork=7
2021-07-09 16:32:54,204 INFO  [DNFCalculating] log_result_queue_info:1367: calc#1: 排行: try_fetch_result periodly report remaining_qize=9 sync_batch_size=100 processed_result=50300, speed=1584.06/s totalWork=7
2021-07-09 16:32:54,212 INFO  [DNFCalculating] log_result_queue_info:1367: calc#1: 排行: try_fetch_result periodly report remaining_qize=2 sync_batch_size=100 processed_result=51000, speed=1605.65/s totalWork=7
2021-07-09 16:32:54,724 INFO  [DNFCalculating] log_result_queue_info:1367: calc#1: 排行: try_fetch_result_in_background remaining_qize=8 sync_batch_size=100 processed_result=51200, speed=1586.41/s totalWork=7
2021-07-09 16:32:54,726 INFO  [DNFCalculating] log_result_queue_info:1367: calc#1: 排行: try_fetch_result periodly report remaining_qize=7 sync_batch_size=100 processed_result=51300, speed=1589.41/s totalWork=7
2021-07-09 16:32:54,734 INFO  [DNFCalculating] log_result_queue_info:1367: calc#1: 排行: try_fetch_result periodly report remaining_qize=0 sync_batch_size=100 processed_result=52000, speed=1610.68/s totalWork=7
2021-07-09 16:32:55,247 INFO  [DNFCalculating] log_result_queue_info:1367: calc#1: 排行: try_fetch_result_in_background remaining_qize=11 sync_batch_size=100 processed_result=52000, speed=1585.51/s totalWork=7
2021-07-09 16:32:55,249 INFO  [DNFCalculating] log_result_queue_info:1367: calc#1: 排行: try_fetch_result periodly report remaining_qize=10 sync_batch_size=100 processed_result=52100, speed=1588.44/s totalWork=7
2021-07-09 16:32:55,260 INFO  [DNFCalculating] log_result_queue_info:1367: calc#1: 排行: try_fetch_result periodly report remaining_qize=1 sync_batch_size=100 processed_result=53000, speed=1615.34/s totalWork=7
2021-07-09 16:32:55,770 INFO  [DNFCalculating] log_result_queue_info:1367: calc#1: 排行: try_fetch_result_in_background remaining_qize=8 sync_batch_size=100 processed_result=53100, speed=1593.60/s totalWork=7
2021-07-09 16:32:55,772 INFO  [DNFCalculating] log_result_queue_info:1367: calc#1: 排行: try_fetch_result periodly report remaining_qize=7 sync_batch_size=100 processed_result=53200, speed=1596.51/s totalWork=7
2021-07-09 16:32:56,293 INFO  [DNFCalculating] log_result_queue_info:1367: calc#1: 排行: try_fetch_result_in_background remaining_qize=9 sync_batch_size=100 processed_result=53900, speed=1592.67/s totalWork=7
2021-07-09 16:32:56,295 INFO  [DNFCalculating] log_result_queue_info:1367: calc#1: 排行: try_fetch_result periodly report remaining_qize=8 sync_batch_size=100 processed_result=54000, speed=1595.51/s totalWork=7
2021-07-09 16:32:56,815 INFO  [DNFCalculating] log_result_queue_info:1367: calc#1: 排行: try_fetch_result_in_background remaining_qize=11 sync_batch_size=100 processed_result=54800, speed=1594.61/s totalWork=7
2021-07-09 16:32:56,817 INFO  [DNFCalculating] log_result_queue_info:1367: calc#1: 排行: try_fetch_result periodly report remaining_qize=10 sync_batch_size=100 processed_result=54900, speed=1597.45/s totalWork=7
2021-07-09 16:32:56,819 INFO  [DNFCalculating] log_result_queue_info:1367: calc#1: 排行: try_fetch_result periodly report remaining_qize=9 sync_batch_size=100 processed_result=55000, speed=1600.24/s totalWork=7
2021-07-09 16:32:57,338 INFO  [DNFCalculating] log_result_queue_info:1367: calc#1: 排行: try_fetch_result_in_background remaining_qize=10 sync_batch_size=100 processed_result=55900, speed=1602.24/s totalWork=7
2021-07-09 16:32:57,340 INFO  [DNFCalculating] log_result_queue_info:1367: calc#1: 排行: try_fetch_result periodly report remaining_qize=9 sync_batch_size=100 processed_result=56000, speed=1605.02/s totalWork=7
2021-07-09 16:32:57,861 INFO  [DNFCalculating] log_result_queue_info:1367: calc#1: 排行: try_fetch_result_in_background remaining_qize=9 sync_batch_size=100 processed_result=56900, speed=1606.83/s totalWork=7
2021-07-09 16:32:57,862 INFO  [DNFCalculating] log_result_queue_info:1367: calc#1: 排行: try_fetch_result periodly report remaining_qize=8 sync_batch_size=100 processed_result=57000, speed=1609.58/s totalWork=7
2021-07-09 16:32:58,383 INFO  [DNFCalculating] log_result_queue_info:1367: calc#1: 排行: try_fetch_result_in_background remaining_qize=7 sync_batch_size=100 processed_result=57800, speed=1608.52/s totalWork=7
2021-07-09 16:32:58,385 INFO  [DNFCalculating] log_result_queue_info:1367: calc#1: 排行: try_fetch_result periodly report remaining_qize=6 sync_batch_size=100 processed_result=57900, speed=1611.21/s totalWork=7
2021-07-09 16:32:58,387 INFO  [DNFCalculating] log_result_queue_info:1367: calc#1: 排行: try_fetch_result periodly report remaining_qize=5 sync_batch_size=100 processed_result=58000, speed=1613.91/s totalWork=7
2021-07-09 16:32:58,907 INFO  [DNFCalculating] log_result_queue_info:1367: calc#1: 排行: try_fetch_result_in_background remaining_qize=10 sync_batch_size=100 processed_result=58500, speed=1604.63/s totalWork=7
2021-07-09 16:32:58,908 INFO  [DNFCalculating] log_result_queue_info:1367: calc#1: 排行: try_fetch_result periodly report remaining_qize=9 sync_batch_size=100 processed_result=58600, speed=1607.31/s totalWork=7
2021-07-09 16:32:58,913 INFO  [DNFCalculating] log_result_queue_info:1367: calc#1: 排行: try_fetch_result periodly report remaining_qize=5 sync_batch_size=100 processed_result=59000, speed=1618.06/s totalWork=7
2021-07-09 16:32:59,429 INFO  [DNFCalculating] log_result_queue_info:1367: calc#1: 排行: try_fetch_result_in_background remaining_qize=9 sync_batch_size=100 processed_result=59500, speed=1609.01/s totalWork=7
2021-07-09 16:32:59,431 INFO  [DNFCalculating] log_result_queue_info:1367: calc#1: 排行: try_fetch_result periodly report remaining_qize=8 sync_batch_size=100 processed_result=59600, speed=1611.63/s totalWork=7
2021-07-09 16:32:59,436 INFO  [DNFCalculating] log_result_queue_info:1367: calc#1: 排行: try_fetch_result periodly report remaining_qize=4 sync_batch_size=100 processed_result=60000, speed=1622.21/s totalWork=7
2021-07-09 16:32:59,952 INFO  [DNFCalculating] log_result_queue_info:1367: calc#1: 排行: try_fetch_result_in_background remaining_qize=9 sync_batch_size=100 processed_result=60400, speed=1610.56/s totalWork=7
2021-07-09 16:32:59,954 INFO  [DNFCalculating] log_result_queue_info:1367: calc#1: 排行: try_fetch_result periodly report remaining_qize=8 sync_batch_size=100 processed_result=60500, speed=1613.16/s totalWork=7
2021-07-09 16:32:59,960 INFO  [DNFCalculating] log_result_queue_info:1367: calc#1: 排行: try_fetch_result periodly report remaining_qize=3 sync_batch_size=100 processed_result=61000, speed=1626.24/s totalWork=7
2021-07-09 16:33:00,474 INFO  [DNFCalculating] log_result_queue_info:1367: calc#1: 排行: try_fetch_result_in_background remaining_qize=13 sync_batch_size=100 processed_result=61300, speed=1612.11/s totalWork=7
2021-07-09 16:33:00,476 INFO  [DNFCalculating] log_result_queue_info:1367: calc#1: 排行: try_fetch_result periodly report remaining_qize=12 sync_batch_size=100 processed_result=61400, speed=1614.67/s totalWork=7
2021-07-09 16:33:00,481 INFO  [DNFCalculating] log_result_queue_info:1367: calc#1: 排行: try_fetch_result periodly report remaining_qize=7 sync_batch_size=100 processed_result=62000, speed=1630.22/s totalWork=7
2021-07-09 16:33:00,997 INFO  [DNFCalculating] log_result_queue_info:1367: calc#1: 排行: try_fetch_result_in_background remaining_qize=13 sync_batch_size=100 processed_result=62700, speed=1626.58/s totalWork=7
2021-07-09 16:33:00,999 INFO  [DNFCalculating] log_result_queue_info:1367: calc#1: 排行: try_fetch_result periodly report remaining_qize=12 sync_batch_size=100 processed_result=62800, speed=1629.09/s totalWork=7
2021-07-09 16:33:01,001 INFO  [DNFCalculating] log_result_queue_info:1367: calc#1: 排行: try_fetch_result periodly report remaining_qize=10 sync_batch_size=100 processed_result=63000, speed=1634.18/s totalWork=7
2021-07-09 16:33:01,011 INFO  [DNFCalculating] log_result_queue_info:1367: calc#1: 排行: try_fetch_result periodly report remaining_qize=1 sync_batch_size=100 processed_result=64000, speed=1659.71/s totalWork=7
2021-07-09 16:33:01,520 INFO  [DNFCalculating] log_result_queue_info:1367: calc#1: 排行: try_fetch_result_in_background remaining_qize=13 sync_batch_size=100 processed_result=64100, speed=1640.63/s totalWork=7
2021-07-09 16:33:01,521 INFO  [DNFCalculating] log_result_queue_info:1367: calc#1: 排行: try_fetch_result periodly report remaining_qize=12 sync_batch_size=100 processed_result=64200, speed=1643.13/s totalWork=7
2021-07-09 16:33:01,529 INFO  [DNFCalculating] log_result_queue_info:1367: calc#1: 排行: try_fetch_result periodly report remaining_qize=4 sync_batch_size=100 processed_result=65000, speed=1663.26/s totalWork=7
2021-07-09 16:33:02,043 INFO  [DNFCalculating] log_result_queue_info:1367: calc#1: 排行: try_fetch_result_in_background remaining_qize=13 sync_batch_size=100 processed_result=65400, speed=1651.82/s totalWork=7
2021-07-09 16:33:02,044 INFO  [DNFCalculating] log_result_queue_info:1367: calc#1: 排行: try_fetch_result periodly report remaining_qize=12 sync_batch_size=100 processed_result=65500, speed=1654.29/s totalWork=7
2021-07-09 16:33:02,049 INFO  [DNFCalculating] log_result_queue_info:1367: calc#1: 排行: try_fetch_result periodly report remaining_qize=7 sync_batch_size=100 processed_result=66000, speed=1666.68/s totalWork=7
2021-07-09 16:33:02,566 INFO  [DNFCalculating] log_result_queue_info:1367: calc#1: 排行: try_fetch_result_in_background remaining_qize=13 sync_batch_size=100 processed_result=66700, speed=1662.68/s totalWork=7
2021-07-09 16:33:02,567 INFO  [DNFCalculating] log_result_queue_info:1367: calc#1: 排行: try_fetch_result periodly report remaining_qize=12 sync_batch_size=100 processed_result=66800, speed=1665.13/s totalWork=7
2021-07-09 16:33:02,569 INFO  [DNFCalculating] log_result_queue_info:1367: calc#1: 排行: try_fetch_result periodly report remaining_qize=10 sync_batch_size=100 processed_result=67000, speed=1670.01/s totalWork=7
2021-07-09 16:33:02,579 INFO  [DNFCalculating] log_result_queue_info:1367: calc#1: 排行: try_fetch_result periodly report remaining_qize=1 sync_batch_size=100 processed_result=68000, speed=1694.52/s totalWork=7
2021-07-09 16:33:03,087 INFO  [DNFCalculating] log_result_queue_info:1367: calc#1: 排行: try_fetch_result_in_background remaining_qize=10 sync_batch_size=100 processed_result=68100, speed=1675.78/s totalWork=7
2021-07-09 16:33:03,089 INFO  [DNFCalculating] log_result_queue_info:1367: calc#1: 排行: try_fetch_result periodly report remaining_qize=9 sync_batch_size=100 processed_result=68200, speed=1678.18/s totalWork=7
2021-07-09 16:33:03,096 INFO  [DNFCalculating] log_result_queue_info:1367: calc#1: 排行: try_fetch_result periodly report remaining_qize=1 sync_batch_size=100 processed_result=69000, speed=1697.56/s totalWork=7
2021-07-09 16:33:03,610 INFO  [DNFCalculating] log_result_queue_info:1367: calc#1: 排行: try_fetch_result_in_background remaining_qize=12 sync_batch_size=100 processed_result=69100, speed=1678.79/s totalWork=7
2021-07-09 16:33:03,612 INFO  [DNFCalculating] log_result_queue_info:1367: calc#1: 排行: try_fetch_result periodly report remaining_qize=11 sync_batch_size=100 processed_result=69200, speed=1681.16/s totalWork=7
2021-07-09 16:33:03,620 INFO  [DNFCalculating] log_result_queue_info:1367: calc#1: 排行: try_fetch_result periodly report remaining_qize=3 sync_batch_size=100 processed_result=70000, speed=1700.27/s totalWork=7
2021-07-09 16:33:04,133 INFO  [DNFCalculating] log_result_queue_info:1367: calc#1: 排行: try_fetch_result_in_background remaining_qize=13 sync_batch_size=100 processed_result=70300, speed=1686.52/s totalWork=7
2021-07-09 16:33:04,135 INFO  [DNFCalculating] log_result_queue_info:1367: calc#1: 排行: try_fetch_result periodly report remaining_qize=12 sync_batch_size=100 processed_result=70400, speed=1688.86/s totalWork=7
2021-07-09 16:33:04,142 INFO  [DNFCalculating] log_result_queue_info:1367: calc#1: 排行: try_fetch_result periodly report remaining_qize=6 sync_batch_size=100 processed_result=71000, speed=1702.96/s totalWork=7
2021-07-09 16:33:04,656 INFO  [DNFCalculating] log_result_queue_info:1367: calc#1: 排行: try_fetch_result_in_background remaining_qize=10 sync_batch_size=100 processed_result=71600, speed=1696.42/s totalWork=7
2021-07-09 16:33:04,658 INFO  [DNFCalculating] log_result_queue_info:1367: calc#1: 排行: try_fetch_result periodly report remaining_qize=9 sync_batch_size=100 processed_result=71700, speed=1698.73/s totalWork=7
2021-07-09 16:33:04,668 INFO  [DNFCalculating] log_result_queue_info:1367: calc#1: 排行: try_fetch_result periodly report remaining_qize=6 sync_batch_size=100 processed_result=72000, speed=1705.43/s totalWork=7
2021-07-09 16:33:05,179 INFO  [DNFCalculating] log_result_queue_info:1367: calc#1: 排行: try_fetch_result_in_background remaining_qize=13 sync_batch_size=100 processed_result=72600, speed=1699.07/s totalWork=7
2021-07-09 16:33:05,180 INFO  [DNFCalculating] log_result_queue_info:1367: calc#1: 排行: try_fetch_result periodly report remaining_qize=12 sync_batch_size=100 processed_result=72700, speed=1701.35/s totalWork=7
2021-07-09 16:33:05,184 INFO  [DNFCalculating] log_result_queue_info:1367: calc#1: 排行: try_fetch_result periodly report remaining_qize=9 sync_batch_size=100 processed_result=73000, speed=1708.23/s totalWork=7
2021-07-09 16:33:05,701 INFO  [DNFCalculating] log_result_queue_info:1367: calc#1: 排行: try_fetch_result_in_background remaining_qize=13 sync_batch_size=100 processed_result=73900, speed=1708.61/s totalWork=7
2021-07-09 16:33:05,703 INFO  [DNFCalculating] log_result_queue_info:1367: calc#1: 排行: try_fetch_result periodly report remaining_qize=12 sync_batch_size=100 processed_result=74000, speed=1710.84/s totalWork=7
2021-07-09 16:33:05,713 INFO  [DNFCalculating] log_result_queue_info:1367: calc#1: 排行: try_fetch_result periodly report remaining_qize=2 sync_batch_size=100 processed_result=75000, speed=1733.56/s totalWork=7
2021-07-09 16:33:06,224 INFO  [DNFCalculating] log_result_queue_info:1367: calc#1: 排行: try_fetch_result_in_background remaining_qize=12 sync_batch_size=100 processed_result=75200, speed=1717.90/s totalWork=7
2021-07-09 16:33:06,226 INFO  [DNFCalculating] log_result_queue_info:1367: calc#1: 排行: try_fetch_result periodly report remaining_qize=11 sync_batch_size=100 processed_result=75300, speed=1720.12/s totalWork=7
2021-07-09 16:33:06,233 INFO  [DNFCalculating] log_result_queue_info:1367: calc#1: 排行: try_fetch_result periodly report remaining_qize=4 sync_batch_size=100 processed_result=76000, speed=1735.82/s totalWork=7
2021-07-09 16:33:06,747 INFO  [DNFCalculating] log_result_queue_info:1367: calc#1: 排行: try_fetch_result_in_background remaining_qize=11 sync_batch_size=100 processed_result=76400, speed=1724.71/s totalWork=7
2021-07-09 16:33:06,749 INFO  [DNFCalculating] log_result_queue_info:1367: calc#1: 排行: try_fetch_result periodly report remaining_qize=10 sync_batch_size=100 processed_result=76500, speed=1726.89/s totalWork=7
2021-07-09 16:33:06,755 INFO  [DNFCalculating] log_result_queue_info:1367: calc#1: 排行: try_fetch_result periodly report remaining_qize=5 sync_batch_size=100 processed_result=77000, speed=1737.94/s totalWork=7
2021-07-09 16:33:07,270 INFO  [DNFCalculating] log_result_queue_info:1367: calc#1: 排行: try_fetch_result_in_background remaining_qize=14 sync_batch_size=100 processed_result=77500, speed=1729.14/s totalWork=7
2021-07-09 16:33:07,272 INFO  [DNFCalculating] log_result_queue_info:1367: calc#1: 排行: try_fetch_result periodly report remaining_qize=13 sync_batch_size=100 processed_result=77600, speed=1731.29/s totalWork=7
2021-07-09 16:33:07,276 INFO  [DNFCalculating] log_result_queue_info:1367: calc#1: 排行: try_fetch_result periodly report remaining_qize=9 sync_batch_size=100 processed_result=78000, speed=1740.04/s totalWork=7
2021-07-09 16:33:07,792 INFO  [DNFCalculating] log_result_queue_info:1367: calc#1: 排行: try_fetch_result_in_background remaining_qize=13 sync_batch_size=100 processed_result=78900, speed=1740.08/s totalWork=7
2021-07-09 16:33:07,794 INFO  [DNFCalculating] log_result_queue_info:1367: calc#1: 排行: try_fetch_result periodly report remaining_qize=12 sync_batch_size=100 processed_result=79000, speed=1742.23/s totalWork=7
2021-07-09 16:33:07,804 INFO  [DNFCalculating] log_result_queue_info:1367: calc#1: 排行: try_fetch_result periodly report remaining_qize=2 sync_batch_size=100 processed_result=80000, speed=1763.87/s totalWork=7
2021-07-09 16:33:08,315 INFO  [DNFCalculating] log_result_queue_info:1367: calc#1: 排行: try_fetch_result_in_background remaining_qize=11 sync_batch_size=100 processed_result=80200, speed=1748.58/s totalWork=7
2021-07-09 16:33:08,317 INFO  [DNFCalculating] log_result_queue_info:1367: calc#1: 排行: try_fetch_result periodly report remaining_qize=10 sync_batch_size=100 processed_result=80300, speed=1750.69/s totalWork=7
2021-07-09 16:33:08,325 INFO  [DNFCalculating] log_result_queue_info:1367: calc#1: 排行: try_fetch_result periodly report remaining_qize=3 sync_batch_size=100 processed_result=81000, speed=1765.65/s totalWork=7
2021-07-09 16:33:08,838 INFO  [DNFCalculating] log_result_queue_info:1367: calc#1: 排行: try_fetch_result_in_background remaining_qize=11 sync_batch_size=100 processed_result=81300, speed=1752.58/s totalWork=7
2021-07-09 16:33:08,840 INFO  [DNFCalculating] log_result_queue_info:1367: calc#1: 排行: try_fetch_result periodly report remaining_qize=10 sync_batch_size=100 processed_result=81400, speed=1754.68/s totalWork=7
2021-07-09 16:33:08,846 INFO  [DNFCalculating] log_result_queue_info:1367: calc#1: 排行: try_fetch_result periodly report remaining_qize=5 sync_batch_size=100 processed_result=82000, speed=1767.38/s totalWork=7
2021-07-09 16:33:09,361 INFO  [DNFCalculating] log_result_queue_info:1367: calc#1: 排行: try_fetch_result_in_background remaining_qize=13 sync_batch_size=100 processed_result=82500, speed=1758.64/s totalWork=7
2021-07-09 16:33:09,362 INFO  [DNFCalculating] log_result_queue_info:1367: calc#1: 排行: try_fetch_result periodly report remaining_qize=12 sync_batch_size=100 processed_result=82600, speed=1760.72/s totalWork=7
2021-07-09 16:33:09,367 INFO  [DNFCalculating] log_result_queue_info:1367: calc#1: 排行: try_fetch_result periodly report remaining_qize=8 sync_batch_size=100 processed_result=83000, speed=1769.08/s totalWork=7
2021-07-09 16:33:09,884 INFO  [DNFCalculating] log_result_queue_info:1367: calc#1: 排行: try_fetch_result_in_background remaining_qize=9 sync_batch_size=100 processed_result=83800, speed=1766.67/s totalWork=7
2021-07-09 16:33:09,885 INFO  [DNFCalculating] log_result_queue_info:1367: calc#1: 排行: try_fetch_result periodly report remaining_qize=8 sync_batch_size=100 processed_result=83900, speed=1768.72/s totalWork=7
2021-07-09 16:33:09,887 INFO  [DNFCalculating] log_result_queue_info:1367: calc#1: 排行: try_fetch_result periodly report remaining_qize=7 sync_batch_size=100 processed_result=84000, speed=1770.76/s totalWork=7
2021-07-09 16:33:10,406 INFO  [DNFCalculating] log_result_queue_info:1367: calc#1: 排行: try_fetch_result_in_background remaining_qize=12 sync_batch_size=100 processed_result=84700, speed=1766.19/s totalWork=7
2021-07-09 16:33:10,408 INFO  [DNFCalculating] log_result_queue_info:1367: calc#1: 排行: try_fetch_result periodly report remaining_qize=11 sync_batch_size=100 processed_result=84800, speed=1768.21/s totalWork=7
2021-07-09 16:33:10,410 INFO  [DNFCalculating] log_result_queue_info:1367: calc#1: 排行: try_fetch_result periodly report remaining_qize=9 sync_batch_size=100 processed_result=85000, speed=1772.29/s totalWork=7
2021-07-09 16:33:10,929 INFO  [DNFCalculating] log_result_queue_info:1367: calc#1: 排行: try_fetch_result_in_background remaining_qize=10 sync_batch_size=100 processed_result=85900, speed=1771.90/s totalWork=7
2021-07-09 16:33:10,930 INFO  [DNFCalculating] log_result_queue_info:1367: calc#1: 排行: try_fetch_result periodly report remaining_qize=9 sync_batch_size=100 processed_result=86000, speed=1773.91/s totalWork=7
2021-07-09 16:33:11,451 INFO  [DNFCalculating] log_result_queue_info:1367: calc#1: 排行: try_fetch_result_in_background remaining_qize=11 sync_batch_size=100 processed_result=86900, speed=1773.41/s totalWork=7
2021-07-09 16:33:11,453 INFO  [DNFCalculating] log_result_queue_info:1367: calc#1: 排行: try_fetch_result periodly report remaining_qize=10 sync_batch_size=100 processed_result=87000, speed=1775.39/s totalWork=7
2021-07-09 16:33:11,462 INFO  [DNFCalculating] log_result_queue_info:1367: calc#1: 排行: try_fetch_result periodly report remaining_qize=0 sync_batch_size=100 processed_result=88000, speed=1795.47/s totalWork=7
2021-07-09 16:33:11,974 INFO  [DNFCalculating] log_result_queue_info:1367: calc#1: 排行: try_fetch_result_in_background remaining_qize=12 sync_batch_size=100 processed_result=88000, speed=1776.90/s totalWork=7
2021-07-09 16:33:11,976 INFO  [DNFCalculating] log_result_queue_info:1367: calc#1: 排行: try_fetch_result periodly report remaining_qize=11 sync_batch_size=100 processed_result=88100, speed=1778.86/s totalWork=7
2021-07-09 16:33:11,985 INFO  [DNFCalculating] log_result_queue_info:1367: calc#1: 排行: try_fetch_result periodly report remaining_qize=2 sync_batch_size=100 processed_result=89000, speed=1796.71/s totalWork=7
2021-07-09 16:33:12,497 INFO  [DNFCalculating] log_result_queue_info:1367: calc#1: 排行: try_fetch_result_in_background remaining_qize=9 sync_batch_size=100 processed_result=89200, speed=1782.33/s totalWork=7
2021-07-09 16:33:12,498 INFO  [DNFCalculating] log_result_queue_info:1367: calc#1: 排行: try_fetch_result periodly report remaining_qize=8 sync_batch_size=100 processed_result=89300, speed=1784.27/s totalWork=7
2021-07-09 16:33:12,505 INFO  [DNFCalculating] log_result_queue_info:1367: calc#1: 排行: try_fetch_result periodly report remaining_qize=1 sync_batch_size=100 processed_result=90000, speed=1797.99/s totalWork=7
2021-07-09 16:33:13,019 INFO  [DNFCalculating] log_result_queue_info:1367: calc#1: 排行: try_fetch_result_in_background remaining_qize=13 sync_batch_size=100 processed_result=90100, speed=1781.70/s totalWork=7
2021-07-09 16:33:13,021 INFO  [DNFCalculating] log_result_queue_info:1367: calc#1: 排行: try_fetch_result periodly report remaining_qize=12 sync_batch_size=100 processed_result=90200, speed=1783.63/s totalWork=7
2021-07-09 16:33:13,028 INFO  [DNFCalculating] log_result_queue_info:1367: calc#1: 排行: try_fetch_result periodly report remaining_qize=4 sync_batch_size=100 processed_result=91000, speed=1799.18/s totalWork=7
2021-07-09 16:33:13,541 INFO  [DNFCalculating] log_result_queue_info:1367: calc#1: 排行: try_fetch_result_in_background remaining_qize=14 sync_batch_size=100 processed_result=91400, speed=1788.95/s totalWork=7
2021-07-09 16:33:13,543 INFO  [DNFCalculating] log_result_queue_info:1367: calc#1: 排行: try_fetch_result periodly report remaining_qize=13 sync_batch_size=100 processed_result=91500, speed=1790.86/s totalWork=7
2021-07-09 16:33:13,548 INFO  [DNFCalculating] log_result_queue_info:1367: calc#1: 排行: try_fetch_result periodly report remaining_qize=8 sync_batch_size=100 processed_result=92000, speed=1800.45/s totalWork=7
2021-07-09 16:33:14,064 INFO  [DNFCalculating] log_result_queue_info:1367: calc#1: 排行: try_fetch_result_in_background remaining_qize=8 sync_batch_size=100 processed_result=92800, speed=1797.96/s totalWork=7
2021-07-09 16:33:14,065 INFO  [DNFCalculating] log_result_queue_info:1367: calc#1: 排行: try_fetch_result periodly report remaining_qize=7 sync_batch_size=100 processed_result=92900, speed=1799.84/s totalWork=7
2021-07-09 16:33:14,067 INFO  [DNFCalculating] log_result_queue_info:1367: calc#1: 排行: try_fetch_result periodly report remaining_qize=6 sync_batch_size=100 processed_result=93000, speed=1801.73/s totalWork=7
2021-07-09 16:33:14,586 INFO  [DNFCalculating] log_result_queue_info:1367: calc#1: 排行: try_fetch_result_in_background remaining_qize=14 sync_batch_size=100 processed_result=93600, speed=1795.29/s totalWork=7
2021-07-09 16:33:14,588 INFO  [DNFCalculating] log_result_queue_info:1367: calc#1: 排行: try_fetch_result periodly report remaining_qize=13 sync_batch_size=100 processed_result=93700, speed=1797.15/s totalWork=7
2021-07-09 16:33:14,592 INFO  [DNFCalculating] log_result_queue_info:1367: calc#1: 排行: try_fetch_result periodly report remaining_qize=11 sync_batch_size=100 processed_result=94000, speed=1802.79/s totalWork=7
2021-07-09 16:33:14,600 INFO  [DNFCalculating] log_result_queue_info:1367: calc#1: 排行: try_fetch_result periodly report remaining_qize=1 sync_batch_size=100 processed_result=95000, speed=1821.64/s totalWork=7
2021-07-09 16:33:15,109 INFO  [DNFCalculating] log_result_queue_info:1367: calc#1: 排行: try_fetch_result_in_background remaining_qize=11 sync_batch_size=100 processed_result=95100, speed=1805.93/s totalWork=7
2021-07-09 16:33:15,111 INFO  [DNFCalculating] log_result_queue_info:1367: calc#1: 排行: try_fetch_result periodly report remaining_qize=10 sync_batch_size=100 processed_result=95200, speed=1807.78/s totalWork=7
2021-07-09 16:33:15,119 INFO  [DNFCalculating] log_result_queue_info:1367: calc#1: 排行: try_fetch_result periodly report remaining_qize=2 sync_batch_size=100 processed_result=96000, speed=1822.68/s totalWork=7
2021-07-09 16:33:15,632 INFO  [DNFCalculating] log_result_queue_info:1367: calc#1: 排行: try_fetch_result_in_background remaining_qize=11 sync_batch_size=100 processed_result=96200, speed=1808.88/s totalWork=7
2021-07-09 16:33:15,633 INFO  [DNFCalculating] log_result_queue_info:1367: calc#1: 排行: try_fetch_result periodly report remaining_qize=10 sync_batch_size=100 processed_result=96300, speed=1810.71/s totalWork=7
2021-07-09 16:33:15,641 INFO  [DNFCalculating] log_result_queue_info:1367: calc#1: 排行: try_fetch_result periodly report remaining_qize=3 sync_batch_size=100 processed_result=97000, speed=1823.60/s totalWork=7
2021-07-09 16:33:16,155 INFO  [DNFCalculating] log_result_queue_info:1367: calc#1: 排行: try_fetch_result_in_background remaining_qize=9 sync_batch_size=100 processed_result=97300, speed=1811.76/s totalWork=7
2021-07-09 16:33:16,156 INFO  [DNFCalculating] log_result_queue_info:1367: calc#1: 排行: try_fetch_result periodly report remaining_qize=8 sync_batch_size=100 processed_result=97400, speed=1813.55/s totalWork=7
2021-07-09 16:33:16,162 INFO  [DNFCalculating] log_result_queue_info:1367: calc#1: 排行: try_fetch_result periodly report remaining_qize=2 sync_batch_size=100 processed_result=98000, speed=1824.52/s totalWork=7
2021-07-09 16:33:16,677 INFO  [DNFCalculating] log_result_queue_info:1367: calc#1: 排行: try_fetch_result_in_background remaining_qize=11 sync_batch_size=100 processed_result=98200, speed=1810.89/s totalWork=7
2021-07-09 16:33:16,679 INFO  [DNFCalculating] log_result_queue_info:1367: calc#1: 排行: try_fetch_result periodly report remaining_qize=10 sync_batch_size=100 processed_result=98300, speed=1812.68/s totalWork=7
2021-07-09 16:33:16,687 INFO  [DNFCalculating] log_result_queue_info:1367: calc#1: 排行: try_fetch_result periodly report remaining_qize=3 sync_batch_size=100 processed_result=99000, speed=1825.32/s totalWork=7
2021-07-09 16:33:17,200 INFO  [DNFCalculating] log_result_queue_info:1367: calc#1: 排行: try_fetch_result_in_background remaining_qize=10 sync_batch_size=100 processed_result=99300, speed=1813.69/s totalWork=7
2021-07-09 16:33:17,202 INFO  [DNFCalculating] log_result_queue_info:1367: calc#1: 排行: try_fetch_result periodly report remaining_qize=9 sync_batch_size=100 processed_result=99400, speed=1815.45/s totalWork=7
2021-07-09 16:33:17,208 INFO  [DNFCalculating] log_result_queue_info:1367: calc#1: 排行: try_fetch_result periodly report remaining_qize=3 sync_batch_size=100 processed_result=100000, speed=1826.21/s totalWork=7
2021-07-09 16:33:17,723 INFO  [DNFCalculating] log_result_queue_info:1367: calc#1: 排行: try_fetch_result_in_background remaining_qize=11 sync_batch_size=100 processed_result=100300, speed=1814.62/s totalWork=7
2021-07-09 16:33:17,725 INFO  [DNFCalculating] log_result_queue_info:1367: calc#1: 排行: try_fetch_result periodly report remaining_qize=10 sync_batch_size=100 processed_result=100400, speed=1816.37/s totalWork=7
2021-07-09 16:33:17,731 INFO  [DNFCalculating] log_result_queue_info:1367: calc#1: 排行: try_fetch_result periodly report remaining_qize=4 sync_batch_size=100 processed_result=101000, speed=1827.02/s totalWork=7
2021-07-09 16:33:18,246 INFO  [DNFCalculating] log_result_queue_info:1367: calc#1: 排行: try_fetch_result_in_background remaining_qize=12 sync_batch_size=100 processed_result=101400, speed=1817.34/s totalWork=7
2021-07-09 16:33:18,247 INFO  [DNFCalculating] log_result_queue_info:1367: calc#1: 排行: try_fetch_result periodly report remaining_qize=11 sync_batch_size=100 processed_result=101500, speed=1819.07/s totalWork=7
2021-07-09 16:33:18,253 INFO  [DNFCalculating] log_result_queue_info:1367: calc#1: 排行: try_fetch_result periodly report remaining_qize=6 sync_batch_size=100 processed_result=102000, speed=1827.86/s totalWork=7
2021-07-09 16:33:18,768 INFO  [DNFCalculating] log_result_queue_info:1367: calc#1: 排行: try_fetch_result_in_background remaining_qize=11 sync_batch_size=100 processed_result=102600, speed=1821.77/s totalWork=7
2021-07-09 16:33:18,769 INFO  [DNFCalculating] log_result_queue_info:1367: calc#1: 排行: try_fetch_result periodly report remaining_qize=10 sync_batch_size=100 processed_result=102700, speed=1823.52/s totalWork=7
2021-07-09 16:33:18,773 INFO  [DNFCalculating] log_result_queue_info:1367: calc#1: 排行: try_fetch_result periodly report remaining_qize=7 sync_batch_size=100 processed_result=103000, speed=1828.73/s totalWork=7
2021-07-09 16:33:19,291 INFO  [DNFCalculating] log_result_queue_info:1367: calc#1: 排行: try_fetch_result_in_background remaining_qize=13 sync_batch_size=100 processed_result=103700, speed=1824.38/s totalWork=7
2021-07-09 16:33:19,293 INFO  [DNFCalculating] log_result_queue_info:1367: calc#1: 排行: try_fetch_result periodly report remaining_qize=12 sync_batch_size=100 processed_result=103800, speed=1826.08/s totalWork=7
2021-07-09 16:33:19,295 INFO  [DNFCalculating] log_result_queue_info:1367: calc#1: 排行: try_fetch_result periodly report remaining_qize=10 sync_batch_size=100 processed_result=104000, speed=1829.52/s totalWork=7
2021-07-09 16:33:19,305 INFO  [DNFCalculating] log_result_queue_info:1367: calc#1: 排行: try_fetch_result periodly report remaining_qize=0 sync_batch_size=100 processed_result=105000, speed=1846.81/s totalWork=7
2021-07-09 16:33:19,813 INFO  [DNFCalculating] log_result_queue_info:1367: calc#1: 排行: try_fetch_result_in_background remaining_qize=14 sync_batch_size=100 processed_result=105000, speed=1830.42/s totalWork=7
2021-07-09 16:33:19,815 INFO  [DNFCalculating] log_result_queue_info:1367: calc#1: 排行: try_fetch_result periodly report remaining_qize=13 sync_batch_size=100 processed_result=105100, speed=1832.10/s totalWork=7
2021-07-09 16:33:19,824 INFO  [DNFCalculating] log_result_queue_info:1367: calc#1: 排行: try_fetch_result periodly report remaining_qize=4 sync_batch_size=100 processed_result=106000, speed=1847.50/s totalWork=7
2021-07-09 16:33:20,336 INFO  [DNFCalculating] log_result_queue_info:1367: calc#1: 排行: try_fetch_result_in_background remaining_qize=11 sync_batch_size=100 processed_result=106400, speed=1838.08/s totalWork=7
2021-07-09 16:33:20,338 INFO  [DNFCalculating] log_result_queue_info:1367: calc#1: 排行: try_fetch_result periodly report remaining_qize=10 sync_batch_size=100 processed_result=106500, speed=1839.74/s totalWork=7
2021-07-09 16:33:20,343 INFO  [DNFCalculating] log_result_queue_info:1367: calc#1: 排行: try_fetch_result periodly report remaining_qize=6 sync_batch_size=100 processed_result=107000, speed=1848.24/s totalWork=7
2021-07-09 16:33:20,859 INFO  [DNFCalculating] log_result_queue_info:1367: calc#1: 排行: try_fetch_result_in_background remaining_qize=9 sync_batch_size=100 processed_result=107600, speed=1842.17/s totalWork=7
2021-07-09 16:33:20,861 INFO  [DNFCalculating] log_result_queue_info:1367: calc#1: 排行: try_fetch_result periodly report remaining_qize=8 sync_batch_size=100 processed_result=107700, speed=1843.82/s totalWork=7
2021-07-09 16:33:20,864 INFO  [DNFCalculating] log_result_queue_info:1367: calc#1: 排行: try_fetch_result periodly report remaining_qize=5 sync_batch_size=100 processed_result=108000, speed=1848.85/s totalWork=7
2021-07-09 16:33:21,382 INFO  [DNFCalculating] log_result_queue_info:1367: calc#1: 排行: try_fetch_result_in_background remaining_qize=9 sync_batch_size=100 processed_result=108500, speed=1841.10/s totalWork=7
2021-07-09 16:33:21,384 INFO  [DNFCalculating] log_result_queue_info:1367: calc#1: 排行: try_fetch_result periodly report remaining_qize=8 sync_batch_size=100 processed_result=108600, speed=1842.72/s totalWork=7
2021-07-09 16:33:21,390 INFO  [DNFCalculating] log_result_queue_info:1367: calc#1: 排行: try_fetch_result periodly report remaining_qize=4 sync_batch_size=100 processed_result=109000, speed=1849.34/s totalWork=7
2021-07-09 16:33:21,905 INFO  [DNFCalculating] log_result_queue_info:1367: calc#1: 排行: try_fetch_result_in_background remaining_qize=10 sync_batch_size=100 processed_result=109400, speed=1840.05/s totalWork=7
2021-07-09 16:33:21,907 INFO  [DNFCalculating] log_result_queue_info:1367: calc#1: 排行: try_fetch_result periodly report remaining_qize=9 sync_batch_size=100 processed_result=109500, speed=1841.67/s totalWork=7
2021-07-09 16:33:21,913 INFO  [DNFCalculating] log_result_queue_info:1367: calc#1: 排行: try_fetch_result periodly report remaining_qize=4 sync_batch_size=100 processed_result=110000, speed=1849.88/s totalWork=7
2021-07-09 16:33:22,427 INFO  [DNFCalculating] log_result_queue_info:1367: calc#1: 排行: try_fetch_result_in_background remaining_qize=5 sync_batch_size=100 processed_result=110400, speed=1840.68/s totalWork=7
2021-07-09 16:33:22,430 INFO  [DNFCalculating] log_result_queue_info:1367: calc#1: 排行: try_fetch_result periodly report remaining_qize=4 sync_batch_size=100 processed_result=110500, speed=1842.29/s totalWork=7
2021-07-09 16:33:22,951 INFO  [DNFCalculating] log_result_queue_info:1367: calc#1: 排行: try_fetch_result_in_background remaining_qize=10 sync_batch_size=100 processed_result=110900, speed=1833.03/s totalWork=7
2021-07-09 16:33:22,953 INFO  [DNFCalculating] log_result_queue_info:1367: calc#1: 排行: try_fetch_result periodly report remaining_qize=9 sync_batch_size=100 processed_result=111000, speed=1834.62/s totalWork=7
2021-07-09 16:33:23,472 INFO  [DNFCalculating] log_result_queue_info:1367: calc#1: 排行: try_fetch_result_in_background remaining_qize=6 sync_batch_size=100 processed_result=111900, speed=1833.74/s totalWork=7
2021-07-09 16:33:23,474 INFO  [DNFCalculating] log_result_queue_info:1367: calc#1: 排行: try_fetch_result periodly report remaining_qize=5 sync_batch_size=100 processed_result=112000, speed=1835.33/s totalWork=7
2021-07-09 16:33:23,995 INFO  [DNFCalculating] log_result_queue_info:1367: calc#1: 排行: try_fetch_result_in_background remaining_qize=7 sync_batch_size=100 processed_result=112500, speed=1827.93/s totalWork=7
2021-07-09 16:33:23,997 INFO  [DNFCalculating] log_result_queue_info:1367: calc#1: 排行: try_fetch_result periodly report remaining_qize=6 sync_batch_size=100 processed_result=112600, speed=1829.48/s totalWork=7
2021-07-09 16:33:24,003 INFO  [DNFCalculating] log_result_queue_info:1367: calc#1: 排行: try_fetch_result periodly report remaining_qize=2 sync_batch_size=100 processed_result=113000, speed=1835.82/s totalWork=7
2021-07-09 16:33:24,518 INFO  [DNFCalculating] log_result_queue_info:1367: calc#1: 排行: try_fetch_result_in_background remaining_qize=8 sync_batch_size=100 processed_result=113200, speed=1823.80/s totalWork=7
2021-07-09 16:33:24,520 INFO  [DNFCalculating] log_result_queue_info:1367: calc#1: 排行: try_fetch_result periodly report remaining_qize=7 sync_batch_size=100 processed_result=113300, speed=1825.35/s totalWork=7
2021-07-09 16:33:24,528 INFO  [DNFCalculating] log_result_queue_info:1367: calc#1: 排行: try_fetch_result periodly report remaining_qize=0 sync_batch_size=100 processed_result=114000, speed=1836.38/s totalWork=7
2021-07-09 16:33:25,040 INFO  [DNFCalculating] log_result_queue_info:1367: calc#1: 排行: try_fetch_result_in_background remaining_qize=8 sync_batch_size=100 processed_result=114000, speed=1821.36/s totalWork=7
2021-07-09 16:33:25,042 INFO  [DNFCalculating] log_result_queue_info:1367: calc#1: 排行: try_fetch_result periodly report remaining_qize=7 sync_batch_size=100 processed_result=114100, speed=1822.90/s totalWork=7
2021-07-09 16:33:25,564 INFO  [DNFCalculating] log_result_queue_info:1367: calc#1: 排行: try_fetch_result_in_background remaining_qize=9 sync_batch_size=100 processed_result=114800, speed=1818.93/s totalWork=7
2021-07-09 16:33:25,566 INFO  [DNFCalculating] log_result_queue_info:1367: calc#1: 排行: try_fetch_result periodly report remaining_qize=8 sync_batch_size=100 processed_result=114900, speed=1820.46/s totalWork=7
2021-07-09 16:33:25,568 INFO  [DNFCalculating] log_result_queue_info:1367: calc#1: 排行: try_fetch_result periodly report remaining_qize=7 sync_batch_size=100 processed_result=115000, speed=1822.00/s totalWork=7
2021-07-09 16:33:26,086 INFO  [DNFCalculating] log_result_queue_info:1367: calc#1: 排行: try_fetch_result_in_background remaining_qize=8 sync_batch_size=100 processed_result=115700, speed=1818.15/s totalWork=7
2021-07-09 16:33:26,088 INFO  [DNFCalculating] log_result_queue_info:1367: calc#1: 排行: try_fetch_result periodly report remaining_qize=7 sync_batch_size=100 processed_result=115800, speed=1819.66/s totalWork=7
2021-07-09 16:33:26,091 INFO  [DNFCalculating] log_result_queue_info:1367: calc#1: 排行: try_fetch_result periodly report remaining_qize=5 sync_batch_size=100 processed_result=116000, speed=1822.72/s totalWork=7
2021-07-09 16:33:26,610 INFO  [DNFCalculating] log_result_queue_info:1367: calc#1: 排行: try_fetch_result_in_background remaining_qize=7 sync_batch_size=100 processed_result=116500, speed=1815.77/s totalWork=7
2021-07-09 16:33:26,612 INFO  [DNFCalculating] log_result_queue_info:1367: calc#1: 排行: try_fetch_result periodly report remaining_qize=6 sync_batch_size=100 processed_result=116600, speed=1817.28/s totalWork=7
2021-07-09 16:33:26,617 INFO  [DNFCalculating] log_result_queue_info:1367: calc#1: 排行: try_fetch_result periodly report remaining_qize=2 sync_batch_size=100 processed_result=117000, speed=1823.35/s totalWork=7
2021-07-09 16:33:27,131 INFO  [DNFCalculating] log_result_queue_info:1367: calc#1: 排行: try_fetch_result_in_background remaining_qize=7 sync_batch_size=100 processed_result=117200, speed=1811.95/s totalWork=7
2021-07-09 16:33:27,134 INFO  [DNFCalculating] log_result_queue_info:1367: calc#1: 排行: try_fetch_result periodly report remaining_qize=6 sync_batch_size=100 processed_result=117300, speed=1813.41/s totalWork=7
2021-07-09 16:33:27,143 INFO  [DNFCalculating] log_result_queue_info:1367: calc#1: 排行: try_fetch_result periodly report remaining_qize=0 sync_batch_size=100 processed_result=118000, speed=1823.98/s totalWork=7
2021-07-09 16:33:27,654 INFO  [DNFCalculating] log_result_queue_info:1367: calc#1: 排行: try_fetch_result_in_background remaining_qize=11 sync_batch_size=100 processed_result=118000, speed=1809.69/s totalWork=7
2021-07-09 16:33:27,656 INFO  [DNFCalculating] log_result_queue_info:1367: calc#1: 排行: try_fetch_result periodly report remaining_qize=10 sync_batch_size=100 processed_result=118100, speed=1811.17/s totalWork=7
2021-07-09 16:33:27,668 INFO  [DNFCalculating] log_result_queue_info:1367: calc#1: 排行: try_fetch_result periodly report remaining_qize=1 sync_batch_size=100 processed_result=119000, speed=1824.65/s totalWork=7
2021-07-09 16:33:28,177 INFO  [DNFCalculating] log_result_queue_info:1367: calc#1: 排行: try_fetch_result_in_background remaining_qize=7 sync_batch_size=100 processed_result=119100, speed=1812.03/s totalWork=7
2021-07-09 16:33:28,179 INFO  [DNFCalculating] log_result_queue_info:1367: calc#1: 排行: try_fetch_result periodly report remaining_qize=6 sync_batch_size=100 processed_result=119200, speed=1813.48/s totalWork=7
2021-07-09 16:33:28,700 INFO  [DNFCalculating] log_result_queue_info:1367: calc#1: 排行: try_fetch_result_in_background remaining_qize=7 sync_batch_size=100 processed_result=119800, speed=1808.31/s totalWork=7
2021-07-09 16:33:28,701 INFO  [DNFCalculating] log_result_queue_info:1367: calc#1: 排行: try_fetch_result periodly report remaining_qize=6 sync_batch_size=100 processed_result=119900, speed=1809.77/s totalWork=7
2021-07-09 16:33:28,703 INFO  [DNFCalculating] log_result_queue_info:1367: calc#1: 排行: try_fetch_result periodly report remaining_qize=5 sync_batch_size=100 processed_result=120000, speed=1811.22/s totalWork=7
2021-07-09 16:33:29,222 INFO  [DNFCalculating] log_result_queue_info:1367: calc#1: 排行: try_fetch_result_in_background remaining_qize=9 sync_batch_size=100 processed_result=120500, speed=1804.65/s totalWork=7
2021-07-09 16:33:29,224 INFO  [DNFCalculating] log_result_queue_info:1367: calc#1: 排行: try_fetch_result periodly report remaining_qize=8 sync_batch_size=100 processed_result=120600, speed=1806.09/s totalWork=7
2021-07-09 16:33:29,228 INFO  [DNFCalculating] log_result_queue_info:1367: calc#1: 排行: try_fetch_result periodly report remaining_qize=4 sync_batch_size=100 processed_result=121000, speed=1811.95/s totalWork=7
2021-07-09 16:33:29,745 INFO  [DNFCalculating] log_result_queue_info:1367: calc#1: 排行: try_fetch_result_in_background remaining_qize=7 sync_batch_size=100 processed_result=121400, speed=1803.99/s totalWork=7
2021-07-09 16:33:29,746 INFO  [DNFCalculating] log_result_queue_info:1367: calc#1: 排行: try_fetch_result periodly report remaining_qize=6 sync_batch_size=100 processed_result=121500, speed=1805.44/s totalWork=7
2021-07-09 16:33:29,753 INFO  [DNFCalculating] log_result_queue_info:1367: calc#1: 排行: try_fetch_result periodly report remaining_qize=1 sync_batch_size=100 processed_result=122000, speed=1812.69/s totalWork=7
2021-07-09 16:33:30,268 INFO  [DNFCalculating] log_result_queue_info:1367: calc#1: 排行: try_fetch_result_in_background remaining_qize=7 sync_batch_size=100 processed_result=122100, speed=1800.41/s totalWork=7
2021-07-09 16:33:30,270 INFO  [DNFCalculating] log_result_queue_info:1367: calc#1: 排行: try_fetch_result periodly report remaining_qize=6 sync_batch_size=100 processed_result=122200, speed=1801.83/s totalWork=7
2021-07-09 16:33:30,790 INFO  [DNFCalculating] log_result_queue_info:1367: calc#1: 排行: try_fetch_result_in_background remaining_qize=7 sync_batch_size=100 processed_result=122800, speed=1796.89/s totalWork=7
2021-07-09 16:33:30,792 INFO  [DNFCalculating] log_result_queue_info:1367: calc#1: 排行: try_fetch_result periodly report remaining_qize=6 sync_batch_size=100 processed_result=122900, speed=1798.30/s totalWork=7
2021-07-09 16:33:30,793 INFO  [DNFCalculating] log_result_queue_info:1367: calc#1: 排行: try_fetch_result periodly report remaining_qize=5 sync_batch_size=100 processed_result=123000, speed=1799.73/s totalWork=7
2021-07-09 16:33:31,313 INFO  [DNFCalculating] log_result_queue_info:1367: calc#1: 排行: try_fetch_result_in_background remaining_qize=8 sync_batch_size=100 processed_result=123500, speed=1793.40/s totalWork=7
2021-07-09 16:33:31,315 INFO  [DNFCalculating] log_result_queue_info:1367: calc#1: 排行: try_fetch_result periodly report remaining_qize=7 sync_batch_size=100 processed_result=123600, speed=1794.80/s totalWork=7
2021-07-09 16:33:31,320 INFO  [DNFCalculating] log_result_queue_info:1367: calc#1: 排行: try_fetch_result periodly report remaining_qize=3 sync_batch_size=100 processed_result=124000, speed=1800.49/s totalWork=7
2021-07-09 16:33:31,836 INFO  [DNFCalculating] log_result_queue_info:1367: calc#1: 排行: try_fetch_result_in_background remaining_qize=8 sync_batch_size=100 processed_result=124300, speed=1791.43/s totalWork=7
2021-07-09 16:33:31,838 INFO  [DNFCalculating] log_result_queue_info:1367: calc#1: 排行: try_fetch_result periodly report remaining_qize=7 sync_batch_size=100 processed_result=124400, speed=1792.81/s totalWork=7
2021-07-09 16:33:31,846 INFO  [DNFCalculating] log_result_queue_info:1367: calc#1: 排行: try_fetch_result periodly report remaining_qize=1 sync_batch_size=100 processed_result=125000, speed=1801.25/s totalWork=7
2021-07-09 16:33:32,359 INFO  [DNFCalculating] log_result_queue_info:1367: calc#1: 排行: try_fetch_result_in_background remaining_qize=7 sync_batch_size=100 processed_result=125100, speed=1789.47/s totalWork=7
2021-07-09 16:33:32,361 INFO  [DNFCalculating] log_result_queue_info:1367: calc#1: 排行: try_fetch_result periodly report remaining_qize=6 sync_batch_size=100 processed_result=125200, speed=1790.85/s totalWork=7
2021-07-09 16:33:32,882 INFO  [DNFCalculating] log_result_queue_info:1367: calc#1: 排行: try_fetch_result_in_background remaining_qize=9 sync_batch_size=100 processed_result=125800, speed=1786.13/s totalWork=7
2021-07-09 16:33:32,884 INFO  [DNFCalculating] log_result_queue_info:1367: calc#1: 排行: try_fetch_result periodly report remaining_qize=8 sync_batch_size=100 processed_result=125900, speed=1787.49/s totalWork=7
2021-07-09 16:33:32,886 INFO  [DNFCalculating] log_result_queue_info:1367: calc#1: 排行: try_fetch_result periodly report remaining_qize=7 sync_batch_size=100 processed_result=126000, speed=1788.86/s totalWork=7
2021-07-09 16:33:33,404 INFO  [DNFCalculating] log_result_queue_info:1367: calc#1: 排行: try_fetch_result_in_background remaining_qize=7 sync_batch_size=100 processed_result=126700, speed=1785.66/s totalWork=7
2021-07-09 16:33:33,406 INFO  [DNFCalculating] log_result_queue_info:1367: calc#1: 排行: try_fetch_result periodly report remaining_qize=6 sync_batch_size=100 processed_result=126800, speed=1787.01/s totalWork=7
2021-07-09 16:33:33,409 INFO  [DNFCalculating] log_result_queue_info:1367: calc#1: 排行: try_fetch_result periodly report remaining_qize=4 sync_batch_size=100 processed_result=127000, speed=1789.75/s totalWork=7
2021-07-09 16:33:33,927 INFO  [DNFCalculating] log_result_queue_info:1367: calc#1: 排行: try_fetch_result_in_background remaining_qize=9 sync_batch_size=100 processed_result=127400, speed=1782.39/s totalWork=7
2021-07-09 16:33:33,929 INFO  [DNFCalculating] log_result_queue_info:1367: calc#1: 排行: try_fetch_result periodly report remaining_qize=8 sync_batch_size=100 processed_result=127500, speed=1783.74/s totalWork=7
2021-07-09 16:33:33,936 INFO  [DNFCalculating] log_result_queue_info:1367: calc#1: 排行: try_fetch_result periodly report remaining_qize=3 sync_batch_size=100 processed_result=128000, speed=1790.56/s totalWork=7
2021-07-09 16:33:34,449 INFO  [DNFCalculating] log_result_queue_info:1367: calc#1: 排行: try_fetch_result_in_background remaining_qize=8 sync_batch_size=100 processed_result=128300, speed=1781.95/s totalWork=7
2021-07-09 16:33:34,451 INFO  [DNFCalculating] log_result_queue_info:1367: calc#1: 排行: try_fetch_result periodly report remaining_qize=7 sync_batch_size=100 processed_result=128400, speed=1783.29/s totalWork=7
2021-07-09 16:33:34,459 INFO  [DNFCalculating] log_result_queue_info:1367: calc#1: 排行: try_fetch_result periodly report remaining_qize=1 sync_batch_size=100 processed_result=129000, speed=1791.44/s totalWork=7
2021-07-09 16:33:34,973 INFO  [DNFCalculating] log_result_queue_info:1367: calc#1: 排行: try_fetch_result_in_background remaining_qize=5 sync_batch_size=100 processed_result=129100, speed=1780.14/s totalWork=7
2021-07-09 16:33:34,974 INFO  [DNFCalculating] log_result_queue_info:1367: calc#1: 排行: try_fetch_result periodly report remaining_qize=4 sync_batch_size=100 processed_result=129200, speed=1781.47/s totalWork=7
2021-07-09 16:33:35,495 INFO  [DNFCalculating] log_result_queue_info:1367: calc#1: 排行: try_fetch_result_in_background remaining_qize=10 sync_batch_size=100 processed_result=129600, speed=1774.24/s totalWork=7
2021-07-09 16:33:35,497 INFO  [DNFCalculating] log_result_queue_info:1367: calc#1: 排行: try_fetch_result periodly report remaining_qize=9 sync_batch_size=100 processed_result=129700, speed=1775.55/s totalWork=7
2021-07-09 16:33:35,502 INFO  [DNFCalculating] log_result_queue_info:1367: calc#1: 排行: try_fetch_result periodly report remaining_qize=6 sync_batch_size=100 processed_result=130000, speed=1779.54/s totalWork=7
2021-07-09 16:33:36,018 INFO  [DNFCalculating] log_result_queue_info:1367: calc#1: 排行: try_fetch_result_in_background remaining_qize=7 sync_batch_size=100 processed_result=130600, speed=1775.23/s totalWork=7
2021-07-09 16:33:36,020 INFO  [DNFCalculating] log_result_queue_info:1367: calc#1: 排行: try_fetch_result periodly report remaining_qize=6 sync_batch_size=100 processed_result=130700, speed=1776.54/s totalWork=7
2021-07-09 16:33:36,024 INFO  [DNFCalculating] log_result_queue_info:1367: calc#1: 排行: try_fetch_result periodly report remaining_qize=3 sync_batch_size=100 processed_result=131000, speed=1780.51/s totalWork=7
2021-07-09 16:33:36,541 INFO  [DNFCalculating] log_result_queue_info:1367: calc#1: 排行: try_fetch_result_in_background remaining_qize=5 sync_batch_size=100 processed_result=131300, speed=1772.15/s totalWork=7
2021-07-09 16:33:36,544 INFO  [DNFCalculating] log_result_queue_info:1367: calc#1: 排行: try_fetch_result periodly report remaining_qize=4 sync_batch_size=100 processed_result=131400, speed=1773.43/s totalWork=7
2021-07-09 16:33:37,063 INFO  [DNFCalculating] log_result_queue_info:1367: calc#1: 排行: try_fetch_result_in_background remaining_qize=10 sync_batch_size=100 processed_result=131800, speed=1766.43/s totalWork=7
2021-07-09 16:33:37,073 INFO  [DNFCalculating] log_result_queue_info:1367: calc#1: 排行: try_fetch_result periodly report remaining_qize=9 sync_batch_size=100 processed_result=131900, speed=1767.54/s totalWork=7
2021-07-09 16:33:37,079 INFO  [DNFCalculating] log_result_queue_info:1367: calc#1: 排行: try_fetch_result periodly report remaining_qize=8 sync_batch_size=100 processed_result=132000, speed=1768.75/s totalWork=7
2021-07-09 16:33:37,601 INFO  [DNFCalculating] log_result_queue_info:1367: calc#1: 排行: try_fetch_result_in_background remaining_qize=7 sync_batch_size=100 processed_result=132800, speed=1767.10/s totalWork=7
2021-07-09 16:33:37,603 INFO  [DNFCalculating] log_result_queue_info:1367: calc#1: 排行: try_fetch_result periodly report remaining_qize=6 sync_batch_size=100 processed_result=132900, speed=1768.38/s totalWork=7
2021-07-09 16:33:37,605 INFO  [DNFCalculating] log_result_queue_info:1367: calc#1: 排行: try_fetch_result periodly report remaining_qize=5 sync_batch_size=100 processed_result=133000, speed=1769.67/s totalWork=7
2021-07-09 16:33:38,124 INFO  [DNFCalculating] log_result_queue_info:1367: calc#1: 排行: try_fetch_result_in_background remaining_qize=10 sync_batch_size=100 processed_result=133500, speed=1764.14/s totalWork=7
2021-07-09 16:33:38,126 INFO  [DNFCalculating] log_result_queue_info:1367: calc#1: 排行: try_fetch_result periodly report remaining_qize=9 sync_batch_size=100 processed_result=133600, speed=1765.42/s totalWork=7
2021-07-09 16:33:38,132 INFO  [DNFCalculating] log_result_queue_info:1367: calc#1: 排行: try_fetch_result periodly report remaining_qize=5 sync_batch_size=100 processed_result=134000, speed=1770.56/s totalWork=7
2021-07-09 16:33:38,647 INFO  [DNFCalculating] log_result_queue_info:1367: calc#1: 排行: try_fetch_result_in_background remaining_qize=8 sync_batch_size=100 processed_result=134500, speed=1765.16/s totalWork=7
2021-07-09 16:33:38,649 INFO  [DNFCalculating] log_result_queue_info:1367: calc#1: 排行: try_fetch_result periodly report remaining_qize=7 sync_batch_size=100 processed_result=134600, speed=1766.43/s totalWork=7
2021-07-09 16:33:38,654 INFO  [DNFCalculating] log_result_queue_info:1367: calc#1: 排行: try_fetch_result periodly report remaining_qize=3 sync_batch_size=100 processed_result=135000, speed=1771.55/s totalWork=7
2021-07-09 16:33:39,169 INFO  [DNFCalculating] log_result_queue_info:1367: calc#1: 排行: try_fetch_result_in_background remaining_qize=7 sync_batch_size=100 processed_result=135300, speed=1763.56/s totalWork=7
2021-07-09 16:33:39,172 INFO  [DNFCalculating] log_result_queue_info:1367: calc#1: 排行: try_fetch_result periodly report remaining_qize=6 sync_batch_size=100 processed_result=135400, speed=1764.81/s totalWork=7
2021-07-09 16:33:39,179 INFO  [DNFCalculating] log_result_queue_info:1367: calc#1: 排行: try_fetch_result periodly report remaining_qize=1 sync_batch_size=100 processed_result=136000, speed=1772.46/s totalWork=7
2021-07-09 16:33:39,692 INFO  [DNFCalculating] log_result_queue_info:1367: calc#1: 排行: try_fetch_result_in_background remaining_qize=9 sync_batch_size=100 processed_result=136100, speed=1761.98/s totalWork=7
2021-07-09 16:33:39,695 INFO  [DNFCalculating] log_result_queue_info:1367: calc#1: 排行: try_fetch_result periodly report remaining_qize=8 sync_batch_size=100 processed_result=136200, speed=1763.23/s totalWork=7
2021-07-09 16:33:39,705 INFO  [DNFCalculating] log_result_queue_info:1367: calc#1: 排行: try_fetch_result periodly report remaining_qize=0 sync_batch_size=100 processed_result=137000, speed=1773.34/s totalWork=7
2021-07-09 16:33:40,215 INFO  [DNFCalculating] log_result_queue_info:1367: calc#1: 排行: try_fetch_result_in_background remaining_qize=10 sync_batch_size=100 processed_result=137000, speed=1761.71/s totalWork=7
2021-07-09 16:33:40,218 INFO  [DNFCalculating] log_result_queue_info:1367: calc#1: 排行: try_fetch_result periodly report remaining_qize=9 sync_batch_size=100 processed_result=137100, speed=1762.93/s totalWork=7
2021-07-09 16:33:40,229 INFO  [DNFCalculating] log_result_queue_info:1367: calc#1: 排行: try_fetch_result periodly report remaining_qize=0 sync_batch_size=100 processed_result=138000, speed=1774.25/s totalWork=7
2021-07-09 16:33:40,738 INFO  [DNFCalculating] log_result_queue_info:1367: calc#1: 排行: try_fetch_result_in_background remaining_qize=8 sync_batch_size=100 processed_result=138000, speed=1762.72/s totalWork=7
2021-07-09 16:33:40,739 INFO  [DNFCalculating] log_result_queue_info:1367: calc#1: 排行: try_fetch_result periodly report remaining_qize=7 sync_batch_size=100 processed_result=138035, speed=1763.13/s totalWork=7
2021-07-09 16:33:41,261 INFO  [DNFCalculating] log_result_queue_info:1367: calc#1: 排行: try_fetch_result_in_background remaining_qize=7 sync_batch_size=100 processed_result=138735, speed=1760.35/s totalWork=7
2021-07-09 16:33:41,262 INFO  [DNFCalculating] log_result_queue_info:1367: calc#1: 排行: try_fetch_result periodly report remaining_qize=6 sync_batch_size=100 processed_result=138835, speed=1761.58/s totalWork=7
2021-07-09 16:33:41,266 INFO  [DNFCalculating] log_result_queue_info:1367: calc#1: 排行: try_fetch_result periodly report remaining_qize=4 sync_batch_size=100 processed_result=139035, speed=1764.05/s totalWork=7
2021-07-09 16:33:41,783 INFO  [DNFCalculating] log_result_queue_info:1367: calc#1: 排行: try_fetch_result_in_background remaining_qize=9 sync_batch_size=100 processed_result=139435, speed=1757.59/s totalWork=7
2021-07-09 16:33:41,785 INFO  [DNFCalculating] log_result_queue_info:1367: calc#1: 排行: try_fetch_result periodly report remaining_qize=8 sync_batch_size=100 processed_result=139535, speed=1758.81/s totalWork=7
2021-07-09 16:33:41,792 INFO  [DNFCalculating] log_result_queue_info:1367: calc#1: 排行: try_fetch_result periodly report remaining_qize=3 sync_batch_size=100 processed_result=140035, speed=1764.95/s totalWork=7
2021-07-09 16:33:42,306 INFO  [DNFCalculating] log_result_queue_info:1367: calc#1: 排行: try_fetch_result_in_background remaining_qize=8 sync_batch_size=100 processed_result=140270, speed=1756.53/s totalWork=7
2021-07-09 16:33:42,308 INFO  [DNFCalculating] log_result_queue_info:1367: calc#1: 排行: try_fetch_result periodly report remaining_qize=7 sync_batch_size=100 processed_result=140370, speed=1757.75/s totalWork=7
2021-07-09 16:33:42,316 INFO  [DNFCalculating] log_result_queue_info:1367: calc#1: 排行: try_fetch_result periodly report remaining_qize=0 sync_batch_size=100 processed_result=141004, speed=1765.50/s totalWork=7
2021-07-09 16:33:42,828 INFO  [DNFCalculating] log_result_queue_info:1367: calc#1: 排行: try_fetch_result_in_background remaining_qize=6 sync_batch_size=100 processed_result=141004, speed=1754.24/s totalWork=7
2021-07-09 16:33:42,831 INFO  [DNFCalculating] log_result_queue_info:1367: calc#1: 排行: try_fetch_result periodly report remaining_qize=5 sync_batch_size=100 processed_result=141104, speed=1755.45/s totalWork=7
2021-07-09 16:33:43,351 INFO  [DNFCalculating] log_result_queue_info:1367: calc#1: 排行: try_fetch_result_in_background remaining_qize=8 sync_batch_size=100 processed_result=141604, speed=1750.32/s totalWork=7
2021-07-09 16:33:43,353 INFO  [DNFCalculating] log_result_queue_info:1367: calc#1: 排行: try_fetch_result periodly report remaining_qize=7 sync_batch_size=100 processed_result=141704, speed=1751.52/s totalWork=7
2021-07-09 16:33:43,358 INFO  [DNFCalculating] log_result_queue_info:1367: calc#1: 排行: try_fetch_result periodly report remaining_qize=4 sync_batch_size=100 processed_result=142004, speed=1755.13/s totalWork=7
2021-07-09 16:33:43,874 INFO  [DNFCalculating] log_result_queue_info:1367: calc#1: 排行: try_fetch_result_in_background remaining_qize=7 sync_batch_size=100 processed_result=142338, speed=1748.10/s totalWork=7
2021-07-09 16:33:43,876 INFO  [DNFCalculating] log_result_queue_info:1367: calc#1: 排行: try_fetch_result periodly report remaining_qize=6 sync_batch_size=100 processed_result=142438, speed=1749.29/s totalWork=7
2021-07-09 16:33:44,011 WARNI [DNFCalculating] 计算线程:1476: 所有工作线程均已完成计算，总计用时=01m22.19s
2021-07-09 16:33:44,383 INFO  [DNFCalculating] log_result_queue_info:1367: calc#1: 排行: after join remaining_qize=2 sync_batch_size=100 processed_result=142906, speed=1744.18/s totalWork=7
2021-07-09 16:33:44,384 INFO  [DNFCalculating] log_result_queue_info:1367: calc#1: 排行: try_fetch_result periodly report remaining_qize=1 sync_batch_size=100 processed_result=143006, speed=1745.37/s totalWork=7
2021-07-09 16:33:44,386 INFO  [DNFCalculating] log_result_queue_info:1367: calc#1: 排行: after final remaining_qize=0 sync_batch_size=100 processed_result=143040, speed=1745.76/s totalWork=7
