2021-05-08 23:45:06,793 DEBUG [urllib3.connectionpool] _new_conn:971: Starting new HTTPS connection (1): pan.lanzous.com:443
2021-05-08 23:45:07,128 DEBUG [urllib3.connectionpool] _make_request:452: https://pan.lanzous.com:443 "GET /b01bfj76f HTTP/1.1" 200 None
2021-05-08 23:45:07,151 DEBUG [urllib3.connectionpool] _new_conn:971: Starting new HTTPS connection (1): pan.lanzous.com:443
2021-05-08 23:45:07,483 DEBUG [urllib3.connectionpool] _make_request:452: https://pan.lanzous.com:443 "GET /b01bfj76f HTTP/1.1" 200 None
2021-05-08 23:45:07,507 DEBUG [urllib3.connectionpool] _new_conn:971: Starting new HTTPS connection (1): pan.lanzous.com:443
2021-05-08 23:45:07,719 DEBUG [urllib3.connectionpool] _make_request:452: https://pan.lanzous.com:443 "POST /filemoreajax.php HTTP/1.1" 200 None
2021-05-08 23:45:08,422 DEBUG [urllib3.connectionpool] _make_request:452: https://pan.lanzous.com:443 "POST /filemoreajax.php HTTP/1.1" 200 None
2021-05-08 23:45:09,231 DEBUG [urllib3.connectionpool] _make_request:452: https://pan.lanzous.com:443 "POST /filemoreajax.php HTTP/1.1" 200 None
2021-05-08 23:45:16,000 DEBUG [urllib3.connectionpool] _new_conn:971: Starting new HTTPS connection (1): pan.lanzous.com:443
2021-05-08 23:45:16,297 DEBUG [urllib3.connectionpool] _make_request:452: https://pan.lanzous.com:443 "GET /b01bfj76f HTTP/1.1" 200 None
2021-05-08 23:45:16,320 DEBUG [urllib3.connectionpool] _new_conn:971: Starting new HTTPS connection (1): pan.lanzous.com:443
2021-05-08 23:45:17,398 DEBUG [urllib3.connectionpool] _make_request:452: https://pan.lanzous.com:443 "GET /b01bfj76f HTTP/1.1" 200 None
2021-05-08 23:45:17,428 DEBUG [urllib3.connectionpool] _new_conn:971: Starting new HTTPS connection (1): pan.lanzous.com:443
2021-05-08 23:45:17,786 DEBUG [urllib3.connectionpool] _make_request:452: https://pan.lanzous.com:443 "POST /filemoreajax.php HTTP/1.1" 200 None
2021-05-08 23:45:18,487 DEBUG [urllib3.connectionpool] _make_request:452: https://pan.lanzous.com:443 "POST /filemoreajax.php HTTP/1.1" 200 None
2021-05-08 23:45:19,212 DEBUG [urllib3.connectionpool] _make_request:452: https://pan.lanzous.com:443 "POST /filemoreajax.php HTTP/1.1" 200 None
2021-05-08 23:45:22,688 DEBUG [urllib3.connectionpool] _new_conn:971: Starting new HTTPS connection (1): pan.lanzous.com:443
2021-05-08 23:45:23,009 DEBUG [urllib3.connectionpool] _make_request:452: https://pan.lanzous.com:443 "GET /iemssoo0sde HTTP/1.1" 200 None
2021-05-08 23:45:23,105 DEBUG [urllib3.connectionpool] _make_request:452: https://pan.lanzous.com:443 "GET /fn?BGICaFsyUjVTNAtoUTwFNVc4UmNfJgt9UmgHMFI4VGdQYAVmXDlQPVUwA2dXMAEmAy8GPgNtASVRIVAzUmwAcgRtAjJbaFJtU2ALJFE4BVZXWFIGX3g_c HTTP/1.1" 200 None
2021-05-08 23:45:23,209 DEBUG [urllib3.connectionpool] _make_request:452: https://pan.lanzous.com:443 "POST /ajaxm.php HTTP/1.1" 200 None
2021-05-08 23:45:23,212 DEBUG [urllib3.connectionpool] _new_conn:971: Starting new HTTPS connection (1): vip.d0.baidupan.com:443
2021-05-08 23:45:23,444 DEBUG [urllib3.connectionpool] _make_request:452: https://vip.d0.baidupan.com:443 "GET /file/?A2VSbAEwDz4DClRsAjcBbVBvAjpWTVAcVhdUulGjUfEC5Qf+C8FQ4QTLBvgHY1diUiYBNwJtBysCf1U6Un5VcgNlUmwBMA8+AwpUawIyAT1QPgI0VjhQZ1ZoVGNROFFkAiQHNgslUDkEZwZmB2VXb1I5AT0CbAc2AiNVI1J+VWkDMVI1AW4PagN6VDICYgEvUDkCN1YmUGFWZ1Q0UThRNgI7BzULYlAzBGcGMQdiV2NSPwEyAjgHPQJkVTVSalViA2FSPQE6D2sDNlQwAm8BZlBoAjZWPlB8VitUO1F9UXYCdwcjCzNQdgQ7BjQHbldnUjwBMQJrBz0CM1VnUihVIANqUmgBOQ89A2hUMwJgATJQOgIzVjFQa1ZmVGBRPlF+AiwHdgswUGgEJQZtB2JXYFI6ATQCaQc9Aj1VZFI/VW0DJVJwASwPLANoVDMCYAExUDMCMFY+UGBWaFRlUTtRdgJ3BzkLJlA5BGMGaAdgV3hSOgE3AmQHKwI3VWZSOlV6AzFSNgFk HTTP/1.1" 302 None
2021-05-08 23:45:23,446 DEBUG [urllib3.connectionpool] _new_conn:971: Starting new HTTPS connection (1): dev-061.baidupan.com:443
2021-05-08 23:45:23,676 DEBUG [urllib3.connectionpool] _make_request:452: https://dev-061.baidupan.com:443 "GET /648586d93fbf9f16475d7a718d7f22a3/1620488723/2021/04/30/36f5f9e475a1576e8afd6b8f0c29fb17.zip?filename=DNF%E8%AE%A1%E7%AE%97%E5%99%A804.30.zip HTTP/1.1" 200 56691913
2021-05-08 23:45:23,678 DEBUG [urllib3.connectionpool] _new_conn:971: Starting new HTTPS connection (2): dev-061.baidupan.com:443
2021-05-08 23:45:23,849 DEBUG [urllib3.connectionpool] _make_request:452: https://dev-061.baidupan.com:443 "GET /648586d93fbf9f16475d7a718d7f22a3/1620488723/2021/04/30/36f5f9e475a1576e8afd6b8f0c29fb17.zip?filename=DNF%E8%AE%A1%E7%AE%97%E5%99%A804.30.zip HTTP/1.1" 206 56691913
