2021-07-09 10:38:32,106 DEBUG [urllib3.connectionpool] _new_conn:971: Starting new HTTPS connection (1): pan.lanzous.com:443
2021-07-09 10:38:32,179 DEBUG [urllib3.connectionpool] _new_conn:971: Starting new HTTPS connection (1): pan.lanzous.com:443
2021-07-09 10:39:22,221 INFO  [DNFCalculating] 计算线程:1354: 开始计算
2021-07-09 10:39:23,061 INFO  [DNFCalculating] log_result_queue_info:1367: calc#1: 排行: try_fetch_result_in_background remaining_qize=0 sync_batch_size=100 processed_result=0, speed=0.00/s totalWork=0
2021-07-09 10:39:23,675 INFO  [DNFCalculating] log_result_queue_info:1367: calc#1: 排行: try_fetch_result_in_background remaining_qize=0 sync_batch_size=100 processed_result=0, speed=0.00/s totalWork=0
2021-07-09 10:39:24,321 INFO  [DNFCalculating] log_result_queue_info:1367: calc#1: 排行: try_fetch_result_in_background remaining_qize=0 sync_batch_size=100 processed_result=0, speed=0.00/s totalWork=7
2021-07-09 10:39:24,828 INFO  [DNFCalculating] log_result_queue_info:1367: calc#1: 排行: try_fetch_result_in_background remaining_qize=0 sync_batch_size=100 processed_result=0, speed=0.00/s totalWork=7
2021-07-09 10:39:25,335 INFO  [DNFCalculating] log_result_queue_info:1367: calc#1: 排行: try_fetch_result_in_background remaining_qize=3 sync_batch_size=100 processed_result=0, speed=0.00/s totalWork=7
2021-07-09 10:39:25,843 INFO  [DNFCalculating] log_result_queue_info:1367: calc#1: 排行: try_fetch_result_in_background remaining_qize=3 sync_batch_size=100 processed_result=300, speed=99.49/s totalWork=7
2021-07-09 10:39:26,350 INFO  [DNFCalculating] log_result_queue_info:1367: calc#1: 排行: try_fetch_result_in_background remaining_qize=6 sync_batch_size=100 processed_result=600, speed=170.31/s totalWork=7
2021-07-09 10:39:26,358 INFO  [DNFCalculating] log_result_queue_info:1367: calc#1: 排行: try_fetch_result periodly report remaining_qize=2 sync_batch_size=100 processed_result=1000, speed=283.24/s totalWork=7
2021-07-09 10:39:26,872 INFO  [DNFCalculating] log_result_queue_info:1367: calc#1: 排行: try_fetch_result_in_background remaining_qize=5 sync_batch_size=100 processed_result=1200, speed=296.67/s totalWork=7
2021-07-09 10:39:26,875 INFO  [DNFCalculating] log_result_queue_info:1367: calc#1: 排行: try_fetch_result periodly report remaining_qize=4 sync_batch_size=100 processed_result=1300, speed=321.20/s totalWork=7
2021-07-09 10:39:27,395 INFO  [DNFCalculating] log_result_queue_info:1367: calc#1: 排行: try_fetch_result_in_background remaining_qize=10 sync_batch_size=100 processed_result=1700, speed=372.14/s totalWork=7
2021-07-09 10:39:27,397 INFO  [DNFCalculating] log_result_queue_info:1367: calc#1: 排行: try_fetch_result periodly report remaining_qize=9 sync_batch_size=100 processed_result=1800, speed=393.86/s totalWork=7
2021-07-09 10:39:27,402 INFO  [DNFCalculating] log_result_queue_info:1367: calc#1: 排行: try_fetch_result periodly report remaining_qize=7 sync_batch_size=100 processed_result=2000, speed=437.19/s totalWork=7
2021-07-09 10:39:27,918 INFO  [DNFCalculating] log_result_queue_info:1367: calc#1: 排行: try_fetch_result_in_background remaining_qize=8 sync_batch_size=100 processed_result=2700, speed=530.38/s totalWork=7
2021-07-09 10:39:27,920 INFO  [DNFCalculating] log_result_queue_info:1367: calc#1: 排行: try_fetch_result periodly report remaining_qize=7 sync_batch_size=100 processed_result=2800, speed=549.78/s totalWork=7
2021-07-09 10:39:27,924 INFO  [DNFCalculating] log_result_queue_info:1367: calc#1: 排行: try_fetch_result periodly report remaining_qize=5 sync_batch_size=100 processed_result=3000, speed=588.65/s totalWork=7
2021-07-09 10:39:28,441 INFO  [DNFCalculating] log_result_queue_info:1367: calc#1: 排行: try_fetch_result_in_background remaining_qize=12 sync_batch_size=100 processed_result=3500, speed=623.53/s totalWork=7
2021-07-09 10:39:28,443 INFO  [DNFCalculating] log_result_queue_info:1367: calc#1: 排行: try_fetch_result periodly report remaining_qize=11 sync_batch_size=100 processed_result=3600, speed=641.06/s totalWork=7
2021-07-09 10:39:28,452 INFO  [DNFCalculating] log_result_queue_info:1367: calc#1: 排行: try_fetch_result periodly report remaining_qize=7 sync_batch_size=100 processed_result=4000, speed=711.22/s totalWork=7
2021-07-09 10:39:28,979 INFO  [DNFCalculating] log_result_queue_info:1367: calc#1: 排行: try_fetch_result_in_background remaining_qize=9 sync_batch_size=100 processed_result=4700, speed=764.06/s totalWork=7
2021-07-09 10:39:28,982 INFO  [DNFCalculating] log_result_queue_info:1367: calc#1: 排行: try_fetch_result periodly report remaining_qize=8 sync_batch_size=100 processed_result=4800, speed=779.93/s totalWork=7
2021-07-09 10:39:28,986 INFO  [DNFCalculating] log_result_queue_info:1367: calc#1: 排行: try_fetch_result periodly report remaining_qize=6 sync_batch_size=100 processed_result=5000, speed=811.90/s totalWork=7
2021-07-09 10:39:29,502 INFO  [DNFCalculating] log_result_queue_info:1367: calc#1: 排行: try_fetch_result_in_background remaining_qize=10 sync_batch_size=100 processed_result=5600, speed=838.99/s totalWork=7
2021-07-09 10:39:29,504 INFO  [DNFCalculating] log_result_queue_info:1367: calc#1: 排行: try_fetch_result periodly report remaining_qize=9 sync_batch_size=100 processed_result=5700, speed=853.71/s totalWork=7
2021-07-09 10:39:29,509 INFO  [DNFCalculating] log_result_queue_info:1367: calc#1: 排行: try_fetch_result periodly report remaining_qize=6 sync_batch_size=100 processed_result=6000, speed=897.91/s totalWork=7
2021-07-09 10:39:30,025 INFO  [DNFCalculating] log_result_queue_info:1367: calc#1: 排行: try_fetch_result_in_background remaining_qize=11 sync_batch_size=100 processed_result=6600, speed=916.99/s totalWork=7
2021-07-09 10:39:30,027 INFO  [DNFCalculating] log_result_queue_info:1367: calc#1: 排行: try_fetch_result periodly report remaining_qize=10 sync_batch_size=100 processed_result=6700, speed=930.56/s totalWork=7
2021-07-09 10:39:30,033 INFO  [DNFCalculating] log_result_queue_info:1367: calc#1: 排行: try_fetch_result periodly report remaining_qize=7 sync_batch_size=100 processed_result=7000, speed=971.43/s totalWork=7
2021-07-09 10:39:30,548 INFO  [DNFCalculating] log_result_queue_info:1367: calc#1: 排行: try_fetch_result_in_background remaining_qize=8 sync_batch_size=100 processed_result=7700, speed=997.44/s totalWork=7
2021-07-09 10:39:30,549 INFO  [DNFCalculating] log_result_queue_info:1367: calc#1: 排行: try_fetch_result periodly report remaining_qize=7 sync_batch_size=100 processed_result=7800, speed=1010.07/s totalWork=7
2021-07-09 10:39:30,554 INFO  [DNFCalculating] log_result_queue_info:1367: calc#1: 排行: try_fetch_result periodly report remaining_qize=6 sync_batch_size=100 processed_result=8000, speed=1035.44/s totalWork=7
2021-07-09 10:39:31,070 INFO  [DNFCalculating] log_result_queue_info:1367: calc#1: 排行: try_fetch_result_in_background remaining_qize=12 sync_batch_size=100 processed_result=8600, speed=1043.37/s totalWork=7
2021-07-09 10:39:31,072 INFO  [DNFCalculating] log_result_queue_info:1367: calc#1: 排行: try_fetch_result periodly report remaining_qize=11 sync_batch_size=100 processed_result=8700, speed=1055.18/s totalWork=7
2021-07-09 10:39:31,078 INFO  [DNFCalculating] log_result_queue_info:1367: calc#1: 排行: try_fetch_result periodly report remaining_qize=8 sync_batch_size=100 processed_result=9000, speed=1090.78/s totalWork=7
2021-07-09 10:39:31,593 INFO  [DNFCalculating] log_result_queue_info:1367: calc#1: 排行: try_fetch_result_in_background remaining_qize=9 sync_batch_size=100 processed_result=9800, speed=1118.11/s totalWork=7
2021-07-09 10:39:31,595 INFO  [DNFCalculating] log_result_queue_info:1367: calc#1: 排行: try_fetch_result periodly report remaining_qize=8 sync_batch_size=100 processed_result=9900, speed=1129.13/s totalWork=7
2021-07-09 10:39:31,597 INFO  [DNFCalculating] log_result_queue_info:1367: calc#1: 排行: try_fetch_result periodly report remaining_qize=7 sync_batch_size=100 processed_result=10000, speed=1140.28/s totalWork=7
2021-07-09 10:39:32,115 INFO  [DNFCalculating] log_result_queue_info:1367: calc#1: 排行: try_fetch_result_in_background remaining_qize=10 sync_batch_size=100 processed_result=10800, speed=1162.83/s totalWork=7
2021-07-09 10:39:32,118 INFO  [DNFCalculating] log_result_queue_info:1367: calc#1: 排行: try_fetch_result periodly report remaining_qize=9 sync_batch_size=100 processed_result=10900, speed=1173.23/s totalWork=7
2021-07-09 10:39:32,120 INFO  [DNFCalculating] log_result_queue_info:1367: calc#1: 排行: try_fetch_result periodly report remaining_qize=8 sync_batch_size=100 processed_result=11000, speed=1183.68/s totalWork=7
2021-07-09 10:39:32,638 INFO  [DNFCalculating] log_result_queue_info:1367: calc#1: 排行: try_fetch_result_in_background remaining_qize=10 sync_batch_size=100 processed_result=11800, speed=1202.75/s totalWork=7
2021-07-09 10:39:32,641 INFO  [DNFCalculating] log_result_queue_info:1367: calc#1: 排行: try_fetch_result periodly report remaining_qize=9 sync_batch_size=100 processed_result=11900, speed=1212.63/s totalWork=7
2021-07-09 10:39:32,643 INFO  [DNFCalculating] log_result_queue_info:1367: calc#1: 排行: try_fetch_result periodly report remaining_qize=8 sync_batch_size=100 processed_result=12000, speed=1222.58/s totalWork=7
2021-07-09 10:39:33,161 INFO  [DNFCalculating] log_result_queue_info:1367: calc#1: 排行: try_fetch_result_in_background remaining_qize=10 sync_batch_size=100 processed_result=12800, speed=1238.73/s totalWork=7
2021-07-09 10:39:33,163 INFO  [DNFCalculating] log_result_queue_info:1367: calc#1: 排行: try_fetch_result periodly report remaining_qize=10 sync_batch_size=100 processed_result=12900, speed=1248.11/s totalWork=7
2021-07-09 10:39:33,166 INFO  [DNFCalculating] log_result_queue_info:1367: calc#1: 排行: try_fetch_result periodly report remaining_qize=10 sync_batch_size=100 processed_result=13000, speed=1257.36/s totalWork=7
2021-07-09 10:39:33,183 INFO  [DNFCalculating] log_result_queue_info:1367: calc#1: 排行: try_fetch_result periodly report remaining_qize=0 sync_batch_size=100 processed_result=14000, speed=1351.88/s totalWork=7
2021-07-09 10:39:33,699 INFO  [DNFCalculating] log_result_queue_info:1367: calc#1: 排行: try_fetch_result_in_background remaining_qize=9 sync_batch_size=100 processed_result=14000, speed=1287.79/s totalWork=7
2021-07-09 10:39:33,702 INFO  [DNFCalculating] log_result_queue_info:1367: calc#1: 排行: try_fetch_result periodly report remaining_qize=8 sync_batch_size=100 processed_result=14100, speed=1296.64/s totalWork=7
2021-07-09 10:39:34,221 INFO  [DNFCalculating] log_result_queue_info:1367: calc#1: 排行: try_fetch_result_in_background remaining_qize=10 sync_batch_size=100 processed_result=14900, speed=1307.75/s totalWork=7
2021-07-09 10:39:34,223 INFO  [DNFCalculating] log_result_queue_info:1367: calc#1: 排行: try_fetch_result periodly report remaining_qize=9 sync_batch_size=100 processed_result=15000, speed=1316.24/s totalWork=7
2021-07-09 10:39:34,744 INFO  [DNFCalculating] log_result_queue_info:1367: calc#1: 排行: try_fetch_result_in_background remaining_qize=10 sync_batch_size=100 processed_result=15900, speed=1334.29/s totalWork=7
2021-07-09 10:39:34,746 INFO  [DNFCalculating] log_result_queue_info:1367: calc#1: 排行: try_fetch_result periodly report remaining_qize=9 sync_batch_size=100 processed_result=16000, speed=1342.41/s totalWork=7
2021-07-09 10:39:35,267 INFO  [DNFCalculating] log_result_queue_info:1367: calc#1: 排行: try_fetch_result_in_background remaining_qize=11 sync_batch_size=100 processed_result=16900, speed=1358.56/s totalWork=7
2021-07-09 10:39:35,269 INFO  [DNFCalculating] log_result_queue_info:1367: calc#1: 排行: try_fetch_result periodly report remaining_qize=10 sync_batch_size=100 processed_result=17000, speed=1366.38/s totalWork=7
2021-07-09 10:39:35,288 INFO  [DNFCalculating] log_result_queue_info:1367: calc#1: 排行: try_fetch_result periodly report remaining_qize=0 sync_batch_size=100 processed_result=18000, speed=1444.51/s totalWork=7
2021-07-09 10:39:35,804 INFO  [DNFCalculating] log_result_queue_info:1367: calc#1: 排行: try_fetch_result_in_background remaining_qize=10 sync_batch_size=100 processed_result=18000, speed=1387.09/s totalWork=7
2021-07-09 10:39:35,807 INFO  [DNFCalculating] log_result_queue_info:1367: calc#1: 排行: try_fetch_result periodly report remaining_qize=9 sync_batch_size=100 processed_result=18100, speed=1394.53/s totalWork=7
2021-07-09 10:39:35,822 INFO  [DNFCalculating] log_result_queue_info:1367: calc#1: 排行: try_fetch_result periodly report remaining_qize=0 sync_batch_size=100 processed_result=19000, speed=1462.11/s totalWork=7
2021-07-09 10:39:36,327 INFO  [DNFCalculating] log_result_queue_info:1367: calc#1: 排行: try_fetch_result_in_background remaining_qize=10 sync_batch_size=100 processed_result=19000, speed=1407.45/s totalWork=7
2021-07-09 10:39:36,330 INFO  [DNFCalculating] log_result_queue_info:1367: calc#1: 排行: try_fetch_result periodly report remaining_qize=9 sync_batch_size=100 processed_result=19100, speed=1414.59/s totalWork=7
2021-07-09 10:39:36,346 INFO  [DNFCalculating] log_result_queue_info:1367: calc#1: 排行: try_fetch_result periodly report remaining_qize=0 sync_batch_size=100 processed_result=20000, speed=1479.40/s totalWork=7
2021-07-09 10:39:36,850 INFO  [DNFCalculating] log_result_queue_info:1367: calc#1: 排行: try_fetch_result_in_background remaining_qize=11 sync_batch_size=100 processed_result=20000, speed=1426.29/s totalWork=7
2021-07-09 10:39:36,852 INFO  [DNFCalculating] log_result_queue_info:1367: calc#1: 排行: try_fetch_result periodly report remaining_qize=10 sync_batch_size=100 processed_result=20100, speed=1433.17/s totalWork=7
2021-07-09 10:39:36,868 INFO  [DNFCalculating] log_result_queue_info:1367: calc#1: 排行: try_fetch_result periodly report remaining_qize=1 sync_batch_size=100 processed_result=21000, speed=1495.65/s totalWork=7
2021-07-09 10:39:37,373 INFO  [DNFCalculating] log_result_queue_info:1367: calc#1: 排行: try_fetch_result_in_background remaining_qize=10 sync_batch_size=100 processed_result=21100, speed=1450.60/s totalWork=7
2021-07-09 10:39:37,375 INFO  [DNFCalculating] log_result_queue_info:1367: calc#1: 排行: try_fetch_result periodly report remaining_qize=9 sync_batch_size=100 processed_result=21200, speed=1457.28/s totalWork=7
2021-07-09 10:39:37,389 INFO  [DNFCalculating] log_result_queue_info:1367: calc#1: 排行: try_fetch_result periodly report remaining_qize=1 sync_batch_size=100 processed_result=22000, speed=1510.83/s totalWork=7
2021-07-09 10:39:37,896 INFO  [DNFCalculating] log_result_queue_info:1367: calc#1: 排行: try_fetch_result_in_background remaining_qize=11 sync_batch_size=100 processed_result=22100, speed=1466.64/s totalWork=7
2021-07-09 10:39:37,898 INFO  [DNFCalculating] log_result_queue_info:1367: calc#1: 排行: try_fetch_result periodly report remaining_qize=10 sync_batch_size=100 processed_result=22200, speed=1473.08/s totalWork=7
2021-07-09 10:39:37,911 INFO  [DNFCalculating] log_result_queue_info:1367: calc#1: 排行: try_fetch_result periodly report remaining_qize=2 sync_batch_size=100 processed_result=23000, speed=1524.86/s totalWork=7
2021-07-09 10:39:38,418 INFO  [DNFCalculating] log_result_queue_info:1367: calc#1: 排行: try_fetch_result_in_background remaining_qize=10 sync_batch_size=100 processed_result=23200, speed=1488.06/s totalWork=7
2021-07-09 10:39:38,421 INFO  [DNFCalculating] log_result_queue_info:1367: calc#1: 排行: try_fetch_result periodly report remaining_qize=10 sync_batch_size=100 processed_result=23300, speed=1494.24/s totalWork=7
2021-07-09 10:39:38,432 INFO  [DNFCalculating] log_result_queue_info:1367: calc#1: 排行: try_fetch_result periodly report remaining_qize=3 sync_batch_size=100 processed_result=24000, speed=1537.96/s totalWork=7
2021-07-09 10:39:38,941 INFO  [DNFCalculating] log_result_queue_info:1367: calc#1: 排行: try_fetch_result_in_background remaining_qize=9 sync_batch_size=100 processed_result=24300, speed=1508.00/s totalWork=7
2021-07-09 10:39:38,944 INFO  [DNFCalculating] log_result_queue_info:1367: calc#1: 排行: try_fetch_result periodly report remaining_qize=8 sync_batch_size=100 processed_result=24400, speed=1513.93/s totalWork=7
2021-07-09 10:39:38,956 INFO  [DNFCalculating] log_result_queue_info:1367: calc#1: 排行: try_fetch_result periodly report remaining_qize=3 sync_batch_size=100 processed_result=25000, speed=1550.01/s totalWork=7
2021-07-09 10:39:39,464 INFO  [DNFCalculating] log_result_queue_info:1367: calc#1: 排行: try_fetch_result_in_background remaining_qize=10 sync_batch_size=100 processed_result=25300, speed=1520.72/s totalWork=7
2021-07-09 10:39:39,467 INFO  [DNFCalculating] log_result_queue_info:1367: calc#1: 排行: try_fetch_result periodly report remaining_qize=9 sync_batch_size=100 processed_result=25400, speed=1526.51/s totalWork=7
2021-07-09 10:39:39,476 INFO  [DNFCalculating] log_result_queue_info:1367: calc#1: 排行: try_fetch_result periodly report remaining_qize=3 sync_batch_size=100 processed_result=26000, speed=1561.64/s totalWork=7
2021-07-09 10:39:39,987 INFO  [DNFCalculating] log_result_queue_info:1367: calc#1: 排行: try_fetch_result_in_background remaining_qize=10 sync_batch_size=100 processed_result=26300, speed=1532.70/s totalWork=7
2021-07-09 10:39:39,989 INFO  [DNFCalculating] log_result_queue_info:1367: calc#1: 排行: try_fetch_result periodly report remaining_qize=9 sync_batch_size=100 processed_result=26400, speed=1538.30/s totalWork=7
2021-07-09 10:39:39,999 INFO  [DNFCalculating] log_result_queue_info:1367: calc#1: 排行: try_fetch_result periodly report remaining_qize=3 sync_batch_size=100 processed_result=27000, speed=1572.33/s totalWork=7
2021-07-09 10:39:40,510 INFO  [DNFCalculating] log_result_queue_info:1367: calc#1: 排行: try_fetch_result_in_background remaining_qize=11 sync_batch_size=100 processed_result=27300, speed=1543.91/s totalWork=7
2021-07-09 10:39:40,512 INFO  [DNFCalculating] log_result_queue_info:1367: calc#1: 排行: try_fetch_result periodly report remaining_qize=10 sync_batch_size=100 processed_result=27400, speed=1549.39/s totalWork=7
2021-07-09 10:39:40,522 INFO  [DNFCalculating] log_result_queue_info:1367: calc#1: 排行: try_fetch_result periodly report remaining_qize=4 sync_batch_size=100 processed_result=28000, speed=1582.43/s totalWork=7
2021-07-09 10:39:41,032 INFO  [DNFCalculating] log_result_queue_info:1367: calc#1: 排行: try_fetch_result_in_background remaining_qize=9 sync_batch_size=100 processed_result=28400, speed=1560.04/s totalWork=7
2021-07-09 10:39:41,035 INFO  [DNFCalculating] log_result_queue_info:1367: calc#1: 排行: try_fetch_result periodly report remaining_qize=8 sync_batch_size=100 processed_result=28500, speed=1565.30/s totalWork=7
2021-07-09 10:39:41,043 INFO  [DNFCalculating] log_result_queue_info:1367: calc#1: 排行: try_fetch_result periodly report remaining_qize=3 sync_batch_size=100 processed_result=29000, speed=1592.04/s totalWork=7
2021-07-09 10:39:41,555 INFO  [DNFCalculating] log_result_queue_info:1367: calc#1: 排行: try_fetch_result_in_background remaining_qize=11 sync_batch_size=100 processed_result=29300, speed=1564.55/s totalWork=7
2021-07-09 10:39:41,558 INFO  [DNFCalculating] log_result_queue_info:1367: calc#1: 排行: try_fetch_result periodly report remaining_qize=10 sync_batch_size=100 processed_result=29400, speed=1569.64/s totalWork=7
2021-07-09 10:39:41,568 INFO  [DNFCalculating] log_result_queue_info:1367: calc#1: 排行: try_fetch_result periodly report remaining_qize=4 sync_batch_size=100 processed_result=30000, speed=1600.78/s totalWork=7
2021-07-09 10:39:42,078 INFO  [DNFCalculating] log_result_queue_info:1367: calc#1: 排行: try_fetch_result_in_background remaining_qize=10 sync_batch_size=100 processed_result=30400, speed=1579.20/s totalWork=7
2021-07-09 10:39:42,106 INFO  [DNFCalculating] log_result_queue_info:1367: calc#1: 排行: try_fetch_result periodly report remaining_qize=9 sync_batch_size=100 processed_result=30500, speed=1582.03/s totalWork=7
2021-07-09 10:39:42,115 INFO  [DNFCalculating] log_result_queue_info:1367: calc#1: 排行: try_fetch_result periodly report remaining_qize=4 sync_batch_size=100 processed_result=31000, speed=1607.22/s totalWork=7
2021-07-09 10:39:42,632 INFO  [DNFCalculating] log_result_queue_info:1367: calc#1: 排行: try_fetch_result_in_background remaining_qize=11 sync_batch_size=100 processed_result=31400, speed=1585.52/s totalWork=7
2021-07-09 10:39:42,635 INFO  [DNFCalculating] log_result_queue_info:1367: calc#1: 排行: try_fetch_result periodly report remaining_qize=10 sync_batch_size=100 processed_result=31500, speed=1590.33/s totalWork=7
2021-07-09 10:39:42,643 INFO  [DNFCalculating] log_result_queue_info:1367: calc#1: 排行: try_fetch_result periodly report remaining_qize=6 sync_batch_size=100 processed_result=32000, speed=1614.84/s totalWork=7
2021-07-09 10:39:43,170 INFO  [DNFCalculating] log_result_queue_info:1367: calc#1: 排行: try_fetch_result_in_background remaining_qize=9 sync_batch_size=100 processed_result=32600, speed=1602.56/s totalWork=7
2021-07-09 10:39:43,172 INFO  [DNFCalculating] log_result_queue_info:1367: calc#1: 排行: try_fetch_result periodly report remaining_qize=8 sync_batch_size=100 processed_result=32700, speed=1607.28/s totalWork=7
2021-07-09 10:39:43,177 INFO  [DNFCalculating] log_result_queue_info:1367: calc#1: 排行: try_fetch_result periodly report remaining_qize=5 sync_batch_size=100 processed_result=33000, speed=1621.63/s totalWork=7
2021-07-09 10:39:43,692 INFO  [DNFCalculating] log_result_queue_info:1367: calc#1: 排行: try_fetch_result_in_background remaining_qize=11 sync_batch_size=100 processed_result=33500, speed=1605.62/s totalWork=7
2021-07-09 10:39:43,694 INFO  [DNFCalculating] log_result_queue_info:1367: calc#1: 排行: try_fetch_result periodly report remaining_qize=10 sync_batch_size=100 processed_result=33600, speed=1610.22/s totalWork=7
2021-07-09 10:39:43,701 INFO  [DNFCalculating] log_result_queue_info:1367: calc#1: 排行: try_fetch_result periodly report remaining_qize=6 sync_batch_size=100 processed_result=34000, speed=1628.81/s totalWork=7
2021-07-09 10:39:44,215 INFO  [DNFCalculating] log_result_queue_info:1367: calc#1: 排行: try_fetch_result_in_background remaining_qize=9 sync_batch_size=100 processed_result=34700, speed=1622.44/s totalWork=7
2021-07-09 10:39:44,217 INFO  [DNFCalculating] log_result_queue_info:1367: calc#1: 排行: try_fetch_result periodly report remaining_qize=8 sync_batch_size=100 processed_result=34800, speed=1626.97/s totalWork=7
2021-07-09 10:39:44,222 INFO  [DNFCalculating] log_result_queue_info:1367: calc#1: 排行: try_fetch_result periodly report remaining_qize=5 sync_batch_size=100 processed_result=35075, speed=1639.41/s totalWork=7
2021-07-09 10:39:44,738 INFO  [DNFCalculating] log_result_queue_info:1367: calc#1: 排行: try_fetch_result_in_background remaining_qize=12 sync_batch_size=100 processed_result=35575, speed=1623.67/s totalWork=7
2021-07-09 10:39:44,740 INFO  [DNFCalculating] log_result_queue_info:1367: calc#1: 排行: try_fetch_result periodly report remaining_qize=11 sync_batch_size=100 processed_result=35675, speed=1628.08/s totalWork=7
2021-07-09 10:39:44,747 INFO  [DNFCalculating] log_result_queue_info:1367: calc#1: 排行: try_fetch_result periodly report remaining_qize=7 sync_batch_size=100 processed_result=36075, speed=1645.78/s totalWork=7
2021-07-09 10:39:45,260 INFO  [DNFCalculating] log_result_queue_info:1367: calc#1: 排行: try_fetch_result_in_background remaining_qize=9 sync_batch_size=100 processed_result=36750, speed=1638.21/s totalWork=7
2021-07-09 10:39:45,262 INFO  [DNFCalculating] log_result_queue_info:1367: calc#1: 排行: try_fetch_result periodly report remaining_qize=9 sync_batch_size=100 processed_result=36850, speed=1642.56/s totalWork=7
2021-07-09 10:39:45,265 INFO  [DNFCalculating] log_result_queue_info:1367: calc#1: 排行: try_fetch_result periodly report remaining_qize=7 sync_batch_size=100 processed_result=37050, speed=1651.25/s totalWork=7
2021-07-09 10:39:45,783 INFO  [DNFCalculating] log_result_queue_info:1367: calc#1: 排行: try_fetch_result_in_background remaining_qize=6 sync_batch_size=100 processed_result=37700, speed=1642.31/s totalWork=7
2021-07-09 10:39:45,786 INFO  [DNFCalculating] log_result_queue_info:1367: calc#1: 排行: try_fetch_result periodly report remaining_qize=5 sync_batch_size=100 processed_result=37800, speed=1646.47/s totalWork=7
2021-07-09 10:39:45,789 INFO  [DNFCalculating] log_result_queue_info:1367: calc#1: 排行: try_fetch_result periodly report remaining_qize=3 sync_batch_size=100 processed_result=38000, speed=1654.92/s totalWork=7
2021-07-09 10:39:46,306 INFO  [DNFCalculating] log_result_queue_info:1367: calc#1: 排行: try_fetch_result_in_background remaining_qize=5 sync_batch_size=100 processed_result=38300, speed=1631.31/s totalWork=7
2021-07-09 10:39:46,308 INFO  [DNFCalculating] log_result_queue_info:1367: calc#1: 排行: try_fetch_result periodly report remaining_qize=4 sync_batch_size=100 processed_result=38375, speed=1634.33/s totalWork=7
2021-07-09 10:39:46,540 WARNI [DNFCalculating] 计算线程:1476: 所有工作线程均已完成计算，总计用时=24.32s
2021-07-09 10:39:46,830 INFO  [DNFCalculating] log_result_queue_info:1367: calc#1: 排行: after join remaining_qize=3 sync_batch_size=100 processed_result=38775, speed=1615.43/s totalWork=7
2021-07-09 10:39:46,832 INFO  [DNFCalculating] log_result_queue_info:1367: calc#1: 排行: try_fetch_result periodly report remaining_qize=2 sync_batch_size=100 processed_result=38850, speed=1618.46/s totalWork=7
2021-07-09 10:39:46,834 INFO  [DNFCalculating] log_result_queue_info:1367: calc#1: 排行: try_fetch_result periodly report remaining_qize=0 sync_batch_size=100 processed_result=39024, speed=1625.54/s totalWork=7
2021-07-09 10:39:46,835 INFO  [DNFCalculating] log_result_queue_info:1367: calc#1: 排行: after final remaining_qize=0 sync_batch_size=100 processed_result=39024, speed=1625.50/s totalWork=7
2021-07-09 10:40:10,860 INFO  [DNFCalculating] 计算线程:1354: 开始计算
2021-07-09 10:40:11,571 INFO  [DNFCalculating] log_result_queue_info:1367: calc#2: 排行: try_fetch_result_in_background remaining_qize=0 sync_batch_size=100 processed_result=0, speed=0.00/s totalWork=0
2021-07-09 10:40:12,155 INFO  [DNFCalculating] log_result_queue_info:1367: calc#2: 排行: try_fetch_result_in_background remaining_qize=0 sync_batch_size=100 processed_result=0, speed=0.00/s totalWork=0
2021-07-09 10:40:12,708 INFO  [DNFCalculating] log_result_queue_info:1367: calc#2: 排行: try_fetch_result_in_background remaining_qize=0 sync_batch_size=100 processed_result=0, speed=0.00/s totalWork=7
2021-07-09 10:40:13,215 INFO  [DNFCalculating] log_result_queue_info:1367: calc#2: 排行: try_fetch_result_in_background remaining_qize=0 sync_batch_size=100 processed_result=0, speed=0.00/s totalWork=7
2021-07-09 10:40:13,723 INFO  [DNFCalculating] log_result_queue_info:1367: calc#2: 排行: try_fetch_result_in_background remaining_qize=1 sync_batch_size=100 processed_result=0, speed=0.00/s totalWork=7
2021-07-09 10:40:14,230 INFO  [DNFCalculating] log_result_queue_info:1367: calc#2: 排行: try_fetch_result_in_background remaining_qize=4 sync_batch_size=100 processed_result=100, speed=35.22/s totalWork=7
2021-07-09 10:40:14,753 INFO  [DNFCalculating] log_result_queue_info:1367: calc#2: 排行: try_fetch_result_in_background remaining_qize=4 sync_batch_size=100 processed_result=500, speed=148.70/s totalWork=7
2021-07-09 10:40:15,276 INFO  [DNFCalculating] log_result_queue_info:1367: calc#2: 排行: try_fetch_result_in_background remaining_qize=6 sync_batch_size=100 processed_result=900, speed=231.65/s totalWork=7
2021-07-09 10:40:15,278 INFO  [DNFCalculating] log_result_queue_info:1367: calc#2: 排行: try_fetch_result periodly report remaining_qize=5 sync_batch_size=100 processed_result=1000, speed=257.23/s totalWork=7
2021-07-09 10:40:15,799 INFO  [DNFCalculating] log_result_queue_info:1367: calc#2: 排行: try_fetch_result_in_background remaining_qize=6 sync_batch_size=100 processed_result=1500, speed=340.22/s totalWork=7
2021-07-09 10:40:15,802 INFO  [DNFCalculating] log_result_queue_info:1367: calc#2: 排行: try_fetch_result periodly report remaining_qize=5 sync_batch_size=100 processed_result=1600, speed=362.69/s totalWork=7
2021-07-09 10:40:15,809 INFO  [DNFCalculating] log_result_queue_info:1367: calc#2: 排行: try_fetch_result periodly report remaining_qize=2 sync_batch_size=100 processed_result=2000, speed=452.61/s totalWork=7
2021-07-09 10:40:16,321 INFO  [DNFCalculating] log_result_queue_info:1367: calc#2: 排行: try_fetch_result_in_background remaining_qize=8 sync_batch_size=100 processed_result=2200, speed=446.14/s totalWork=7
2021-07-09 10:40:16,325 INFO  [DNFCalculating] log_result_queue_info:1367: calc#2: 排行: try_fetch_result periodly report remaining_qize=7 sync_batch_size=100 processed_result=2300, speed=466.04/s totalWork=7
2021-07-09 10:40:16,337 INFO  [DNFCalculating] log_result_queue_info:1367: calc#2: 排行: try_fetch_result periodly report remaining_qize=0 sync_batch_size=100 processed_result=3000, speed=606.41/s totalWork=7
2021-07-09 10:40:16,844 INFO  [DNFCalculating] log_result_queue_info:1367: calc#2: 排行: try_fetch_result_in_background remaining_qize=8 sync_batch_size=100 processed_result=3000, speed=550.07/s totalWork=7
2021-07-09 10:40:16,847 INFO  [DNFCalculating] log_result_queue_info:1367: calc#2: 排行: try_fetch_result periodly report remaining_qize=7 sync_batch_size=100 processed_result=3100, speed=568.13/s totalWork=7
2021-07-09 10:40:17,367 INFO  [DNFCalculating] log_result_queue_info:1367: calc#2: 排行: try_fetch_result_in_background remaining_qize=8 sync_batch_size=100 processed_result=3900, speed=652.52/s totalWork=7
2021-07-09 10:40:17,370 INFO  [DNFCalculating] log_result_queue_info:1367: calc#2: 排行: try_fetch_result periodly report remaining_qize=7 sync_batch_size=100 processed_result=4000, speed=668.92/s totalWork=7
2021-07-09 10:40:17,890 INFO  [DNFCalculating] log_result_queue_info:1367: calc#2: 排行: try_fetch_result_in_background remaining_qize=9 sync_batch_size=100 processed_result=4700, speed=723.18/s totalWork=7
2021-07-09 10:40:17,892 INFO  [DNFCalculating] log_result_queue_info:1367: calc#2: 排行: try_fetch_result periodly report remaining_qize=8 sync_batch_size=100 processed_result=4800, speed=738.28/s totalWork=7
2021-07-09 10:40:17,896 INFO  [DNFCalculating] log_result_queue_info:1367: calc#2: 排行: try_fetch_result periodly report remaining_qize=6 sync_batch_size=100 processed_result=5000, speed=768.51/s totalWork=7
2021-07-09 10:40:18,412 INFO  [DNFCalculating] log_result_queue_info:1367: calc#2: 排行: try_fetch_result_in_background remaining_qize=9 sync_batch_size=100 processed_result=5600, speed=797.47/s totalWork=7
2021-07-09 10:40:18,414 INFO  [DNFCalculating] log_result_queue_info:1367: calc#2: 排行: try_fetch_result periodly report remaining_qize=8 sync_batch_size=100 processed_result=5700, speed=811.46/s totalWork=7
2021-07-09 10:40:18,420 INFO  [DNFCalculating] log_result_queue_info:1367: calc#2: 排行: try_fetch_result periodly report remaining_qize=5 sync_batch_size=100 processed_result=6000, speed=853.45/s totalWork=7
2021-07-09 10:40:18,935 INFO  [DNFCalculating] log_result_queue_info:1367: calc#2: 排行: try_fetch_result_in_background remaining_qize=10 sync_batch_size=100 processed_result=6500, speed=861.54/s totalWork=7
2021-07-09 10:40:18,938 INFO  [DNFCalculating] log_result_queue_info:1367: calc#2: 排行: try_fetch_result periodly report remaining_qize=9 sync_batch_size=100 processed_result=6600, speed=874.50/s totalWork=7
2021-07-09 10:40:18,946 INFO  [DNFCalculating] log_result_queue_info:1367: calc#2: 排行: try_fetch_result periodly report remaining_qize=5 sync_batch_size=100 processed_result=7000, speed=926.47/s totalWork=7
2021-07-09 10:40:19,458 INFO  [DNFCalculating] log_result_queue_info:1367: calc#2: 排行: try_fetch_result_in_background remaining_qize=7 sync_batch_size=100 processed_result=7500, speed=929.61/s totalWork=7
2021-07-09 10:40:19,460 INFO  [DNFCalculating] log_result_queue_info:1367: calc#2: 排行: try_fetch_result periodly report remaining_qize=6 sync_batch_size=100 processed_result=7600, speed=941.71/s totalWork=7
2021-07-09 10:40:19,468 INFO  [DNFCalculating] log_result_queue_info:1367: calc#2: 排行: try_fetch_result periodly report remaining_qize=2 sync_batch_size=100 processed_result=8000, speed=990.36/s totalWork=7
2021-07-09 10:40:19,981 INFO  [DNFCalculating] log_result_queue_info:1367: calc#2: 排行: try_fetch_result_in_background remaining_qize=9 sync_batch_size=100 processed_result=8200, speed=954.52/s totalWork=7
2021-07-09 10:40:19,983 INFO  [DNFCalculating] log_result_queue_info:1367: calc#2: 排行: try_fetch_result periodly report remaining_qize=8 sync_batch_size=100 processed_result=8300, speed=965.88/s totalWork=7
2021-07-09 10:40:19,999 INFO  [DNFCalculating] log_result_queue_info:1367: calc#2: 排行: try_fetch_result periodly report remaining_qize=1 sync_batch_size=100 processed_result=9000, speed=1045.53/s totalWork=7
2021-07-09 10:40:20,503 INFO  [DNFCalculating] log_result_queue_info:1367: calc#2: 排行: try_fetch_result_in_background remaining_qize=6 sync_batch_size=100 processed_result=9100, speed=998.57/s totalWork=7
2021-07-09 10:40:20,506 INFO  [DNFCalculating] log_result_queue_info:1367: calc#2: 排行: try_fetch_result periodly report remaining_qize=5 sync_batch_size=100 processed_result=9200, speed=1009.21/s totalWork=7
2021-07-09 10:40:21,026 INFO  [DNFCalculating] log_result_queue_info:1367: calc#2: 排行: try_fetch_result_in_background remaining_qize=8 sync_batch_size=100 processed_result=9700, speed=1006.62/s totalWork=7
2021-07-09 10:40:21,029 INFO  [DNFCalculating] log_result_queue_info:1367: calc#2: 排行: try_fetch_result periodly report remaining_qize=7 sync_batch_size=100 processed_result=9800, speed=1016.73/s totalWork=7
2021-07-09 10:40:21,032 INFO  [DNFCalculating] log_result_queue_info:1367: calc#2: 排行: try_fetch_result periodly report remaining_qize=5 sync_batch_size=100 processed_result=10000, speed=1037.10/s totalWork=7
2021-07-09 10:40:21,549 INFO  [DNFCalculating] log_result_queue_info:1367: calc#2: 排行: try_fetch_result_in_background remaining_qize=9 sync_batch_size=100 processed_result=10500, speed=1033.56/s totalWork=7
2021-07-09 10:40:21,552 INFO  [DNFCalculating] log_result_queue_info:1367: calc#2: 排行: try_fetch_result periodly report remaining_qize=9 sync_batch_size=100 processed_result=10600, speed=1043.15/s totalWork=7
2021-07-09 10:40:21,560 INFO  [DNFCalculating] log_result_queue_info:1367: calc#2: 排行: try_fetch_result periodly report remaining_qize=5 sync_batch_size=100 processed_result=11000, speed=1081.67/s totalWork=7
2021-07-09 10:40:22,072 INFO  [DNFCalculating] log_result_queue_info:1367: calc#2: 排行: try_fetch_result_in_background remaining_qize=9 sync_batch_size=100 processed_result=11500, speed=1076.64/s totalWork=7
2021-07-09 10:40:22,074 INFO  [DNFCalculating] log_result_queue_info:1367: calc#2: 排行: try_fetch_result periodly report remaining_qize=8 sync_batch_size=100 processed_result=11600, speed=1085.74/s totalWork=7
2021-07-09 10:40:22,081 INFO  [DNFCalculating] log_result_queue_info:1367: calc#2: 排行: try_fetch_result periodly report remaining_qize=4 sync_batch_size=100 processed_result=12000, speed=1122.41/s totalWork=7
2021-07-09 10:40:22,594 INFO  [DNFCalculating] log_result_queue_info:1367: calc#2: 排行: try_fetch_result_in_background remaining_qize=9 sync_batch_size=100 processed_result=12500, speed=1115.66/s totalWork=7
2021-07-09 10:40:22,597 INFO  [DNFCalculating] log_result_queue_info:1367: calc#2: 排行: try_fetch_result periodly report remaining_qize=8 sync_batch_size=100 processed_result=12600, speed=1124.34/s totalWork=7
2021-07-09 10:40:22,604 INFO  [DNFCalculating] log_result_queue_info:1367: calc#2: 排行: try_fetch_result periodly report remaining_qize=4 sync_batch_size=100 processed_result=13000, speed=1159.26/s totalWork=7
2021-07-09 10:40:23,117 INFO  [DNFCalculating] log_result_queue_info:1367: calc#2: 排行: try_fetch_result_in_background remaining_qize=9 sync_batch_size=100 processed_result=13400, speed=1142.70/s totalWork=7
2021-07-09 10:40:23,120 INFO  [DNFCalculating] log_result_queue_info:1367: calc#2: 排行: try_fetch_result periodly report remaining_qize=8 sync_batch_size=100 processed_result=13500, speed=1150.90/s totalWork=7
2021-07-09 10:40:23,129 INFO  [DNFCalculating] log_result_queue_info:1367: calc#2: 排行: try_fetch_result periodly report remaining_qize=3 sync_batch_size=100 processed_result=14000, speed=1192.57/s totalWork=7
2021-07-09 10:40:23,640 INFO  [DNFCalculating] log_result_queue_info:1367: calc#2: 排行: try_fetch_result_in_background remaining_qize=8 sync_batch_size=100 processed_result=14300, speed=1167.38/s totalWork=7
2021-07-09 10:40:23,642 INFO  [DNFCalculating] log_result_queue_info:1367: calc#2: 排行: try_fetch_result periodly report remaining_qize=7 sync_batch_size=100 processed_result=14400, speed=1175.30/s totalWork=7
2021-07-09 10:40:23,653 INFO  [DNFCalculating] log_result_queue_info:1367: calc#2: 排行: try_fetch_result periodly report remaining_qize=1 sync_batch_size=100 processed_result=15000, speed=1223.18/s totalWork=7
2021-07-09 10:40:24,163 INFO  [DNFCalculating] log_result_queue_info:1367: calc#2: 排行: try_fetch_result_in_background remaining_qize=10 sync_batch_size=100 processed_result=15100, speed=1182.23/s totalWork=7
2021-07-09 10:40:24,165 INFO  [DNFCalculating] log_result_queue_info:1367: calc#2: 排行: try_fetch_result periodly report remaining_qize=9 sync_batch_size=100 processed_result=15200, speed=1189.83/s totalWork=7
2021-07-09 10:40:24,180 INFO  [DNFCalculating] log_result_queue_info:1367: calc#2: 排行: try_fetch_result periodly report remaining_qize=1 sync_batch_size=100 processed_result=16000, speed=1250.99/s totalWork=7
2021-07-09 10:40:24,685 INFO  [DNFCalculating] log_result_queue_info:1367: calc#2: 排行: try_fetch_result_in_background remaining_qize=8 sync_batch_size=100 processed_result=16100, speed=1211.02/s totalWork=7
2021-07-09 10:40:24,687 INFO  [DNFCalculating] log_result_queue_info:1367: calc#2: 排行: try_fetch_result periodly report remaining_qize=7 sync_batch_size=100 processed_result=16200, speed=1218.33/s totalWork=7
2021-07-09 10:40:25,208 INFO  [DNFCalculating] log_result_queue_info:1367: calc#2: 排行: try_fetch_result_in_background remaining_qize=10 sync_batch_size=100 processed_result=16900, speed=1223.08/s totalWork=7
2021-07-09 10:40:25,210 INFO  [DNFCalculating] log_result_queue_info:1367: calc#2: 排行: try_fetch_result periodly report remaining_qize=9 sync_batch_size=100 processed_result=17000, speed=1230.10/s totalWork=7
2021-07-09 10:40:25,730 INFO  [DNFCalculating] log_result_queue_info:1367: calc#2: 排行: try_fetch_result_in_background remaining_qize=8 sync_batch_size=100 processed_result=17900, speed=1248.23/s totalWork=7
2021-07-09 10:40:25,733 INFO  [DNFCalculating] log_result_queue_info:1367: calc#2: 排行: try_fetch_result periodly report remaining_qize=7 sync_batch_size=100 processed_result=18000, speed=1254.94/s totalWork=7
2021-07-09 10:40:26,253 INFO  [DNFCalculating] log_result_queue_info:1367: calc#2: 排行: try_fetch_result_in_background remaining_qize=11 sync_batch_size=100 processed_result=18700, speed=1258.16/s totalWork=7
2021-07-09 10:40:26,255 INFO  [DNFCalculating] log_result_queue_info:1367: calc#2: 排行: try_fetch_result periodly report remaining_qize=10 sync_batch_size=100 processed_result=18800, speed=1264.68/s totalWork=7
2021-07-09 10:40:26,260 INFO  [DNFCalculating] log_result_queue_info:1367: calc#2: 排行: try_fetch_result periodly report remaining_qize=8 sync_batch_size=100 processed_result=19000, speed=1277.78/s totalWork=7
2021-07-09 10:40:26,791 INFO  [DNFCalculating] log_result_queue_info:1367: calc#2: 排行: try_fetch_result_in_background remaining_qize=8 sync_batch_size=100 processed_result=19900, speed=1292.10/s totalWork=7
2021-07-09 10:40:26,794 INFO  [DNFCalculating] log_result_queue_info:1367: calc#2: 排行: try_fetch_result periodly report remaining_qize=8 sync_batch_size=100 processed_result=20000, speed=1298.38/s totalWork=7
2021-07-09 10:40:27,314 INFO  [DNFCalculating] log_result_queue_info:1367: calc#2: 排行: try_fetch_result_in_background remaining_qize=11 sync_batch_size=100 processed_result=20800, speed=1306.20/s totalWork=7
2021-07-09 10:40:27,316 INFO  [DNFCalculating] log_result_queue_info:1367: calc#2: 排行: try_fetch_result periodly report remaining_qize=10 sync_batch_size=100 processed_result=20900, speed=1312.32/s totalWork=7
2021-07-09 10:40:27,319 INFO  [DNFCalculating] log_result_queue_info:1367: calc#2: 排行: try_fetch_result periodly report remaining_qize=9 sync_batch_size=100 processed_result=21000, speed=1318.39/s totalWork=7
2021-07-09 10:40:27,336 INFO  [DNFCalculating] log_result_queue_info:1367: calc#2: 排行: try_fetch_result periodly report remaining_qize=0 sync_batch_size=100 processed_result=22000, speed=1379.66/s totalWork=7
2021-07-09 10:40:27,852 INFO  [DNFCalculating] log_result_queue_info:1367: calc#2: 排行: try_fetch_result_in_background remaining_qize=7 sync_batch_size=100 processed_result=22000, speed=1336.40/s totalWork=7
2021-07-09 10:40:27,855 INFO  [DNFCalculating] log_result_queue_info:1367: calc#2: 排行: try_fetch_result periodly report remaining_qize=6 sync_batch_size=100 processed_result=22100, speed=1342.27/s totalWork=7
2021-07-09 10:40:28,375 INFO  [DNFCalculating] log_result_queue_info:1367: calc#2: 排行: try_fetch_result_in_background remaining_qize=9 sync_batch_size=100 processed_result=22700, speed=1336.47/s totalWork=7
2021-07-09 10:40:28,378 INFO  [DNFCalculating] log_result_queue_info:1367: calc#2: 排行: try_fetch_result periodly report remaining_qize=8 sync_batch_size=100 processed_result=22800, speed=1342.16/s totalWork=7
2021-07-09 10:40:28,382 INFO  [DNFCalculating] log_result_queue_info:1367: calc#2: 排行: try_fetch_result periodly report remaining_qize=6 sync_batch_size=100 processed_result=23000, speed=1353.62/s totalWork=7
2021-07-09 10:40:28,897 INFO  [DNFCalculating] log_result_queue_info:1367: calc#2: 排行: try_fetch_result_in_background remaining_qize=11 sync_batch_size=100 processed_result=23600, speed=1348.01/s totalWork=7
2021-07-09 10:40:28,900 INFO  [DNFCalculating] log_result_queue_info:1367: calc#2: 排行: try_fetch_result periodly report remaining_qize=10 sync_batch_size=100 processed_result=23700, speed=1353.53/s totalWork=7
2021-07-09 10:40:28,905 INFO  [DNFCalculating] log_result_queue_info:1367: calc#2: 排行: try_fetch_result periodly report remaining_qize=7 sync_batch_size=100 processed_result=24000, speed=1370.24/s totalWork=7
2021-07-09 10:40:29,421 INFO  [DNFCalculating] log_result_queue_info:1367: calc#2: 排行: try_fetch_result_in_background remaining_qize=8 sync_batch_size=100 processed_result=24700, speed=1369.90/s totalWork=7
2021-07-09 10:40:29,423 INFO  [DNFCalculating] log_result_queue_info:1367: calc#2: 排行: try_fetch_result periodly report remaining_qize=7 sync_batch_size=100 processed_result=24800, speed=1375.25/s totalWork=7
2021-07-09 10:40:29,427 INFO  [DNFCalculating] log_result_queue_info:1367: calc#2: 排行: try_fetch_result periodly report remaining_qize=5 sync_batch_size=100 processed_result=25000, speed=1386.04/s totalWork=7
2021-07-09 10:40:29,943 INFO  [DNFCalculating] log_result_queue_info:1367: calc#2: 排行: try_fetch_result_in_background remaining_qize=12 sync_batch_size=100 processed_result=25500, speed=1374.48/s totalWork=7
2021-07-09 10:40:29,945 INFO  [DNFCalculating] log_result_queue_info:1367: calc#2: 排行: try_fetch_result periodly report remaining_qize=11 sync_batch_size=100 processed_result=25600, speed=1379.66/s totalWork=7
2021-07-09 10:40:29,952 INFO  [DNFCalculating] log_result_queue_info:1367: calc#2: 排行: try_fetch_result periodly report remaining_qize=7 sync_batch_size=100 processed_result=26000, speed=1400.69/s totalWork=7
2021-07-09 10:40:30,465 INFO  [DNFCalculating] log_result_queue_info:1367: calc#2: 排行: try_fetch_result_in_background remaining_qize=7 sync_batch_size=100 processed_result=26700, speed=1399.73/s totalWork=7
2021-07-09 10:40:30,467 INFO  [DNFCalculating] log_result_queue_info:1367: calc#2: 排行: try_fetch_result periodly report remaining_qize=6 sync_batch_size=100 processed_result=26800, speed=1404.82/s totalWork=7
2021-07-09 10:40:30,472 INFO  [DNFCalculating] log_result_queue_info:1367: calc#2: 排行: try_fetch_result periodly report remaining_qize=4 sync_batch_size=100 processed_result=27000, speed=1414.98/s totalWork=7
2021-07-09 10:40:30,987 INFO  [DNFCalculating] log_result_queue_info:1367: calc#2: 排行: try_fetch_result_in_background remaining_qize=9 sync_batch_size=100 processed_result=27400, speed=1398.14/s totalWork=7
2021-07-09 10:40:30,990 INFO  [DNFCalculating] log_result_queue_info:1367: calc#2: 排行: try_fetch_result periodly report remaining_qize=8 sync_batch_size=100 processed_result=27500, speed=1403.03/s totalWork=7
2021-07-09 10:40:31,003 INFO  [DNFCalculating] log_result_queue_info:1367: calc#2: 排行: try_fetch_result periodly report remaining_qize=4 sync_batch_size=100 processed_result=28000, speed=1427.64/s totalWork=7
2021-07-09 10:40:31,526 INFO  [DNFCalculating] log_result_queue_info:1367: calc#2: 排行: try_fetch_result_in_background remaining_qize=11 sync_batch_size=100 processed_result=28400, speed=1410.44/s totalWork=7
2021-07-09 10:40:31,528 INFO  [DNFCalculating] log_result_queue_info:1367: calc#2: 排行: try_fetch_result periodly report remaining_qize=10 sync_batch_size=100 processed_result=28500, speed=1415.23/s totalWork=7
2021-07-09 10:40:31,537 INFO  [DNFCalculating] log_result_queue_info:1367: calc#2: 排行: try_fetch_result periodly report remaining_qize=5 sync_batch_size=100 processed_result=29000, speed=1439.46/s totalWork=7
2021-07-09 10:40:32,049 INFO  [DNFCalculating] log_result_queue_info:1367: calc#2: 排行: try_fetch_result_in_background remaining_qize=7 sync_batch_size=100 processed_result=29500, speed=1427.96/s totalWork=7
2021-07-09 10:40:32,052 INFO  [DNFCalculating] log_result_queue_info:1367: calc#2: 排行: try_fetch_result periodly report remaining_qize=6 sync_batch_size=100 processed_result=29600, speed=1432.61/s totalWork=7
2021-07-09 10:40:32,058 INFO  [DNFCalculating] log_result_queue_info:1367: calc#2: 排行: try_fetch_result periodly report remaining_qize=2 sync_batch_size=100 processed_result=30000, speed=1451.50/s totalWork=7
2021-07-09 10:40:32,571 INFO  [DNFCalculating] log_result_queue_info:1367: calc#2: 排行: try_fetch_result_in_background remaining_qize=11 sync_batch_size=100 processed_result=30200, speed=1425.80/s totalWork=7
2021-07-09 10:40:32,574 INFO  [DNFCalculating] log_result_queue_info:1367: calc#2: 排行: try_fetch_result periodly report remaining_qize=10 sync_batch_size=100 processed_result=30300, speed=1430.35/s totalWork=7
2021-07-09 10:40:32,586 INFO  [DNFCalculating] log_result_queue_info:1367: calc#2: 排行: try_fetch_result periodly report remaining_qize=3 sync_batch_size=100 processed_result=31000, speed=1462.57/s totalWork=7
2021-07-09 10:40:33,094 INFO  [DNFCalculating] log_result_queue_info:1367: calc#2: 排行: try_fetch_result_in_background remaining_qize=9 sync_batch_size=100 processed_result=31300, speed=1442.13/s totalWork=7
2021-07-09 10:40:33,096 INFO  [DNFCalculating] log_result_queue_info:1367: calc#2: 排行: try_fetch_result periodly report remaining_qize=8 sync_batch_size=100 processed_result=31400, speed=1446.61/s totalWork=7
2021-07-09 10:40:33,107 INFO  [DNFCalculating] log_result_queue_info:1367: calc#2: 排行: try_fetch_result periodly report remaining_qize=2 sync_batch_size=100 processed_result=32000, speed=1473.51/s totalWork=7
2021-07-09 10:40:33,616 INFO  [DNFCalculating] log_result_queue_info:1367: calc#2: 排行: try_fetch_result_in_background remaining_qize=9 sync_batch_size=100 processed_result=32200, speed=1448.77/s totalWork=7
2021-07-09 10:40:33,618 INFO  [DNFCalculating] log_result_queue_info:1367: calc#2: 排行: try_fetch_result periodly report remaining_qize=8 sync_batch_size=100 processed_result=32300, speed=1453.11/s totalWork=7
2021-07-09 10:40:33,630 INFO  [DNFCalculating] log_result_queue_info:1367: calc#2: 排行: try_fetch_result periodly report remaining_qize=1 sync_batch_size=100 processed_result=33000, speed=1483.84/s totalWork=7
2021-07-09 10:40:34,139 INFO  [DNFCalculating] log_result_queue_info:1367: calc#2: 排行: try_fetch_result_in_background remaining_qize=9 sync_batch_size=100 processed_result=33100, speed=1455.04/s totalWork=7
2021-07-09 10:40:34,141 INFO  [DNFCalculating] log_result_queue_info:1367: calc#2: 排行: try_fetch_result periodly report remaining_qize=8 sync_batch_size=100 processed_result=33200, speed=1459.28/s totalWork=7
2021-07-09 10:40:34,156 INFO  [DNFCalculating] log_result_queue_info:1367: calc#2: 排行: try_fetch_result periodly report remaining_qize=0 sync_batch_size=100 processed_result=34000, speed=1493.43/s totalWork=7
2021-07-09 10:40:34,662 INFO  [DNFCalculating] log_result_queue_info:1367: calc#2: 排行: try_fetch_result_in_background remaining_qize=11 sync_batch_size=100 processed_result=34000, speed=1461.03/s totalWork=7
2021-07-09 10:40:34,664 INFO  [DNFCalculating] log_result_queue_info:1367: calc#2: 排行: try_fetch_result periodly report remaining_qize=10 sync_batch_size=100 processed_result=34100, speed=1465.16/s totalWork=7
2021-07-09 10:40:34,680 INFO  [DNFCalculating] log_result_queue_info:1367: calc#2: 排行: try_fetch_result periodly report remaining_qize=0 sync_batch_size=100 processed_result=35075, speed=1506.00/s totalWork=7
2021-07-09 10:40:35,185 INFO  [DNFCalculating] log_result_queue_info:1367: calc#2: 排行: try_fetch_result_in_background remaining_qize=9 sync_batch_size=100 processed_result=35075, speed=1474.11/s totalWork=7
2021-07-09 10:40:35,187 INFO  [DNFCalculating] log_result_queue_info:1367: calc#2: 排行: try_fetch_result periodly report remaining_qize=8 sync_batch_size=100 processed_result=35175, speed=1478.14/s totalWork=7
2021-07-09 10:40:35,707 INFO  [DNFCalculating] log_result_queue_info:1367: calc#2: 排行: try_fetch_result_in_background remaining_qize=9 sync_batch_size=100 processed_result=35975, speed=1479.43/s totalWork=7
2021-07-09 10:40:35,709 INFO  [DNFCalculating] log_result_queue_info:1367: calc#2: 排行: try_fetch_result periodly report remaining_qize=8 sync_batch_size=100 processed_result=36050, speed=1482.36/s totalWork=7
2021-07-09 10:40:36,230 INFO  [DNFCalculating] log_result_queue_info:1367: calc#2: 排行: try_fetch_result_in_background remaining_qize=8 sync_batch_size=100 processed_result=36950, speed=1487.56/s totalWork=7
2021-07-09 10:40:36,232 INFO  [DNFCalculating] log_result_queue_info:1367: calc#2: 排行: try_fetch_result periodly report remaining_qize=7 sync_batch_size=100 processed_result=37050, speed=1491.45/s totalWork=7
2021-07-09 10:40:36,752 INFO  [DNFCalculating] log_result_queue_info:1367: calc#2: 排行: try_fetch_result_in_background remaining_qize=7 sync_batch_size=100 processed_result=37725, speed=1487.46/s totalWork=7
2021-07-09 10:40:36,754 INFO  [DNFCalculating] log_result_queue_info:1367: calc#2: 排行: try_fetch_result periodly report remaining_qize=6 sync_batch_size=100 processed_result=37800, speed=1490.31/s totalWork=7
2021-07-09 10:40:36,757 INFO  [DNFCalculating] log_result_queue_info:1367: calc#2: 排行: try_fetch_result periodly report remaining_qize=4 sync_batch_size=100 processed_result=38000, speed=1498.02/s totalWork=7
2021-07-09 10:40:37,275 INFO  [DNFCalculating] log_result_queue_info:1367: calc#2: 排行: try_fetch_result_in_background remaining_qize=5 sync_batch_size=100 processed_result=38375, speed=1482.53/s totalWork=7
2021-07-09 10:40:37,277 INFO  [DNFCalculating] log_result_queue_info:1367: calc#2: 排行: try_fetch_result periodly report remaining_qize=4 sync_batch_size=100 processed_result=38475, speed=1486.28/s totalWork=7
2021-07-09 10:40:37,454 WARNI [DNFCalculating] 计算线程:1476: 所有工作线程均已完成计算，总计用时=26.59s
2021-07-09 10:40:37,799 INFO  [DNFCalculating] log_result_queue_info:1367: calc#2: 排行: after join remaining_qize=2 sync_batch_size=100 processed_result=38850, speed=1471.09/s totalWork=7
2021-07-09 10:40:37,801 INFO  [DNFCalculating] log_result_queue_info:1367: calc#2: 排行: try_fetch_result periodly report remaining_qize=1 sync_batch_size=100 processed_result=38950, speed=1474.79/s totalWork=7
2021-07-09 10:40:37,802 INFO  [DNFCalculating] log_result_queue_info:1367: calc#2: 排行: try_fetch_result periodly report remaining_qize=0 sync_batch_size=100 processed_result=39024, speed=1477.52/s totalWork=7
2021-07-09 10:40:37,803 INFO  [DNFCalculating] log_result_queue_info:1367: calc#2: 排行: after final remaining_qize=0 sync_batch_size=100 processed_result=39024, speed=1477.48/s totalWork=7
