2021-06-10 15:22:36,847 DEBUG [urllib3.connectionpool] _new_conn:971: Starting new HTTPS connection (1): pan.lanzous.com:443
2021-06-10 15:22:36,879 DEBUG [urllib3.connectionpool] _new_conn:971: Starting new HTTPS connection (1): pan.lanzous.com:443
2021-06-10 15:23:29,275 INFO  [DNFCalculating] 计算线程:1354: 开始计算
2021-06-10 15:23:29,848 INFO  [DNFCalculating] log_result_queue_info:1367: calc#1: 排行: try_fetch_result_in_background remaining_qize=0 sync_batch_size=100 processed_result=0, speed=0.00/s totalWork=7
2021-06-10 15:23:29,915 WARNI [DNFCalculating] 计算线程:1476: 所有工作线程均已完成计算，总计用时=0.64s
2021-06-10 15:23:30,352 INFO  [DNFCalculating] log_result_queue_info:1367: calc#1: 排行: after join remaining_qize=7 sync_batch_size=100 processed_result=0, speed=0.00/s totalWork=7
2021-06-10 15:23:30,355 INFO  [DNFCalculating] log_result_queue_info:1367: calc#1: 排行: after final remaining_qize=0 sync_batch_size=100 processed_result=7, speed=13.61/s totalWork=7
2021-06-10 15:23:54,788 INFO  [DNFCalculating] 计算线程:1354: 开始计算
2021-06-10 15:23:55,365 INFO  [DNFCalculating] log_result_queue_info:1367: calc#2: 排行: try_fetch_result_in_background remaining_qize=0 sync_batch_size=100 processed_result=0, speed=0.00/s totalWork=7
2021-06-10 15:23:55,432 WARNI [DNFCalculating] 计算线程:1476: 所有工作线程均已完成计算，总计用时=0.64s
2021-06-10 15:23:55,882 INFO  [DNFCalculating] log_result_queue_info:1367: calc#2: 排行: after join remaining_qize=7 sync_batch_size=100 processed_result=0, speed=0.00/s totalWork=7
2021-06-10 15:23:55,885 INFO  [DNFCalculating] log_result_queue_info:1367: calc#2: 排行: after final remaining_qize=0 sync_batch_size=100 processed_result=30, speed=56.75/s totalWork=7
2021-06-10 15:25:04,754 INFO  [DNFCalculating] 计算线程:1354: 开始计算
2021-06-10 15:25:05,555 INFO  [DNFCalculating] log_result_queue_info:1367: calc#3: 排行: try_fetch_result_in_background remaining_qize=0 sync_batch_size=100 processed_result=0, speed=0.00/s totalWork=7
2021-06-10 15:25:05,574 WARNI [DNFCalculating] 计算线程:1476: 所有工作线程均已完成计算，总计用时=0.82s
2021-06-10 15:25:06,062 INFO  [DNFCalculating] log_result_queue_info:1367: calc#3: 排行: after join remaining_qize=7 sync_batch_size=100 processed_result=0, speed=0.00/s totalWork=7
2021-06-10 15:25:06,066 INFO  [DNFCalculating] log_result_queue_info:1367: calc#3: 排行: after final remaining_qize=0 sync_batch_size=100 processed_result=7, speed=13.55/s totalWork=7
2021-06-10 15:25:14,210 INFO  [DNFCalculating] 计算线程:1354: 开始计算
2021-06-10 15:25:14,757 INFO  [DNFCalculating] log_result_queue_info:1367: calc#4: 排行: try_fetch_result_in_background remaining_qize=0 sync_batch_size=100 processed_result=0, speed=0.00/s totalWork=7
2021-06-10 15:25:14,800 WARNI [DNFCalculating] 计算线程:1476: 所有工作线程均已完成计算，总计用时=0.59s
2021-06-10 15:25:15,272 INFO  [DNFCalculating] log_result_queue_info:1367: calc#4: 排行: after join remaining_qize=7 sync_batch_size=100 processed_result=0, speed=0.00/s totalWork=7
2021-06-10 15:25:15,275 INFO  [DNFCalculating] log_result_queue_info:1367: calc#4: 排行: after final remaining_qize=0 sync_batch_size=100 processed_result=30, speed=57.34/s totalWork=7
2021-06-10 15:25:58,606 INFO  [DNFCalculating] 计算线程:1354: 开始计算
2021-06-10 15:25:59,202 INFO  [DNFCalculating] log_result_queue_info:1367: calc#5: 排行: try_fetch_result_in_background remaining_qize=0 sync_batch_size=100 processed_result=0, speed=0.00/s totalWork=7
2021-06-10 15:25:59,554 WARNI [DNFCalculating] 计算线程:1476: 所有工作线程均已完成计算，总计用时=0.95s
2021-06-10 15:25:59,713 INFO  [DNFCalculating] log_result_queue_info:1367: calc#5: 排行: after join remaining_qize=7 sync_batch_size=100 processed_result=0, speed=0.00/s totalWork=7
2021-06-10 15:25:59,718 INFO  [DNFCalculating] log_result_queue_info:1367: calc#5: 排行: after final remaining_qize=0 sync_batch_size=100 processed_result=186, speed=354.78/s totalWork=7
