2021-06-08 20:28:38,148 DEBUG [urllib3.connectionpool] _new_conn:971: Starting new HTTPS connection (1): pan.lanzous.com:443
2021-06-08 20:28:38,378 DEBUG [urllib3.connectionpool] _new_conn:971: Starting new HTTPS connection (1): pan.lanzous.com:443
2021-06-08 20:29:18,907 INFO  [DNFCalculating] 计算线程:1354: 开始计算
2021-06-08 20:29:19,601 INFO  [DNFCalculating] log_result_queue_info:1367: calc#1: 排行: try_fetch_result_in_background remaining_qize=0 sync_batch_size=100 processed_result=0, speed=0.00/s totalWork=0
2021-06-08 20:29:20,200 INFO  [DNFCalculating] log_result_queue_info:1367: calc#1: 排行: try_fetch_result_in_background remaining_qize=0 sync_batch_size=100 processed_result=0, speed=0.00/s totalWork=0
2021-06-08 20:29:20,769 INFO  [DNFCalculating] log_result_queue_info:1367: calc#1: 排行: try_fetch_result_in_background remaining_qize=0 sync_batch_size=100 processed_result=0, speed=0.00/s totalWork=7
2021-06-08 20:29:21,276 INFO  [DNFCalculating] log_result_queue_info:1367: calc#1: 排行: try_fetch_result_in_background remaining_qize=1 sync_batch_size=100 processed_result=0, speed=0.00/s totalWork=7
2021-06-08 20:29:21,783 INFO  [DNFCalculating] log_result_queue_info:1367: calc#1: 排行: try_fetch_result_in_background remaining_qize=3 sync_batch_size=100 processed_result=100, speed=42.53/s totalWork=7
2021-06-08 20:29:22,291 INFO  [DNFCalculating] log_result_queue_info:1367: calc#1: 排行: try_fetch_result_in_background remaining_qize=2 sync_batch_size=100 processed_result=400, speed=139.93/s totalWork=7
2021-06-08 20:29:22,799 INFO  [DNFCalculating] log_result_queue_info:1367: calc#1: 排行: try_fetch_result_in_background remaining_qize=3 sync_batch_size=100 processed_result=600, speed=178.26/s totalWork=7
2021-06-08 20:29:23,306 INFO  [DNFCalculating] log_result_queue_info:1367: calc#1: 排行: try_fetch_result_in_background remaining_qize=4 sync_batch_size=100 processed_result=900, speed=232.36/s totalWork=7
2021-06-08 20:29:23,308 INFO  [DNFCalculating] log_result_queue_info:1367: calc#1: 排行: try_fetch_result periodly report remaining_qize=3 sync_batch_size=100 processed_result=1000, speed=258.05/s totalWork=7
2021-06-08 20:29:23,813 INFO  [DNFCalculating] log_result_queue_info:1367: calc#1: 排行: try_fetch_result_in_background remaining_qize=6 sync_batch_size=100 processed_result=1300, speed=296.74/s totalWork=7
2021-06-08 20:29:23,815 INFO  [DNFCalculating] log_result_queue_info:1367: calc#1: 排行: try_fetch_result periodly report remaining_qize=5 sync_batch_size=100 processed_result=1400, speed=319.44/s totalWork=7
2021-06-08 20:29:24,336 INFO  [DNFCalculating] log_result_queue_info:1367: calc#1: 排行: try_fetch_result_in_background remaining_qize=7 sync_batch_size=100 processed_result=1900, speed=387.46/s totalWork=7
2021-06-08 20:29:24,337 INFO  [DNFCalculating] log_result_queue_info:1367: calc#1: 排行: try_fetch_result periodly report remaining_qize=6 sync_batch_size=100 processed_result=2000, speed=407.75/s totalWork=7
2021-06-08 20:29:24,859 INFO  [DNFCalculating] log_result_queue_info:1367: calc#1: 排行: try_fetch_result_in_background remaining_qize=3 sync_batch_size=100 processed_result=2700, speed=497.59/s totalWork=7
2021-06-08 20:29:24,860 INFO  [DNFCalculating] log_result_queue_info:1367: calc#1: 排行: try_fetch_result periodly report remaining_qize=2 sync_batch_size=100 processed_result=2800, speed=515.83/s totalWork=7
2021-06-08 20:29:24,863 INFO  [DNFCalculating] log_result_queue_info:1367: calc#1: 排行: try_fetch_result periodly report remaining_qize=0 sync_batch_size=100 processed_result=3000, speed=552.37/s totalWork=7
2021-06-08 20:29:25,366 INFO  [DNFCalculating] log_result_queue_info:1367: calc#1: 排行: try_fetch_result_in_background remaining_qize=5 sync_batch_size=100 processed_result=3000, speed=505.57/s totalWork=7
2021-06-08 20:29:25,368 INFO  [DNFCalculating] log_result_queue_info:1367: calc#1: 排行: try_fetch_result periodly report remaining_qize=4 sync_batch_size=100 processed_result=3100, speed=522.27/s totalWork=7
2021-06-08 20:29:25,873 INFO  [DNFCalculating] log_result_queue_info:1367: calc#1: 排行: try_fetch_result_in_background remaining_qize=5 sync_batch_size=100 processed_result=3500, speed=543.39/s totalWork=7
2021-06-08 20:29:25,875 INFO  [DNFCalculating] log_result_queue_info:1367: calc#1: 排行: try_fetch_result periodly report remaining_qize=4 sync_batch_size=100 processed_result=3600, speed=558.74/s totalWork=7
2021-06-08 20:29:25,881 INFO  [DNFCalculating] log_result_queue_info:1367: calc#1: 排行: try_fetch_result periodly report remaining_qize=0 sync_batch_size=100 processed_result=4000, speed=620.26/s totalWork=7
2021-06-08 20:29:26,396 INFO  [DNFCalculating] log_result_queue_info:1367: calc#1: 排行: try_fetch_result_in_background remaining_qize=6 sync_batch_size=100 processed_result=4000, speed=574.39/s totalWork=7
2021-06-08 20:29:26,398 INFO  [DNFCalculating] log_result_queue_info:1367: calc#1: 排行: try_fetch_result periodly report remaining_qize=5 sync_batch_size=100 processed_result=4100, speed=588.59/s totalWork=7
2021-06-08 20:29:26,919 INFO  [DNFCalculating] log_result_queue_info:1367: calc#1: 排行: try_fetch_result_in_background remaining_qize=6 sync_batch_size=100 processed_result=4600, speed=614.43/s totalWork=7
2021-06-08 20:29:26,921 INFO  [DNFCalculating] log_result_queue_info:1367: calc#1: 排行: try_fetch_result periodly report remaining_qize=5 sync_batch_size=100 processed_result=4700, speed=627.58/s totalWork=7
2021-06-08 20:29:26,926 INFO  [DNFCalculating] log_result_queue_info:1367: calc#1: 排行: try_fetch_result periodly report remaining_qize=2 sync_batch_size=100 processed_result=5000, speed=667.24/s totalWork=7
2021-06-08 20:29:27,442 INFO  [DNFCalculating] log_result_queue_info:1367: calc#1: 排行: try_fetch_result_in_background remaining_qize=3 sync_batch_size=100 processed_result=5200, speed=649.22/s totalWork=7
2021-06-08 20:29:27,444 INFO  [DNFCalculating] log_result_queue_info:1367: calc#1: 排行: try_fetch_result periodly report remaining_qize=2 sync_batch_size=100 processed_result=5300, speed=661.57/s totalWork=7
2021-06-08 20:29:27,950 INFO  [DNFCalculating] log_result_queue_info:1367: calc#1: 排行: try_fetch_result_in_background remaining_qize=6 sync_batch_size=100 processed_result=5600, speed=657.49/s totalWork=7
2021-06-08 20:29:27,951 INFO  [DNFCalculating] log_result_queue_info:1367: calc#1: 排行: try_fetch_result periodly report remaining_qize=5 sync_batch_size=100 processed_result=5700, speed=669.11/s totalWork=7
2021-06-08 20:29:27,956 INFO  [DNFCalculating] log_result_queue_info:1367: calc#1: 排行: try_fetch_result periodly report remaining_qize=2 sync_batch_size=100 processed_result=6000, speed=703.96/s totalWork=7
2021-06-08 20:29:28,472 INFO  [DNFCalculating] log_result_queue_info:1367: calc#1: 排行: try_fetch_result_in_background remaining_qize=5 sync_batch_size=100 processed_result=6200, speed=685.87/s totalWork=7
2021-06-08 20:29:28,474 INFO  [DNFCalculating] log_result_queue_info:1367: calc#1: 排行: try_fetch_result periodly report remaining_qize=4 sync_batch_size=100 processed_result=6300, speed=696.74/s totalWork=7
2021-06-08 20:29:28,994 INFO  [DNFCalculating] log_result_queue_info:1367: calc#1: 排行: try_fetch_result_in_background remaining_qize=4 sync_batch_size=100 processed_result=6700, speed=700.70/s totalWork=7
2021-06-08 20:29:28,996 INFO  [DNFCalculating] log_result_queue_info:1367: calc#1: 排行: try_fetch_result periodly report remaining_qize=3 sync_batch_size=100 processed_result=6800, speed=711.01/s totalWork=7
2021-06-08 20:29:28,999 INFO  [DNFCalculating] log_result_queue_info:1367: calc#1: 排行: try_fetch_result periodly report remaining_qize=1 sync_batch_size=100 processed_result=7000, speed=731.70/s totalWork=7
2021-06-08 20:29:29,502 INFO  [DNFCalculating] log_result_queue_info:1367: calc#1: 排行: try_fetch_result_in_background remaining_qize=6 sync_batch_size=100 processed_result=7100, speed=705.10/s totalWork=7
2021-06-08 20:29:29,504 INFO  [DNFCalculating] log_result_queue_info:1367: calc#1: 排行: try_fetch_result periodly report remaining_qize=5 sync_batch_size=100 processed_result=7200, speed=714.91/s totalWork=7
2021-06-08 20:29:30,024 INFO  [DNFCalculating] log_result_queue_info:1367: calc#1: 排行: try_fetch_result_in_background remaining_qize=6 sync_batch_size=100 processed_result=7700, speed=726.96/s totalWork=7
2021-06-08 20:29:30,026 INFO  [DNFCalculating] log_result_queue_info:1367: calc#1: 排行: try_fetch_result periodly report remaining_qize=5 sync_batch_size=100 processed_result=7800, speed=736.30/s totalWork=7
2021-06-08 20:29:30,029 INFO  [DNFCalculating] log_result_queue_info:1367: calc#1: 排行: try_fetch_result periodly report remaining_qize=3 sync_batch_size=100 processed_result=8000, speed=754.96/s totalWork=7
2021-06-08 20:29:30,547 INFO  [DNFCalculating] log_result_queue_info:1367: calc#1: 排行: try_fetch_result_in_background remaining_qize=4 sync_batch_size=100 processed_result=8300, speed=746.75/s totalWork=7
2021-06-08 20:29:30,549 INFO  [DNFCalculating] log_result_queue_info:1367: calc#1: 排行: try_fetch_result periodly report remaining_qize=3 sync_batch_size=100 processed_result=8400, speed=755.61/s totalWork=7
2021-06-08 20:29:31,055 INFO  [DNFCalculating] log_result_queue_info:1367: calc#1: 排行: try_fetch_result_in_background remaining_qize=6 sync_batch_size=100 processed_result=8700, speed=748.54/s totalWork=7
2021-06-08 20:29:31,057 INFO  [DNFCalculating] log_result_queue_info:1367: calc#1: 排行: try_fetch_result periodly report remaining_qize=5 sync_batch_size=100 processed_result=8800, speed=757.04/s totalWork=7
2021-06-08 20:29:31,060 INFO  [DNFCalculating] log_result_queue_info:1367: calc#1: 排行: try_fetch_result periodly report remaining_qize=3 sync_batch_size=100 processed_result=9000, speed=774.01/s totalWork=7
2021-06-08 20:29:31,577 INFO  [DNFCalculating] log_result_queue_info:1367: calc#1: 排行: try_fetch_result_in_background remaining_qize=6 sync_batch_size=100 processed_result=9300, speed=765.75/s totalWork=7
2021-06-08 20:29:31,579 INFO  [DNFCalculating] log_result_queue_info:1367: calc#1: 排行: try_fetch_result periodly report remaining_qize=5 sync_batch_size=100 processed_result=9400, speed=773.85/s totalWork=7
2021-06-08 20:29:32,100 INFO  [DNFCalculating] log_result_queue_info:1367: calc#1: 排行: try_fetch_result_in_background remaining_qize=4 sync_batch_size=100 processed_result=9900, speed=781.51/s totalWork=7
2021-06-08 20:29:32,102 INFO  [DNFCalculating] log_result_queue_info:1367: calc#1: 排行: try_fetch_result periodly report remaining_qize=3 sync_batch_size=100 processed_result=10000, speed=789.27/s totalWork=7
2021-06-08 20:29:32,608 INFO  [DNFCalculating] log_result_queue_info:1367: calc#1: 排行: try_fetch_result_in_background remaining_qize=5 sync_batch_size=100 processed_result=10300, speed=781.76/s totalWork=7
2021-06-08 20:29:32,609 INFO  [DNFCalculating] log_result_queue_info:1367: calc#1: 排行: try_fetch_result periodly report remaining_qize=4 sync_batch_size=100 processed_result=10400, speed=789.24/s totalWork=7
2021-06-08 20:29:33,130 INFO  [DNFCalculating] log_result_queue_info:1367: calc#1: 排行: try_fetch_result_in_background remaining_qize=6 sync_batch_size=100 processed_result=10800, speed=788.43/s totalWork=7
2021-06-08 20:29:33,132 INFO  [DNFCalculating] log_result_queue_info:1367: calc#1: 排行: try_fetch_result periodly report remaining_qize=5 sync_batch_size=100 processed_result=10900, speed=795.62/s totalWork=7
2021-06-08 20:29:33,134 INFO  [DNFCalculating] log_result_queue_info:1367: calc#1: 排行: try_fetch_result periodly report remaining_qize=4 sync_batch_size=100 processed_result=11000, speed=802.80/s totalWork=7
2021-06-08 20:29:33,653 INFO  [DNFCalculating] log_result_queue_info:1367: calc#1: 排行: try_fetch_result_in_background remaining_qize=5 sync_batch_size=100 processed_result=11400, speed=801.64/s totalWork=7
2021-06-08 20:29:33,655 INFO  [DNFCalculating] log_result_queue_info:1367: calc#1: 排行: try_fetch_result periodly report remaining_qize=4 sync_batch_size=100 processed_result=11500, speed=808.56/s totalWork=7
2021-06-08 20:29:34,176 INFO  [DNFCalculating] log_result_queue_info:1367: calc#1: 排行: try_fetch_result_in_background remaining_qize=4 sync_batch_size=100 processed_result=11900, speed=807.14/s totalWork=7
2021-06-08 20:29:34,178 INFO  [DNFCalculating] log_result_queue_info:1367: calc#1: 排行: try_fetch_result periodly report remaining_qize=3 sync_batch_size=100 processed_result=12000, speed=813.83/s totalWork=7
2021-06-08 20:29:34,683 INFO  [DNFCalculating] log_result_queue_info:1367: calc#1: 排行: try_fetch_result_in_background remaining_qize=6 sync_batch_size=100 processed_result=12300, speed=806.53/s totalWork=7
2021-06-08 20:29:34,685 INFO  [DNFCalculating] log_result_queue_info:1367: calc#1: 排行: try_fetch_result periodly report remaining_qize=5 sync_batch_size=100 processed_result=12400, speed=812.96/s totalWork=7
2021-06-08 20:29:35,206 INFO  [DNFCalculating] log_result_queue_info:1367: calc#1: 排行: try_fetch_result_in_background remaining_qize=5 sync_batch_size=100 processed_result=12900, speed=817.83/s totalWork=7
2021-06-08 20:29:35,208 INFO  [DNFCalculating] log_result_queue_info:1367: calc#1: 排行: try_fetch_result periodly report remaining_qize=4 sync_batch_size=100 processed_result=13000, speed=824.08/s totalWork=7
2021-06-08 20:29:35,728 INFO  [DNFCalculating] log_result_queue_info:1367: calc#1: 排行: try_fetch_result_in_background remaining_qize=5 sync_batch_size=100 processed_result=13400, speed=822.30/s totalWork=7
2021-06-08 20:29:35,730 INFO  [DNFCalculating] log_result_queue_info:1367: calc#1: 排行: try_fetch_result periodly report remaining_qize=4 sync_batch_size=100 processed_result=13500, speed=828.35/s totalWork=7
2021-06-08 20:29:36,251 INFO  [DNFCalculating] log_result_queue_info:1367: calc#1: 排行: try_fetch_result_in_background remaining_qize=6 sync_batch_size=100 processed_result=13900, speed=826.48/s totalWork=7
2021-06-08 20:29:36,253 INFO  [DNFCalculating] log_result_queue_info:1367: calc#1: 排行: try_fetch_result periodly report remaining_qize=5 sync_batch_size=100 processed_result=14000, speed=832.33/s totalWork=7
2021-06-08 20:29:36,773 INFO  [DNFCalculating] log_result_queue_info:1367: calc#1: 排行: try_fetch_result_in_background remaining_qize=6 sync_batch_size=100 processed_result=14500, speed=836.16/s totalWork=7
2021-06-08 20:29:36,775 INFO  [DNFCalculating] log_result_queue_info:1367: calc#1: 排行: try_fetch_result periodly report remaining_qize=5 sync_batch_size=100 processed_result=14600, speed=841.83/s totalWork=7
2021-06-08 20:29:36,781 INFO  [DNFCalculating] log_result_queue_info:1367: calc#1: 排行: try_fetch_result periodly report remaining_qize=1 sync_batch_size=100 processed_result=15000, speed=864.62/s totalWork=7
2021-06-08 20:29:37,297 INFO  [DNFCalculating] log_result_queue_info:1367: calc#1: 排行: try_fetch_result_in_background remaining_qize=4 sync_batch_size=100 processed_result=15100, speed=845.26/s totalWork=7
2021-06-08 20:29:37,299 INFO  [DNFCalculating] log_result_queue_info:1367: calc#1: 排行: try_fetch_result periodly report remaining_qize=3 sync_batch_size=100 processed_result=15200, speed=850.76/s totalWork=7
2021-06-08 20:29:37,804 INFO  [DNFCalculating] log_result_queue_info:1367: calc#1: 排行: try_fetch_result_in_background remaining_qize=5 sync_batch_size=100 processed_result=15500, speed=843.71/s totalWork=7
2021-06-08 20:29:37,806 INFO  [DNFCalculating] log_result_queue_info:1367: calc#1: 排行: try_fetch_result periodly report remaining_qize=4 sync_batch_size=100 processed_result=15600, speed=849.03/s totalWork=7
2021-06-08 20:29:37,812 INFO  [DNFCalculating] log_result_queue_info:1367: calc#1: 排行: try_fetch_result periodly report remaining_qize=0 sync_batch_size=100 processed_result=16000, speed=870.52/s totalWork=7
2021-06-08 20:29:38,327 INFO  [DNFCalculating] log_result_queue_info:1367: calc#1: 排行: try_fetch_result_in_background remaining_qize=7 sync_batch_size=100 processed_result=16000, speed=846.81/s totalWork=7
2021-06-08 20:29:38,328 INFO  [DNFCalculating] log_result_queue_info:1367: calc#1: 排行: try_fetch_result periodly report remaining_qize=6 sync_batch_size=100 processed_result=16100, speed=852.03/s totalWork=7
2021-06-08 20:29:38,849 INFO  [DNFCalculating] log_result_queue_info:1367: calc#1: 排行: try_fetch_result_in_background remaining_qize=3 sync_batch_size=100 processed_result=16700, speed=860.07/s totalWork=7
2021-06-08 20:29:38,851 INFO  [DNFCalculating] log_result_queue_info:1367: calc#1: 排行: try_fetch_result periodly report remaining_qize=2 sync_batch_size=100 processed_result=16800, speed=865.14/s totalWork=7
2021-06-08 20:29:38,854 INFO  [DNFCalculating] log_result_queue_info:1367: calc#1: 排行: try_fetch_result periodly report remaining_qize=0 sync_batch_size=100 processed_result=17000, speed=875.30/s totalWork=7
2021-06-08 20:29:39,357 INFO  [DNFCalculating] log_result_queue_info:1367: calc#1: 排行: try_fetch_result_in_background remaining_qize=5 sync_batch_size=100 processed_result=17000, speed=853.23/s totalWork=7
2021-06-08 20:29:39,359 INFO  [DNFCalculating] log_result_queue_info:1367: calc#1: 排行: try_fetch_result periodly report remaining_qize=4 sync_batch_size=100 processed_result=17100, speed=858.16/s totalWork=7
2021-06-08 20:29:39,880 INFO  [DNFCalculating] log_result_queue_info:1367: calc#1: 排行: try_fetch_result_in_background remaining_qize=7 sync_batch_size=100 processed_result=17500, speed=855.86/s totalWork=7
2021-06-08 20:29:39,881 INFO  [DNFCalculating] log_result_queue_info:1367: calc#1: 排行: try_fetch_result periodly report remaining_qize=6 sync_batch_size=100 processed_result=17600, speed=860.68/s totalWork=7
2021-06-08 20:29:39,887 INFO  [DNFCalculating] log_result_queue_info:1367: calc#1: 排行: try_fetch_result periodly report remaining_qize=2 sync_batch_size=100 processed_result=18000, speed=879.98/s totalWork=7
2021-06-08 20:29:40,402 INFO  [DNFCalculating] log_result_queue_info:1367: calc#1: 排行: try_fetch_result_in_background remaining_qize=4 sync_batch_size=100 processed_result=18200, speed=867.91/s totalWork=7
2021-06-08 20:29:40,404 INFO  [DNFCalculating] log_result_queue_info:1367: calc#1: 排行: try_fetch_result periodly report remaining_qize=3 sync_batch_size=100 processed_result=18300, speed=872.62/s totalWork=7
2021-06-08 20:29:40,925 INFO  [DNFCalculating] log_result_queue_info:1367: calc#1: 排行: try_fetch_result_in_background remaining_qize=4 sync_batch_size=100 processed_result=18700, speed=870.05/s totalWork=7
2021-06-08 20:29:40,927 INFO  [DNFCalculating] log_result_queue_info:1367: calc#1: 排行: try_fetch_result periodly report remaining_qize=3 sync_batch_size=100 processed_result=18800, speed=874.64/s totalWork=7
2021-06-08 20:29:40,930 INFO  [DNFCalculating] log_result_queue_info:1367: calc#1: 排行: try_fetch_result periodly report remaining_qize=1 sync_batch_size=100 processed_result=19000, speed=883.80/s totalWork=7
2021-06-08 20:29:41,448 INFO  [DNFCalculating] log_result_queue_info:1367: calc#1: 排行: try_fetch_result_in_background remaining_qize=6 sync_batch_size=100 processed_result=19100, speed=867.57/s totalWork=7
2021-06-08 20:29:41,450 INFO  [DNFCalculating] log_result_queue_info:1367: calc#1: 排行: try_fetch_result periodly report remaining_qize=6 sync_batch_size=100 processed_result=19200, speed=872.02/s totalWork=7
2021-06-08 20:29:41,971 INFO  [DNFCalculating] log_result_queue_info:1367: calc#1: 排行: try_fetch_result_in_background remaining_qize=0 sync_batch_size=100 processed_result=19800, speed=878.51/s totalWork=7
2021-06-08 20:29:42,478 INFO  [DNFCalculating] log_result_queue_info:1367: calc#1: 排行: try_fetch_result_in_background remaining_qize=7 sync_batch_size=100 processed_result=19800, speed=859.17/s totalWork=7
2021-06-08 20:29:42,480 INFO  [DNFCalculating] log_result_queue_info:1367: calc#1: 排行: try_fetch_result periodly report remaining_qize=6 sync_batch_size=100 processed_result=19900, speed=863.41/s totalWork=7
2021-06-08 20:29:42,483 INFO  [DNFCalculating] log_result_queue_info:1367: calc#1: 排行: try_fetch_result periodly report remaining_qize=5 sync_batch_size=100 processed_result=20000, speed=867.66/s totalWork=7
2021-06-08 20:29:43,000 INFO  [DNFCalculating] log_result_queue_info:1367: calc#1: 排行: try_fetch_result_in_background remaining_qize=1 sync_batch_size=100 processed_result=20500, speed=869.82/s totalWork=7
2021-06-08 20:29:43,003 INFO  [DNFCalculating] log_result_queue_info:1367: calc#1: 排行: try_fetch_result periodly report remaining_qize=0 sync_batch_size=100 processed_result=20600, speed=874.00/s totalWork=7
2021-06-08 20:29:43,508 INFO  [DNFCalculating] log_result_queue_info:1367: calc#1: 排行: try_fetch_result_in_background remaining_qize=7 sync_batch_size=100 processed_result=20600, speed=855.65/s totalWork=7
2021-06-08 20:29:43,511 INFO  [DNFCalculating] log_result_queue_info:1367: calc#1: 排行: try_fetch_result periodly report remaining_qize=6 sync_batch_size=100 processed_result=20700, speed=859.70/s totalWork=7
2021-06-08 20:29:43,515 INFO  [DNFCalculating] log_result_queue_info:1367: calc#1: 排行: try_fetch_result periodly report remaining_qize=3 sync_batch_size=100 processed_result=21000, speed=871.99/s totalWork=7
2021-06-08 20:29:44,030 INFO  [DNFCalculating] log_result_queue_info:1367: calc#1: 排行: try_fetch_result_in_background remaining_qize=1 sync_batch_size=100 processed_result=21300, speed=865.92/s totalWork=7
2021-06-08 20:29:44,033 INFO  [DNFCalculating] log_result_queue_info:1367: calc#1: 排行: try_fetch_result periodly report remaining_qize=0 sync_batch_size=100 processed_result=21400, speed=869.90/s totalWork=7
2021-06-08 20:29:44,538 INFO  [DNFCalculating] log_result_queue_info:1367: calc#1: 排行: try_fetch_result_in_background remaining_qize=5 sync_batch_size=100 processed_result=21400, speed=852.40/s totalWork=7
2021-06-08 20:29:44,540 INFO  [DNFCalculating] log_result_queue_info:1367: calc#1: 排行: try_fetch_result periodly report remaining_qize=4 sync_batch_size=100 processed_result=21500, speed=856.30/s totalWork=7
2021-06-08 20:29:45,061 INFO  [DNFCalculating] log_result_queue_info:1367: calc#1: 排行: try_fetch_result_in_background remaining_qize=4 sync_batch_size=100 processed_result=21900, speed=854.52/s totalWork=7
2021-06-08 20:29:45,063 INFO  [DNFCalculating] log_result_queue_info:1367: calc#1: 排行: try_fetch_result periodly report remaining_qize=3 sync_batch_size=100 processed_result=22000, speed=858.34/s totalWork=7
2021-06-08 20:29:45,583 INFO  [DNFCalculating] log_result_queue_info:1367: calc#1: 排行: try_fetch_result_in_background remaining_qize=5 sync_batch_size=100 processed_result=22300, speed=852.74/s totalWork=7
2021-06-08 20:29:45,586 INFO  [DNFCalculating] log_result_queue_info:1367: calc#1: 排行: try_fetch_result periodly report remaining_qize=4 sync_batch_size=100 processed_result=22400, speed=856.48/s totalWork=7
2021-06-08 20:29:46,106 INFO  [DNFCalculating] log_result_queue_info:1367: calc#1: 排行: try_fetch_result_in_background remaining_qize=2 sync_batch_size=100 processed_result=22800, speed=854.77/s totalWork=7
2021-06-08 20:29:46,109 INFO  [DNFCalculating] log_result_queue_info:1367: calc#1: 排行: try_fetch_result periodly report remaining_qize=1 sync_batch_size=100 processed_result=22900, speed=858.45/s totalWork=7
2021-06-08 20:29:46,110 INFO  [DNFCalculating] log_result_queue_info:1367: calc#1: 排行: try_fetch_result periodly report remaining_qize=0 sync_batch_size=100 processed_result=23000, speed=862.14/s totalWork=7
2021-06-08 20:29:46,614 INFO  [DNFCalculating] log_result_queue_info:1367: calc#1: 排行: try_fetch_result_in_background remaining_qize=5 sync_batch_size=100 processed_result=23000, speed=846.17/s totalWork=7
2021-06-08 20:29:46,616 INFO  [DNFCalculating] log_result_queue_info:1367: calc#1: 排行: try_fetch_result periodly report remaining_qize=4 sync_batch_size=100 processed_result=23100, speed=849.77/s totalWork=7
2021-06-08 20:29:47,136 INFO  [DNFCalculating] log_result_queue_info:1367: calc#1: 排行: try_fetch_result_in_background remaining_qize=4 sync_batch_size=100 processed_result=23500, speed=848.25/s totalWork=7
2021-06-08 20:29:47,139 INFO  [DNFCalculating] log_result_queue_info:1367: calc#1: 排行: try_fetch_result periodly report remaining_qize=3 sync_batch_size=100 processed_result=23600, speed=851.77/s totalWork=7
2021-06-08 20:29:47,660 INFO  [DNFCalculating] log_result_queue_info:1367: calc#1: 排行: try_fetch_result_in_background remaining_qize=3 sync_batch_size=100 processed_result=23900, speed=846.70/s totalWork=7
2021-06-08 20:29:47,661 INFO  [DNFCalculating] log_result_queue_info:1367: calc#1: 排行: try_fetch_result periodly report remaining_qize=2 sync_batch_size=100 processed_result=24000, speed=850.19/s totalWork=7
2021-06-08 20:29:48,167 INFO  [DNFCalculating] log_result_queue_info:1367: calc#1: 排行: try_fetch_result_in_background remaining_qize=4 sync_batch_size=100 processed_result=24200, speed=842.19/s totalWork=7
2021-06-08 20:29:48,169 INFO  [DNFCalculating] log_result_queue_info:1367: calc#1: 排行: try_fetch_result periodly report remaining_qize=3 sync_batch_size=100 processed_result=24300, speed=845.60/s totalWork=7
2021-06-08 20:29:48,690 INFO  [DNFCalculating] log_result_queue_info:1367: calc#1: 排行: try_fetch_result_in_background remaining_qize=3 sync_batch_size=100 processed_result=24600, speed=840.81/s totalWork=7
2021-06-08 20:29:48,692 INFO  [DNFCalculating] log_result_queue_info:1367: calc#1: 排行: try_fetch_result periodly report remaining_qize=2 sync_batch_size=100 processed_result=24700, speed=844.17/s totalWork=7
2021-06-08 20:29:49,197 INFO  [DNFCalculating] log_result_queue_info:1367: calc#1: 排行: try_fetch_result_in_background remaining_qize=4 sync_batch_size=100 processed_result=24900, speed=836.57/s totalWork=7
2021-06-08 20:29:49,199 INFO  [DNFCalculating] log_result_queue_info:1367: calc#1: 排行: try_fetch_result periodly report remaining_qize=3 sync_batch_size=100 processed_result=25000, speed=839.87/s totalWork=7
2021-06-08 20:29:49,720 INFO  [DNFCalculating] log_result_queue_info:1367: calc#1: 排行: try_fetch_result_in_background remaining_qize=3 sync_batch_size=100 processed_result=25300, speed=835.34/s totalWork=7
2021-06-08 20:29:49,722 INFO  [DNFCalculating] log_result_queue_info:1367: calc#1: 排行: try_fetch_result periodly report remaining_qize=2 sync_batch_size=100 processed_result=25400, speed=838.56/s totalWork=7
2021-06-08 20:29:50,227 INFO  [DNFCalculating] log_result_queue_info:1367: calc#1: 排行: try_fetch_result_in_background remaining_qize=4 sync_batch_size=100 processed_result=25600, speed=831.31/s totalWork=7
2021-06-08 20:29:50,229 INFO  [DNFCalculating] log_result_queue_info:1367: calc#1: 排行: try_fetch_result periodly report remaining_qize=3 sync_batch_size=100 processed_result=25700, speed=834.51/s totalWork=7
2021-06-08 20:29:50,234 INFO  [DNFCalculating] log_result_queue_info:1367: calc#1: 排行: try_fetch_result periodly report remaining_qize=0 sync_batch_size=100 processed_result=26000, speed=844.11/s totalWork=7
2021-06-08 20:29:50,750 INFO  [DNFCalculating] log_result_queue_info:1367: calc#1: 排行: try_fetch_result_in_background remaining_qize=3 sync_batch_size=100 processed_result=26000, speed=830.21/s totalWork=7
2021-06-08 20:29:50,752 INFO  [DNFCalculating] log_result_queue_info:1367: calc#1: 排行: try_fetch_result periodly report remaining_qize=2 sync_batch_size=100 processed_result=26100, speed=833.35/s totalWork=7
2021-06-08 20:29:51,257 INFO  [DNFCalculating] log_result_queue_info:1367: calc#1: 排行: try_fetch_result_in_background remaining_qize=4 sync_batch_size=100 processed_result=26300, speed=826.41/s totalWork=7
2021-06-08 20:29:51,259 INFO  [DNFCalculating] log_result_queue_info:1367: calc#1: 排行: try_fetch_result periodly report remaining_qize=3 sync_batch_size=100 processed_result=26400, speed=829.50/s totalWork=7
2021-06-08 20:29:51,779 INFO  [DNFCalculating] log_result_queue_info:1367: calc#1: 排行: try_fetch_result_in_background remaining_qize=3 sync_batch_size=100 processed_result=26800, speed=828.53/s totalWork=7
2021-06-08 20:29:51,781 INFO  [DNFCalculating] log_result_queue_info:1367: calc#1: 排行: try_fetch_result periodly report remaining_qize=2 sync_batch_size=100 processed_result=26900, speed=831.55/s totalWork=7
2021-06-08 20:29:51,783 INFO  [DNFCalculating] log_result_queue_info:1367: calc#1: 排行: try_fetch_result periodly report remaining_qize=1 sync_batch_size=100 processed_result=27000, speed=834.59/s totalWork=7
2021-06-08 20:29:52,287 INFO  [DNFCalculating] log_result_queue_info:1367: calc#1: 排行: try_fetch_result_in_background remaining_qize=3 sync_batch_size=100 processed_result=27100, speed=824.86/s totalWork=7
2021-06-08 20:29:52,289 INFO  [DNFCalculating] log_result_queue_info:1367: calc#1: 排行: try_fetch_result periodly report remaining_qize=2 sync_batch_size=100 processed_result=27200, speed=827.84/s totalWork=7
2021-06-08 20:29:52,794 INFO  [DNFCalculating] log_result_queue_info:1367: calc#1: 排行: try_fetch_result_in_background remaining_qize=5 sync_batch_size=100 processed_result=27400, speed=821.31/s totalWork=7
2021-06-08 20:29:52,796 INFO  [DNFCalculating] log_result_queue_info:1367: calc#1: 排行: try_fetch_result periodly report remaining_qize=4 sync_batch_size=100 processed_result=27500, speed=824.24/s totalWork=7
2021-06-08 20:29:53,317 INFO  [DNFCalculating] log_result_queue_info:1367: calc#1: 排行: try_fetch_result_in_background remaining_qize=2 sync_batch_size=100 processed_result=27900, speed=823.39/s totalWork=7
2021-06-08 20:29:53,319 INFO  [DNFCalculating] log_result_queue_info:1367: calc#1: 排行: try_fetch_result periodly report remaining_qize=1 sync_batch_size=100 processed_result=28000, speed=826.27/s totalWork=7
2021-06-08 20:29:53,824 INFO  [DNFCalculating] log_result_queue_info:1367: calc#1: 排行: try_fetch_result_in_background remaining_qize=4 sync_batch_size=100 processed_result=28100, speed=817.06/s totalWork=7
2021-06-08 20:29:53,826 INFO  [DNFCalculating] log_result_queue_info:1367: calc#1: 排行: try_fetch_result periodly report remaining_qize=3 sync_batch_size=100 processed_result=28200, speed=819.91/s totalWork=7
2021-06-08 20:29:54,347 INFO  [DNFCalculating] log_result_queue_info:1367: calc#1: 排行: try_fetch_result_in_background remaining_qize=3 sync_batch_size=100 processed_result=28500, speed=816.28/s totalWork=7
2021-06-08 20:29:54,349 INFO  [DNFCalculating] log_result_queue_info:1367: calc#1: 排行: try_fetch_result periodly report remaining_qize=2 sync_batch_size=100 processed_result=28600, speed=819.10/s totalWork=7
2021-06-08 20:29:54,854 INFO  [DNFCalculating] log_result_queue_info:1367: calc#1: 排行: try_fetch_result_in_background remaining_qize=5 sync_batch_size=100 processed_result=28800, speed=813.06/s totalWork=7
2021-06-08 20:29:54,857 INFO  [DNFCalculating] log_result_queue_info:1367: calc#1: 排行: try_fetch_result periodly report remaining_qize=4 sync_batch_size=100 processed_result=28900, speed=815.82/s totalWork=7
2021-06-08 20:29:54,859 INFO  [DNFCalculating] log_result_queue_info:1367: calc#1: 排行: try_fetch_result periodly report remaining_qize=3 sync_batch_size=100 processed_result=29000, speed=818.59/s totalWork=7
2021-06-08 20:29:55,377 INFO  [DNFCalculating] log_result_queue_info:1367: calc#1: 排行: try_fetch_result_in_background remaining_qize=3 sync_batch_size=100 processed_result=29300, speed=815.14/s totalWork=7
2021-06-08 20:29:55,379 INFO  [DNFCalculating] log_result_queue_info:1367: calc#1: 排行: try_fetch_result periodly report remaining_qize=2 sync_batch_size=100 processed_result=29400, speed=817.87/s totalWork=7
2021-06-08 20:29:55,885 INFO  [DNFCalculating] log_result_queue_info:1367: calc#1: 排行: try_fetch_result_in_background remaining_qize=4 sync_batch_size=100 processed_result=29600, speed=812.02/s totalWork=7
2021-06-08 20:29:55,887 INFO  [DNFCalculating] log_result_queue_info:1367: calc#1: 排行: try_fetch_result periodly report remaining_qize=3 sync_batch_size=100 processed_result=29700, speed=814.70/s totalWork=7
2021-06-08 20:29:55,893 INFO  [DNFCalculating] log_result_queue_info:1367: calc#1: 排行: try_fetch_result periodly report remaining_qize=0 sync_batch_size=100 processed_result=30000, speed=822.81/s totalWork=7
2021-06-08 20:29:56,407 INFO  [DNFCalculating] log_result_queue_info:1367: calc#1: 排行: try_fetch_result_in_background remaining_qize=4 sync_batch_size=100 processed_result=30000, speed=811.36/s totalWork=7
2021-06-08 20:29:56,410 INFO  [DNFCalculating] log_result_queue_info:1367: calc#1: 排行: try_fetch_result periodly report remaining_qize=3 sync_batch_size=100 processed_result=30100, speed=814.01/s totalWork=7
2021-06-08 20:29:56,915 INFO  [DNFCalculating] log_result_queue_info:1367: calc#1: 排行: try_fetch_result_in_background remaining_qize=4 sync_batch_size=100 processed_result=30349, speed=809.68/s totalWork=7
2021-06-08 20:29:56,917 INFO  [DNFCalculating] log_result_queue_info:1367: calc#1: 排行: try_fetch_result periodly report remaining_qize=3 sync_batch_size=100 processed_result=30449, speed=812.31/s totalWork=7
2021-06-08 20:29:57,437 INFO  [DNFCalculating] log_result_queue_info:1367: calc#1: 排行: try_fetch_result_in_background remaining_qize=2 sync_batch_size=100 processed_result=30749, speed=809.08/s totalWork=7
2021-06-08 20:29:57,439 INFO  [DNFCalculating] log_result_queue_info:1367: calc#1: 排行: try_fetch_result periodly report remaining_qize=1 sync_batch_size=100 processed_result=30849, speed=811.67/s totalWork=7
2021-06-08 20:29:57,945 INFO  [DNFCalculating] log_result_queue_info:1367: calc#1: 排行: try_fetch_result_in_background remaining_qize=4 sync_batch_size=100 processed_result=30949, speed=803.61/s totalWork=7
2021-06-08 20:29:57,947 INFO  [DNFCalculating] log_result_queue_info:1367: calc#1: 排行: try_fetch_result periodly report remaining_qize=3 sync_batch_size=100 processed_result=31049, speed=806.16/s totalWork=7
2021-06-08 20:29:58,468 INFO  [DNFCalculating] log_result_queue_info:1367: calc#1: 排行: try_fetch_result_in_background remaining_qize=5 sync_batch_size=100 processed_result=31349, speed=803.09/s totalWork=7
2021-06-08 20:29:58,469 INFO  [DNFCalculating] log_result_queue_info:1367: calc#1: 排行: try_fetch_result periodly report remaining_qize=4 sync_batch_size=100 processed_result=31449, speed=805.62/s totalWork=7
2021-06-08 20:29:58,991 INFO  [DNFCalculating] log_result_queue_info:1367: calc#1: 排行: try_fetch_result_in_background remaining_qize=2 sync_batch_size=100 processed_result=31849, speed=805.12/s totalWork=7
2021-06-08 20:29:58,993 INFO  [DNFCalculating] log_result_queue_info:1367: calc#1: 排行: try_fetch_result periodly report remaining_qize=1 sync_batch_size=100 processed_result=31949, speed=807.60/s totalWork=7
2021-06-08 20:29:58,995 INFO  [DNFCalculating] log_result_queue_info:1367: calc#1: 排行: try_fetch_result periodly report remaining_qize=0 sync_batch_size=100 processed_result=32049, speed=810.09/s totalWork=7
2021-06-08 20:29:59,498 INFO  [DNFCalculating] log_result_queue_info:1367: calc#1: 排行: try_fetch_result_in_background remaining_qize=4 sync_batch_size=100 processed_result=32049, speed=799.92/s totalWork=7
2021-06-08 20:29:59,500 INFO  [DNFCalculating] log_result_queue_info:1367: calc#1: 排行: try_fetch_result periodly report remaining_qize=3 sync_batch_size=100 processed_result=32149, speed=802.36/s totalWork=7
2021-06-08 20:30:00,035 INFO  [DNFCalculating] log_result_queue_info:1367: calc#1: 排行: try_fetch_result_in_background remaining_qize=3 sync_batch_size=100 processed_result=32449, speed=799.17/s totalWork=7
2021-06-08 20:30:00,038 INFO  [DNFCalculating] log_result_queue_info:1367: calc#1: 排行: try_fetch_result periodly report remaining_qize=2 sync_batch_size=100 processed_result=32549, speed=801.59/s totalWork=7
2021-06-08 20:30:00,542 INFO  [DNFCalculating] log_result_queue_info:1367: calc#1: 排行: try_fetch_result_in_background remaining_qize=4 sync_batch_size=100 processed_result=32749, speed=796.62/s totalWork=7
2021-06-08 20:30:00,545 INFO  [DNFCalculating] log_result_queue_info:1367: calc#1: 排行: try_fetch_result periodly report remaining_qize=3 sync_batch_size=100 processed_result=32849, speed=799.01/s totalWork=7
2021-06-08 20:30:00,549 INFO  [DNFCalculating] log_result_queue_info:1367: calc#1: 排行: try_fetch_result periodly report remaining_qize=1 sync_batch_size=100 processed_result=33049, speed=803.79/s totalWork=7
2021-06-08 20:30:01,065 INFO  [DNFCalculating] log_result_queue_info:1367: calc#1: 排行: try_fetch_result_in_background remaining_qize=3 sync_batch_size=100 processed_result=33149, speed=796.22/s totalWork=7
2021-06-08 20:30:01,067 INFO  [DNFCalculating] log_result_queue_info:1367: calc#1: 排行: try_fetch_result periodly report remaining_qize=2 sync_batch_size=100 processed_result=33249, speed=798.59/s totalWork=7
2021-06-08 20:30:01,573 INFO  [DNFCalculating] log_result_queue_info:1367: calc#1: 排行: try_fetch_result_in_background remaining_qize=3 sync_batch_size=100 processed_result=33449, speed=793.76/s totalWork=7
2021-06-08 20:30:01,574 INFO  [DNFCalculating] log_result_queue_info:1367: calc#1: 排行: try_fetch_result periodly report remaining_qize=2 sync_batch_size=100 processed_result=33549, speed=796.09/s totalWork=7
2021-06-08 20:30:02,079 INFO  [DNFCalculating] log_result_queue_info:1367: calc#1: 排行: try_fetch_result_in_background remaining_qize=5 sync_batch_size=100 processed_result=33749, speed=791.36/s totalWork=7
2021-06-08 20:30:02,082 INFO  [DNFCalculating] log_result_queue_info:1367: calc#1: 排行: try_fetch_result periodly report remaining_qize=4 sync_batch_size=100 processed_result=33849, speed=793.65/s totalWork=7
2021-06-08 20:30:02,086 INFO  [DNFCalculating] log_result_queue_info:1367: calc#1: 排行: try_fetch_result periodly report remaining_qize=2 sync_batch_size=100 processed_result=34049, speed=798.27/s totalWork=7
2021-06-08 20:30:02,603 INFO  [DNFCalculating] log_result_queue_info:1367: calc#1: 排行: try_fetch_result_in_background remaining_qize=1 sync_batch_size=100 processed_result=34249, speed=793.35/s totalWork=7
2021-06-08 20:30:02,605 INFO  [DNFCalculating] log_result_queue_info:1367: calc#1: 排行: try_fetch_result periodly report remaining_qize=0 sync_batch_size=100 processed_result=34349, speed=795.63/s totalWork=7
2021-06-08 20:30:03,110 INFO  [DNFCalculating] log_result_queue_info:1367: calc#1: 排行: try_fetch_result_in_background remaining_qize=6 sync_batch_size=100 processed_result=34349, speed=786.43/s totalWork=7
2021-06-08 20:30:03,113 INFO  [DNFCalculating] log_result_queue_info:1367: calc#1: 排行: try_fetch_result periodly report remaining_qize=5 sync_batch_size=100 processed_result=34449, speed=788.66/s totalWork=7
2021-06-08 20:30:03,632 INFO  [DNFCalculating] log_result_queue_info:1367: calc#1: 排行: try_fetch_result_in_background remaining_qize=1 sync_batch_size=100 processed_result=34949, speed=790.70/s totalWork=7
2021-06-08 20:30:03,635 INFO  [DNFCalculating] log_result_queue_info:1367: calc#1: 排行: try_fetch_result periodly report remaining_qize=0 sync_batch_size=100 processed_result=35049, speed=792.93/s totalWork=7
2021-06-08 20:30:04,140 INFO  [DNFCalculating] log_result_queue_info:1367: calc#1: 排行: try_fetch_result_in_background remaining_qize=5 sync_batch_size=100 processed_result=35049, speed=783.95/s totalWork=7
2021-06-08 20:30:04,142 INFO  [DNFCalculating] log_result_queue_info:1367: calc#1: 排行: try_fetch_result periodly report remaining_qize=4 sync_batch_size=100 processed_result=35149, speed=786.16/s totalWork=7
2021-06-08 20:30:04,662 INFO  [DNFCalculating] log_result_queue_info:1367: calc#1: 排行: try_fetch_result_in_background remaining_qize=2 sync_batch_size=100 processed_result=35549, speed=785.96/s totalWork=7
2021-06-08 20:30:04,664 INFO  [DNFCalculating] log_result_queue_info:1367: calc#1: 排行: try_fetch_result periodly report remaining_qize=1 sync_batch_size=100 processed_result=35649, speed=788.13/s totalWork=7
2021-06-08 20:30:05,170 INFO  [DNFCalculating] log_result_queue_info:1367: calc#1: 排行: try_fetch_result_in_background remaining_qize=4 sync_batch_size=100 processed_result=35749, speed=781.61/s totalWork=7
2021-06-08 20:30:05,172 INFO  [DNFCalculating] log_result_queue_info:1367: calc#1: 排行: try_fetch_result periodly report remaining_qize=3 sync_batch_size=100 processed_result=35849, speed=783.75/s totalWork=7
2021-06-08 20:30:05,177 INFO  [DNFCalculating] log_result_queue_info:1367: calc#1: 排行: try_fetch_result periodly report remaining_qize=1 sync_batch_size=100 processed_result=36049, speed=788.06/s totalWork=7
2021-06-08 20:30:05,693 INFO  [DNFCalculating] log_result_queue_info:1367: calc#1: 排行: try_fetch_result_in_background remaining_qize=4 sync_batch_size=100 processed_result=36149, speed=781.43/s totalWork=7
2021-06-08 20:30:05,695 INFO  [DNFCalculating] log_result_queue_info:1367: calc#1: 排行: try_fetch_result periodly report remaining_qize=3 sync_batch_size=100 processed_result=36249, speed=783.55/s totalWork=7
2021-06-08 20:30:06,215 INFO  [DNFCalculating] log_result_queue_info:1367: calc#1: 排行: try_fetch_result_in_background remaining_qize=2 sync_batch_size=100 processed_result=36549, speed=781.25/s totalWork=7
2021-06-08 20:30:06,218 INFO  [DNFCalculating] log_result_queue_info:1367: calc#1: 排行: try_fetch_result periodly report remaining_qize=1 sync_batch_size=100 processed_result=36649, speed=783.35/s totalWork=7
2021-06-08 20:30:06,723 INFO  [DNFCalculating] log_result_queue_info:1367: calc#1: 排行: try_fetch_result_in_background remaining_qize=4 sync_batch_size=100 processed_result=36749, speed=777.10/s totalWork=7
2021-06-08 20:30:06,724 INFO  [DNFCalculating] log_result_queue_info:1367: calc#1: 排行: try_fetch_result periodly report remaining_qize=3 sync_batch_size=100 processed_result=36849, speed=779.18/s totalWork=7
2021-06-08 20:30:06,728 INFO  [DNFCalculating] log_result_queue_info:1367: calc#1: 排行: try_fetch_result periodly report remaining_qize=1 sync_batch_size=100 processed_result=37049, speed=783.34/s totalWork=7
2021-06-08 20:30:07,245 INFO  [DNFCalculating] log_result_queue_info:1367: calc#1: 排行: try_fetch_result_in_background remaining_qize=3 sync_batch_size=100 processed_result=37149, speed=776.96/s totalWork=7
2021-06-08 20:30:07,248 INFO  [DNFCalculating] log_result_queue_info:1367: calc#1: 排行: try_fetch_result periodly report remaining_qize=2 sync_batch_size=100 processed_result=37249, speed=779.02/s totalWork=7
2021-06-08 20:30:07,753 INFO  [DNFCalculating] log_result_queue_info:1367: calc#1: 排行: try_fetch_result_in_background remaining_qize=5 sync_batch_size=100 processed_result=37449, speed=775.01/s totalWork=7
2021-06-08 20:30:07,755 INFO  [DNFCalculating] log_result_queue_info:1367: calc#1: 排行: try_fetch_result periodly report remaining_qize=4 sync_batch_size=100 processed_result=37549, speed=777.05/s totalWork=7
2021-06-08 20:30:08,276 INFO  [DNFCalculating] log_result_queue_info:1367: calc#1: 排行: try_fetch_result_in_background remaining_qize=2 sync_batch_size=100 processed_result=37949, speed=776.95/s totalWork=7
2021-06-08 20:30:08,278 INFO  [DNFCalculating] log_result_queue_info:1367: calc#1: 排行: try_fetch_result periodly report remaining_qize=1 sync_batch_size=100 processed_result=38049, speed=778.97/s totalWork=7
2021-06-08 20:30:08,783 INFO  [DNFCalculating] log_result_queue_info:1367: calc#1: 排行: try_fetch_result_in_background remaining_qize=4 sync_batch_size=100 processed_result=38149, speed=773.02/s totalWork=7
2021-06-08 20:30:08,785 INFO  [DNFCalculating] log_result_queue_info:1367: calc#1: 排行: try_fetch_result periodly report remaining_qize=3 sync_batch_size=100 processed_result=38249, speed=775.02/s totalWork=7
2021-06-08 20:30:09,306 INFO  [DNFCalculating] log_result_queue_info:1367: calc#1: 排行: try_fetch_result_in_background remaining_qize=3 sync_batch_size=100 processed_result=38549, speed=772.94/s totalWork=7
2021-06-08 20:30:09,308 INFO  [DNFCalculating] log_result_queue_info:1367: calc#1: 排行: try_fetch_result periodly report remaining_qize=2 sync_batch_size=100 processed_result=38649, speed=774.91/s totalWork=7
2021-06-08 20:30:09,813 INFO  [DNFCalculating] log_result_queue_info:1367: calc#1: 排行: try_fetch_result_in_background remaining_qize=4 sync_batch_size=100 processed_result=38849, speed=771.12/s totalWork=7
2021-06-08 20:30:09,815 INFO  [DNFCalculating] log_result_queue_info:1367: calc#1: 排行: try_fetch_result periodly report remaining_qize=3 sync_batch_size=100 processed_result=38949, speed=773.06/s totalWork=7
2021-06-08 20:30:09,817 INFO  [DNFCalculating] log_result_queue_info:1367: calc#1: 排行: try_fetch_result periodly report remaining_qize=2 sync_batch_size=100 processed_result=39049, speed=775.01/s totalWork=7
2021-06-08 20:30:10,336 INFO  [DNFCalculating] log_result_queue_info:1367: calc#1: 排行: try_fetch_result_in_background remaining_qize=2 sync_batch_size=100 processed_result=39249, speed=771.05/s totalWork=7
2021-06-08 20:30:10,338 INFO  [DNFCalculating] log_result_queue_info:1367: calc#1: 排行: try_fetch_result periodly report remaining_qize=1 sync_batch_size=100 processed_result=39349, speed=772.98/s totalWork=7
2021-06-08 20:30:10,843 INFO  [DNFCalculating] log_result_queue_info:1367: calc#1: 排行: try_fetch_result_in_background remaining_qize=4 sync_batch_size=100 processed_result=39449, speed=767.33/s totalWork=7
2021-06-08 20:30:10,845 INFO  [DNFCalculating] log_result_queue_info:1367: calc#1: 排行: try_fetch_result periodly report remaining_qize=3 sync_batch_size=100 processed_result=39549, speed=769.24/s totalWork=7
2021-06-08 20:30:11,365 INFO  [DNFCalculating] log_result_queue_info:1367: calc#1: 排行: try_fetch_result_in_background remaining_qize=4 sync_batch_size=100 processed_result=39849, speed=767.31/s totalWork=7
2021-06-08 20:30:11,369 INFO  [DNFCalculating] log_result_queue_info:1367: calc#1: 排行: try_fetch_result periodly report remaining_qize=3 sync_batch_size=100 processed_result=39949, speed=769.19/s totalWork=7
2021-06-08 20:30:11,371 INFO  [DNFCalculating] log_result_queue_info:1367: calc#1: 排行: try_fetch_result periodly report remaining_qize=2 sync_batch_size=100 processed_result=40049, speed=771.08/s totalWork=7
2021-06-08 20:30:11,889 INFO  [DNFCalculating] log_result_queue_info:1367: calc#1: 排行: try_fetch_result_in_background remaining_qize=3 sync_batch_size=100 processed_result=40249, speed=767.29/s totalWork=7
2021-06-08 20:30:11,891 INFO  [DNFCalculating] log_result_queue_info:1367: calc#1: 排行: try_fetch_result periodly report remaining_qize=2 sync_batch_size=100 processed_result=40349, speed=769.16/s totalWork=7
2021-06-08 20:30:12,396 INFO  [DNFCalculating] log_result_queue_info:1367: calc#1: 排行: try_fetch_result_in_background remaining_qize=5 sync_batch_size=100 processed_result=40549, speed=765.60/s totalWork=7
2021-06-08 20:30:12,398 INFO  [DNFCalculating] log_result_queue_info:1367: calc#1: 排行: try_fetch_result periodly report remaining_qize=4 sync_batch_size=100 processed_result=40649, speed=767.46/s totalWork=7
2021-06-08 20:30:12,404 INFO  [DNFCalculating] log_result_queue_info:1367: calc#1: 排行: try_fetch_result periodly report remaining_qize=0 sync_batch_size=100 processed_result=41049, speed=774.93/s totalWork=7
2021-06-08 20:30:12,919 INFO  [DNFCalculating] log_result_queue_info:1367: calc#1: 排行: try_fetch_result_in_background remaining_qize=5 sync_batch_size=100 processed_result=41049, speed=767.47/s totalWork=7
2021-06-08 20:30:12,920 INFO  [DNFCalculating] log_result_queue_info:1367: calc#1: 排行: try_fetch_result periodly report remaining_qize=4 sync_batch_size=100 processed_result=41149, speed=769.31/s totalWork=7
2021-06-08 20:30:13,441 INFO  [DNFCalculating] log_result_queue_info:1367: calc#1: 排行: try_fetch_result_in_background remaining_qize=4 sync_batch_size=100 processed_result=41549, speed=769.30/s totalWork=7
2021-06-08 20:30:13,443 INFO  [DNFCalculating] log_result_queue_info:1367: calc#1: 排行: try_fetch_result periodly report remaining_qize=3 sync_batch_size=100 processed_result=41649, speed=771.12/s totalWork=7
2021-06-08 20:30:13,949 INFO  [DNFCalculating] log_result_queue_info:1367: calc#1: 排行: try_fetch_result_in_background remaining_qize=7 sync_batch_size=100 processed_result=41949, speed=769.47/s totalWork=7
2021-06-08 20:30:13,951 INFO  [DNFCalculating] log_result_queue_info:1367: calc#1: 排行: try_fetch_result periodly report remaining_qize=6 sync_batch_size=100 processed_result=42049, speed=771.27/s totalWork=7
2021-06-08 20:30:14,471 INFO  [DNFCalculating] log_result_queue_info:1367: calc#1: 排行: try_fetch_result_in_background remaining_qize=4 sync_batch_size=100 processed_result=42496, speed=772.11/s totalWork=7
2021-06-08 20:30:14,473 INFO  [DNFCalculating] log_result_queue_info:1367: calc#1: 排行: try_fetch_result periodly report remaining_qize=3 sync_batch_size=100 processed_result=42596, speed=773.90/s totalWork=7
2021-06-08 20:30:14,954 WARNI [DNFCalculating] 计算线程:1476: 所有工作线程均已完成计算，总计用时=56.05s
2021-06-08 20:30:14,980 INFO  [DNFCalculating] log_result_queue_info:1367: calc#1: 排行: after join remaining_qize=2 sync_batch_size=100 processed_result=42892, speed=772.17/s totalWork=7
2021-06-08 20:30:14,981 INFO  [DNFCalculating] log_result_queue_info:1367: calc#1: 排行: try_fetch_result periodly report remaining_qize=1 sync_batch_size=100 processed_result=42992, speed=773.95/s totalWork=7
2021-06-08 20:30:14,982 INFO  [DNFCalculating] log_result_queue_info:1367: calc#1: 排行: try_fetch_result periodly report remaining_qize=0 sync_batch_size=100 processed_result=43040, speed=774.80/s totalWork=7
2021-06-08 20:30:14,982 INFO  [DNFCalculating] log_result_queue_info:1367: calc#1: 排行: after final remaining_qize=0 sync_batch_size=100 processed_result=43040, speed=774.80/s totalWork=7
2021-06-08 20:31:13,075 INFO  [DNFCalculating] 计算线程:1354: 开始计算
2021-06-08 20:31:14,055 INFO  [DNFCalculating] log_result_queue_info:1367: calc#2: 排行: try_fetch_result_in_background remaining_qize=0 sync_batch_size=100 processed_result=0, speed=0.00/s totalWork=0
2021-06-08 20:31:14,639 INFO  [DNFCalculating] log_result_queue_info:1367: calc#2: 排行: try_fetch_result_in_background remaining_qize=0 sync_batch_size=100 processed_result=0, speed=0.00/s totalWork=0
2021-06-08 20:31:15,207 INFO  [DNFCalculating] log_result_queue_info:1367: calc#2: 排行: try_fetch_result_in_background remaining_qize=0 sync_batch_size=100 processed_result=0, speed=0.00/s totalWork=7
2021-06-08 20:31:15,714 INFO  [DNFCalculating] log_result_queue_info:1367: calc#2: 排行: try_fetch_result_in_background remaining_qize=1 sync_batch_size=100 processed_result=0, speed=0.00/s totalWork=7
2021-06-08 20:31:16,221 INFO  [DNFCalculating] log_result_queue_info:1367: calc#2: 排行: try_fetch_result_in_background remaining_qize=3 sync_batch_size=100 processed_result=100, speed=42.78/s totalWork=7
2021-06-08 20:31:16,729 INFO  [DNFCalculating] log_result_queue_info:1367: calc#2: 排行: try_fetch_result_in_background remaining_qize=2 sync_batch_size=100 processed_result=400, speed=140.58/s totalWork=7
2021-06-08 20:31:17,237 INFO  [DNFCalculating] log_result_queue_info:1367: calc#2: 排行: try_fetch_result_in_background remaining_qize=3 sync_batch_size=100 processed_result=600, speed=178.95/s totalWork=7
2021-06-08 20:31:17,744 INFO  [DNFCalculating] log_result_queue_info:1367: calc#2: 排行: try_fetch_result_in_background remaining_qize=4 sync_batch_size=100 processed_result=900, speed=233.17/s totalWork=7
2021-06-08 20:31:17,746 INFO  [DNFCalculating] log_result_queue_info:1367: calc#2: 排行: try_fetch_result periodly report remaining_qize=3 sync_batch_size=100 processed_result=1000, speed=258.94/s totalWork=7
2021-06-08 20:31:18,251 INFO  [DNFCalculating] log_result_queue_info:1367: calc#2: 排行: try_fetch_result_in_background remaining_qize=6 sync_batch_size=100 processed_result=1300, speed=297.67/s totalWork=7
2021-06-08 20:31:18,253 INFO  [DNFCalculating] log_result_queue_info:1367: calc#2: 排行: try_fetch_result periodly report remaining_qize=5 sync_batch_size=100 processed_result=1400, speed=320.42/s totalWork=7
2021-06-08 20:31:18,774 INFO  [DNFCalculating] log_result_queue_info:1367: calc#2: 排行: try_fetch_result_in_background remaining_qize=5 sync_batch_size=100 processed_result=1900, speed=388.54/s totalWork=7
2021-06-08 20:31:18,776 INFO  [DNFCalculating] log_result_queue_info:1367: calc#2: 排行: try_fetch_result periodly report remaining_qize=4 sync_batch_size=100 processed_result=2000, speed=408.79/s totalWork=7
2021-06-08 20:31:19,297 INFO  [DNFCalculating] log_result_queue_info:1367: calc#2: 排行: try_fetch_result_in_background remaining_qize=5 sync_batch_size=100 processed_result=2400, speed=443.39/s totalWork=7
2021-06-08 20:31:19,298 INFO  [DNFCalculating] log_result_queue_info:1367: calc#2: 排行: try_fetch_result periodly report remaining_qize=4 sync_batch_size=100 processed_result=2500, speed=461.74/s totalWork=7
2021-06-08 20:31:19,819 INFO  [DNFCalculating] log_result_queue_info:1367: calc#2: 排行: try_fetch_result_in_background remaining_qize=6 sync_batch_size=100 processed_result=2900, speed=488.56/s totalWork=7
2021-06-08 20:31:19,821 INFO  [DNFCalculating] log_result_queue_info:1367: calc#2: 排行: try_fetch_result periodly report remaining_qize=5 sync_batch_size=100 processed_result=3000, speed=505.25/s totalWork=7
2021-06-08 20:31:20,342 INFO  [DNFCalculating] log_result_queue_info:1367: calc#2: 排行: try_fetch_result_in_background remaining_qize=5 sync_batch_size=100 processed_result=3500, speed=541.92/s totalWork=7
2021-06-08 20:31:20,344 INFO  [DNFCalculating] log_result_queue_info:1367: calc#2: 排行: try_fetch_result periodly report remaining_qize=4 sync_batch_size=100 processed_result=3600, speed=557.28/s totalWork=7
2021-06-08 20:31:20,350 INFO  [DNFCalculating] log_result_queue_info:1367: calc#2: 排行: try_fetch_result periodly report remaining_qize=1 sync_batch_size=100 processed_result=4000, speed=618.63/s totalWork=7
2021-06-08 20:31:20,865 INFO  [DNFCalculating] log_result_queue_info:1367: calc#2: 排行: try_fetch_result_in_background remaining_qize=4 sync_batch_size=100 processed_result=4100, speed=587.29/s totalWork=7
2021-06-08 20:31:20,866 INFO  [DNFCalculating] log_result_queue_info:1367: calc#2: 排行: try_fetch_result periodly report remaining_qize=3 sync_batch_size=100 processed_result=4200, speed=601.49/s totalWork=7
2021-06-08 20:31:21,372 INFO  [DNFCalculating] log_result_queue_info:1367: calc#2: 排行: try_fetch_result_in_background remaining_qize=5 sync_batch_size=100 processed_result=4500, speed=600.91/s totalWork=7
2021-06-08 20:31:21,374 INFO  [DNFCalculating] log_result_queue_info:1367: calc#2: 排行: try_fetch_result periodly report remaining_qize=4 sync_batch_size=100 processed_result=4600, speed=614.10/s totalWork=7
2021-06-08 20:31:21,379 INFO  [DNFCalculating] log_result_queue_info:1367: calc#2: 排行: try_fetch_result periodly report remaining_qize=0 sync_batch_size=100 processed_result=5000, speed=667.06/s totalWork=7
2021-06-08 20:31:21,895 INFO  [DNFCalculating] log_result_queue_info:1367: calc#2: 排行: try_fetch_result_in_background remaining_qize=7 sync_batch_size=100 processed_result=5000, speed=624.11/s totalWork=7
2021-06-08 20:31:21,897 INFO  [DNFCalculating] log_result_queue_info:1367: calc#2: 排行: try_fetch_result periodly report remaining_qize=6 sync_batch_size=100 processed_result=5100, speed=636.44/s totalWork=7
2021-06-08 20:31:22,418 INFO  [DNFCalculating] log_result_queue_info:1367: calc#2: 排行: try_fetch_result_in_background remaining_qize=5 sync_batch_size=100 processed_result=5700, speed=667.89/s totalWork=7
2021-06-08 20:31:22,420 INFO  [DNFCalculating] log_result_queue_info:1367: calc#2: 排行: try_fetch_result periodly report remaining_qize=4 sync_batch_size=100 processed_result=5800, speed=679.46/s totalWork=7
2021-06-08 20:31:22,423 INFO  [DNFCalculating] log_result_queue_info:1367: calc#2: 排行: try_fetch_result periodly report remaining_qize=2 sync_batch_size=100 processed_result=6000, speed=702.64/s totalWork=7
2021-06-08 20:31:22,941 INFO  [DNFCalculating] log_result_queue_info:1367: calc#2: 排行: try_fetch_result_in_background remaining_qize=5 sync_batch_size=100 processed_result=6200, speed=684.56/s totalWork=7
2021-06-08 20:31:22,942 INFO  [DNFCalculating] log_result_queue_info:1367: calc#2: 排行: try_fetch_result periodly report remaining_qize=4 sync_batch_size=100 processed_result=6300, speed=695.48/s totalWork=7
2021-06-08 20:31:23,448 INFO  [DNFCalculating] log_result_queue_info:1367: calc#2: 排行: try_fetch_result_in_background remaining_qize=7 sync_batch_size=100 processed_result=6700, speed=700.52/s totalWork=7
2021-06-08 20:31:23,451 INFO  [DNFCalculating] log_result_queue_info:1367: calc#2: 排行: try_fetch_result periodly report remaining_qize=6 sync_batch_size=100 processed_result=6800, speed=710.82/s totalWork=7
2021-06-08 20:31:23,454 INFO  [DNFCalculating] log_result_queue_info:1367: calc#2: 排行: try_fetch_result periodly report remaining_qize=4 sync_batch_size=100 processed_result=7000, speed=731.46/s totalWork=7
2021-06-08 20:31:23,970 INFO  [DNFCalculating] log_result_queue_info:1367: calc#2: 排行: try_fetch_result_in_background remaining_qize=4 sync_batch_size=100 processed_result=7400, speed=733.64/s totalWork=7
2021-06-08 20:31:23,972 INFO  [DNFCalculating] log_result_queue_info:1367: calc#2: 排行: try_fetch_result periodly report remaining_qize=3 sync_batch_size=100 processed_result=7500, speed=743.41/s totalWork=7
2021-06-08 20:31:24,478 INFO  [DNFCalculating] log_result_queue_info:1367: calc#2: 排行: try_fetch_result_in_background remaining_qize=5 sync_batch_size=100 processed_result=7800, speed=736.26/s totalWork=7
2021-06-08 20:31:24,479 INFO  [DNFCalculating] log_result_queue_info:1367: calc#2: 排行: try_fetch_result periodly report remaining_qize=4 sync_batch_size=100 processed_result=7900, speed=745.60/s totalWork=7
2021-06-08 20:31:24,481 INFO  [DNFCalculating] log_result_queue_info:1367: calc#2: 排行: try_fetch_result periodly report remaining_qize=3 sync_batch_size=100 processed_result=8000, speed=754.93/s totalWork=7
2021-06-08 20:31:24,985 INFO  [DNFCalculating] log_result_queue_info:1367: calc#2: 排行: try_fetch_result_in_background remaining_qize=7 sync_batch_size=100 processed_result=8300, speed=747.63/s totalWork=7
2021-06-08 20:31:24,987 INFO  [DNFCalculating] log_result_queue_info:1367: calc#2: 排行: try_fetch_result periodly report remaining_qize=6 sync_batch_size=100 processed_result=8400, speed=756.52/s totalWork=7
2021-06-08 20:31:24,995 INFO  [DNFCalculating] log_result_queue_info:1367: calc#2: 排行: try_fetch_result periodly report remaining_qize=0 sync_batch_size=100 processed_result=9000, speed=810.02/s totalWork=7
2021-06-08 20:31:25,508 INFO  [DNFCalculating] log_result_queue_info:1367: calc#2: 排行: try_fetch_result_in_background remaining_qize=6 sync_batch_size=100 processed_result=9000, speed=774.24/s totalWork=7
2021-06-08 20:31:25,509 INFO  [DNFCalculating] log_result_queue_info:1367: calc#2: 排行: try_fetch_result periodly report remaining_qize=5 sync_batch_size=100 processed_result=9100, speed=782.75/s totalWork=7
2021-06-08 20:31:26,030 INFO  [DNFCalculating] log_result_queue_info:1367: calc#2: 排行: try_fetch_result_in_background remaining_qize=4 sync_batch_size=100 processed_result=9600, speed=790.34/s totalWork=7
2021-06-08 20:31:26,032 INFO  [DNFCalculating] log_result_queue_info:1367: calc#2: 排行: try_fetch_result periodly report remaining_qize=3 sync_batch_size=100 processed_result=9700, speed=798.45/s totalWork=7
2021-06-08 20:31:26,036 INFO  [DNFCalculating] log_result_queue_info:1367: calc#2: 排行: try_fetch_result periodly report remaining_qize=0 sync_batch_size=100 processed_result=10000, speed=822.91/s totalWork=7
2021-06-08 20:31:26,538 INFO  [DNFCalculating] log_result_queue_info:1367: calc#2: 排行: try_fetch_result_in_background remaining_qize=6 sync_batch_size=100 processed_result=10000, speed=790.25/s totalWork=7
2021-06-08 20:31:26,540 INFO  [DNFCalculating] log_result_queue_info:1367: calc#2: 排行: try_fetch_result periodly report remaining_qize=5 sync_batch_size=100 processed_result=10100, speed=798.04/s totalWork=7
2021-06-08 20:31:27,060 INFO  [DNFCalculating] log_result_queue_info:1367: calc#2: 排行: try_fetch_result_in_background remaining_qize=7 sync_batch_size=100 processed_result=10600, speed=804.45/s totalWork=7
2021-06-08 20:31:27,063 INFO  [DNFCalculating] log_result_queue_info:1367: calc#2: 排行: try_fetch_result periodly report remaining_qize=6 sync_batch_size=100 processed_result=10700, speed=811.89/s totalWork=7
2021-06-08 20:31:27,067 INFO  [DNFCalculating] log_result_queue_info:1367: calc#2: 排行: try_fetch_result periodly report remaining_qize=3 sync_batch_size=100 processed_result=11000, speed=834.39/s totalWork=7
2021-06-08 20:31:27,583 INFO  [DNFCalculating] log_result_queue_info:1367: calc#2: 排行: try_fetch_result_in_background remaining_qize=7 sync_batch_size=100 processed_result=11300, speed=824.85/s totalWork=7
2021-06-08 20:31:27,586 INFO  [DNFCalculating] log_result_queue_info:1367: calc#2: 排行: try_fetch_result periodly report remaining_qize=6 sync_batch_size=100 processed_result=11400, speed=832.00/s totalWork=7
2021-06-08 20:31:27,593 INFO  [DNFCalculating] log_result_queue_info:1367: calc#2: 排行: try_fetch_result periodly report remaining_qize=0 sync_batch_size=100 processed_result=12000, speed=875.31/s totalWork=7
2021-06-08 20:31:28,106 INFO  [DNFCalculating] log_result_queue_info:1367: calc#2: 排行: try_fetch_result_in_background remaining_qize=2 sync_batch_size=100 processed_result=12000, speed=843.74/s totalWork=7
2021-06-08 20:31:28,108 INFO  [DNFCalculating] log_result_queue_info:1367: calc#2: 排行: try_fetch_result periodly report remaining_qize=1 sync_batch_size=100 processed_result=12100, speed=850.66/s totalWork=7
2021-06-08 20:31:28,614 INFO  [DNFCalculating] log_result_queue_info:1367: calc#2: 排行: try_fetch_result_in_background remaining_qize=7 sync_batch_size=100 processed_result=12200, speed=828.25/s totalWork=7
2021-06-08 20:31:28,615 INFO  [DNFCalculating] log_result_queue_info:1367: calc#2: 排行: try_fetch_result periodly report remaining_qize=6 sync_batch_size=100 processed_result=12300, speed=834.93/s totalWork=7
2021-06-08 20:31:29,136 INFO  [DNFCalculating] log_result_queue_info:1367: calc#2: 排行: try_fetch_result_in_background remaining_qize=7 sync_batch_size=100 processed_result=12900, speed=845.75/s totalWork=7
2021-06-08 20:31:29,138 INFO  [DNFCalculating] log_result_queue_info:1367: calc#2: 排行: try_fetch_result periodly report remaining_qize=6 sync_batch_size=100 processed_result=13000, speed=852.21/s totalWork=7
2021-06-08 20:31:29,659 INFO  [DNFCalculating] log_result_queue_info:1367: calc#2: 排行: try_fetch_result_in_background remaining_qize=3 sync_batch_size=100 processed_result=13600, speed=862.11/s totalWork=7
2021-06-08 20:31:29,661 INFO  [DNFCalculating] log_result_queue_info:1367: calc#2: 排行: try_fetch_result periodly report remaining_qize=2 sync_batch_size=100 processed_result=13700, speed=868.37/s totalWork=7
2021-06-08 20:31:30,166 INFO  [DNFCalculating] log_result_queue_info:1367: calc#2: 排行: try_fetch_result_in_background remaining_qize=6 sync_batch_size=100 processed_result=13900, speed=853.67/s totalWork=7
2021-06-08 20:31:30,168 INFO  [DNFCalculating] log_result_queue_info:1367: calc#2: 排行: try_fetch_result periodly report remaining_qize=5 sync_batch_size=100 processed_result=14000, speed=859.70/s totalWork=7
2021-06-08 20:31:30,689 INFO  [DNFCalculating] log_result_queue_info:1367: calc#2: 排行: try_fetch_result_in_background remaining_qize=7 sync_batch_size=100 processed_result=14500, speed=862.80/s totalWork=7
2021-06-08 20:31:30,691 INFO  [DNFCalculating] log_result_queue_info:1367: calc#2: 排行: try_fetch_result periodly report remaining_qize=6 sync_batch_size=100 processed_result=14600, speed=868.66/s totalWork=7
2021-06-08 20:31:30,696 INFO  [DNFCalculating] log_result_queue_info:1367: calc#2: 排行: try_fetch_result periodly report remaining_qize=2 sync_batch_size=100 processed_result=15000, speed=892.20/s totalWork=7
2021-06-08 20:31:31,212 INFO  [DNFCalculating] log_result_queue_info:1367: calc#2: 排行: try_fetch_result_in_background remaining_qize=6 sync_batch_size=100 processed_result=15200, speed=877.18/s totalWork=7
2021-06-08 20:31:31,214 INFO  [DNFCalculating] log_result_queue_info:1367: calc#2: 排行: try_fetch_result periodly report remaining_qize=5 sync_batch_size=100 processed_result=15300, speed=882.85/s totalWork=7
2021-06-08 20:31:31,735 INFO  [DNFCalculating] log_result_queue_info:1367: calc#2: 排行: try_fetch_result_in_background remaining_qize=3 sync_batch_size=100 processed_result=15800, speed=885.09/s totalWork=7
2021-06-08 20:31:31,737 INFO  [DNFCalculating] log_result_queue_info:1367: calc#2: 排行: try_fetch_result periodly report remaining_qize=2 sync_batch_size=100 processed_result=15900, speed=890.61/s totalWork=7
2021-06-08 20:31:31,738 INFO  [DNFCalculating] log_result_queue_info:1367: calc#2: 排行: try_fetch_result periodly report remaining_qize=1 sync_batch_size=100 processed_result=16000, speed=896.13/s totalWork=7
2021-06-08 20:31:32,242 INFO  [DNFCalculating] log_result_queue_info:1367: calc#2: 排行: try_fetch_result_in_background remaining_qize=7 sync_batch_size=100 processed_result=16100, speed=876.97/s totalWork=7
2021-06-08 20:31:32,244 INFO  [DNFCalculating] log_result_queue_info:1367: calc#2: 排行: try_fetch_result periodly report remaining_qize=6 sync_batch_size=100 processed_result=16200, speed=882.33/s totalWork=7
2021-06-08 20:31:32,765 INFO  [DNFCalculating] log_result_queue_info:1367: calc#2: 排行: try_fetch_result_in_background remaining_qize=6 sync_batch_size=100 processed_result=16800, speed=889.76/s totalWork=7
2021-06-08 20:31:32,767 INFO  [DNFCalculating] log_result_queue_info:1367: calc#2: 排行: try_fetch_result periodly report remaining_qize=5 sync_batch_size=100 processed_result=16900, speed=894.97/s totalWork=7
2021-06-08 20:31:32,768 INFO  [DNFCalculating] log_result_queue_info:1367: calc#2: 排行: try_fetch_result periodly report remaining_qize=4 sync_batch_size=100 processed_result=17000, speed=900.20/s totalWork=7
2021-06-08 20:31:33,288 INFO  [DNFCalculating] log_result_queue_info:1367: calc#2: 排行: try_fetch_result_in_background remaining_qize=5 sync_batch_size=100 processed_result=17400, speed=896.71/s totalWork=7
2021-06-08 20:31:33,290 INFO  [DNFCalculating] log_result_queue_info:1367: calc#2: 排行: try_fetch_result periodly report remaining_qize=4 sync_batch_size=100 processed_result=17500, speed=901.78/s totalWork=7
2021-06-08 20:31:33,810 INFO  [DNFCalculating] log_result_queue_info:1367: calc#2: 排行: try_fetch_result_in_background remaining_qize=5 sync_batch_size=100 processed_result=17900, speed=898.29/s totalWork=7
2021-06-08 20:31:33,813 INFO  [DNFCalculating] log_result_queue_info:1367: calc#2: 排行: try_fetch_result periodly report remaining_qize=4 sync_batch_size=100 processed_result=18000, speed=903.22/s totalWork=7
2021-06-08 20:31:34,333 INFO  [DNFCalculating] log_result_queue_info:1367: calc#2: 排行: try_fetch_result_in_background remaining_qize=6 sync_batch_size=100 processed_result=18400, speed=899.77/s totalWork=7
2021-06-08 20:31:34,335 INFO  [DNFCalculating] log_result_queue_info:1367: calc#2: 排行: try_fetch_result periodly report remaining_qize=5 sync_batch_size=100 processed_result=18500, speed=904.58/s totalWork=7
2021-06-08 20:31:34,342 INFO  [DNFCalculating] log_result_queue_info:1367: calc#2: 排行: try_fetch_result periodly report remaining_qize=0 sync_batch_size=100 processed_result=19000, speed=928.73/s totalWork=7
2021-06-08 20:31:34,856 INFO  [DNFCalculating] log_result_queue_info:1367: calc#2: 排行: try_fetch_result_in_background remaining_qize=6 sync_batch_size=100 processed_result=19000, speed=905.94/s totalWork=7
2021-06-08 20:31:34,858 INFO  [DNFCalculating] log_result_queue_info:1367: calc#2: 排行: try_fetch_result periodly report remaining_qize=5 sync_batch_size=100 processed_result=19100, speed=910.64/s totalWork=7
2021-06-08 20:31:35,379 INFO  [DNFCalculating] log_result_queue_info:1367: calc#2: 排行: try_fetch_result_in_background remaining_qize=3 sync_batch_size=100 processed_result=19600, speed=911.82/s totalWork=7
2021-06-08 20:31:35,381 INFO  [DNFCalculating] log_result_queue_info:1367: calc#2: 排行: try_fetch_result periodly report remaining_qize=2 sync_batch_size=100 processed_result=19700, speed=916.38/s totalWork=7
2021-06-08 20:31:35,887 INFO  [DNFCalculating] log_result_queue_info:1367: calc#2: 排行: try_fetch_result_in_background remaining_qize=5 sync_batch_size=100 processed_result=19900, speed=904.42/s totalWork=7
2021-06-08 20:31:35,889 INFO  [DNFCalculating] log_result_queue_info:1367: calc#2: 排行: try_fetch_result periodly report remaining_qize=4 sync_batch_size=100 processed_result=20000, speed=908.86/s totalWork=7
2021-06-08 20:31:36,410 INFO  [DNFCalculating] log_result_queue_info:1367: calc#2: 排行: try_fetch_result_in_background remaining_qize=3 sync_batch_size=100 processed_result=20400, speed=905.64/s totalWork=7
2021-06-08 20:31:36,412 INFO  [DNFCalculating] log_result_queue_info:1367: calc#2: 排行: try_fetch_result periodly report remaining_qize=2 sync_batch_size=100 processed_result=20500, speed=909.99/s totalWork=7
2021-06-08 20:31:36,917 INFO  [DNFCalculating] log_result_queue_info:1367: calc#2: 排行: try_fetch_result_in_background remaining_qize=5 sync_batch_size=100 processed_result=20700, speed=898.70/s totalWork=7
2021-06-08 20:31:36,919 INFO  [DNFCalculating] log_result_queue_info:1367: calc#2: 排行: try_fetch_result periodly report remaining_qize=4 sync_batch_size=100 processed_result=20800, speed=902.94/s totalWork=7
2021-06-08 20:31:36,924 INFO  [DNFCalculating] log_result_queue_info:1367: calc#2: 排行: try_fetch_result periodly report remaining_qize=2 sync_batch_size=100 processed_result=21000, speed=911.45/s totalWork=7
2021-06-08 20:31:37,440 INFO  [DNFCalculating] log_result_queue_info:1367: calc#2: 排行: try_fetch_result_in_background remaining_qize=3 sync_batch_size=100 processed_result=21200, speed=900.00/s totalWork=7
2021-06-08 20:31:37,442 INFO  [DNFCalculating] log_result_queue_info:1367: calc#2: 排行: try_fetch_result periodly report remaining_qize=2 sync_batch_size=100 processed_result=21300, speed=904.15/s totalWork=7
2021-06-08 20:31:37,947 INFO  [DNFCalculating] log_result_queue_info:1367: calc#2: 排行: try_fetch_result_in_background remaining_qize=5 sync_batch_size=100 processed_result=21500, speed=893.49/s totalWork=7
2021-06-08 20:31:37,950 INFO  [DNFCalculating] log_result_queue_info:1367: calc#2: 排行: try_fetch_result periodly report remaining_qize=4 sync_batch_size=100 processed_result=21600, speed=897.55/s totalWork=7
2021-06-08 20:31:37,956 INFO  [DNFCalculating] log_result_queue_info:1367: calc#2: 排行: try_fetch_result periodly report remaining_qize=0 sync_batch_size=100 processed_result=22000, speed=913.91/s totalWork=7
2021-06-08 20:31:38,469 INFO  [DNFCalculating] log_result_queue_info:1367: calc#2: 排行: try_fetch_result_in_background remaining_qize=2 sync_batch_size=100 processed_result=22000, speed=894.83/s totalWork=7
2021-06-08 20:31:38,473 INFO  [DNFCalculating] log_result_queue_info:1367: calc#2: 排行: try_fetch_result periodly report remaining_qize=1 sync_batch_size=100 processed_result=22100, speed=898.77/s totalWork=7
2021-06-08 20:31:38,977 INFO  [DNFCalculating] log_result_queue_info:1367: calc#2: 排行: try_fetch_result_in_background remaining_qize=5 sync_batch_size=100 processed_result=22200, speed=884.70/s totalWork=7
2021-06-08 20:31:38,980 INFO  [DNFCalculating] log_result_queue_info:1367: calc#2: 排行: try_fetch_result periodly report remaining_qize=4 sync_batch_size=100 processed_result=22300, speed=888.58/s totalWork=7
2021-06-08 20:31:39,500 INFO  [DNFCalculating] log_result_queue_info:1367: calc#2: 排行: try_fetch_result_in_background remaining_qize=3 sync_batch_size=100 processed_result=22700, speed=886.16/s totalWork=7
2021-06-08 20:31:39,503 INFO  [DNFCalculating] log_result_queue_info:1367: calc#2: 排行: try_fetch_result periodly report remaining_qize=2 sync_batch_size=100 processed_result=22800, speed=889.97/s totalWork=7
2021-06-08 20:31:39,506 INFO  [DNFCalculating] log_result_queue_info:1367: calc#2: 排行: try_fetch_result periodly report remaining_qize=0 sync_batch_size=100 processed_result=23000, speed=897.65/s totalWork=7
2021-06-08 20:31:40,023 INFO  [DNFCalculating] log_result_queue_info:1367: calc#2: 排行: try_fetch_result_in_background remaining_qize=5 sync_batch_size=100 processed_result=23000, speed=879.92/s totalWork=7
2021-06-08 20:31:40,025 INFO  [DNFCalculating] log_result_queue_info:1367: calc#2: 排行: try_fetch_result periodly report remaining_qize=4 sync_batch_size=100 processed_result=23100, speed=883.65/s totalWork=7
2021-06-08 20:31:40,545 INFO  [DNFCalculating] log_result_queue_info:1367: calc#2: 排行: try_fetch_result_in_background remaining_qize=2 sync_batch_size=100 processed_result=23500, speed=881.41/s totalWork=7
2021-06-08 20:31:40,548 INFO  [DNFCalculating] log_result_queue_info:1367: calc#2: 排行: try_fetch_result periodly report remaining_qize=1 sync_batch_size=100 processed_result=23600, speed=885.09/s totalWork=7
2021-06-08 20:31:41,053 INFO  [DNFCalculating] log_result_queue_info:1367: calc#2: 排行: try_fetch_result_in_background remaining_qize=5 sync_batch_size=100 processed_result=23700, speed=872.32/s totalWork=7
2021-06-08 20:31:41,055 INFO  [DNFCalculating] log_result_queue_info:1367: calc#2: 排行: try_fetch_result periodly report remaining_qize=4 sync_batch_size=100 processed_result=23800, speed=875.92/s totalWork=7
2021-06-08 20:31:41,059 INFO  [DNFCalculating] log_result_queue_info:1367: calc#2: 排行: try_fetch_result periodly report remaining_qize=2 sync_batch_size=100 processed_result=24000, speed=883.15/s totalWork=7
2021-06-08 20:31:41,576 INFO  [DNFCalculating] log_result_queue_info:1367: calc#2: 排行: try_fetch_result_in_background remaining_qize=2 sync_batch_size=100 processed_result=24200, speed=873.90/s totalWork=7
2021-06-08 20:31:41,578 INFO  [DNFCalculating] log_result_queue_info:1367: calc#2: 排行: try_fetch_result periodly report remaining_qize=1 sync_batch_size=100 processed_result=24300, speed=877.44/s totalWork=7
2021-06-08 20:31:42,083 INFO  [DNFCalculating] log_result_queue_info:1367: calc#2: 排行: try_fetch_result_in_background remaining_qize=4 sync_batch_size=100 processed_result=24400, speed=865.26/s totalWork=7
2021-06-08 20:31:42,086 INFO  [DNFCalculating] log_result_queue_info:1367: calc#2: 排行: try_fetch_result periodly report remaining_qize=3 sync_batch_size=100 processed_result=24500, speed=868.72/s totalWork=7
2021-06-08 20:31:42,606 INFO  [DNFCalculating] log_result_queue_info:1367: calc#2: 排行: try_fetch_result_in_background remaining_qize=3 sync_batch_size=100 processed_result=24800, speed=863.44/s totalWork=7
2021-06-08 20:31:42,609 INFO  [DNFCalculating] log_result_queue_info:1367: calc#2: 排行: try_fetch_result periodly report remaining_qize=2 sync_batch_size=100 processed_result=24900, speed=866.85/s totalWork=7
2021-06-08 20:31:42,611 INFO  [DNFCalculating] log_result_queue_info:1367: calc#2: 排行: try_fetch_result periodly report remaining_qize=1 sync_batch_size=100 processed_result=25000, speed=870.25/s totalWork=7
2021-06-08 20:31:43,128 INFO  [DNFCalculating] log_result_queue_info:1367: calc#2: 排行: try_fetch_result_in_background remaining_qize=4 sync_batch_size=100 processed_result=25100, speed=858.28/s totalWork=7
2021-06-08 20:31:43,131 INFO  [DNFCalculating] log_result_queue_info:1367: calc#2: 排行: try_fetch_result periodly report remaining_qize=3 sync_batch_size=100 processed_result=25200, speed=861.62/s totalWork=7
2021-06-08 20:31:43,651 INFO  [DNFCalculating] log_result_queue_info:1367: calc#2: 排行: try_fetch_result_in_background remaining_qize=3 sync_batch_size=100 processed_result=25500, speed=856.64/s totalWork=7
2021-06-08 20:31:43,654 INFO  [DNFCalculating] log_result_queue_info:1367: calc#2: 排行: try_fetch_result periodly report remaining_qize=2 sync_batch_size=100 processed_result=25600, speed=859.91/s totalWork=7
2021-06-08 20:31:44,159 INFO  [DNFCalculating] log_result_queue_info:1367: calc#2: 排行: try_fetch_result_in_background remaining_qize=4 sync_batch_size=100 processed_result=25800, speed=852.18/s totalWork=7
2021-06-08 20:31:44,161 INFO  [DNFCalculating] log_result_queue_info:1367: calc#2: 排行: try_fetch_result periodly report remaining_qize=3 sync_batch_size=100 processed_result=25900, speed=855.43/s totalWork=7
2021-06-08 20:31:44,164 INFO  [DNFCalculating] log_result_queue_info:1367: calc#2: 排行: try_fetch_result periodly report remaining_qize=2 sync_batch_size=100 processed_result=26000, speed=858.66/s totalWork=7
2021-06-08 20:31:44,682 INFO  [DNFCalculating] log_result_queue_info:1367: calc#2: 排行: try_fetch_result_in_background remaining_qize=4 sync_batch_size=100 processed_result=26200, speed=850.70/s totalWork=7
2021-06-08 20:31:44,684 INFO  [DNFCalculating] log_result_queue_info:1367: calc#2: 排行: try_fetch_result periodly report remaining_qize=3 sync_batch_size=100 processed_result=26300, speed=853.88/s totalWork=7
2021-06-08 20:31:45,204 INFO  [DNFCalculating] log_result_queue_info:1367: calc#2: 排行: try_fetch_result_in_background remaining_qize=3 sync_batch_size=100 processed_result=26600, speed=849.28/s totalWork=7
2021-06-08 20:31:45,207 INFO  [DNFCalculating] log_result_queue_info:1367: calc#2: 排行: try_fetch_result periodly report remaining_qize=2 sync_batch_size=100 processed_result=26700, speed=852.41/s totalWork=7
2021-06-08 20:31:45,711 INFO  [DNFCalculating] log_result_queue_info:1367: calc#2: 排行: try_fetch_result_in_background remaining_qize=4 sync_batch_size=100 processed_result=26900, speed=845.18/s totalWork=7
2021-06-08 20:31:45,714 INFO  [DNFCalculating] log_result_queue_info:1367: calc#2: 排行: try_fetch_result periodly report remaining_qize=3 sync_batch_size=100 processed_result=27000, speed=848.26/s totalWork=7
2021-06-08 20:31:46,234 INFO  [DNFCalculating] log_result_queue_info:1367: calc#2: 排行: try_fetch_result_in_background remaining_qize=3 sync_batch_size=100 processed_result=27300, speed=843.89/s totalWork=7
2021-06-08 20:31:46,236 INFO  [DNFCalculating] log_result_queue_info:1367: calc#2: 排行: try_fetch_result periodly report remaining_qize=2 sync_batch_size=100 processed_result=27400, speed=846.92/s totalWork=7
2021-06-08 20:31:46,741 INFO  [DNFCalculating] log_result_queue_info:1367: calc#2: 排行: try_fetch_result_in_background remaining_qize=4 sync_batch_size=100 processed_result=27600, speed=839.98/s totalWork=7
2021-06-08 20:31:46,744 INFO  [DNFCalculating] log_result_queue_info:1367: calc#2: 排行: try_fetch_result periodly report remaining_qize=3 sync_batch_size=100 processed_result=27700, speed=842.97/s totalWork=7
2021-06-08 20:31:46,749 INFO  [DNFCalculating] log_result_queue_info:1367: calc#2: 排行: try_fetch_result periodly report remaining_qize=0 sync_batch_size=100 processed_result=28000, speed=851.96/s totalWork=7
2021-06-08 20:31:47,264 INFO  [DNFCalculating] log_result_queue_info:1367: calc#2: 排行: try_fetch_result_in_background remaining_qize=3 sync_batch_size=100 processed_result=28000, speed=838.81/s totalWork=7
2021-06-08 20:31:47,267 INFO  [DNFCalculating] log_result_queue_info:1367: calc#2: 排行: try_fetch_result periodly report remaining_qize=3 sync_batch_size=100 processed_result=28100, speed=841.75/s totalWork=7
2021-06-08 20:31:47,787 INFO  [DNFCalculating] log_result_queue_info:1367: calc#2: 排行: try_fetch_result_in_background remaining_qize=2 sync_batch_size=100 processed_result=28500, speed=840.62/s totalWork=7
2021-06-08 20:31:47,789 INFO  [DNFCalculating] log_result_queue_info:1367: calc#2: 排行: try_fetch_result periodly report remaining_qize=1 sync_batch_size=100 processed_result=28600, speed=843.52/s totalWork=7
2021-06-08 20:31:48,295 INFO  [DNFCalculating] log_result_queue_info:1367: calc#2: 排行: try_fetch_result_in_background remaining_qize=5 sync_batch_size=100 processed_result=28700, speed=834.04/s totalWork=7
2021-06-08 20:31:48,297 INFO  [DNFCalculating] log_result_queue_info:1367: calc#2: 排行: try_fetch_result periodly report remaining_qize=4 sync_batch_size=100 processed_result=28800, speed=836.89/s totalWork=7
2021-06-08 20:31:48,301 INFO  [DNFCalculating] log_result_queue_info:1367: calc#2: 排行: try_fetch_result periodly report remaining_qize=2 sync_batch_size=100 processed_result=29000, speed=842.61/s totalWork=7
2021-06-08 20:31:48,816 INFO  [DNFCalculating] log_result_queue_info:1367: calc#2: 排行: try_fetch_result_in_background remaining_qize=3 sync_batch_size=100 processed_result=29200, speed=835.89/s totalWork=7
2021-06-08 20:31:48,819 INFO  [DNFCalculating] log_result_queue_info:1367: calc#2: 排行: try_fetch_result periodly report remaining_qize=2 sync_batch_size=100 processed_result=29300, speed=838.69/s totalWork=7
2021-06-08 20:31:49,324 INFO  [DNFCalculating] log_result_queue_info:1367: calc#2: 排行: try_fetch_result_in_background remaining_qize=4 sync_batch_size=100 processed_result=29500, speed=832.39/s totalWork=7
2021-06-08 20:31:49,326 INFO  [DNFCalculating] log_result_queue_info:1367: calc#2: 排行: try_fetch_result periodly report remaining_qize=3 sync_batch_size=100 processed_result=29600, speed=835.15/s totalWork=7
2021-06-08 20:31:49,847 INFO  [DNFCalculating] log_result_queue_info:1367: calc#2: 排行: try_fetch_result_in_background remaining_qize=3 sync_batch_size=100 processed_result=29900, speed=831.40/s totalWork=7
2021-06-08 20:31:49,849 INFO  [DNFCalculating] log_result_queue_info:1367: calc#2: 排行: try_fetch_result periodly report remaining_qize=2 sync_batch_size=100 processed_result=30000, speed=834.15/s totalWork=7
2021-06-08 20:31:50,355 INFO  [DNFCalculating] log_result_queue_info:1367: calc#2: 排行: try_fetch_result_in_background remaining_qize=4 sync_batch_size=100 processed_result=30200, speed=828.07/s totalWork=7
2021-06-08 20:31:50,357 INFO  [DNFCalculating] log_result_queue_info:1367: calc#2: 排行: try_fetch_result periodly report remaining_qize=3 sync_batch_size=100 processed_result=30300, speed=830.75/s totalWork=7
2021-06-08 20:31:50,862 INFO  [DNFCalculating] log_result_queue_info:1367: calc#2: 排行: try_fetch_result_in_background remaining_qize=3 sync_batch_size=100 processed_result=30549, speed=826.14/s totalWork=7
2021-06-08 20:31:50,864 INFO  [DNFCalculating] log_result_queue_info:1367: calc#2: 排行: try_fetch_result periodly report remaining_qize=2 sync_batch_size=100 processed_result=30649, speed=828.79/s totalWork=7
2021-06-08 20:31:51,369 INFO  [DNFCalculating] log_result_queue_info:1367: calc#2: 排行: try_fetch_result_in_background remaining_qize=4 sync_batch_size=100 processed_result=30849, speed=822.96/s totalWork=7
2021-06-08 20:31:51,371 INFO  [DNFCalculating] log_result_queue_info:1367: calc#2: 排行: try_fetch_result periodly report remaining_qize=3 sync_batch_size=100 processed_result=30949, speed=825.58/s totalWork=7
2021-06-08 20:31:51,374 INFO  [DNFCalculating] log_result_queue_info:1367: calc#2: 排行: try_fetch_result periodly report remaining_qize=2 sync_batch_size=100 processed_result=31049, speed=828.19/s totalWork=7
2021-06-08 20:31:51,892 INFO  [DNFCalculating] log_result_queue_info:1367: calc#2: 排行: try_fetch_result_in_background remaining_qize=2 sync_batch_size=100 processed_result=31249, speed=822.16/s totalWork=7
2021-06-08 20:31:51,894 INFO  [DNFCalculating] log_result_queue_info:1367: calc#2: 排行: try_fetch_result periodly report remaining_qize=1 sync_batch_size=100 processed_result=31349, speed=824.76/s totalWork=7
2021-06-08 20:31:52,400 INFO  [DNFCalculating] log_result_queue_info:1367: calc#2: 排行: try_fetch_result_in_background remaining_qize=4 sync_batch_size=100 processed_result=31449, speed=816.52/s totalWork=7
2021-06-08 20:31:52,402 INFO  [DNFCalculating] log_result_queue_info:1367: calc#2: 排行: try_fetch_result periodly report remaining_qize=3 sync_batch_size=100 processed_result=31549, speed=819.07/s totalWork=7
2021-06-08 20:31:52,922 INFO  [DNFCalculating] log_result_queue_info:1367: calc#2: 排行: try_fetch_result_in_background remaining_qize=3 sync_batch_size=100 processed_result=31849, speed=815.84/s totalWork=7
2021-06-08 20:31:52,924 INFO  [DNFCalculating] log_result_queue_info:1367: calc#2: 排行: try_fetch_result periodly report remaining_qize=2 sync_batch_size=100 processed_result=31949, speed=818.36/s totalWork=7
2021-06-08 20:31:52,926 INFO  [DNFCalculating] log_result_queue_info:1367: calc#2: 排行: try_fetch_result periodly report remaining_qize=1 sync_batch_size=100 processed_result=32049, speed=820.87/s totalWork=7
2021-06-08 20:31:53,429 INFO  [DNFCalculating] log_result_queue_info:1367: calc#2: 排行: try_fetch_result_in_background remaining_qize=4 sync_batch_size=100 processed_result=32149, speed=812.96/s totalWork=7
2021-06-08 20:31:53,432 INFO  [DNFCalculating] log_result_queue_info:1367: calc#2: 排行: try_fetch_result periodly report remaining_qize=3 sync_batch_size=100 processed_result=32249, speed=815.44/s totalWork=7
2021-06-08 20:31:53,952 INFO  [DNFCalculating] log_result_queue_info:1367: calc#2: 排行: try_fetch_result_in_background remaining_qize=4 sync_batch_size=100 processed_result=32549, speed=812.33/s totalWork=7
2021-06-08 20:31:53,955 INFO  [DNFCalculating] log_result_queue_info:1367: calc#2: 排行: try_fetch_result periodly report remaining_qize=3 sync_batch_size=100 processed_result=32649, speed=814.78/s totalWork=7
2021-06-08 20:31:54,475 INFO  [DNFCalculating] log_result_queue_info:1367: calc#2: 排行: try_fetch_result_in_background remaining_qize=2 sync_batch_size=100 processed_result=32949, speed=811.72/s totalWork=7
2021-06-08 20:31:54,477 INFO  [DNFCalculating] log_result_queue_info:1367: calc#2: 排行: try_fetch_result periodly report remaining_qize=1 sync_batch_size=100 processed_result=33049, speed=814.14/s totalWork=7
2021-06-08 20:31:54,983 INFO  [DNFCalculating] log_result_queue_info:1367: calc#2: 排行: try_fetch_result_in_background remaining_qize=4 sync_batch_size=100 processed_result=33149, speed=806.57/s totalWork=7
2021-06-08 20:31:54,984 INFO  [DNFCalculating] log_result_queue_info:1367: calc#2: 排行: try_fetch_result periodly report remaining_qize=3 sync_batch_size=100 processed_result=33249, speed=808.97/s totalWork=7
2021-06-08 20:31:55,505 INFO  [DNFCalculating] log_result_queue_info:1367: calc#2: 排行: try_fetch_result_in_background remaining_qize=2 sync_batch_size=100 processed_result=33649, speed=808.45/s totalWork=7
2021-06-08 20:31:55,507 INFO  [DNFCalculating] log_result_queue_info:1367: calc#2: 排行: try_fetch_result periodly report remaining_qize=1 sync_batch_size=100 processed_result=33749, speed=810.82/s totalWork=7
2021-06-08 20:31:56,012 INFO  [DNFCalculating] log_result_queue_info:1367: calc#2: 排行: try_fetch_result_in_background remaining_qize=4 sync_batch_size=100 processed_result=33849, speed=803.47/s totalWork=7
2021-06-08 20:31:56,015 INFO  [DNFCalculating] log_result_queue_info:1367: calc#2: 排行: try_fetch_result periodly report remaining_qize=3 sync_batch_size=100 processed_result=33949, speed=805.79/s totalWork=7
2021-06-08 20:31:56,018 INFO  [DNFCalculating] log_result_queue_info:1367: calc#2: 排行: try_fetch_result periodly report remaining_qize=2 sync_batch_size=100 processed_result=34049, speed=808.11/s totalWork=7
2021-06-08 20:31:56,535 INFO  [DNFCalculating] log_result_queue_info:1367: calc#2: 排行: try_fetch_result_in_background remaining_qize=4 sync_batch_size=100 processed_result=34249, speed=803.00/s totalWork=7
2021-06-08 20:31:56,537 INFO  [DNFCalculating] log_result_queue_info:1367: calc#2: 排行: try_fetch_result periodly report remaining_qize=3 sync_batch_size=100 processed_result=34349, speed=805.30/s totalWork=7
2021-06-08 20:31:57,043 INFO  [DNFCalculating] log_result_queue_info:1367: calc#2: 排行: try_fetch_result_in_background remaining_qize=2 sync_batch_size=100 processed_result=34649, speed=802.82/s totalWork=7
2021-06-08 20:31:57,045 INFO  [DNFCalculating] log_result_queue_info:1367: calc#2: 排行: try_fetch_result periodly report remaining_qize=1 sync_batch_size=100 processed_result=34749, speed=805.09/s totalWork=7
2021-06-08 20:31:57,550 INFO  [DNFCalculating] log_result_queue_info:1367: calc#2: 排行: try_fetch_result_in_background remaining_qize=4 sync_batch_size=100 processed_result=34849, speed=798.07/s totalWork=7
2021-06-08 20:31:57,553 INFO  [DNFCalculating] log_result_queue_info:1367: calc#2: 排行: try_fetch_result periodly report remaining_qize=3 sync_batch_size=100 processed_result=34949, speed=800.32/s totalWork=7
2021-06-08 20:31:57,555 INFO  [DNFCalculating] log_result_queue_info:1367: calc#2: 排行: try_fetch_result periodly report remaining_qize=2 sync_batch_size=100 processed_result=35049, speed=802.57/s totalWork=7
2021-06-08 20:31:58,073 INFO  [DNFCalculating] log_result_queue_info:1367: calc#2: 排行: try_fetch_result_in_background remaining_qize=2 sync_batch_size=100 processed_result=35249, speed=797.68/s totalWork=7
2021-06-08 20:31:58,075 INFO  [DNFCalculating] log_result_queue_info:1367: calc#2: 排行: try_fetch_result periodly report remaining_qize=1 sync_batch_size=100 processed_result=35349, speed=799.90/s totalWork=7
2021-06-08 20:31:58,580 INFO  [DNFCalculating] log_result_queue_info:1367: calc#2: 排行: try_fetch_result_in_background remaining_qize=4 sync_batch_size=100 processed_result=35449, speed=793.10/s totalWork=7
2021-06-08 20:31:58,583 INFO  [DNFCalculating] log_result_queue_info:1367: calc#2: 排行: try_fetch_result periodly report remaining_qize=3 sync_batch_size=100 processed_result=35549, speed=795.31/s totalWork=7
2021-06-08 20:31:59,103 INFO  [DNFCalculating] log_result_queue_info:1367: calc#2: 排行: try_fetch_result_in_background remaining_qize=3 sync_batch_size=100 processed_result=35849, speed=792.79/s totalWork=7
2021-06-08 20:31:59,106 INFO  [DNFCalculating] log_result_queue_info:1367: calc#2: 排行: try_fetch_result periodly report remaining_qize=2 sync_batch_size=100 processed_result=35949, speed=794.95/s totalWork=7
2021-06-08 20:31:59,107 INFO  [DNFCalculating] log_result_queue_info:1367: calc#2: 排行: try_fetch_result periodly report remaining_qize=1 sync_batch_size=100 processed_result=36049, speed=797.12/s totalWork=7
2021-06-08 20:31:59,625 INFO  [DNFCalculating] log_result_queue_info:1367: calc#2: 排行: try_fetch_result_in_background remaining_qize=4 sync_batch_size=100 processed_result=36149, speed=790.29/s totalWork=7
2021-06-08 20:31:59,628 INFO  [DNFCalculating] log_result_queue_info:1367: calc#2: 排行: try_fetch_result periodly report remaining_qize=3 sync_batch_size=100 processed_result=36249, speed=792.43/s totalWork=7
2021-06-08 20:32:00,148 INFO  [DNFCalculating] log_result_queue_info:1367: calc#2: 排行: try_fetch_result_in_background remaining_qize=2 sync_batch_size=100 processed_result=36549, speed=790.00/s totalWork=7
2021-06-08 20:32:00,151 INFO  [DNFCalculating] log_result_queue_info:1367: calc#2: 排行: try_fetch_result periodly report remaining_qize=2 sync_batch_size=100 processed_result=36649, speed=792.11/s totalWork=7
2021-06-08 20:32:00,655 INFO  [DNFCalculating] log_result_queue_info:1367: calc#2: 排行: try_fetch_result_in_background remaining_qize=4 sync_batch_size=100 processed_result=36849, speed=787.85/s totalWork=7
2021-06-08 20:32:00,658 INFO  [DNFCalculating] log_result_queue_info:1367: calc#2: 排行: try_fetch_result periodly report remaining_qize=3 sync_batch_size=100 processed_result=36949, speed=789.95/s totalWork=7
2021-06-08 20:32:00,660 INFO  [DNFCalculating] log_result_queue_info:1367: calc#2: 排行: try_fetch_result periodly report remaining_qize=2 sync_batch_size=100 processed_result=37049, speed=792.05/s totalWork=7
2021-06-08 20:32:01,178 INFO  [DNFCalculating] log_result_queue_info:1367: calc#2: 排行: try_fetch_result_in_background remaining_qize=2 sync_batch_size=100 processed_result=37249, speed=787.61/s totalWork=7
2021-06-08 20:32:01,179 INFO  [DNFCalculating] log_result_queue_info:1367: calc#2: 排行: try_fetch_result periodly report remaining_qize=1 sync_batch_size=100 processed_result=37349, speed=789.69/s totalWork=7
2021-06-08 20:32:01,685 INFO  [DNFCalculating] log_result_queue_info:1367: calc#2: 排行: try_fetch_result_in_background remaining_qize=4 sync_batch_size=100 processed_result=37449, speed=783.43/s totalWork=7
2021-06-08 20:32:01,688 INFO  [DNFCalculating] log_result_queue_info:1367: calc#2: 排行: try_fetch_result periodly report remaining_qize=3 sync_batch_size=100 processed_result=37549, speed=785.49/s totalWork=7
2021-06-08 20:32:02,207 INFO  [DNFCalculating] log_result_queue_info:1367: calc#2: 排行: try_fetch_result_in_background remaining_qize=2 sync_batch_size=100 processed_result=37849, speed=783.24/s totalWork=7
2021-06-08 20:32:02,210 INFO  [DNFCalculating] log_result_queue_info:1367: calc#2: 排行: try_fetch_result periodly report remaining_qize=1 sync_batch_size=100 processed_result=37949, speed=785.27/s totalWork=7
2021-06-08 20:32:02,212 INFO  [DNFCalculating] log_result_queue_info:1367: calc#2: 排行: try_fetch_result periodly report remaining_qize=1 sync_batch_size=100 processed_result=38049, speed=787.30/s totalWork=7
2021-06-08 20:32:02,715 INFO  [DNFCalculating] log_result_queue_info:1367: calc#2: 排行: try_fetch_result_in_background remaining_qize=3 sync_batch_size=100 processed_result=38149, speed=781.24/s totalWork=7
2021-06-08 20:32:02,717 INFO  [DNFCalculating] log_result_queue_info:1367: calc#2: 排行: try_fetch_result periodly report remaining_qize=2 sync_batch_size=100 processed_result=38249, speed=783.25/s totalWork=7
2021-06-08 20:32:03,222 INFO  [DNFCalculating] log_result_queue_info:1367: calc#2: 排行: try_fetch_result_in_background remaining_qize=4 sync_batch_size=100 processed_result=38449, speed=779.29/s totalWork=7
2021-06-08 20:32:03,225 INFO  [DNFCalculating] log_result_queue_info:1367: calc#2: 排行: try_fetch_result periodly report remaining_qize=3 sync_batch_size=100 processed_result=38549, speed=781.28/s totalWork=7
2021-06-08 20:32:03,745 INFO  [DNFCalculating] log_result_queue_info:1367: calc#2: 排行: try_fetch_result_in_background remaining_qize=2 sync_batch_size=100 processed_result=38849, speed=779.14/s totalWork=7
2021-06-08 20:32:03,748 INFO  [DNFCalculating] log_result_queue_info:1367: calc#2: 排行: try_fetch_result periodly report remaining_qize=1 sync_batch_size=100 processed_result=38949, speed=781.11/s totalWork=7
2021-06-08 20:32:03,750 INFO  [DNFCalculating] log_result_queue_info:1367: calc#2: 排行: try_fetch_result periodly report remaining_qize=0 sync_batch_size=100 processed_result=39049, speed=783.07/s totalWork=7
2021-06-08 20:32:04,253 INFO  [DNFCalculating] log_result_queue_info:1367: calc#2: 排行: try_fetch_result_in_background remaining_qize=5 sync_batch_size=100 processed_result=39049, speed=775.26/s totalWork=7
2021-06-08 20:32:04,255 INFO  [DNFCalculating] log_result_queue_info:1367: calc#2: 排行: try_fetch_result periodly report remaining_qize=4 sync_batch_size=100 processed_result=39149, speed=777.21/s totalWork=7
2021-06-08 20:32:04,776 INFO  [DNFCalculating] log_result_queue_info:1367: calc#2: 排行: try_fetch_result_in_background remaining_qize=1 sync_batch_size=100 processed_result=39549, speed=777.12/s totalWork=7
2021-06-08 20:32:04,778 INFO  [DNFCalculating] log_result_queue_info:1367: calc#2: 排行: try_fetch_result periodly report remaining_qize=0 sync_batch_size=100 processed_result=39649, speed=779.05/s totalWork=7
2021-06-08 20:32:05,283 INFO  [DNFCalculating] log_result_queue_info:1367: calc#2: 排行: try_fetch_result_in_background remaining_qize=6 sync_batch_size=100 processed_result=39649, speed=771.40/s totalWork=7
2021-06-08 20:32:05,285 INFO  [DNFCalculating] log_result_queue_info:1367: calc#2: 排行: try_fetch_result periodly report remaining_qize=5 sync_batch_size=100 processed_result=39749, speed=773.30/s totalWork=7
2021-06-08 20:32:05,291 INFO  [DNFCalculating] log_result_queue_info:1367: calc#2: 排行: try_fetch_result periodly report remaining_qize=2 sync_batch_size=100 processed_result=40049, speed=779.06/s totalWork=7
2021-06-08 20:32:05,806 INFO  [DNFCalculating] log_result_queue_info:1367: calc#2: 排行: try_fetch_result_in_background remaining_qize=2 sync_batch_size=100 processed_result=40249, speed=775.18/s totalWork=7
2021-06-08 20:32:05,807 INFO  [DNFCalculating] log_result_queue_info:1367: calc#2: 排行: try_fetch_result periodly report remaining_qize=1 sync_batch_size=100 processed_result=40349, speed=777.08/s totalWork=7
2021-06-08 20:32:06,313 INFO  [DNFCalculating] log_result_queue_info:1367: calc#2: 排行: try_fetch_result_in_background remaining_qize=4 sync_batch_size=100 processed_result=40449, speed=771.49/s totalWork=7
2021-06-08 20:32:06,315 INFO  [DNFCalculating] log_result_queue_info:1367: calc#2: 排行: try_fetch_result periodly report remaining_qize=3 sync_batch_size=100 processed_result=40549, speed=773.38/s totalWork=7
2021-06-08 20:32:06,820 INFO  [DNFCalculating] log_result_queue_info:1367: calc#2: 排行: try_fetch_result_in_background remaining_qize=5 sync_batch_size=100 processed_result=40849, speed=771.66/s totalWork=7
2021-06-08 20:32:06,822 INFO  [DNFCalculating] log_result_queue_info:1367: calc#2: 排行: try_fetch_result periodly report remaining_qize=4 sync_batch_size=100 processed_result=40949, speed=773.52/s totalWork=7
2021-06-08 20:32:06,824 INFO  [DNFCalculating] log_result_queue_info:1367: calc#2: 排行: try_fetch_result periodly report remaining_qize=3 sync_batch_size=100 processed_result=41049, speed=775.39/s totalWork=7
2021-06-08 20:32:07,343 INFO  [DNFCalculating] log_result_queue_info:1367: calc#2: 排行: try_fetch_result_in_background remaining_qize=4 sync_batch_size=100 processed_result=41349, speed=773.47/s totalWork=7
2021-06-08 20:32:07,345 INFO  [DNFCalculating] log_result_queue_info:1367: calc#2: 排行: try_fetch_result periodly report remaining_qize=3 sync_batch_size=100 processed_result=41449, speed=775.31/s totalWork=7
2021-06-08 20:32:07,866 INFO  [DNFCalculating] log_result_queue_info:1367: calc#2: 排行: try_fetch_result_in_background remaining_qize=3 sync_batch_size=100 processed_result=41849, speed=775.24/s totalWork=7
2021-06-08 20:32:07,867 INFO  [DNFCalculating] log_result_queue_info:1367: calc#2: 排行: try_fetch_result periodly report remaining_qize=2 sync_batch_size=100 processed_result=41898, speed=776.13/s totalWork=7
2021-06-08 20:32:07,870 INFO  [DNFCalculating] log_result_queue_info:1367: calc#2: 排行: try_fetch_result periodly report remaining_qize=0 sync_batch_size=100 processed_result=42098, speed=779.79/s totalWork=7
2021-06-08 20:32:08,373 INFO  [DNFCalculating] log_result_queue_info:1367: calc#2: 排行: try_fetch_result_in_background remaining_qize=3 sync_batch_size=100 processed_result=42098, speed=772.59/s totalWork=7
2021-06-08 20:32:08,375 INFO  [DNFCalculating] log_result_queue_info:1367: calc#2: 排行: try_fetch_result periodly report remaining_qize=2 sync_batch_size=100 processed_result=42198, speed=774.40/s totalWork=7
2021-06-08 20:32:08,880 INFO  [DNFCalculating] log_result_queue_info:1367: calc#2: 排行: try_fetch_result_in_background remaining_qize=6 sync_batch_size=100 processed_result=42398, speed=770.93/s totalWork=7
2021-06-08 20:32:08,882 INFO  [DNFCalculating] log_result_queue_info:1367: calc#2: 排行: try_fetch_result periodly report remaining_qize=5 sync_batch_size=100 processed_result=42498, speed=772.72/s totalWork=7
2021-06-08 20:32:09,243 WARNI [DNFCalculating] 计算线程:1476: 所有工作线程均已完成计算，总计用时=56.17s
2021-06-08 20:32:09,403 INFO  [DNFCalculating] log_result_queue_info:1367: calc#2: 排行: after join remaining_qize=3 sync_batch_size=100 processed_result=42844, speed=771.69/s totalWork=7
2021-06-08 20:32:09,404 INFO  [DNFCalculating] log_result_queue_info:1367: calc#2: 排行: try_fetch_result periodly report remaining_qize=2 sync_batch_size=100 processed_result=42944, speed=773.48/s totalWork=7
2021-06-08 20:32:09,406 INFO  [DNFCalculating] log_result_queue_info:1367: calc#2: 排行: try_fetch_result periodly report remaining_qize=0 sync_batch_size=100 processed_result=43040, speed=775.18/s totalWork=7
2021-06-08 20:32:09,406 INFO  [DNFCalculating] log_result_queue_info:1367: calc#2: 排行: after final remaining_qize=0 sync_batch_size=100 processed_result=43040, speed=775.18/s totalWork=7
