2021-06-01 21:04:53,738 DEBUG [urllib3.connectionpool] _new_conn:971: Starting new HTTPS connection (1): pan.lanzous.com:443
2021-06-01 21:04:53,783 DEBUG [urllib3.connectionpool] _new_conn:971: Starting new HTTPS connection (1): pan.lanzous.com:443
2021-06-01 21:05:38,077 INFO  [DNFCalculating] 计算线程:1354: 开始计算
2021-06-01 21:05:38,830 INFO  [DNFCalculating] log_result_queue_info:1367: calc#1: 排行: try_fetch_result_in_background remaining_qize=0 sync_batch_size=100 processed_result=0, speed=0.00/s totalWork=0
2021-06-01 21:05:39,429 INFO  [DNFCalculating] log_result_queue_info:1367: calc#1: 排行: try_fetch_result_in_background remaining_qize=0 sync_batch_size=100 processed_result=0, speed=0.00/s totalWork=0
2021-06-01 21:05:39,966 INFO  [DNFCalculating] log_result_queue_info:1367: calc#1: 排行: try_fetch_result_in_background remaining_qize=0 sync_batch_size=100 processed_result=0, speed=0.00/s totalWork=7
2021-06-01 21:05:40,474 INFO  [DNFCalculating] log_result_queue_info:1367: calc#1: 排行: try_fetch_result_in_background remaining_qize=1 sync_batch_size=100 processed_result=0, speed=0.00/s totalWork=7
2021-06-01 21:05:40,981 INFO  [DNFCalculating] log_result_queue_info:1367: calc#1: 排行: try_fetch_result_in_background remaining_qize=5 sync_batch_size=100 processed_result=100, speed=42.59/s totalWork=7
2021-06-01 21:05:41,504 INFO  [DNFCalculating] log_result_queue_info:1367: calc#1: 排行: try_fetch_result_in_background remaining_qize=8 sync_batch_size=100 processed_result=600, speed=209.00/s totalWork=7
2021-06-01 21:05:41,511 INFO  [DNFCalculating] log_result_queue_info:1367: calc#1: 排行: try_fetch_result periodly report remaining_qize=4 sync_batch_size=100 processed_result=1000, speed=347.61/s totalWork=7
2021-06-01 21:05:42,027 INFO  [DNFCalculating] log_result_queue_info:1367: calc#1: 排行: try_fetch_result_in_background remaining_qize=12 sync_batch_size=100 processed_result=1400, speed=412.54/s totalWork=7
2021-06-01 21:05:42,029 INFO  [DNFCalculating] log_result_queue_info:1367: calc#1: 排行: try_fetch_result periodly report remaining_qize=11 sync_batch_size=100 processed_result=1500, speed=441.75/s totalWork=7
2021-06-01 21:05:42,037 INFO  [DNFCalculating] log_result_queue_info:1367: calc#1: 排行: try_fetch_result periodly report remaining_qize=6 sync_batch_size=100 processed_result=2000, speed=587.54/s totalWork=7
2021-06-01 21:05:42,550 INFO  [DNFCalculating] log_result_queue_info:1367: calc#1: 排行: try_fetch_result_in_background remaining_qize=15 sync_batch_size=100 processed_result=2600, speed=663.92/s totalWork=7
2021-06-01 21:05:42,551 INFO  [DNFCalculating] log_result_queue_info:1367: calc#1: 排行: try_fetch_result periodly report remaining_qize=14 sync_batch_size=100 processed_result=2700, speed=689.15/s totalWork=7
2021-06-01 21:05:42,556 INFO  [DNFCalculating] log_result_queue_info:1367: calc#1: 排行: try_fetch_result periodly report remaining_qize=11 sync_batch_size=100 processed_result=3000, speed=764.73/s totalWork=7
2021-06-01 21:05:42,571 INFO  [DNFCalculating] log_result_queue_info:1367: calc#1: 排行: try_fetch_result periodly report remaining_qize=1 sync_batch_size=100 processed_result=4000, speed=1015.81/s totalWork=7
2021-06-01 21:05:43,088 INFO  [DNFCalculating] log_result_queue_info:1367: calc#1: 排行: try_fetch_result_in_background remaining_qize=16 sync_batch_size=100 processed_result=4100, speed=920.40/s totalWork=7
2021-06-01 21:05:43,090 INFO  [DNFCalculating] log_result_queue_info:1367: calc#1: 排行: try_fetch_result periodly report remaining_qize=15 sync_batch_size=100 processed_result=4200, speed=942.43/s totalWork=7
2021-06-01 21:05:43,101 INFO  [DNFCalculating] log_result_queue_info:1367: calc#1: 排行: try_fetch_result periodly report remaining_qize=7 sync_batch_size=100 processed_result=5000, speed=1119.33/s totalWork=7
2021-06-01 21:05:43,610 INFO  [DNFCalculating] log_result_queue_info:1367: calc#1: 排行: try_fetch_result_in_background remaining_qize=15 sync_batch_size=100 processed_result=5700, speed=1145.23/s totalWork=7
2021-06-01 21:05:43,613 INFO  [DNFCalculating] log_result_queue_info:1367: calc#1: 排行: try_fetch_result periodly report remaining_qize=14 sync_batch_size=100 processed_result=5800, speed=1164.93/s totalWork=7
2021-06-01 21:05:43,616 INFO  [DNFCalculating] log_result_queue_info:1367: calc#1: 排行: try_fetch_result periodly report remaining_qize=12 sync_batch_size=100 processed_result=6000, speed=1204.26/s totalWork=7
2021-06-01 21:05:43,630 INFO  [DNFCalculating] log_result_queue_info:1367: calc#1: 排行: try_fetch_result periodly report remaining_qize=2 sync_batch_size=100 processed_result=7000, speed=1401.07/s totalWork=7
2021-06-01 21:05:44,133 INFO  [DNFCalculating] log_result_queue_info:1367: calc#1: 排行: try_fetch_result_in_background remaining_qize=16 sync_batch_size=100 processed_result=7200, speed=1309.11/s totalWork=7
2021-06-01 21:05:44,135 INFO  [DNFCalculating] log_result_queue_info:1367: calc#1: 排行: try_fetch_result periodly report remaining_qize=15 sync_batch_size=100 processed_result=7300, speed=1326.88/s totalWork=7
2021-06-01 21:05:44,146 INFO  [DNFCalculating] log_result_queue_info:1367: calc#1: 排行: try_fetch_result periodly report remaining_qize=9 sync_batch_size=100 processed_result=8000, speed=1451.11/s totalWork=7
2021-06-01 21:05:44,671 INFO  [DNFCalculating] log_result_queue_info:1367: calc#1: 排行: try_fetch_result_in_background remaining_qize=14 sync_batch_size=100 processed_result=8900, speed=1474.05/s totalWork=7
2021-06-01 21:05:44,673 INFO  [DNFCalculating] log_result_queue_info:1367: calc#1: 排行: try_fetch_result periodly report remaining_qize=13 sync_batch_size=100 processed_result=9000, speed=1490.12/s totalWork=7
2021-06-01 21:05:44,687 INFO  [DNFCalculating] log_result_queue_info:1367: calc#1: 排行: try_fetch_result periodly report remaining_qize=3 sync_batch_size=100 processed_result=10000, speed=1651.89/s totalWork=7
2021-06-01 21:05:45,194 INFO  [DNFCalculating] log_result_queue_info:1367: calc#1: 排行: try_fetch_result_in_background remaining_qize=15 sync_batch_size=100 processed_result=10300, speed=1569.87/s totalWork=7
2021-06-01 21:05:45,196 INFO  [DNFCalculating] log_result_queue_info:1367: calc#1: 排行: try_fetch_result periodly report remaining_qize=14 sync_batch_size=100 processed_result=10400, speed=1584.75/s totalWork=7
2021-06-01 21:05:45,205 INFO  [DNFCalculating] log_result_queue_info:1367: calc#1: 排行: try_fetch_result periodly report remaining_qize=8 sync_batch_size=100 processed_result=11000, speed=1673.90/s totalWork=7
2021-06-01 21:05:45,732 INFO  [DNFCalculating] log_result_queue_info:1367: calc#1: 排行: try_fetch_result_in_background remaining_qize=15 sync_batch_size=100 processed_result=11900, speed=1676.31/s totalWork=7
2021-06-01 21:05:45,735 INFO  [DNFCalculating] log_result_queue_info:1367: calc#1: 排行: try_fetch_result periodly report remaining_qize=14 sync_batch_size=100 processed_result=12000, speed=1689.85/s totalWork=7
2021-06-01 21:05:45,748 INFO  [DNFCalculating] log_result_queue_info:1367: calc#1: 排行: try_fetch_result periodly report remaining_qize=4 sync_batch_size=100 processed_result=13000, speed=1827.23/s totalWork=7
2021-06-01 21:05:46,255 INFO  [DNFCalculating] log_result_queue_info:1367: calc#1: 排行: try_fetch_result_in_background remaining_qize=15 sync_batch_size=100 processed_result=13400, speed=1758.14/s totalWork=7
2021-06-01 21:05:46,257 INFO  [DNFCalculating] log_result_queue_info:1367: calc#1: 排行: try_fetch_result periodly report remaining_qize=14 sync_batch_size=100 processed_result=13500, speed=1770.84/s totalWork=7
2021-06-01 21:05:46,264 INFO  [DNFCalculating] log_result_queue_info:1367: calc#1: 排行: try_fetch_result periodly report remaining_qize=9 sync_batch_size=100 processed_result=14000, speed=1834.63/s totalWork=7
2021-06-01 21:05:46,794 INFO  [DNFCalculating] log_result_queue_info:1367: calc#1: 排行: try_fetch_result_in_background remaining_qize=15 sync_batch_size=100 processed_result=14900, speed=1825.93/s totalWork=7
2021-06-01 21:05:46,795 INFO  [DNFCalculating] log_result_queue_info:1367: calc#1: 排行: try_fetch_result periodly report remaining_qize=14 sync_batch_size=100 processed_result=15000, speed=1837.75/s totalWork=7
2021-06-01 21:05:46,812 INFO  [DNFCalculating] log_result_queue_info:1367: calc#1: 排行: try_fetch_result periodly report remaining_qize=5 sync_batch_size=100 processed_result=16000, speed=1956.46/s totalWork=7
2021-06-01 21:05:47,331 INFO  [DNFCalculating] log_result_queue_info:1367: calc#1: 排行: try_fetch_result_in_background remaining_qize=14 sync_batch_size=100 processed_result=16500, speed=1896.98/s totalWork=7
2021-06-01 21:05:47,333 INFO  [DNFCalculating] log_result_queue_info:1367: calc#1: 排行: try_fetch_result periodly report remaining_qize=13 sync_batch_size=100 processed_result=16600, speed=1908.09/s totalWork=7
2021-06-01 21:05:47,339 INFO  [DNFCalculating] log_result_queue_info:1367: calc#1: 排行: try_fetch_result periodly report remaining_qize=9 sync_batch_size=100 processed_result=17000, speed=1952.73/s totalWork=7
2021-06-01 21:05:47,854 INFO  [DNFCalculating] log_result_queue_info:1367: calc#1: 排行: try_fetch_result_in_background remaining_qize=17 sync_batch_size=100 processed_result=17900, speed=1941.20/s totalWork=7
2021-06-01 21:05:47,857 INFO  [DNFCalculating] log_result_queue_info:1367: calc#1: 排行: try_fetch_result periodly report remaining_qize=16 sync_batch_size=100 processed_result=18000, speed=1951.52/s totalWork=7
2021-06-01 21:05:47,870 INFO  [DNFCalculating] log_result_queue_info:1367: calc#1: 排行: try_fetch_result periodly report remaining_qize=6 sync_batch_size=100 processed_result=19000, speed=2057.05/s totalWork=7
2021-06-01 21:05:48,392 INFO  [DNFCalculating] log_result_queue_info:1367: calc#1: 排行: try_fetch_result_in_background remaining_qize=15 sync_batch_size=100 processed_result=19600, speed=2008.42/s totalWork=7
2021-06-01 21:05:48,394 INFO  [DNFCalculating] log_result_queue_info:1367: calc#1: 排行: try_fetch_result periodly report remaining_qize=14 sync_batch_size=100 processed_result=19700, speed=2018.29/s totalWork=7
2021-06-01 21:05:48,399 INFO  [DNFCalculating] log_result_queue_info:1367: calc#1: 排行: try_fetch_result periodly report remaining_qize=11 sync_batch_size=100 processed_result=20000, speed=2048.08/s totalWork=7
2021-06-01 21:05:48,412 INFO  [DNFCalculating] log_result_queue_info:1367: calc#1: 排行: try_fetch_result periodly report remaining_qize=1 sync_batch_size=100 processed_result=21000, speed=2147.43/s totalWork=7
2021-06-01 21:05:48,915 INFO  [DNFCalculating] log_result_queue_info:1367: calc#1: 排行: try_fetch_result_in_background remaining_qize=16 sync_batch_size=100 processed_result=21100, speed=2052.17/s totalWork=7
2021-06-01 21:05:48,917 INFO  [DNFCalculating] log_result_queue_info:1367: calc#1: 排行: try_fetch_result periodly report remaining_qize=15 sync_batch_size=100 processed_result=21200, speed=2061.45/s totalWork=7
2021-06-01 21:05:48,929 INFO  [DNFCalculating] log_result_queue_info:1367: calc#1: 排行: try_fetch_result periodly report remaining_qize=7 sync_batch_size=100 processed_result=22000, speed=2136.87/s totalWork=7
2021-06-01 21:05:49,453 INFO  [DNFCalculating] log_result_queue_info:1367: calc#1: 排行: try_fetch_result_in_background remaining_qize=14 sync_batch_size=100 processed_result=22700, speed=2098.02/s totalWork=7
2021-06-01 21:05:49,456 INFO  [DNFCalculating] log_result_queue_info:1367: calc#1: 排行: try_fetch_result periodly report remaining_qize=13 sync_batch_size=100 processed_result=22800, speed=2106.78/s totalWork=7
2021-06-01 21:05:49,459 INFO  [DNFCalculating] log_result_queue_info:1367: calc#1: 排行: try_fetch_result periodly report remaining_qize=11 sync_batch_size=100 processed_result=23000, speed=2124.58/s totalWork=7
2021-06-01 21:05:49,473 INFO  [DNFCalculating] log_result_queue_info:1367: calc#1: 排行: try_fetch_result periodly report remaining_qize=1 sync_batch_size=100 processed_result=24000, speed=2214.11/s totalWork=7
2021-06-01 21:05:49,975 INFO  [DNFCalculating] log_result_queue_info:1367: calc#1: 排行: try_fetch_result_in_background remaining_qize=15 sync_batch_size=100 processed_result=24100, speed=2124.82/s totalWork=7
2021-06-01 21:05:49,977 INFO  [DNFCalculating] log_result_queue_info:1367: calc#1: 排行: try_fetch_result periodly report remaining_qize=14 sync_batch_size=100 processed_result=24200, speed=2133.29/s totalWork=7
2021-06-01 21:05:49,989 INFO  [DNFCalculating] log_result_queue_info:1367: calc#1: 排行: try_fetch_result periodly report remaining_qize=7 sync_batch_size=100 processed_result=25000, speed=2201.60/s totalWork=7
2021-06-01 21:05:50,514 INFO  [DNFCalculating] log_result_queue_info:1367: calc#1: 排行: try_fetch_result_in_background remaining_qize=14 sync_batch_size=100 processed_result=25700, speed=2163.18/s totalWork=7
2021-06-01 21:05:50,515 INFO  [DNFCalculating] log_result_queue_info:1367: calc#1: 排行: try_fetch_result periodly report remaining_qize=13 sync_batch_size=100 processed_result=25800, speed=2171.32/s totalWork=7
2021-06-01 21:05:50,519 INFO  [DNFCalculating] log_result_queue_info:1367: calc#1: 排行: try_fetch_result periodly report remaining_qize=11 sync_batch_size=100 processed_result=26000, speed=2187.52/s totalWork=7
2021-06-01 21:05:50,533 INFO  [DNFCalculating] log_result_queue_info:1367: calc#1: 排行: try_fetch_result periodly report remaining_qize=2 sync_batch_size=100 processed_result=27000, speed=2269.00/s totalWork=7
2021-06-01 21:05:51,052 INFO  [DNFCalculating] log_result_queue_info:1367: calc#1: 排行: try_fetch_result_in_background remaining_qize=15 sync_batch_size=100 processed_result=27200, speed=2190.28/s totalWork=7
2021-06-01 21:05:51,054 INFO  [DNFCalculating] log_result_queue_info:1367: calc#1: 排行: try_fetch_result periodly report remaining_qize=14 sync_batch_size=100 processed_result=27300, speed=2197.93/s totalWork=7
2021-06-01 21:05:51,064 INFO  [DNFCalculating] log_result_queue_info:1367: calc#1: 排行: try_fetch_result periodly report remaining_qize=7 sync_batch_size=100 processed_result=28000, speed=2252.48/s totalWork=7
2021-06-01 21:05:51,606 INFO  [DNFCalculating] log_result_queue_info:1367: calc#1: 排行: try_fetch_result_in_background remaining_qize=15 sync_batch_size=100 processed_result=28800, speed=2220.11/s totalWork=7
2021-06-01 21:05:51,608 INFO  [DNFCalculating] log_result_queue_info:1367: calc#1: 排行: try_fetch_result periodly report remaining_qize=14 sync_batch_size=100 processed_result=28900, speed=2227.55/s totalWork=7
2021-06-01 21:05:51,609 INFO  [DNFCalculating] log_result_queue_info:1367: calc#1: 排行: try_fetch_result periodly report remaining_qize=13 sync_batch_size=100 processed_result=29000, speed=2234.92/s totalWork=7
2021-06-01 21:05:51,623 INFO  [DNFCalculating] log_result_queue_info:1367: calc#1: 排行: try_fetch_result periodly report remaining_qize=3 sync_batch_size=100 processed_result=30000, speed=2309.52/s totalWork=7
2021-06-01 21:05:52,128 INFO  [DNFCalculating] log_result_queue_info:1367: calc#1: 排行: try_fetch_result_in_background remaining_qize=13 sync_batch_size=100 processed_result=30300, speed=2245.30/s totalWork=7
2021-06-01 21:05:52,130 INFO  [DNFCalculating] log_result_queue_info:1367: calc#1: 排行: try_fetch_result periodly report remaining_qize=12 sync_batch_size=100 processed_result=30400, speed=2252.41/s totalWork=7
2021-06-01 21:05:52,139 INFO  [DNFCalculating] log_result_queue_info:1367: calc#1: 排行: try_fetch_result periodly report remaining_qize=6 sync_batch_size=100 processed_result=31000, speed=2295.35/s totalWork=7
2021-06-01 21:05:52,651 INFO  [DNFCalculating] log_result_queue_info:1367: calc#1: 排行: try_fetch_result_in_background remaining_qize=16 sync_batch_size=100 processed_result=31600, speed=2254.34/s totalWork=7
2021-06-01 21:05:52,653 INFO  [DNFCalculating] log_result_queue_info:1367: calc#1: 排行: try_fetch_result periodly report remaining_qize=15 sync_batch_size=100 processed_result=31700, speed=2261.15/s totalWork=7
2021-06-01 21:05:52,658 INFO  [DNFCalculating] log_result_queue_info:1367: calc#1: 排行: try_fetch_result periodly report remaining_qize=12 sync_batch_size=100 processed_result=32000, speed=2281.74/s totalWork=7
2021-06-01 21:05:52,673 INFO  [DNFCalculating] log_result_queue_info:1367: calc#1: 排行: try_fetch_result periodly report remaining_qize=2 sync_batch_size=100 processed_result=33000, speed=2350.47/s totalWork=7
2021-06-01 21:05:53,189 INFO  [DNFCalculating] log_result_queue_info:1367: calc#1: 排行: try_fetch_result_in_background remaining_qize=16 sync_batch_size=100 processed_result=33200, speed=2280.83/s totalWork=7
2021-06-01 21:05:53,191 INFO  [DNFCalculating] log_result_queue_info:1367: calc#1: 排行: try_fetch_result periodly report remaining_qize=15 sync_batch_size=100 processed_result=33300, speed=2287.39/s totalWork=7
2021-06-01 21:05:53,201 INFO  [DNFCalculating] log_result_queue_info:1367: calc#1: 排行: try_fetch_result periodly report remaining_qize=8 sync_batch_size=100 processed_result=34000, speed=2333.96/s totalWork=7
2021-06-01 21:05:53,727 INFO  [DNFCalculating] log_result_queue_info:1367: calc#1: 排行: try_fetch_result_in_background remaining_qize=13 sync_batch_size=100 processed_result=34883, speed=2311.14/s totalWork=7
2021-06-01 21:05:53,729 INFO  [DNFCalculating] log_result_queue_info:1367: calc#1: 排行: try_fetch_result periodly report remaining_qize=12 sync_batch_size=100 processed_result=34983, speed=2317.49/s totalWork=7
2021-06-01 21:05:53,731 INFO  [DNFCalculating] log_result_queue_info:1367: calc#1: 排行: try_fetch_result periodly report remaining_qize=11 sync_batch_size=100 processed_result=35083, speed=2323.81/s totalWork=7
2021-06-01 21:05:53,745 INFO  [DNFCalculating] log_result_queue_info:1367: calc#1: 排行: try_fetch_result periodly report remaining_qize=2 sync_batch_size=100 processed_result=36066, speed=2386.57/s totalWork=7
2021-06-01 21:05:54,250 INFO  [DNFCalculating] log_result_queue_info:1367: calc#1: 排行: try_fetch_result_in_background remaining_qize=11 sync_batch_size=100 processed_result=36266, speed=2322.28/s totalWork=7
2021-06-01 21:05:54,251 INFO  [DNFCalculating] log_result_queue_info:1367: calc#1: 排行: try_fetch_result periodly report remaining_qize=10 sync_batch_size=100 processed_result=36366, speed=2328.47/s totalWork=7
2021-06-01 21:05:54,258 INFO  [DNFCalculating] log_result_queue_info:1367: calc#1: 排行: try_fetch_result periodly report remaining_qize=3 sync_batch_size=100 processed_result=37032, speed=2370.05/s totalWork=7
2021-06-01 21:05:54,524 WARNI [DNFCalculating] 计算线程:1476: 所有工作线程均已完成计算，总计用时=16.44s
2021-06-01 21:05:54,773 INFO  [DNFCalculating] log_result_queue_info:1367: calc#1: 排行: after join remaining_qize=4 sync_batch_size=100 processed_result=37315, speed=2312.03/s totalWork=7
2021-06-01 21:05:54,774 INFO  [DNFCalculating] log_result_queue_info:1367: calc#1: 排行: try_fetch_result periodly report remaining_qize=3 sync_batch_size=100 processed_result=37415, speed=2318.00/s totalWork=7
2021-06-01 21:05:54,777 INFO  [DNFCalculating] log_result_queue_info:1367: calc#1: 排行: after final remaining_qize=0 sync_batch_size=100 processed_result=37680, speed=2334.11/s totalWork=7
2021-06-01 21:07:36,336 INFO  [DNFCalculating] 计算线程:1354: 开始计算
2021-06-01 21:07:37,012 INFO  [DNFCalculating] log_result_queue_info:1367: calc#2: 排行: try_fetch_result_in_background remaining_qize=0 sync_batch_size=100 processed_result=0, speed=0.00/s totalWork=0
2021-06-01 21:07:37,672 INFO  [DNFCalculating] log_result_queue_info:1367: calc#2: 排行: try_fetch_result_in_background remaining_qize=0 sync_batch_size=100 processed_result=0, speed=0.00/s totalWork=0
2021-06-01 21:07:38,241 INFO  [DNFCalculating] log_result_queue_info:1367: calc#2: 排行: try_fetch_result_in_background remaining_qize=0 sync_batch_size=100 processed_result=0, speed=0.00/s totalWork=7
2021-06-01 21:07:38,749 INFO  [DNFCalculating] log_result_queue_info:1367: calc#2: 排行: try_fetch_result_in_background remaining_qize=0 sync_batch_size=100 processed_result=0, speed=0.00/s totalWork=7
2021-06-01 21:07:39,256 INFO  [DNFCalculating] log_result_queue_info:1367: calc#2: 排行: try_fetch_result_in_background remaining_qize=4 sync_batch_size=100 processed_result=0, speed=0.00/s totalWork=7
2021-06-01 21:07:39,763 INFO  [DNFCalculating] log_result_queue_info:1367: calc#2: 排行: try_fetch_result_in_background remaining_qize=4 sync_batch_size=100 processed_result=400, speed=137.13/s totalWork=7
2021-06-01 21:07:40,287 INFO  [DNFCalculating] log_result_queue_info:1367: calc#2: 排行: try_fetch_result_in_background remaining_qize=8 sync_batch_size=100 processed_result=800, speed=232.56/s totalWork=7
2021-06-01 21:07:40,290 INFO  [DNFCalculating] log_result_queue_info:1367: calc#2: 排行: try_fetch_result periodly report remaining_qize=6 sync_batch_size=100 processed_result=1000, speed=290.38/s totalWork=7
2021-06-01 21:07:40,809 INFO  [DNFCalculating] log_result_queue_info:1367: calc#2: 排行: try_fetch_result_in_background remaining_qize=8 sync_batch_size=100 processed_result=1600, speed=403.72/s totalWork=7
2021-06-01 21:07:40,811 INFO  [DNFCalculating] log_result_queue_info:1367: calc#2: 排行: try_fetch_result periodly report remaining_qize=7 sync_batch_size=100 processed_result=1700, speed=428.75/s totalWork=7
2021-06-01 21:07:40,816 INFO  [DNFCalculating] log_result_queue_info:1367: calc#2: 排行: try_fetch_result periodly report remaining_qize=4 sync_batch_size=100 processed_result=2000, speed=503.78/s totalWork=7
2021-06-01 21:07:41,332 INFO  [DNFCalculating] log_result_queue_info:1367: calc#2: 排行: try_fetch_result_in_background remaining_qize=11 sync_batch_size=100 processed_result=2400, speed=535.03/s totalWork=7
2021-06-01 21:07:41,334 INFO  [DNFCalculating] log_result_queue_info:1367: calc#2: 排行: try_fetch_result periodly report remaining_qize=10 sync_batch_size=100 processed_result=2500, speed=557.07/s totalWork=7
2021-06-01 21:07:41,342 INFO  [DNFCalculating] log_result_queue_info:1367: calc#2: 排行: try_fetch_result periodly report remaining_qize=5 sync_batch_size=100 processed_result=3000, speed=667.30/s totalWork=7
2021-06-01 21:07:41,855 INFO  [DNFCalculating] log_result_queue_info:1367: calc#2: 排行: try_fetch_result_in_background remaining_qize=8 sync_batch_size=100 processed_result=3500, speed=698.84/s totalWork=7
2021-06-01 21:07:41,857 INFO  [DNFCalculating] log_result_queue_info:1367: calc#2: 排行: try_fetch_result periodly report remaining_qize=7 sync_batch_size=100 processed_result=3600, speed=718.48/s totalWork=7
2021-06-01 21:07:41,863 INFO  [DNFCalculating] log_result_queue_info:1367: calc#2: 排行: try_fetch_result periodly report remaining_qize=3 sync_batch_size=100 processed_result=4000, speed=797.28/s totalWork=7
2021-06-01 21:07:42,377 INFO  [DNFCalculating] log_result_queue_info:1367: calc#2: 排行: try_fetch_result_in_background remaining_qize=13 sync_batch_size=100 processed_result=4300, speed=777.43/s totalWork=7
2021-06-01 21:07:42,380 INFO  [DNFCalculating] log_result_queue_info:1367: calc#2: 排行: try_fetch_result periodly report remaining_qize=12 sync_batch_size=100 processed_result=4400, speed=795.18/s totalWork=7
2021-06-01 21:07:42,390 INFO  [DNFCalculating] log_result_queue_info:1367: calc#2: 排行: try_fetch_result periodly report remaining_qize=6 sync_batch_size=100 processed_result=5000, speed=901.99/s totalWork=7
2021-06-01 21:07:42,900 INFO  [DNFCalculating] log_result_queue_info:1367: calc#2: 排行: try_fetch_result_in_background remaining_qize=8 sync_batch_size=100 processed_result=5600, speed=925.03/s totalWork=7
2021-06-01 21:07:42,902 INFO  [DNFCalculating] log_result_queue_info:1367: calc#2: 排行: try_fetch_result periodly report remaining_qize=7 sync_batch_size=100 processed_result=5700, speed=941.27/s totalWork=7
2021-06-01 21:07:42,907 INFO  [DNFCalculating] log_result_queue_info:1367: calc#2: 排行: try_fetch_result periodly report remaining_qize=5 sync_batch_size=100 processed_result=6000, speed=990.00/s totalWork=7
2021-06-01 21:07:43,423 INFO  [DNFCalculating] log_result_queue_info:1367: calc#2: 排行: try_fetch_result_in_background remaining_qize=10 sync_batch_size=100 processed_result=6500, speed=988.35/s totalWork=7
2021-06-01 21:07:43,425 INFO  [DNFCalculating] log_result_queue_info:1367: calc#2: 排行: try_fetch_result periodly report remaining_qize=9 sync_batch_size=100 processed_result=6600, speed=1003.20/s totalWork=7
2021-06-01 21:07:43,432 INFO  [DNFCalculating] log_result_queue_info:1367: calc#2: 排行: try_fetch_result periodly report remaining_qize=5 sync_batch_size=100 processed_result=7000, speed=1063.04/s totalWork=7
2021-06-01 21:07:43,946 INFO  [DNFCalculating] log_result_queue_info:1367: calc#2: 排行: try_fetch_result_in_background remaining_qize=10 sync_batch_size=100 processed_result=7500, speed=1056.44/s totalWork=7
2021-06-01 21:07:43,948 INFO  [DNFCalculating] log_result_queue_info:1367: calc#2: 排行: try_fetch_result periodly report remaining_qize=9 sync_batch_size=100 processed_result=7600, speed=1070.16/s totalWork=7
2021-06-01 21:07:43,955 INFO  [DNFCalculating] log_result_queue_info:1367: calc#2: 排行: try_fetch_result periodly report remaining_qize=5 sync_batch_size=100 processed_result=8000, speed=1125.31/s totalWork=7
2021-06-01 21:07:44,469 INFO  [DNFCalculating] log_result_queue_info:1367: calc#2: 排行: try_fetch_result_in_background remaining_qize=11 sync_batch_size=100 processed_result=8500, speed=1115.16/s totalWork=7
2021-06-01 21:07:44,471 INFO  [DNFCalculating] log_result_queue_info:1367: calc#2: 排行: try_fetch_result periodly report remaining_qize=10 sync_batch_size=100 processed_result=8600, speed=1127.94/s totalWork=7
2021-06-01 21:07:44,478 INFO  [DNFCalculating] log_result_queue_info:1367: calc#2: 排行: try_fetch_result periodly report remaining_qize=6 sync_batch_size=100 processed_result=9000, speed=1179.33/s totalWork=7
2021-06-01 21:07:44,991 INFO  [DNFCalculating] log_result_queue_info:1367: calc#2: 排行: try_fetch_result_in_background remaining_qize=9 sync_batch_size=100 processed_result=9700, speed=1190.92/s totalWork=7
2021-06-01 21:07:44,994 INFO  [DNFCalculating] log_result_queue_info:1367: calc#2: 排行: try_fetch_result periodly report remaining_qize=8 sync_batch_size=100 processed_result=9800, speed=1202.86/s totalWork=7
2021-06-01 21:07:44,997 INFO  [DNFCalculating] log_result_queue_info:1367: calc#2: 排行: try_fetch_result periodly report remaining_qize=6 sync_batch_size=100 processed_result=10000, speed=1226.96/s totalWork=7
2021-06-01 21:07:45,514 INFO  [DNFCalculating] log_result_queue_info:1367: calc#2: 排行: try_fetch_result_in_background remaining_qize=8 sync_batch_size=100 processed_result=10600, speed=1222.95/s totalWork=7
2021-06-01 21:07:45,516 INFO  [DNFCalculating] log_result_queue_info:1367: calc#2: 排行: try_fetch_result periodly report remaining_qize=7 sync_batch_size=100 processed_result=10700, speed=1234.13/s totalWork=7
2021-06-01 21:07:45,521 INFO  [DNFCalculating] log_result_queue_info:1367: calc#2: 排行: try_fetch_result periodly report remaining_qize=5 sync_batch_size=100 processed_result=11000, speed=1268.01/s totalWork=7
2021-06-01 21:07:46,037 INFO  [DNFCalculating] log_result_queue_info:1367: calc#2: 排行: try_fetch_result_in_background remaining_qize=12 sync_batch_size=100 processed_result=11500, speed=1251.24/s totalWork=7
2021-06-01 21:07:46,040 INFO  [DNFCalculating] log_result_queue_info:1367: calc#2: 排行: try_fetch_result periodly report remaining_qize=11 sync_batch_size=100 processed_result=11600, speed=1261.78/s totalWork=7
2021-06-01 21:07:46,047 INFO  [DNFCalculating] log_result_queue_info:1367: calc#2: 排行: try_fetch_result periodly report remaining_qize=7 sync_batch_size=100 processed_result=12000, speed=1304.38/s totalWork=7
2021-06-01 21:07:46,560 INFO  [DNFCalculating] log_result_queue_info:1367: calc#2: 排行: try_fetch_result_in_background remaining_qize=7 sync_batch_size=100 processed_result=12700, speed=1307.51/s totalWork=7
2021-06-01 21:07:46,562 INFO  [DNFCalculating] log_result_queue_info:1367: calc#2: 排行: try_fetch_result periodly report remaining_qize=6 sync_batch_size=100 processed_result=12800, speed=1317.47/s totalWork=7
2021-06-01 21:07:46,565 INFO  [DNFCalculating] log_result_queue_info:1367: calc#2: 排行: try_fetch_result periodly report remaining_qize=4 sync_batch_size=100 processed_result=13000, speed=1337.57/s totalWork=7
2021-06-01 21:07:47,083 INFO  [DNFCalculating] log_result_queue_info:1367: calc#2: 排行: try_fetch_result_in_background remaining_qize=12 sync_batch_size=100 processed_result=13400, speed=1309.05/s totalWork=7
2021-06-01 21:07:47,085 INFO  [DNFCalculating] log_result_queue_info:1367: calc#2: 排行: try_fetch_result periodly report remaining_qize=11 sync_batch_size=100 processed_result=13500, speed=1318.56/s totalWork=7
2021-06-01 21:07:47,093 INFO  [DNFCalculating] log_result_queue_info:1367: calc#2: 排行: try_fetch_result periodly report remaining_qize=6 sync_batch_size=100 processed_result=14000, speed=1366.27/s totalWork=7
2021-06-01 21:07:47,621 INFO  [DNFCalculating] log_result_queue_info:1367: calc#2: 排行: try_fetch_result_in_background remaining_qize=7 sync_batch_size=100 processed_result=14800, speed=1373.64/s totalWork=7
2021-06-01 21:07:47,623 INFO  [DNFCalculating] log_result_queue_info:1367: calc#2: 排行: try_fetch_result periodly report remaining_qize=6 sync_batch_size=100 processed_result=14900, speed=1382.63/s totalWork=7
2021-06-01 21:07:47,624 INFO  [DNFCalculating] log_result_queue_info:1367: calc#2: 排行: try_fetch_result periodly report remaining_qize=5 sync_batch_size=100 processed_result=15000, speed=1391.72/s totalWork=7
2021-06-01 21:07:48,143 INFO  [DNFCalculating] log_result_queue_info:1367: calc#2: 排行: try_fetch_result_in_background remaining_qize=10 sync_batch_size=100 processed_result=15500, speed=1372.03/s totalWork=7
2021-06-01 21:07:48,146 INFO  [DNFCalculating] log_result_queue_info:1367: calc#2: 排行: try_fetch_result periodly report remaining_qize=9 sync_batch_size=100 processed_result=15600, speed=1380.61/s totalWork=7
2021-06-01 21:07:48,152 INFO  [DNFCalculating] log_result_queue_info:1367: calc#2: 排行: try_fetch_result periodly report remaining_qize=6 sync_batch_size=100 processed_result=16000, speed=1415.20/s totalWork=7
2021-06-01 21:07:48,666 INFO  [DNFCalculating] log_result_queue_info:1367: calc#2: 排行: try_fetch_result_in_background remaining_qize=10 sync_batch_size=100 processed_result=16600, speed=1404.44/s totalWork=7
2021-06-01 21:07:48,668 INFO  [DNFCalculating] log_result_queue_info:1367: calc#2: 排行: try_fetch_result periodly report remaining_qize=9 sync_batch_size=100 processed_result=16700, speed=1412.66/s totalWork=7
2021-06-01 21:07:48,673 INFO  [DNFCalculating] log_result_queue_info:1367: calc#2: 排行: try_fetch_result periodly report remaining_qize=6 sync_batch_size=100 processed_result=17000, speed=1437.44/s totalWork=7
2021-06-01 21:07:49,189 INFO  [DNFCalculating] log_result_queue_info:1367: calc#2: 排行: try_fetch_result_in_background remaining_qize=10 sync_batch_size=100 processed_result=17700, speed=1434.02/s totalWork=7
2021-06-01 21:07:49,191 INFO  [DNFCalculating] log_result_queue_info:1367: calc#2: 排行: try_fetch_result periodly report remaining_qize=9 sync_batch_size=100 processed_result=17800, speed=1441.88/s totalWork=7
2021-06-01 21:07:49,195 INFO  [DNFCalculating] log_result_queue_info:1367: calc#2: 排行: try_fetch_result periodly report remaining_qize=7 sync_batch_size=100 processed_result=18000, speed=1457.62/s totalWork=7
2021-06-01 21:07:49,712 INFO  [DNFCalculating] log_result_queue_info:1367: calc#2: 排行: try_fetch_result_in_background remaining_qize=9 sync_batch_size=100 processed_result=18700, speed=1453.52/s totalWork=7
2021-06-01 21:07:49,714 INFO  [DNFCalculating] log_result_queue_info:1367: calc#2: 排行: try_fetch_result periodly report remaining_qize=8 sync_batch_size=100 processed_result=18800, speed=1461.02/s totalWork=7
2021-06-01 21:07:49,718 INFO  [DNFCalculating] log_result_queue_info:1367: calc#2: 排行: try_fetch_result periodly report remaining_qize=6 sync_batch_size=100 processed_result=19000, speed=1476.17/s totalWork=7
2021-06-01 21:07:50,234 INFO  [DNFCalculating] log_result_queue_info:1367: calc#2: 排行: try_fetch_result_in_background remaining_qize=9 sync_batch_size=100 processed_result=19600, speed=1464.05/s totalWork=7
2021-06-01 21:07:50,236 INFO  [DNFCalculating] log_result_queue_info:1367: calc#2: 排行: try_fetch_result periodly report remaining_qize=8 sync_batch_size=100 processed_result=19700, speed=1471.24/s totalWork=7
2021-06-01 21:07:50,242 INFO  [DNFCalculating] log_result_queue_info:1367: calc#2: 排行: try_fetch_result periodly report remaining_qize=5 sync_batch_size=100 processed_result=20000, speed=1493.05/s totalWork=7
2021-06-01 21:07:50,757 INFO  [DNFCalculating] log_result_queue_info:1367: calc#2: 排行: try_fetch_result_in_background remaining_qize=10 sync_batch_size=100 processed_result=20500, speed=1473.73/s totalWork=7
2021-06-01 21:07:50,759 INFO  [DNFCalculating] log_result_queue_info:1367: calc#2: 排行: try_fetch_result periodly report remaining_qize=9 sync_batch_size=100 processed_result=20600, speed=1480.70/s totalWork=7
2021-06-01 21:07:50,765 INFO  [DNFCalculating] log_result_queue_info:1367: calc#2: 排行: try_fetch_result periodly report remaining_qize=5 sync_batch_size=100 processed_result=21000, speed=1508.76/s totalWork=7
2021-06-01 21:07:51,279 INFO  [DNFCalculating] log_result_queue_info:1367: calc#2: 排行: try_fetch_result_in_background remaining_qize=11 sync_batch_size=100 processed_result=21500, speed=1489.69/s totalWork=7
2021-06-01 21:07:51,282 INFO  [DNFCalculating] log_result_queue_info:1367: calc#2: 排行: try_fetch_result periodly report remaining_qize=10 sync_batch_size=100 processed_result=21600, speed=1496.32/s totalWork=7
2021-06-01 21:07:51,288 INFO  [DNFCalculating] log_result_queue_info:1367: calc#2: 排行: try_fetch_result periodly report remaining_qize=6 sync_batch_size=100 processed_result=22000, speed=1523.39/s totalWork=7
2021-06-01 21:07:51,802 INFO  [DNFCalculating] log_result_queue_info:1367: calc#2: 排行: try_fetch_result_in_background remaining_qize=8 sync_batch_size=100 processed_result=22600, speed=1511.11/s totalWork=7
2021-06-01 21:07:51,804 INFO  [DNFCalculating] log_result_queue_info:1367: calc#2: 排行: try_fetch_result periodly report remaining_qize=7 sync_batch_size=100 processed_result=22700, speed=1517.60/s totalWork=7
2021-06-01 21:07:51,810 INFO  [DNFCalculating] log_result_queue_info:1367: calc#2: 排行: try_fetch_result periodly report remaining_qize=5 sync_batch_size=100 processed_result=23000, speed=1537.09/s totalWork=7
2021-06-01 21:07:52,325 INFO  [DNFCalculating] log_result_queue_info:1367: calc#2: 排行: try_fetch_result_in_background remaining_qize=10 sync_batch_size=100 processed_result=23500, speed=1518.27/s totalWork=7
2021-06-01 21:07:52,327 INFO  [DNFCalculating] log_result_queue_info:1367: calc#2: 排行: try_fetch_result periodly report remaining_qize=9 sync_batch_size=100 processed_result=23600, speed=1524.49/s totalWork=7
2021-06-01 21:07:52,333 INFO  [DNFCalculating] log_result_queue_info:1367: calc#2: 排行: try_fetch_result periodly report remaining_qize=5 sync_batch_size=100 processed_result=24000, speed=1549.68/s totalWork=7
2021-06-01 21:07:52,848 INFO  [DNFCalculating] log_result_queue_info:1367: calc#2: 排行: try_fetch_result_in_background remaining_qize=9 sync_batch_size=100 processed_result=24500, speed=1531.11/s totalWork=7
2021-06-01 21:07:52,850 INFO  [DNFCalculating] log_result_queue_info:1367: calc#2: 排行: try_fetch_result periodly report remaining_qize=8 sync_batch_size=100 processed_result=24600, speed=1537.12/s totalWork=7
2021-06-01 21:07:52,857 INFO  [DNFCalculating] log_result_queue_info:1367: calc#2: 排行: try_fetch_result periodly report remaining_qize=4 sync_batch_size=100 processed_result=25000, speed=1561.44/s totalWork=7
2021-06-01 21:07:53,370 INFO  [DNFCalculating] log_result_queue_info:1367: calc#2: 排行: try_fetch_result_in_background remaining_qize=9 sync_batch_size=100 processed_result=25400, speed=1537.22/s totalWork=7
2021-06-01 21:07:53,372 INFO  [DNFCalculating] log_result_queue_info:1367: calc#2: 排行: try_fetch_result periodly report remaining_qize=8 sync_batch_size=100 processed_result=25500, speed=1543.05/s totalWork=7
2021-06-01 21:07:53,380 INFO  [DNFCalculating] log_result_queue_info:1367: calc#2: 排行: try_fetch_result periodly report remaining_qize=4 sync_batch_size=100 processed_result=26000, speed=1572.51/s totalWork=7
2021-06-01 21:07:53,893 INFO  [DNFCalculating] log_result_queue_info:1367: calc#2: 排行: try_fetch_result_in_background remaining_qize=8 sync_batch_size=100 processed_result=26400, speed=1548.73/s totalWork=7
2021-06-01 21:07:53,895 INFO  [DNFCalculating] log_result_queue_info:1367: calc#2: 排行: try_fetch_result periodly report remaining_qize=7 sync_batch_size=100 processed_result=26500, speed=1554.37/s totalWork=7
2021-06-01 21:07:53,904 INFO  [DNFCalculating] log_result_queue_info:1367: calc#2: 排行: try_fetch_result periodly report remaining_qize=2 sync_batch_size=100 processed_result=27000, speed=1582.89/s totalWork=7
2021-06-01 21:07:54,415 INFO  [DNFCalculating] log_result_queue_info:1367: calc#2: 排行: try_fetch_result_in_background remaining_qize=9 sync_batch_size=100 processed_result=27200, speed=1548.20/s totalWork=7
2021-06-01 21:07:54,418 INFO  [DNFCalculating] log_result_queue_info:1367: calc#2: 排行: try_fetch_result periodly report remaining_qize=8 sync_batch_size=100 processed_result=27300, speed=1553.67/s totalWork=7
2021-06-01 21:07:54,428 INFO  [DNFCalculating] log_result_queue_info:1367: calc#2: 排行: try_fetch_result periodly report remaining_qize=1 sync_batch_size=100 processed_result=28000, speed=1592.57/s totalWork=7
2021-06-01 21:07:54,938 INFO  [DNFCalculating] log_result_queue_info:1367: calc#2: 排行: try_fetch_result_in_background remaining_qize=7 sync_batch_size=100 processed_result=28100, speed=1553.21/s totalWork=7
2021-06-01 21:07:54,941 INFO  [DNFCalculating] log_result_queue_info:1367: calc#2: 排行: try_fetch_result periodly report remaining_qize=6 sync_batch_size=100 processed_result=28200, speed=1558.51/s totalWork=7
2021-06-01 21:07:55,460 INFO  [DNFCalculating] log_result_queue_info:1367: calc#2: 排行: try_fetch_result_in_background remaining_qize=9 sync_batch_size=100 processed_result=28800, speed=1547.24/s totalWork=7
2021-06-01 21:07:55,464 INFO  [DNFCalculating] log_result_queue_info:1367: calc#2: 排行: try_fetch_result periodly report remaining_qize=8 sync_batch_size=100 processed_result=28900, speed=1552.31/s totalWork=7
2021-06-01 21:07:55,466 INFO  [DNFCalculating] log_result_queue_info:1367: calc#2: 排行: try_fetch_result periodly report remaining_qize=7 sync_batch_size=100 processed_result=29000, speed=1557.48/s totalWork=7
2021-06-01 21:07:55,982 INFO  [DNFCalculating] log_result_queue_info:1367: calc#2: 排行: try_fetch_result_in_background remaining_qize=8 sync_batch_size=100 processed_result=29700, speed=1552.04/s totalWork=7
2021-06-01 21:07:55,985 INFO  [DNFCalculating] log_result_queue_info:1367: calc#2: 排行: try_fetch_result periodly report remaining_qize=7 sync_batch_size=100 processed_result=29800, speed=1557.02/s totalWork=7
2021-06-01 21:07:55,989 INFO  [DNFCalculating] log_result_queue_info:1367: calc#2: 排行: try_fetch_result periodly report remaining_qize=5 sync_batch_size=100 processed_result=30000, speed=1567.19/s totalWork=7
2021-06-01 21:07:56,506 INFO  [DNFCalculating] log_result_queue_info:1367: calc#2: 排行: try_fetch_result_in_background remaining_qize=9 sync_batch_size=100 processed_result=30500, speed=1551.42/s totalWork=7
2021-06-01 21:07:56,508 INFO  [DNFCalculating] log_result_queue_info:1367: calc#2: 排行: try_fetch_result periodly report remaining_qize=8 sync_batch_size=100 processed_result=30600, speed=1556.35/s totalWork=7
2021-06-01 21:07:56,515 INFO  [DNFCalculating] log_result_queue_info:1367: calc#2: 排行: try_fetch_result periodly report remaining_qize=4 sync_batch_size=100 processed_result=31000, speed=1576.18/s totalWork=7
2021-06-01 21:07:57,029 INFO  [DNFCalculating] log_result_queue_info:1367: calc#2: 排行: try_fetch_result_in_background remaining_qize=10 sync_batch_size=100 processed_result=31400, speed=1555.87/s totalWork=7
2021-06-01 21:07:57,031 INFO  [DNFCalculating] log_result_queue_info:1367: calc#2: 排行: try_fetch_result periodly report remaining_qize=9 sync_batch_size=100 processed_result=31500, speed=1560.63/s totalWork=7
2021-06-01 21:07:57,039 INFO  [DNFCalculating] log_result_queue_info:1367: calc#2: 排行: try_fetch_result periodly report remaining_qize=4 sync_batch_size=100 processed_result=32000, speed=1584.74/s totalWork=7
2021-06-01 21:07:57,551 INFO  [DNFCalculating] log_result_queue_info:1367: calc#2: 排行: try_fetch_result_in_background remaining_qize=10 sync_batch_size=100 processed_result=32400, speed=1564.84/s totalWork=7
2021-06-01 21:07:57,553 INFO  [DNFCalculating] log_result_queue_info:1367: calc#2: 排行: try_fetch_result periodly report remaining_qize=9 sync_batch_size=100 processed_result=32500, speed=1569.52/s totalWork=7
2021-06-01 21:07:57,562 INFO  [DNFCalculating] log_result_queue_info:1367: calc#2: 排行: try_fetch_result periodly report remaining_qize=4 sync_batch_size=100 processed_result=33000, speed=1593.02/s totalWork=7
2021-06-01 21:07:58,074 INFO  [DNFCalculating] log_result_queue_info:1367: calc#2: 排行: try_fetch_result_in_background remaining_qize=9 sync_batch_size=100 processed_result=33400, speed=1573.41/s totalWork=7
2021-06-01 21:07:58,076 INFO  [DNFCalculating] log_result_queue_info:1367: calc#2: 排行: try_fetch_result periodly report remaining_qize=8 sync_batch_size=100 processed_result=33500, speed=1577.97/s totalWork=7
2021-06-01 21:07:58,085 INFO  [DNFCalculating] log_result_queue_info:1367: calc#2: 排行: try_fetch_result periodly report remaining_qize=3 sync_batch_size=100 processed_result=34000, speed=1600.93/s totalWork=7
2021-06-01 21:07:58,597 INFO  [DNFCalculating] log_result_queue_info:1367: calc#2: 排行: try_fetch_result_in_background remaining_qize=10 sync_batch_size=100 processed_result=34400, speed=1581.59/s totalWork=7
2021-06-01 21:07:58,599 INFO  [DNFCalculating] log_result_queue_info:1367: calc#2: 排行: try_fetch_result periodly report remaining_qize=9 sync_batch_size=100 processed_result=34500, speed=1586.02/s totalWork=7
2021-06-01 21:07:58,608 INFO  [DNFCalculating] log_result_queue_info:1367: calc#2: 排行: try_fetch_result periodly report remaining_qize=4 sync_batch_size=100 processed_result=35000, speed=1608.35/s totalWork=7
2021-06-01 21:07:59,119 INFO  [DNFCalculating] log_result_queue_info:1367: calc#2: 排行: try_fetch_result_in_background remaining_qize=8 sync_batch_size=100 processed_result=35400, speed=1589.37/s totalWork=7
2021-06-01 21:07:59,122 INFO  [DNFCalculating] log_result_queue_info:1367: calc#2: 排行: try_fetch_result periodly report remaining_qize=7 sync_batch_size=100 processed_result=35500, speed=1593.69/s totalWork=7
2021-06-01 21:07:59,131 INFO  [DNFCalculating] log_result_queue_info:1367: calc#2: 排行: try_fetch_result periodly report remaining_qize=1 sync_batch_size=100 processed_result=36066, speed=1618.42/s totalWork=7
2021-06-01 21:07:59,642 INFO  [DNFCalculating] log_result_queue_info:1367: calc#2: 排行: try_fetch_result_in_background remaining_qize=7 sync_batch_size=100 processed_result=36166, speed=1586.53/s totalWork=7
2021-06-01 21:07:59,644 INFO  [DNFCalculating] log_result_queue_info:1367: calc#2: 排行: try_fetch_result periodly report remaining_qize=6 sync_batch_size=100 processed_result=36266, speed=1590.75/s totalWork=7
2021-06-01 21:08:00,165 INFO  [DNFCalculating] log_result_queue_info:1367: calc#2: 排行: try_fetch_result_in_background remaining_qize=5 sync_batch_size=100 processed_result=36932, speed=1583.81/s totalWork=7
2021-06-01 21:08:00,167 INFO  [DNFCalculating] log_result_queue_info:1367: calc#2: 排行: try_fetch_result periodly report remaining_qize=4 sync_batch_size=100 processed_result=37032, speed=1587.93/s totalWork=7
2021-06-01 21:08:00,364 WARNI [DNFCalculating] 计算线程:1476: 所有工作线程均已完成计算，总计用时=24.02s
2021-06-01 21:08:00,688 INFO  [DNFCalculating] log_result_queue_info:1367: calc#2: 排行: after join remaining_qize=3 sync_batch_size=100 processed_result=37432, speed=1570.02/s totalWork=7
2021-06-01 21:08:00,690 INFO  [DNFCalculating] log_result_queue_info:1367: calc#2: 排行: try_fetch_result periodly report remaining_qize=2 sync_batch_size=100 processed_result=37515, speed=1573.40/s totalWork=7
2021-06-01 21:08:00,691 INFO  [DNFCalculating] log_result_queue_info:1367: calc#2: 排行: after final remaining_qize=0 sync_batch_size=100 processed_result=37680, speed=1580.22/s totalWork=7
