2021-07-14 19:40:00,302 DEBUG [urllib3.connectionpool] _new_conn:971: Starting new HTTPS connection (1): wwx.lanzoui.com:443
2021-07-14 19:40:00,698 DEBUG [urllib3.connectionpool] _make_request:452: https://wwx.lanzoui.com:443 "GET /b01bfj76f HTTP/1.1" 200 None
2021-07-14 19:40:00,721 DEBUG [urllib3.connectionpool] _new_conn:971: Starting new HTTPS connection (1): wwx.lanzoui.com:443
2021-07-14 19:40:00,915 DEBUG [urllib3.connectionpool] _make_request:452: https://wwx.lanzoui.com:443 "GET /b01bfj76f HTTP/1.1" 200 None
2021-07-14 19:40:00,940 DEBUG [urllib3.connectionpool] _new_conn:971: Starting new HTTPS connection (1): wwx.lanzoui.com:443
2021-07-14 19:40:01,138 DEBUG [urllib3.connectionpool] _make_request:452: https://wwx.lanzoui.com:443 "POST /filemoreajax.php HTTP/1.1" 200 327
2021-07-14 19:40:01,863 DEBUG [urllib3.connectionpool] _make_request:452: https://wwx.lanzoui.com:443 "POST /filemoreajax.php HTTP/1.1" 200 None
2021-07-14 19:40:02,594 DEBUG [urllib3.connectionpool] _make_request:452: https://wwx.lanzoui.com:443 "POST /filemoreajax.php HTTP/1.1" 200 53
2021-07-14 19:40:16,916 ERROR [DNFCalculating] 载入json:3426: list index out of range
2021-07-14 19:40:16,996 ERROR [DNFCalculating] 载入json:3542: '阿斯特罗斯选项'
2021-07-14 19:40:16,996 ERROR [DNFCalculating] 载入json:3568: '奥兹玛选择'
2021-07-14 19:40:46,318 INFO  [DNFCalculating] 计算线程:1459: 开始计算
2021-07-14 19:40:46,747 INFO  [DNFCalculating] log_result_queue_info:1472: calc#1: 排行: try_fetch_result_in_background remaining_qize=0 sync_batch_size=100 processed_result=0, speed=0.00/s totalWork=0
2021-07-14 19:40:47,350 INFO  [DNFCalculating] log_result_queue_info:1472: calc#1: 排行: try_fetch_result_in_background remaining_qize=0 sync_batch_size=100 processed_result=0, speed=0.00/s totalWork=0
2021-07-14 19:40:47,938 INFO  [DNFCalculating] log_result_queue_info:1472: calc#1: 排行: try_fetch_result_in_background remaining_qize=0 sync_batch_size=100 processed_result=0, speed=0.00/s totalWork=0
2021-07-14 19:40:48,459 INFO  [DNFCalculating] log_result_queue_info:1472: calc#1: 排行: try_fetch_result_in_background remaining_qize=2 sync_batch_size=100 processed_result=0, speed=0.00/s totalWork=7
2021-07-14 19:40:48,967 INFO  [DNFCalculating] log_result_queue_info:1472: calc#1: 排行: try_fetch_result_in_background remaining_qize=7 sync_batch_size=100 processed_result=200, speed=85.60/s totalWork=7
2021-07-14 19:40:49,487 INFO  [DNFCalculating] log_result_queue_info:1472: calc#1: 排行: try_fetch_result_in_background remaining_qize=10 sync_batch_size=100 processed_result=900, speed=315.10/s totalWork=7
2021-07-14 19:40:49,488 INFO  [DNFCalculating] log_result_queue_info:1472: calc#1: 排行: try_fetch_result periodly report remaining_qize=9 sync_batch_size=100 processed_result=1000, speed=350.03/s totalWork=7
2021-07-14 19:40:49,495 INFO  [DNFCalculating] log_result_queue_info:1472: calc#1: 排行: try_fetch_result periodly report remaining_qize=0 sync_batch_size=100 processed_result=2000, speed=698.35/s totalWork=7
2021-07-14 19:40:49,997 INFO  [DNFCalculating] log_result_queue_info:1472: calc#1: 排行: try_fetch_result_in_background remaining_qize=11 sync_batch_size=100 processed_result=2000, speed=594.23/s totalWork=7
2021-07-14 19:40:49,998 INFO  [DNFCalculating] log_result_queue_info:1472: calc#1: 排行: try_fetch_result periodly report remaining_qize=10 sync_batch_size=100 processed_result=2100, speed=623.78/s totalWork=7
2021-07-14 19:40:50,004 INFO  [DNFCalculating] log_result_queue_info:1472: calc#1: 排行: try_fetch_result periodly report remaining_qize=2 sync_batch_size=100 processed_result=3000, speed=889.54/s totalWork=7
2021-07-14 19:40:50,520 INFO  [DNFCalculating] log_result_queue_info:1472: calc#1: 排行: try_fetch_result_in_background remaining_qize=18 sync_batch_size=100 processed_result=3200, speed=822.75/s totalWork=7
2021-07-14 19:40:50,521 INFO  [DNFCalculating] log_result_queue_info:1472: calc#1: 排行: try_fetch_result periodly report remaining_qize=17 sync_batch_size=100 processed_result=3300, speed=848.29/s totalWork=7
2021-07-14 19:40:50,526 INFO  [DNFCalculating] log_result_queue_info:1472: calc#1: 排行: try_fetch_result periodly report remaining_qize=10 sync_batch_size=100 processed_result=4000, speed=1026.92/s totalWork=7
2021-07-14 19:40:50,532 INFO  [DNFCalculating] log_result_queue_info:1472: calc#1: 排行: try_fetch_result periodly report remaining_qize=0 sync_batch_size=100 processed_result=5000, speed=1281.68/s totalWork=7
2021-07-14 19:40:51,043 INFO  [DNFCalculating] log_result_queue_info:1472: calc#1: 排行: try_fetch_result_in_background remaining_qize=22 sync_batch_size=100 processed_result=5000, speed=1133.30/s totalWork=7
2021-07-14 19:40:51,044 INFO  [DNFCalculating] log_result_queue_info:1472: calc#1: 排行: try_fetch_result periodly report remaining_qize=21 sync_batch_size=100 processed_result=5100, speed=1155.74/s totalWork=7
2021-07-14 19:40:51,050 INFO  [DNFCalculating] log_result_queue_info:1472: calc#1: 排行: try_fetch_result periodly report remaining_qize=12 sync_batch_size=100 processed_result=6000, speed=1357.85/s totalWork=7
2021-07-14 19:40:51,057 INFO  [DNFCalculating] log_result_queue_info:1472: calc#1: 排行: try_fetch_result periodly report remaining_qize=2 sync_batch_size=100 processed_result=7000, speed=1581.66/s totalWork=7
2021-07-14 19:40:51,569 INFO  [DNFCalculating] log_result_queue_info:1472: calc#1: 排行: try_fetch_result_in_background remaining_qize=24 sync_batch_size=100 processed_result=7200, speed=1458.20/s totalWork=7
2021-07-14 19:40:51,569 INFO  [DNFCalculating] log_result_queue_info:1472: calc#1: 排行: try_fetch_result periodly report remaining_qize=23 sync_batch_size=100 processed_result=7300, speed=1478.22/s totalWork=7
2021-07-14 19:40:51,574 INFO  [DNFCalculating] log_result_queue_info:1472: calc#1: 排行: try_fetch_result periodly report remaining_qize=16 sync_batch_size=100 processed_result=8000, speed=1618.34/s totalWork=7
2021-07-14 19:40:51,581 INFO  [DNFCalculating] log_result_queue_info:1472: calc#1: 排行: try_fetch_result periodly report remaining_qize=6 sync_batch_size=100 processed_result=9000, speed=1818.06/s totalWork=7
2021-07-14 19:40:52,090 INFO  [DNFCalculating] log_result_queue_info:1472: calc#1: 排行: try_fetch_result_in_background remaining_qize=25 sync_batch_size=100 processed_result=9600, speed=1758.53/s totalWork=7
2021-07-14 19:40:52,091 INFO  [DNFCalculating] log_result_queue_info:1472: calc#1: 排行: try_fetch_result periodly report remaining_qize=24 sync_batch_size=100 processed_result=9700, speed=1776.57/s totalWork=7
2021-07-14 19:40:52,093 INFO  [DNFCalculating] log_result_queue_info:1472: calc#1: 排行: try_fetch_result periodly report remaining_qize=21 sync_batch_size=100 processed_result=10000, speed=1830.85/s totalWork=7
2021-07-14 19:40:52,100 INFO  [DNFCalculating] log_result_queue_info:1472: calc#1: 排行: try_fetch_result periodly report remaining_qize=12 sync_batch_size=100 processed_result=11000, speed=2011.36/s totalWork=7
2021-07-14 19:40:52,107 INFO  [DNFCalculating] log_result_queue_info:1472: calc#1: 排行: try_fetch_result periodly report remaining_qize=2 sync_batch_size=100 processed_result=12000, speed=2191.41/s totalWork=7
2021-07-14 19:40:52,611 INFO  [DNFCalculating] log_result_queue_info:1472: calc#1: 排行: try_fetch_result_in_background remaining_qize=22 sync_batch_size=100 processed_result=12200, speed=2040.16/s totalWork=7
2021-07-14 19:40:52,612 INFO  [DNFCalculating] log_result_queue_info:1472: calc#1: 排行: try_fetch_result periodly report remaining_qize=21 sync_batch_size=100 processed_result=12300, speed=2056.66/s totalWork=7
2021-07-14 19:40:52,617 INFO  [DNFCalculating] log_result_queue_info:1472: calc#1: 排行: try_fetch_result periodly report remaining_qize=14 sync_batch_size=100 processed_result=13000, speed=2171.89/s totalWork=7
2021-07-14 19:40:52,624 INFO  [DNFCalculating] log_result_queue_info:1472: calc#1: 排行: try_fetch_result periodly report remaining_qize=4 sync_batch_size=100 processed_result=14000, speed=2336.24/s totalWork=7
2021-07-14 19:40:53,136 INFO  [DNFCalculating] log_result_queue_info:1472: calc#1: 排行: try_fetch_result_in_background remaining_qize=25 sync_batch_size=100 processed_result=14400, speed=2213.58/s totalWork=7
2021-07-14 19:40:53,137 INFO  [DNFCalculating] log_result_queue_info:1472: calc#1: 排行: try_fetch_result periodly report remaining_qize=24 sync_batch_size=100 processed_result=14500, speed=2228.66/s totalWork=7
2021-07-14 19:40:53,140 INFO  [DNFCalculating] log_result_queue_info:1472: calc#1: 排行: try_fetch_result periodly report remaining_qize=19 sync_batch_size=100 processed_result=15000, speed=2304.45/s totalWork=7
2021-07-14 19:40:53,148 INFO  [DNFCalculating] log_result_queue_info:1472: calc#1: 排行: try_fetch_result periodly report remaining_qize=10 sync_batch_size=100 processed_result=16000, speed=2455.07/s totalWork=7
2021-07-14 19:40:53,155 INFO  [DNFCalculating] log_result_queue_info:1472: calc#1: 排行: try_fetch_result periodly report remaining_qize=1 sync_batch_size=100 processed_result=17000, speed=2605.72/s totalWork=7
2021-07-14 19:40:53,669 INFO  [DNFCalculating] log_result_queue_info:1472: calc#1: 排行: try_fetch_result_in_background remaining_qize=21 sync_batch_size=100 processed_result=17100, speed=2429.71/s totalWork=7
2021-07-14 19:40:53,670 INFO  [DNFCalculating] log_result_queue_info:1472: calc#1: 排行: try_fetch_result periodly report remaining_qize=20 sync_batch_size=100 processed_result=17200, speed=2443.62/s totalWork=7
2021-07-14 19:40:53,676 INFO  [DNFCalculating] log_result_queue_info:1472: calc#1: 排行: try_fetch_result periodly report remaining_qize=12 sync_batch_size=100 processed_result=18000, speed=2555.10/s totalWork=7
2021-07-14 19:40:53,683 INFO  [DNFCalculating] log_result_queue_info:1472: calc#1: 排行: try_fetch_result periodly report remaining_qize=3 sync_batch_size=100 processed_result=19000, speed=2694.38/s totalWork=7
2021-07-14 19:40:54,188 INFO  [DNFCalculating] log_result_queue_info:1472: calc#1: 排行: try_fetch_result_in_background remaining_qize=23 sync_batch_size=100 processed_result=19300, speed=2553.76/s totalWork=7
2021-07-14 19:40:54,189 INFO  [DNFCalculating] log_result_queue_info:1472: calc#1: 排行: try_fetch_result periodly report remaining_qize=22 sync_batch_size=100 processed_result=19400, speed=2566.69/s totalWork=7
2021-07-14 19:40:54,193 INFO  [DNFCalculating] log_result_queue_info:1472: calc#1: 排行: try_fetch_result periodly report remaining_qize=16 sync_batch_size=100 processed_result=20000, speed=2644.68/s totalWork=7
2021-07-14 19:40:54,201 INFO  [DNFCalculating] log_result_queue_info:1472: calc#1: 排行: try_fetch_result periodly report remaining_qize=6 sync_batch_size=100 processed_result=21000, speed=2773.98/s totalWork=7
2021-07-14 19:40:54,713 INFO  [DNFCalculating] log_result_queue_info:1472: calc#1: 排行: try_fetch_result_in_background remaining_qize=22 sync_batch_size=100 processed_result=21600, speed=2672.58/s totalWork=7
2021-07-14 19:40:54,714 INFO  [DNFCalculating] log_result_queue_info:1472: calc#1: 排行: try_fetch_result periodly report remaining_qize=21 sync_batch_size=100 processed_result=21700, speed=2684.67/s totalWork=7
2021-07-14 19:40:54,716 INFO  [DNFCalculating] log_result_queue_info:1472: calc#1: 排行: try_fetch_result periodly report remaining_qize=18 sync_batch_size=100 processed_result=22000, speed=2721.11/s totalWork=7
2021-07-14 19:40:54,723 INFO  [DNFCalculating] log_result_queue_info:1472: calc#1: 排行: try_fetch_result periodly report remaining_qize=8 sync_batch_size=100 processed_result=23000, speed=2842.34/s totalWork=7
2021-07-14 19:40:55,234 INFO  [DNFCalculating] log_result_queue_info:1472: calc#1: 排行: try_fetch_result_in_background remaining_qize=21 sync_batch_size=100 processed_result=23900, speed=2778.20/s totalWork=7
2021-07-14 19:40:55,235 INFO  [DNFCalculating] log_result_queue_info:1472: calc#1: 排行: try_fetch_result periodly report remaining_qize=20 sync_batch_size=100 processed_result=24000, speed=2789.54/s totalWork=7
2021-07-14 19:40:55,242 INFO  [DNFCalculating] log_result_queue_info:1472: calc#1: 排行: try_fetch_result periodly report remaining_qize=10 sync_batch_size=100 processed_result=25000, speed=2903.42/s totalWork=7
2021-07-14 19:40:55,249 INFO  [DNFCalculating] log_result_queue_info:1472: calc#1: 排行: try_fetch_result periodly report remaining_qize=1 sync_batch_size=100 processed_result=26000, speed=3017.11/s totalWork=7
2021-07-14 19:40:55,753 INFO  [DNFCalculating] log_result_queue_info:1472: calc#1: 排行: try_fetch_result_in_background remaining_qize=22 sync_batch_size=100 processed_result=26100, speed=2861.13/s totalWork=7
2021-07-14 19:40:55,754 INFO  [DNFCalculating] log_result_queue_info:1472: calc#1: 排行: try_fetch_result periodly report remaining_qize=21 sync_batch_size=100 processed_result=26200, speed=2871.80/s totalWork=7
2021-07-14 19:40:55,760 INFO  [DNFCalculating] log_result_queue_info:1472: calc#1: 排行: try_fetch_result periodly report remaining_qize=13 sync_batch_size=100 processed_result=27000, speed=2957.56/s totalWork=7
2021-07-14 19:40:55,767 INFO  [DNFCalculating] log_result_queue_info:1472: calc#1: 排行: try_fetch_result periodly report remaining_qize=4 sync_batch_size=100 processed_result=28000, speed=3064.76/s totalWork=7
2021-07-14 19:40:56,275 INFO  [DNFCalculating] log_result_queue_info:1472: calc#1: 排行: try_fetch_result_in_background remaining_qize=18 sync_batch_size=100 processed_result=28400, speed=2944.85/s totalWork=7
2021-07-14 19:40:56,295 INFO  [DNFCalculating] log_result_queue_info:1472: calc#1: 排行: try_fetch_result periodly report remaining_qize=20 sync_batch_size=100 processed_result=28500, speed=2949.12/s totalWork=7
2021-07-14 19:40:56,299 INFO  [DNFCalculating] log_result_queue_info:1472: calc#1: 排行: try_fetch_result periodly report remaining_qize=15 sync_batch_size=100 processed_result=29000, speed=2999.68/s totalWork=7
2021-07-14 19:40:56,307 INFO  [DNFCalculating] log_result_queue_info:1472: calc#1: 排行: try_fetch_result periodly report remaining_qize=5 sync_batch_size=100 processed_result=30000, speed=3100.56/s totalWork=7
2021-07-14 19:40:56,825 INFO  [DNFCalculating] log_result_queue_info:1472: calc#1: 排行: try_fetch_result_in_background remaining_qize=22 sync_batch_size=100 processed_result=30600, speed=3001.63/s totalWork=7
2021-07-14 19:40:56,826 INFO  [DNFCalculating] log_result_queue_info:1472: calc#1: 排行: try_fetch_result periodly report remaining_qize=21 sync_batch_size=100 processed_result=30700, speed=3011.19/s totalWork=7
2021-07-14 19:40:56,828 INFO  [DNFCalculating] log_result_queue_info:1472: calc#1: 排行: try_fetch_result periodly report remaining_qize=18 sync_batch_size=100 processed_result=31000, speed=3040.02/s totalWork=7
2021-07-14 19:40:56,836 INFO  [DNFCalculating] log_result_queue_info:1472: calc#1: 排行: try_fetch_result periodly report remaining_qize=8 sync_batch_size=100 processed_result=32000, speed=3135.82/s totalWork=7
2021-07-14 19:40:57,347 INFO  [DNFCalculating] log_result_queue_info:1472: calc#1: 排行: try_fetch_result_in_background remaining_qize=20 sync_batch_size=100 processed_result=32800, speed=3060.82/s totalWork=7
2021-07-14 19:40:57,348 INFO  [DNFCalculating] log_result_queue_info:1472: calc#1: 排行: try_fetch_result periodly report remaining_qize=19 sync_batch_size=100 processed_result=32900, speed=3069.92/s totalWork=7
2021-07-14 19:40:57,349 INFO  [DNFCalculating] log_result_queue_info:1472: calc#1: 排行: try_fetch_result periodly report remaining_qize=18 sync_batch_size=100 processed_result=33000, speed=3078.96/s totalWork=7
2021-07-14 19:40:57,356 INFO  [DNFCalculating] log_result_queue_info:1472: calc#1: 排行: try_fetch_result periodly report remaining_qize=9 sync_batch_size=100 processed_result=34000, speed=3170.20/s totalWork=7
2021-07-14 19:40:57,868 INFO  [DNFCalculating] log_result_queue_info:1472: calc#1: 排行: try_fetch_result_in_background remaining_qize=21 sync_batch_size=100 processed_result=34900, speed=3105.89/s totalWork=7
2021-07-14 19:40:57,869 INFO  [DNFCalculating] log_result_queue_info:1472: calc#1: 排行: try_fetch_result periodly report remaining_qize=20 sync_batch_size=100 processed_result=35000, speed=3114.57/s totalWork=7
2021-07-14 19:40:57,875 INFO  [DNFCalculating] log_result_queue_info:1472: calc#1: 排行: try_fetch_result periodly report remaining_qize=10 sync_batch_size=100 processed_result=36000, speed=3201.57/s totalWork=7
2021-07-14 19:40:57,882 INFO  [DNFCalculating] log_result_queue_info:1472: calc#1: 排行: try_fetch_result periodly report remaining_qize=0 sync_batch_size=100 processed_result=37000, speed=3288.46/s totalWork=7
2021-07-14 19:40:58,388 INFO  [DNFCalculating] log_result_queue_info:1472: calc#1: 排行: try_fetch_result_in_background remaining_qize=21 sync_batch_size=100 processed_result=37000, speed=3147.00/s totalWork=7
2021-07-14 19:40:58,389 INFO  [DNFCalculating] log_result_queue_info:1472: calc#1: 排行: try_fetch_result periodly report remaining_qize=20 sync_batch_size=100 processed_result=37100, speed=3155.27/s totalWork=7
2021-07-14 19:40:58,396 INFO  [DNFCalculating] log_result_queue_info:1472: calc#1: 排行: try_fetch_result periodly report remaining_qize=11 sync_batch_size=100 processed_result=38000, speed=3230.17/s totalWork=7
2021-07-14 19:40:58,403 INFO  [DNFCalculating] log_result_queue_info:1472: calc#1: 排行: try_fetch_result periodly report remaining_qize=1 sync_batch_size=100 processed_result=39000, speed=3312.92/s totalWork=7
2021-07-14 19:40:58,912 INFO  [DNFCalculating] log_result_queue_info:1472: calc#1: 排行: try_fetch_result_in_background remaining_qize=21 sync_batch_size=100 processed_result=39100, speed=3183.85/s totalWork=7
2021-07-14 19:40:58,913 INFO  [DNFCalculating] log_result_queue_info:1472: calc#1: 排行: try_fetch_result periodly report remaining_qize=20 sync_batch_size=100 processed_result=39200, speed=3191.73/s totalWork=7
2021-07-14 19:40:58,919 INFO  [DNFCalculating] log_result_queue_info:1472: calc#1: 排行: try_fetch_result periodly report remaining_qize=12 sync_batch_size=100 processed_result=40000, speed=3255.29/s totalWork=7
2021-07-14 19:40:58,926 INFO  [DNFCalculating] log_result_queue_info:1472: calc#1: 排行: try_fetch_result periodly report remaining_qize=2 sync_batch_size=100 processed_result=41000, speed=3334.78/s totalWork=7
2021-07-14 19:40:59,432 INFO  [DNFCalculating] log_result_queue_info:1472: calc#1: 排行: try_fetch_result_in_background remaining_qize=21 sync_batch_size=100 processed_result=41200, speed=3218.37/s totalWork=7
2021-07-14 19:40:59,433 INFO  [DNFCalculating] log_result_queue_info:1472: calc#1: 排行: try_fetch_result periodly report remaining_qize=20 sync_batch_size=100 processed_result=41300, speed=3225.98/s totalWork=7
2021-07-14 19:40:59,438 INFO  [DNFCalculating] log_result_queue_info:1472: calc#1: 排行: try_fetch_result periodly report remaining_qize=13 sync_batch_size=100 processed_result=42000, speed=3279.38/s totalWork=7
2021-07-14 19:40:59,445 INFO  [DNFCalculating] log_result_queue_info:1472: calc#1: 排行: try_fetch_result periodly report remaining_qize=3 sync_batch_size=100 processed_result=43000, speed=3355.63/s totalWork=7
2021-07-14 19:40:59,954 INFO  [DNFCalculating] log_result_queue_info:1472: calc#1: 排行: try_fetch_result_in_background remaining_qize=21 sync_batch_size=100 processed_result=43300, speed=3250.00/s totalWork=7
2021-07-14 19:40:59,955 INFO  [DNFCalculating] log_result_queue_info:1472: calc#1: 排行: try_fetch_result periodly report remaining_qize=20 sync_batch_size=100 processed_result=43400, speed=3257.30/s totalWork=7
2021-07-14 19:40:59,960 INFO  [DNFCalculating] log_result_queue_info:1472: calc#1: 排行: try_fetch_result periodly report remaining_qize=14 sync_batch_size=100 processed_result=44000, speed=3301.09/s totalWork=7
2021-07-14 19:40:59,967 INFO  [DNFCalculating] log_result_queue_info:1472: calc#1: 排行: try_fetch_result periodly report remaining_qize=4 sync_batch_size=100 processed_result=45000, speed=3374.35/s totalWork=7
2021-07-14 19:41:00,477 INFO  [DNFCalculating] log_result_queue_info:1472: calc#1: 排行: try_fetch_result_in_background remaining_qize=21 sync_batch_size=100 processed_result=45400, speed=3279.00/s totalWork=7
2021-07-14 19:41:00,478 INFO  [DNFCalculating] log_result_queue_info:1472: calc#1: 排行: try_fetch_result periodly report remaining_qize=20 sync_batch_size=100 processed_result=45500, speed=3286.02/s totalWork=7
2021-07-14 19:41:00,482 INFO  [DNFCalculating] log_result_queue_info:1472: calc#1: 排行: try_fetch_result periodly report remaining_qize=15 sync_batch_size=100 processed_result=46000, speed=3321.18/s totalWork=7
2021-07-14 19:41:00,488 INFO  [DNFCalculating] log_result_queue_info:1472: calc#1: 排行: try_fetch_result periodly report remaining_qize=5 sync_batch_size=100 processed_result=47000, speed=3391.67/s totalWork=7
2021-07-14 19:41:00,999 INFO  [DNFCalculating] log_result_queue_info:1472: calc#1: 排行: try_fetch_result_in_background remaining_qize=20 sync_batch_size=100 processed_result=47500, speed=3305.89/s totalWork=7
2021-07-14 19:41:01,000 INFO  [DNFCalculating] log_result_queue_info:1472: calc#1: 排行: try_fetch_result periodly report remaining_qize=19 sync_batch_size=100 processed_result=47600, speed=3312.66/s totalWork=7
2021-07-14 19:41:01,003 INFO  [DNFCalculating] log_result_queue_info:1472: calc#1: 排行: try_fetch_result periodly report remaining_qize=16 sync_batch_size=100 processed_result=48000, speed=3339.80/s totalWork=7
2021-07-14 19:41:01,011 INFO  [DNFCalculating] log_result_queue_info:1472: calc#1: 排行: try_fetch_result periodly report remaining_qize=6 sync_batch_size=100 processed_result=49000, speed=3407.49/s totalWork=7
2021-07-14 19:41:01,519 INFO  [DNFCalculating] log_result_queue_info:1472: calc#1: 排行: try_fetch_result_in_background remaining_qize=20 sync_batch_size=100 processed_result=49600, speed=3331.57/s totalWork=7
2021-07-14 19:41:01,520 INFO  [DNFCalculating] log_result_queue_info:1472: calc#1: 排行: try_fetch_result periodly report remaining_qize=19 sync_batch_size=100 processed_result=49700, speed=3338.09/s totalWork=7
2021-07-14 19:41:01,522 INFO  [DNFCalculating] log_result_queue_info:1472: calc#1: 排行: try_fetch_result periodly report remaining_qize=16 sync_batch_size=100 processed_result=50000, speed=3357.79/s totalWork=7
2021-07-14 19:41:01,531 INFO  [DNFCalculating] log_result_queue_info:1472: calc#1: 排行: try_fetch_result periodly report remaining_qize=6 sync_batch_size=100 processed_result=51000, speed=3422.89/s totalWork=7
2021-07-14 19:41:02,043 INFO  [DNFCalculating] log_result_queue_info:1472: calc#1: 排行: try_fetch_result_in_background remaining_qize=20 sync_batch_size=100 processed_result=51600, speed=3347.94/s totalWork=7
2021-07-14 19:41:02,044 INFO  [DNFCalculating] log_result_queue_info:1472: calc#1: 排行: try_fetch_result periodly report remaining_qize=19 sync_batch_size=100 processed_result=51700, speed=3354.24/s totalWork=7
2021-07-14 19:41:02,046 INFO  [DNFCalculating] log_result_queue_info:1472: calc#1: 排行: try_fetch_result periodly report remaining_qize=16 sync_batch_size=100 processed_result=52000, speed=3373.27/s totalWork=7
2021-07-14 19:41:02,054 INFO  [DNFCalculating] log_result_queue_info:1472: calc#1: 排行: try_fetch_result periodly report remaining_qize=7 sync_batch_size=100 processed_result=53000, speed=3436.36/s totalWork=7
2021-07-14 19:41:02,567 INFO  [DNFCalculating] log_result_queue_info:1472: calc#1: 排行: try_fetch_result_in_background remaining_qize=20 sync_batch_size=100 processed_result=53700, speed=3369.73/s totalWork=7
2021-07-14 19:41:02,568 INFO  [DNFCalculating] log_result_queue_info:1472: calc#1: 排行: try_fetch_result periodly report remaining_qize=19 sync_batch_size=100 processed_result=53800, speed=3375.81/s totalWork=7
2021-07-14 19:41:02,570 INFO  [DNFCalculating] log_result_queue_info:1472: calc#1: 排行: try_fetch_result periodly report remaining_qize=17 sync_batch_size=100 processed_result=54000, speed=3387.93/s totalWork=7
2021-07-14 19:41:02,577 INFO  [DNFCalculating] log_result_queue_info:1472: calc#1: 排行: try_fetch_result periodly report remaining_qize=7 sync_batch_size=100 processed_result=55000, speed=3449.16/s totalWork=7
2021-07-14 19:41:03,089 INFO  [DNFCalculating] log_result_queue_info:1472: calc#1: 排行: try_fetch_result_in_background remaining_qize=19 sync_batch_size=100 processed_result=55700, speed=3384.44/s totalWork=7
2021-07-14 19:41:03,090 INFO  [DNFCalculating] log_result_queue_info:1472: calc#1: 排行: try_fetch_result periodly report remaining_qize=19 sync_batch_size=100 processed_result=55800, speed=3390.34/s totalWork=7
2021-07-14 19:41:03,092 INFO  [DNFCalculating] log_result_queue_info:1472: calc#1: 排行: try_fetch_result periodly report remaining_qize=17 sync_batch_size=100 processed_result=56000, speed=3402.08/s totalWork=7
2021-07-14 19:41:03,100 INFO  [DNFCalculating] log_result_queue_info:1472: calc#1: 排行: try_fetch_result periodly report remaining_qize=7 sync_batch_size=100 processed_result=57000, speed=3461.15/s totalWork=7
2021-07-14 19:41:03,611 INFO  [DNFCalculating] log_result_queue_info:1472: calc#1: 排行: try_fetch_result_in_background remaining_qize=19 sync_batch_size=100 processed_result=57700, speed=3398.09/s totalWork=7
2021-07-14 19:41:03,612 INFO  [DNFCalculating] log_result_queue_info:1472: calc#1: 排行: try_fetch_result periodly report remaining_qize=18 sync_batch_size=100 processed_result=57800, speed=3403.78/s totalWork=7
2021-07-14 19:41:03,614 INFO  [DNFCalculating] log_result_queue_info:1472: calc#1: 排行: try_fetch_result periodly report remaining_qize=16 sync_batch_size=100 processed_result=58000, speed=3415.15/s totalWork=7
2021-07-14 19:41:03,622 INFO  [DNFCalculating] log_result_queue_info:1472: calc#1: 排行: try_fetch_result periodly report remaining_qize=6 sync_batch_size=100 processed_result=59000, speed=3472.40/s totalWork=7
2021-07-14 19:41:04,134 INFO  [DNFCalculating] log_result_queue_info:1472: calc#1: 排行: try_fetch_result_in_background remaining_qize=20 sync_batch_size=100 processed_result=59600, speed=3405.14/s totalWork=7
2021-07-14 19:41:04,135 INFO  [DNFCalculating] log_result_queue_info:1472: calc#1: 排行: try_fetch_result periodly report remaining_qize=19 sync_batch_size=100 processed_result=59700, speed=3410.70/s totalWork=7
2021-07-14 19:41:04,138 INFO  [DNFCalculating] log_result_queue_info:1472: calc#1: 排行: try_fetch_result periodly report remaining_qize=17 sync_batch_size=100 processed_result=60000, speed=3427.25/s totalWork=7
2021-07-14 19:41:04,145 INFO  [DNFCalculating] log_result_queue_info:1472: calc#1: 排行: try_fetch_result periodly report remaining_qize=7 sync_batch_size=100 processed_result=61000, speed=3482.98/s totalWork=7
2021-07-14 19:41:04,665 INFO  [DNFCalculating] log_result_queue_info:1472: calc#1: 排行: try_fetch_result_in_background remaining_qize=19 sync_batch_size=100 processed_result=61700, speed=3421.23/s totalWork=7
2021-07-14 19:41:04,666 INFO  [DNFCalculating] log_result_queue_info:1472: calc#1: 排行: try_fetch_result periodly report remaining_qize=19 sync_batch_size=100 processed_result=61800, speed=3426.61/s totalWork=7
2021-07-14 19:41:04,668 INFO  [DNFCalculating] log_result_queue_info:1472: calc#1: 排行: try_fetch_result periodly report remaining_qize=17 sync_batch_size=100 processed_result=62000, speed=3437.32/s totalWork=7
2021-07-14 19:41:04,676 INFO  [DNFCalculating] log_result_queue_info:1472: calc#1: 排行: try_fetch_result periodly report remaining_qize=7 sync_batch_size=100 processed_result=63000, speed=3491.22/s totalWork=7
2021-07-14 19:41:05,187 INFO  [DNFCalculating] log_result_queue_info:1472: calc#1: 排行: try_fetch_result_in_background remaining_qize=17 sync_batch_size=100 processed_result=63700, speed=3432.83/s totalWork=7
2021-07-14 19:41:05,188 INFO  [DNFCalculating] log_result_queue_info:1472: calc#1: 排行: try_fetch_result periodly report remaining_qize=16 sync_batch_size=100 processed_result=63800, speed=3438.07/s totalWork=7
2021-07-14 19:41:05,190 INFO  [DNFCalculating] log_result_queue_info:1472: calc#1: 排行: try_fetch_result periodly report remaining_qize=14 sync_batch_size=100 processed_result=64000, speed=3448.43/s totalWork=7
2021-07-14 19:41:05,198 INFO  [DNFCalculating] log_result_queue_info:1472: calc#1: 排行: try_fetch_result periodly report remaining_qize=4 sync_batch_size=100 processed_result=65000, speed=3500.85/s totalWork=7
2021-07-14 19:41:05,708 INFO  [DNFCalculating] log_result_queue_info:1472: calc#1: 排行: try_fetch_result_in_background remaining_qize=19 sync_batch_size=100 processed_result=65400, speed=3428.27/s totalWork=7
2021-07-14 19:41:05,709 INFO  [DNFCalculating] log_result_queue_info:1472: calc#1: 排行: try_fetch_result periodly report remaining_qize=18 sync_batch_size=100 processed_result=65500, speed=3433.36/s totalWork=7
2021-07-14 19:41:05,713 INFO  [DNFCalculating] log_result_queue_info:1472: calc#1: 排行: try_fetch_result periodly report remaining_qize=13 sync_batch_size=100 processed_result=66000, speed=3458.84/s totalWork=7
2021-07-14 19:41:05,721 INFO  [DNFCalculating] log_result_queue_info:1472: calc#1: 排行: try_fetch_result periodly report remaining_qize=3 sync_batch_size=100 processed_result=67000, speed=3509.60/s totalWork=7
2021-07-14 19:41:06,239 INFO  [DNFCalculating] log_result_queue_info:1472: calc#1: 排行: try_fetch_result_in_background remaining_qize=17 sync_batch_size=100 processed_result=67300, speed=3432.22/s totalWork=7
2021-07-14 19:41:06,240 INFO  [DNFCalculating] log_result_queue_info:1472: calc#1: 排行: try_fetch_result periodly report remaining_qize=16 sync_batch_size=100 processed_result=67400, speed=3437.18/s totalWork=7
2021-07-14 19:41:06,246 INFO  [DNFCalculating] log_result_queue_info:1472: calc#1: 排行: try_fetch_result periodly report remaining_qize=10 sync_batch_size=100 processed_result=68000, speed=3466.72/s totalWork=7
2021-07-14 19:41:06,254 INFO  [DNFCalculating] log_result_queue_info:1472: calc#1: 排行: try_fetch_result periodly report remaining_qize=1 sync_batch_size=100 processed_result=69000, speed=3516.27/s totalWork=7
2021-07-14 19:41:06,761 INFO  [DNFCalculating] log_result_queue_info:1472: calc#1: 排行: try_fetch_result_in_background remaining_qize=17 sync_batch_size=100 processed_result=69100, speed=3432.70/s totalWork=7
2021-07-14 19:41:06,762 INFO  [DNFCalculating] log_result_queue_info:1472: calc#1: 排行: try_fetch_result periodly report remaining_qize=16 sync_batch_size=100 processed_result=69200, speed=3437.53/s totalWork=7
2021-07-14 19:41:06,768 INFO  [DNFCalculating] log_result_queue_info:1472: calc#1: 排行: try_fetch_result periodly report remaining_qize=8 sync_batch_size=100 processed_result=70000, speed=3476.24/s totalWork=7
2021-07-14 19:41:07,284 INFO  [DNFCalculating] log_result_queue_info:1472: calc#1: 排行: try_fetch_result_in_background remaining_qize=16 sync_batch_size=100 processed_result=70900, speed=3432.99/s totalWork=7
2021-07-14 19:41:07,285 INFO  [DNFCalculating] log_result_queue_info:1472: calc#1: 排行: try_fetch_result periodly report remaining_qize=15 sync_batch_size=100 processed_result=71000, speed=3437.63/s totalWork=7
2021-07-14 19:41:07,292 INFO  [DNFCalculating] log_result_queue_info:1472: calc#1: 排行: try_fetch_result periodly report remaining_qize=6 sync_batch_size=100 processed_result=72000, speed=3484.78/s totalWork=7
2021-07-14 19:41:07,804 INFO  [DNFCalculating] log_result_queue_info:1472: calc#1: 排行: try_fetch_result_in_background remaining_qize=18 sync_batch_size=100 processed_result=72600, speed=3428.88/s totalWork=7
2021-07-14 19:41:07,805 INFO  [DNFCalculating] log_result_queue_info:1472: calc#1: 排行: try_fetch_result periodly report remaining_qize=17 sync_batch_size=100 processed_result=72700, speed=3433.47/s totalWork=7
2021-07-14 19:41:07,808 INFO  [DNFCalculating] log_result_queue_info:1472: calc#1: 排行: try_fetch_result periodly report remaining_qize=15 sync_batch_size=100 processed_result=73000, speed=3447.15/s totalWork=7
2021-07-14 19:41:07,816 INFO  [DNFCalculating] log_result_queue_info:1472: calc#1: 排行: try_fetch_result periodly report remaining_qize=5 sync_batch_size=100 processed_result=74000, speed=3493.06/s totalWork=7
2021-07-14 19:41:08,325 INFO  [DNFCalculating] log_result_queue_info:1472: calc#1: 排行: try_fetch_result_in_background remaining_qize=15 sync_batch_size=100 processed_result=74500, speed=3434.17/s totalWork=7
2021-07-14 19:41:08,326 INFO  [DNFCalculating] log_result_queue_info:1472: calc#1: 排行: try_fetch_result periodly report remaining_qize=14 sync_batch_size=100 processed_result=74600, speed=3438.66/s totalWork=7
2021-07-14 19:41:08,330 INFO  [DNFCalculating] log_result_queue_info:1472: calc#1: 排行: try_fetch_result periodly report remaining_qize=10 sync_batch_size=100 processed_result=75000, speed=3456.46/s totalWork=7
2021-07-14 19:41:08,337 INFO  [DNFCalculating] log_result_queue_info:1472: calc#1: 排行: try_fetch_result periodly report remaining_qize=0 sync_batch_size=100 processed_result=76000, speed=3501.42/s totalWork=7
2021-07-14 19:41:08,847 INFO  [DNFCalculating] log_result_queue_info:1472: calc#1: 排行: try_fetch_result_in_background remaining_qize=18 sync_batch_size=100 processed_result=76000, speed=3420.92/s totalWork=7
2021-07-14 19:41:08,848 INFO  [DNFCalculating] log_result_queue_info:1472: calc#1: 排行: try_fetch_result periodly report remaining_qize=17 sync_batch_size=100 processed_result=76100, speed=3425.29/s totalWork=7
2021-07-14 19:41:08,855 INFO  [DNFCalculating] log_result_queue_info:1472: calc#1: 排行: try_fetch_result periodly report remaining_qize=9 sync_batch_size=100 processed_result=77000, speed=3464.71/s totalWork=7
2021-07-14 19:41:09,366 INFO  [DNFCalculating] log_result_queue_info:1472: calc#1: 排行: try_fetch_result_in_background remaining_qize=15 sync_batch_size=100 processed_result=77900, speed=3426.45/s totalWork=7
2021-07-14 19:41:09,367 INFO  [DNFCalculating] log_result_queue_info:1472: calc#1: 排行: try_fetch_result periodly report remaining_qize=14 sync_batch_size=100 processed_result=78000, speed=3430.72/s totalWork=7
2021-07-14 19:41:09,376 INFO  [DNFCalculating] log_result_queue_info:1472: calc#1: 排行: try_fetch_result periodly report remaining_qize=4 sync_batch_size=100 processed_result=79000, speed=3473.33/s totalWork=7
2021-07-14 19:41:09,885 INFO  [DNFCalculating] log_result_queue_info:1472: calc#1: 排行: try_fetch_result_in_background remaining_qize=18 sync_batch_size=100 processed_result=79500, speed=3418.69/s totalWork=7
2021-07-14 19:41:09,886 INFO  [DNFCalculating] log_result_queue_info:1472: calc#1: 排行: try_fetch_result periodly report remaining_qize=17 sync_batch_size=100 processed_result=79600, speed=3422.87/s totalWork=7
2021-07-14 19:41:09,890 INFO  [DNFCalculating] log_result_queue_info:1472: calc#1: 排行: try_fetch_result periodly report remaining_qize=13 sync_batch_size=100 processed_result=80000, speed=3439.48/s totalWork=7
2021-07-14 19:41:09,898 INFO  [DNFCalculating] log_result_queue_info:1472: calc#1: 排行: try_fetch_result periodly report remaining_qize=3 sync_batch_size=100 processed_result=81000, speed=3481.28/s totalWork=7
2021-07-14 19:41:10,408 INFO  [DNFCalculating] log_result_queue_info:1472: calc#1: 排行: try_fetch_result_in_background remaining_qize=15 sync_batch_size=100 processed_result=81300, speed=3419.26/s totalWork=7
2021-07-14 19:41:10,409 INFO  [DNFCalculating] log_result_queue_info:1472: calc#1: 排行: try_fetch_result periodly report remaining_qize=14 sync_batch_size=100 processed_result=81400, speed=3423.29/s totalWork=7
2021-07-14 19:41:10,414 INFO  [DNFCalculating] log_result_queue_info:1472: calc#1: 排行: try_fetch_result periodly report remaining_qize=8 sync_batch_size=100 processed_result=82000, speed=3447.81/s totalWork=7
2021-07-14 19:41:10,930 INFO  [DNFCalculating] log_result_queue_info:1472: calc#1: 排行: try_fetch_result_in_background remaining_qize=17 sync_batch_size=100 processed_result=82800, speed=3407.59/s totalWork=7
2021-07-14 19:41:10,931 INFO  [DNFCalculating] log_result_queue_info:1472: calc#1: 排行: try_fetch_result periodly report remaining_qize=16 sync_batch_size=100 processed_result=82900, speed=3411.58/s totalWork=7
2021-07-14 19:41:10,932 INFO  [DNFCalculating] log_result_queue_info:1472: calc#1: 排行: try_fetch_result periodly report remaining_qize=15 sync_batch_size=100 processed_result=83000, speed=3415.56/s totalWork=7
2021-07-14 19:41:10,941 INFO  [DNFCalculating] log_result_queue_info:1472: calc#1: 排行: try_fetch_result periodly report remaining_qize=6 sync_batch_size=100 processed_result=84000, speed=3455.42/s totalWork=7
2021-07-14 19:41:11,450 INFO  [DNFCalculating] log_result_queue_info:1472: calc#1: 排行: try_fetch_result_in_background remaining_qize=14 sync_batch_size=100 processed_result=84600, speed=3408.64/s totalWork=7
2021-07-14 19:41:11,451 INFO  [DNFCalculating] log_result_queue_info:1472: calc#1: 排行: try_fetch_result periodly report remaining_qize=13 sync_batch_size=100 processed_result=84700, speed=3412.55/s totalWork=7
2021-07-14 19:41:11,454 INFO  [DNFCalculating] log_result_queue_info:1472: calc#1: 排行: try_fetch_result periodly report remaining_qize=10 sync_batch_size=100 processed_result=85000, speed=3424.22/s totalWork=7
2021-07-14 19:41:11,463 INFO  [DNFCalculating] log_result_queue_info:1472: calc#1: 排行: try_fetch_result periodly report remaining_qize=0 sync_batch_size=100 processed_result=86000, speed=3463.25/s totalWork=7
2021-07-14 19:41:11,970 INFO  [DNFCalculating] log_result_queue_info:1472: calc#1: 排行: try_fetch_result_in_background remaining_qize=16 sync_batch_size=100 processed_result=86000, speed=3393.99/s totalWork=7
2021-07-14 19:41:11,971 INFO  [DNFCalculating] log_result_queue_info:1472: calc#1: 排行: try_fetch_result periodly report remaining_qize=15 sync_batch_size=100 processed_result=86100, speed=3397.82/s totalWork=7
2021-07-14 19:41:11,979 INFO  [DNFCalculating] log_result_queue_info:1472: calc#1: 排行: try_fetch_result periodly report remaining_qize=6 sync_batch_size=100 processed_result=87000, speed=3432.26/s totalWork=7
2021-07-14 19:41:12,492 INFO  [DNFCalculating] log_result_queue_info:1472: calc#1: 排行: try_fetch_result_in_background remaining_qize=16 sync_batch_size=100 processed_result=87600, speed=3387.40/s totalWork=7
2021-07-14 19:41:12,492 INFO  [DNFCalculating] log_result_queue_info:1472: calc#1: 排行: try_fetch_result periodly report remaining_qize=15 sync_batch_size=100 processed_result=87700, speed=3391.16/s totalWork=7
2021-07-14 19:41:12,495 INFO  [DNFCalculating] log_result_queue_info:1472: calc#1: 排行: try_fetch_result periodly report remaining_qize=12 sync_batch_size=100 processed_result=88000, speed=3402.36/s totalWork=7
2021-07-14 19:41:12,503 INFO  [DNFCalculating] log_result_queue_info:1472: calc#1: 排行: try_fetch_result periodly report remaining_qize=2 sync_batch_size=100 processed_result=89000, speed=3439.97/s totalWork=7
2021-07-14 19:41:13,008 INFO  [DNFCalculating] log_result_queue_info:1472: calc#1: 排行: try_fetch_result_in_background remaining_qize=16 sync_batch_size=100 processed_result=89200, speed=3381.71/s totalWork=7
2021-07-14 19:41:13,009 INFO  [DNFCalculating] log_result_queue_info:1472: calc#1: 排行: try_fetch_result periodly report remaining_qize=15 sync_batch_size=100 processed_result=89300, speed=3385.40/s totalWork=7
2021-07-14 19:41:13,015 INFO  [DNFCalculating] log_result_queue_info:1472: calc#1: 排行: try_fetch_result periodly report remaining_qize=8 sync_batch_size=100 processed_result=90000, speed=3411.16/s totalWork=7
2021-07-14 19:41:13,532 INFO  [DNFCalculating] log_result_queue_info:1472: calc#1: 排行: try_fetch_result_in_background remaining_qize=14 sync_batch_size=100 processed_result=90800, speed=3375.39/s totalWork=7
2021-07-14 19:41:13,533 INFO  [DNFCalculating] log_result_queue_info:1472: calc#1: 排行: try_fetch_result periodly report remaining_qize=13 sync_batch_size=100 processed_result=90900, speed=3378.98/s totalWork=7
2021-07-14 19:41:13,535 INFO  [DNFCalculating] log_result_queue_info:1472: calc#1: 排行: try_fetch_result periodly report remaining_qize=12 sync_batch_size=100 processed_result=91000, speed=3382.45/s totalWork=7
2021-07-14 19:41:13,543 INFO  [DNFCalculating] log_result_queue_info:1472: calc#1: 排行: try_fetch_result periodly report remaining_qize=2 sync_batch_size=100 processed_result=92000, speed=3418.60/s totalWork=7
2021-07-14 19:41:14,048 INFO  [DNFCalculating] log_result_queue_info:1472: calc#1: 排行: try_fetch_result_in_background remaining_qize=12 sync_batch_size=100 processed_result=92200, speed=3362.83/s totalWork=7
2021-07-14 19:41:14,049 INFO  [DNFCalculating] log_result_queue_info:1472: calc#1: 排行: try_fetch_result periodly report remaining_qize=11 sync_batch_size=100 processed_result=92300, speed=3366.38/s totalWork=7
2021-07-14 19:41:14,055 INFO  [DNFCalculating] log_result_queue_info:1472: calc#1: 排行: try_fetch_result periodly report remaining_qize=4 sync_batch_size=100 processed_result=93000, speed=3391.17/s totalWork=7
2021-07-14 19:41:14,570 INFO  [DNFCalculating] log_result_queue_info:1472: calc#1: 排行: try_fetch_result_in_background remaining_qize=13 sync_batch_size=100 processed_result=93500, speed=3346.58/s totalWork=7
2021-07-14 19:41:14,571 INFO  [DNFCalculating] log_result_queue_info:1472: calc#1: 排行: try_fetch_result periodly report remaining_qize=12 sync_batch_size=100 processed_result=93600, speed=3350.05/s totalWork=7
2021-07-14 19:41:14,575 INFO  [DNFCalculating] log_result_queue_info:1472: calc#1: 排行: try_fetch_result periodly report remaining_qize=8 sync_batch_size=100 processed_result=94000, speed=3363.89/s totalWork=7
2021-07-14 19:41:15,095 INFO  [DNFCalculating] log_result_queue_info:1472: calc#1: 排行: try_fetch_result_in_background remaining_qize=14 sync_batch_size=100 processed_result=94800, speed=3330.58/s totalWork=7
2021-07-14 19:41:15,095 INFO  [DNFCalculating] log_result_queue_info:1472: calc#1: 排行: try_fetch_result periodly report remaining_qize=13 sync_batch_size=100 processed_result=94900, speed=3333.99/s totalWork=7
2021-07-14 19:41:15,097 INFO  [DNFCalculating] log_result_queue_info:1472: calc#1: 排行: try_fetch_result periodly report remaining_qize=12 sync_batch_size=100 processed_result=95000, speed=3337.27/s totalWork=7
2021-07-14 19:41:15,105 INFO  [DNFCalculating] log_result_queue_info:1472: calc#1: 排行: try_fetch_result periodly report remaining_qize=2 sync_batch_size=100 processed_result=96000, speed=3371.45/s totalWork=7
2021-07-14 19:41:15,616 INFO  [DNFCalculating] log_result_queue_info:1472: calc#1: 排行: try_fetch_result_in_background remaining_qize=15 sync_batch_size=100 processed_result=96200, speed=3318.93/s totalWork=7
2021-07-14 19:41:15,618 INFO  [DNFCalculating] log_result_queue_info:1472: calc#1: 排行: try_fetch_result periodly report remaining_qize=14 sync_batch_size=100 processed_result=96300, speed=3322.18/s totalWork=7
2021-07-14 19:41:15,624 INFO  [DNFCalculating] log_result_queue_info:1472: calc#1: 排行: try_fetch_result periodly report remaining_qize=7 sync_batch_size=100 processed_result=97000, speed=3345.63/s totalWork=7
2021-07-14 19:41:16,136 INFO  [DNFCalculating] log_result_queue_info:1472: calc#1: 排行: try_fetch_result_in_background remaining_qize=11 sync_batch_size=100 processed_result=97700, speed=3311.33/s totalWork=7
2021-07-14 19:41:16,137 INFO  [DNFCalculating] log_result_queue_info:1472: calc#1: 排行: try_fetch_result periodly report remaining_qize=10 sync_batch_size=100 processed_result=97800, speed=3314.62/s totalWork=7
2021-07-14 19:41:16,140 INFO  [DNFCalculating] log_result_queue_info:1472: calc#1: 排行: try_fetch_result periodly report remaining_qize=8 sync_batch_size=100 processed_result=98000, speed=3321.06/s totalWork=7
2021-07-14 19:41:16,657 INFO  [DNFCalculating] log_result_queue_info:1472: calc#1: 排行: try_fetch_result_in_background remaining_qize=13 sync_batch_size=100 processed_result=98900, speed=3293.79/s totalWork=7
2021-07-14 19:41:16,658 INFO  [DNFCalculating] log_result_queue_info:1472: calc#1: 排行: try_fetch_result periodly report remaining_qize=12 sync_batch_size=100 processed_result=99000, speed=3297.01/s totalWork=7
2021-07-14 19:41:16,667 INFO  [DNFCalculating] log_result_queue_info:1472: calc#1: 排行: try_fetch_result periodly report remaining_qize=2 sync_batch_size=100 processed_result=100000, speed=3329.31/s totalWork=7
2021-07-14 19:41:17,176 INFO  [DNFCalculating] log_result_queue_info:1472: calc#1: 排行: try_fetch_result_in_background remaining_qize=12 sync_batch_size=100 processed_result=100200, speed=3280.42/s totalWork=7
2021-07-14 19:41:17,177 INFO  [DNFCalculating] log_result_queue_info:1472: calc#1: 排行: try_fetch_result periodly report remaining_qize=11 sync_batch_size=100 processed_result=100300, speed=3283.58/s totalWork=7
2021-07-14 19:41:17,183 INFO  [DNFCalculating] log_result_queue_info:1472: calc#1: 排行: try_fetch_result periodly report remaining_qize=4 sync_batch_size=100 processed_result=101000, speed=3305.85/s totalWork=7
2021-07-14 19:41:17,696 INFO  [DNFCalculating] log_result_queue_info:1472: calc#1: 排行: try_fetch_result_in_background remaining_qize=14 sync_batch_size=100 processed_result=101400, speed=3264.16/s totalWork=7
2021-07-14 19:41:17,697 INFO  [DNFCalculating] log_result_queue_info:1472: calc#1: 排行: try_fetch_result periodly report remaining_qize=13 sync_batch_size=100 processed_result=101500, speed=3267.22/s totalWork=7
2021-07-14 19:41:17,701 INFO  [DNFCalculating] log_result_queue_info:1472: calc#1: 排行: try_fetch_result periodly report remaining_qize=8 sync_batch_size=100 processed_result=102000, speed=3282.86/s totalWork=7
2021-07-14 19:41:18,217 INFO  [DNFCalculating] log_result_queue_info:1472: calc#1: 排行: try_fetch_result_in_background remaining_qize=14 sync_batch_size=100 processed_result=102800, speed=3254.58/s totalWork=7
2021-07-14 19:41:18,218 INFO  [DNFCalculating] log_result_queue_info:1472: calc#1: 排行: try_fetch_result periodly report remaining_qize=13 sync_batch_size=100 processed_result=102900, speed=3257.66/s totalWork=7
2021-07-14 19:41:18,219 INFO  [DNFCalculating] log_result_queue_info:1472: calc#1: 排行: try_fetch_result periodly report remaining_qize=12 sync_batch_size=100 processed_result=103000, speed=3260.72/s totalWork=7
2021-07-14 19:41:18,228 INFO  [DNFCalculating] log_result_queue_info:1472: calc#1: 排行: try_fetch_result periodly report remaining_qize=2 sync_batch_size=100 processed_result=104000, speed=3291.45/s totalWork=7
2021-07-14 19:41:18,740 INFO  [DNFCalculating] log_result_queue_info:1472: calc#1: 排行: try_fetch_result_in_background remaining_qize=14 sync_batch_size=100 processed_result=104200, speed=3245.20/s totalWork=7
2021-07-14 19:41:18,741 INFO  [DNFCalculating] log_result_queue_info:1472: calc#1: 排行: try_fetch_result periodly report remaining_qize=13 sync_batch_size=100 processed_result=104300, speed=3248.24/s totalWork=7
2021-07-14 19:41:18,748 INFO  [DNFCalculating] log_result_queue_info:1472: calc#1: 排行: try_fetch_result periodly report remaining_qize=6 sync_batch_size=100 processed_result=105000, speed=3269.33/s totalWork=7
2021-07-14 19:41:19,261 INFO  [DNFCalculating] log_result_queue_info:1472: calc#1: 排行: try_fetch_result_in_background remaining_qize=11 sync_batch_size=100 processed_result=105600, speed=3236.24/s totalWork=7
2021-07-14 19:41:19,262 INFO  [DNFCalculating] log_result_queue_info:1472: calc#1: 排行: try_fetch_result periodly report remaining_qize=10 sync_batch_size=100 processed_result=105700, speed=3239.21/s totalWork=7
2021-07-14 19:41:19,265 INFO  [DNFCalculating] log_result_queue_info:1472: calc#1: 排行: try_fetch_result periodly report remaining_qize=7 sync_batch_size=100 processed_result=106000, speed=3248.12/s totalWork=7
2021-07-14 19:41:19,784 INFO  [DNFCalculating] log_result_queue_info:1472: calc#1: 排行: try_fetch_result_in_background remaining_qize=13 sync_batch_size=100 processed_result=106700, speed=3218.41/s totalWork=7
2021-07-14 19:41:19,786 INFO  [DNFCalculating] log_result_queue_info:1472: calc#1: 排行: try_fetch_result periodly report remaining_qize=12 sync_batch_size=100 processed_result=106800, speed=3221.25/s totalWork=7
2021-07-14 19:41:19,788 INFO  [DNFCalculating] log_result_queue_info:1472: calc#1: 排行: try_fetch_result periodly report remaining_qize=10 sync_batch_size=100 processed_result=107000, speed=3227.08/s totalWork=7
2021-07-14 19:41:19,805 INFO  [DNFCalculating] log_result_queue_info:1472: calc#1: 排行: try_fetch_result periodly report remaining_qize=1 sync_batch_size=100 processed_result=108000, speed=3255.58/s totalWork=7
2021-07-14 19:41:20,308 INFO  [DNFCalculating] log_result_queue_info:1472: calc#1: 排行: try_fetch_result_in_background remaining_qize=11 sync_batch_size=100 processed_result=108100, speed=3209.94/s totalWork=7
2021-07-14 19:41:20,308 INFO  [DNFCalculating] log_result_queue_info:1472: calc#1: 排行: try_fetch_result periodly report remaining_qize=10 sync_batch_size=100 processed_result=108200, speed=3212.83/s totalWork=7
2021-07-14 19:41:20,316 INFO  [DNFCalculating] log_result_queue_info:1472: calc#1: 排行: try_fetch_result periodly report remaining_qize=2 sync_batch_size=100 processed_result=109000, speed=3235.90/s totalWork=7
2021-07-14 19:41:20,826 INFO  [DNFCalculating] log_result_queue_info:1472: calc#1: 排行: try_fetch_result_in_background remaining_qize=12 sync_batch_size=100 processed_result=109200, speed=3193.42/s totalWork=7
2021-07-14 19:41:20,828 INFO  [DNFCalculating] log_result_queue_info:1472: calc#1: 排行: try_fetch_result periodly report remaining_qize=11 sync_batch_size=100 processed_result=109300, speed=3196.27/s totalWork=7
2021-07-14 19:41:20,834 INFO  [DNFCalculating] log_result_queue_info:1472: calc#1: 排行: try_fetch_result periodly report remaining_qize=4 sync_batch_size=100 processed_result=110000, speed=3216.09/s totalWork=7
2021-07-14 19:41:21,348 INFO  [DNFCalculating] log_result_queue_info:1472: calc#1: 排行: try_fetch_result_in_background remaining_qize=12 sync_batch_size=100 processed_result=110500, speed=3182.89/s totalWork=7
2021-07-14 19:41:21,349 INFO  [DNFCalculating] log_result_queue_info:1472: calc#1: 排行: try_fetch_result periodly report remaining_qize=11 sync_batch_size=100 processed_result=110600, speed=3185.70/s totalWork=7
2021-07-14 19:41:21,353 INFO  [DNFCalculating] log_result_queue_info:1472: calc#1: 排行: try_fetch_result periodly report remaining_qize=7 sync_batch_size=100 processed_result=111000, speed=3196.85/s totalWork=7
2021-07-14 19:41:21,867 INFO  [DNFCalculating] log_result_queue_info:1472: calc#1: 排行: try_fetch_result_in_background remaining_qize=12 sync_batch_size=100 processed_result=111700, speed=3170.01/s totalWork=7
2021-07-14 19:41:21,869 INFO  [DNFCalculating] log_result_queue_info:1472: calc#1: 排行: try_fetch_result periodly report remaining_qize=11 sync_batch_size=100 processed_result=111800, speed=3172.68/s totalWork=7
2021-07-14 19:41:21,871 INFO  [DNFCalculating] log_result_queue_info:1472: calc#1: 排行: try_fetch_result periodly report remaining_qize=9 sync_batch_size=100 processed_result=112000, speed=3178.18/s totalWork=7
2021-07-14 19:41:22,387 INFO  [DNFCalculating] log_result_queue_info:1472: calc#1: 排行: try_fetch_result_in_background remaining_qize=12 sync_batch_size=100 processed_result=112900, speed=3157.50/s totalWork=7
2021-07-14 19:41:22,388 INFO  [DNFCalculating] log_result_queue_info:1472: calc#1: 排行: try_fetch_result periodly report remaining_qize=11 sync_batch_size=100 processed_result=113000, speed=3160.23/s totalWork=7
2021-07-14 19:41:22,397 INFO  [DNFCalculating] log_result_queue_info:1472: calc#1: 排行: try_fetch_result periodly report remaining_qize=1 sync_batch_size=100 processed_result=114000, speed=3187.40/s totalWork=7
2021-07-14 19:41:22,910 INFO  [DNFCalculating] log_result_queue_info:1472: calc#1: 排行: try_fetch_result_in_background remaining_qize=11 sync_batch_size=100 processed_result=114100, speed=3145.10/s totalWork=7
2021-07-14 19:41:22,911 INFO  [DNFCalculating] log_result_queue_info:1472: calc#1: 排行: try_fetch_result periodly report remaining_qize=10 sync_batch_size=100 processed_result=114200, speed=3147.78/s totalWork=7
2021-07-14 19:41:22,918 INFO  [DNFCalculating] log_result_queue_info:1472: calc#1: 排行: try_fetch_result periodly report remaining_qize=2 sync_batch_size=100 processed_result=115000, speed=3169.19/s totalWork=7
2021-07-14 19:41:23,433 INFO  [DNFCalculating] log_result_queue_info:1472: calc#1: 排行: try_fetch_result_in_background remaining_qize=13 sync_batch_size=100 processed_result=115200, speed=3130.24/s totalWork=7
2021-07-14 19:41:23,434 INFO  [DNFCalculating] log_result_queue_info:1472: calc#1: 排行: try_fetch_result periodly report remaining_qize=12 sync_batch_size=100 processed_result=115300, speed=3132.89/s totalWork=7
2021-07-14 19:41:23,441 INFO  [DNFCalculating] log_result_queue_info:1472: calc#1: 排行: try_fetch_result periodly report remaining_qize=6 sync_batch_size=100 processed_result=116000, speed=3151.31/s totalWork=7
2021-07-14 19:41:23,954 INFO  [DNFCalculating] log_result_queue_info:1472: calc#1: 排行: try_fetch_result_in_background remaining_qize=10 sync_batch_size=100 processed_result=116600, speed=3124.10/s totalWork=7
2021-07-14 19:41:23,956 INFO  [DNFCalculating] log_result_queue_info:1472: calc#1: 排行: try_fetch_result periodly report remaining_qize=9 sync_batch_size=100 processed_result=116700, speed=3126.68/s totalWork=7
2021-07-14 19:41:23,959 INFO  [DNFCalculating] log_result_queue_info:1472: calc#1: 排行: try_fetch_result periodly report remaining_qize=6 sync_batch_size=100 processed_result=117000, speed=3134.40/s totalWork=7
2021-07-14 19:41:24,476 INFO  [DNFCalculating] log_result_queue_info:1472: calc#1: 排行: try_fetch_result_in_background remaining_qize=12 sync_batch_size=100 processed_result=117600, speed=3107.45/s totalWork=7
2021-07-14 19:41:24,476 INFO  [DNFCalculating] log_result_queue_info:1472: calc#1: 排行: try_fetch_result periodly report remaining_qize=11 sync_batch_size=100 processed_result=117700, speed=3110.02/s totalWork=7
2021-07-14 19:41:24,479 INFO  [DNFCalculating] log_result_queue_info:1472: calc#1: 排行: try_fetch_result periodly report remaining_qize=8 sync_batch_size=100 processed_result=118000, speed=3117.71/s totalWork=7
2021-07-14 19:41:24,998 INFO  [DNFCalculating] log_result_queue_info:1472: calc#1: 排行: try_fetch_result_in_background remaining_qize=13 sync_batch_size=100 processed_result=118800, speed=3096.40/s totalWork=7
2021-07-14 19:41:24,999 INFO  [DNFCalculating] log_result_queue_info:1472: calc#1: 排行: try_fetch_result periodly report remaining_qize=12 sync_batch_size=100 processed_result=118900, speed=3098.94/s totalWork=7
2021-07-14 19:41:25,001 INFO  [DNFCalculating] log_result_queue_info:1472: calc#1: 排行: try_fetch_result periodly report remaining_qize=11 sync_batch_size=100 processed_result=119000, speed=3101.39/s totalWork=7
2021-07-14 19:41:25,010 INFO  [DNFCalculating] log_result_queue_info:1472: calc#1: 排行: try_fetch_result periodly report remaining_qize=1 sync_batch_size=100 processed_result=120000, speed=3126.72/s totalWork=7
2021-07-14 19:41:25,519 INFO  [DNFCalculating] log_result_queue_info:1472: calc#1: 排行: try_fetch_result_in_background remaining_qize=12 sync_batch_size=100 processed_result=120100, speed=3088.38/s totalWork=7
2021-07-14 19:41:25,520 INFO  [DNFCalculating] log_result_queue_info:1472: calc#1: 排行: try_fetch_result periodly report remaining_qize=11 sync_batch_size=100 processed_result=120200, speed=3090.89/s totalWork=7
2021-07-14 19:41:25,528 INFO  [DNFCalculating] log_result_queue_info:1472: calc#1: 排行: try_fetch_result periodly report remaining_qize=3 sync_batch_size=100 processed_result=121000, speed=3110.90/s totalWork=7
2021-07-14 19:41:26,038 INFO  [DNFCalculating] log_result_queue_info:1472: calc#1: 排行: try_fetch_result_in_background remaining_qize=9 sync_batch_size=100 processed_result=121400, speed=3080.64/s totalWork=7
2021-07-14 19:41:26,039 INFO  [DNFCalculating] log_result_queue_info:1472: calc#1: 排行: try_fetch_result periodly report remaining_qize=8 sync_batch_size=100 processed_result=121500, speed=3083.12/s totalWork=7
2021-07-14 19:41:26,044 INFO  [DNFCalculating] log_result_queue_info:1472: calc#1: 排行: try_fetch_result periodly report remaining_qize=3 sync_batch_size=100 processed_result=122000, speed=3095.42/s totalWork=7
2021-07-14 19:41:26,555 INFO  [DNFCalculating] log_result_queue_info:1472: calc#1: 排行: try_fetch_result_in_background remaining_qize=12 sync_batch_size=100 processed_result=122300, speed=3063.32/s totalWork=7
2021-07-14 19:41:26,557 INFO  [DNFCalculating] log_result_queue_info:1472: calc#1: 排行: try_fetch_result periodly report remaining_qize=11 sync_batch_size=100 processed_result=122400, speed=3065.77/s totalWork=7
2021-07-14 19:41:26,562 INFO  [DNFCalculating] log_result_queue_info:1472: calc#1: 排行: try_fetch_result periodly report remaining_qize=5 sync_batch_size=100 processed_result=123000, speed=3080.33/s totalWork=7
2021-07-14 19:41:27,074 INFO  [DNFCalculating] log_result_queue_info:1472: calc#1: 排行: try_fetch_result_in_background remaining_qize=10 sync_batch_size=100 processed_result=123500, speed=3053.71/s totalWork=7
2021-07-14 19:41:27,074 INFO  [DNFCalculating] log_result_queue_info:1472: calc#1: 排行: try_fetch_result periodly report remaining_qize=9 sync_batch_size=100 processed_result=123600, speed=3056.13/s totalWork=7
2021-07-14 19:41:27,078 INFO  [DNFCalculating] log_result_queue_info:1472: calc#1: 排行: try_fetch_result periodly report remaining_qize=6 sync_batch_size=100 processed_result=124000, speed=3065.71/s totalWork=7
2021-07-14 19:41:27,593 INFO  [DNFCalculating] log_result_queue_info:1472: calc#1: 排行: try_fetch_result_in_background remaining_qize=10 sync_batch_size=100 processed_result=124600, speed=3041.83/s totalWork=7
2021-07-14 19:41:27,594 INFO  [DNFCalculating] log_result_queue_info:1472: calc#1: 排行: try_fetch_result periodly report remaining_qize=9 sync_batch_size=100 processed_result=124700, speed=3044.21/s totalWork=7
2021-07-14 19:41:27,598 INFO  [DNFCalculating] log_result_queue_info:1472: calc#1: 排行: try_fetch_result periodly report remaining_qize=6 sync_batch_size=100 processed_result=125000, speed=3051.24/s totalWork=7
2021-07-14 19:41:28,115 INFO  [DNFCalculating] log_result_queue_info:1472: calc#1: 排行: try_fetch_result_in_background remaining_qize=12 sync_batch_size=100 processed_result=125700, speed=3030.08/s totalWork=7
2021-07-14 19:41:28,116 INFO  [DNFCalculating] log_result_queue_info:1472: calc#1: 排行: try_fetch_result periodly report remaining_qize=11 sync_batch_size=100 processed_result=125800, speed=3032.45/s totalWork=7
2021-07-14 19:41:28,118 INFO  [DNFCalculating] log_result_queue_info:1472: calc#1: 排行: try_fetch_result periodly report remaining_qize=9 sync_batch_size=100 processed_result=126000, speed=3037.13/s totalWork=7
2021-07-14 19:41:28,634 INFO  [DNFCalculating] log_result_queue_info:1472: calc#1: 排行: try_fetch_result_in_background remaining_qize=11 sync_batch_size=100 processed_result=126900, speed=3021.18/s totalWork=7
2021-07-14 19:41:28,635 INFO  [DNFCalculating] log_result_queue_info:1472: calc#1: 排行: try_fetch_result periodly report remaining_qize=10 sync_batch_size=100 processed_result=127000, speed=3023.51/s totalWork=7
2021-07-14 19:41:28,644 INFO  [DNFCalculating] log_result_queue_info:1472: calc#1: 排行: try_fetch_result periodly report remaining_qize=0 sync_batch_size=100 processed_result=128000, speed=3046.66/s totalWork=7
2021-07-14 19:41:29,155 INFO  [DNFCalculating] log_result_queue_info:1472: calc#1: 排行: try_fetch_result_in_background remaining_qize=11 sync_batch_size=100 processed_result=128000, speed=3010.06/s totalWork=7
2021-07-14 19:41:29,157 INFO  [DNFCalculating] log_result_queue_info:1472: calc#1: 排行: try_fetch_result periodly report remaining_qize=10 sync_batch_size=100 processed_result=128100, speed=3012.29/s totalWork=7
2021-07-14 19:41:29,165 INFO  [DNFCalculating] log_result_queue_info:1472: calc#1: 排行: try_fetch_result periodly report remaining_qize=2 sync_batch_size=100 processed_result=129000, speed=3032.88/s totalWork=7
2021-07-14 19:41:29,676 INFO  [DNFCalculating] log_result_queue_info:1472: calc#1: 排行: try_fetch_result_in_background remaining_qize=10 sync_batch_size=100 processed_result=129200, speed=3001.54/s totalWork=7
2021-07-14 19:41:29,677 INFO  [DNFCalculating] log_result_queue_info:1472: calc#1: 排行: try_fetch_result periodly report remaining_qize=9 sync_batch_size=100 processed_result=129300, speed=3003.76/s totalWork=7
2021-07-14 19:41:29,683 INFO  [DNFCalculating] log_result_queue_info:1472: calc#1: 排行: try_fetch_result periodly report remaining_qize=2 sync_batch_size=100 processed_result=130000, speed=3019.58/s totalWork=7
2021-07-14 19:41:30,197 INFO  [DNFCalculating] log_result_queue_info:1472: calc#1: 排行: try_fetch_result_in_background remaining_qize=10 sync_batch_size=100 processed_result=130200, speed=2988.55/s totalWork=7
2021-07-14 19:41:30,198 INFO  [DNFCalculating] log_result_queue_info:1472: calc#1: 排行: try_fetch_result periodly report remaining_qize=9 sync_batch_size=100 processed_result=130300, speed=2990.80/s totalWork=7
2021-07-14 19:41:30,206 INFO  [DNFCalculating] log_result_queue_info:1472: calc#1: 排行: try_fetch_result periodly report remaining_qize=3 sync_batch_size=100 processed_result=131000, speed=3006.31/s totalWork=7
2021-07-14 19:41:30,711 INFO  [DNFCalculating] log_result_queue_info:1472: calc#1: 排行: try_fetch_result_in_background remaining_qize=7 sync_batch_size=100 processed_result=131300, speed=2978.67/s totalWork=7
2021-07-14 19:41:30,713 INFO  [DNFCalculating] log_result_queue_info:1472: calc#1: 排行: try_fetch_result periodly report remaining_qize=6 sync_batch_size=100 processed_result=131400, speed=2980.83/s totalWork=7
2021-07-14 19:41:30,718 INFO  [DNFCalculating] log_result_queue_info:1472: calc#1: 排行: try_fetch_result periodly report remaining_qize=0 sync_batch_size=100 processed_result=132000, speed=2994.11/s totalWork=7
2021-07-14 19:41:31,225 INFO  [DNFCalculating] log_result_queue_info:1472: calc#1: 排行: try_fetch_result_in_background remaining_qize=12 sync_batch_size=100 processed_result=132000, speed=2960.01/s totalWork=7
2021-07-14 19:41:31,226 INFO  [DNFCalculating] log_result_queue_info:1472: calc#1: 排行: try_fetch_result periodly report remaining_qize=11 sync_batch_size=100 processed_result=132100, speed=2962.20/s totalWork=7
2021-07-14 19:41:31,234 INFO  [DNFCalculating] log_result_queue_info:1472: calc#1: 排行: try_fetch_result periodly report remaining_qize=2 sync_batch_size=100 processed_result=133000, speed=2981.85/s totalWork=7
2021-07-14 19:41:31,744 INFO  [DNFCalculating] log_result_queue_info:1472: calc#1: 排行: try_fetch_result_in_background remaining_qize=10 sync_batch_size=100 processed_result=133200, speed=2952.58/s totalWork=7
2021-07-14 19:41:31,745 INFO  [DNFCalculating] log_result_queue_info:1472: calc#1: 排行: try_fetch_result periodly report remaining_qize=9 sync_batch_size=100 processed_result=133300, speed=2954.75/s totalWork=7
2021-07-14 19:41:31,752 INFO  [DNFCalculating] log_result_queue_info:1472: calc#1: 排行: try_fetch_result periodly report remaining_qize=2 sync_batch_size=100 processed_result=134000, speed=2969.80/s totalWork=7
2021-07-14 19:41:32,257 INFO  [DNFCalculating] log_result_queue_info:1472: calc#1: 排行: try_fetch_result_in_background remaining_qize=12 sync_batch_size=100 processed_result=134200, speed=2941.33/s totalWork=7
2021-07-14 19:41:32,257 INFO  [DNFCalculating] log_result_queue_info:1472: calc#1: 排行: try_fetch_result periodly report remaining_qize=11 sync_batch_size=100 processed_result=134300, speed=2943.47/s totalWork=7
2021-07-14 19:41:32,264 INFO  [DNFCalculating] log_result_queue_info:1472: calc#1: 排行: try_fetch_result periodly report remaining_qize=4 sync_batch_size=100 processed_result=135000, speed=2958.35/s totalWork=7
2021-07-14 19:41:32,776 INFO  [DNFCalculating] log_result_queue_info:1472: calc#1: 排行: try_fetch_result_in_background remaining_qize=11 sync_batch_size=100 processed_result=135400, speed=2934.22/s totalWork=7
2021-07-14 19:41:32,778 INFO  [DNFCalculating] log_result_queue_info:1472: calc#1: 排行: try_fetch_result periodly report remaining_qize=10 sync_batch_size=100 processed_result=135500, speed=2936.28/s totalWork=7
2021-07-14 19:41:32,782 INFO  [DNFCalculating] log_result_queue_info:1472: calc#1: 排行: try_fetch_result periodly report remaining_qize=5 sync_batch_size=100 processed_result=136000, speed=2946.84/s totalWork=7
2021-07-14 19:41:33,296 INFO  [DNFCalculating] log_result_queue_info:1472: calc#1: 排行: try_fetch_result_in_background remaining_qize=11 sync_batch_size=100 processed_result=136500, speed=2925.11/s totalWork=7
2021-07-14 19:41:33,297 INFO  [DNFCalculating] log_result_queue_info:1472: calc#1: 排行: try_fetch_result periodly report remaining_qize=10 sync_batch_size=100 processed_result=136600, speed=2927.16/s totalWork=7
2021-07-14 19:41:33,302 INFO  [DNFCalculating] log_result_queue_info:1472: calc#1: 排行: try_fetch_result periodly report remaining_qize=6 sync_batch_size=100 processed_result=137000, speed=2935.46/s totalWork=7
2021-07-14 19:41:33,818 INFO  [DNFCalculating] log_result_queue_info:1472: calc#1: 排行: try_fetch_result_in_background remaining_qize=10 sync_batch_size=100 processed_result=137600, speed=2916.09/s totalWork=7
2021-07-14 19:41:33,818 INFO  [DNFCalculating] log_result_queue_info:1472: calc#1: 排行: try_fetch_result periodly report remaining_qize=9 sync_batch_size=100 processed_result=137700, speed=2918.16/s totalWork=7
2021-07-14 19:41:33,821 INFO  [DNFCalculating] log_result_queue_info:1472: calc#1: 排行: try_fetch_result periodly report remaining_qize=7 sync_batch_size=100 processed_result=138000, speed=2924.33/s totalWork=7
2021-07-14 19:41:34,338 INFO  [DNFCalculating] log_result_queue_info:1472: calc#1: 排行: try_fetch_result_in_background remaining_qize=8 sync_batch_size=100 processed_result=138700, speed=2907.33/s totalWork=7
2021-07-14 19:41:34,339 INFO  [DNFCalculating] log_result_queue_info:1472: calc#1: 排行: try_fetch_result periodly report remaining_qize=7 sync_batch_size=100 processed_result=138800, speed=2909.37/s totalWork=7
2021-07-14 19:41:34,342 INFO  [DNFCalculating] log_result_queue_info:1472: calc#1: 排行: try_fetch_result periodly report remaining_qize=6 sync_batch_size=100 processed_result=139000, speed=2913.38/s totalWork=7
2021-07-14 19:41:34,857 INFO  [DNFCalculating] log_result_queue_info:1472: calc#1: 排行: try_fetch_result_in_background remaining_qize=10 sync_batch_size=100 processed_result=139700, speed=2896.79/s totalWork=7
2021-07-14 19:41:34,858 INFO  [DNFCalculating] log_result_queue_info:1472: calc#1: 排行: try_fetch_result periodly report remaining_qize=9 sync_batch_size=100 processed_result=139800, speed=2898.82/s totalWork=7
2021-07-14 19:41:34,860 INFO  [DNFCalculating] log_result_queue_info:1472: calc#1: 排行: try_fetch_result periodly report remaining_qize=7 sync_batch_size=100 processed_result=140000, speed=2902.85/s totalWork=7
2021-07-14 19:41:35,381 INFO  [DNFCalculating] log_result_queue_info:1472: calc#1: 排行: try_fetch_result_in_background remaining_qize=10 sync_batch_size=100 processed_result=140700, speed=2886.13/s totalWork=7
2021-07-14 19:41:35,383 INFO  [DNFCalculating] log_result_queue_info:1472: calc#1: 排行: try_fetch_result periodly report remaining_qize=9 sync_batch_size=100 processed_result=140800, speed=2888.14/s totalWork=7
2021-07-14 19:41:35,385 INFO  [DNFCalculating] log_result_queue_info:1472: calc#1: 排行: try_fetch_result periodly report remaining_qize=7 sync_batch_size=100 processed_result=141000, speed=2892.06/s totalWork=7
2021-07-14 19:41:35,900 INFO  [DNFCalculating] log_result_queue_info:1472: calc#1: 排行: try_fetch_result_in_background remaining_qize=13 sync_batch_size=100 processed_result=141700, speed=2876.06/s totalWork=7
2021-07-14 19:41:35,901 INFO  [DNFCalculating] log_result_queue_info:1472: calc#1: 排行: try_fetch_result periodly report remaining_qize=12 sync_batch_size=100 processed_result=141800, speed=2878.03/s totalWork=7
2021-07-14 19:41:35,904 INFO  [DNFCalculating] log_result_queue_info:1472: calc#1: 排行: try_fetch_result periodly report remaining_qize=10 sync_batch_size=100 processed_result=142000, speed=2881.92/s totalWork=7
2021-07-14 19:41:36,425 INFO  [DNFCalculating] log_result_queue_info:1472: calc#1: 排行: try_fetch_result_in_background remaining_qize=10 sync_batch_size=100 processed_result=142932, speed=2870.49/s totalWork=7
2021-07-14 19:41:36,426 INFO  [DNFCalculating] log_result_queue_info:1472: calc#1: 排行: try_fetch_result periodly report remaining_qize=9 sync_batch_size=100 processed_result=143032, speed=2872.40/s totalWork=7
2021-07-14 19:41:36,950 INFO  [DNFCalculating] log_result_queue_info:1472: calc#1: 排行: try_fetch_result_in_background remaining_qize=12 sync_batch_size=100 processed_result=143932, speed=2860.38/s totalWork=7
2021-07-14 19:41:36,951 INFO  [DNFCalculating] log_result_queue_info:1472: calc#1: 排行: try_fetch_result periodly report remaining_qize=11 sync_batch_size=100 processed_result=144032, speed=2862.32/s totalWork=7
2021-07-14 19:41:36,961 INFO  [DNFCalculating] log_result_queue_info:1472: calc#1: 排行: try_fetch_result periodly report remaining_qize=1 sync_batch_size=100 processed_result=145032, speed=2881.63/s totalWork=7
2021-07-14 19:41:37,474 INFO  [DNFCalculating] log_result_queue_info:1472: calc#1: 排行: try_fetch_result_in_background remaining_qize=9 sync_batch_size=100 processed_result=145132, speed=2854.54/s totalWork=7
2021-07-14 19:41:37,475 INFO  [DNFCalculating] log_result_queue_info:1472: calc#1: 排行: try_fetch_result periodly report remaining_qize=8 sync_batch_size=100 processed_result=145232, speed=2856.45/s totalWork=7
2021-07-14 19:41:37,996 INFO  [DNFCalculating] log_result_queue_info:1472: calc#1: 排行: try_fetch_result_in_background remaining_qize=9 sync_batch_size=100 processed_result=145964, speed=2841.68/s totalWork=7
2021-07-14 19:41:37,997 INFO  [DNFCalculating] log_result_queue_info:1472: calc#1: 排行: try_fetch_result periodly report remaining_qize=8 sync_batch_size=100 processed_result=146064, speed=2843.59/s totalWork=7
2021-07-14 19:41:38,519 INFO  [DNFCalculating] log_result_queue_info:1472: calc#1: 排行: try_fetch_result_in_background remaining_qize=10 sync_batch_size=100 processed_result=146864, speed=2830.41/s totalWork=7
2021-07-14 19:41:38,520 INFO  [DNFCalculating] log_result_queue_info:1472: calc#1: 排行: try_fetch_result periodly report remaining_qize=9 sync_batch_size=100 processed_result=146964, speed=2832.29/s totalWork=7
2021-07-14 19:41:38,522 INFO  [DNFCalculating] log_result_queue_info:1472: calc#1: 排行: try_fetch_result periodly report remaining_qize=8 sync_batch_size=100 processed_result=147064, speed=2834.11/s totalWork=7
2021-07-14 19:41:39,043 INFO  [DNFCalculating] log_result_queue_info:1472: calc#1: 排行: try_fetch_result_in_background remaining_qize=11 sync_batch_size=100 processed_result=147864, speed=2821.16/s totalWork=7
2021-07-14 19:41:39,044 INFO  [DNFCalculating] log_result_queue_info:1472: calc#1: 排行: try_fetch_result periodly report remaining_qize=10 sync_batch_size=100 processed_result=147964, speed=2823.02/s totalWork=7
2021-07-14 19:41:39,046 INFO  [DNFCalculating] log_result_queue_info:1472: calc#1: 排行: try_fetch_result periodly report remaining_qize=9 sync_batch_size=100 processed_result=148064, speed=2824.82/s totalWork=7
2021-07-14 19:41:39,567 INFO  [DNFCalculating] log_result_queue_info:1472: calc#1: 排行: try_fetch_result_in_background remaining_qize=10 sync_batch_size=100 processed_result=148895, speed=2812.73/s totalWork=7
2021-07-14 19:41:39,568 INFO  [DNFCalculating] log_result_queue_info:1472: calc#1: 排行: try_fetch_result periodly report remaining_qize=9 sync_batch_size=100 processed_result=148995, speed=2814.58/s totalWork=7
2021-07-14 19:41:39,569 INFO  [DNFCalculating] log_result_queue_info:1472: calc#1: 排行: try_fetch_result periodly report remaining_qize=8 sync_batch_size=100 processed_result=149095, speed=2816.41/s totalWork=7
2021-07-14 19:41:40,076 INFO  [DNFCalculating] log_result_queue_info:1472: calc#1: 排行: try_fetch_result_in_background remaining_qize=7 sync_batch_size=100 processed_result=149827, speed=2803.40/s totalWork=7
2021-07-14 19:41:40,077 INFO  [DNFCalculating] log_result_queue_info:1472: calc#1: 排行: try_fetch_result periodly report remaining_qize=6 sync_batch_size=100 processed_result=149927, speed=2805.23/s totalWork=7
2021-07-14 19:41:40,078 INFO  [DNFCalculating] log_result_queue_info:1472: calc#1: 排行: try_fetch_result periodly report remaining_qize=5 sync_batch_size=100 processed_result=150027, speed=2807.05/s totalWork=7
2021-07-14 19:41:40,208 WARNI [DNFCalculating] 计算线程:1581: 所有工作线程均已完成计算，总计用时=53.89s
2021-07-14 19:41:40,586 INFO  [DNFCalculating] log_result_queue_info:1472: calc#1: 排行: after join remaining_qize=3 sync_batch_size=100 processed_result=150558, speed=2790.46/s totalWork=7
2021-07-14 19:41:40,586 INFO  [DNFCalculating] log_result_queue_info:1472: calc#1: 排行: try_fetch_result periodly report remaining_qize=2 sync_batch_size=100 processed_result=150658, speed=2792.30/s totalWork=7
2021-07-14 19:41:40,588 INFO  [DNFCalculating] log_result_queue_info:1472: calc#1: 排行: after final remaining_qize=0 sync_batch_size=100 processed_result=150720, speed=2793.34/s totalWork=7
