2021-06-11 14:10:44,375 DEBUG [urllib3.connectionpool] _new_conn:971: Starting new HTTPS connection (1): pan.lanzous.com:443
2021-06-11 14:10:44,415 DEBUG [urllib3.connectionpool] _new_conn:971: Starting new HTTPS connection (1): pan.lanzous.com:443
2021-06-11 14:11:15,019 ERROR [DNFCalculating] 载入json:3481: list index out of range
2021-06-11 14:11:52,590 INFO  [DNFCalculating] 计算线程:1354: 开始计算
2021-06-11 14:11:53,233 INFO  [DNFCalculating] log_result_queue_info:1367: calc#1: 排行: try_fetch_result_in_background remaining_qize=0 sync_batch_size=100 processed_result=0, speed=0.00/s totalWork=0
2021-06-11 14:11:53,832 INFO  [DNFCalculating] log_result_queue_info:1367: calc#1: 排行: try_fetch_result_in_background remaining_qize=0 sync_batch_size=100 processed_result=0, speed=0.00/s totalWork=0
2021-06-11 14:11:54,447 INFO  [DNFCalculating] log_result_queue_info:1367: calc#1: 排行: try_fetch_result_in_background remaining_qize=0 sync_batch_size=100 processed_result=0, speed=0.00/s totalWork=7
2021-06-11 14:11:54,955 INFO  [DNFCalculating] log_result_queue_info:1367: calc#1: 排行: try_fetch_result_in_background remaining_qize=3 sync_batch_size=100 processed_result=0, speed=0.00/s totalWork=7
2021-06-11 14:11:55,462 INFO  [DNFCalculating] log_result_queue_info:1367: calc#1: 排行: try_fetch_result_in_background remaining_qize=6 sync_batch_size=100 processed_result=300, speed=126.64/s totalWork=7
2021-06-11 14:11:55,985 INFO  [DNFCalculating] log_result_queue_info:1367: calc#1: 排行: try_fetch_result_in_background remaining_qize=9 sync_batch_size=100 processed_result=900, speed=311.23/s totalWork=7
2021-06-11 14:11:55,987 INFO  [DNFCalculating] log_result_queue_info:1367: calc#1: 排行: try_fetch_result periodly report remaining_qize=8 sync_batch_size=100 processed_result=1000, speed=345.58/s totalWork=7
2021-06-11 14:11:56,508 INFO  [DNFCalculating] log_result_queue_info:1367: calc#1: 排行: try_fetch_result_in_background remaining_qize=13 sync_batch_size=100 processed_result=1800, speed=527.09/s totalWork=7
2021-06-11 14:11:56,510 INFO  [DNFCalculating] log_result_queue_info:1367: calc#1: 排行: try_fetch_result periodly report remaining_qize=12 sync_batch_size=100 processed_result=1900, speed=556.05/s totalWork=7
2021-06-11 14:11:56,512 INFO  [DNFCalculating] log_result_queue_info:1367: calc#1: 排行: try_fetch_result periodly report remaining_qize=11 sync_batch_size=100 processed_result=2000, speed=585.06/s totalWork=7
2021-06-11 14:11:56,524 INFO  [DNFCalculating] log_result_queue_info:1367: calc#1: 排行: try_fetch_result periodly report remaining_qize=2 sync_batch_size=100 processed_result=3000, speed=874.55/s totalWork=7
2021-06-11 14:11:57,031 INFO  [DNFCalculating] log_result_queue_info:1367: calc#1: 排行: try_fetch_result_in_background remaining_qize=12 sync_batch_size=100 processed_result=3200, speed=812.67/s totalWork=7
2021-06-11 14:11:57,033 INFO  [DNFCalculating] log_result_queue_info:1367: calc#1: 排行: try_fetch_result periodly report remaining_qize=11 sync_batch_size=100 processed_result=3300, speed=837.73/s totalWork=7
2021-06-11 14:11:57,042 INFO  [DNFCalculating] log_result_queue_info:1367: calc#1: 排行: try_fetch_result periodly report remaining_qize=5 sync_batch_size=100 processed_result=4000, speed=1013.00/s totalWork=7
2021-06-11 14:11:57,554 INFO  [DNFCalculating] log_result_queue_info:1367: calc#1: 排行: try_fetch_result_in_background remaining_qize=15 sync_batch_size=100 processed_result=4500, speed=1008.90/s totalWork=7
2021-06-11 14:11:57,555 INFO  [DNFCalculating] log_result_queue_info:1367: calc#1: 排行: try_fetch_result periodly report remaining_qize=14 sync_batch_size=100 processed_result=4600, speed=1030.92/s totalWork=7
2021-06-11 14:11:57,561 INFO  [DNFCalculating] log_result_queue_info:1367: calc#1: 排行: try_fetch_result periodly report remaining_qize=10 sync_batch_size=100 processed_result=5000, speed=1119.20/s totalWork=7
2021-06-11 14:11:57,573 INFO  [DNFCalculating] log_result_queue_info:1367: calc#1: 排行: try_fetch_result periodly report remaining_qize=0 sync_batch_size=100 processed_result=6000, speed=1339.47/s totalWork=7
2021-06-11 14:11:58,076 INFO  [DNFCalculating] log_result_queue_info:1367: calc#1: 排行: try_fetch_result_in_background remaining_qize=14 sync_batch_size=100 processed_result=6000, speed=1204.10/s totalWork=7
2021-06-11 14:11:58,078 INFO  [DNFCalculating] log_result_queue_info:1367: calc#1: 排行: try_fetch_result periodly report remaining_qize=13 sync_batch_size=100 processed_result=6100, speed=1223.72/s totalWork=7
2021-06-11 14:11:58,090 INFO  [DNFCalculating] log_result_queue_info:1367: calc#1: 排行: try_fetch_result periodly report remaining_qize=4 sync_batch_size=100 processed_result=7000, speed=1400.92/s totalWork=7
2021-06-11 14:11:58,599 INFO  [DNFCalculating] log_result_queue_info:1367: calc#1: 排行: try_fetch_result_in_background remaining_qize=14 sync_batch_size=100 processed_result=7500, speed=1362.23/s totalWork=7
2021-06-11 14:11:58,601 INFO  [DNFCalculating] log_result_queue_info:1367: calc#1: 排行: try_fetch_result periodly report remaining_qize=13 sync_batch_size=100 processed_result=7600, speed=1379.92/s totalWork=7
2021-06-11 14:11:58,606 INFO  [DNFCalculating] log_result_queue_info:1367: calc#1: 排行: try_fetch_result periodly report remaining_qize=9 sync_batch_size=100 processed_result=8000, speed=1451.10/s totalWork=7
2021-06-11 14:11:59,122 INFO  [DNFCalculating] log_result_queue_info:1367: calc#1: 排行: try_fetch_result_in_background remaining_qize=13 sync_batch_size=100 processed_result=8900, speed=1476.23/s totalWork=7
2021-06-11 14:11:59,124 INFO  [DNFCalculating] log_result_queue_info:1367: calc#1: 排行: try_fetch_result periodly report remaining_qize=12 sync_batch_size=100 processed_result=9000, speed=1492.32/s totalWork=7
2021-06-11 14:11:59,138 INFO  [DNFCalculating] log_result_queue_info:1367: calc#1: 排行: try_fetch_result periodly report remaining_qize=3 sync_batch_size=100 processed_result=10000, speed=1654.46/s totalWork=7
2021-06-11 14:11:59,644 INFO  [DNFCalculating] log_result_queue_info:1367: calc#1: 排行: try_fetch_result_in_background remaining_qize=13 sync_batch_size=100 processed_result=10300, speed=1572.29/s totalWork=7
2021-06-11 14:11:59,646 INFO  [DNFCalculating] log_result_queue_info:1367: calc#1: 排行: try_fetch_result periodly report remaining_qize=12 sync_batch_size=100 processed_result=10400, speed=1587.14/s totalWork=7
2021-06-11 14:11:59,654 INFO  [DNFCalculating] log_result_queue_info:1367: calc#1: 排行: try_fetch_result periodly report remaining_qize=6 sync_batch_size=100 processed_result=11000, speed=1676.68/s totalWork=7
2021-06-11 14:12:00,167 INFO  [DNFCalculating] log_result_queue_info:1367: calc#1: 排行: try_fetch_result_in_background remaining_qize=13 sync_batch_size=100 processed_result=11800, speed=1668.09/s totalWork=7
2021-06-11 14:12:00,169 INFO  [DNFCalculating] log_result_queue_info:1367: calc#1: 排行: try_fetch_result periodly report remaining_qize=12 sync_batch_size=100 processed_result=11900, speed=1681.76/s totalWork=7
2021-06-11 14:12:00,171 INFO  [DNFCalculating] log_result_queue_info:1367: calc#1: 排行: try_fetch_result periodly report remaining_qize=11 sync_batch_size=100 processed_result=12000, speed=1695.41/s totalWork=7
2021-06-11 14:12:00,185 INFO  [DNFCalculating] log_result_queue_info:1367: calc#1: 排行: try_fetch_result periodly report remaining_qize=2 sync_batch_size=100 processed_result=13000, speed=1833.23/s totalWork=7
2021-06-11 14:12:00,690 INFO  [DNFCalculating] log_result_queue_info:1367: calc#1: 排行: try_fetch_result_in_background remaining_qize=14 sync_batch_size=100 processed_result=13200, speed=1737.68/s totalWork=7
2021-06-11 14:12:00,692 INFO  [DNFCalculating] log_result_queue_info:1367: calc#1: 排行: try_fetch_result periodly report remaining_qize=13 sync_batch_size=100 processed_result=13300, speed=1750.41/s totalWork=7
2021-06-11 14:12:00,701 INFO  [DNFCalculating] log_result_queue_info:1367: calc#1: 排行: try_fetch_result periodly report remaining_qize=6 sync_batch_size=100 processed_result=14000, speed=1840.13/s totalWork=7
2021-06-11 14:12:01,213 INFO  [DNFCalculating] log_result_queue_info:1367: calc#1: 排行: try_fetch_result_in_background remaining_qize=14 sync_batch_size=100 processed_result=14600, speed=1798.14/s totalWork=7
2021-06-11 14:12:01,214 INFO  [DNFCalculating] log_result_queue_info:1367: calc#1: 排行: try_fetch_result periodly report remaining_qize=13 sync_batch_size=100 processed_result=14700, speed=1810.12/s totalWork=7
2021-06-11 14:12:01,218 INFO  [DNFCalculating] log_result_queue_info:1367: calc#1: 排行: try_fetch_result periodly report remaining_qize=10 sync_batch_size=100 processed_result=15000, speed=1846.11/s totalWork=7
2021-06-11 14:12:01,231 INFO  [DNFCalculating] log_result_queue_info:1367: calc#1: 排行: try_fetch_result periodly report remaining_qize=0 sync_batch_size=100 processed_result=16000, speed=1966.11/s totalWork=7
2021-06-11 14:12:01,735 INFO  [DNFCalculating] log_result_queue_info:1367: calc#1: 排行: try_fetch_result_in_background remaining_qize=13 sync_batch_size=100 processed_result=16000, speed=1851.57/s totalWork=7
2021-06-11 14:12:01,736 INFO  [DNFCalculating] log_result_queue_info:1367: calc#1: 排行: try_fetch_result periodly report remaining_qize=12 sync_batch_size=100 processed_result=16100, speed=1862.82/s totalWork=7
2021-06-11 14:12:01,750 INFO  [DNFCalculating] log_result_queue_info:1367: calc#1: 排行: try_fetch_result periodly report remaining_qize=4 sync_batch_size=100 processed_result=17000, speed=1963.91/s totalWork=7
2021-06-11 14:12:02,258 INFO  [DNFCalculating] log_result_queue_info:1367: calc#1: 排行: try_fetch_result_in_background remaining_qize=14 sync_batch_size=100 processed_result=17400, speed=1898.69/s totalWork=7
2021-06-11 14:12:02,259 INFO  [DNFCalculating] log_result_queue_info:1367: calc#1: 排行: try_fetch_result periodly report remaining_qize=13 sync_batch_size=100 processed_result=17500, speed=1909.21/s totalWork=7
2021-06-11 14:12:02,266 INFO  [DNFCalculating] log_result_queue_info:1367: calc#1: 排行: try_fetch_result periodly report remaining_qize=9 sync_batch_size=100 processed_result=18000, speed=1962.38/s totalWork=7
2021-06-11 14:12:02,781 INFO  [DNFCalculating] log_result_queue_info:1367: calc#1: 排行: try_fetch_result_in_background remaining_qize=11 sync_batch_size=100 processed_result=18900, speed=1950.99/s totalWork=7
2021-06-11 14:12:02,783 INFO  [DNFCalculating] log_result_queue_info:1367: calc#1: 排行: try_fetch_result periodly report remaining_qize=10 sync_batch_size=100 processed_result=19000, speed=1960.91/s totalWork=7
2021-06-11 14:12:02,795 INFO  [DNFCalculating] log_result_queue_info:1367: calc#1: 排行: try_fetch_result periodly report remaining_qize=1 sync_batch_size=100 processed_result=20000, speed=2061.48/s totalWork=7
2021-06-11 14:12:03,303 INFO  [DNFCalculating] log_result_queue_info:1367: calc#1: 排行: try_fetch_result_in_background remaining_qize=12 sync_batch_size=100 processed_result=20100, speed=1968.69/s totalWork=7
2021-06-11 14:12:03,305 INFO  [DNFCalculating] log_result_queue_info:1367: calc#1: 排行: try_fetch_result periodly report remaining_qize=11 sync_batch_size=100 processed_result=20200, speed=1978.13/s totalWork=7
2021-06-11 14:12:03,316 INFO  [DNFCalculating] log_result_queue_info:1367: calc#1: 排行: try_fetch_result periodly report remaining_qize=5 sync_batch_size=100 processed_result=21000, speed=2054.28/s totalWork=7
2021-06-11 14:12:03,826 INFO  [DNFCalculating] log_result_queue_info:1367: calc#1: 排行: try_fetch_result_in_background remaining_qize=12 sync_batch_size=100 processed_result=21500, speed=2003.20/s totalWork=7
2021-06-11 14:12:03,828 INFO  [DNFCalculating] log_result_queue_info:1367: calc#1: 排行: try_fetch_result periodly report remaining_qize=11 sync_batch_size=100 processed_result=21600, speed=2012.12/s totalWork=7
2021-06-11 14:12:03,834 INFO  [DNFCalculating] log_result_queue_info:1367: calc#1: 排行: try_fetch_result periodly report remaining_qize=7 sync_batch_size=100 processed_result=22000, speed=2048.25/s totalWork=7
2021-06-11 14:12:04,349 INFO  [DNFCalculating] log_result_queue_info:1367: calc#1: 排行: try_fetch_result_in_background remaining_qize=12 sync_batch_size=100 processed_result=22800, speed=2025.69/s totalWork=7
2021-06-11 14:12:04,351 INFO  [DNFCalculating] log_result_queue_info:1367: calc#1: 排行: try_fetch_result periodly report remaining_qize=11 sync_batch_size=100 processed_result=22900, speed=2034.16/s totalWork=7
2021-06-11 14:12:04,353 INFO  [DNFCalculating] log_result_queue_info:1367: calc#1: 排行: try_fetch_result periodly report remaining_qize=10 sync_batch_size=100 processed_result=23000, speed=2042.68/s totalWork=7
2021-06-11 14:12:04,367 INFO  [DNFCalculating] log_result_queue_info:1367: calc#1: 排行: try_fetch_result periodly report remaining_qize=1 sync_batch_size=100 processed_result=24000, speed=2128.96/s totalWork=7
2021-06-11 14:12:04,872 INFO  [DNFCalculating] log_result_queue_info:1367: calc#1: 排行: try_fetch_result_in_background remaining_qize=13 sync_batch_size=100 processed_result=24100, speed=2046.13/s totalWork=7
2021-06-11 14:12:04,873 INFO  [DNFCalculating] log_result_queue_info:1367: calc#1: 排行: try_fetch_result periodly report remaining_qize=12 sync_batch_size=100 processed_result=24200, speed=2054.33/s totalWork=7
2021-06-11 14:12:04,884 INFO  [DNFCalculating] log_result_queue_info:1367: calc#1: 排行: try_fetch_result periodly report remaining_qize=4 sync_batch_size=100 processed_result=25000, speed=2120.28/s totalWork=7
2021-06-11 14:12:05,394 INFO  [DNFCalculating] log_result_queue_info:1367: calc#1: 排行: try_fetch_result_in_background remaining_qize=13 sync_batch_size=100 processed_result=25400, speed=2064.87/s totalWork=7
2021-06-11 14:12:05,396 INFO  [DNFCalculating] log_result_queue_info:1367: calc#1: 排行: try_fetch_result periodly report remaining_qize=13 sync_batch_size=100 processed_result=25500, speed=2072.70/s totalWork=7
2021-06-11 14:12:05,407 INFO  [DNFCalculating] log_result_queue_info:1367: calc#1: 排行: try_fetch_result periodly report remaining_qize=9 sync_batch_size=100 processed_result=26000, speed=2111.47/s totalWork=7
2021-06-11 14:12:05,932 INFO  [DNFCalculating] log_result_queue_info:1367: calc#1: 排行: try_fetch_result_in_background remaining_qize=12 sync_batch_size=100 processed_result=26900, speed=2095.19/s totalWork=7
2021-06-11 14:12:05,934 INFO  [DNFCalculating] log_result_queue_info:1367: calc#1: 排行: try_fetch_result periodly report remaining_qize=11 sync_batch_size=100 processed_result=27000, speed=2102.65/s totalWork=7
2021-06-11 14:12:05,947 INFO  [DNFCalculating] log_result_queue_info:1367: calc#1: 排行: try_fetch_result periodly report remaining_qize=1 sync_batch_size=100 processed_result=28000, speed=2178.34/s totalWork=7
2021-06-11 14:12:06,456 INFO  [DNFCalculating] log_result_queue_info:1367: calc#1: 排行: try_fetch_result_in_background remaining_qize=14 sync_batch_size=100 processed_result=28100, speed=2102.94/s totalWork=7
2021-06-11 14:12:06,458 INFO  [DNFCalculating] log_result_queue_info:1367: calc#1: 排行: try_fetch_result periodly report remaining_qize=13 sync_batch_size=100 processed_result=28200, speed=2110.03/s totalWork=7
2021-06-11 14:12:06,498 INFO  [DNFCalculating] log_result_queue_info:1367: calc#1: 排行: try_fetch_result periodly report remaining_qize=6 sync_batch_size=100 processed_result=29000, speed=2163.39/s totalWork=7
2021-06-11 14:12:07,009 INFO  [DNFCalculating] log_result_queue_info:1367: calc#1: 排行: try_fetch_result_in_background remaining_qize=11 sync_batch_size=100 processed_result=29600, speed=2127.08/s totalWork=7
2021-06-11 14:12:07,011 INFO  [DNFCalculating] log_result_queue_info:1367: calc#1: 排行: try_fetch_result periodly report remaining_qize=10 sync_batch_size=100 processed_result=29700, speed=2134.04/s totalWork=7
2021-06-11 14:12:07,016 INFO  [DNFCalculating] log_result_queue_info:1367: calc#1: 排行: try_fetch_result periodly report remaining_qize=7 sync_batch_size=100 processed_result=30000, speed=2154.83/s totalWork=7
2021-06-11 14:12:07,532 INFO  [DNFCalculating] log_result_queue_info:1367: calc#1: 排行: try_fetch_result_in_background remaining_qize=14 sync_batch_size=100 processed_result=30700, speed=2126.29/s totalWork=7
2021-06-11 14:12:07,533 INFO  [DNFCalculating] log_result_queue_info:1367: calc#1: 排行: try_fetch_result periodly report remaining_qize=13 sync_batch_size=100 processed_result=30800, speed=2132.96/s totalWork=7
2021-06-11 14:12:07,537 INFO  [DNFCalculating] log_result_queue_info:1367: calc#1: 排行: try_fetch_result periodly report remaining_qize=11 sync_batch_size=100 processed_result=31000, speed=2146.29/s totalWork=7
2021-06-11 14:12:07,551 INFO  [DNFCalculating] log_result_queue_info:1367: calc#1: 排行: try_fetch_result periodly report remaining_qize=1 sync_batch_size=100 processed_result=32000, speed=2213.32/s totalWork=7
2021-06-11 14:12:08,054 INFO  [DNFCalculating] log_result_queue_info:1367: calc#1: 排行: try_fetch_result_in_background remaining_qize=13 sync_batch_size=100 processed_result=32100, speed=2145.60/s totalWork=7
2021-06-11 14:12:08,056 INFO  [DNFCalculating] log_result_queue_info:1367: calc#1: 排行: try_fetch_result periodly report remaining_qize=12 sync_batch_size=100 processed_result=32200, speed=2152.00/s totalWork=7
2021-06-11 14:12:08,067 INFO  [DNFCalculating] log_result_queue_info:1367: calc#1: 排行: try_fetch_result periodly report remaining_qize=4 sync_batch_size=100 processed_result=33000, speed=2203.86/s totalWork=7
2021-06-11 14:12:08,577 INFO  [DNFCalculating] log_result_queue_info:1367: calc#1: 排行: try_fetch_result_in_background remaining_qize=11 sync_batch_size=100 processed_result=33400, speed=2157.08/s totalWork=7
2021-06-11 14:12:08,579 INFO  [DNFCalculating] log_result_queue_info:1367: calc#1: 排行: try_fetch_result periodly report remaining_qize=10 sync_batch_size=100 processed_result=33500, speed=2163.30/s totalWork=7
2021-06-11 14:12:08,586 INFO  [DNFCalculating] log_result_queue_info:1367: calc#1: 排行: try_fetch_result periodly report remaining_qize=7 sync_batch_size=100 processed_result=34000, speed=2194.53/s totalWork=7
2021-06-11 14:12:09,100 INFO  [DNFCalculating] log_result_queue_info:1367: calc#1: 排行: try_fetch_result_in_background remaining_qize=11 sync_batch_size=100 processed_result=34700, speed=2167.80/s totalWork=7
2021-06-11 14:12:09,102 INFO  [DNFCalculating] log_result_queue_info:1367: calc#1: 排行: try_fetch_result periodly report remaining_qize=10 sync_batch_size=100 processed_result=34800, speed=2173.79/s totalWork=7
2021-06-11 14:12:09,106 INFO  [DNFCalculating] log_result_queue_info:1367: calc#1: 排行: try_fetch_result periodly report remaining_qize=8 sync_batch_size=100 processed_result=35000, speed=2185.74/s totalWork=7
2021-06-11 14:12:09,623 INFO  [DNFCalculating] log_result_queue_info:1367: calc#1: 排行: try_fetch_result_in_background remaining_qize=12 sync_batch_size=100 processed_result=35720, speed=2160.99/s totalWork=7
2021-06-11 14:12:09,625 INFO  [DNFCalculating] log_result_queue_info:1367: calc#1: 排行: try_fetch_result periodly report remaining_qize=11 sync_batch_size=100 processed_result=35820, speed=2166.75/s totalWork=7
2021-06-11 14:12:09,628 INFO  [DNFCalculating] log_result_queue_info:1367: calc#1: 排行: try_fetch_result periodly report remaining_qize=9 sync_batch_size=100 processed_result=36020, speed=2178.39/s totalWork=7
2021-06-11 14:12:10,146 INFO  [DNFCalculating] log_result_queue_info:1367: calc#1: 排行: try_fetch_result_in_background remaining_qize=12 sync_batch_size=100 processed_result=36840, speed=2160.43/s totalWork=7
2021-06-11 14:12:10,148 INFO  [DNFCalculating] log_result_queue_info:1367: calc#1: 排行: try_fetch_result periodly report remaining_qize=11 sync_batch_size=100 processed_result=36940, speed=2166.00/s totalWork=7
2021-06-11 14:12:10,149 INFO  [DNFCalculating] log_result_queue_info:1367: calc#1: 排行: try_fetch_result periodly report remaining_qize=10 sync_batch_size=100 processed_result=37040, speed=2171.68/s totalWork=7
2021-06-11 14:12:10,668 INFO  [DNFCalculating] log_result_queue_info:1367: calc#1: 排行: try_fetch_result_in_background remaining_qize=8 sync_batch_size=100 processed_result=37880, speed=2155.35/s totalWork=7
2021-06-11 14:12:10,670 INFO  [DNFCalculating] log_result_queue_info:1367: calc#1: 排行: try_fetch_result periodly report remaining_qize=7 sync_batch_size=100 processed_result=37980, speed=2160.87/s totalWork=7
2021-06-11 14:12:10,671 INFO  [DNFCalculating] log_result_queue_info:1367: calc#1: 排行: try_fetch_result periodly report remaining_qize=6 sync_batch_size=100 processed_result=38080, speed=2166.44/s totalWork=7
2021-06-11 14:12:10,816 WARNI [DNFCalculating] 计算线程:1476: 所有工作线程均已完成计算，总计用时=18.22s
2021-06-11 14:12:11,176 INFO  [DNFCalculating] log_result_queue_info:1367: calc#1: 排行: after join remaining_qize=2 sync_batch_size=100 processed_result=38520, speed=2130.17/s totalWork=7
2021-06-11 14:12:11,177 INFO  [DNFCalculating] log_result_queue_info:1367: calc#1: 排行: try_fetch_result periodly report remaining_qize=1 sync_batch_size=100 processed_result=38620, speed=2135.58/s totalWork=7
2021-06-11 14:12:11,179 INFO  [DNFCalculating] log_result_queue_info:1367: calc#1: 排行: after final remaining_qize=0 sync_batch_size=100 processed_result=38640, speed=2136.51/s totalWork=7
