2021-03-23 20:41:07,165 DEBUG [urllib3.connectionpool] _new_conn:971: Starting new HTTPS connection (1): pan.lanzous.com:443
2021-03-23 20:41:07,810 DEBUG [urllib3.connectionpool] _make_request:452: https://pan.lanzous.com:443 "GET /b01bfj76f HTTP/1.1" 200 None
2021-03-23 20:41:07,840 DEBUG [urllib3.connectionpool] _new_conn:971: Starting new HTTPS connection (1): pan.lanzous.com:443
2021-03-23 20:41:08,058 DEBUG [urllib3.connectionpool] _make_request:452: https://pan.lanzous.com:443 "GET /b01bfj76f HTTP/1.1" 200 None
2021-03-23 20:41:08,086 DEBUG [urllib3.connectionpool] _new_conn:971: Starting new HTTPS connection (1): pan.lanzous.com:443
2021-03-23 20:41:08,381 DEBUG [urllib3.connectionpool] _make_request:452: https://pan.lanzous.com:443 "POST /filemoreajax.php HTTP/1.1" 200 None
2021-03-23 20:41:09,032 DEBUG [urllib3.connectionpool] _make_request:452: https://pan.lanzous.com:443 "POST /filemoreajax.php HTTP/1.1" 200 None
2021-03-23 20:41:09,772 DEBUG [urllib3.connectionpool] _make_request:452: https://pan.lanzous.com:443 "POST /filemoreajax.php HTTP/1.1" 200 None
2021-03-23 20:41:36,934 INFO  [DNFCalculating] 计算线程:1224: 开始计算
2021-03-23 20:41:37,356 INFO  [DNFCalculating] log_result_queue_info:1237: calc#1: 排行: try_fetch_result_in_background remaining_qize=0 sync_batch_size=100 processed_result=0, speed=0.00/s totalWork=0
2021-03-23 20:41:37,888 INFO  [DNFCalculating] log_result_queue_info:1237: calc#1: 排行: try_fetch_result_in_background remaining_qize=0 sync_batch_size=100 processed_result=0, speed=0.00/s totalWork=0
2021-03-23 20:41:38,406 INFO  [DNFCalculating] log_result_queue_info:1237: calc#1: 排行: try_fetch_result_in_background remaining_qize=0 sync_batch_size=100 processed_result=0, speed=0.00/s totalWork=7
2021-03-23 20:41:38,908 INFO  [DNFCalculating] log_result_queue_info:1237: calc#1: 排行: try_fetch_result_in_background remaining_qize=3 sync_batch_size=100 processed_result=0, speed=0.00/s totalWork=7
2021-03-23 20:41:39,410 INFO  [DNFCalculating] log_result_queue_info:1237: calc#1: 排行: try_fetch_result_in_background remaining_qize=9 sync_batch_size=100 processed_result=300, speed=141.50/s totalWork=7
2021-03-23 20:41:39,415 INFO  [DNFCalculating] log_result_queue_info:1237: calc#1: 排行: try_fetch_result periodly report remaining_qize=2 sync_batch_size=100 processed_result=1000, speed=470.56/s totalWork=7
2021-03-23 20:41:39,918 INFO  [DNFCalculating] log_result_queue_info:1237: calc#1: 排行: try_fetch_result_in_background remaining_qize=16 sync_batch_size=100 processed_result=1200, speed=456.64/s totalWork=7
2021-03-23 20:41:39,919 INFO  [DNFCalculating] log_result_queue_info:1237: calc#1: 排行: try_fetch_result periodly report remaining_qize=15 sync_batch_size=100 processed_result=1300, speed=494.50/s totalWork=7
2021-03-23 20:41:39,924 INFO  [DNFCalculating] log_result_queue_info:1237: calc#1: 排行: try_fetch_result periodly report remaining_qize=8 sync_batch_size=100 processed_result=2000, speed=759.33/s totalWork=7
2021-03-23 20:41:40,432 INFO  [DNFCalculating] log_result_queue_info:1237: calc#1: 排行: try_fetch_result_in_background remaining_qize=21 sync_batch_size=100 processed_result=2800, speed=891.27/s totalWork=7
2021-03-23 20:41:40,433 INFO  [DNFCalculating] log_result_queue_info:1237: calc#1: 排行: try_fetch_result periodly report remaining_qize=20 sync_batch_size=100 processed_result=2900, speed=922.81/s totalWork=7
2021-03-23 20:41:40,434 INFO  [DNFCalculating] log_result_queue_info:1237: calc#1: 排行: try_fetch_result periodly report remaining_qize=19 sync_batch_size=100 processed_result=3000, speed=954.33/s totalWork=7
2021-03-23 20:41:40,442 INFO  [DNFCalculating] log_result_queue_info:1237: calc#1: 排行: try_fetch_result periodly report remaining_qize=9 sync_batch_size=100 processed_result=4000, speed=1268.81/s totalWork=7
2021-03-23 20:41:40,954 INFO  [DNFCalculating] log_result_queue_info:1237: calc#1: 排行: try_fetch_result_in_background remaining_qize=20 sync_batch_size=100 processed_result=4900, speed=1337.44/s totalWork=7
2021-03-23 20:41:40,955 INFO  [DNFCalculating] log_result_queue_info:1237: calc#1: 排行: try_fetch_result periodly report remaining_qize=19 sync_batch_size=100 processed_result=5000, speed=1364.36/s totalWork=7
2021-03-23 20:41:40,962 INFO  [DNFCalculating] log_result_queue_info:1237: calc#1: 排行: try_fetch_result periodly report remaining_qize=9 sync_batch_size=100 processed_result=6000, speed=1634.12/s totalWork=7
2021-03-23 20:41:41,469 INFO  [DNFCalculating] log_result_queue_info:1237: calc#1: 排行: try_fetch_result_in_background remaining_qize=18 sync_batch_size=100 processed_result=6900, speed=1650.96/s totalWork=7
2021-03-23 20:41:41,470 INFO  [DNFCalculating] log_result_queue_info:1237: calc#1: 排行: try_fetch_result periodly report remaining_qize=17 sync_batch_size=100 processed_result=7000, speed=1674.49/s totalWork=7
2021-03-23 20:41:41,477 INFO  [DNFCalculating] log_result_queue_info:1237: calc#1: 排行: try_fetch_result periodly report remaining_qize=7 sync_batch_size=100 processed_result=8000, speed=1910.74/s totalWork=7
2021-03-23 20:41:41,983 INFO  [DNFCalculating] log_result_queue_info:1237: calc#1: 排行: try_fetch_result_in_background remaining_qize=19 sync_batch_size=100 processed_result=8700, speed=1853.87/s totalWork=7
2021-03-23 20:41:41,984 INFO  [DNFCalculating] log_result_queue_info:1237: calc#1: 排行: try_fetch_result periodly report remaining_qize=18 sync_batch_size=100 processed_result=8800, speed=1874.78/s totalWork=7
2021-03-23 20:41:41,987 INFO  [DNFCalculating] log_result_queue_info:1237: calc#1: 排行: try_fetch_result periodly report remaining_qize=16 sync_batch_size=100 processed_result=9000, speed=1916.17/s totalWork=7
2021-03-23 20:41:41,995 INFO  [DNFCalculating] log_result_queue_info:1237: calc#1: 排行: try_fetch_result periodly report remaining_qize=6 sync_batch_size=100 processed_result=10000, speed=2125.46/s totalWork=7
2021-03-23 20:41:42,499 INFO  [DNFCalculating] log_result_queue_info:1237: calc#1: 排行: try_fetch_result_in_background remaining_qize=20 sync_batch_size=100 processed_result=10600, speed=2034.73/s totalWork=7
2021-03-23 20:41:42,500 INFO  [DNFCalculating] log_result_queue_info:1237: calc#1: 排行: try_fetch_result periodly report remaining_qize=19 sync_batch_size=100 processed_result=10700, speed=2053.54/s totalWork=7
2021-03-23 20:41:42,503 INFO  [DNFCalculating] log_result_queue_info:1237: calc#1: 排行: try_fetch_result periodly report remaining_qize=16 sync_batch_size=100 processed_result=11000, speed=2109.90/s totalWork=7
2021-03-23 20:41:42,510 INFO  [DNFCalculating] log_result_queue_info:1237: calc#1: 排行: try_fetch_result periodly report remaining_qize=6 sync_batch_size=100 processed_result=12000, speed=2298.63/s totalWork=7
2021-03-23 20:41:43,015 INFO  [DNFCalculating] log_result_queue_info:1237: calc#1: 排行: try_fetch_result_in_background remaining_qize=14 sync_batch_size=100 processed_result=12600, speed=2200.67/s totalWork=7
2021-03-23 20:41:43,016 INFO  [DNFCalculating] log_result_queue_info:1237: calc#1: 排行: try_fetch_result periodly report remaining_qize=13 sync_batch_size=100 processed_result=12700, speed=2217.75/s totalWork=7
2021-03-23 20:41:43,019 INFO  [DNFCalculating] log_result_queue_info:1237: calc#1: 排行: try_fetch_result periodly report remaining_qize=10 sync_batch_size=100 processed_result=13000, speed=2268.95/s totalWork=7
2021-03-23 20:41:43,029 INFO  [DNFCalculating] log_result_queue_info:1237: calc#1: 排行: try_fetch_result periodly report remaining_qize=0 sync_batch_size=100 processed_result=14000, speed=2439.24/s totalWork=7
2021-03-23 20:41:43,532 INFO  [DNFCalculating] log_result_queue_info:1237: calc#1: 排行: try_fetch_result_in_background remaining_qize=14 sync_batch_size=100 processed_result=14000, speed=2242.98/s totalWork=7
2021-03-23 20:41:43,533 INFO  [DNFCalculating] log_result_queue_info:1237: calc#1: 排行: try_fetch_result periodly report remaining_qize=13 sync_batch_size=100 processed_result=14100, speed=2258.64/s totalWork=7
2021-03-23 20:41:43,540 INFO  [DNFCalculating] log_result_queue_info:1237: calc#1: 排行: try_fetch_result periodly report remaining_qize=4 sync_batch_size=100 processed_result=15000, speed=2400.13/s totalWork=7
2021-03-23 20:41:44,045 INFO  [DNFCalculating] log_result_queue_info:1237: calc#1: 排行: try_fetch_result_in_background remaining_qize=14 sync_batch_size=100 processed_result=15400, speed=2279.84/s totalWork=7
2021-03-23 20:41:44,046 INFO  [DNFCalculating] log_result_queue_info:1237: calc#1: 排行: try_fetch_result periodly report remaining_qize=13 sync_batch_size=100 processed_result=15500, speed=2294.31/s totalWork=7
2021-03-23 20:41:44,049 INFO  [DNFCalculating] log_result_queue_info:1237: calc#1: 排行: try_fetch_result periodly report remaining_qize=8 sync_batch_size=100 processed_result=16000, speed=2367.27/s totalWork=7
2021-03-23 20:41:44,559 INFO  [DNFCalculating] log_result_queue_info:1237: calc#1: 排行: try_fetch_result_in_background remaining_qize=18 sync_batch_size=100 processed_result=16800, speed=2311.29/s totalWork=7
2021-03-23 20:41:44,560 INFO  [DNFCalculating] log_result_queue_info:1237: calc#1: 排行: try_fetch_result periodly report remaining_qize=17 sync_batch_size=100 processed_result=16900, speed=2324.72/s totalWork=7
2021-03-23 20:41:44,561 INFO  [DNFCalculating] log_result_queue_info:1237: calc#1: 排行: try_fetch_result periodly report remaining_qize=16 sync_batch_size=100 processed_result=17000, speed=2338.16/s totalWork=7
2021-03-23 20:41:44,569 INFO  [DNFCalculating] log_result_queue_info:1237: calc#1: 排行: try_fetch_result periodly report remaining_qize=7 sync_batch_size=100 processed_result=18000, speed=2472.98/s totalWork=7
2021-03-23 20:41:45,076 INFO  [DNFCalculating] log_result_queue_info:1237: calc#1: 排行: try_fetch_result_in_background remaining_qize=16 sync_batch_size=100 processed_result=18700, speed=2401.79/s totalWork=7
2021-03-23 20:41:45,077 INFO  [DNFCalculating] log_result_queue_info:1237: calc#1: 排行: try_fetch_result periodly report remaining_qize=15 sync_batch_size=100 processed_result=18800, speed=2414.33/s totalWork=7
2021-03-23 20:41:45,079 INFO  [DNFCalculating] log_result_queue_info:1237: calc#1: 排行: try_fetch_result periodly report remaining_qize=13 sync_batch_size=100 processed_result=19000, speed=2439.39/s totalWork=7
2021-03-23 20:41:45,087 INFO  [DNFCalculating] log_result_queue_info:1237: calc#1: 排行: try_fetch_result periodly report remaining_qize=3 sync_batch_size=100 processed_result=20000, speed=2565.15/s totalWork=7
2021-03-23 20:41:45,589 INFO  [DNFCalculating] log_result_queue_info:1237: calc#1: 排行: try_fetch_result_in_background remaining_qize=16 sync_batch_size=100 processed_result=20300, speed=2445.92/s totalWork=7
2021-03-23 20:41:45,592 INFO  [DNFCalculating] log_result_queue_info:1237: calc#1: 排行: try_fetch_result periodly report remaining_qize=15 sync_batch_size=100 processed_result=20400, speed=2457.09/s totalWork=7
2021-03-23 20:41:45,602 INFO  [DNFCalculating] log_result_queue_info:1237: calc#1: 排行: try_fetch_result periodly report remaining_qize=10 sync_batch_size=100 processed_result=21000, speed=2526.32/s totalWork=7
2021-03-23 20:41:45,612 INFO  [DNFCalculating] log_result_queue_info:1237: calc#1: 排行: try_fetch_result periodly report remaining_qize=0 sync_batch_size=100 processed_result=22000, speed=2643.45/s totalWork=7
2021-03-23 20:41:46,114 INFO  [DNFCalculating] log_result_queue_info:1237: calc#1: 排行: try_fetch_result_in_background remaining_qize=18 sync_batch_size=100 processed_result=22000, speed=2493.31/s totalWork=7
2021-03-23 20:41:46,115 INFO  [DNFCalculating] log_result_queue_info:1237: calc#1: 排行: try_fetch_result periodly report remaining_qize=17 sync_batch_size=100 processed_result=22100, speed=2504.37/s totalWork=7
2021-03-23 20:41:46,122 INFO  [DNFCalculating] log_result_queue_info:1237: calc#1: 排行: try_fetch_result periodly report remaining_qize=9 sync_batch_size=100 processed_result=23000, speed=2604.29/s totalWork=7
2021-03-23 20:41:46,629 INFO  [DNFCalculating] log_result_queue_info:1237: calc#1: 排行: try_fetch_result_in_background remaining_qize=20 sync_batch_size=100 processed_result=23900, speed=2559.27/s totalWork=7
2021-03-23 20:41:46,630 INFO  [DNFCalculating] log_result_queue_info:1237: calc#1: 排行: try_fetch_result periodly report remaining_qize=19 sync_batch_size=100 processed_result=24000, speed=2569.70/s totalWork=7
2021-03-23 20:41:46,637 INFO  [DNFCalculating] log_result_queue_info:1237: calc#1: 排行: try_fetch_result periodly report remaining_qize=9 sync_batch_size=100 processed_result=25000, speed=2674.77/s totalWork=7
2021-03-23 20:41:47,144 INFO  [DNFCalculating] log_result_queue_info:1237: calc#1: 排行: try_fetch_result_in_background remaining_qize=19 sync_batch_size=100 processed_result=25900, speed=2628.28/s totalWork=7
2021-03-23 20:41:47,145 INFO  [DNFCalculating] log_result_queue_info:1237: calc#1: 排行: try_fetch_result periodly report remaining_qize=18 sync_batch_size=100 processed_result=26000, speed=2638.16/s totalWork=7
2021-03-23 20:41:47,155 INFO  [DNFCalculating] log_result_queue_info:1237: calc#1: 排行: try_fetch_result periodly report remaining_qize=8 sync_batch_size=100 processed_result=27000, speed=2737.13/s totalWork=7
2021-03-23 20:41:47,660 INFO  [DNFCalculating] log_result_queue_info:1237: calc#1: 排行: try_fetch_result_in_background remaining_qize=19 sync_batch_size=100 processed_result=27800, speed=2680.70/s totalWork=7
2021-03-23 20:41:47,661 INFO  [DNFCalculating] log_result_queue_info:1237: calc#1: 排行: try_fetch_result periodly report remaining_qize=18 sync_batch_size=100 processed_result=27900, speed=2690.09/s totalWork=7
2021-03-23 20:41:47,662 INFO  [DNFCalculating] log_result_queue_info:1237: calc#1: 排行: try_fetch_result periodly report remaining_qize=17 sync_batch_size=100 processed_result=28000, speed=2699.47/s totalWork=7
2021-03-23 20:41:47,670 INFO  [DNFCalculating] log_result_queue_info:1237: calc#1: 排行: try_fetch_result periodly report remaining_qize=9 sync_batch_size=100 processed_result=29000, speed=2793.73/s totalWork=7
2021-03-23 20:41:47,702 INFO  [DNFCalculating] log_result_queue_info:1237: calc#1: 排行: try_fetch_result periodly report remaining_qize=0 sync_batch_size=100 processed_result=30000, speed=2881.34/s totalWork=7
2021-03-23 20:41:48,203 INFO  [DNFCalculating] log_result_queue_info:1237: calc#1: 排行: try_fetch_result_in_background remaining_qize=17 sync_batch_size=100 processed_result=30000, speed=2749.03/s totalWork=7
2021-03-23 20:41:48,204 INFO  [DNFCalculating] log_result_queue_info:1237: calc#1: 排行: try_fetch_result periodly report remaining_qize=16 sync_batch_size=100 processed_result=30100, speed=2757.94/s totalWork=7
2021-03-23 20:41:48,210 INFO  [DNFCalculating] log_result_queue_info:1237: calc#1: 排行: try_fetch_result periodly report remaining_qize=8 sync_batch_size=100 processed_result=31000, speed=2838.84/s totalWork=7
2021-03-23 20:41:48,718 INFO  [DNFCalculating] log_result_queue_info:1237: calc#1: 排行: try_fetch_result_in_background remaining_qize=17 sync_batch_size=100 processed_result=31900, speed=2791.41/s totalWork=7
2021-03-23 20:41:48,719 INFO  [DNFCalculating] log_result_queue_info:1237: calc#1: 排行: try_fetch_result periodly report remaining_qize=16 sync_batch_size=100 processed_result=32000, speed=2799.92/s totalWork=7
2021-03-23 20:41:48,726 INFO  [DNFCalculating] log_result_queue_info:1237: calc#1: 排行: try_fetch_result periodly report remaining_qize=6 sync_batch_size=100 processed_result=33000, speed=2885.66/s totalWork=7
2021-03-23 20:41:49,231 INFO  [DNFCalculating] log_result_queue_info:1237: calc#1: 排行: try_fetch_result_in_background remaining_qize=18 sync_batch_size=100 processed_result=33700, speed=2822.08/s totalWork=7
2021-03-23 20:41:49,232 INFO  [DNFCalculating] log_result_queue_info:1237: calc#1: 排行: try_fetch_result periodly report remaining_qize=17 sync_batch_size=100 processed_result=33800, speed=2830.22/s totalWork=7
2021-03-23 20:41:49,234 INFO  [DNFCalculating] log_result_queue_info:1237: calc#1: 排行: try_fetch_result periodly report remaining_qize=15 sync_batch_size=100 processed_result=34000, speed=2846.49/s totalWork=7
2021-03-23 20:41:49,242 INFO  [DNFCalculating] log_result_queue_info:1237: calc#1: 排行: try_fetch_result periodly report remaining_qize=5 sync_batch_size=100 processed_result=35000, speed=2928.25/s totalWork=7
2021-03-23 20:41:49,747 INFO  [DNFCalculating] log_result_queue_info:1237: calc#1: 排行: try_fetch_result_in_background remaining_qize=20 sync_batch_size=100 processed_result=35500, speed=2849.87/s totalWork=7
2021-03-23 20:41:49,749 INFO  [DNFCalculating] log_result_queue_info:1237: calc#1: 排行: try_fetch_result periodly report remaining_qize=19 sync_batch_size=100 processed_result=35600, speed=2857.44/s totalWork=7
2021-03-23 20:41:49,752 INFO  [DNFCalculating] log_result_queue_info:1237: calc#1: 排行: try_fetch_result periodly report remaining_qize=15 sync_batch_size=100 processed_result=36000, speed=2888.85/s totalWork=7
2021-03-23 20:41:49,759 INFO  [DNFCalculating] log_result_queue_info:1237: calc#1: 排行: try_fetch_result periodly report remaining_qize=5 sync_batch_size=100 processed_result=37000, speed=2967.43/s totalWork=7
2021-03-23 20:41:50,263 INFO  [DNFCalculating] log_result_queue_info:1237: calc#1: 排行: try_fetch_result_in_background remaining_qize=17 sync_batch_size=100 processed_result=37500, speed=2890.53/s totalWork=7
2021-03-23 20:41:50,265 INFO  [DNFCalculating] log_result_queue_info:1237: calc#1: 排行: try_fetch_result periodly report remaining_qize=16 sync_batch_size=100 processed_result=37600, speed=2898.01/s totalWork=7
2021-03-23 20:41:50,268 INFO  [DNFCalculating] log_result_queue_info:1237: calc#1: 排行: try_fetch_result periodly report remaining_qize=12 sync_batch_size=100 processed_result=38000, speed=2928.28/s totalWork=7
2021-03-23 20:41:50,275 INFO  [DNFCalculating] log_result_queue_info:1237: calc#1: 排行: try_fetch_result periodly report remaining_qize=2 sync_batch_size=100 processed_result=39000, speed=3003.49/s totalWork=7
2021-03-23 20:41:50,778 INFO  [DNFCalculating] log_result_queue_info:1237: calc#1: 排行: try_fetch_result_in_background remaining_qize=21 sync_batch_size=100 processed_result=39200, speed=2906.38/s totalWork=7
2021-03-23 20:41:50,779 INFO  [DNFCalculating] log_result_queue_info:1237: calc#1: 排行: try_fetch_result periodly report remaining_qize=20 sync_batch_size=100 processed_result=39300, speed=2913.57/s totalWork=7
2021-03-23 20:41:50,784 INFO  [DNFCalculating] log_result_queue_info:1237: calc#1: 排行: try_fetch_result periodly report remaining_qize=13 sync_batch_size=100 processed_result=40000, speed=2964.37/s totalWork=7
2021-03-23 20:41:50,791 INFO  [DNFCalculating] log_result_queue_info:1237: calc#1: 排行: try_fetch_result periodly report remaining_qize=3 sync_batch_size=100 processed_result=41000, speed=3036.69/s totalWork=7
2021-03-23 20:41:51,295 INFO  [DNFCalculating] log_result_queue_info:1237: calc#1: 排行: try_fetch_result_in_background remaining_qize=17 sync_batch_size=100 processed_result=41300, speed=2949.03/s totalWork=7
2021-03-23 20:41:51,296 INFO  [DNFCalculating] log_result_queue_info:1237: calc#1: 排行: try_fetch_result periodly report remaining_qize=16 sync_batch_size=100 processed_result=41400, speed=2955.96/s totalWork=7
2021-03-23 20:41:51,301 INFO  [DNFCalculating] log_result_queue_info:1237: calc#1: 排行: try_fetch_result periodly report remaining_qize=10 sync_batch_size=100 processed_result=42000, speed=2997.73/s totalWork=7
2021-03-23 20:41:51,307 INFO  [DNFCalculating] log_result_queue_info:1237: calc#1: 排行: try_fetch_result periodly report remaining_qize=0 sync_batch_size=100 processed_result=43000, speed=3067.79/s totalWork=7
2021-03-23 20:41:51,808 INFO  [DNFCalculating] log_result_queue_info:1237: calc#1: 排行: try_fetch_result_in_background remaining_qize=20 sync_batch_size=100 processed_result=43000, speed=2961.74/s totalWork=7
2021-03-23 20:41:51,809 INFO  [DNFCalculating] log_result_queue_info:1237: calc#1: 排行: try_fetch_result periodly report remaining_qize=19 sync_batch_size=100 processed_result=43100, speed=2968.43/s totalWork=7
2021-03-23 20:41:51,815 INFO  [DNFCalculating] log_result_queue_info:1237: calc#1: 排行: try_fetch_result periodly report remaining_qize=10 sync_batch_size=100 processed_result=44000, speed=3029.16/s totalWork=7
2021-03-23 20:41:51,823 INFO  [DNFCalculating] log_result_queue_info:1237: calc#1: 排行: try_fetch_result periodly report remaining_qize=0 sync_batch_size=100 processed_result=45000, speed=3096.31/s totalWork=7
2021-03-23 20:41:52,325 INFO  [DNFCalculating] log_result_queue_info:1237: calc#1: 排行: try_fetch_result_in_background remaining_qize=19 sync_batch_size=100 processed_result=45000, speed=2993.06/s totalWork=7
2021-03-23 20:41:52,326 INFO  [DNFCalculating] log_result_queue_info:1237: calc#1: 排行: try_fetch_result periodly report remaining_qize=18 sync_batch_size=100 processed_result=45100, speed=2999.51/s totalWork=7
2021-03-23 20:41:52,332 INFO  [DNFCalculating] log_result_queue_info:1237: calc#1: 排行: try_fetch_result periodly report remaining_qize=9 sync_batch_size=100 processed_result=46000, speed=3058.15/s totalWork=7
2021-03-23 20:41:52,840 INFO  [DNFCalculating] log_result_queue_info:1237: calc#1: 排行: try_fetch_result_in_background remaining_qize=18 sync_batch_size=100 processed_result=46900, speed=3016.16/s totalWork=7
2021-03-23 20:41:52,841 INFO  [DNFCalculating] log_result_queue_info:1237: calc#1: 排行: try_fetch_result periodly report remaining_qize=17 sync_batch_size=100 processed_result=47000, speed=3022.39/s totalWork=7
2021-03-23 20:41:52,849 INFO  [DNFCalculating] log_result_queue_info:1237: calc#1: 排行: try_fetch_result periodly report remaining_qize=7 sync_batch_size=100 processed_result=48000, speed=3085.12/s totalWork=7
2021-03-23 20:41:53,355 INFO  [DNFCalculating] log_result_queue_info:1237: calc#1: 排行: try_fetch_result_in_background remaining_qize=18 sync_batch_size=100 processed_result=48700, speed=3031.48/s totalWork=7
2021-03-23 20:41:53,356 INFO  [DNFCalculating] log_result_queue_info:1237: calc#1: 排行: try_fetch_result periodly report remaining_qize=17 sync_batch_size=100 processed_result=48800, speed=3037.52/s totalWork=7
2021-03-23 20:41:53,358 INFO  [DNFCalculating] log_result_queue_info:1237: calc#1: 排行: try_fetch_result periodly report remaining_qize=15 sync_batch_size=100 processed_result=49000, speed=3049.59/s totalWork=7
2021-03-23 20:41:53,364 INFO  [DNFCalculating] log_result_queue_info:1237: calc#1: 排行: try_fetch_result periodly report remaining_qize=5 sync_batch_size=100 processed_result=50000, speed=3110.66/s totalWork=7
2021-03-23 20:41:53,868 INFO  [DNFCalculating] log_result_queue_info:1237: calc#1: 排行: try_fetch_result_in_background remaining_qize=19 sync_batch_size=100 processed_result=50500, speed=3046.13/s totalWork=7
2021-03-23 20:41:53,869 INFO  [DNFCalculating] log_result_queue_info:1237: calc#1: 排行: try_fetch_result periodly report remaining_qize=18 sync_batch_size=100 processed_result=50600, speed=3051.98/s totalWork=7
2021-03-23 20:41:53,872 INFO  [DNFCalculating] log_result_queue_info:1237: calc#1: 排行: try_fetch_result periodly report remaining_qize=15 sync_batch_size=100 processed_result=51000, speed=3075.55/s totalWork=7
2021-03-23 20:41:53,880 INFO  [DNFCalculating] log_result_queue_info:1237: calc#1: 排行: try_fetch_result periodly report remaining_qize=5 sync_batch_size=100 processed_result=52000, speed=3134.35/s totalWork=7
2021-03-23 20:41:54,385 INFO  [DNFCalculating] log_result_queue_info:1237: calc#1: 排行: try_fetch_result_in_background remaining_qize=16 sync_batch_size=100 processed_result=52500, speed=3071.15/s totalWork=7
2021-03-23 20:41:54,386 INFO  [DNFCalculating] log_result_queue_info:1237: calc#1: 排行: try_fetch_result periodly report remaining_qize=15 sync_batch_size=100 processed_result=52600, speed=3076.82/s totalWork=7
2021-03-23 20:41:54,389 INFO  [DNFCalculating] log_result_queue_info:1237: calc#1: 排行: try_fetch_result periodly report remaining_qize=11 sync_batch_size=100 processed_result=53000, speed=3099.67/s totalWork=7
2021-03-23 20:41:54,395 INFO  [DNFCalculating] log_result_queue_info:1237: calc#1: 排行: try_fetch_result periodly report remaining_qize=1 sync_batch_size=100 processed_result=54000, speed=3156.87/s totalWork=7
2021-03-23 20:41:54,898 INFO  [DNFCalculating] log_result_queue_info:1237: calc#1: 排行: try_fetch_result_in_background remaining_qize=20 sync_batch_size=100 processed_result=54100, speed=3072.54/s totalWork=7
2021-03-23 20:41:54,899 INFO  [DNFCalculating] log_result_queue_info:1237: calc#1: 排行: try_fetch_result periodly report remaining_qize=19 sync_batch_size=100 processed_result=54200, speed=3078.04/s totalWork=7
2021-03-23 20:41:54,905 INFO  [DNFCalculating] log_result_queue_info:1237: calc#1: 排行: try_fetch_result periodly report remaining_qize=11 sync_batch_size=100 processed_result=55000, speed=3122.41/s totalWork=7
2021-03-23 20:41:54,911 INFO  [DNFCalculating] log_result_queue_info:1237: calc#1: 排行: try_fetch_result periodly report remaining_qize=1 sync_batch_size=100 processed_result=56000, speed=3177.93/s totalWork=7
2021-03-23 20:41:55,414 INFO  [DNFCalculating] log_result_queue_info:1237: calc#1: 排行: try_fetch_result_in_background remaining_qize=19 sync_batch_size=100 processed_result=56100, speed=3095.38/s totalWork=7
2021-03-23 20:41:55,415 INFO  [DNFCalculating] log_result_queue_info:1237: calc#1: 排行: try_fetch_result periodly report remaining_qize=18 sync_batch_size=100 processed_result=56200, speed=3100.73/s totalWork=7
2021-03-23 20:41:55,421 INFO  [DNFCalculating] log_result_queue_info:1237: calc#1: 排行: try_fetch_result periodly report remaining_qize=11 sync_batch_size=100 processed_result=57000, speed=3143.83/s totalWork=7
2021-03-23 20:41:55,428 INFO  [DNFCalculating] log_result_queue_info:1237: calc#1: 排行: try_fetch_result periodly report remaining_qize=1 sync_batch_size=100 processed_result=58000, speed=3197.75/s totalWork=7
2021-03-23 20:41:55,929 INFO  [DNFCalculating] log_result_queue_info:1237: calc#1: 排行: try_fetch_result_in_background remaining_qize=17 sync_batch_size=100 processed_result=58100, speed=3117.05/s totalWork=7
2021-03-23 20:41:55,930 INFO  [DNFCalculating] log_result_queue_info:1237: calc#1: 排行: try_fetch_result periodly report remaining_qize=16 sync_batch_size=100 processed_result=58200, speed=3122.25/s totalWork=7
2021-03-23 20:41:55,937 INFO  [DNFCalculating] log_result_queue_info:1237: calc#1: 排行: try_fetch_result periodly report remaining_qize=8 sync_batch_size=100 processed_result=59000, speed=3163.98/s totalWork=7
2021-03-23 20:41:56,445 INFO  [DNFCalculating] log_result_queue_info:1237: calc#1: 排行: try_fetch_result_in_background remaining_qize=20 sync_batch_size=100 processed_result=59800, speed=3121.97/s totalWork=7
2021-03-23 20:41:56,446 INFO  [DNFCalculating] log_result_queue_info:1237: calc#1: 排行: try_fetch_result periodly report remaining_qize=19 sync_batch_size=100 processed_result=59900, speed=3127.02/s totalWork=7
2021-03-23 20:41:56,448 INFO  [DNFCalculating] log_result_queue_info:1237: calc#1: 排行: try_fetch_result periodly report remaining_qize=18 sync_batch_size=100 processed_result=60000, speed=3131.92/s totalWork=7
2021-03-23 20:41:56,456 INFO  [DNFCalculating] log_result_queue_info:1237: calc#1: 排行: try_fetch_result periodly report remaining_qize=8 sync_batch_size=100 processed_result=61000, speed=3182.79/s totalWork=7
2021-03-23 20:41:56,962 INFO  [DNFCalculating] log_result_queue_info:1237: calc#1: 排行: try_fetch_result_in_background remaining_qize=17 sync_batch_size=100 processed_result=61800, speed=3141.57/s totalWork=7
2021-03-23 20:41:56,963 INFO  [DNFCalculating] log_result_queue_info:1237: calc#1: 排行: try_fetch_result periodly report remaining_qize=16 sync_batch_size=100 processed_result=61900, speed=3146.49/s totalWork=7
2021-03-23 20:41:56,964 INFO  [DNFCalculating] log_result_queue_info:1237: calc#1: 排行: try_fetch_result periodly report remaining_qize=15 sync_batch_size=100 processed_result=62000, speed=3151.41/s totalWork=7
2021-03-23 20:41:56,972 INFO  [DNFCalculating] log_result_queue_info:1237: calc#1: 排行: try_fetch_result periodly report remaining_qize=5 sync_batch_size=100 processed_result=63000, speed=3200.94/s totalWork=7
2021-03-23 20:41:57,477 INFO  [DNFCalculating] log_result_queue_info:1237: calc#1: 排行: try_fetch_result_in_background remaining_qize=18 sync_batch_size=100 processed_result=63500, speed=3145.63/s totalWork=7
2021-03-23 20:41:57,478 INFO  [DNFCalculating] log_result_queue_info:1237: calc#1: 排行: try_fetch_result periodly report remaining_qize=17 sync_batch_size=100 processed_result=63600, speed=3150.43/s totalWork=7
2021-03-23 20:41:57,482 INFO  [DNFCalculating] log_result_queue_info:1237: calc#1: 排行: try_fetch_result periodly report remaining_qize=13 sync_batch_size=100 processed_result=64000, speed=3169.62/s totalWork=7
2021-03-23 20:41:57,490 INFO  [DNFCalculating] log_result_queue_info:1237: calc#1: 排行: try_fetch_result periodly report remaining_qize=3 sync_batch_size=100 processed_result=65000, speed=3217.87/s totalWork=7
2021-03-23 20:41:57,992 INFO  [DNFCalculating] log_result_queue_info:1237: calc#1: 排行: try_fetch_result_in_background remaining_qize=17 sync_batch_size=100 processed_result=65300, speed=3154.22/s totalWork=7
2021-03-23 20:41:57,993 INFO  [DNFCalculating] log_result_queue_info:1237: calc#1: 排行: try_fetch_result periodly report remaining_qize=16 sync_batch_size=100 processed_result=65400, speed=3158.90/s totalWork=7
2021-03-23 20:41:57,998 INFO  [DNFCalculating] log_result_queue_info:1237: calc#1: 排行: try_fetch_result periodly report remaining_qize=10 sync_batch_size=100 processed_result=66000, speed=3187.11/s totalWork=7
2021-03-23 20:41:58,007 INFO  [DNFCalculating] log_result_queue_info:1237: calc#1: 排行: try_fetch_result periodly report remaining_qize=0 sync_batch_size=100 processed_result=67000, speed=3234.07/s totalWork=7
2021-03-23 20:41:58,509 INFO  [DNFCalculating] log_result_queue_info:1237: calc#1: 排行: try_fetch_result_in_background remaining_qize=16 sync_batch_size=100 processed_result=67000, speed=3157.61/s totalWork=7
2021-03-23 20:41:58,510 INFO  [DNFCalculating] log_result_queue_info:1237: calc#1: 排行: try_fetch_result periodly report remaining_qize=15 sync_batch_size=100 processed_result=67100, speed=3162.17/s totalWork=7
2021-03-23 20:41:58,516 INFO  [DNFCalculating] log_result_queue_info:1237: calc#1: 排行: try_fetch_result periodly report remaining_qize=6 sync_batch_size=100 processed_result=68000, speed=3203.68/s totalWork=7
2021-03-23 20:41:59,022 INFO  [DNFCalculating] log_result_queue_info:1237: calc#1: 排行: try_fetch_result_in_background remaining_qize=14 sync_batch_size=100 processed_result=68600, speed=3156.67/s totalWork=7
2021-03-23 20:41:59,023 INFO  [DNFCalculating] log_result_queue_info:1237: calc#1: 排行: try_fetch_result periodly report remaining_qize=13 sync_batch_size=100 processed_result=68700, speed=3161.13/s totalWork=7
2021-03-23 20:41:59,026 INFO  [DNFCalculating] log_result_queue_info:1237: calc#1: 排行: try_fetch_result periodly report remaining_qize=10 sync_batch_size=100 processed_result=69000, speed=3174.64/s totalWork=7
2021-03-23 20:41:59,032 INFO  [DNFCalculating] log_result_queue_info:1237: calc#1: 排行: try_fetch_result periodly report remaining_qize=0 sync_batch_size=100 processed_result=70000, speed=3219.61/s totalWork=7
2021-03-23 20:41:59,534 INFO  [DNFCalculating] log_result_queue_info:1237: calc#1: 排行: try_fetch_result_in_background remaining_qize=16 sync_batch_size=100 processed_result=70100, speed=3151.35/s totalWork=7
2021-03-23 20:41:59,535 INFO  [DNFCalculating] log_result_queue_info:1237: calc#1: 排行: try_fetch_result periodly report remaining_qize=15 sync_batch_size=100 processed_result=70200, speed=3155.77/s totalWork=7
2021-03-23 20:41:59,541 INFO  [DNFCalculating] log_result_queue_info:1237: calc#1: 排行: try_fetch_result periodly report remaining_qize=7 sync_batch_size=100 processed_result=71000, speed=3190.88/s totalWork=7
2021-03-23 20:42:00,047 INFO  [DNFCalculating] log_result_queue_info:1237: calc#1: 排行: try_fetch_result_in_background remaining_qize=17 sync_batch_size=100 processed_result=71700, speed=3150.69/s totalWork=7
2021-03-23 20:42:00,048 INFO  [DNFCalculating] log_result_queue_info:1237: calc#1: 排行: try_fetch_result periodly report remaining_qize=16 sync_batch_size=100 processed_result=71800, speed=3154.95/s totalWork=7
2021-03-23 20:42:00,051 INFO  [DNFCalculating] log_result_queue_info:1237: calc#1: 排行: try_fetch_result periodly report remaining_qize=14 sync_batch_size=100 processed_result=72000, speed=3163.46/s totalWork=7
2021-03-23 20:42:00,058 INFO  [DNFCalculating] log_result_queue_info:1237: calc#1: 排行: try_fetch_result periodly report remaining_qize=4 sync_batch_size=100 processed_result=73000, speed=3206.27/s totalWork=7
2021-03-23 20:42:00,562 INFO  [DNFCalculating] log_result_queue_info:1237: calc#1: 排行: try_fetch_result_in_background remaining_qize=14 sync_batch_size=100 processed_result=73400, speed=3153.93/s totalWork=7
2021-03-23 20:42:00,563 INFO  [DNFCalculating] log_result_queue_info:1237: calc#1: 排行: try_fetch_result periodly report remaining_qize=13 sync_batch_size=100 processed_result=73500, speed=3158.09/s totalWork=7
2021-03-23 20:42:00,569 INFO  [DNFCalculating] log_result_queue_info:1237: calc#1: 排行: try_fetch_result periodly report remaining_qize=8 sync_batch_size=100 processed_result=74000, speed=3178.76/s totalWork=7
2021-03-23 20:42:01,078 INFO  [DNFCalculating] log_result_queue_info:1237: calc#1: 排行: try_fetch_result_in_background remaining_qize=14 sync_batch_size=100 processed_result=74900, speed=3148.68/s totalWork=7
2021-03-23 20:42:01,079 INFO  [DNFCalculating] log_result_queue_info:1237: calc#1: 排行: try_fetch_result periodly report remaining_qize=13 sync_batch_size=100 processed_result=75000, speed=3152.75/s totalWork=7
2021-03-23 20:42:01,087 INFO  [DNFCalculating] log_result_queue_info:1237: calc#1: 排行: try_fetch_result periodly report remaining_qize=4 sync_batch_size=100 processed_result=76000, speed=3193.72/s totalWork=7
2021-03-23 20:42:01,591 INFO  [DNFCalculating] log_result_queue_info:1237: calc#1: 排行: try_fetch_result_in_background remaining_qize=20 sync_batch_size=100 processed_result=76400, speed=3143.92/s totalWork=7
2021-03-23 20:42:01,592 INFO  [DNFCalculating] log_result_queue_info:1237: calc#1: 排行: try_fetch_result periodly report remaining_qize=19 sync_batch_size=100 processed_result=76500, speed=3147.91/s totalWork=7
2021-03-23 20:42:01,596 INFO  [DNFCalculating] log_result_queue_info:1237: calc#1: 排行: try_fetch_result periodly report remaining_qize=14 sync_batch_size=100 processed_result=77000, speed=3167.96/s totalWork=7
2021-03-23 20:42:01,604 INFO  [DNFCalculating] log_result_queue_info:1237: calc#1: 排行: try_fetch_result periodly report remaining_qize=4 sync_batch_size=100 processed_result=78000, speed=3208.05/s totalWork=7
2021-03-23 20:42:02,107 INFO  [DNFCalculating] log_result_queue_info:1237: calc#1: 排行: try_fetch_result_in_background remaining_qize=18 sync_batch_size=100 processed_result=78400, speed=3159.06/s totalWork=7
2021-03-23 20:42:02,108 INFO  [DNFCalculating] log_result_queue_info:1237: calc#1: 排行: try_fetch_result periodly report remaining_qize=17 sync_batch_size=100 processed_result=78500, speed=3162.96/s totalWork=7
2021-03-23 20:42:02,112 INFO  [DNFCalculating] log_result_queue_info:1237: calc#1: 排行: try_fetch_result periodly report remaining_qize=13 sync_batch_size=100 processed_result=79000, speed=3182.60/s totalWork=7
2021-03-23 20:42:02,120 INFO  [DNFCalculating] log_result_queue_info:1237: calc#1: 排行: try_fetch_result periodly report remaining_qize=3 sync_batch_size=100 processed_result=80000, speed=3221.85/s totalWork=7
2021-03-23 20:42:02,623 INFO  [DNFCalculating] log_result_queue_info:1237: calc#1: 排行: try_fetch_result_in_background remaining_qize=16 sync_batch_size=100 processed_result=80300, speed=3169.74/s totalWork=7
2021-03-23 20:42:02,624 INFO  [DNFCalculating] log_result_queue_info:1237: calc#1: 排行: try_fetch_result periodly report remaining_qize=15 sync_batch_size=100 processed_result=80400, speed=3173.57/s totalWork=7
2021-03-23 20:42:02,629 INFO  [DNFCalculating] log_result_queue_info:1237: calc#1: 排行: try_fetch_result periodly report remaining_qize=9 sync_batch_size=100 processed_result=81000, speed=3196.62/s totalWork=7
2021-03-23 20:42:03,138 INFO  [DNFCalculating] log_result_queue_info:1237: calc#1: 排行: try_fetch_result_in_background remaining_qize=16 sync_batch_size=100 processed_result=81900, speed=3168.56/s totalWork=7
2021-03-23 20:42:03,139 INFO  [DNFCalculating] log_result_queue_info:1237: calc#1: 排行: try_fetch_result periodly report remaining_qize=15 sync_batch_size=100 processed_result=82000, speed=3172.31/s totalWork=7
2021-03-23 20:42:03,147 INFO  [DNFCalculating] log_result_queue_info:1237: calc#1: 排行: try_fetch_result periodly report remaining_qize=6 sync_batch_size=100 processed_result=83000, speed=3210.00/s totalWork=7
2021-03-23 20:42:03,652 INFO  [DNFCalculating] log_result_queue_info:1237: calc#1: 排行: try_fetch_result_in_background remaining_qize=18 sync_batch_size=100 processed_result=83600, speed=3171.25/s totalWork=7
2021-03-23 20:42:03,653 INFO  [DNFCalculating] log_result_queue_info:1237: calc#1: 排行: try_fetch_result periodly report remaining_qize=17 sync_batch_size=100 processed_result=83700, speed=3174.92/s totalWork=7
2021-03-23 20:42:03,656 INFO  [DNFCalculating] log_result_queue_info:1237: calc#1: 排行: try_fetch_result periodly report remaining_qize=14 sync_batch_size=100 processed_result=84000, speed=3185.94/s totalWork=7
2021-03-23 20:42:03,666 INFO  [DNFCalculating] log_result_queue_info:1237: calc#1: 排行: try_fetch_result periodly report remaining_qize=4 sync_batch_size=100 processed_result=85000, speed=3222.65/s totalWork=7
2021-03-23 20:42:04,169 INFO  [DNFCalculating] log_result_queue_info:1237: calc#1: 排行: try_fetch_result_in_background remaining_qize=18 sync_batch_size=100 processed_result=85400, speed=3177.15/s totalWork=7
2021-03-23 20:42:04,170 INFO  [DNFCalculating] log_result_queue_info:1237: calc#1: 排行: try_fetch_result periodly report remaining_qize=17 sync_batch_size=100 processed_result=85500, speed=3180.75/s totalWork=7
2021-03-23 20:42:04,174 INFO  [DNFCalculating] log_result_queue_info:1237: calc#1: 排行: try_fetch_result periodly report remaining_qize=12 sync_batch_size=100 processed_result=86000, speed=3198.88/s totalWork=7
2021-03-23 20:42:04,181 INFO  [DNFCalculating] log_result_queue_info:1237: calc#1: 排行: try_fetch_result periodly report remaining_qize=2 sync_batch_size=100 processed_result=87000, speed=3235.24/s totalWork=7
2021-03-23 20:42:04,685 INFO  [DNFCalculating] log_result_queue_info:1237: calc#1: 排行: try_fetch_result_in_background remaining_qize=18 sync_batch_size=100 processed_result=87200, speed=3183.01/s totalWork=7
2021-03-23 20:42:04,686 INFO  [DNFCalculating] log_result_queue_info:1237: calc#1: 排行: try_fetch_result periodly report remaining_qize=17 sync_batch_size=100 processed_result=87300, speed=3186.55/s totalWork=7
2021-03-23 20:42:04,691 INFO  [DNFCalculating] log_result_queue_info:1237: calc#1: 排行: try_fetch_result periodly report remaining_qize=10 sync_batch_size=100 processed_result=88000, speed=3211.51/s totalWork=7
2021-03-23 20:42:04,699 INFO  [DNFCalculating] log_result_queue_info:1237: calc#1: 排行: try_fetch_result periodly report remaining_qize=0 sync_batch_size=100 processed_result=89000, speed=3247.06/s totalWork=7
2021-03-23 20:42:05,200 INFO  [DNFCalculating] log_result_queue_info:1237: calc#1: 排行: try_fetch_result_in_background remaining_qize=18 sync_batch_size=100 processed_result=89000, speed=3188.76/s totalWork=7
2021-03-23 20:42:05,201 INFO  [DNFCalculating] log_result_queue_info:1237: calc#1: 排行: try_fetch_result periodly report remaining_qize=17 sync_batch_size=100 processed_result=89100, speed=3192.23/s totalWork=7
2021-03-23 20:42:05,211 INFO  [DNFCalculating] log_result_queue_info:1237: calc#1: 排行: try_fetch_result periodly report remaining_qize=8 sync_batch_size=100 processed_result=90000, speed=3223.32/s totalWork=7
2021-03-23 20:42:05,719 INFO  [DNFCalculating] log_result_queue_info:1237: calc#1: 排行: try_fetch_result_in_background remaining_qize=16 sync_batch_size=100 processed_result=90800, speed=3193.87/s totalWork=7
2021-03-23 20:42:05,720 INFO  [DNFCalculating] log_result_queue_info:1237: calc#1: 排行: try_fetch_result periodly report remaining_qize=15 sync_batch_size=100 processed_result=90900, speed=3197.28/s totalWork=7
2021-03-23 20:42:05,721 INFO  [DNFCalculating] log_result_queue_info:1237: calc#1: 排行: try_fetch_result periodly report remaining_qize=14 sync_batch_size=100 processed_result=91000, speed=3200.68/s totalWork=7
2021-03-23 20:42:05,729 INFO  [DNFCalculating] log_result_queue_info:1237: calc#1: 排行: try_fetch_result periodly report remaining_qize=4 sync_batch_size=100 processed_result=92000, speed=3234.95/s totalWork=7
2021-03-23 20:42:06,234 INFO  [DNFCalculating] log_result_queue_info:1237: calc#1: 排行: try_fetch_result_in_background remaining_qize=18 sync_batch_size=100 processed_result=92400, speed=3192.41/s totalWork=7
2021-03-23 20:42:06,235 INFO  [DNFCalculating] log_result_queue_info:1237: calc#1: 排行: try_fetch_result periodly report remaining_qize=17 sync_batch_size=100 processed_result=92500, speed=3195.76/s totalWork=7
2021-03-23 20:42:06,239 INFO  [DNFCalculating] log_result_queue_info:1237: calc#1: 排行: try_fetch_result periodly report remaining_qize=12 sync_batch_size=100 processed_result=93000, speed=3212.59/s totalWork=7
2021-03-23 20:42:06,246 INFO  [DNFCalculating] log_result_queue_info:1237: calc#1: 排行: try_fetch_result periodly report remaining_qize=3 sync_batch_size=100 processed_result=94000, speed=3246.35/s totalWork=7
2021-03-23 20:42:06,750 INFO  [DNFCalculating] log_result_queue_info:1237: calc#1: 排行: try_fetch_result_in_background remaining_qize=18 sync_batch_size=100 processed_result=94300, speed=3201.00/s totalWork=7
2021-03-23 20:42:06,751 INFO  [DNFCalculating] log_result_queue_info:1237: calc#1: 排行: try_fetch_result periodly report remaining_qize=17 sync_batch_size=100 processed_result=94400, speed=3204.28/s totalWork=7
2021-03-23 20:42:06,755 INFO  [DNFCalculating] log_result_queue_info:1237: calc#1: 排行: try_fetch_result periodly report remaining_qize=12 sync_batch_size=100 processed_result=95000, speed=3224.21/s totalWork=7
2021-03-23 20:42:06,762 INFO  [DNFCalculating] log_result_queue_info:1237: calc#1: 排行: try_fetch_result periodly report remaining_qize=2 sync_batch_size=100 processed_result=96000, speed=3257.27/s totalWork=7
2021-03-23 20:42:07,266 INFO  [DNFCalculating] log_result_queue_info:1237: calc#1: 排行: try_fetch_result_in_background remaining_qize=15 sync_batch_size=100 processed_result=96200, speed=3209.27/s totalWork=7
2021-03-23 20:42:07,267 INFO  [DNFCalculating] log_result_queue_info:1237: calc#1: 排行: try_fetch_result periodly report remaining_qize=14 sync_batch_size=100 processed_result=96300, speed=3212.49/s totalWork=7
2021-03-23 20:42:07,273 INFO  [DNFCalculating] log_result_queue_info:1237: calc#1: 排行: try_fetch_result periodly report remaining_qize=7 sync_batch_size=100 processed_result=97000, speed=3235.20/s totalWork=7
2021-03-23 20:42:07,779 INFO  [DNFCalculating] log_result_queue_info:1237: calc#1: 排行: try_fetch_result_in_background remaining_qize=19 sync_batch_size=100 processed_result=97700, speed=3204.46/s totalWork=7
2021-03-23 20:42:07,780 INFO  [DNFCalculating] log_result_queue_info:1237: calc#1: 排行: try_fetch_result periodly report remaining_qize=18 sync_batch_size=100 processed_result=97800, speed=3207.63/s totalWork=7
2021-03-23 20:42:07,782 INFO  [DNFCalculating] log_result_queue_info:1237: calc#1: 排行: try_fetch_result periodly report remaining_qize=16 sync_batch_size=100 processed_result=98000, speed=3213.98/s totalWork=7
2021-03-23 20:42:07,790 INFO  [DNFCalculating] log_result_queue_info:1237: calc#1: 排行: try_fetch_result periodly report remaining_qize=7 sync_batch_size=100 processed_result=99000, speed=3245.93/s totalWork=7
2021-03-23 20:42:08,296 INFO  [DNFCalculating] log_result_queue_info:1237: calc#1: 排行: try_fetch_result_in_background remaining_qize=15 sync_batch_size=100 processed_result=99700, speed=3215.51/s totalWork=7
2021-03-23 20:42:08,297 INFO  [DNFCalculating] log_result_queue_info:1237: calc#1: 排行: try_fetch_result periodly report remaining_qize=14 sync_batch_size=100 processed_result=99800, speed=3218.63/s totalWork=7
2021-03-23 20:42:08,299 INFO  [DNFCalculating] log_result_queue_info:1237: calc#1: 排行: try_fetch_result periodly report remaining_qize=12 sync_batch_size=100 processed_result=100000, speed=3224.88/s totalWork=7
2021-03-23 20:42:08,306 INFO  [DNFCalculating] log_result_queue_info:1237: calc#1: 排行: try_fetch_result periodly report remaining_qize=2 sync_batch_size=100 processed_result=101000, speed=3256.39/s totalWork=7
2021-03-23 20:42:08,811 INFO  [DNFCalculating] log_result_queue_info:1237: calc#1: 排行: try_fetch_result_in_background remaining_qize=19 sync_batch_size=100 processed_result=101200, speed=3210.60/s totalWork=7
2021-03-23 20:42:08,812 INFO  [DNFCalculating] log_result_queue_info:1237: calc#1: 排行: try_fetch_result periodly report remaining_qize=18 sync_batch_size=100 processed_result=101300, speed=3213.67/s totalWork=7
2021-03-23 20:42:08,821 INFO  [DNFCalculating] log_result_queue_info:1237: calc#1: 排行: try_fetch_result periodly report remaining_qize=11 sync_batch_size=100 processed_result=102000, speed=3234.95/s totalWork=7
2021-03-23 20:42:08,831 INFO  [DNFCalculating] log_result_queue_info:1237: calc#1: 排行: try_fetch_result periodly report remaining_qize=1 sync_batch_size=100 processed_result=103000, speed=3265.53/s totalWork=7
2021-03-23 20:42:09,334 INFO  [DNFCalculating] log_result_queue_info:1237: calc#1: 排行: try_fetch_result_in_background remaining_qize=15 sync_batch_size=100 processed_result=103100, speed=3217.47/s totalWork=7
2021-03-23 20:42:09,335 INFO  [DNFCalculating] log_result_queue_info:1237: calc#1: 排行: try_fetch_result periodly report remaining_qize=14 sync_batch_size=100 processed_result=103200, speed=3220.49/s totalWork=7
2021-03-23 20:42:09,342 INFO  [DNFCalculating] log_result_queue_info:1237: calc#1: 排行: try_fetch_result periodly report remaining_qize=6 sync_batch_size=100 processed_result=104000, speed=3244.75/s totalWork=7
2021-03-23 20:42:09,848 INFO  [DNFCalculating] log_result_queue_info:1237: calc#1: 排行: try_fetch_result_in_background remaining_qize=17 sync_batch_size=100 processed_result=104600, speed=3212.77/s totalWork=7
2021-03-23 20:42:09,849 INFO  [DNFCalculating] log_result_queue_info:1237: calc#1: 排行: try_fetch_result periodly report remaining_qize=16 sync_batch_size=100 processed_result=104700, speed=3215.74/s totalWork=7
2021-03-23 20:42:09,852 INFO  [DNFCalculating] log_result_queue_info:1237: calc#1: 排行: try_fetch_result periodly report remaining_qize=13 sync_batch_size=100 processed_result=105000, speed=3224.66/s totalWork=7
2021-03-23 20:42:09,860 INFO  [DNFCalculating] log_result_queue_info:1237: calc#1: 排行: try_fetch_result periodly report remaining_qize=4 sync_batch_size=100 processed_result=106000, speed=3254.57/s totalWork=7
2021-03-23 20:42:10,364 INFO  [DNFCalculating] log_result_queue_info:1237: calc#1: 排行: try_fetch_result_in_background remaining_qize=16 sync_batch_size=100 processed_result=106400, speed=3217.05/s totalWork=7
2021-03-23 20:42:10,365 INFO  [DNFCalculating] log_result_queue_info:1237: calc#1: 排行: try_fetch_result periodly report remaining_qize=15 sync_batch_size=100 processed_result=106500, speed=3219.98/s totalWork=7
2021-03-23 20:42:10,369 INFO  [DNFCalculating] log_result_queue_info:1237: calc#1: 排行: try_fetch_result periodly report remaining_qize=10 sync_batch_size=100 processed_result=107000, speed=3234.70/s totalWork=7
2021-03-23 20:42:10,376 INFO  [DNFCalculating] log_result_queue_info:1237: calc#1: 排行: try_fetch_result periodly report remaining_qize=0 sync_batch_size=100 processed_result=108000, speed=3264.25/s totalWork=7
2021-03-23 20:42:10,877 INFO  [DNFCalculating] log_result_queue_info:1237: calc#1: 排行: try_fetch_result_in_background remaining_qize=16 sync_batch_size=100 processed_result=108000, speed=3215.49/s totalWork=7
2021-03-23 20:42:10,878 INFO  [DNFCalculating] log_result_queue_info:1237: calc#1: 排行: try_fetch_result periodly report remaining_qize=15 sync_batch_size=100 processed_result=108100, speed=3218.37/s totalWork=7
2021-03-23 20:42:10,885 INFO  [DNFCalculating] log_result_queue_info:1237: calc#1: 排行: try_fetch_result periodly report remaining_qize=7 sync_batch_size=100 processed_result=109000, speed=3244.49/s totalWork=7
2021-03-23 20:42:11,393 INFO  [DNFCalculating] log_result_queue_info:1237: calc#1: 排行: try_fetch_result_in_background remaining_qize=15 sync_batch_size=100 processed_result=109700, speed=3216.76/s totalWork=7
2021-03-23 20:42:11,394 INFO  [DNFCalculating] log_result_queue_info:1237: calc#1: 排行: try_fetch_result periodly report remaining_qize=14 sync_batch_size=100 processed_result=109800, speed=3219.60/s totalWork=7
2021-03-23 20:42:11,396 INFO  [DNFCalculating] log_result_queue_info:1237: calc#1: 排行: try_fetch_result periodly report remaining_qize=12 sync_batch_size=100 processed_result=110000, speed=3225.28/s totalWork=7
2021-03-23 20:42:11,404 INFO  [DNFCalculating] log_result_queue_info:1237: calc#1: 排行: try_fetch_result periodly report remaining_qize=2 sync_batch_size=100 processed_result=111000, speed=3253.84/s totalWork=7
2021-03-23 20:42:11,906 INFO  [DNFCalculating] log_result_queue_info:1237: calc#1: 排行: try_fetch_result_in_background remaining_qize=18 sync_batch_size=100 processed_result=111200, speed=3212.41/s totalWork=7
2021-03-23 20:42:11,910 INFO  [DNFCalculating] log_result_queue_info:1237: calc#1: 排行: try_fetch_result periodly report remaining_qize=17 sync_batch_size=100 processed_result=111300, speed=3214.93/s totalWork=7
2021-03-23 20:42:11,916 INFO  [DNFCalculating] log_result_queue_info:1237: calc#1: 排行: try_fetch_result periodly report remaining_qize=10 sync_batch_size=100 processed_result=112000, speed=3234.59/s totalWork=7
2021-03-23 20:42:11,925 INFO  [DNFCalculating] log_result_queue_info:1237: calc#1: 排行: try_fetch_result periodly report remaining_qize=0 sync_batch_size=100 processed_result=113000, speed=3262.62/s totalWork=7
2021-03-23 20:42:12,426 INFO  [DNFCalculating] log_result_queue_info:1237: calc#1: 排行: try_fetch_result_in_background remaining_qize=14 sync_batch_size=100 processed_result=113000, speed=3216.08/s totalWork=7
2021-03-23 20:42:12,427 INFO  [DNFCalculating] log_result_queue_info:1237: calc#1: 排行: try_fetch_result periodly report remaining_qize=13 sync_batch_size=100 processed_result=113100, speed=3218.84/s totalWork=7
2021-03-23 20:42:12,434 INFO  [DNFCalculating] log_result_queue_info:1237: calc#1: 排行: try_fetch_result periodly report remaining_qize=4 sync_batch_size=100 processed_result=114000, speed=3243.81/s totalWork=7
2021-03-23 20:42:12,938 INFO  [DNFCalculating] log_result_queue_info:1237: calc#1: 排行: try_fetch_result_in_background remaining_qize=17 sync_batch_size=100 processed_result=114400, speed=3209.19/s totalWork=7
2021-03-23 20:42:12,939 INFO  [DNFCalculating] log_result_queue_info:1237: calc#1: 排行: try_fetch_result periodly report remaining_qize=16 sync_batch_size=100 processed_result=114500, speed=3211.91/s totalWork=7
2021-03-23 20:42:12,943 INFO  [DNFCalculating] log_result_queue_info:1237: calc#1: 排行: try_fetch_result periodly report remaining_qize=11 sync_batch_size=100 processed_result=115000, speed=3225.57/s totalWork=7
2021-03-23 20:42:12,951 INFO  [DNFCalculating] log_result_queue_info:1237: calc#1: 排行: try_fetch_result periodly report remaining_qize=1 sync_batch_size=100 processed_result=116000, speed=3252.80/s totalWork=7
2021-03-23 20:42:13,454 INFO  [DNFCalculating] log_result_queue_info:1237: calc#1: 排行: try_fetch_result_in_background remaining_qize=17 sync_batch_size=100 processed_result=116100, speed=3210.41/s totalWork=7
2021-03-23 20:42:13,455 INFO  [DNFCalculating] log_result_queue_info:1237: calc#1: 排行: try_fetch_result periodly report remaining_qize=16 sync_batch_size=100 processed_result=116200, speed=3213.08/s totalWork=7
2021-03-23 20:42:13,461 INFO  [DNFCalculating] log_result_queue_info:1237: calc#1: 排行: try_fetch_result periodly report remaining_qize=8 sync_batch_size=100 processed_result=117000, speed=3234.67/s totalWork=7
2021-03-23 20:42:13,971 INFO  [DNFCalculating] log_result_queue_info:1237: calc#1: 排行: try_fetch_result_in_background remaining_qize=15 sync_batch_size=100 processed_result=117900, speed=3214.22/s totalWork=7
2021-03-23 20:42:13,972 INFO  [DNFCalculating] log_result_queue_info:1237: calc#1: 排行: try_fetch_result periodly report remaining_qize=14 sync_batch_size=100 processed_result=118000, speed=3216.86/s totalWork=7
2021-03-23 20:42:13,983 INFO  [DNFCalculating] log_result_queue_info:1237: calc#1: 排行: try_fetch_result periodly report remaining_qize=4 sync_batch_size=100 processed_result=119000, speed=3243.15/s totalWork=7
2021-03-23 20:42:14,487 INFO  [DNFCalculating] log_result_queue_info:1237: calc#1: 排行: try_fetch_result_in_background remaining_qize=18 sync_batch_size=100 processed_result=119400, speed=3209.89/s totalWork=7
2021-03-23 20:42:14,488 INFO  [DNFCalculating] log_result_queue_info:1237: calc#1: 排行: try_fetch_result periodly report remaining_qize=18 sync_batch_size=100 processed_result=119500, speed=3212.50/s totalWork=7
2021-03-23 20:42:14,492 INFO  [DNFCalculating] log_result_queue_info:1237: calc#1: 排行: try_fetch_result periodly report remaining_qize=13 sync_batch_size=100 processed_result=120000, speed=3225.59/s totalWork=7
2021-03-23 20:42:14,500 INFO  [DNFCalculating] log_result_queue_info:1237: calc#1: 排行: try_fetch_result periodly report remaining_qize=3 sync_batch_size=100 processed_result=121000, speed=3251.78/s totalWork=7
2021-03-23 20:42:15,004 INFO  [DNFCalculating] log_result_queue_info:1237: calc#1: 排行: try_fetch_result_in_background remaining_qize=15 sync_batch_size=100 processed_result=121300, speed=3216.34/s totalWork=7
2021-03-23 20:42:15,005 INFO  [DNFCalculating] log_result_queue_info:1237: calc#1: 排行: try_fetch_result periodly report remaining_qize=14 sync_batch_size=100 processed_result=121400, speed=3218.91/s totalWork=7
2021-03-23 20:42:15,010 INFO  [DNFCalculating] log_result_queue_info:1237: calc#1: 排行: try_fetch_result periodly report remaining_qize=8 sync_batch_size=100 processed_result=122000, speed=3234.39/s totalWork=7
2021-03-23 20:42:15,518 INFO  [DNFCalculating] log_result_queue_info:1237: calc#1: 排行: try_fetch_result_in_background remaining_qize=16 sync_batch_size=100 processed_result=122800, speed=3212.26/s totalWork=7
2021-03-23 20:42:15,525 INFO  [DNFCalculating] log_result_queue_info:1237: calc#1: 排行: try_fetch_result periodly report remaining_qize=15 sync_batch_size=100 processed_result=122900, speed=3214.29/s totalWork=7
2021-03-23 20:42:15,526 INFO  [DNFCalculating] log_result_queue_info:1237: calc#1: 排行: try_fetch_result periodly report remaining_qize=14 sync_batch_size=100 processed_result=123000, speed=3216.82/s totalWork=7
2021-03-23 20:42:15,537 INFO  [DNFCalculating] log_result_queue_info:1237: calc#1: 排行: try_fetch_result periodly report remaining_qize=5 sync_batch_size=100 processed_result=124000, speed=3242.04/s totalWork=7
2021-03-23 20:42:16,043 INFO  [DNFCalculating] log_result_queue_info:1237: calc#1: 排行: try_fetch_result_in_background remaining_qize=15 sync_batch_size=100 processed_result=124500, speed=3212.62/s totalWork=7
2021-03-23 20:42:16,045 INFO  [DNFCalculating] log_result_queue_info:1237: calc#1: 排行: try_fetch_result periodly report remaining_qize=14 sync_batch_size=100 processed_result=124600, speed=3215.03/s totalWork=7
2021-03-23 20:42:16,050 INFO  [DNFCalculating] log_result_queue_info:1237: calc#1: 排行: try_fetch_result periodly report remaining_qize=10 sync_batch_size=100 processed_result=125000, speed=3224.94/s totalWork=7
2021-03-23 20:42:16,063 INFO  [DNFCalculating] log_result_queue_info:1237: calc#1: 排行: try_fetch_result periodly report remaining_qize=1 sync_batch_size=100 processed_result=126000, speed=3249.65/s totalWork=7
2021-03-23 20:42:16,566 INFO  [DNFCalculating] log_result_queue_info:1237: calc#1: 排行: try_fetch_result_in_background remaining_qize=16 sync_batch_size=100 processed_result=126100, speed=3210.65/s totalWork=7
2021-03-23 20:42:16,567 INFO  [DNFCalculating] log_result_queue_info:1237: calc#1: 排行: try_fetch_result periodly report remaining_qize=15 sync_batch_size=100 processed_result=126200, speed=3213.11/s totalWork=7
2021-03-23 20:42:16,575 INFO  [DNFCalculating] log_result_queue_info:1237: calc#1: 排行: try_fetch_result periodly report remaining_qize=7 sync_batch_size=100 processed_result=127000, speed=3232.82/s totalWork=7
2021-03-23 20:42:17,081 INFO  [DNFCalculating] log_result_queue_info:1237: calc#1: 排行: try_fetch_result_in_background remaining_qize=16 sync_batch_size=100 processed_result=127800, speed=3211.80/s totalWork=7
2021-03-23 20:42:17,082 INFO  [DNFCalculating] log_result_queue_info:1237: calc#1: 排行: try_fetch_result periodly report remaining_qize=15 sync_batch_size=100 processed_result=127900, speed=3214.23/s totalWork=7
2021-03-23 20:42:17,083 INFO  [DNFCalculating] log_result_queue_info:1237: calc#1: 排行: try_fetch_result periodly report remaining_qize=14 sync_batch_size=100 processed_result=128000, speed=3216.66/s totalWork=7
2021-03-23 20:42:17,091 INFO  [DNFCalculating] log_result_queue_info:1237: calc#1: 排行: try_fetch_result periodly report remaining_qize=4 sync_batch_size=100 processed_result=129000, speed=3241.14/s totalWork=7
2021-03-23 20:42:17,595 INFO  [DNFCalculating] log_result_queue_info:1237: calc#1: 排行: try_fetch_result_in_background remaining_qize=16 sync_batch_size=100 processed_result=129400, speed=3210.48/s totalWork=7
2021-03-23 20:42:17,596 INFO  [DNFCalculating] log_result_queue_info:1237: calc#1: 排行: try_fetch_result periodly report remaining_qize=15 sync_batch_size=100 processed_result=129500, speed=3212.89/s totalWork=7
2021-03-23 20:42:17,600 INFO  [DNFCalculating] log_result_queue_info:1237: calc#1: 排行: try_fetch_result periodly report remaining_qize=10 sync_batch_size=100 processed_result=130000, speed=3224.97/s totalWork=7
2021-03-23 20:42:17,608 INFO  [DNFCalculating] log_result_queue_info:1237: calc#1: 排行: try_fetch_result periodly report remaining_qize=0 sync_batch_size=100 processed_result=131000, speed=3249.14/s totalWork=7
2021-03-23 20:42:18,110 INFO  [DNFCalculating] log_result_queue_info:1237: calc#1: 排行: try_fetch_result_in_background remaining_qize=18 sync_batch_size=100 processed_result=131000, speed=3209.23/s totalWork=7
2021-03-23 20:42:18,111 INFO  [DNFCalculating] log_result_queue_info:1237: calc#1: 排行: try_fetch_result periodly report remaining_qize=17 sync_batch_size=100 processed_result=131100, speed=3211.60/s totalWork=7
2021-03-23 20:42:18,119 INFO  [DNFCalculating] log_result_queue_info:1237: calc#1: 排行: try_fetch_result periodly report remaining_qize=8 sync_batch_size=100 processed_result=132000, speed=3233.01/s totalWork=7
2021-03-23 20:42:18,128 INFO  [DNFCalculating] log_result_queue_info:1237: calc#1: 排行: try_fetch_result periodly report remaining_qize=0 sync_batch_size=100 processed_result=133000, speed=3256.79/s totalWork=7
2021-03-23 20:42:18,629 INFO  [DNFCalculating] log_result_queue_info:1237: calc#1: 排行: try_fetch_result_in_background remaining_qize=14 sync_batch_size=100 processed_result=133000, speed=3217.27/s totalWork=7
2021-03-23 20:42:18,630 INFO  [DNFCalculating] log_result_queue_info:1237: calc#1: 排行: try_fetch_result periodly report remaining_qize=13 sync_batch_size=100 processed_result=133100, speed=3219.61/s totalWork=7
2021-03-23 20:42:18,638 INFO  [DNFCalculating] log_result_queue_info:1237: calc#1: 排行: try_fetch_result periodly report remaining_qize=4 sync_batch_size=100 processed_result=134000, speed=3240.79/s totalWork=7
2021-03-23 20:42:19,143 INFO  [DNFCalculating] log_result_queue_info:1237: calc#1: 排行: try_fetch_result_in_background remaining_qize=17 sync_batch_size=100 processed_result=134400, speed=3211.26/s totalWork=7
2021-03-23 20:42:19,144 INFO  [DNFCalculating] log_result_queue_info:1237: calc#1: 排行: try_fetch_result periodly report remaining_qize=16 sync_batch_size=100 processed_result=134500, speed=3213.57/s totalWork=7
2021-03-23 20:42:19,148 INFO  [DNFCalculating] log_result_queue_info:1237: calc#1: 排行: try_fetch_result periodly report remaining_qize=11 sync_batch_size=100 processed_result=135000, speed=3225.21/s totalWork=7
2021-03-23 20:42:19,157 INFO  [DNFCalculating] log_result_queue_info:1237: calc#1: 排行: try_fetch_result periodly report remaining_qize=1 sync_batch_size=100 processed_result=136000, speed=3248.48/s totalWork=7
2021-03-23 20:42:19,659 INFO  [DNFCalculating] log_result_queue_info:1237: calc#1: 排行: try_fetch_result_in_background remaining_qize=15 sync_batch_size=100 processed_result=136100, speed=3212.26/s totalWork=7
2021-03-23 20:42:19,660 INFO  [DNFCalculating] log_result_queue_info:1237: calc#1: 排行: try_fetch_result periodly report remaining_qize=14 sync_batch_size=100 processed_result=136200, speed=3214.55/s totalWork=7
2021-03-23 20:42:19,667 INFO  [DNFCalculating] log_result_queue_info:1237: calc#1: 排行: try_fetch_result periodly report remaining_qize=7 sync_batch_size=100 processed_result=137000, speed=3232.90/s totalWork=7
2021-03-23 20:42:20,175 INFO  [DNFCalculating] log_result_queue_info:1237: calc#1: 排行: try_fetch_result_in_background remaining_qize=13 sync_batch_size=100 processed_result=137700, speed=3210.87/s totalWork=7
2021-03-23 20:42:20,176 INFO  [DNFCalculating] log_result_queue_info:1237: calc#1: 排行: try_fetch_result periodly report remaining_qize=12 sync_batch_size=100 processed_result=137800, speed=3213.13/s totalWork=7
2021-03-23 20:42:20,178 INFO  [DNFCalculating] log_result_queue_info:1237: calc#1: 排行: try_fetch_result periodly report remaining_qize=10 sync_batch_size=100 processed_result=138000, speed=3217.65/s totalWork=7
2021-03-23 20:42:20,187 INFO  [DNFCalculating] log_result_queue_info:1237: calc#1: 排行: try_fetch_result periodly report remaining_qize=0 sync_batch_size=100 processed_result=139000, speed=3240.28/s totalWork=7
2021-03-23 20:42:20,689 INFO  [DNFCalculating] log_result_queue_info:1237: calc#1: 排行: try_fetch_result_in_background remaining_qize=15 sync_batch_size=100 processed_result=139000, speed=3202.86/s totalWork=7
2021-03-23 20:42:20,690 INFO  [DNFCalculating] log_result_queue_info:1237: calc#1: 排行: try_fetch_result periodly report remaining_qize=15 sync_batch_size=100 processed_result=139100, speed=3205.09/s totalWork=7
2021-03-23 20:42:20,698 INFO  [DNFCalculating] log_result_queue_info:1237: calc#1: 排行: try_fetch_result periodly report remaining_qize=6 sync_batch_size=100 processed_result=140000, speed=3225.24/s totalWork=7
2021-03-23 20:42:21,203 INFO  [DNFCalculating] log_result_queue_info:1237: calc#1: 排行: try_fetch_result_in_background remaining_qize=17 sync_batch_size=100 processed_result=140600, speed=3201.80/s totalWork=7
2021-03-23 20:42:21,204 INFO  [DNFCalculating] log_result_queue_info:1237: calc#1: 排行: try_fetch_result periodly report remaining_qize=16 sync_batch_size=100 processed_result=140700, speed=3204.00/s totalWork=7
2021-03-23 20:42:21,207 INFO  [DNFCalculating] log_result_queue_info:1237: calc#1: 排行: try_fetch_result periodly report remaining_qize=13 sync_batch_size=100 processed_result=141000, speed=3210.69/s totalWork=7
2021-03-23 20:42:21,216 INFO  [DNFCalculating] log_result_queue_info:1237: calc#1: 排行: try_fetch_result periodly report remaining_qize=4 sync_batch_size=100 processed_result=142000, speed=3232.72/s totalWork=7
2021-03-23 20:42:21,720 INFO  [DNFCalculating] log_result_queue_info:1237: calc#1: 排行: try_fetch_result_in_background remaining_qize=12 sync_batch_size=100 processed_result=142383, speed=3204.62/s totalWork=7
2021-03-23 20:42:21,721 INFO  [DNFCalculating] log_result_queue_info:1237: calc#1: 排行: try_fetch_result periodly report remaining_qize=11 sync_batch_size=100 processed_result=142483, speed=3206.80/s totalWork=7
2021-03-23 20:42:21,726 INFO  [DNFCalculating] log_result_queue_info:1237: calc#1: 排行: try_fetch_result periodly report remaining_qize=5 sync_batch_size=100 processed_result=143066, speed=3219.56/s totalWork=7
2021-03-23 20:42:22,232 INFO  [DNFCalculating] log_result_queue_info:1237: calc#1: 排行: try_fetch_result_in_background remaining_qize=14 sync_batch_size=100 processed_result=143566, speed=3194.49/s totalWork=7
2021-03-23 20:42:22,233 INFO  [DNFCalculating] log_result_queue_info:1237: calc#1: 排行: try_fetch_result periodly report remaining_qize=13 sync_batch_size=100 processed_result=143666, speed=3196.64/s totalWork=7
2021-03-23 20:42:22,237 INFO  [DNFCalculating] log_result_queue_info:1237: calc#1: 排行: try_fetch_result periodly report remaining_qize=9 sync_batch_size=100 processed_result=144066, speed=3205.26/s totalWork=7
2021-03-23 20:42:22,745 INFO  [DNFCalculating] log_result_queue_info:1237: calc#1: 排行: try_fetch_result_in_background remaining_qize=14 sync_batch_size=100 processed_result=144966, speed=3189.23/s totalWork=7
2021-03-23 20:42:22,746 INFO  [DNFCalculating] log_result_queue_info:1237: calc#1: 排行: try_fetch_result periodly report remaining_qize=13 sync_batch_size=100 processed_result=145066, speed=3191.36/s totalWork=7
2021-03-23 20:42:22,752 INFO  [DNFCalculating] log_result_queue_info:1237: calc#1: 排行: try_fetch_result periodly report remaining_qize=3 sync_batch_size=100 processed_result=146049, speed=3212.56/s totalWork=7
2021-03-23 20:42:23,184 WARNI [DNFCalculating] 计算线程:1336: 所有工作线程均已完成计算，总计用时=46.25s
2021-03-23 20:42:23,256 INFO  [DNFCalculating] log_result_queue_info:1237: calc#1: 排行: after join remaining_qize=6 sync_batch_size=100 processed_result=146315, speed=3183.10/s totalWork=7
2021-03-23 20:42:23,257 INFO  [DNFCalculating] log_result_queue_info:1237: calc#1: 排行: try_fetch_result periodly report remaining_qize=5 sync_batch_size=100 processed_result=146415, speed=3185.21/s totalWork=7
2021-03-23 20:42:23,260 INFO  [DNFCalculating] log_result_queue_info:1237: calc#1: 排行: after final remaining_qize=0 sync_batch_size=100 processed_result=146880, speed=3195.12/s totalWork=7
2021-03-23 20:43:25,237 INFO  [DNFCalculating] 计算线程:1224: 开始计算
2021-03-23 20:43:25,590 INFO  [DNFCalculating] log_result_queue_info:1237: calc#2: 排行: try_fetch_result_in_background remaining_qize=0 sync_batch_size=100 processed_result=0, speed=0.00/s totalWork=1
2021-03-23 20:43:25,610 WARNI [DNFCalculating] 计算线程:1336: 所有工作线程均已完成计算，总计用时=0.37s
2021-03-23 20:43:26,092 INFO  [DNFCalculating] log_result_queue_info:1237: calc#2: 排行: after join remaining_qize=1 sync_batch_size=100 processed_result=0, speed=0.00/s totalWork=1
2021-03-23 20:43:26,093 INFO  [DNFCalculating] log_result_queue_info:1237: calc#2: 排行: after final remaining_qize=0 sync_batch_size=100 processed_result=1, speed=1.98/s totalWork=1
2021-03-23 20:43:34,934 INFO  [DNFCalculating] 计算线程:1224: 开始计算
2021-03-23 20:43:35,287 INFO  [DNFCalculating] log_result_queue_info:1237: calc#3: 排行: try_fetch_result_in_background remaining_qize=0 sync_batch_size=100 processed_result=0, speed=0.00/s totalWork=1
2021-03-23 20:43:35,291 WARNI [DNFCalculating] 计算线程:1336: 所有工作线程均已完成计算，总计用时=0.36s
2021-03-23 20:43:35,789 INFO  [DNFCalculating] log_result_queue_info:1237: calc#3: 排行: after join remaining_qize=1 sync_batch_size=100 processed_result=0, speed=0.00/s totalWork=1
2021-03-23 20:43:35,790 INFO  [DNFCalculating] log_result_queue_info:1237: calc#3: 排行: after final remaining_qize=0 sync_batch_size=100 processed_result=1, speed=1.98/s totalWork=1
2021-03-23 20:43:44,845 INFO  [DNFCalculating] 计算线程:1224: 开始计算
2021-03-23 20:43:45,209 INFO  [DNFCalculating] log_result_queue_info:1237: calc#4: 排行: try_fetch_result_in_background remaining_qize=0 sync_batch_size=100 processed_result=0, speed=0.00/s totalWork=1
2021-03-23 20:43:45,212 WARNI [DNFCalculating] 计算线程:1336: 所有工作线程均已完成计算，总计用时=0.37s
2021-03-23 20:43:45,711 INFO  [DNFCalculating] log_result_queue_info:1237: calc#4: 排行: after join remaining_qize=1 sync_batch_size=100 processed_result=0, speed=0.00/s totalWork=1
2021-03-23 20:43:45,712 INFO  [DNFCalculating] log_result_queue_info:1237: calc#4: 排行: after final remaining_qize=0 sync_batch_size=100 processed_result=1, speed=1.98/s totalWork=1
